<?xml version="1.0" encoding="UTF-8"?>
<testsuites name="Data Entries and Pages Test Suite" time="23.371" tests="1" failures="0" errors="0">
   <testsuite name="Data Entries and Pages Test Suite" tests="1" failures="0" errors="0" time="23.371" skipped="0" timestamp="05-01-2024T11:00:17" hostname="USER - DESKTOP-HLRVE9S" id="Test Suites/Create BE User Data/Data Entries and Pages Test Suite">
      <properties>
         <property name="deviceName" value=""/>
         <property name="devicePlatform" value=""/>
         <property name="logFolder" value="C:\\Users\\USER\\git\\Kecilin-Automation-Test\\Reports\\20240105_105657\\Create BE User Data\\Data Entries and Pages Test Suite\\20240105_105703"/>
         <property name="logFiles" value="C:\\Users\\USER\\git\\Kecilin-Automation-Test\\Reports\\20240105_105657\\Create BE User Data\\Data Entries and Pages Test Suite\\20240105_105703\\execution0.log"/>
         <property name="attachments" value=""/>
         <property name="hostName" value="USER - DESKTOP-HLRVE9S"/>
         <property name="os" value="Windows 10 64bit"/>
         <property name="katalonVersion" value="9.2.0.212"/>
         <property name="browser" value="Chrome 120.0.0.0"/>
         <property name="hostAddress" value="192.168.100.66"/>
         <property name="sessionId" value="793692bf1687803776f6ef67286a674f"/>
         <property name="seleniumVersion" value="3.141.59"/>
         <property name="proxyInformation" value="ProxyInformation { proxyOption=NO_PROXY, proxyServerType=HTTP, username=, password=********, proxyServerAddress=, proxyServerPort=0, executionList=&quot;&quot;, isApplyToDesiredCapabilities=true }"/>
         <property name="platform" value="Windows 10"/>
      </properties>
      <testcase name="Test Cases/Offline PSSI Dashboard Function/Create BE User Data/Data Entries and Pages/PSSIUserDataTableEntriesAndPages" time="23.072" classname="Test Cases/Offline PSSI Dashboard Function/Create BE User Data/Data Entries and Pages/PSSIUserDataTableEntriesAndPages" status="PASSED">
         <system-out><![CDATA[05-01-2024T11:00:17 - [TEST_CASE][PASSED] - Test Cases/Offline PSSI Dashboard Function/Create BE User Data/Data Entries and Pages/PSSIUserDataTableEntriesAndPages: Test Cases/Offline PSSI Dashboard Function/Create BE User Data/Data Entries and Pages/PSSIUserDataTableEntriesAndPages

05-01-2024T11:00:17 - [TEST_STEP][PASSED] - baseUrl = offline_pssi_dashboard_url: null

05-01-2024T11:00:18 - [TEST_STEP][PASSED] - callTestCase(findTestCase("Offline PSSI Dashboard Function/Create BE User Data/View User Data/Positive Test Case/PSSIViewUserData"), [:]): Call Test Case 'Test Cases/Offline PSSI Dashboard Function/Create BE User Data/View User Data/Positive Test Case/PSSIViewUserData' successfully

05-01-2024T11:00:18 - [TEST_CASE][PASSED] - Test Cases/Offline PSSI Dashboard Function/Create BE User Data/View User Data/Positive Test Case/PSSIViewUserData: Test Cases/Offline PSSI Dashboard Function/Create BE User Data/View User Data/Positive Test Case/PSSIViewUserData

05-01-2024T11:00:19 - [TEST_STEP][PASSED] - baseUrl = offline_pssi_dashboard_url: null

05-01-2024T11:00:19 - [TEST_STEP][PASSED] - callTestCase(findTestCase("Offline PSSI Dashboard Function/Sign In/PSSISignInValidData"), [:]): Call Test Case 'Test Cases/Offline PSSI Dashboard Function/Sign In/PSSISignInValidData' successfully

05-01-2024T11:00:19 - [TEST_CASE][PASSED] - Test Cases/Offline PSSI Dashboard Function/Sign In/PSSISignInValidData: Test Cases/Offline PSSI Dashboard Function/Sign In/PSSISignInValidData

05-01-2024T11:00:19 - [TEST_STEP][PASSED] - failureHandling = STOP_ON_FAILURE: null

05-01-2024T11:00:19 - [TEST_STEP][PASSED] - baseUrl = offline_pssi_dashboard_url: null

05-01-2024T11:00:19 - [TEST_STEP][PASSED] - openBrowser(""): Browser is opened with url: ''

05-01-2024T11:00:19 - [MESSAGE][INFO] - Starting 'Chrome' driver

05-01-2024T11:00:19 - [MESSAGE][INFO] - Action delay is set to 0 milliseconds

05-01-2024T11:00:22 - [MESSAGE][PASSED] - Browser is opened with url: ''

05-01-2024T11:00:22 - [TEST_STEP][PASSED] - navigateToUrl(baseUrl): Navigate to 'https://monitoring.pssi-dev.kecilin.id' successfully

05-01-2024T11:00:23 - [MESSAGE][PASSED] - Navigate to 'https://monitoring.pssi-dev.kecilin.id' successfully

05-01-2024T11:00:23 - [TEST_STEP][PASSED] - maximizeWindow(): Current window maximized

05-01-2024T11:00:23 - [MESSAGE][PASSED] - Current window maximized

05-01-2024T11:00:23 - [TEST_STEP][PASSED] - setText(findTestObject("Object Repository/Page_Login/input_email"), "superadmin@app.com"): Text 'superadmin@app.com' is set on object 'Object Repository/Page_Login/input_email'

05-01-2024T11:00:25 - [MESSAGE][PASSED] - Text 'superadmin@app.com' is set on object 'Object Repository/Page_Login/input_email'

05-01-2024T11:00:25 - [TEST_STEP][PASSED] - setEncryptedText(findTestObject("Object Repository/Page_Login/input_password"), "8SQVv/p9jVScEs4/2CZsLw=="): Text ****** has been set on object 'Object Repository/Page_Login/input_password'

05-01-2024T11:00:25 - [MESSAGE][PASSED] - Text ****** has been set on object 'Object Repository/Page_Login/input_password'

05-01-2024T11:00:25 - [TEST_STEP][PASSED] - click(findTestObject("Object Repository/Page_Login/button_Sign In")): Object: 'Object Repository/Page_Login/button_Sign In' is clicked on

05-01-2024T11:00:27 - [MESSAGE][PASSED] - Object: 'Object Repository/Page_Login/button_Sign In' is clicked on

05-01-2024T11:00:27 - [MESSAGE][PASSED] - Call Test Case 'Test Cases/Offline PSSI Dashboard Function/Sign In/PSSISignInValidData' successfully

05-01-2024T11:00:27 - [TEST_STEP][PASSED] - navigateToUrl(baseUrl + "/data_user"): Navigate to 'https://monitoring.pssi-dev.kecilin.id/data_user' successfully

05-01-2024T11:00:28 - [MESSAGE][PASSED] - Navigate to 'https://monitoring.pssi-dev.kecilin.id/data_user' successfully

05-01-2024T11:00:28 - [MESSAGE][PASSED] - Call Test Case 'Test Cases/Offline PSSI Dashboard Function/Create BE User Data/View User Data/Positive Test Case/PSSIViewUserData' successfully

05-01-2024T11:00:28 - [TEST_STEP][PASSED] - verifyElementClickable(findTestObject("Object Repository/Page_CCTV/Data Entries Option")): Object 'Object Repository/Page_CCTV/Data Entries Option' is clickable

05-01-2024T11:00:29 - [MESSAGE][PASSED] - Object 'Object Repository/Page_CCTV/Data Entries Option' is clickable

05-01-2024T11:00:29 - [TEST_STEP][PASSED] - selectOptionByValue(findTestObject("Object Repository/Page_CCTV/Data Entries Option"), "100", true): All options with value '100' are selected in object 'Object Repository/Page_CCTV/Data Entries Option'  using regular expression

05-01-2024T11:00:30 - [MESSAGE][PASSED] - All options with value '100' are selected in object 'Object Repository/Page_CCTV/Data Entries Option'  using regular expression

05-01-2024T11:00:30 - [TEST_STEP][PASSED] - scrollToElement(findTestObject("Page_CCTV/page 1"), 1): Scroll to object 'Object Repository/Page_CCTV/page 1' successfully

05-01-2024T11:00:33 - [MESSAGE][PASSED] - Scroll to object 'Object Repository/Page_CCTV/page 1' successfully

05-01-2024T11:00:33 - [TEST_STEP][PASSED] - page1Object = findTestObject("Object Repository/Page_CCTV/page 1"): null

05-01-2024T11:00:33 - [TEST_STEP][PASSED] - page1Object.addProperty("css", EQUALS, "li.paginate_button.page-item.active > a.page-link"): null

05-01-2024T11:00:33 - [TEST_STEP][PASSED] - is1Active = verifyElementPresent(page1Object, 3): Object 'Object Repository/Page_CCTV/page 1' is present

05-01-2024T11:00:33 - [MESSAGE][PASSED] - Object 'Object Repository/Page_CCTV/page 1' is present

05-01-2024T11:00:33 - [TEST_STEP][PASSED] - if (is1Active): Test passed because user still on page 1

05-01-2024T11:00:33 - [TEST_STEP][PASSED] - markPassed("Test passed because user still on page 1"): Test passed because user still on page 1

05-01-2024T11:00:33 - [MESSAGE][PASSED] - Test passed because user still on page 1

05-01-2024T11:00:33 - [TEST_STEP][PASSED] - scrollToElement(findTestObject("Page_CCTV//Data Entries Option"), 1): Scroll to object 'Object Repository/Page_CCTV//Data Entries Option' successfully

05-01-2024T11:00:33 - [MESSAGE][PASSED] - Scroll to object 'Object Repository/Page_CCTV//Data Entries Option' successfully

05-01-2024T11:00:33 - [TEST_STEP][PASSED] - verifyElementClickable(findTestObject("Object Repository/Page_CCTV/Data Entries Option")): Object 'Object Repository/Page_CCTV/Data Entries Option' is clickable

05-01-2024T11:00:34 - [MESSAGE][PASSED] - Object 'Object Repository/Page_CCTV/Data Entries Option' is clickable

05-01-2024T11:00:34 - [TEST_STEP][PASSED] - selectOptionByValue(findTestObject("Object Repository/Page_CCTV/Data Entries Option"), "10", true): All options with value '10' are selected in object 'Object Repository/Page_CCTV/Data Entries Option'  using regular expression

05-01-2024T11:00:35 - [MESSAGE][PASSED] - All options with value '10' are selected in object 'Object Repository/Page_CCTV/Data Entries Option'  using regular expression

05-01-2024T11:00:35 - [TEST_STEP][PASSED] - scrollToElement(findTestObject("Page_CCTV/page 2"), 1): Scroll to object 'Object Repository/Page_CCTV/page 2' successfully

05-01-2024T11:00:38 - [MESSAGE][PASSED] - Scroll to object 'Object Repository/Page_CCTV/page 2' successfully

05-01-2024T11:00:38 - [TEST_STEP][PASSED] - click(findTestObject("Object Repository/Page_CCTV/page 2")): Object: 'Object Repository/Page_CCTV/page 2' is clicked on

05-01-2024T11:00:38 - [MESSAGE][PASSED] - Object: 'Object Repository/Page_CCTV/page 2' is clicked on

05-01-2024T11:00:38 - [TEST_STEP][PASSED] - page2Object = findTestObject("Object Repository/Page_CCTV/page 2"): null

05-01-2024T11:00:39 - [TEST_STEP][PASSED] - page2Object.addProperty("css", EQUALS, "li.paginate_button.page-item.active > a.page-link"): null

05-01-2024T11:00:39 - [TEST_STEP][PASSED] - is2Active = verifyElementPresent(page2Object, 3): Object 'Object Repository/Page_CCTV/page 2' is present

05-01-2024T11:00:40 - [MESSAGE][PASSED] - Object 'Object Repository/Page_CCTV/page 2' is present

05-01-2024T11:00:40 - [TEST_STEP][PASSED] - if (is2Active): Test passed because user still on page 2

05-01-2024T11:00:40 - [TEST_STEP][PASSED] - markPassed("Test passed because user still on page 2"): Test passed because user still on page 2

05-01-2024T11:00:40 - [MESSAGE][PASSED] - Test passed because user still on page 2

05-01-2024T11:00:40 - [TEST_STEP][PASSED] - closeBrowser(): Browser is closed

05-01-2024T11:00:40 - [MESSAGE][PASSED] - Browser is closed]]></system-out>
         <system-err><![CDATA[]]></system-err>
      </testcase>
      <system-out><![CDATA[05-01-2024T11:00:17 - [TEST_SUITE][PASSED] - Data Entries and Pages Test Suite: Test Cases/Offline PSSI Dashboard Function/Create BE User Data/Data Entries and Pages/PSSIUserDataTableEntriesAndPages]]></system-out>
      <system-err><![CDATA[]]></system-err>
   </testsuite>
</testsuites>
