<?xml version="1.0" encoding="UTF-8"?>
<testsuites name="View CCTV Logs Test Suite" time="20.294" tests="2" failures="0" errors="0">
   <testsuite name="View CCTV Logs Test Suite" tests="2" failures="0" errors="0" time="20.294" skipped="0" timestamp="29-12-2023T11:29:19" hostname="USER - DESKTOP-HLRVE9S" id="Test Suites/Create BE CCTV Data/View CCTV Logs Test Suite">
      <properties>
         <property name="deviceName" value=""/>
         <property name="devicePlatform" value=""/>
         <property name="logFolder" value="C:\\Users\\USER\\git\\Kecilin-Automation-Test\\Reports\\20231229_111847\\Create BE CCTV Data\\View CCTV Logs Test Suite\\20231229_111901"/>
         <property name="logFiles" value="C:\\Users\\USER\\git\\Kecilin-Automation-Test\\Reports\\20231229_111847\\Create BE CCTV Data\\View CCTV Logs Test Suite\\20231229_111901\\execution0.log"/>
         <property name="attachments" value=""/>
         <property name="hostName" value="USER - DESKTOP-HLRVE9S"/>
         <property name="os" value="Windows 10 64bit"/>
         <property name="katalonVersion" value="9.2.0.212"/>
         <property name="browser" value="Chrome 120.0.0.0"/>
         <property name="hostAddress" value="192.168.100.183"/>
         <property name="sessionId" value="b9fea994c6b6c9ab730e44369848ac81"/>
         <property name="seleniumVersion" value="3.141.59"/>
         <property name="proxyInformation" value="ProxyInformation { proxyOption=NO_PROXY, proxyServerType=HTTP, username=, password=********, proxyServerAddress=, proxyServerPort=0, executionList=&quot;&quot;, isApplyToDesiredCapabilities=true }"/>
         <property name="platform" value="Windows 10"/>
      </properties>
      <testcase name="Test Cases/Offline PSSI Dashboard Function/Create BE CCTV Data/View CCTV Logs/PSSIViewCCTVEmptyLogs" time="11.889" classname="Test Cases/Offline PSSI Dashboard Function/Create BE CCTV Data/View CCTV Logs/PSSIViewCCTVEmptyLogs" status="PASSED">
         <system-out><![CDATA[29-12-2023T11:29:19 - [TEST_CASE][PASSED] - Test Cases/Offline PSSI Dashboard Function/Create BE CCTV Data/View CCTV Logs/PSSIViewCCTVEmptyLogs: Test Cases/Offline PSSI Dashboard Function/Create BE CCTV Data/View CCTV Logs/PSSIViewCCTVEmptyLogs

29-12-2023T11:29:20 - [TEST_STEP][PASSED] - failureHandling = STOP_ON_FAILURE: null

29-12-2023T11:29:20 - [TEST_STEP][PASSED] - baseUrl = offline_pssi_dashboard_url: null

29-12-2023T11:29:20 - [TEST_STEP][PASSED] - callTestCase(findTestCase("Offline PSSI Dashboard Function/Create BE CCTV Data/View CCTV Table/PSSIViewCCTVData"), [:], failureHandling): Call Test Case 'Test Cases/Offline PSSI Dashboard Function/Create BE CCTV Data/View CCTV Table/PSSIViewCCTVData' successfully

29-12-2023T11:29:20 - [TEST_CASE][PASSED] - Test Cases/Offline PSSI Dashboard Function/Create BE CCTV Data/View CCTV Table/PSSIViewCCTVData: Test Cases/Offline PSSI Dashboard Function/Create BE CCTV Data/View CCTV Table/PSSIViewCCTVData

29-12-2023T11:29:20 - [TEST_STEP][PASSED] - failureHandling = STOP_ON_FAILURE: null

29-12-2023T11:29:20 - [TEST_STEP][PASSED] - baseUrl = offline_pssi_dashboard_url: null

29-12-2023T11:29:20 - [TEST_STEP][PASSED] - callTestCase(findTestCase("Offline PSSI Dashboard Function/Create BE CCTV Data/View Stadium/PSSIViewStadiumData"), [:], failureHandling): Call Test Case 'Test Cases/Offline PSSI Dashboard Function/Create BE CCTV Data/View Stadium/PSSIViewStadiumData' successfully

29-12-2023T11:29:21 - [TEST_CASE][PASSED] - Test Cases/Offline PSSI Dashboard Function/Create BE CCTV Data/View Stadium/PSSIViewStadiumData: Test Cases/Offline PSSI Dashboard Function/Create BE CCTV Data/View Stadium/PSSIViewStadiumData

29-12-2023T11:29:21 - [TEST_STEP][PASSED] - failureHandling = STOP_ON_FAILURE: null

29-12-2023T11:29:21 - [TEST_STEP][PASSED] - baseUrl = offline_pssi_dashboard_url: null

29-12-2023T11:29:21 - [TEST_STEP][PASSED] - callTestCase(findTestCase("Offline PSSI Dashboard Function/Create BE CCTV Data/Sign In/PSSISignInValidData"), [:], failureHandling): Call Test Case 'Test Cases/Offline PSSI Dashboard Function/Create BE CCTV Data/Sign In/PSSISignInValidData' successfully

29-12-2023T11:29:21 - [TEST_CASE][PASSED] - Test Cases/Offline PSSI Dashboard Function/Create BE CCTV Data/Sign In/PSSISignInValidData: Test Cases/Offline PSSI Dashboard Function/Create BE CCTV Data/Sign In/PSSISignInValidData

29-12-2023T11:29:21 - [TEST_STEP][PASSED] - failureHandling = STOP_ON_FAILURE: null

29-12-2023T11:29:21 - [TEST_STEP][PASSED] - baseUrl = offline_pssi_dashboard_url: null

29-12-2023T11:29:21 - [TEST_STEP][PASSED] - openBrowser(""): Browser is opened with url: ''

29-12-2023T11:29:21 - [MESSAGE][INFO] - Starting 'Chrome' driver

29-12-2023T11:29:21 - [MESSAGE][INFO] - Action delay is set to 0 milliseconds

29-12-2023T11:29:23 - [MESSAGE][PASSED] - Browser is opened with url: ''

29-12-2023T11:29:23 - [TEST_STEP][PASSED] - navigateToUrl(baseUrl): Navigate to 'https://monitoring.pssi-dev.kecilin.id' successfully

29-12-2023T11:29:24 - [MESSAGE][PASSED] - Navigate to 'https://monitoring.pssi-dev.kecilin.id' successfully

29-12-2023T11:29:24 - [TEST_STEP][PASSED] - maximizeWindow(): Current window maximized

29-12-2023T11:29:24 - [MESSAGE][PASSED] - Current window maximized

29-12-2023T11:29:25 - [TEST_STEP][PASSED] - setText(findTestObject("Object Repository/Page_Login/input_email"), "superadmin@app.com"): Text 'superadmin@app.com' is set on object 'Object Repository/Page_Login/input_email'

29-12-2023T11:29:26 - [MESSAGE][PASSED] - Text 'superadmin@app.com' is set on object 'Object Repository/Page_Login/input_email'

29-12-2023T11:29:26 - [TEST_STEP][PASSED] - setEncryptedText(findTestObject("Object Repository/Page_Login/input_password"), "8SQVv/p9jVScEs4/2CZsLw=="): Text ****** has been set on object 'Object Repository/Page_Login/input_password'

29-12-2023T11:29:26 - [MESSAGE][PASSED] - Text ****** has been set on object 'Object Repository/Page_Login/input_password'

29-12-2023T11:29:26 - [TEST_STEP][PASSED] - click(findTestObject("Object Repository/Page_Login/button_Sign In")): Object: 'Object Repository/Page_Login/button_Sign In' is clicked on

29-12-2023T11:29:28 - [MESSAGE][PASSED] - Object: 'Object Repository/Page_Login/button_Sign In' is clicked on

29-12-2023T11:29:28 - [MESSAGE][PASSED] - Call Test Case 'Test Cases/Offline PSSI Dashboard Function/Create BE CCTV Data/Sign In/PSSISignInValidData' successfully

29-12-2023T11:29:28 - [TEST_STEP][PASSED] - navigateToUrl(baseUrl + "/cctv/stadion", failureHandling): Navigate to 'https://monitoring.pssi-dev.kecilin.id/cctv/stadion' successfully

29-12-2023T11:29:29 - [MESSAGE][PASSED] - Navigate to 'https://monitoring.pssi-dev.kecilin.id/cctv/stadion' successfully

29-12-2023T11:29:29 - [MESSAGE][PASSED] - Call Test Case 'Test Cases/Offline PSSI Dashboard Function/Create BE CCTV Data/View Stadium/PSSIViewStadiumData' successfully

29-12-2023T11:29:29 - [TEST_STEP][PASSED] - navigateToUrl(baseUrl + "/cctv/detail/64fea065acbef66fd5476494", failureHandling): Navigate to 'https://monitoring.pssi-dev.kecilin.id/cctv/detail/64fea065acbef66fd5476494' successfully

29-12-2023T11:29:29 - [MESSAGE][PASSED] - Navigate to 'https://monitoring.pssi-dev.kecilin.id/cctv/detail/64fea065acbef66fd5476494' successfully

29-12-2023T11:29:29 - [MESSAGE][PASSED] - Call Test Case 'Test Cases/Offline PSSI Dashboard Function/Create BE CCTV Data/View CCTV Table/PSSIViewCCTVData' successfully

29-12-2023T11:29:29 - [TEST_STEP][PASSED] - navigateToUrl(baseUrl + "/cctv/cctv_log/658be0a112ca78ff5334de2d", failureHandling): Navigate to 'https://monitoring.pssi-dev.kecilin.id/cctv/cctv_log/658be0a112ca78ff5334de2d' successfully

29-12-2023T11:29:29 - [MESSAGE][PASSED] - Navigate to 'https://monitoring.pssi-dev.kecilin.id/cctv/cctv_log/658be0a112ca78ff5334de2d' successfully

29-12-2023T11:29:29 - [TEST_STEP][PASSED] - if (verifyTextPresent("Camera Logs", false, STOP_ON_FAILURE)): null

29-12-2023T11:29:30 - [MESSAGE][PASSED] - Text 'Camera Logs' is present on page 

29-12-2023T11:29:30 - [TEST_STEP][PASSED] - if (verifyTextPresent("Showing 0 to 0 of 0 entries", false) && verifyTextPresent("No data available in table", false)): null

29-12-2023T11:29:31 - [MESSAGE][PASSED] - Text 'Showing 0 to 0 of 0 entries' is present on page 

29-12-2023T11:29:31 - [MESSAGE][PASSED] - Text 'No data available in table' is present on page 

29-12-2023T11:29:31 - [TEST_STEP][PASSED] - markPassed("Test passed because user successfully redirected to camera logs and display no data message"): Test passed because user successfully redirected to camera logs and display no data message

29-12-2023T11:29:31 - [MESSAGE][PASSED] - Test passed because user successfully redirected to camera logs and display no data message

29-12-2023T11:29:31 - [TEST_STEP][PASSED] - closeBrowser(): Browser is closed

29-12-2023T11:29:31 - [MESSAGE][PASSED] - Browser is closed]]></system-out>
         <system-err><![CDATA[]]></system-err>
      </testcase>
      <testcase name="Test Cases/Offline PSSI Dashboard Function/Create BE CCTV Data/View CCTV Logs/PSSIViewCCTVLogs" time="8.04" classname="Test Cases/Offline PSSI Dashboard Function/Create BE CCTV Data/View CCTV Logs/PSSIViewCCTVLogs" status="PASSED">
         <system-out><![CDATA[29-12-2023T11:29:31 - [TEST_CASE][PASSED] - Test Cases/Offline PSSI Dashboard Function/Create BE CCTV Data/View CCTV Logs/PSSIViewCCTVLogs: Test Cases/Offline PSSI Dashboard Function/Create BE CCTV Data/View CCTV Logs/PSSIViewCCTVLogs

29-12-2023T11:29:31 - [TEST_STEP][PASSED] - failureHandling = STOP_ON_FAILURE: null

29-12-2023T11:29:31 - [TEST_STEP][PASSED] - baseUrl = offline_pssi_dashboard_url: null

29-12-2023T11:29:31 - [TEST_STEP][PASSED] - callTestCase(findTestCase("Offline PSSI Dashboard Function/Create BE CCTV Data/View CCTV Table/PSSIViewCCTVData"), [:], failureHandling): Call Test Case 'Test Cases/Offline PSSI Dashboard Function/Create BE CCTV Data/View CCTV Table/PSSIViewCCTVData' successfully

29-12-2023T11:29:32 - [TEST_CASE][PASSED] - Test Cases/Offline PSSI Dashboard Function/Create BE CCTV Data/View CCTV Table/PSSIViewCCTVData: Test Cases/Offline PSSI Dashboard Function/Create BE CCTV Data/View CCTV Table/PSSIViewCCTVData

29-12-2023T11:29:32 - [TEST_STEP][PASSED] - failureHandling = STOP_ON_FAILURE: null

29-12-2023T11:29:32 - [TEST_STEP][PASSED] - baseUrl = offline_pssi_dashboard_url: null

29-12-2023T11:29:32 - [TEST_STEP][PASSED] - callTestCase(findTestCase("Offline PSSI Dashboard Function/Create BE CCTV Data/View Stadium/PSSIViewStadiumData"), [:], failureHandling): Call Test Case 'Test Cases/Offline PSSI Dashboard Function/Create BE CCTV Data/View Stadium/PSSIViewStadiumData' successfully

29-12-2023T11:29:32 - [TEST_CASE][PASSED] - Test Cases/Offline PSSI Dashboard Function/Create BE CCTV Data/View Stadium/PSSIViewStadiumData: Test Cases/Offline PSSI Dashboard Function/Create BE CCTV Data/View Stadium/PSSIViewStadiumData

29-12-2023T11:29:32 - [TEST_STEP][PASSED] - failureHandling = STOP_ON_FAILURE: null

29-12-2023T11:29:32 - [TEST_STEP][PASSED] - baseUrl = offline_pssi_dashboard_url: null

29-12-2023T11:29:32 - [TEST_STEP][PASSED] - callTestCase(findTestCase("Offline PSSI Dashboard Function/Create BE CCTV Data/Sign In/PSSISignInValidData"), [:], failureHandling): Call Test Case 'Test Cases/Offline PSSI Dashboard Function/Create BE CCTV Data/Sign In/PSSISignInValidData' successfully

29-12-2023T11:29:32 - [TEST_CASE][PASSED] - Test Cases/Offline PSSI Dashboard Function/Create BE CCTV Data/Sign In/PSSISignInValidData: Test Cases/Offline PSSI Dashboard Function/Create BE CCTV Data/Sign In/PSSISignInValidData

29-12-2023T11:29:32 - [TEST_STEP][PASSED] - failureHandling = STOP_ON_FAILURE: null

29-12-2023T11:29:32 - [TEST_STEP][PASSED] - baseUrl = offline_pssi_dashboard_url: null

29-12-2023T11:29:32 - [TEST_STEP][PASSED] - openBrowser(""): Browser is opened with url: ''

29-12-2023T11:29:32 - [MESSAGE][INFO] - Starting 'Chrome' driver

29-12-2023T11:29:32 - [MESSAGE][INFO] - Action delay is set to 0 milliseconds

29-12-2023T11:29:33 - [MESSAGE][PASSED] - Browser is opened with url: ''

29-12-2023T11:29:33 - [TEST_STEP][PASSED] - navigateToUrl(baseUrl): Navigate to 'https://monitoring.pssi-dev.kecilin.id' successfully

29-12-2023T11:29:34 - [MESSAGE][PASSED] - Navigate to 'https://monitoring.pssi-dev.kecilin.id' successfully

29-12-2023T11:29:34 - [TEST_STEP][PASSED] - maximizeWindow(): Current window maximized

29-12-2023T11:29:34 - [MESSAGE][PASSED] - Current window maximized

29-12-2023T11:29:34 - [TEST_STEP][PASSED] - setText(findTestObject("Object Repository/Page_Login/input_email"), "superadmin@app.com"): Text 'superadmin@app.com' is set on object 'Object Repository/Page_Login/input_email'

29-12-2023T11:29:35 - [MESSAGE][PASSED] - Text 'superadmin@app.com' is set on object 'Object Repository/Page_Login/input_email'

29-12-2023T11:29:35 - [TEST_STEP][PASSED] - setEncryptedText(findTestObject("Object Repository/Page_Login/input_password"), "8SQVv/p9jVScEs4/2CZsLw=="): Text ****** has been set on object 'Object Repository/Page_Login/input_password'

29-12-2023T11:29:35 - [MESSAGE][PASSED] - Text ****** has been set on object 'Object Repository/Page_Login/input_password'

29-12-2023T11:29:35 - [TEST_STEP][PASSED] - click(findTestObject("Object Repository/Page_Login/button_Sign In")): Object: 'Object Repository/Page_Login/button_Sign In' is clicked on

29-12-2023T11:29:37 - [MESSAGE][PASSED] - Object: 'Object Repository/Page_Login/button_Sign In' is clicked on

29-12-2023T11:29:37 - [MESSAGE][PASSED] - Call Test Case 'Test Cases/Offline PSSI Dashboard Function/Create BE CCTV Data/Sign In/PSSISignInValidData' successfully

29-12-2023T11:29:37 - [TEST_STEP][PASSED] - navigateToUrl(baseUrl + "/cctv/stadion", failureHandling): Navigate to 'https://monitoring.pssi-dev.kecilin.id/cctv/stadion' successfully

29-12-2023T11:29:38 - [MESSAGE][PASSED] - Navigate to 'https://monitoring.pssi-dev.kecilin.id/cctv/stadion' successfully

29-12-2023T11:29:38 - [MESSAGE][PASSED] - Call Test Case 'Test Cases/Offline PSSI Dashboard Function/Create BE CCTV Data/View Stadium/PSSIViewStadiumData' successfully

29-12-2023T11:29:38 - [TEST_STEP][PASSED] - navigateToUrl(baseUrl + "/cctv/detail/64fea065acbef66fd5476494", failureHandling): Navigate to 'https://monitoring.pssi-dev.kecilin.id/cctv/detail/64fea065acbef66fd5476494' successfully

29-12-2023T11:29:38 - [MESSAGE][PASSED] - Navigate to 'https://monitoring.pssi-dev.kecilin.id/cctv/detail/64fea065acbef66fd5476494' successfully

29-12-2023T11:29:38 - [MESSAGE][PASSED] - Call Test Case 'Test Cases/Offline PSSI Dashboard Function/Create BE CCTV Data/View CCTV Table/PSSIViewCCTVData' successfully

29-12-2023T11:29:38 - [TEST_STEP][PASSED] - navigateToUrl(baseUrl + "/cctv/cctv_log/658be0a112ca78ff5334de2d", failureHandling): Navigate to 'https://monitoring.pssi-dev.kecilin.id/cctv/cctv_log/658be0a112ca78ff5334de2d' successfully

29-12-2023T11:29:38 - [MESSAGE][PASSED] - Navigate to 'https://monitoring.pssi-dev.kecilin.id/cctv/cctv_log/658be0a112ca78ff5334de2d' successfully

29-12-2023T11:29:38 - [TEST_STEP][PASSED] - if (verifyTextPresent("Camera Logs", false, STOP_ON_FAILURE)): null

29-12-2023T11:29:39 - [MESSAGE][PASSED] - Text 'Camera Logs' is present on page 

29-12-2023T11:29:39 - [TEST_STEP][PASSED] - markPassed("Test passed because user successfully redirected to camera logs"): Test passed because user successfully redirected to camera logs

29-12-2023T11:29:39 - [MESSAGE][PASSED] - Test passed because user successfully redirected to camera logs

29-12-2023T11:29:39 - [TEST_STEP][PASSED] - closeBrowser(): Browser is closed

29-12-2023T11:29:39 - [MESSAGE][PASSED] - Browser is closed]]></system-out>
         <system-err><![CDATA[]]></system-err>
      </testcase>
      <system-out><![CDATA[29-12-2023T11:29:19 - [TEST_SUITE][PASSED] - View CCTV Logs Test Suite: Test Cases/Offline PSSI Dashboard Function/Create BE CCTV Data/View CCTV Logs/PSSIViewCCTVLogs]]></system-out>
      <system-err><![CDATA[]]></system-err>
   </testsuite>
</testsuites>
