<?xml version="1.0" encoding="UTF-8"?>
<testsuites name="View Detail People Counting Test Suite" time="12.023" tests="1" failures="0" errors="0">
   <testsuite name="View Detail People Counting Test Suite" tests="1" failures="0" errors="0" time="12.023" skipped="0" timestamp="17-01-2024T17:16:47" hostname="USER - DESKTOP-HLRVE9S" id="Test Suites/Integration Feature People Counting to Dashboard Monitoring/View Detail People Counting Test Suite">
      <properties>
         <property name="deviceName" value=""/>
         <property name="devicePlatform" value=""/>
         <property name="logFolder" value="C:\\Users\\USER\\git\\Kecilin-Automation-Test\\Reports\\20240117_171017\\Integration Feature People Counting to Dashboard Monitoring\\View Detail People Counting Test Suite\\20240117_171026"/>
         <property name="logFiles" value="C:\\Users\\USER\\git\\Kecilin-Automation-Test\\Reports\\20240117_171017\\Integration Feature People Counting to Dashboard Monitoring\\View Detail People Counting Test Suite\\20240117_171026\\execution0.log"/>
         <property name="attachments" value=""/>
         <property name="hostName" value="USER - DESKTOP-HLRVE9S"/>
         <property name="os" value="Windows 10 64bit"/>
         <property name="katalonVersion" value="9.2.0.212"/>
         <property name="browser" value="Chrome 120.0.0.0"/>
         <property name="hostAddress" value="192.168.100.189"/>
         <property name="sessionId" value="675a06eb3a2015d1ac9580114d61f84a"/>
         <property name="seleniumVersion" value="3.141.59"/>
         <property name="proxyInformation" value="ProxyInformation { proxyOption=NO_PROXY, proxyServerType=HTTP, username=, password=********, proxyServerAddress=, proxyServerPort=0, executionList=&quot;&quot;, isApplyToDesiredCapabilities=true }"/>
         <property name="platform" value="Windows 10"/>
      </properties>
      <testcase name="Test Cases/Offline PSSI Dashboard Function/Integration Feature People Counting to Dashboard Monitoring/View Detail People Counting/PSSIViewDetailPeopleCounting" time="11.729" classname="Test Cases/Offline PSSI Dashboard Function/Integration Feature People Counting to Dashboard Monitoring/View Detail People Counting/PSSIViewDetailPeopleCounting" status="PASSED">
         <system-out><![CDATA[17-01-2024T17:16:47 - [TEST_CASE][PASSED] - Test Cases/Offline PSSI Dashboard Function/Integration Feature People Counting to Dashboard Monitoring/View Detail People Counting/PSSIViewDetailPeopleCounting: Test Cases/Offline PSSI Dashboard Function/Integration Feature People Counting to Dashboard Monitoring/View Detail People Counting/PSSIViewDetailPeopleCounting

17-01-2024T17:16:48 - [TEST_STEP][PASSED] - baseUrl = offline_pssi_dashboard_url: null

17-01-2024T17:16:48 - [TEST_STEP][PASSED] - callTestCase(findTestCase("Offline PSSI Dashboard Function/Integration Feature People Counting to Dashboard Monitoring/View People Counting Data/Positive Test Case/PSSIViewPeopleCounting"), [:]): Call Test Case 'Test Cases/Offline PSSI Dashboard Function/Integration Feature People Counting to Dashboard Monitoring/View People Counting Data/Positive Test Case/PSSIViewPeopleCounting' successfully

17-01-2024T17:16:49 - [TEST_CASE][PASSED] - Test Cases/Offline PSSI Dashboard Function/Integration Feature People Counting to Dashboard Monitoring/View People Counting Data/Positive Test Case/PSSIViewPeopleCounting: Test Cases/Offline PSSI Dashboard Function/Integration Feature People Counting to Dashboard Monitoring/View People Counting Data/Positive Test Case/PSSIViewPeopleCounting

17-01-2024T17:16:49 - [TEST_STEP][PASSED] - baseUrl = offline_pssi_dashboard_url: null

17-01-2024T17:16:49 - [TEST_STEP][PASSED] - callTestCase(findTestCase("Offline PSSI Dashboard Function/Sign In/PSSISignInValidData"), [:]): Call Test Case 'Test Cases/Offline PSSI Dashboard Function/Sign In/PSSISignInValidData' successfully

17-01-2024T17:16:49 - [TEST_CASE][PASSED] - Test Cases/Offline PSSI Dashboard Function/Sign In/PSSISignInValidData: Test Cases/Offline PSSI Dashboard Function/Sign In/PSSISignInValidData

17-01-2024T17:16:49 - [TEST_STEP][PASSED] - failureHandling = STOP_ON_FAILURE: null

17-01-2024T17:16:49 - [TEST_STEP][PASSED] - baseUrl = offline_pssi_dashboard_url: null

17-01-2024T17:16:49 - [TEST_STEP][PASSED] - openBrowser(""): Browser is opened with url: ''

17-01-2024T17:16:49 - [MESSAGE][INFO] - Starting 'Chrome' driver

17-01-2024T17:16:50 - [MESSAGE][INFO] - Action delay is set to 0 milliseconds

17-01-2024T17:16:52 - [MESSAGE][PASSED] - Browser is opened with url: ''

17-01-2024T17:16:52 - [TEST_STEP][PASSED] - navigateToUrl(baseUrl): Navigate to 'https://monitoring.pssi-dev.kecilin.id' successfully

17-01-2024T17:16:52 - [MESSAGE][PASSED] - Navigate to 'https://monitoring.pssi-dev.kecilin.id' successfully

17-01-2024T17:16:53 - [TEST_STEP][PASSED] - maximizeWindow(): Current window maximized

17-01-2024T17:16:54 - [MESSAGE][PASSED] - Current window maximized

17-01-2024T17:16:54 - [TEST_STEP][PASSED] - setText(findTestObject("Object Repository/Page_Login/input_email"), "superadmin@app.com"): Text 'superadmin@app.com' is set on object 'Object Repository/Page_Login/input_email'

17-01-2024T17:16:55 - [MESSAGE][PASSED] - Text 'superadmin@app.com' is set on object 'Object Repository/Page_Login/input_email'

17-01-2024T17:16:55 - [TEST_STEP][PASSED] - setEncryptedText(findTestObject("Object Repository/Page_Login/input_password"), "8SQVv/p9jVScEs4/2CZsLw=="): Text ****** has been set on object 'Object Repository/Page_Login/input_password'

17-01-2024T17:16:55 - [MESSAGE][PASSED] - Text ****** has been set on object 'Object Repository/Page_Login/input_password'

17-01-2024T17:16:55 - [TEST_STEP][PASSED] - click(findTestObject("Object Repository/Page_Login/button_Sign In")): Object: 'Object Repository/Page_Login/button_Sign In' is clicked on

17-01-2024T17:16:57 - [MESSAGE][PASSED] - Object: 'Object Repository/Page_Login/button_Sign In' is clicked on

17-01-2024T17:16:57 - [MESSAGE][PASSED] - Call Test Case 'Test Cases/Offline PSSI Dashboard Function/Sign In/PSSISignInValidData' successfully

17-01-2024T17:16:57 - [TEST_STEP][PASSED] - navigateToUrl(baseUrl + "/people_counting"): Navigate to 'https://monitoring.pssi-dev.kecilin.id/people_counting' successfully

17-01-2024T17:16:58 - [MESSAGE][PASSED] - Navigate to 'https://monitoring.pssi-dev.kecilin.id/people_counting' successfully

17-01-2024T17:16:58 - [MESSAGE][PASSED] - Call Test Case 'Test Cases/Offline PSSI Dashboard Function/Integration Feature People Counting to Dashboard Monitoring/View People Counting Data/Positive Test Case/PSSIViewPeopleCounting' successfully

17-01-2024T17:16:58 - [TEST_STEP][PASSED] - navigateToUrl(baseUrl + "/people_counting/detail/6564714d12ca78ff5334aaa0"): Navigate to 'https://monitoring.pssi-dev.kecilin.id/people_counting/detail/6564714d12ca78ff5334aaa0' successfully

17-01-2024T17:16:58 - [MESSAGE][PASSED] - Navigate to 'https://monitoring.pssi-dev.kecilin.id/people_counting/detail/6564714d12ca78ff5334aaa0' successfully

17-01-2024T17:16:58 - [TEST_STEP][PASSED] - verifyTextPresent("Detail People Counting", false): Text 'Detail People Counting' is present on page 

17-01-2024T17:16:59 - [MESSAGE][PASSED] - Text 'Detail People Counting' is present on page]]></system-out>
         <system-err><![CDATA[]]></system-err>
      </testcase>
      <system-out><![CDATA[17-01-2024T17:16:47 - [TEST_SUITE][PASSED] - View Detail People Counting Test Suite: Test Cases/Offline PSSI Dashboard Function/Integration Feature People Counting to Dashboard Monitoring/View Detail People Counting/PSSIViewDetailPeopleCounting]]></system-out>
      <system-err><![CDATA[]]></system-err>
   </testsuite>
</testsuites>
