<?xml version="1.0" encoding="UTF-8"?>
<testsuites name="View Playback Video Data Test Suite" time="15.397" tests="1" failures="0" errors="0">
   <testsuite name="View Playback Video Data Test Suite" tests="1" failures="0" errors="0" time="15.397" skipped="0" timestamp="10-01-2024T10:40:59" hostname="USER - DESKTOP-HLRVE9S" id="Test Suites/Create BE Playback Video/View Playback Video Data Test Suite">
      <properties>
         <property name="deviceName" value=""/>
         <property name="devicePlatform" value=""/>
         <property name="logFolder" value="C:\\Users\\USER\\git\\Kecilin-Automation-Test\\Reports\\20240110_101141\\Create BE Playback Video\\View Playback Video Data Test Suite\\20240110_101159"/>
         <property name="logFiles" value="C:\\Users\\USER\\git\\Kecilin-Automation-Test\\Reports\\20240110_101141\\Create BE Playback Video\\View Playback Video Data Test Suite\\20240110_101159\\execution0.log"/>
         <property name="attachments" value=""/>
         <property name="hostName" value="USER - DESKTOP-HLRVE9S"/>
         <property name="os" value="Windows 10 64bit"/>
         <property name="katalonVersion" value="9.2.0.212"/>
         <property name="browser" value="Chrome 120.0.0.0"/>
         <property name="hostAddress" value="192.168.100.189"/>
         <property name="sessionId" value="fe826d07c53d3244379003501c4b91b3"/>
         <property name="seleniumVersion" value="3.141.59"/>
         <property name="proxyInformation" value="ProxyInformation { proxyOption=NO_PROXY, proxyServerType=HTTP, username=, password=********, proxyServerAddress=, proxyServerPort=0, executionList=&quot;&quot;, isApplyToDesiredCapabilities=true }"/>
         <property name="platform" value="Windows 10"/>
      </properties>
      <testcase name="Test Cases/Offline PSSI Dashboard Function/Create BE Playback Video/View Playback Video Data/PSSIViewPlaybackVideo" time="14.658" classname="Test Cases/Offline PSSI Dashboard Function/Create BE Playback Video/View Playback Video Data/PSSIViewPlaybackVideo" status="PASSED">
         <system-out><![CDATA[10-01-2024T10:40:59 - [TEST_CASE][PASSED] - Test Cases/Offline PSSI Dashboard Function/Create BE Playback Video/View Playback Video Data/PSSIViewPlaybackVideo: Test Cases/Offline PSSI Dashboard Function/Create BE Playback Video/View Playback Video Data/PSSIViewPlaybackVideo

10-01-2024T10:41:00 - [TEST_STEP][PASSED] - baseUrl = offline_pssi_dashboard_url: null

10-01-2024T10:41:02 - [TEST_STEP][PASSED] - callTestCase(findTestCase("Offline PSSI Dashboard Function/Sign In/PSSISignInValidData"), [:]): Call Test Case 'Test Cases/Offline PSSI Dashboard Function/Sign In/PSSISignInValidData' successfully

10-01-2024T10:41:02 - [TEST_CASE][PASSED] - Test Cases/Offline PSSI Dashboard Function/Sign In/PSSISignInValidData: Test Cases/Offline PSSI Dashboard Function/Sign In/PSSISignInValidData

10-01-2024T10:41:03 - [TEST_STEP][PASSED] - failureHandling = STOP_ON_FAILURE: null

10-01-2024T10:41:03 - [TEST_STEP][PASSED] - baseUrl = offline_pssi_dashboard_url: null

10-01-2024T10:41:03 - [TEST_STEP][PASSED] - openBrowser(""): Browser is opened with url: ''

10-01-2024T10:41:03 - [MESSAGE][INFO] - Starting 'Chrome' driver

10-01-2024T10:41:03 - [MESSAGE][INFO] - Action delay is set to 0 milliseconds

10-01-2024T10:41:07 - [MESSAGE][PASSED] - Browser is opened with url: ''

10-01-2024T10:41:07 - [TEST_STEP][PASSED] - navigateToUrl(baseUrl): Navigate to 'https://monitoring.pssi-dev.kecilin.id' successfully

10-01-2024T10:41:09 - [MESSAGE][PASSED] - Navigate to 'https://monitoring.pssi-dev.kecilin.id' successfully

10-01-2024T10:41:09 - [TEST_STEP][PASSED] - maximizeWindow(): Current window maximized

10-01-2024T10:41:09 - [MESSAGE][PASSED] - Current window maximized

10-01-2024T10:41:09 - [TEST_STEP][PASSED] - setText(findTestObject("Object Repository/Page_Login/input_email"), "superadmin@app.com"): Text 'superadmin@app.com' is set on object 'Object Repository/Page_Login/input_email'

10-01-2024T10:41:10 - [MESSAGE][PASSED] - Text 'superadmin@app.com' is set on object 'Object Repository/Page_Login/input_email'

10-01-2024T10:41:10 - [TEST_STEP][PASSED] - setEncryptedText(findTestObject("Object Repository/Page_Login/input_password"), "8SQVv/p9jVScEs4/2CZsLw=="): Text ****** has been set on object 'Object Repository/Page_Login/input_password'

10-01-2024T10:41:11 - [MESSAGE][PASSED] - Text ****** has been set on object 'Object Repository/Page_Login/input_password'

10-01-2024T10:41:11 - [TEST_STEP][PASSED] - click(findTestObject("Object Repository/Page_Login/button_Sign In")): Object: 'Object Repository/Page_Login/button_Sign In' is clicked on

10-01-2024T10:41:13 - [MESSAGE][PASSED] - Object: 'Object Repository/Page_Login/button_Sign In' is clicked on

10-01-2024T10:41:13 - [MESSAGE][PASSED] - Call Test Case 'Test Cases/Offline PSSI Dashboard Function/Sign In/PSSISignInValidData' successfully

10-01-2024T10:41:13 - [TEST_STEP][PASSED] - navigateToUrl(baseUrl + "/playback_video"): Navigate to 'https://monitoring.pssi-dev.kecilin.id/playback_video' successfully

10-01-2024T10:41:14 - [MESSAGE][PASSED] - Navigate to 'https://monitoring.pssi-dev.kecilin.id/playback_video' successfully]]></system-out>
         <system-err><![CDATA[]]></system-err>
      </testcase>
      <system-out><![CDATA[10-01-2024T10:40:59 - [TEST_SUITE][PASSED] - View Playback Video Data Test Suite: Test Cases/Offline PSSI Dashboard Function/Create BE Playback Video/View Playback Video Data/PSSIViewPlaybackVideo]]></system-out>
      <system-err><![CDATA[]]></system-err>
   </testsuite>
</testsuites>
