<?xml version="1.0" encoding="UTF-8"?>
<testsuites name="View Account Management Test Suite" time="12.654" tests="1" failures="0" errors="0">
   <testsuite name="View Account Management Test Suite" tests="1" failures="0" errors="0" time="12.654" skipped="0" timestamp="19-01-2024T11:44:46" hostname="USER - DESKTOP-HLRVE9S" id="Test Suites/Create BE Account Management/View Account Management Test Suite">
      <properties>
         <property name="deviceName" value=""/>
         <property name="devicePlatform" value=""/>
         <property name="logFolder" value="C:\\Users\\USER\\git\\Kecilin-Automation-Test\\Reports\\20240119_111826\\Create BE Account Management\\View Account Management Test Suite\\20240119_111837"/>
         <property name="logFiles" value="C:\\Users\\USER\\git\\Kecilin-Automation-Test\\Reports\\20240119_111826\\Create BE Account Management\\View Account Management Test Suite\\20240119_111837\\execution0.log"/>
         <property name="attachments" value=""/>
         <property name="hostName" value="USER - DESKTOP-HLRVE9S"/>
         <property name="os" value="Windows 10 64bit"/>
         <property name="katalonVersion" value="9.2.0.212"/>
         <property name="browser" value="Chrome 120.0.0.0"/>
         <property name="hostAddress" value="192.168.100.189"/>
         <property name="sessionId" value="653ccd28e6a19b242bcc3bde0ca72e5e"/>
         <property name="seleniumVersion" value="3.141.59"/>
         <property name="proxyInformation" value="ProxyInformation { proxyOption=NO_PROXY, proxyServerType=HTTP, username=, password=********, proxyServerAddress=, proxyServerPort=0, executionList=&quot;&quot;, isApplyToDesiredCapabilities=true }"/>
         <property name="platform" value="Windows 10"/>
      </properties>
      <testcase name="Test Cases/Offline PSSI Dashboard Function/Create BE Account Management/View Account Management/PSSIViewAccountManagement" time="12.378" classname="Test Cases/Offline PSSI Dashboard Function/Create BE Account Management/View Account Management/PSSIViewAccountManagement" status="PASSED">
         <system-out><![CDATA[19-01-2024T11:44:46 - [TEST_CASE][PASSED] - Test Cases/Offline PSSI Dashboard Function/Create BE Account Management/View Account Management/PSSIViewAccountManagement: Test Cases/Offline PSSI Dashboard Function/Create BE Account Management/View Account Management/PSSIViewAccountManagement

19-01-2024T11:44:46 - [TEST_STEP][PASSED] - failureHandling = STOP_ON_FAILURE: null

19-01-2024T11:44:46 - [TEST_STEP][PASSED] - baseUrl = offline_pssi_dashboard_url: null

19-01-2024T11:44:47 - [TEST_STEP][PASSED] - callTestCase(findTestCase("Offline PSSI Dashboard Function/Sign In/PSSISignInValidData"), [:], failureHandling): Call Test Case 'Test Cases/Offline PSSI Dashboard Function/Sign In/PSSISignInValidData' successfully

19-01-2024T11:44:47 - [TEST_CASE][PASSED] - Test Cases/Offline PSSI Dashboard Function/Sign In/PSSISignInValidData: Test Cases/Offline PSSI Dashboard Function/Sign In/PSSISignInValidData

19-01-2024T11:44:47 - [TEST_STEP][PASSED] - failureHandling = STOP_ON_FAILURE: null

19-01-2024T11:44:47 - [TEST_STEP][PASSED] - baseUrl = offline_pssi_dashboard_url: null

19-01-2024T11:44:47 - [TEST_STEP][PASSED] - openBrowser(""): Browser is opened with url: ''

19-01-2024T11:44:48 - [MESSAGE][INFO] - Starting 'Chrome' driver

19-01-2024T11:44:48 - [MESSAGE][INFO] - User set preference: ['unhandledPromptBehaviour', 'ignore']

19-01-2024T11:44:48 - [MESSAGE][INFO] - User set preference: ['unexpectedAlertBehaviour', 'ignore']

19-01-2024T11:44:48 - [MESSAGE][INFO] - Action delay is set to 0 milliseconds

19-01-2024T11:44:50 - [MESSAGE][PASSED] - Browser is opened with url: ''

19-01-2024T11:44:50 - [TEST_STEP][PASSED] - navigateToUrl(baseUrl): Navigate to 'https://monitoring.pssi-dev.kecilin.id' successfully

19-01-2024T11:44:51 - [MESSAGE][PASSED] - Navigate to 'https://monitoring.pssi-dev.kecilin.id' successfully

19-01-2024T11:44:51 - [TEST_STEP][PASSED] - maximizeWindow(): Current window maximized

19-01-2024T11:44:51 - [MESSAGE][PASSED] - Current window maximized

19-01-2024T11:44:51 - [TEST_STEP][PASSED] - setText(findTestObject("Object Repository/Page_Login/input_email"), "superadmin@app.com"): Text 'superadmin@app.com' is set on object 'Object Repository/Page_Login/input_email'

19-01-2024T11:44:52 - [MESSAGE][PASSED] - Text 'superadmin@app.com' is set on object 'Object Repository/Page_Login/input_email'

19-01-2024T11:44:52 - [TEST_STEP][PASSED] - setEncryptedText(findTestObject("Object Repository/Page_Login/input_password"), "8SQVv/p9jVScEs4/2CZsLw=="): Text ****** has been set on object 'Object Repository/Page_Login/input_password'

19-01-2024T11:44:53 - [MESSAGE][PASSED] - Text ****** has been set on object 'Object Repository/Page_Login/input_password'

19-01-2024T11:44:53 - [TEST_STEP][PASSED] - click(findTestObject("Object Repository/Page_Login/button_Sign In")): Object: 'Object Repository/Page_Login/button_Sign In' is clicked on

19-01-2024T11:44:55 - [MESSAGE][PASSED] - Object: 'Object Repository/Page_Login/button_Sign In' is clicked on

19-01-2024T11:44:55 - [MESSAGE][PASSED] - Call Test Case 'Test Cases/Offline PSSI Dashboard Function/Sign In/PSSISignInValidData' successfully

19-01-2024T11:44:55 - [TEST_STEP][PASSED] - scrollToElement(findTestObject("Page_Dashboard/Account Management Sidebar"), 0): Scroll to object 'Object Repository/Page_Dashboard/Account Management Sidebar' successfully

19-01-2024T11:44:55 - [MESSAGE][WARNING] - Timeout '0' is invalid. Using default page load timeout: '1'

19-01-2024T11:44:57 - [MESSAGE][INFO] - Unable to find the element located by 'By.xpath: id("sidenav-collapse-main")/ul[@class="navbar-nav"]/li[@class="nav-item"]/a[@class="nav-link"][count(. | //a[@class = 'nav-link  ' and @href = '/accounts' and (text() = '
            
              
                
              
            
            Account Management
          ' or . = '
            
              
                
              
            
            Account Management
          ')]) = count(//a[@class = 'nav-link  ' and @href = '/accounts' and (text() = '
            
              
                
              
            
            Account Management
          ' or . = '
            
              
                
              
            
            Account Management
          ')])]'. Please recheck the objects properties to make sure the desired element is located. 

19-01-2024T11:44:57 - [MESSAGE][WARNING] - [SELF-HEALING] Failed to find element with id 'Object Repository/Page_Dashboard/Account Management Sidebar'. Try using Self-healing.

19-01-2024T11:44:58 - [MESSAGE][WARNING] - [SELF-HEALING] The current locator of test object 'Object Repository/Page_Dashboard/Account Management Sidebar' was broken. Propose an alternative one: '//div[@id='sidenav-collapse-main']/ul/li[12]/a'.

19-01-2024T11:44:58 - [MESSAGE][PASSED] - Scroll to object 'Object Repository/Page_Dashboard/Account Management Sidebar' successfully

19-01-2024T11:44:58 - [TEST_STEP][PASSED] - navigateToUrl(baseUrl + "/accounts", failureHandling): Navigate to 'https://monitoring.pssi-dev.kecilin.id/accounts' successfully

19-01-2024T11:44:58 - [MESSAGE][PASSED] - Navigate to 'https://monitoring.pssi-dev.kecilin.id/accounts' successfully]]></system-out>
         <system-err><![CDATA[]]></system-err>
      </testcase>
      <system-out><![CDATA[19-01-2024T11:44:46 - [TEST_SUITE][PASSED] - View Account Management Test Suite: Test Cases/Offline PSSI Dashboard Function/Create BE Account Management/View Account Management/PSSIViewAccountManagement]]></system-out>
      <system-err><![CDATA[]]></system-err>
   </testsuite>
</testsuites>
