<?xml version="1.0" encoding="UTF-8"?>
<testsuites name="Create BE Playback Video Test Suite Collection" time="1748.94" tests="22" failures="8" errors="0">
   <testsuite name="Filter Playback Video Test Suite" tests="5" failures="2" errors="0" time="406.096" skipped="0" timestamp="10-01-2024T10:12:33" hostname="USER - DESKTOP-HLRVE9S" id="Test Suites/Create BE Playback Video/Filter Playback Video Test Suite">
      <properties>
         <property name="deviceName" value=""/>
         <property name="devicePlatform" value=""/>
         <property name="logFolder" value="C:\\Users\\USER\\git\\Kecilin-Automation-Test\\Reports\\20240110_101141\\Create BE Playback Video\\Filter Playback Video Test Suite\\20240110_101145"/>
         <property name="logFiles" value="C:\\Users\\USER\\git\\Kecilin-Automation-Test\\Reports\\20240110_101141\\Create BE Playback Video\\Filter Playback Video Test Suite\\20240110_101145\\execution0.log"/>
         <property name="attachments" value="C:\\Users\\USER\\git\\Kecilin-Automation-Test\\Reports\\20240110_101141\\Create BE Playback Video\\Filter Playback Video Test Suite\\20240110_101145\\1704856433223.png, C:\\Users\\USER\\git\\Kecilin-Automation-Test\\Reports\\20240110_101141\\Create BE Playback Video\\Filter Playback Video Test Suite\\20240110_101145\\1704856464257.png, C:\\Users\\USER\\git\\Kecilin-Automation-Test\\Reports\\20240110_101141\\Create BE Playback Video\\Filter Playback Video Test Suite\\20240110_101145\\1704856503891.png, C:\\Users\\USER\\git\\Kecilin-Automation-Test\\Reports\\20240110_101141\\Create BE Playback Video\\Filter Playback Video Test Suite\\20240110_101145\\1704856544877.png, C:\\Users\\USER\\git\\Kecilin-Automation-Test\\Reports\\20240110_101141\\Create BE Playback Video\\Filter Playback Video Test Suite\\20240110_101145\\1704856613513.png, C:\\Users\\USER\\git\\Kecilin-Automation-Test\\Reports\\20240110_101141\\Create BE Playback Video\\Filter Playback Video Test Suite\\20240110_101145\\1704856647259.png, C:\\Users\\USER\\git\\Kecilin-Automation-Test\\Reports\\20240110_101141\\Create BE Playback Video\\Filter Playback Video Test Suite\\20240110_101145\\1704856685184.png, C:\\Users\\USER\\git\\Kecilin-Automation-Test\\Reports\\20240110_101141\\Create BE Playback Video\\Filter Playback Video Test Suite\\20240110_101145\\1704856730141.png"/>
         <property name="hostName" value="USER - DESKTOP-HLRVE9S"/>
         <property name="os" value="Windows 10 64bit"/>
         <property name="katalonVersion" value="9.2.0.212"/>
         <property name="browser" value="Chrome 120.0.0.0"/>
         <property name="hostAddress" value="192.168.100.189"/>
         <property name="sessionId" value="7622480a1e53fb60a205401dde3bf00a"/>
         <property name="seleniumVersion" value="3.141.59"/>
         <property name="proxyInformation" value="ProxyInformation { proxyOption=NO_PROXY, proxyServerType=HTTP, username=, password=********, proxyServerAddress=, proxyServerPort=0, executionList=&quot;&quot;, isApplyToDesiredCapabilities=true }"/>
         <property name="platform" value="Windows 10"/>
      </properties>
      <testcase name="Test Cases/Offline PSSI Dashboard Function/Create BE Playback Video/Filter Playback Video/Negative Test Case/PSSIFilterEmptyStadiumAndCam" time="33.68" classname="Test Cases/Offline PSSI Dashboard Function/Create BE Playback Video/Filter Playback Video/Negative Test Case/PSSIFilterEmptyStadiumAndCam" status="PASSED">
         <system-out><![CDATA[10-01-2024T10:12:34 - [TEST_CASE][PASSED] - Test Cases/Offline PSSI Dashboard Function/Create BE Playback Video/Filter Playback Video/Negative Test Case/PSSIFilterEmptyStadiumAndCam: Test Cases/Offline PSSI Dashboard Function/Create BE Playback Video/Filter Playback Video/Negative Test Case/PSSIFilterEmptyStadiumAndCam

10-01-2024T10:12:35 - [TEST_STEP][PASSED] - baseUrl = offline_pssi_dashboard_url: null

10-01-2024T10:12:38 - [TEST_STEP][PASSED] - callTestCase(findTestCase("Offline PSSI Dashboard Function/Create BE Playback Video/View Playback Video Data/PSSIViewPlaybackVideo"), [:]): Call Test Case 'Test Cases/Offline PSSI Dashboard Function/Create BE Playback Video/View Playback Video Data/PSSIViewPlaybackVideo' successfully

10-01-2024T10:12:39 - [TEST_CASE][PASSED] - Test Cases/Offline PSSI Dashboard Function/Create BE Playback Video/View Playback Video Data/PSSIViewPlaybackVideo: Test Cases/Offline PSSI Dashboard Function/Create BE Playback Video/View Playback Video Data/PSSIViewPlaybackVideo

10-01-2024T10:12:40 - [TEST_STEP][PASSED] - baseUrl = offline_pssi_dashboard_url: null

10-01-2024T10:12:40 - [TEST_STEP][PASSED] - callTestCase(findTestCase("Offline PSSI Dashboard Function/Sign In/PSSISignInValidData"), [:]): Call Test Case 'Test Cases/Offline PSSI Dashboard Function/Sign In/PSSISignInValidData' successfully

10-01-2024T10:12:40 - [TEST_CASE][PASSED] - Test Cases/Offline PSSI Dashboard Function/Sign In/PSSISignInValidData: Test Cases/Offline PSSI Dashboard Function/Sign In/PSSISignInValidData

10-01-2024T10:12:41 - [TEST_STEP][PASSED] - failureHandling = STOP_ON_FAILURE: null

10-01-2024T10:12:41 - [TEST_STEP][PASSED] - baseUrl = offline_pssi_dashboard_url: null

10-01-2024T10:12:41 - [TEST_STEP][PASSED] - openBrowser(""): Browser is opened with url: ''

10-01-2024T10:12:43 - [MESSAGE][INFO] - Starting 'Chrome' driver

10-01-2024T10:12:44 - [MESSAGE][INFO] - Action delay is set to 0 milliseconds

10-01-2024T10:12:50 - [MESSAGE][PASSED] - Browser is opened with url: ''

10-01-2024T10:12:50 - [TEST_STEP][PASSED] - navigateToUrl(baseUrl): Navigate to 'https://monitoring.pssi-dev.kecilin.id' successfully

10-01-2024T10:12:53 - [MESSAGE][PASSED] - Navigate to 'https://monitoring.pssi-dev.kecilin.id' successfully

10-01-2024T10:12:53 - [TEST_STEP][PASSED] - maximizeWindow(): Current window maximized

10-01-2024T10:12:53 - [MESSAGE][PASSED] - Current window maximized

10-01-2024T10:12:53 - [TEST_STEP][PASSED] - setText(findTestObject("Object Repository/Page_Login/input_email"), "superadmin@app.com"): Text 'superadmin@app.com' is set on object 'Object Repository/Page_Login/input_email'

10-01-2024T10:12:55 - [MESSAGE][PASSED] - Text 'superadmin@app.com' is set on object 'Object Repository/Page_Login/input_email'

10-01-2024T10:12:55 - [TEST_STEP][PASSED] - setEncryptedText(findTestObject("Object Repository/Page_Login/input_password"), "8SQVv/p9jVScEs4/2CZsLw=="): Text ****** has been set on object 'Object Repository/Page_Login/input_password'

10-01-2024T10:12:56 - [MESSAGE][PASSED] - Text ****** has been set on object 'Object Repository/Page_Login/input_password'

10-01-2024T10:12:56 - [TEST_STEP][PASSED] - click(findTestObject("Object Repository/Page_Login/button_Sign In")): Object: 'Object Repository/Page_Login/button_Sign In' is clicked on

10-01-2024T10:13:00 - [MESSAGE][PASSED] - Object: 'Object Repository/Page_Login/button_Sign In' is clicked on

10-01-2024T10:13:00 - [MESSAGE][PASSED] - Call Test Case 'Test Cases/Offline PSSI Dashboard Function/Sign In/PSSISignInValidData' successfully

10-01-2024T10:13:00 - [TEST_STEP][PASSED] - navigateToUrl(baseUrl + "/playback_video"): Navigate to 'https://monitoring.pssi-dev.kecilin.id/playback_video' successfully

10-01-2024T10:13:01 - [MESSAGE][PASSED] - Navigate to 'https://monitoring.pssi-dev.kecilin.id/playback_video' successfully

10-01-2024T10:13:01 - [MESSAGE][PASSED] - Call Test Case 'Test Cases/Offline PSSI Dashboard Function/Create BE Playback Video/View Playback Video Data/PSSIViewPlaybackVideo' successfully

10-01-2024T10:13:01 - [TEST_STEP][PASSED] - verifyElementNotPresent(findTestObject("Page_Playback Video/CCTV Selection Bar"), 0): Web element with id: 'Object Repository/Page_Playback Video/CCTV Selection Bar' located by 'By.xpath: id("select2-cctv-container")[count(. | //span[@class = 'select2-selection__rendered' and @id = 'select2-cctv-container' and @role = 'textbox' and @aria-readonly = 'true' and @title = '-- Search CCTV --' and (text() = '-- Search CCTV --' or . = '-- Search CCTV --')]) = count(//span[@class = 'select2-selection__rendered' and @id = 'select2-cctv-container' and @role = 'textbox' and @aria-readonly = 'true' and @title = '-- Search CCTV --' and (text() = '-- Search CCTV --' or . = '-- Search CCTV --')])]' is not present after '1' second(s)

10-01-2024T10:13:02 - [MESSAGE][WARNING] - Timeout '0' is invalid. Using default page load timeout: '1'

10-01-2024T10:13:03 - [MESSAGE][PASSED] - Web element with id: 'Object Repository/Page_Playback Video/CCTV Selection Bar' located by 'By.xpath: id("select2-cctv-container")[count(. | //span[@class = 'select2-selection__rendered' and @id = 'select2-cctv-container' and @role = 'textbox' and @aria-readonly = 'true' and @title = '-- Search CCTV --' and (text() = '-- Search CCTV --' or . = '-- Search CCTV --')]) = count(//span[@class = 'select2-selection__rendered' and @id = 'select2-cctv-container' and @role = 'textbox' and @aria-readonly = 'true' and @title = '-- Search CCTV --' and (text() = '-- Search CCTV --' or . = '-- Search CCTV --')])]' is not present after '1' second(s)

10-01-2024T10:13:03 - [TEST_STEP][PASSED] - setText(findTestObject("Page_Playback Video/input_Date_field"), "11112023"): Text '11112023' is set on object 'Object Repository/Page_Playback Video/input_Date_field'

10-01-2024T10:13:04 - [MESSAGE][PASSED] - Text '11112023' is set on object 'Object Repository/Page_Playback Video/input_Date_field'

10-01-2024T10:13:04 - [TEST_STEP][PASSED] - verifyElementNotClickable(findTestObject("Page_Playback Video/button_Search")): Object 'Object Repository/Page_Playback Video/button_Search' is NOT clickable

10-01-2024T10:13:04 - [MESSAGE][PASSED] - Object 'Object Repository/Page_Playback Video/button_Search' is NOT clickable

10-01-2024T10:13:04 - [TEST_STEP][PASSED] - verifyTextNotPresent("Size", false): Text 'Size' is not present on page

10-01-2024T10:13:05 - [MESSAGE][PASSED] - Text 'Size' is not present on page

10-01-2024T10:13:05 - [TEST_STEP][PASSED] - verifyTextNotPresent("Name", false): Text 'Name' is not present on page

10-01-2024T10:13:06 - [MESSAGE][PASSED] - Text 'Name' is not present on page

10-01-2024T10:13:06 - [TEST_STEP][PASSED] - verifyTextNotPresent("Date Time", false): Text 'Date Time' is not present on page

10-01-2024T10:13:07 - [MESSAGE][PASSED] - Text 'Date Time' is not present on page

10-01-2024T10:13:07 - [TEST_STEP][PASSED] - verifyTextNotPresent("Action", false): Text 'Action' is not present on page

10-01-2024T10:13:07 - [MESSAGE][PASSED] - Text 'Action' is not present on page]]></system-out>
         <system-err><![CDATA[]]></system-err>
      </testcase>
      <testcase name="Test Cases/Offline PSSI Dashboard Function/Create BE Playback Video/Filter Playback Video/Negative Test Case/PSSIFilterInvalidDate" time="40.858" classname="Test Cases/Offline PSSI Dashboard Function/Create BE Playback Video/Filter Playback Video/Negative Test Case/PSSIFilterInvalidDate" status="FAILED">
         <failure type="FAILED" message="Test Cases/Offline PSSI Dashboard Function/Create BE Playback Video/Filter Playback Video/Negative Test Case/PSSIFilterInvalidDate FAILED.&#xa;Reason:&#xa;com.kms.katalon.core.exception.StepFailedException: Unable to verify text 'Size' is not present &#xa;	at com.kms.katalon.core.webui.keyword.internal.WebUIKeywordMain.stepFailed(WebUIKeywordMain.groovy:64)&#xa;	at com.kms.katalon.core.webui.keyword.internal.WebUIKeywordMain.runKeyword(WebUIKeywordMain.groovy:26)&#xa;	at com.kms.katalon.core.webui.keyword.builtin.VerifyTextNotPresentKeyword.verifyTextNotPresent(VerifyTextNotPresentKeyword.groovy:82)&#xa;	at com.kms.katalon.core.webui.keyword.builtin.VerifyTextNotPresentKeyword.execute(VerifyTextNotPresentKeyword.groovy:68)&#xa;	at com.kms.katalon.core.keyword.internal.KeywordExecutor.executeKeywordForPlatform(KeywordExecutor.groovy:74)&#xa;	at com.kms.katalon.core.webui.keyword.WebUiBuiltInKeywords.verifyTextNotPresent(WebUiBuiltInKeywords.groovy:1795)&#xa;	at PSSIFilterInvalidDate.run(PSSIFilterInvalidDate:51)&#xa;	at com.kms.katalon.core.main.ScriptEngine.run(ScriptEngine.java:194)&#xa;	at com.kms.katalon.core.main.ScriptEngine.runScriptAsRawText(ScriptEngine.java:119)&#xa;	at com.kms.katalon.core.main.TestCaseExecutor.runScript(TestCaseExecutor.java:448)&#xa;	at com.kms.katalon.core.main.TestCaseExecutor.doExecute(TestCaseExecutor.java:439)&#xa;	at com.kms.katalon.core.main.TestCaseExecutor.processExecutionPhase(TestCaseExecutor.java:418)&#xa;	at com.kms.katalon.core.main.TestCaseExecutor.accessMainPhase(TestCaseExecutor.java:410)&#xa;	at com.kms.katalon.core.main.TestCaseExecutor.execute(TestCaseExecutor.java:285)&#xa;	at com.kms.katalon.core.main.TestCaseExecutor.execute(TestCaseExecutor.java:369)&#xa;	at com.kms.katalon.core.main.TestCaseExecutor.execute(TestCaseExecutor.java:369)&#xa;	at com.kms.katalon.core.main.TestCaseExecutor.execute(TestCaseExecutor.java:369)&#xa;	at com.kms.katalon.core.common.CommonExecutor.accessTestCaseMainPhase(CommonExecutor.java:65)&#xa;	at com.kms.katalon.core.main.TestSuiteExecutor.accessTestSuiteMainPhase(TestSuiteExecutor.java:148)&#xa;	at com.kms.katalon.core.main.TestSuiteExecutor.execute(TestSuiteExecutor.java:106)&#xa;	at com.kms.katalon.core.main.TestCaseMain.startTestSuite(TestCaseMain.java:180)&#xa;	at TempTestSuite1704856305258.run(TempTestSuite1704856305258.groovy:36)&#xa;	at java.base/jdk.internal.reflect.NativeMethodAccessorImpl.invoke0(Native Method)&#xa;	at java.base/jdk.internal.reflect.NativeMethodAccessorImpl.invoke(NativeMethodAccessorImpl.java:77)&#xa;	at java.base/jdk.internal.reflect.DelegatingMethodAccessorImpl.invoke(DelegatingMethodAccessorImpl.java:43)&#xa;Caused by: com.kms.katalon.core.exception.StepFailedException: Text 'Size' is present on page &#xa;	at com.kms.katalon.core.webui.keyword.internal.WebUIKeywordMain.stepFailed(WebUIKeywordMain.groovy:64)&#xa;	at com.kms.katalon.core.webui.keyword.builtin.VerifyTextNotPresentKeyword$_verifyTextNotPresent_closure1.doCall(VerifyTextNotPresentKeyword.groovy:77)&#xa;	at com.kms.katalon.core.webui.keyword.builtin.VerifyTextNotPresentKeyword$_verifyTextNotPresent_closure1.call(VerifyTextNotPresentKeyword.groovy)&#xa;	at com.kms.katalon.core.webui.keyword.internal.WebUIKeywordMain.runKeyword(WebUIKeywordMain.groovy:20)&#xa;	... 23 more&#xa;"/>
         <system-out><![CDATA[10-01-2024T10:15:04 - [TEST_CASE][FAILED] - Test Cases/Offline PSSI Dashboard Function/Create BE Playback Video/Filter Playback Video/Negative Test Case/PSSIFilterInvalidDate: Test Cases/Offline PSSI Dashboard Function/Create BE Playback Video/Filter Playback Video/Negative Test Case/PSSIFilterInvalidDate FAILED.
Reason:
com.kms.katalon.core.exception.StepFailedException: Unable to verify text 'Size' is not present 
	at com.kms.katalon.core.webui.keyword.internal.WebUIKeywordMain.stepFailed(WebUIKeywordMain.groovy:64)
	at com.kms.katalon.core.webui.keyword.internal.WebUIKeywordMain.runKeyword(WebUIKeywordMain.groovy:26)
	at com.kms.katalon.core.webui.keyword.builtin.VerifyTextNotPresentKeyword.verifyTextNotPresent(VerifyTextNotPresentKeyword.groovy:82)
	at com.kms.katalon.core.webui.keyword.builtin.VerifyTextNotPresentKeyword.execute(VerifyTextNotPresentKeyword.groovy:68)
	at com.kms.katalon.core.keyword.internal.KeywordExecutor.executeKeywordForPlatform(KeywordExecutor.groovy:74)
	at com.kms.katalon.core.webui.keyword.WebUiBuiltInKeywords.verifyTextNotPresent(WebUiBuiltInKeywords.groovy:1795)
	at PSSIFilterInvalidDate.run(PSSIFilterInvalidDate:51)
	at com.kms.katalon.core.main.ScriptEngine.run(ScriptEngine.java:194)
	at com.kms.katalon.core.main.ScriptEngine.runScriptAsRawText(ScriptEngine.java:119)
	at com.kms.katalon.core.main.TestCaseExecutor.runScript(TestCaseExecutor.java:448)
	at com.kms.katalon.core.main.TestCaseExecutor.doExecute(TestCaseExecutor.java:439)
	at com.kms.katalon.core.main.TestCaseExecutor.processExecutionPhase(TestCaseExecutor.java:418)
	at com.kms.katalon.core.main.TestCaseExecutor.accessMainPhase(TestCaseExecutor.java:410)
	at com.kms.katalon.core.main.TestCaseExecutor.execute(TestCaseExecutor.java:285)
	at com.kms.katalon.core.main.TestCaseExecutor.execute(TestCaseExecutor.java:369)
	at com.kms.katalon.core.main.TestCaseExecutor.execute(TestCaseExecutor.java:369)
	at com.kms.katalon.core.main.TestCaseExecutor.execute(TestCaseExecutor.java:369)
	at com.kms.katalon.core.common.CommonExecutor.accessTestCaseMainPhase(CommonExecutor.java:65)
	at com.kms.katalon.core.main.TestSuiteExecutor.accessTestSuiteMainPhase(TestSuiteExecutor.java:148)
	at com.kms.katalon.core.main.TestSuiteExecutor.execute(TestSuiteExecutor.java:106)
	at com.kms.katalon.core.main.TestCaseMain.startTestSuite(TestCaseMain.java:180)
	at TempTestSuite1704856305258.run(TempTestSuite1704856305258.groovy:36)
	at java.base/jdk.internal.reflect.NativeMethodAccessorImpl.invoke0(Native Method)
	at java.base/jdk.internal.reflect.NativeMethodAccessorImpl.invoke(NativeMethodAccessorImpl.java:77)
	at java.base/jdk.internal.reflect.DelegatingMethodAccessorImpl.invoke(DelegatingMethodAccessorImpl.java:43)
Caused by: com.kms.katalon.core.exception.StepFailedException: Text 'Size' is present on page 
	at com.kms.katalon.core.webui.keyword.internal.WebUIKeywordMain.stepFailed(WebUIKeywordMain.groovy:64)
	at com.kms.katalon.core.webui.keyword.builtin.VerifyTextNotPresentKeyword$_verifyTextNotPresent_closure1.doCall(VerifyTextNotPresentKeyword.groovy:77)
	at com.kms.katalon.core.webui.keyword.builtin.VerifyTextNotPresentKeyword$_verifyTextNotPresent_closure1.call(VerifyTextNotPresentKeyword.groovy)
	at com.kms.katalon.core.webui.keyword.internal.WebUIKeywordMain.runKeyword(WebUIKeywordMain.groovy:20)
	... 23 more


10-01-2024T10:15:04 - [TEST_STEP][PASSED] - baseUrl = offline_pssi_dashboard_url: null

10-01-2024T10:15:04 - [TEST_STEP][PASSED] - callTestCase(findTestCase("Offline PSSI Dashboard Function/Create BE Playback Video/View Playback Video Data/PSSIViewPlaybackVideo"), [:]): Call Test Case 'Test Cases/Offline PSSI Dashboard Function/Create BE Playback Video/View Playback Video Data/PSSIViewPlaybackVideo' successfully

10-01-2024T10:15:04 - [TEST_CASE][PASSED] - Test Cases/Offline PSSI Dashboard Function/Create BE Playback Video/View Playback Video Data/PSSIViewPlaybackVideo: Test Cases/Offline PSSI Dashboard Function/Create BE Playback Video/View Playback Video Data/PSSIViewPlaybackVideo

10-01-2024T10:15:04 - [TEST_STEP][PASSED] - baseUrl = offline_pssi_dashboard_url: null

10-01-2024T10:15:04 - [TEST_STEP][PASSED] - callTestCase(findTestCase("Offline PSSI Dashboard Function/Sign In/PSSISignInValidData"), [:]): Call Test Case 'Test Cases/Offline PSSI Dashboard Function/Sign In/PSSISignInValidData' successfully

10-01-2024T10:15:04 - [TEST_CASE][PASSED] - Test Cases/Offline PSSI Dashboard Function/Sign In/PSSISignInValidData: Test Cases/Offline PSSI Dashboard Function/Sign In/PSSISignInValidData

10-01-2024T10:15:04 - [TEST_STEP][PASSED] - failureHandling = STOP_ON_FAILURE: null

10-01-2024T10:15:04 - [TEST_STEP][PASSED] - baseUrl = offline_pssi_dashboard_url: null

10-01-2024T10:15:04 - [TEST_STEP][PASSED] - openBrowser(""): Browser is opened with url: ''

10-01-2024T10:15:04 - [MESSAGE][WARNING] - A browser is already opened. Closing browser and opening a new one

10-01-2024T10:15:06 - [MESSAGE][INFO] - Starting 'Chrome' driver

10-01-2024T10:15:06 - [MESSAGE][INFO] - Action delay is set to 0 milliseconds

10-01-2024T10:15:09 - [MESSAGE][PASSED] - Browser is opened with url: ''

10-01-2024T10:15:09 - [TEST_STEP][PASSED] - navigateToUrl(baseUrl): Navigate to 'https://monitoring.pssi-dev.kecilin.id' successfully

10-01-2024T10:15:16 - [MESSAGE][PASSED] - Navigate to 'https://monitoring.pssi-dev.kecilin.id' successfully

10-01-2024T10:15:16 - [TEST_STEP][PASSED] - maximizeWindow(): Current window maximized

10-01-2024T10:15:16 - [MESSAGE][PASSED] - Current window maximized

10-01-2024T10:15:16 - [TEST_STEP][PASSED] - setText(findTestObject("Object Repository/Page_Login/input_email"), "superadmin@app.com"): Text 'superadmin@app.com' is set on object 'Object Repository/Page_Login/input_email'

10-01-2024T10:15:17 - [MESSAGE][PASSED] - Text 'superadmin@app.com' is set on object 'Object Repository/Page_Login/input_email'

10-01-2024T10:15:17 - [TEST_STEP][PASSED] - setEncryptedText(findTestObject("Object Repository/Page_Login/input_password"), "8SQVv/p9jVScEs4/2CZsLw=="): Text ****** has been set on object 'Object Repository/Page_Login/input_password'

10-01-2024T10:15:18 - [MESSAGE][PASSED] - Text ****** has been set on object 'Object Repository/Page_Login/input_password'

10-01-2024T10:15:18 - [TEST_STEP][PASSED] - click(findTestObject("Object Repository/Page_Login/button_Sign In")): Object: 'Object Repository/Page_Login/button_Sign In' is clicked on

10-01-2024T10:15:27 - [MESSAGE][PASSED] - Object: 'Object Repository/Page_Login/button_Sign In' is clicked on

10-01-2024T10:15:27 - [MESSAGE][PASSED] - Call Test Case 'Test Cases/Offline PSSI Dashboard Function/Sign In/PSSISignInValidData' successfully

10-01-2024T10:15:27 - [TEST_STEP][PASSED] - navigateToUrl(baseUrl + "/playback_video"): Navigate to 'https://monitoring.pssi-dev.kecilin.id/playback_video' successfully

10-01-2024T10:15:28 - [MESSAGE][PASSED] - Navigate to 'https://monitoring.pssi-dev.kecilin.id/playback_video' successfully

10-01-2024T10:15:28 - [MESSAGE][PASSED] - Call Test Case 'Test Cases/Offline PSSI Dashboard Function/Create BE Playback Video/View Playback Video Data/PSSIViewPlaybackVideo' successfully

10-01-2024T10:15:28 - [TEST_STEP][PASSED] - verifyElementNotPresent(findTestObject("Page_Playback Video/CCTV Selection Bar"), 0): Web element with id: 'Object Repository/Page_Playback Video/CCTV Selection Bar' located by 'By.xpath: id("select2-cctv-container")[count(. | //span[@class = 'select2-selection__rendered' and @id = 'select2-cctv-container' and @role = 'textbox' and @aria-readonly = 'true' and @title = '-- Search CCTV --' and (text() = '-- Search CCTV --' or . = '-- Search CCTV --')]) = count(//span[@class = 'select2-selection__rendered' and @id = 'select2-cctv-container' and @role = 'textbox' and @aria-readonly = 'true' and @title = '-- Search CCTV --' and (text() = '-- Search CCTV --' or . = '-- Search CCTV --')])]' is not present after '1' second(s)

10-01-2024T10:15:29 - [MESSAGE][WARNING] - Timeout '0' is invalid. Using default page load timeout: '1'

10-01-2024T10:15:29 - [MESSAGE][PASSED] - Web element with id: 'Object Repository/Page_Playback Video/CCTV Selection Bar' located by 'By.xpath: id("select2-cctv-container")[count(. | //span[@class = 'select2-selection__rendered' and @id = 'select2-cctv-container' and @role = 'textbox' and @aria-readonly = 'true' and @title = '-- Search CCTV --' and (text() = '-- Search CCTV --' or . = '-- Search CCTV --')]) = count(//span[@class = 'select2-selection__rendered' and @id = 'select2-cctv-container' and @role = 'textbox' and @aria-readonly = 'true' and @title = '-- Search CCTV --' and (text() = '-- Search CCTV --' or . = '-- Search CCTV --')])]' is not present after '1' second(s)

10-01-2024T10:15:29 - [TEST_STEP][PASSED] - verifyElementClickable(findTestObject("Page_Playback Video/Stadium Selection Bar")): Object 'Object Repository/Page_Playback Video/Stadium Selection Bar' is clickable

10-01-2024T10:15:29 - [MESSAGE][PASSED] - Object 'Object Repository/Page_Playback Video/Stadium Selection Bar' is clickable

10-01-2024T10:15:29 - [TEST_STEP][PASSED] - click(findTestObject("Page_Playback Video/Stadium Selection Bar")): Object: 'Object Repository/Page_Playback Video/Stadium Selection Bar' is clicked on

10-01-2024T10:15:30 - [MESSAGE][PASSED] - Object: 'Object Repository/Page_Playback Video/Stadium Selection Bar' is clicked on

10-01-2024T10:15:30 - [TEST_STEP][PASSED] - sendKeys(findTestObject("Page_Playback Video/Stadium Search Field"), Keys.chord(ENTER)): Keys 'ENTER + ' sent to object: 'Object Repository/Page_Playback Video/Stadium Search Field'

10-01-2024T10:15:31 - [MESSAGE][PASSED] - Keys 'ENTER + ' sent to object: 'Object Repository/Page_Playback Video/Stadium Search Field'

10-01-2024T10:15:31 - [TEST_STEP][PASSED] - verifyElementClickable(findTestObject("Page_Playback Video/CCTV Selection Bar")): Object 'Object Repository/Page_Playback Video/CCTV Selection Bar' is clickable

10-01-2024T10:15:32 - [MESSAGE][PASSED] - Object 'Object Repository/Page_Playback Video/CCTV Selection Bar' is clickable

10-01-2024T10:15:32 - [TEST_STEP][PASSED] - click(findTestObject("Page_Playback Video/CCTV Selection Bar")): Object: 'Object Repository/Page_Playback Video/CCTV Selection Bar' is clicked on

10-01-2024T10:15:33 - [MESSAGE][PASSED] - Object: 'Object Repository/Page_Playback Video/CCTV Selection Bar' is clicked on

10-01-2024T10:15:33 - [TEST_STEP][PASSED] - sendKeys(findTestObject("Page_Playback Video/CCTV Search Field"), Keys.chord(ARROW_DOWN)): Keys 'DOWN + ' sent to object: 'Object Repository/Page_Playback Video/CCTV Search Field'

10-01-2024T10:15:34 - [MESSAGE][PASSED] - Keys 'DOWN + ' sent to object: 'Object Repository/Page_Playback Video/CCTV Search Field'

10-01-2024T10:15:34 - [TEST_STEP][PASSED] - sendKeys(findTestObject("Page_Playback Video/CCTV Search Field"), Keys.chord(ENTER)): Keys 'ENTER + ' sent to object: 'Object Repository/Page_Playback Video/CCTV Search Field'

10-01-2024T10:15:34 - [MESSAGE][PASSED] - Keys 'ENTER + ' sent to object: 'Object Repository/Page_Playback Video/CCTV Search Field'

10-01-2024T10:15:34 - [TEST_STEP][PASSED] - setText(findTestObject("Page_Playback Video/input_Date_field"), "20012024"): Text '20012024' is set on object 'Object Repository/Page_Playback Video/input_Date_field'

10-01-2024T10:15:36 - [MESSAGE][PASSED] - Text '20012024' is set on object 'Object Repository/Page_Playback Video/input_Date_field'

10-01-2024T10:15:36 - [TEST_STEP][PASSED] - verifyElementClickable(findTestObject("Page_Playback Video/button_Search")): Object 'Object Repository/Page_Playback Video/button_Search' is clickable

10-01-2024T10:15:36 - [MESSAGE][PASSED] - Object 'Object Repository/Page_Playback Video/button_Search' is clickable

10-01-2024T10:15:36 - [TEST_STEP][PASSED] - click(findTestObject("Page_Playback Video/button_Search")): Object: 'Object Repository/Page_Playback Video/button_Search' is clicked on

10-01-2024T10:15:37 - [MESSAGE][PASSED] - Object: 'Object Repository/Page_Playback Video/button_Search' is clicked on

10-01-2024T10:15:37 - [TEST_STEP][FAILED] - verifyTextNotPresent("Size", false): Unable to verify text 'Size' is not present  (Root cause: com.kms.katalon.core.exception.StepFailedException: Unable to verify text 'Size' is not present 
	at com.kms.katalon.core.webui.keyword.internal.WebUIKeywordMain.stepFailed(WebUIKeywordMain.groovy:64)
	at com.kms.katalon.core.webui.keyword.internal.WebUIKeywordMain.runKeyword(WebUIKeywordMain.groovy:26)
	at com.kms.katalon.core.webui.keyword.builtin.VerifyTextNotPresentKeyword.verifyTextNotPresent(VerifyTextNotPresentKeyword.groovy:82)
	at com.kms.katalon.core.webui.keyword.builtin.VerifyTextNotPresentKeyword.execute(VerifyTextNotPresentKeyword.groovy:68)
	at com.kms.katalon.core.keyword.internal.KeywordExecutor.executeKeywordForPlatform(KeywordExecutor.groovy:74)
	at com.kms.katalon.core.webui.keyword.WebUiBuiltInKeywords.verifyTextNotPresent(WebUiBuiltInKeywords.groovy:1795)
	at PSSIFilterInvalidDate.run(PSSIFilterInvalidDate:51)
	at com.kms.katalon.core.main.ScriptEngine.run(ScriptEngine.java:194)
	at com.kms.katalon.core.main.ScriptEngine.runScriptAsRawText(ScriptEngine.java:119)
	at com.kms.katalon.core.main.TestCaseExecutor.runScript(TestCaseExecutor.java:448)
	at com.kms.katalon.core.main.TestCaseExecutor.doExecute(TestCaseExecutor.java:439)
	at com.kms.katalon.core.main.TestCaseExecutor.processExecutionPhase(TestCaseExecutor.java:418)
	at com.kms.katalon.core.main.TestCaseExecutor.accessMainPhase(TestCaseExecutor.java:410)
	at com.kms.katalon.core.main.TestCaseExecutor.execute(TestCaseExecutor.java:285)
	at com.kms.katalon.core.main.TestCaseExecutor.execute(TestCaseExecutor.java:369)
	at com.kms.katalon.core.main.TestCaseExecutor.execute(TestCaseExecutor.java:369)
	at com.kms.katalon.core.main.TestCaseExecutor.execute(TestCaseExecutor.java:369)
	at com.kms.katalon.core.common.CommonExecutor.accessTestCaseMainPhase(CommonExecutor.java:65)
	at com.kms.katalon.core.main.TestSuiteExecutor.accessTestSuiteMainPhase(TestSuiteExecutor.java:148)
	at com.kms.katalon.core.main.TestSuiteExecutor.execute(TestSuiteExecutor.java:106)
	at com.kms.katalon.core.main.TestCaseMain.startTestSuite(TestCaseMain.java:180)
	at TempTestSuite1704856305258.run(TempTestSuite1704856305258.groovy:36)
	at java.base/jdk.internal.reflect.NativeMethodAccessorImpl.invoke0(Native Method)
	at java.base/jdk.internal.reflect.NativeMethodAccessorImpl.invoke(NativeMethodAccessorImpl.java:77)
	at java.base/jdk.internal.reflect.DelegatingMethodAccessorImpl.invoke(DelegatingMethodAccessorImpl.java:43)
Caused by: com.kms.katalon.core.exception.StepFailedException: Text 'Size' is present on page 
	at com.kms.katalon.core.webui.keyword.internal.WebUIKeywordMain.stepFailed(WebUIKeywordMain.groovy:64)
	at com.kms.katalon.core.webui.keyword.builtin.VerifyTextNotPresentKeyword$_verifyTextNotPresent_closure1.doCall(VerifyTextNotPresentKeyword.groovy:77)
	at com.kms.katalon.core.webui.keyword.builtin.VerifyTextNotPresentKeyword$_verifyTextNotPresent_closure1.call(VerifyTextNotPresentKeyword.groovy)
	at com.kms.katalon.core.webui.keyword.internal.WebUIKeywordMain.runKeyword(WebUIKeywordMain.groovy:20)
	... 23 more
)

10-01-2024T10:15:44 - [MESSAGE][FAILED] - Text 'Size' is present on page  (Root cause: com.kms.katalon.core.exception.StepFailedException: Text 'Size' is present on page 
	at com.kms.katalon.core.webui.keyword.internal.WebUIKeywordMain.stepFailed(WebUIKeywordMain.groovy:64)
	at com.kms.katalon.core.webui.keyword.builtin.VerifyTextNotPresentKeyword$_verifyTextNotPresent_closure1.doCall(VerifyTextNotPresentKeyword.groovy:77)
	at com.kms.katalon.core.webui.keyword.builtin.VerifyTextNotPresentKeyword$_verifyTextNotPresent_closure1.call(VerifyTextNotPresentKeyword.groovy)
	at com.kms.katalon.core.webui.keyword.internal.WebUIKeywordMain.runKeyword(WebUIKeywordMain.groovy:20)
	at com.kms.katalon.core.webui.keyword.builtin.VerifyTextNotPresentKeyword.verifyTextNotPresent(VerifyTextNotPresentKeyword.groovy:82)
	at com.kms.katalon.core.webui.keyword.builtin.VerifyTextNotPresentKeyword.execute(VerifyTextNotPresentKeyword.groovy:68)
	at com.kms.katalon.core.keyword.internal.KeywordExecutor.executeKeywordForPlatform(KeywordExecutor.groovy:74)
	at com.kms.katalon.core.webui.keyword.WebUiBuiltInKeywords.verifyTextNotPresent(WebUiBuiltInKeywords.groovy:1795)
	at PSSIFilterInvalidDate.run(PSSIFilterInvalidDate:51)
	at com.kms.katalon.core.main.ScriptEngine.run(ScriptEngine.java:194)
	at com.kms.katalon.core.main.ScriptEngine.runScriptAsRawText(ScriptEngine.java:119)
	at com.kms.katalon.core.main.TestCaseExecutor.runScript(TestCaseExecutor.java:448)
	at com.kms.katalon.core.main.TestCaseExecutor.doExecute(TestCaseExecutor.java:439)
	at com.kms.katalon.core.main.TestCaseExecutor.processExecutionPhase(TestCaseExecutor.java:418)
	at com.kms.katalon.core.main.TestCaseExecutor.accessMainPhase(TestCaseExecutor.java:410)
	at com.kms.katalon.core.main.TestCaseExecutor.execute(TestCaseExecutor.java:285)
	at com.kms.katalon.core.main.TestCaseExecutor.execute(TestCaseExecutor.java:369)
	at com.kms.katalon.core.main.TestCaseExecutor.execute(TestCaseExecutor.java:369)
	at com.kms.katalon.core.main.TestCaseExecutor.execute(TestCaseExecutor.java:369)
	at com.kms.katalon.core.common.CommonExecutor.accessTestCaseMainPhase(CommonExecutor.java:65)
	at com.kms.katalon.core.main.TestSuiteExecutor.accessTestSuiteMainPhase(TestSuiteExecutor.java:148)
	at com.kms.katalon.core.main.TestSuiteExecutor.execute(TestSuiteExecutor.java:106)
	at com.kms.katalon.core.main.TestCaseMain.startTestSuite(TestCaseMain.java:180)
	at TempTestSuite1704856305258.run(TempTestSuite1704856305258.groovy:36)
	at java.base/jdk.internal.reflect.NativeMethodAccessorImpl.invoke0(Native Method)
	at java.base/jdk.internal.reflect.NativeMethodAccessorImpl.invoke(NativeMethodAccessorImpl.java:77)
	at java.base/jdk.internal.reflect.DelegatingMethodAccessorImpl.invoke(DelegatingMethodAccessorImpl.java:43)
)

10-01-2024T10:15:45 - [MESSAGE][FAILED] - Unable to verify text 'Size' is not present  (Root cause: com.kms.katalon.core.exception.StepFailedException: Unable to verify text 'Size' is not present 
	at com.kms.katalon.core.webui.keyword.internal.WebUIKeywordMain.stepFailed(WebUIKeywordMain.groovy:64)
	at com.kms.katalon.core.webui.keyword.internal.WebUIKeywordMain.runKeyword(WebUIKeywordMain.groovy:26)
	at com.kms.katalon.core.webui.keyword.builtin.VerifyTextNotPresentKeyword.verifyTextNotPresent(VerifyTextNotPresentKeyword.groovy:82)
	at com.kms.katalon.core.webui.keyword.builtin.VerifyTextNotPresentKeyword.execute(VerifyTextNotPresentKeyword.groovy:68)
	at com.kms.katalon.core.keyword.internal.KeywordExecutor.executeKeywordForPlatform(KeywordExecutor.groovy:74)
	at com.kms.katalon.core.webui.keyword.WebUiBuiltInKeywords.verifyTextNotPresent(WebUiBuiltInKeywords.groovy:1795)
	at PSSIFilterInvalidDate.run(PSSIFilterInvalidDate:51)
	at com.kms.katalon.core.main.ScriptEngine.run(ScriptEngine.java:194)
	at com.kms.katalon.core.main.ScriptEngine.runScriptAsRawText(ScriptEngine.java:119)
	at com.kms.katalon.core.main.TestCaseExecutor.runScript(TestCaseExecutor.java:448)
	at com.kms.katalon.core.main.TestCaseExecutor.doExecute(TestCaseExecutor.java:439)
	at com.kms.katalon.core.main.TestCaseExecutor.processExecutionPhase(TestCaseExecutor.java:418)
	at com.kms.katalon.core.main.TestCaseExecutor.accessMainPhase(TestCaseExecutor.java:410)
	at com.kms.katalon.core.main.TestCaseExecutor.execute(TestCaseExecutor.java:285)
	at com.kms.katalon.core.main.TestCaseExecutor.execute(TestCaseExecutor.java:369)
	at com.kms.katalon.core.main.TestCaseExecutor.execute(TestCaseExecutor.java:369)
	at com.kms.katalon.core.main.TestCaseExecutor.execute(TestCaseExecutor.java:369)
	at com.kms.katalon.core.common.CommonExecutor.accessTestCaseMainPhase(CommonExecutor.java:65)
	at com.kms.katalon.core.main.TestSuiteExecutor.accessTestSuiteMainPhase(TestSuiteExecutor.java:148)
	at com.kms.katalon.core.main.TestSuiteExecutor.execute(TestSuiteExecutor.java:106)
	at com.kms.katalon.core.main.TestCaseMain.startTestSuite(TestCaseMain.java:180)
	at TempTestSuite1704856305258.run(TempTestSuite1704856305258.groovy:36)
	at java.base/jdk.internal.reflect.NativeMethodAccessorImpl.invoke0(Native Method)
	at java.base/jdk.internal.reflect.NativeMethodAccessorImpl.invoke(NativeMethodAccessorImpl.java:77)
	at java.base/jdk.internal.reflect.DelegatingMethodAccessorImpl.invoke(DelegatingMethodAccessorImpl.java:43)
Caused by: com.kms.katalon.core.exception.StepFailedException: Text 'Size' is present on page 
	at com.kms.katalon.core.webui.keyword.internal.WebUIKeywordMain.stepFailed(WebUIKeywordMain.groovy:64)
	at com.kms.katalon.core.webui.keyword.builtin.VerifyTextNotPresentKeyword$_verifyTextNotPresent_closure1.doCall(VerifyTextNotPresentKeyword.groovy:77)
	at com.kms.katalon.core.webui.keyword.builtin.VerifyTextNotPresentKeyword$_verifyTextNotPresent_closure1.call(VerifyTextNotPresentKeyword.groovy)
	at com.kms.katalon.core.webui.keyword.internal.WebUIKeywordMain.runKeyword(WebUIKeywordMain.groovy:20)
	... 23 more
)
[[ATTACHMENT|C:\\Users\\USER\\git\\Kecilin-Automation-Test\\Reports\\20240110_101141\\Create BE Playback Video\\Filter Playback Video Test Suite\\20240110_101145\\1704856544877.png]]]]></system-out>
         <system-err><![CDATA[10-01-2024T10:15:04 - [TEST_CASE][FAILED] - Test Cases/Offline PSSI Dashboard Function/Create BE Playback Video/Filter Playback Video/Negative Test Case/PSSIFilterInvalidDate: Test Cases/Offline PSSI Dashboard Function/Create BE Playback Video/Filter Playback Video/Negative Test Case/PSSIFilterInvalidDate FAILED.
Reason:
com.kms.katalon.core.exception.StepFailedException: Unable to verify text 'Size' is not present 
	at com.kms.katalon.core.webui.keyword.internal.WebUIKeywordMain.stepFailed(WebUIKeywordMain.groovy:64)
	at com.kms.katalon.core.webui.keyword.internal.WebUIKeywordMain.runKeyword(WebUIKeywordMain.groovy:26)
	at com.kms.katalon.core.webui.keyword.builtin.VerifyTextNotPresentKeyword.verifyTextNotPresent(VerifyTextNotPresentKeyword.groovy:82)
	at com.kms.katalon.core.webui.keyword.builtin.VerifyTextNotPresentKeyword.execute(VerifyTextNotPresentKeyword.groovy:68)
	at com.kms.katalon.core.keyword.internal.KeywordExecutor.executeKeywordForPlatform(KeywordExecutor.groovy:74)
	at com.kms.katalon.core.webui.keyword.WebUiBuiltInKeywords.verifyTextNotPresent(WebUiBuiltInKeywords.groovy:1795)
	at PSSIFilterInvalidDate.run(PSSIFilterInvalidDate:51)
	at com.kms.katalon.core.main.ScriptEngine.run(ScriptEngine.java:194)
	at com.kms.katalon.core.main.ScriptEngine.runScriptAsRawText(ScriptEngine.java:119)
	at com.kms.katalon.core.main.TestCaseExecutor.runScript(TestCaseExecutor.java:448)
	at com.kms.katalon.core.main.TestCaseExecutor.doExecute(TestCaseExecutor.java:439)
	at com.kms.katalon.core.main.TestCaseExecutor.processExecutionPhase(TestCaseExecutor.java:418)
	at com.kms.katalon.core.main.TestCaseExecutor.accessMainPhase(TestCaseExecutor.java:410)
	at com.kms.katalon.core.main.TestCaseExecutor.execute(TestCaseExecutor.java:285)
	at com.kms.katalon.core.main.TestCaseExecutor.execute(TestCaseExecutor.java:369)
	at com.kms.katalon.core.main.TestCaseExecutor.execute(TestCaseExecutor.java:369)
	at com.kms.katalon.core.main.TestCaseExecutor.execute(TestCaseExecutor.java:369)
	at com.kms.katalon.core.common.CommonExecutor.accessTestCaseMainPhase(CommonExecutor.java:65)
	at com.kms.katalon.core.main.TestSuiteExecutor.accessTestSuiteMainPhase(TestSuiteExecutor.java:148)
	at com.kms.katalon.core.main.TestSuiteExecutor.execute(TestSuiteExecutor.java:106)
	at com.kms.katalon.core.main.TestCaseMain.startTestSuite(TestCaseMain.java:180)
	at TempTestSuite1704856305258.run(TempTestSuite1704856305258.groovy:36)
	at java.base/jdk.internal.reflect.NativeMethodAccessorImpl.invoke0(Native Method)
	at java.base/jdk.internal.reflect.NativeMethodAccessorImpl.invoke(NativeMethodAccessorImpl.java:77)
	at java.base/jdk.internal.reflect.DelegatingMethodAccessorImpl.invoke(DelegatingMethodAccessorImpl.java:43)
Caused by: com.kms.katalon.core.exception.StepFailedException: Text 'Size' is present on page 
	at com.kms.katalon.core.webui.keyword.internal.WebUIKeywordMain.stepFailed(WebUIKeywordMain.groovy:64)
	at com.kms.katalon.core.webui.keyword.builtin.VerifyTextNotPresentKeyword$_verifyTextNotPresent_closure1.doCall(VerifyTextNotPresentKeyword.groovy:77)
	at com.kms.katalon.core.webui.keyword.builtin.VerifyTextNotPresentKeyword$_verifyTextNotPresent_closure1.call(VerifyTextNotPresentKeyword.groovy)
	at com.kms.katalon.core.webui.keyword.internal.WebUIKeywordMain.runKeyword(WebUIKeywordMain.groovy:20)
	... 23 more]]></system-err>
      </testcase>
      <testcase name="Test Cases/Offline PSSI Dashboard Function/Create BE Playback Video/Filter Playback Video/Negative Test Case/PSSIFilterNoResult" time="41.713" classname="Test Cases/Offline PSSI Dashboard Function/Create BE Playback Video/Filter Playback Video/Negative Test Case/PSSIFilterNoResult" status="PASSED">
         <system-out><![CDATA[10-01-2024T10:15:45 - [TEST_CASE][PASSED] - Test Cases/Offline PSSI Dashboard Function/Create BE Playback Video/Filter Playback Video/Negative Test Case/PSSIFilterNoResult: Test Cases/Offline PSSI Dashboard Function/Create BE Playback Video/Filter Playback Video/Negative Test Case/PSSIFilterNoResult

10-01-2024T10:15:45 - [TEST_STEP][PASSED] - baseUrl = offline_pssi_dashboard_url: null

10-01-2024T10:15:45 - [TEST_STEP][PASSED] - callTestCase(findTestCase("Offline PSSI Dashboard Function/Create BE Playback Video/View Playback Video Data/PSSIViewPlaybackVideo"), [:]): Call Test Case 'Test Cases/Offline PSSI Dashboard Function/Create BE Playback Video/View Playback Video Data/PSSIViewPlaybackVideo' successfully

10-01-2024T10:15:45 - [TEST_CASE][PASSED] - Test Cases/Offline PSSI Dashboard Function/Create BE Playback Video/View Playback Video Data/PSSIViewPlaybackVideo: Test Cases/Offline PSSI Dashboard Function/Create BE Playback Video/View Playback Video Data/PSSIViewPlaybackVideo

10-01-2024T10:15:45 - [TEST_STEP][PASSED] - baseUrl = offline_pssi_dashboard_url: null

10-01-2024T10:15:45 - [TEST_STEP][PASSED] - callTestCase(findTestCase("Offline PSSI Dashboard Function/Sign In/PSSISignInValidData"), [:]): Call Test Case 'Test Cases/Offline PSSI Dashboard Function/Sign In/PSSISignInValidData' successfully

10-01-2024T10:15:45 - [TEST_CASE][PASSED] - Test Cases/Offline PSSI Dashboard Function/Sign In/PSSISignInValidData: Test Cases/Offline PSSI Dashboard Function/Sign In/PSSISignInValidData

10-01-2024T10:15:46 - [TEST_STEP][PASSED] - failureHandling = STOP_ON_FAILURE: null

10-01-2024T10:15:46 - [TEST_STEP][PASSED] - baseUrl = offline_pssi_dashboard_url: null

10-01-2024T10:15:46 - [TEST_STEP][PASSED] - openBrowser(""): Browser is opened with url: ''

10-01-2024T10:15:46 - [MESSAGE][WARNING] - A browser is already opened. Closing browser and opening a new one

10-01-2024T10:15:46 - [MESSAGE][INFO] - Starting 'Chrome' driver

10-01-2024T10:15:46 - [MESSAGE][INFO] - Action delay is set to 0 milliseconds

10-01-2024T10:15:47 - [MESSAGE][PASSED] - Browser is opened with url: ''

10-01-2024T10:15:47 - [TEST_STEP][PASSED] - navigateToUrl(baseUrl): Navigate to 'https://monitoring.pssi-dev.kecilin.id' successfully

10-01-2024T10:15:49 - [MESSAGE][PASSED] - Navigate to 'https://monitoring.pssi-dev.kecilin.id' successfully

10-01-2024T10:15:49 - [TEST_STEP][PASSED] - maximizeWindow(): Current window maximized

10-01-2024T10:15:49 - [MESSAGE][PASSED] - Current window maximized

10-01-2024T10:15:49 - [TEST_STEP][PASSED] - setText(findTestObject("Object Repository/Page_Login/input_email"), "superadmin@app.com"): Text 'superadmin@app.com' is set on object 'Object Repository/Page_Login/input_email'

10-01-2024T10:15:51 - [MESSAGE][PASSED] - Text 'superadmin@app.com' is set on object 'Object Repository/Page_Login/input_email'

10-01-2024T10:15:51 - [TEST_STEP][PASSED] - setEncryptedText(findTestObject("Object Repository/Page_Login/input_password"), "8SQVv/p9jVScEs4/2CZsLw=="): Text ****** has been set on object 'Object Repository/Page_Login/input_password'

10-01-2024T10:15:51 - [MESSAGE][PASSED] - Text ****** has been set on object 'Object Repository/Page_Login/input_password'

10-01-2024T10:15:51 - [TEST_STEP][PASSED] - click(findTestObject("Object Repository/Page_Login/button_Sign In")): Object: 'Object Repository/Page_Login/button_Sign In' is clicked on

10-01-2024T10:15:59 - [MESSAGE][PASSED] - Object: 'Object Repository/Page_Login/button_Sign In' is clicked on

10-01-2024T10:15:59 - [MESSAGE][PASSED] - Call Test Case 'Test Cases/Offline PSSI Dashboard Function/Sign In/PSSISignInValidData' successfully

10-01-2024T10:15:59 - [TEST_STEP][PASSED] - navigateToUrl(baseUrl + "/playback_video"): Navigate to 'https://monitoring.pssi-dev.kecilin.id/playback_video' successfully

10-01-2024T10:16:12 - [MESSAGE][PASSED] - Navigate to 'https://monitoring.pssi-dev.kecilin.id/playback_video' successfully

10-01-2024T10:16:12 - [MESSAGE][PASSED] - Call Test Case 'Test Cases/Offline PSSI Dashboard Function/Create BE Playback Video/View Playback Video Data/PSSIViewPlaybackVideo' successfully

10-01-2024T10:16:12 - [TEST_STEP][PASSED] - verifyElementNotPresent(findTestObject("Page_Playback Video/CCTV Selection Bar"), 0): Web element with id: 'Object Repository/Page_Playback Video/CCTV Selection Bar' located by 'By.xpath: id("select2-cctv-container")[count(. | //span[@class = 'select2-selection__rendered' and @id = 'select2-cctv-container' and @role = 'textbox' and @aria-readonly = 'true' and @title = '-- Search CCTV --' and (text() = '-- Search CCTV --' or . = '-- Search CCTV --')]) = count(//span[@class = 'select2-selection__rendered' and @id = 'select2-cctv-container' and @role = 'textbox' and @aria-readonly = 'true' and @title = '-- Search CCTV --' and (text() = '-- Search CCTV --' or . = '-- Search CCTV --')])]' is not present after '1' second(s)

10-01-2024T10:16:12 - [MESSAGE][WARNING] - Timeout '0' is invalid. Using default page load timeout: '1'

10-01-2024T10:16:12 - [MESSAGE][PASSED] - Web element with id: 'Object Repository/Page_Playback Video/CCTV Selection Bar' located by 'By.xpath: id("select2-cctv-container")[count(. | //span[@class = 'select2-selection__rendered' and @id = 'select2-cctv-container' and @role = 'textbox' and @aria-readonly = 'true' and @title = '-- Search CCTV --' and (text() = '-- Search CCTV --' or . = '-- Search CCTV --')]) = count(//span[@class = 'select2-selection__rendered' and @id = 'select2-cctv-container' and @role = 'textbox' and @aria-readonly = 'true' and @title = '-- Search CCTV --' and (text() = '-- Search CCTV --' or . = '-- Search CCTV --')])]' is not present after '1' second(s)

10-01-2024T10:16:12 - [TEST_STEP][PASSED] - verifyElementClickable(findTestObject("Page_Playback Video/Stadium Selection Bar")): Object 'Object Repository/Page_Playback Video/Stadium Selection Bar' is clickable

10-01-2024T10:16:13 - [MESSAGE][PASSED] - Object 'Object Repository/Page_Playback Video/Stadium Selection Bar' is clickable

10-01-2024T10:16:13 - [TEST_STEP][PASSED] - click(findTestObject("Page_Playback Video/Stadium Selection Bar")): Object: 'Object Repository/Page_Playback Video/Stadium Selection Bar' is clicked on

10-01-2024T10:16:14 - [MESSAGE][PASSED] - Object: 'Object Repository/Page_Playback Video/Stadium Selection Bar' is clicked on

10-01-2024T10:16:14 - [TEST_STEP][PASSED] - sendKeys(findTestObject("Page_Playback Video/Stadium Search Field"), Keys.chord(ENTER)): Keys 'ENTER + ' sent to object: 'Object Repository/Page_Playback Video/Stadium Search Field'

10-01-2024T10:16:15 - [MESSAGE][PASSED] - Keys 'ENTER + ' sent to object: 'Object Repository/Page_Playback Video/Stadium Search Field'

10-01-2024T10:16:15 - [TEST_STEP][PASSED] - verifyElementClickable(findTestObject("Page_Playback Video/CCTV Selection Bar")): Object 'Object Repository/Page_Playback Video/CCTV Selection Bar' is clickable

10-01-2024T10:16:16 - [MESSAGE][PASSED] - Object 'Object Repository/Page_Playback Video/CCTV Selection Bar' is clickable

10-01-2024T10:16:16 - [TEST_STEP][PASSED] - click(findTestObject("Page_Playback Video/CCTV Selection Bar")): Object: 'Object Repository/Page_Playback Video/CCTV Selection Bar' is clicked on

10-01-2024T10:16:17 - [MESSAGE][PASSED] - Object: 'Object Repository/Page_Playback Video/CCTV Selection Bar' is clicked on

10-01-2024T10:16:17 - [TEST_STEP][PASSED] - sendKeys(findTestObject("Page_Playback Video/CCTV Search Field"), Keys.chord(ENTER)): Keys 'ENTER + ' sent to object: 'Object Repository/Page_Playback Video/CCTV Search Field'

10-01-2024T10:16:17 - [MESSAGE][PASSED] - Keys 'ENTER + ' sent to object: 'Object Repository/Page_Playback Video/CCTV Search Field'

10-01-2024T10:16:17 - [TEST_STEP][PASSED] - verifyElementClickable(findTestObject("Page_Playback Video/button_Search")): Object 'Object Repository/Page_Playback Video/button_Search' is clickable

10-01-2024T10:16:18 - [MESSAGE][PASSED] - Object 'Object Repository/Page_Playback Video/button_Search' is clickable

10-01-2024T10:16:18 - [TEST_STEP][PASSED] - click(findTestObject("Page_Playback Video/button_Search")): Object: 'Object Repository/Page_Playback Video/button_Search' is clicked on

10-01-2024T10:16:18 - [MESSAGE][PASSED] - Object: 'Object Repository/Page_Playback Video/button_Search' is clicked on

10-01-2024T10:16:18 - [TEST_STEP][PASSED] - verifyTextPresent("Size", false): Text 'Size' is present on page 

10-01-2024T10:16:25 - [MESSAGE][PASSED] - Text 'Size' is present on page 

10-01-2024T10:16:25 - [TEST_STEP][PASSED] - verifyTextPresent("Name", false): Text 'Name' is present on page 

10-01-2024T10:16:25 - [MESSAGE][PASSED] - Text 'Name' is present on page 

10-01-2024T10:16:25 - [TEST_STEP][PASSED] - verifyTextPresent("Date Time", false): Text 'Date Time' is present on page 

10-01-2024T10:16:26 - [MESSAGE][PASSED] - Text 'Date Time' is present on page 

10-01-2024T10:16:26 - [TEST_STEP][PASSED] - verifyTextPresent("Action", false): Text 'Action' is present on page 

10-01-2024T10:16:26 - [MESSAGE][PASSED] - Text 'Action' is present on page 

10-01-2024T10:16:26 - [TEST_STEP][PASSED] - verifyTextPresent("No data available in table", false): Text 'No data available in table' is present on page 

10-01-2024T10:16:26 - [MESSAGE][PASSED] - Text 'No data available in table' is present on page]]></system-out>
         <system-err><![CDATA[]]></system-err>
      </testcase>
      <testcase name="Test Cases/Offline PSSI Dashboard Function/Create BE Playback Video/Filter Playback Video/Positive Test Case/PSSIFilterDate" time="44.991" classname="Test Cases/Offline PSSI Dashboard Function/Create BE Playback Video/Filter Playback Video/Positive Test Case/PSSIFilterDate" status="FAILED">
         <failure type="FAILED" message="Test Cases/Offline PSSI Dashboard Function/Create BE Playback Video/Filter Playback Video/Positive Test Case/PSSIFilterDate FAILED.&#xa;Reason:&#xa;com.kms.katalon.core.exception.StepFailedException: Unable to verify text '.*2023-11-11.*' is present  using regular expression&#xa;	at com.kms.katalon.core.webui.keyword.internal.WebUIKeywordMain.stepFailed(WebUIKeywordMain.groovy:64)&#xa;	at com.kms.katalon.core.webui.keyword.internal.WebUIKeywordMain.runKeyword(WebUIKeywordMain.groovy:26)&#xa;	at com.kms.katalon.core.webui.keyword.builtin.VerifyTextPresentKeyword.verifyTextPresent(VerifyTextPresentKeyword.groovy:83)&#xa;	at com.kms.katalon.core.webui.keyword.builtin.VerifyTextPresentKeyword.execute(VerifyTextPresentKeyword.groovy:68)&#xa;	at com.kms.katalon.core.keyword.internal.KeywordExecutor.executeKeywordForPlatform(KeywordExecutor.groovy:74)&#xa;	at com.kms.katalon.core.webui.keyword.WebUiBuiltInKeywords.verifyTextPresent(WebUiBuiltInKeywords.groovy:1762)&#xa;	at PSSIFilterDate.run(PSSIFilterDate:56)&#xa;	at com.kms.katalon.core.main.ScriptEngine.run(ScriptEngine.java:194)&#xa;	at com.kms.katalon.core.main.ScriptEngine.runScriptAsRawText(ScriptEngine.java:119)&#xa;	at com.kms.katalon.core.main.TestCaseExecutor.runScript(TestCaseExecutor.java:448)&#xa;	at com.kms.katalon.core.main.TestCaseExecutor.doExecute(TestCaseExecutor.java:439)&#xa;	at com.kms.katalon.core.main.TestCaseExecutor.processExecutionPhase(TestCaseExecutor.java:418)&#xa;	at com.kms.katalon.core.main.TestCaseExecutor.accessMainPhase(TestCaseExecutor.java:410)&#xa;	at com.kms.katalon.core.main.TestCaseExecutor.execute(TestCaseExecutor.java:285)&#xa;	at com.kms.katalon.core.main.TestCaseExecutor.execute(TestCaseExecutor.java:369)&#xa;	at com.kms.katalon.core.main.TestCaseExecutor.execute(TestCaseExecutor.java:369)&#xa;	at com.kms.katalon.core.main.TestCaseExecutor.execute(TestCaseExecutor.java:369)&#xa;	at com.kms.katalon.core.common.CommonExecutor.accessTestCaseMainPhase(CommonExecutor.java:65)&#xa;	at com.kms.katalon.core.main.TestSuiteExecutor.accessTestSuiteMainPhase(TestSuiteExecutor.java:148)&#xa;	at com.kms.katalon.core.main.TestSuiteExecutor.execute(TestSuiteExecutor.java:106)&#xa;	at com.kms.katalon.core.main.TestCaseMain.startTestSuite(TestCaseMain.java:180)&#xa;	at TempTestSuite1704856305258.run(TempTestSuite1704856305258.groovy:36)&#xa;	at java.base/jdk.internal.reflect.NativeMethodAccessorImpl.invoke0(Native Method)&#xa;	at java.base/jdk.internal.reflect.NativeMethodAccessorImpl.invoke(NativeMethodAccessorImpl.java:77)&#xa;	at java.base/jdk.internal.reflect.DelegatingMethodAccessorImpl.invoke(DelegatingMethodAccessorImpl.java:43)&#xa;Caused by: com.kms.katalon.core.exception.StepFailedException: Text '.*2023-11-11.*' is not present on page  using regular expression&#xa;	at com.kms.katalon.core.webui.keyword.internal.WebUIKeywordMain.stepFailed(WebUIKeywordMain.groovy:64)&#xa;	at com.kms.katalon.core.webui.keyword.builtin.VerifyTextPresentKeyword$_verifyTextPresent_closure1.doCall(VerifyTextPresentKeyword.groovy:79)&#xa;	at com.kms.katalon.core.webui.keyword.builtin.VerifyTextPresentKeyword$_verifyTextPresent_closure1.call(VerifyTextPresentKeyword.groovy)&#xa;	at com.kms.katalon.core.webui.keyword.internal.WebUIKeywordMain.runKeyword(WebUIKeywordMain.groovy:20)&#xa;	... 23 more&#xa;"/>
         <system-out><![CDATA[10-01-2024T10:18:05 - [TEST_CASE][FAILED] - Test Cases/Offline PSSI Dashboard Function/Create BE Playback Video/Filter Playback Video/Positive Test Case/PSSIFilterDate: Test Cases/Offline PSSI Dashboard Function/Create BE Playback Video/Filter Playback Video/Positive Test Case/PSSIFilterDate FAILED.
Reason:
com.kms.katalon.core.exception.StepFailedException: Unable to verify text '.*2023-11-11.*' is present  using regular expression
	at com.kms.katalon.core.webui.keyword.internal.WebUIKeywordMain.stepFailed(WebUIKeywordMain.groovy:64)
	at com.kms.katalon.core.webui.keyword.internal.WebUIKeywordMain.runKeyword(WebUIKeywordMain.groovy:26)
	at com.kms.katalon.core.webui.keyword.builtin.VerifyTextPresentKeyword.verifyTextPresent(VerifyTextPresentKeyword.groovy:83)
	at com.kms.katalon.core.webui.keyword.builtin.VerifyTextPresentKeyword.execute(VerifyTextPresentKeyword.groovy:68)
	at com.kms.katalon.core.keyword.internal.KeywordExecutor.executeKeywordForPlatform(KeywordExecutor.groovy:74)
	at com.kms.katalon.core.webui.keyword.WebUiBuiltInKeywords.verifyTextPresent(WebUiBuiltInKeywords.groovy:1762)
	at PSSIFilterDate.run(PSSIFilterDate:56)
	at com.kms.katalon.core.main.ScriptEngine.run(ScriptEngine.java:194)
	at com.kms.katalon.core.main.ScriptEngine.runScriptAsRawText(ScriptEngine.java:119)
	at com.kms.katalon.core.main.TestCaseExecutor.runScript(TestCaseExecutor.java:448)
	at com.kms.katalon.core.main.TestCaseExecutor.doExecute(TestCaseExecutor.java:439)
	at com.kms.katalon.core.main.TestCaseExecutor.processExecutionPhase(TestCaseExecutor.java:418)
	at com.kms.katalon.core.main.TestCaseExecutor.accessMainPhase(TestCaseExecutor.java:410)
	at com.kms.katalon.core.main.TestCaseExecutor.execute(TestCaseExecutor.java:285)
	at com.kms.katalon.core.main.TestCaseExecutor.execute(TestCaseExecutor.java:369)
	at com.kms.katalon.core.main.TestCaseExecutor.execute(TestCaseExecutor.java:369)
	at com.kms.katalon.core.main.TestCaseExecutor.execute(TestCaseExecutor.java:369)
	at com.kms.katalon.core.common.CommonExecutor.accessTestCaseMainPhase(CommonExecutor.java:65)
	at com.kms.katalon.core.main.TestSuiteExecutor.accessTestSuiteMainPhase(TestSuiteExecutor.java:148)
	at com.kms.katalon.core.main.TestSuiteExecutor.execute(TestSuiteExecutor.java:106)
	at com.kms.katalon.core.main.TestCaseMain.startTestSuite(TestCaseMain.java:180)
	at TempTestSuite1704856305258.run(TempTestSuite1704856305258.groovy:36)
	at java.base/jdk.internal.reflect.NativeMethodAccessorImpl.invoke0(Native Method)
	at java.base/jdk.internal.reflect.NativeMethodAccessorImpl.invoke(NativeMethodAccessorImpl.java:77)
	at java.base/jdk.internal.reflect.DelegatingMethodAccessorImpl.invoke(DelegatingMethodAccessorImpl.java:43)
Caused by: com.kms.katalon.core.exception.StepFailedException: Text '.*2023-11-11.*' is not present on page  using regular expression
	at com.kms.katalon.core.webui.keyword.internal.WebUIKeywordMain.stepFailed(WebUIKeywordMain.groovy:64)
	at com.kms.katalon.core.webui.keyword.builtin.VerifyTextPresentKeyword$_verifyTextPresent_closure1.doCall(VerifyTextPresentKeyword.groovy:79)
	at com.kms.katalon.core.webui.keyword.builtin.VerifyTextPresentKeyword$_verifyTextPresent_closure1.call(VerifyTextPresentKeyword.groovy)
	at com.kms.katalon.core.webui.keyword.internal.WebUIKeywordMain.runKeyword(WebUIKeywordMain.groovy:20)
	... 23 more


10-01-2024T10:18:05 - [TEST_STEP][PASSED] - baseUrl = offline_pssi_dashboard_url: null

10-01-2024T10:18:05 - [TEST_STEP][PASSED] - callTestCase(findTestCase("Offline PSSI Dashboard Function/Create BE Playback Video/View Playback Video Data/PSSIViewPlaybackVideo"), [:]): Call Test Case 'Test Cases/Offline PSSI Dashboard Function/Create BE Playback Video/View Playback Video Data/PSSIViewPlaybackVideo' successfully

10-01-2024T10:18:05 - [TEST_CASE][PASSED] - Test Cases/Offline PSSI Dashboard Function/Create BE Playback Video/View Playback Video Data/PSSIViewPlaybackVideo: Test Cases/Offline PSSI Dashboard Function/Create BE Playback Video/View Playback Video Data/PSSIViewPlaybackVideo

10-01-2024T10:18:05 - [TEST_STEP][PASSED] - baseUrl = offline_pssi_dashboard_url: null

10-01-2024T10:18:05 - [TEST_STEP][PASSED] - callTestCase(findTestCase("Offline PSSI Dashboard Function/Sign In/PSSISignInValidData"), [:]): Call Test Case 'Test Cases/Offline PSSI Dashboard Function/Sign In/PSSISignInValidData' successfully

10-01-2024T10:18:05 - [TEST_CASE][PASSED] - Test Cases/Offline PSSI Dashboard Function/Sign In/PSSISignInValidData: Test Cases/Offline PSSI Dashboard Function/Sign In/PSSISignInValidData

10-01-2024T10:18:05 - [TEST_STEP][PASSED] - failureHandling = STOP_ON_FAILURE: null

10-01-2024T10:18:05 - [TEST_STEP][PASSED] - baseUrl = offline_pssi_dashboard_url: null

10-01-2024T10:18:05 - [TEST_STEP][PASSED] - openBrowser(""): Browser is opened with url: ''

10-01-2024T10:18:05 - [MESSAGE][WARNING] - A browser is already opened. Closing browser and opening a new one

10-01-2024T10:18:06 - [MESSAGE][INFO] - Starting 'Chrome' driver

10-01-2024T10:18:06 - [MESSAGE][INFO] - Action delay is set to 0 milliseconds

10-01-2024T10:18:09 - [MESSAGE][PASSED] - Browser is opened with url: ''

10-01-2024T10:18:09 - [TEST_STEP][PASSED] - navigateToUrl(baseUrl): Navigate to 'https://monitoring.pssi-dev.kecilin.id' successfully

10-01-2024T10:18:15 - [MESSAGE][PASSED] - Navigate to 'https://monitoring.pssi-dev.kecilin.id' successfully

10-01-2024T10:18:15 - [TEST_STEP][PASSED] - maximizeWindow(): Current window maximized

10-01-2024T10:18:15 - [MESSAGE][PASSED] - Current window maximized

10-01-2024T10:18:15 - [TEST_STEP][PASSED] - setText(findTestObject("Object Repository/Page_Login/input_email"), "superadmin@app.com"): Text 'superadmin@app.com' is set on object 'Object Repository/Page_Login/input_email'

10-01-2024T10:18:18 - [MESSAGE][PASSED] - Text 'superadmin@app.com' is set on object 'Object Repository/Page_Login/input_email'

10-01-2024T10:18:18 - [TEST_STEP][PASSED] - setEncryptedText(findTestObject("Object Repository/Page_Login/input_password"), "8SQVv/p9jVScEs4/2CZsLw=="): Text ****** has been set on object 'Object Repository/Page_Login/input_password'

10-01-2024T10:18:19 - [MESSAGE][PASSED] - Text ****** has been set on object 'Object Repository/Page_Login/input_password'

10-01-2024T10:18:19 - [TEST_STEP][PASSED] - click(findTestObject("Object Repository/Page_Login/button_Sign In")): Object: 'Object Repository/Page_Login/button_Sign In' is clicked on

10-01-2024T10:18:26 - [MESSAGE][PASSED] - Object: 'Object Repository/Page_Login/button_Sign In' is clicked on

10-01-2024T10:18:26 - [MESSAGE][PASSED] - Call Test Case 'Test Cases/Offline PSSI Dashboard Function/Sign In/PSSISignInValidData' successfully

10-01-2024T10:18:26 - [TEST_STEP][PASSED] - navigateToUrl(baseUrl + "/playback_video"): Navigate to 'https://monitoring.pssi-dev.kecilin.id/playback_video' successfully

10-01-2024T10:18:27 - [MESSAGE][PASSED] - Navigate to 'https://monitoring.pssi-dev.kecilin.id/playback_video' successfully

10-01-2024T10:18:27 - [MESSAGE][PASSED] - Call Test Case 'Test Cases/Offline PSSI Dashboard Function/Create BE Playback Video/View Playback Video Data/PSSIViewPlaybackVideo' successfully

10-01-2024T10:18:27 - [TEST_STEP][PASSED] - verifyElementNotPresent(findTestObject("Page_Playback Video/CCTV Selection Bar"), 0): Web element with id: 'Object Repository/Page_Playback Video/CCTV Selection Bar' located by 'By.xpath: id("select2-cctv-container")[count(. | //span[@class = 'select2-selection__rendered' and @id = 'select2-cctv-container' and @role = 'textbox' and @aria-readonly = 'true' and @title = '-- Search CCTV --' and (text() = '-- Search CCTV --' or . = '-- Search CCTV --')]) = count(//span[@class = 'select2-selection__rendered' and @id = 'select2-cctv-container' and @role = 'textbox' and @aria-readonly = 'true' and @title = '-- Search CCTV --' and (text() = '-- Search CCTV --' or . = '-- Search CCTV --')])]' is not present after '1' second(s)

10-01-2024T10:18:27 - [MESSAGE][WARNING] - Timeout '0' is invalid. Using default page load timeout: '1'

10-01-2024T10:18:28 - [MESSAGE][PASSED] - Web element with id: 'Object Repository/Page_Playback Video/CCTV Selection Bar' located by 'By.xpath: id("select2-cctv-container")[count(. | //span[@class = 'select2-selection__rendered' and @id = 'select2-cctv-container' and @role = 'textbox' and @aria-readonly = 'true' and @title = '-- Search CCTV --' and (text() = '-- Search CCTV --' or . = '-- Search CCTV --')]) = count(//span[@class = 'select2-selection__rendered' and @id = 'select2-cctv-container' and @role = 'textbox' and @aria-readonly = 'true' and @title = '-- Search CCTV --' and (text() = '-- Search CCTV --' or . = '-- Search CCTV --')])]' is not present after '1' second(s)

10-01-2024T10:18:28 - [TEST_STEP][PASSED] - verifyElementClickable(findTestObject("Page_Playback Video/Stadium Selection Bar")): Object 'Object Repository/Page_Playback Video/Stadium Selection Bar' is clickable

10-01-2024T10:18:29 - [MESSAGE][PASSED] - Object 'Object Repository/Page_Playback Video/Stadium Selection Bar' is clickable

10-01-2024T10:18:29 - [TEST_STEP][PASSED] - click(findTestObject("Page_Playback Video/Stadium Selection Bar")): Object: 'Object Repository/Page_Playback Video/Stadium Selection Bar' is clicked on

10-01-2024T10:18:29 - [MESSAGE][PASSED] - Object: 'Object Repository/Page_Playback Video/Stadium Selection Bar' is clicked on

10-01-2024T10:18:29 - [TEST_STEP][PASSED] - sendKeys(findTestObject("Page_Playback Video/Stadium Search Field"), Keys.chord(ENTER)): Keys 'ENTER + ' sent to object: 'Object Repository/Page_Playback Video/Stadium Search Field'

10-01-2024T10:18:30 - [MESSAGE][PASSED] - Keys 'ENTER + ' sent to object: 'Object Repository/Page_Playback Video/Stadium Search Field'

10-01-2024T10:18:30 - [TEST_STEP][PASSED] - verifyElementClickable(findTestObject("Page_Playback Video/CCTV Selection Bar")): Object 'Object Repository/Page_Playback Video/CCTV Selection Bar' is clickable

10-01-2024T10:18:31 - [MESSAGE][PASSED] - Object 'Object Repository/Page_Playback Video/CCTV Selection Bar' is clickable

10-01-2024T10:18:31 - [TEST_STEP][PASSED] - click(findTestObject("Page_Playback Video/CCTV Selection Bar")): Object: 'Object Repository/Page_Playback Video/CCTV Selection Bar' is clicked on

10-01-2024T10:18:32 - [MESSAGE][PASSED] - Object: 'Object Repository/Page_Playback Video/CCTV Selection Bar' is clicked on

10-01-2024T10:18:32 - [TEST_STEP][PASSED] - sendKeys(findTestObject("Page_Playback Video/CCTV Search Field"), Keys.chord(ARROW_DOWN)): Keys 'DOWN + ' sent to object: 'Object Repository/Page_Playback Video/CCTV Search Field'

10-01-2024T10:18:33 - [MESSAGE][PASSED] - Keys 'DOWN + ' sent to object: 'Object Repository/Page_Playback Video/CCTV Search Field'

10-01-2024T10:18:33 - [TEST_STEP][PASSED] - sendKeys(findTestObject("Page_Playback Video/CCTV Search Field"), Keys.chord(ENTER)): Keys 'ENTER + ' sent to object: 'Object Repository/Page_Playback Video/CCTV Search Field'

10-01-2024T10:18:35 - [MESSAGE][PASSED] - Keys 'ENTER + ' sent to object: 'Object Repository/Page_Playback Video/CCTV Search Field'

10-01-2024T10:18:35 - [TEST_STEP][PASSED] - setText(findTestObject("Page_Playback Video/input_Date_field"), "11112023"): Text '11112023' is set on object 'Object Repository/Page_Playback Video/input_Date_field'

10-01-2024T10:18:37 - [MESSAGE][PASSED] - Text '11112023' is set on object 'Object Repository/Page_Playback Video/input_Date_field'

10-01-2024T10:18:37 - [TEST_STEP][PASSED] - verifyElementClickable(findTestObject("Page_Playback Video/button_Search")): Object 'Object Repository/Page_Playback Video/button_Search' is clickable

10-01-2024T10:18:39 - [MESSAGE][PASSED] - Object 'Object Repository/Page_Playback Video/button_Search' is clickable

10-01-2024T10:18:39 - [TEST_STEP][PASSED] - click(findTestObject("Page_Playback Video/button_Search")): Object: 'Object Repository/Page_Playback Video/button_Search' is clicked on

10-01-2024T10:18:40 - [MESSAGE][PASSED] - Object: 'Object Repository/Page_Playback Video/button_Search' is clicked on

10-01-2024T10:18:40 - [TEST_STEP][PASSED] - verifyTextPresent("Size", false): Text 'Size' is present on page 

10-01-2024T10:18:47 - [MESSAGE][PASSED] - Text 'Size' is present on page 

10-01-2024T10:18:47 - [TEST_STEP][PASSED] - verifyTextPresent("Name", false): Text 'Name' is present on page 

10-01-2024T10:18:48 - [MESSAGE][PASSED] - Text 'Name' is present on page 

10-01-2024T10:18:48 - [TEST_STEP][PASSED] - verifyTextPresent("Date Time", false): Text 'Date Time' is present on page 

10-01-2024T10:18:48 - [MESSAGE][PASSED] - Text 'Date Time' is present on page 

10-01-2024T10:18:48 - [TEST_STEP][PASSED] - verifyTextPresent("Action", false): Text 'Action' is present on page 

10-01-2024T10:18:49 - [MESSAGE][PASSED] - Text 'Action' is present on page 

10-01-2024T10:18:49 - [TEST_STEP][PASSED] - expectedPattern = ".*2023-11-11.*": null

10-01-2024T10:18:49 - [TEST_STEP][FAILED] - verifyTextPresent(expectedPattern, true): Unable to verify text '.*2023-11-11.*' is present  using regular expression (Root cause: com.kms.katalon.core.exception.StepFailedException: Unable to verify text '.*2023-11-11.*' is present  using regular expression
	at com.kms.katalon.core.webui.keyword.internal.WebUIKeywordMain.stepFailed(WebUIKeywordMain.groovy:64)
	at com.kms.katalon.core.webui.keyword.internal.WebUIKeywordMain.runKeyword(WebUIKeywordMain.groovy:26)
	at com.kms.katalon.core.webui.keyword.builtin.VerifyTextPresentKeyword.verifyTextPresent(VerifyTextPresentKeyword.groovy:83)
	at com.kms.katalon.core.webui.keyword.builtin.VerifyTextPresentKeyword.execute(VerifyTextPresentKeyword.groovy:68)
	at com.kms.katalon.core.keyword.internal.KeywordExecutor.executeKeywordForPlatform(KeywordExecutor.groovy:74)
	at com.kms.katalon.core.webui.keyword.WebUiBuiltInKeywords.verifyTextPresent(WebUiBuiltInKeywords.groovy:1762)
	at PSSIFilterDate.run(PSSIFilterDate:56)
	at com.kms.katalon.core.main.ScriptEngine.run(ScriptEngine.java:194)
	at com.kms.katalon.core.main.ScriptEngine.runScriptAsRawText(ScriptEngine.java:119)
	at com.kms.katalon.core.main.TestCaseExecutor.runScript(TestCaseExecutor.java:448)
	at com.kms.katalon.core.main.TestCaseExecutor.doExecute(TestCaseExecutor.java:439)
	at com.kms.katalon.core.main.TestCaseExecutor.processExecutionPhase(TestCaseExecutor.java:418)
	at com.kms.katalon.core.main.TestCaseExecutor.accessMainPhase(TestCaseExecutor.java:410)
	at com.kms.katalon.core.main.TestCaseExecutor.execute(TestCaseExecutor.java:285)
	at com.kms.katalon.core.main.TestCaseExecutor.execute(TestCaseExecutor.java:369)
	at com.kms.katalon.core.main.TestCaseExecutor.execute(TestCaseExecutor.java:369)
	at com.kms.katalon.core.main.TestCaseExecutor.execute(TestCaseExecutor.java:369)
	at com.kms.katalon.core.common.CommonExecutor.accessTestCaseMainPhase(CommonExecutor.java:65)
	at com.kms.katalon.core.main.TestSuiteExecutor.accessTestSuiteMainPhase(TestSuiteExecutor.java:148)
	at com.kms.katalon.core.main.TestSuiteExecutor.execute(TestSuiteExecutor.java:106)
	at com.kms.katalon.core.main.TestCaseMain.startTestSuite(TestCaseMain.java:180)
	at TempTestSuite1704856305258.run(TempTestSuite1704856305258.groovy:36)
	at java.base/jdk.internal.reflect.NativeMethodAccessorImpl.invoke0(Native Method)
	at java.base/jdk.internal.reflect.NativeMethodAccessorImpl.invoke(NativeMethodAccessorImpl.java:77)
	at java.base/jdk.internal.reflect.DelegatingMethodAccessorImpl.invoke(DelegatingMethodAccessorImpl.java:43)
Caused by: com.kms.katalon.core.exception.StepFailedException: Text '.*2023-11-11.*' is not present on page  using regular expression
	at com.kms.katalon.core.webui.keyword.internal.WebUIKeywordMain.stepFailed(WebUIKeywordMain.groovy:64)
	at com.kms.katalon.core.webui.keyword.builtin.VerifyTextPresentKeyword$_verifyTextPresent_closure1.doCall(VerifyTextPresentKeyword.groovy:79)
	at com.kms.katalon.core.webui.keyword.builtin.VerifyTextPresentKeyword$_verifyTextPresent_closure1.call(VerifyTextPresentKeyword.groovy)
	at com.kms.katalon.core.webui.keyword.internal.WebUIKeywordMain.runKeyword(WebUIKeywordMain.groovy:20)
	... 23 more
)

10-01-2024T10:18:50 - [MESSAGE][FAILED] - Text '.*2023-11-11.*' is not present on page  using regular expression (Root cause: com.kms.katalon.core.exception.StepFailedException: Text '.*2023-11-11.*' is not present on page  using regular expression
	at com.kms.katalon.core.webui.keyword.internal.WebUIKeywordMain.stepFailed(WebUIKeywordMain.groovy:64)
	at com.kms.katalon.core.webui.keyword.builtin.VerifyTextPresentKeyword$_verifyTextPresent_closure1.doCall(VerifyTextPresentKeyword.groovy:79)
	at com.kms.katalon.core.webui.keyword.builtin.VerifyTextPresentKeyword$_verifyTextPresent_closure1.call(VerifyTextPresentKeyword.groovy)
	at com.kms.katalon.core.webui.keyword.internal.WebUIKeywordMain.runKeyword(WebUIKeywordMain.groovy:20)
	at com.kms.katalon.core.webui.keyword.builtin.VerifyTextPresentKeyword.verifyTextPresent(VerifyTextPresentKeyword.groovy:83)
	at com.kms.katalon.core.webui.keyword.builtin.VerifyTextPresentKeyword.execute(VerifyTextPresentKeyword.groovy:68)
	at com.kms.katalon.core.keyword.internal.KeywordExecutor.executeKeywordForPlatform(KeywordExecutor.groovy:74)
	at com.kms.katalon.core.webui.keyword.WebUiBuiltInKeywords.verifyTextPresent(WebUiBuiltInKeywords.groovy:1762)
	at PSSIFilterDate.run(PSSIFilterDate:56)
	at com.kms.katalon.core.main.ScriptEngine.run(ScriptEngine.java:194)
	at com.kms.katalon.core.main.ScriptEngine.runScriptAsRawText(ScriptEngine.java:119)
	at com.kms.katalon.core.main.TestCaseExecutor.runScript(TestCaseExecutor.java:448)
	at com.kms.katalon.core.main.TestCaseExecutor.doExecute(TestCaseExecutor.java:439)
	at com.kms.katalon.core.main.TestCaseExecutor.processExecutionPhase(TestCaseExecutor.java:418)
	at com.kms.katalon.core.main.TestCaseExecutor.accessMainPhase(TestCaseExecutor.java:410)
	at com.kms.katalon.core.main.TestCaseExecutor.execute(TestCaseExecutor.java:285)
	at com.kms.katalon.core.main.TestCaseExecutor.execute(TestCaseExecutor.java:369)
	at com.kms.katalon.core.main.TestCaseExecutor.execute(TestCaseExecutor.java:369)
	at com.kms.katalon.core.main.TestCaseExecutor.execute(TestCaseExecutor.java:369)
	at com.kms.katalon.core.common.CommonExecutor.accessTestCaseMainPhase(CommonExecutor.java:65)
	at com.kms.katalon.core.main.TestSuiteExecutor.accessTestSuiteMainPhase(TestSuiteExecutor.java:148)
	at com.kms.katalon.core.main.TestSuiteExecutor.execute(TestSuiteExecutor.java:106)
	at com.kms.katalon.core.main.TestCaseMain.startTestSuite(TestCaseMain.java:180)
	at TempTestSuite1704856305258.run(TempTestSuite1704856305258.groovy:36)
	at java.base/jdk.internal.reflect.NativeMethodAccessorImpl.invoke0(Native Method)
	at java.base/jdk.internal.reflect.NativeMethodAccessorImpl.invoke(NativeMethodAccessorImpl.java:77)
	at java.base/jdk.internal.reflect.DelegatingMethodAccessorImpl.invoke(DelegatingMethodAccessorImpl.java:43)
)

10-01-2024T10:18:50 - [MESSAGE][FAILED] - Unable to verify text '.*2023-11-11.*' is present  using regular expression (Root cause: com.kms.katalon.core.exception.StepFailedException: Unable to verify text '.*2023-11-11.*' is present  using regular expression
	at com.kms.katalon.core.webui.keyword.internal.WebUIKeywordMain.stepFailed(WebUIKeywordMain.groovy:64)
	at com.kms.katalon.core.webui.keyword.internal.WebUIKeywordMain.runKeyword(WebUIKeywordMain.groovy:26)
	at com.kms.katalon.core.webui.keyword.builtin.VerifyTextPresentKeyword.verifyTextPresent(VerifyTextPresentKeyword.groovy:83)
	at com.kms.katalon.core.webui.keyword.builtin.VerifyTextPresentKeyword.execute(VerifyTextPresentKeyword.groovy:68)
	at com.kms.katalon.core.keyword.internal.KeywordExecutor.executeKeywordForPlatform(KeywordExecutor.groovy:74)
	at com.kms.katalon.core.webui.keyword.WebUiBuiltInKeywords.verifyTextPresent(WebUiBuiltInKeywords.groovy:1762)
	at PSSIFilterDate.run(PSSIFilterDate:56)
	at com.kms.katalon.core.main.ScriptEngine.run(ScriptEngine.java:194)
	at com.kms.katalon.core.main.ScriptEngine.runScriptAsRawText(ScriptEngine.java:119)
	at com.kms.katalon.core.main.TestCaseExecutor.runScript(TestCaseExecutor.java:448)
	at com.kms.katalon.core.main.TestCaseExecutor.doExecute(TestCaseExecutor.java:439)
	at com.kms.katalon.core.main.TestCaseExecutor.processExecutionPhase(TestCaseExecutor.java:418)
	at com.kms.katalon.core.main.TestCaseExecutor.accessMainPhase(TestCaseExecutor.java:410)
	at com.kms.katalon.core.main.TestCaseExecutor.execute(TestCaseExecutor.java:285)
	at com.kms.katalon.core.main.TestCaseExecutor.execute(TestCaseExecutor.java:369)
	at com.kms.katalon.core.main.TestCaseExecutor.execute(TestCaseExecutor.java:369)
	at com.kms.katalon.core.main.TestCaseExecutor.execute(TestCaseExecutor.java:369)
	at com.kms.katalon.core.common.CommonExecutor.accessTestCaseMainPhase(CommonExecutor.java:65)
	at com.kms.katalon.core.main.TestSuiteExecutor.accessTestSuiteMainPhase(TestSuiteExecutor.java:148)
	at com.kms.katalon.core.main.TestSuiteExecutor.execute(TestSuiteExecutor.java:106)
	at com.kms.katalon.core.main.TestCaseMain.startTestSuite(TestCaseMain.java:180)
	at TempTestSuite1704856305258.run(TempTestSuite1704856305258.groovy:36)
	at java.base/jdk.internal.reflect.NativeMethodAccessorImpl.invoke0(Native Method)
	at java.base/jdk.internal.reflect.NativeMethodAccessorImpl.invoke(NativeMethodAccessorImpl.java:77)
	at java.base/jdk.internal.reflect.DelegatingMethodAccessorImpl.invoke(DelegatingMethodAccessorImpl.java:43)
Caused by: com.kms.katalon.core.exception.StepFailedException: Text '.*2023-11-11.*' is not present on page  using regular expression
	at com.kms.katalon.core.webui.keyword.internal.WebUIKeywordMain.stepFailed(WebUIKeywordMain.groovy:64)
	at com.kms.katalon.core.webui.keyword.builtin.VerifyTextPresentKeyword$_verifyTextPresent_closure1.doCall(VerifyTextPresentKeyword.groovy:79)
	at com.kms.katalon.core.webui.keyword.builtin.VerifyTextPresentKeyword$_verifyTextPresent_closure1.call(VerifyTextPresentKeyword.groovy)
	at com.kms.katalon.core.webui.keyword.internal.WebUIKeywordMain.runKeyword(WebUIKeywordMain.groovy:20)
	... 23 more
)
[[ATTACHMENT|C:\\Users\\USER\\git\\Kecilin-Automation-Test\\Reports\\20240110_101141\\Create BE Playback Video\\Filter Playback Video Test Suite\\20240110_101145\\1704856730141.png]]]]></system-out>
         <system-err><![CDATA[10-01-2024T10:18:05 - [TEST_CASE][FAILED] - Test Cases/Offline PSSI Dashboard Function/Create BE Playback Video/Filter Playback Video/Positive Test Case/PSSIFilterDate: Test Cases/Offline PSSI Dashboard Function/Create BE Playback Video/Filter Playback Video/Positive Test Case/PSSIFilterDate FAILED.
Reason:
com.kms.katalon.core.exception.StepFailedException: Unable to verify text '.*2023-11-11.*' is present  using regular expression
	at com.kms.katalon.core.webui.keyword.internal.WebUIKeywordMain.stepFailed(WebUIKeywordMain.groovy:64)
	at com.kms.katalon.core.webui.keyword.internal.WebUIKeywordMain.runKeyword(WebUIKeywordMain.groovy:26)
	at com.kms.katalon.core.webui.keyword.builtin.VerifyTextPresentKeyword.verifyTextPresent(VerifyTextPresentKeyword.groovy:83)
	at com.kms.katalon.core.webui.keyword.builtin.VerifyTextPresentKeyword.execute(VerifyTextPresentKeyword.groovy:68)
	at com.kms.katalon.core.keyword.internal.KeywordExecutor.executeKeywordForPlatform(KeywordExecutor.groovy:74)
	at com.kms.katalon.core.webui.keyword.WebUiBuiltInKeywords.verifyTextPresent(WebUiBuiltInKeywords.groovy:1762)
	at PSSIFilterDate.run(PSSIFilterDate:56)
	at com.kms.katalon.core.main.ScriptEngine.run(ScriptEngine.java:194)
	at com.kms.katalon.core.main.ScriptEngine.runScriptAsRawText(ScriptEngine.java:119)
	at com.kms.katalon.core.main.TestCaseExecutor.runScript(TestCaseExecutor.java:448)
	at com.kms.katalon.core.main.TestCaseExecutor.doExecute(TestCaseExecutor.java:439)
	at com.kms.katalon.core.main.TestCaseExecutor.processExecutionPhase(TestCaseExecutor.java:418)
	at com.kms.katalon.core.main.TestCaseExecutor.accessMainPhase(TestCaseExecutor.java:410)
	at com.kms.katalon.core.main.TestCaseExecutor.execute(TestCaseExecutor.java:285)
	at com.kms.katalon.core.main.TestCaseExecutor.execute(TestCaseExecutor.java:369)
	at com.kms.katalon.core.main.TestCaseExecutor.execute(TestCaseExecutor.java:369)
	at com.kms.katalon.core.main.TestCaseExecutor.execute(TestCaseExecutor.java:369)
	at com.kms.katalon.core.common.CommonExecutor.accessTestCaseMainPhase(CommonExecutor.java:65)
	at com.kms.katalon.core.main.TestSuiteExecutor.accessTestSuiteMainPhase(TestSuiteExecutor.java:148)
	at com.kms.katalon.core.main.TestSuiteExecutor.execute(TestSuiteExecutor.java:106)
	at com.kms.katalon.core.main.TestCaseMain.startTestSuite(TestCaseMain.java:180)
	at TempTestSuite1704856305258.run(TempTestSuite1704856305258.groovy:36)
	at java.base/jdk.internal.reflect.NativeMethodAccessorImpl.invoke0(Native Method)
	at java.base/jdk.internal.reflect.NativeMethodAccessorImpl.invoke(NativeMethodAccessorImpl.java:77)
	at java.base/jdk.internal.reflect.DelegatingMethodAccessorImpl.invoke(DelegatingMethodAccessorImpl.java:43)
Caused by: com.kms.katalon.core.exception.StepFailedException: Text '.*2023-11-11.*' is not present on page  using regular expression
	at com.kms.katalon.core.webui.keyword.internal.WebUIKeywordMain.stepFailed(WebUIKeywordMain.groovy:64)
	at com.kms.katalon.core.webui.keyword.builtin.VerifyTextPresentKeyword$_verifyTextPresent_closure1.doCall(VerifyTextPresentKeyword.groovy:79)
	at com.kms.katalon.core.webui.keyword.builtin.VerifyTextPresentKeyword$_verifyTextPresent_closure1.call(VerifyTextPresentKeyword.groovy)
	at com.kms.katalon.core.webui.keyword.internal.WebUIKeywordMain.runKeyword(WebUIKeywordMain.groovy:20)
	... 23 more]]></system-err>
      </testcase>
      <testcase name="Test Cases/Offline PSSI Dashboard Function/Create BE Playback Video/Filter Playback Video/Positive Test Case/PSSIFilterStadiumAndCam" time="29.072" classname="Test Cases/Offline PSSI Dashboard Function/Create BE Playback Video/Filter Playback Video/Positive Test Case/PSSIFilterStadiumAndCam" status="PASSED">
         <system-out><![CDATA[10-01-2024T10:18:50 - [TEST_CASE][PASSED] - Test Cases/Offline PSSI Dashboard Function/Create BE Playback Video/Filter Playback Video/Positive Test Case/PSSIFilterStadiumAndCam: Test Cases/Offline PSSI Dashboard Function/Create BE Playback Video/Filter Playback Video/Positive Test Case/PSSIFilterStadiumAndCam

10-01-2024T10:18:51 - [TEST_STEP][PASSED] - baseUrl = offline_pssi_dashboard_url: null

10-01-2024T10:18:51 - [TEST_STEP][PASSED] - callTestCase(findTestCase("Offline PSSI Dashboard Function/Create BE Playback Video/View Playback Video Data/PSSIViewPlaybackVideo"), [:]): Call Test Case 'Test Cases/Offline PSSI Dashboard Function/Create BE Playback Video/View Playback Video Data/PSSIViewPlaybackVideo' successfully

10-01-2024T10:18:51 - [TEST_CASE][PASSED] - Test Cases/Offline PSSI Dashboard Function/Create BE Playback Video/View Playback Video Data/PSSIViewPlaybackVideo: Test Cases/Offline PSSI Dashboard Function/Create BE Playback Video/View Playback Video Data/PSSIViewPlaybackVideo

10-01-2024T10:18:51 - [TEST_STEP][PASSED] - baseUrl = offline_pssi_dashboard_url: null

10-01-2024T10:18:51 - [TEST_STEP][PASSED] - callTestCase(findTestCase("Offline PSSI Dashboard Function/Sign In/PSSISignInValidData"), [:]): Call Test Case 'Test Cases/Offline PSSI Dashboard Function/Sign In/PSSISignInValidData' successfully

10-01-2024T10:18:51 - [TEST_CASE][PASSED] - Test Cases/Offline PSSI Dashboard Function/Sign In/PSSISignInValidData: Test Cases/Offline PSSI Dashboard Function/Sign In/PSSISignInValidData

10-01-2024T10:18:52 - [TEST_STEP][PASSED] - failureHandling = STOP_ON_FAILURE: null

10-01-2024T10:18:52 - [TEST_STEP][PASSED] - baseUrl = offline_pssi_dashboard_url: null

10-01-2024T10:18:52 - [TEST_STEP][PASSED] - openBrowser(""): Browser is opened with url: ''

10-01-2024T10:18:52 - [MESSAGE][WARNING] - A browser is already opened. Closing browser and opening a new one

10-01-2024T10:18:52 - [MESSAGE][INFO] - Starting 'Chrome' driver

10-01-2024T10:18:52 - [MESSAGE][INFO] - Action delay is set to 0 milliseconds

10-01-2024T10:18:56 - [MESSAGE][PASSED] - Browser is opened with url: ''

10-01-2024T10:18:56 - [TEST_STEP][PASSED] - navigateToUrl(baseUrl): Navigate to 'https://monitoring.pssi-dev.kecilin.id' successfully

10-01-2024T10:18:59 - [MESSAGE][PASSED] - Navigate to 'https://monitoring.pssi-dev.kecilin.id' successfully

10-01-2024T10:18:59 - [TEST_STEP][PASSED] - maximizeWindow(): Current window maximized

10-01-2024T10:18:59 - [MESSAGE][PASSED] - Current window maximized

10-01-2024T10:18:59 - [TEST_STEP][PASSED] - setText(findTestObject("Object Repository/Page_Login/input_email"), "superadmin@app.com"): Text 'superadmin@app.com' is set on object 'Object Repository/Page_Login/input_email'

10-01-2024T10:19:01 - [MESSAGE][PASSED] - Text 'superadmin@app.com' is set on object 'Object Repository/Page_Login/input_email'

10-01-2024T10:19:01 - [TEST_STEP][PASSED] - setEncryptedText(findTestObject("Object Repository/Page_Login/input_password"), "8SQVv/p9jVScEs4/2CZsLw=="): Text ****** has been set on object 'Object Repository/Page_Login/input_password'

10-01-2024T10:19:01 - [MESSAGE][PASSED] - Text ****** has been set on object 'Object Repository/Page_Login/input_password'

10-01-2024T10:19:01 - [TEST_STEP][PASSED] - click(findTestObject("Object Repository/Page_Login/button_Sign In")): Object: 'Object Repository/Page_Login/button_Sign In' is clicked on

10-01-2024T10:19:04 - [MESSAGE][PASSED] - Object: 'Object Repository/Page_Login/button_Sign In' is clicked on

10-01-2024T10:19:04 - [MESSAGE][PASSED] - Call Test Case 'Test Cases/Offline PSSI Dashboard Function/Sign In/PSSISignInValidData' successfully

10-01-2024T10:19:04 - [TEST_STEP][PASSED] - navigateToUrl(baseUrl + "/playback_video"): Navigate to 'https://monitoring.pssi-dev.kecilin.id/playback_video' successfully

10-01-2024T10:19:05 - [MESSAGE][PASSED] - Navigate to 'https://monitoring.pssi-dev.kecilin.id/playback_video' successfully

10-01-2024T10:19:05 - [MESSAGE][PASSED] - Call Test Case 'Test Cases/Offline PSSI Dashboard Function/Create BE Playback Video/View Playback Video Data/PSSIViewPlaybackVideo' successfully

10-01-2024T10:19:05 - [TEST_STEP][PASSED] - verifyElementNotPresent(findTestObject("Page_Playback Video/CCTV Selection Bar"), 0): Web element with id: 'Object Repository/Page_Playback Video/CCTV Selection Bar' located by 'By.xpath: id("select2-cctv-container")[count(. | //span[@class = 'select2-selection__rendered' and @id = 'select2-cctv-container' and @role = 'textbox' and @aria-readonly = 'true' and @title = '-- Search CCTV --' and (text() = '-- Search CCTV --' or . = '-- Search CCTV --')]) = count(//span[@class = 'select2-selection__rendered' and @id = 'select2-cctv-container' and @role = 'textbox' and @aria-readonly = 'true' and @title = '-- Search CCTV --' and (text() = '-- Search CCTV --' or . = '-- Search CCTV --')])]' is not present after '1' second(s)

10-01-2024T10:19:05 - [MESSAGE][WARNING] - Timeout '0' is invalid. Using default page load timeout: '1'

10-01-2024T10:19:05 - [MESSAGE][PASSED] - Web element with id: 'Object Repository/Page_Playback Video/CCTV Selection Bar' located by 'By.xpath: id("select2-cctv-container")[count(. | //span[@class = 'select2-selection__rendered' and @id = 'select2-cctv-container' and @role = 'textbox' and @aria-readonly = 'true' and @title = '-- Search CCTV --' and (text() = '-- Search CCTV --' or . = '-- Search CCTV --')]) = count(//span[@class = 'select2-selection__rendered' and @id = 'select2-cctv-container' and @role = 'textbox' and @aria-readonly = 'true' and @title = '-- Search CCTV --' and (text() = '-- Search CCTV --' or . = '-- Search CCTV --')])]' is not present after '1' second(s)

10-01-2024T10:19:05 - [TEST_STEP][PASSED] - verifyElementClickable(findTestObject("Page_Playback Video/Stadium Selection Bar")): Object 'Object Repository/Page_Playback Video/Stadium Selection Bar' is clickable

10-01-2024T10:19:06 - [MESSAGE][PASSED] - Object 'Object Repository/Page_Playback Video/Stadium Selection Bar' is clickable

10-01-2024T10:19:06 - [TEST_STEP][PASSED] - click(findTestObject("Page_Playback Video/Stadium Selection Bar")): Object: 'Object Repository/Page_Playback Video/Stadium Selection Bar' is clicked on

10-01-2024T10:19:06 - [MESSAGE][PASSED] - Object: 'Object Repository/Page_Playback Video/Stadium Selection Bar' is clicked on

10-01-2024T10:19:06 - [TEST_STEP][PASSED] - sendKeys(findTestObject("Page_Playback Video/Stadium Search Field"), Keys.chord(ENTER)): Keys 'ENTER + ' sent to object: 'Object Repository/Page_Playback Video/Stadium Search Field'

10-01-2024T10:19:07 - [MESSAGE][PASSED] - Keys 'ENTER + ' sent to object: 'Object Repository/Page_Playback Video/Stadium Search Field'

10-01-2024T10:19:07 - [TEST_STEP][PASSED] - verifyElementClickable(findTestObject("Page_Playback Video/CCTV Selection Bar")): Object 'Object Repository/Page_Playback Video/CCTV Selection Bar' is clickable

10-01-2024T10:19:07 - [MESSAGE][PASSED] - Object 'Object Repository/Page_Playback Video/CCTV Selection Bar' is clickable

10-01-2024T10:19:07 - [TEST_STEP][PASSED] - click(findTestObject("Page_Playback Video/CCTV Selection Bar")): Object: 'Object Repository/Page_Playback Video/CCTV Selection Bar' is clicked on

10-01-2024T10:19:08 - [MESSAGE][PASSED] - Object: 'Object Repository/Page_Playback Video/CCTV Selection Bar' is clicked on

10-01-2024T10:19:08 - [TEST_STEP][PASSED] - sendKeys(findTestObject("Page_Playback Video/CCTV Search Field"), Keys.chord(ARROW_DOWN)): Keys 'DOWN + ' sent to object: 'Object Repository/Page_Playback Video/CCTV Search Field'

10-01-2024T10:19:09 - [MESSAGE][PASSED] - Keys 'DOWN + ' sent to object: 'Object Repository/Page_Playback Video/CCTV Search Field'

10-01-2024T10:19:09 - [TEST_STEP][PASSED] - sendKeys(findTestObject("Page_Playback Video/CCTV Search Field"), Keys.chord(ENTER)): Keys 'ENTER + ' sent to object: 'Object Repository/Page_Playback Video/CCTV Search Field'

10-01-2024T10:19:09 - [MESSAGE][PASSED] - Keys 'ENTER + ' sent to object: 'Object Repository/Page_Playback Video/CCTV Search Field'

10-01-2024T10:19:09 - [TEST_STEP][PASSED] - verifyElementClickable(findTestObject("Page_Playback Video/button_Search")): Object 'Object Repository/Page_Playback Video/button_Search' is clickable

10-01-2024T10:19:10 - [MESSAGE][PASSED] - Object 'Object Repository/Page_Playback Video/button_Search' is clickable

10-01-2024T10:19:10 - [TEST_STEP][PASSED] - click(findTestObject("Page_Playback Video/button_Search")): Object: 'Object Repository/Page_Playback Video/button_Search' is clicked on

10-01-2024T10:19:11 - [MESSAGE][PASSED] - Object: 'Object Repository/Page_Playback Video/button_Search' is clicked on

10-01-2024T10:19:11 - [TEST_STEP][PASSED] - verifyTextPresent("Size", false): Text 'Size' is present on page 

10-01-2024T10:19:17 - [MESSAGE][PASSED] - Text 'Size' is present on page 

10-01-2024T10:19:17 - [TEST_STEP][PASSED] - verifyTextPresent("Name", false): Text 'Name' is present on page 

10-01-2024T10:19:18 - [MESSAGE][PASSED] - Text 'Name' is present on page 

10-01-2024T10:19:18 - [TEST_STEP][PASSED] - verifyTextPresent("Date Time", false): Text 'Date Time' is present on page 

10-01-2024T10:19:19 - [MESSAGE][PASSED] - Text 'Date Time' is present on page 

10-01-2024T10:19:19 - [TEST_STEP][PASSED] - verifyTextPresent("Action", false): Text 'Action' is present on page 

10-01-2024T10:19:19 - [MESSAGE][PASSED] - Text 'Action' is present on page]]></system-out>
         <system-err><![CDATA[]]></system-err>
      </testcase>
      <system-out><![CDATA[10-01-2024T10:12:33 - [TEST_SUITE][FAILED] - Filter Playback Video Test Suite: Test Cases/Offline PSSI Dashboard Function/Create BE Playback Video/Filter Playback Video/Negative Test Case/PSSIFilterInvalidDate FAILED.
Reason:
com.kms.katalon.core.exception.StepFailedException: Unable to verify text 'Size' is not present 
	at com.kms.katalon.core.webui.keyword.internal.WebUIKeywordMain.stepFailed(WebUIKeywordMain.groovy:64)
	at com.kms.katalon.core.webui.keyword.internal.WebUIKeywordMain.runKeyword(WebUIKeywordMain.groovy:26)
	at com.kms.katalon.core.webui.keyword.builtin.VerifyTextNotPresentKeyword.verifyTextNotPresent(VerifyTextNotPresentKeyword.groovy:82)
	at com.kms.katalon.core.webui.keyword.builtin.VerifyTextNotPresentKeyword.execute(VerifyTextNotPresentKeyword.groovy:68)
	at com.kms.katalon.core.keyword.internal.KeywordExecutor.executeKeywordForPlatform(KeywordExecutor.groovy:74)
	at com.kms.katalon.core.webui.keyword.WebUiBuiltInKeywords.verifyTextNotPresent(WebUiBuiltInKeywords.groovy:1795)
	at PSSIFilterInvalidDate.run(PSSIFilterInvalidDate:51)
	at com.kms.katalon.core.main.ScriptEngine.run(ScriptEngine.java:194)
	at com.kms.katalon.core.main.ScriptEngine.runScriptAsRawText(ScriptEngine.java:119)
	at com.kms.katalon.core.main.TestCaseExecutor.runScript(TestCaseExecutor.java:448)
	at com.kms.katalon.core.main.TestCaseExecutor.doExecute(TestCaseExecutor.java:439)
	at com.kms.katalon.core.main.TestCaseExecutor.processExecutionPhase(TestCaseExecutor.java:418)
	at com.kms.katalon.core.main.TestCaseExecutor.accessMainPhase(TestCaseExecutor.java:410)
	at com.kms.katalon.core.main.TestCaseExecutor.execute(TestCaseExecutor.java:285)
	at com.kms.katalon.core.common.CommonExecutor.accessTestCaseMainPhase(CommonExecutor.java:65)
	at com.kms.katalon.core.main.TestSuiteExecutor.accessTestSuiteMainPhase(TestSuiteExecutor.java:148)
	at com.kms.katalon.core.main.TestSuiteExecutor.execute(TestSuiteExecutor.java:106)
	at com.kms.katalon.core.main.TestCaseMain.startTestSuite(TestCaseMain.java:180)
	at TempTestSuite1704856305258.run(TempTestSuite1704856305258.groovy:36)
	at java.base/jdk.internal.reflect.NativeMethodAccessorImpl.invoke0(Native Method)
	at java.base/jdk.internal.reflect.NativeMethodAccessorImpl.invoke(NativeMethodAccessorImpl.java:77)
	at java.base/jdk.internal.reflect.DelegatingMethodAccessorImpl.invoke(DelegatingMethodAccessorImpl.java:43)
Caused by: com.kms.katalon.core.exception.StepFailedException: Text 'Size' is present on page 
	at com.kms.katalon.core.webui.keyword.internal.WebUIKeywordMain.stepFailed(WebUIKeywordMain.groovy:64)
	at com.kms.katalon.core.webui.keyword.builtin.VerifyTextNotPresentKeyword$_verifyTextNotPresent_closure1.doCall(VerifyTextNotPresentKeyword.groovy:77)
	at com.kms.katalon.core.webui.keyword.builtin.VerifyTextNotPresentKeyword$_verifyTextNotPresent_closure1.call(VerifyTextNotPresentKeyword.groovy)
	at com.kms.katalon.core.webui.keyword.internal.WebUIKeywordMain.runKeyword(WebUIKeywordMain.groovy:20)
	... 20 more]]></system-out>
      <system-err><![CDATA[10-01-2024T10:12:33 - [TEST_SUITE][FAILED] - Filter Playback Video Test Suite: Test Cases/Offline PSSI Dashboard Function/Create BE Playback Video/Filter Playback Video/Negative Test Case/PSSIFilterInvalidDate FAILED.
Reason:
com.kms.katalon.core.exception.StepFailedException: Unable to verify text 'Size' is not present 
	at com.kms.katalon.core.webui.keyword.internal.WebUIKeywordMain.stepFailed(WebUIKeywordMain.groovy:64)
	at com.kms.katalon.core.webui.keyword.internal.WebUIKeywordMain.runKeyword(WebUIKeywordMain.groovy:26)
	at com.kms.katalon.core.webui.keyword.builtin.VerifyTextNotPresentKeyword.verifyTextNotPresent(VerifyTextNotPresentKeyword.groovy:82)
	at com.kms.katalon.core.webui.keyword.builtin.VerifyTextNotPresentKeyword.execute(VerifyTextNotPresentKeyword.groovy:68)
	at com.kms.katalon.core.keyword.internal.KeywordExecutor.executeKeywordForPlatform(KeywordExecutor.groovy:74)
	at com.kms.katalon.core.webui.keyword.WebUiBuiltInKeywords.verifyTextNotPresent(WebUiBuiltInKeywords.groovy:1795)
	at PSSIFilterInvalidDate.run(PSSIFilterInvalidDate:51)
	at com.kms.katalon.core.main.ScriptEngine.run(ScriptEngine.java:194)
	at com.kms.katalon.core.main.ScriptEngine.runScriptAsRawText(ScriptEngine.java:119)
	at com.kms.katalon.core.main.TestCaseExecutor.runScript(TestCaseExecutor.java:448)
	at com.kms.katalon.core.main.TestCaseExecutor.doExecute(TestCaseExecutor.java:439)
	at com.kms.katalon.core.main.TestCaseExecutor.processExecutionPhase(TestCaseExecutor.java:418)
	at com.kms.katalon.core.main.TestCaseExecutor.accessMainPhase(TestCaseExecutor.java:410)
	at com.kms.katalon.core.main.TestCaseExecutor.execute(TestCaseExecutor.java:285)
	at com.kms.katalon.core.common.CommonExecutor.accessTestCaseMainPhase(CommonExecutor.java:65)
	at com.kms.katalon.core.main.TestSuiteExecutor.accessTestSuiteMainPhase(TestSuiteExecutor.java:148)
	at com.kms.katalon.core.main.TestSuiteExecutor.execute(TestSuiteExecutor.java:106)
	at com.kms.katalon.core.main.TestCaseMain.startTestSuite(TestCaseMain.java:180)
	at TempTestSuite1704856305258.run(TempTestSuite1704856305258.groovy:36)
	at java.base/jdk.internal.reflect.NativeMethodAccessorImpl.invoke0(Native Method)
	at java.base/jdk.internal.reflect.NativeMethodAccessorImpl.invoke(NativeMethodAccessorImpl.java:77)
	at java.base/jdk.internal.reflect.DelegatingMethodAccessorImpl.invoke(DelegatingMethodAccessorImpl.java:43)
Caused by: com.kms.katalon.core.exception.StepFailedException: Text 'Size' is present on page 
	at com.kms.katalon.core.webui.keyword.internal.WebUIKeywordMain.stepFailed(WebUIKeywordMain.groovy:64)
	at com.kms.katalon.core.webui.keyword.builtin.VerifyTextNotPresentKeyword$_verifyTextNotPresent_closure1.doCall(VerifyTextNotPresentKeyword.groovy:77)
	at com.kms.katalon.core.webui.keyword.builtin.VerifyTextNotPresentKeyword$_verifyTextNotPresent_closure1.call(VerifyTextNotPresentKeyword.groovy)
	at com.kms.katalon.core.webui.keyword.internal.WebUIKeywordMain.runKeyword(WebUIKeywordMain.groovy:20)
	... 20 more]]></system-err>
   </testsuite>
   <testsuite name="Search Identity Test Suite" tests="6" failures="4" errors="0" time="750.381" skipped="0" timestamp="10-01-2024T10:20:23" hostname="USER - DESKTOP-HLRVE9S" id="Test Suites/Create BE Playback Video/Search Identity Test Suite">
      <properties>
         <property name="deviceName" value=""/>
         <property name="devicePlatform" value=""/>
         <property name="logFolder" value="C:\\Users\\USER\\git\\Kecilin-Automation-Test\\Reports\\20240110_101141\\Create BE Playback Video\\Search Identity Test Suite\\20240110_101149"/>
         <property name="logFiles" value="C:\\Users\\USER\\git\\Kecilin-Automation-Test\\Reports\\20240110_101141\\Create BE Playback Video\\Search Identity Test Suite\\20240110_101149\\execution0.log"/>
         <property name="attachments" value="C:\\Users\\USER\\git\\Kecilin-Automation-Test\\Reports\\20240110_101141\\Create BE Playback Video\\Search Identity Test Suite\\20240110_101149\\1704856873376.png, C:\\Users\\USER\\git\\Kecilin-Automation-Test\\Reports\\20240110_101141\\Create BE Playback Video\\Search Identity Test Suite\\20240110_101149\\1704856877915.png, C:\\Users\\USER\\git\\Kecilin-Automation-Test\\Reports\\20240110_101141\\Create BE Playback Video\\Search Identity Test Suite\\20240110_101149\\1704856883445.png, C:\\Users\\USER\\git\\Kecilin-Automation-Test\\Reports\\20240110_101141\\Create BE Playback Video\\Search Identity Test Suite\\20240110_101149\\1704856917231.png, C:\\Users\\USER\\git\\Kecilin-Automation-Test\\Reports\\20240110_101141\\Create BE Playback Video\\Search Identity Test Suite\\20240110_101149\\1704856921197.png, C:\\Users\\USER\\git\\Kecilin-Automation-Test\\Reports\\20240110_101141\\Create BE Playback Video\\Search Identity Test Suite\\20240110_101149\\1704856929454.png, C:\\Users\\USER\\git\\Kecilin-Automation-Test\\Reports\\20240110_101141\\Create BE Playback Video\\Search Identity Test Suite\\20240110_101149\\1704856967715.png, C:\\Users\\USER\\git\\Kecilin-Automation-Test\\Reports\\20240110_101141\\Create BE Playback Video\\Search Identity Test Suite\\20240110_101149\\1704856971638.png, C:\\Users\\USER\\git\\Kecilin-Automation-Test\\Reports\\20240110_101141\\Create BE Playback Video\\Search Identity Test Suite\\20240110_101149\\1704856977312.png, C:\\Users\\USER\\git\\Kecilin-Automation-Test\\Reports\\20240110_101141\\Create BE Playback Video\\Search Identity Test Suite\\20240110_101149\\1704857010155.png, C:\\Users\\USER\\git\\Kecilin-Automation-Test\\Reports\\20240110_101141\\Create BE Playback Video\\Search Identity Test Suite\\20240110_101149\\1704857014440.png, C:\\Users\\USER\\git\\Kecilin-Automation-Test\\Reports\\20240110_101141\\Create BE Playback Video\\Search Identity Test Suite\\20240110_101149\\1704857020547.png, C:\\Users\\USER\\git\\Kecilin-Automation-Test\\Reports\\20240110_101141\\Create BE Playback Video\\Search Identity Test Suite\\20240110_101149\\1704857052582.png, C:\\Users\\USER\\git\\Kecilin-Automation-Test\\Reports\\20240110_101141\\Create BE Playback Video\\Search Identity Test Suite\\20240110_101149\\1704857056040.png, C:\\Users\\USER\\git\\Kecilin-Automation-Test\\Reports\\20240110_101141\\Create BE Playback Video\\Search Identity Test Suite\\20240110_101149\\1704857062036.png, C:\\Users\\USER\\git\\Kecilin-Automation-Test\\Reports\\20240110_101141\\Create BE Playback Video\\Search Identity Test Suite\\20240110_101149\\1704857097818.png, C:\\Users\\USER\\git\\Kecilin-Automation-Test\\Reports\\20240110_101141\\Create BE Playback Video\\Search Identity Test Suite\\20240110_101149\\1704857102296.png, C:\\Users\\USER\\git\\Kecilin-Automation-Test\\Reports\\20240110_101141\\Create BE Playback Video\\Search Identity Test Suite\\20240110_101149\\1704857109027.png, C:\\Users\\USER\\git\\Kecilin-Automation-Test\\Reports\\20240110_101141\\Create BE Playback Video\\Search Identity Test Suite\\20240110_101149\\1704857140507.png, C:\\Users\\USER\\git\\Kecilin-Automation-Test\\Reports\\20240110_101141\\Create BE Playback Video\\Search Identity Test Suite\\20240110_101149\\1704857143952.png, C:\\Users\\USER\\git\\Kecilin-Automation-Test\\Reports\\20240110_101141\\Create BE Playback Video\\Search Identity Test Suite\\20240110_101149\\1704857148760.png, C:\\Users\\USER\\git\\Kecilin-Automation-Test\\Reports\\20240110_101141\\Create BE Playback Video\\Search Identity Test Suite\\20240110_101149\\1704857174890.png, C:\\Users\\USER\\git\\Kecilin-Automation-Test\\Reports\\20240110_101141\\Create BE Playback Video\\Search Identity Test Suite\\20240110_101149\\1704857178294.png, C:\\Users\\USER\\git\\Kecilin-Automation-Test\\Reports\\20240110_101141\\Create BE Playback Video\\Search Identity Test Suite\\20240110_101149\\1704857182633.png, C:\\Users\\USER\\git\\Kecilin-Automation-Test\\Reports\\20240110_101141\\Create BE Playback Video\\Search Identity Test Suite\\20240110_101149\\1704857212112.png, C:\\Users\\USER\\git\\Kecilin-Automation-Test\\Reports\\20240110_101141\\Create BE Playback Video\\Search Identity Test Suite\\20240110_101149\\1704857215551.png, C:\\Users\\USER\\git\\Kecilin-Automation-Test\\Reports\\20240110_101141\\Create BE Playback Video\\Search Identity Test Suite\\20240110_101149\\1704857251996.png, C:\\Users\\USER\\git\\Kecilin-Automation-Test\\Reports\\20240110_101141\\Create BE Playback Video\\Search Identity Test Suite\\20240110_101149\\1704857255445.png, C:\\Users\\USER\\git\\Kecilin-Automation-Test\\Reports\\20240110_101141\\Create BE Playback Video\\Search Identity Test Suite\\20240110_101149\\1704857259767.png, C:\\Users\\USER\\git\\Kecilin-Automation-Test\\Reports\\20240110_101141\\Create BE Playback Video\\Search Identity Test Suite\\20240110_101149\\1704857288123.png, C:\\Users\\USER\\git\\Kecilin-Automation-Test\\Reports\\20240110_101141\\Create BE Playback Video\\Search Identity Test Suite\\20240110_101149\\1704857291959.png, C:\\Users\\USER\\git\\Kecilin-Automation-Test\\Reports\\20240110_101141\\Create BE Playback Video\\Search Identity Test Suite\\20240110_101149\\1704857296978.png, C:\\Users\\USER\\git\\Kecilin-Automation-Test\\Reports\\20240110_101141\\Create BE Playback Video\\Search Identity Test Suite\\20240110_101149\\1704857325363.png, C:\\Users\\USER\\git\\Kecilin-Automation-Test\\Reports\\20240110_101141\\Create BE Playback Video\\Search Identity Test Suite\\20240110_101149\\1704857328825.png, C:\\Users\\USER\\git\\Kecilin-Automation-Test\\Reports\\20240110_101141\\Create BE Playback Video\\Search Identity Test Suite\\20240110_101149\\1704857334198.png, C:\\Users\\USER\\git\\Kecilin-Automation-Test\\Reports\\20240110_101141\\Create BE Playback Video\\Search Identity Test Suite\\20240110_101149\\1704857360713.png, C:\\Users\\USER\\git\\Kecilin-Automation-Test\\Reports\\20240110_101141\\Create BE Playback Video\\Search Identity Test Suite\\20240110_101149\\1704857364554.png, C:\\Users\\USER\\git\\Kecilin-Automation-Test\\Reports\\20240110_101141\\Create BE Playback Video\\Search Identity Test Suite\\20240110_101149\\1704857369347.png, C:\\Users\\USER\\git\\Kecilin-Automation-Test\\Reports\\20240110_101141\\Create BE Playback Video\\Search Identity Test Suite\\20240110_101149\\1704857401189.png, C:\\Users\\USER\\git\\Kecilin-Automation-Test\\Reports\\20240110_101141\\Create BE Playback Video\\Search Identity Test Suite\\20240110_101149\\1704857404836.png, C:\\Users\\USER\\git\\Kecilin-Automation-Test\\Reports\\20240110_101141\\Create BE Playback Video\\Search Identity Test Suite\\20240110_101149\\1704857410812.png, C:\\Users\\USER\\git\\Kecilin-Automation-Test\\Reports\\20240110_101141\\Create BE Playback Video\\Search Identity Test Suite\\20240110_101149\\1704857442472.png, C:\\Users\\USER\\git\\Kecilin-Automation-Test\\Reports\\20240110_101141\\Create BE Playback Video\\Search Identity Test Suite\\20240110_101149\\1704857446451.png, C:\\Users\\USER\\git\\Kecilin-Automation-Test\\Reports\\20240110_101141\\Create BE Playback Video\\Search Identity Test Suite\\20240110_101149\\1704857450593.png, C:\\Users\\USER\\git\\Kecilin-Automation-Test\\Reports\\20240110_101141\\Create BE Playback Video\\Search Identity Test Suite\\20240110_101149\\1704857479299.png, C:\\Users\\USER\\git\\Kecilin-Automation-Test\\Reports\\20240110_101141\\Create BE Playback Video\\Search Identity Test Suite\\20240110_101149\\1704857482658.png, C:\\Users\\USER\\git\\Kecilin-Automation-Test\\Reports\\20240110_101141\\Create BE Playback Video\\Search Identity Test Suite\\20240110_101149\\1704857483800.png, C:\\Users\\USER\\git\\Kecilin-Automation-Test\\Reports\\20240110_101141\\Create BE Playback Video\\Search Identity Test Suite\\20240110_101149\\1704857508198.png, C:\\Users\\USER\\git\\Kecilin-Automation-Test\\Reports\\20240110_101141\\Create BE Playback Video\\Search Identity Test Suite\\20240110_101149\\1704857511537.png, C:\\Users\\USER\\git\\Kecilin-Automation-Test\\Reports\\20240110_101141\\Create BE Playback Video\\Search Identity Test Suite\\20240110_101149\\1704857512618.png, C:\\Users\\USER\\git\\Kecilin-Automation-Test\\Reports\\20240110_101141\\Create BE Playback Video\\Search Identity Test Suite\\20240110_101149\\1704857537218.png, C:\\Users\\USER\\git\\Kecilin-Automation-Test\\Reports\\20240110_101141\\Create BE Playback Video\\Search Identity Test Suite\\20240110_101149\\1704857540546.png, C:\\Users\\USER\\git\\Kecilin-Automation-Test\\Reports\\20240110_101141\\Create BE Playback Video\\Search Identity Test Suite\\20240110_101149\\1704857541586.png, C:\\Users\\USER\\git\\Kecilin-Automation-Test\\Reports\\20240110_101141\\Create BE Playback Video\\Search Identity Test Suite\\20240110_101149\\1704857566204.png, C:\\Users\\USER\\git\\Kecilin-Automation-Test\\Reports\\20240110_101141\\Create BE Playback Video\\Search Identity Test Suite\\20240110_101149\\1704857569559.png"/>
         <property name="hostName" value="USER - DESKTOP-HLRVE9S"/>
         <property name="os" value="Windows 10 64bit"/>
         <property name="katalonVersion" value="9.2.0.212"/>
         <property name="browser" value="Chrome 120.0.0.0"/>
         <property name="hostAddress" value="192.168.100.189"/>
         <property name="sessionId" value="64e3526d593db4d456dcb2ece11b23a7"/>
         <property name="seleniumVersion" value="3.141.59"/>
         <property name="proxyInformation" value="ProxyInformation { proxyOption=NO_PROXY, proxyServerType=HTTP, username=, password=********, proxyServerAddress=, proxyServerPort=0, executionList=&quot;&quot;, isApplyToDesiredCapabilities=true }"/>
         <property name="platform" value="Windows 10"/>
      </properties>
      <testcase name="Test Cases/Offline PSSI Dashboard Function/Create BE Playback Video/Search Identity/Negative Test Case/PSSIPlaybackVideoSearchIdentityNoFaceResult" time="43.206" classname="Test Cases/Offline PSSI Dashboard Function/Create BE Playback Video/Search Identity/Negative Test Case/PSSIPlaybackVideoSearchIdentityNoFaceResult" status="FAILED">
         <failure type="FAILED" message="Test Cases/Offline PSSI Dashboard Function/Create BE Playback Video/Search Identity/Negative Test Case/PSSIPlaybackVideoSearchIdentityNoFaceResult FAILED.&#xa;Reason:&#xa;com.kms.katalon.core.exception.StepFailedException: Unable to verify text 'Result' is present &#xa;	at com.kms.katalon.core.webui.keyword.internal.WebUIKeywordMain.stepFailed(WebUIKeywordMain.groovy:64)&#xa;	at com.kms.katalon.core.webui.keyword.internal.WebUIKeywordMain.runKeyword(WebUIKeywordMain.groovy:26)&#xa;	at com.kms.katalon.core.webui.keyword.builtin.VerifyTextPresentKeyword.verifyTextPresent(VerifyTextPresentKeyword.groovy:83)&#xa;	at com.kms.katalon.core.webui.keyword.builtin.VerifyTextPresentKeyword.execute(VerifyTextPresentKeyword.groovy:68)&#xa;	at com.kms.katalon.core.keyword.internal.KeywordExecutor.executeKeywordForPlatform(KeywordExecutor.groovy:74)&#xa;	at com.kms.katalon.core.webui.keyword.WebUiBuiltInKeywords.verifyTextPresent(WebUiBuiltInKeywords.groovy:1762)&#xa;	at PSSIPlaybackVideoSearchIdentityNoFaceResult.run(PSSIPlaybackVideoSearchIdentityNoFaceResult:39)&#xa;	at com.kms.katalon.core.main.ScriptEngine.run(ScriptEngine.java:194)&#xa;	at com.kms.katalon.core.main.ScriptEngine.runScriptAsRawText(ScriptEngine.java:119)&#xa;	at com.kms.katalon.core.main.TestCaseExecutor.runScript(TestCaseExecutor.java:448)&#xa;	at com.kms.katalon.core.main.TestCaseExecutor.doExecute(TestCaseExecutor.java:439)&#xa;	at com.kms.katalon.core.main.TestCaseExecutor.processExecutionPhase(TestCaseExecutor.java:418)&#xa;	at com.kms.katalon.core.main.TestCaseExecutor.accessMainPhase(TestCaseExecutor.java:410)&#xa;	at com.kms.katalon.core.main.TestCaseExecutor.execute(TestCaseExecutor.java:285)&#xa;	at com.kms.katalon.core.main.TestCaseExecutor.execute(TestCaseExecutor.java:369)&#xa;	at com.kms.katalon.core.main.TestCaseExecutor.execute(TestCaseExecutor.java:369)&#xa;	at com.kms.katalon.core.main.TestCaseExecutor.execute(TestCaseExecutor.java:369)&#xa;	at com.kms.katalon.core.common.CommonExecutor.accessTestCaseMainPhase(CommonExecutor.java:65)&#xa;	at com.kms.katalon.core.main.TestSuiteExecutor.accessTestSuiteMainPhase(TestSuiteExecutor.java:148)&#xa;	at com.kms.katalon.core.main.TestSuiteExecutor.execute(TestSuiteExecutor.java:106)&#xa;	at com.kms.katalon.core.main.TestCaseMain.startTestSuite(TestCaseMain.java:180)&#xa;	at TempTestSuite1704856309767.run(TempTestSuite1704856309767.groovy:36)&#xa;	at java.base/jdk.internal.reflect.NativeMethodAccessorImpl.invoke0(Native Method)&#xa;	at java.base/jdk.internal.reflect.NativeMethodAccessorImpl.invoke(NativeMethodAccessorImpl.java:77)&#xa;	at java.base/jdk.internal.reflect.DelegatingMethodAccessorImpl.invoke(DelegatingMethodAccessorImpl.java:43)&#xa;Caused by: com.kms.katalon.core.exception.StepFailedException: Text 'Result' is not present on page &#xa;	at com.kms.katalon.core.webui.keyword.internal.WebUIKeywordMain.stepFailed(WebUIKeywordMain.groovy:64)&#xa;	at com.kms.katalon.core.webui.keyword.builtin.VerifyTextPresentKeyword$_verifyTextPresent_closure1.doCall(VerifyTextPresentKeyword.groovy:79)&#xa;	at com.kms.katalon.core.webui.keyword.builtin.VerifyTextPresentKeyword$_verifyTextPresent_closure1.call(VerifyTextPresentKeyword.groovy)&#xa;	at com.kms.katalon.core.webui.keyword.internal.WebUIKeywordMain.runKeyword(WebUIKeywordMain.groovy:20)&#xa;	... 23 more&#xa;"/>
         <system-out><![CDATA[10-01-2024T10:22:57 - [TEST_CASE][FAILED] - Test Cases/Offline PSSI Dashboard Function/Create BE Playback Video/Search Identity/Negative Test Case/PSSIPlaybackVideoSearchIdentityNoFaceResult: Test Cases/Offline PSSI Dashboard Function/Create BE Playback Video/Search Identity/Negative Test Case/PSSIPlaybackVideoSearchIdentityNoFaceResult FAILED.
Reason:
com.kms.katalon.core.exception.StepFailedException: Unable to verify text 'Result' is present 
	at com.kms.katalon.core.webui.keyword.internal.WebUIKeywordMain.stepFailed(WebUIKeywordMain.groovy:64)
	at com.kms.katalon.core.webui.keyword.internal.WebUIKeywordMain.runKeyword(WebUIKeywordMain.groovy:26)
	at com.kms.katalon.core.webui.keyword.builtin.VerifyTextPresentKeyword.verifyTextPresent(VerifyTextPresentKeyword.groovy:83)
	at com.kms.katalon.core.webui.keyword.builtin.VerifyTextPresentKeyword.execute(VerifyTextPresentKeyword.groovy:68)
	at com.kms.katalon.core.keyword.internal.KeywordExecutor.executeKeywordForPlatform(KeywordExecutor.groovy:74)
	at com.kms.katalon.core.webui.keyword.WebUiBuiltInKeywords.verifyTextPresent(WebUiBuiltInKeywords.groovy:1762)
	at PSSIPlaybackVideoSearchIdentityNoFaceResult.run(PSSIPlaybackVideoSearchIdentityNoFaceResult:39)
	at com.kms.katalon.core.main.ScriptEngine.run(ScriptEngine.java:194)
	at com.kms.katalon.core.main.ScriptEngine.runScriptAsRawText(ScriptEngine.java:119)
	at com.kms.katalon.core.main.TestCaseExecutor.runScript(TestCaseExecutor.java:448)
	at com.kms.katalon.core.main.TestCaseExecutor.doExecute(TestCaseExecutor.java:439)
	at com.kms.katalon.core.main.TestCaseExecutor.processExecutionPhase(TestCaseExecutor.java:418)
	at com.kms.katalon.core.main.TestCaseExecutor.accessMainPhase(TestCaseExecutor.java:410)
	at com.kms.katalon.core.main.TestCaseExecutor.execute(TestCaseExecutor.java:285)
	at com.kms.katalon.core.main.TestCaseExecutor.execute(TestCaseExecutor.java:369)
	at com.kms.katalon.core.main.TestCaseExecutor.execute(TestCaseExecutor.java:369)
	at com.kms.katalon.core.main.TestCaseExecutor.execute(TestCaseExecutor.java:369)
	at com.kms.katalon.core.common.CommonExecutor.accessTestCaseMainPhase(CommonExecutor.java:65)
	at com.kms.katalon.core.main.TestSuiteExecutor.accessTestSuiteMainPhase(TestSuiteExecutor.java:148)
	at com.kms.katalon.core.main.TestSuiteExecutor.execute(TestSuiteExecutor.java:106)
	at com.kms.katalon.core.main.TestCaseMain.startTestSuite(TestCaseMain.java:180)
	at TempTestSuite1704856309767.run(TempTestSuite1704856309767.groovy:36)
	at java.base/jdk.internal.reflect.NativeMethodAccessorImpl.invoke0(Native Method)
	at java.base/jdk.internal.reflect.NativeMethodAccessorImpl.invoke(NativeMethodAccessorImpl.java:77)
	at java.base/jdk.internal.reflect.DelegatingMethodAccessorImpl.invoke(DelegatingMethodAccessorImpl.java:43)
Caused by: com.kms.katalon.core.exception.StepFailedException: Text 'Result' is not present on page 
	at com.kms.katalon.core.webui.keyword.internal.WebUIKeywordMain.stepFailed(WebUIKeywordMain.groovy:64)
	at com.kms.katalon.core.webui.keyword.builtin.VerifyTextPresentKeyword$_verifyTextPresent_closure1.doCall(VerifyTextPresentKeyword.groovy:79)
	at com.kms.katalon.core.webui.keyword.builtin.VerifyTextPresentKeyword$_verifyTextPresent_closure1.call(VerifyTextPresentKeyword.groovy)
	at com.kms.katalon.core.webui.keyword.internal.WebUIKeywordMain.runKeyword(WebUIKeywordMain.groovy:20)
	... 23 more


10-01-2024T10:22:57 - [TEST_STEP][PASSED] - baseUrl = offline_pssi_dashboard_url: null

10-01-2024T10:22:57 - [TEST_STEP][PASSED] - callTestCase(findTestCase("Offline PSSI Dashboard Function/Create BE Playback Video/Play Video/PSSIPlayVideo"), [:]): Call Test Case 'Test Cases/Offline PSSI Dashboard Function/Create BE Playback Video/Play Video/PSSIPlayVideo' successfully

10-01-2024T10:22:57 - [TEST_CASE][PASSED] - Test Cases/Offline PSSI Dashboard Function/Create BE Playback Video/Play Video/PSSIPlayVideo: Test Cases/Offline PSSI Dashboard Function/Create BE Playback Video/Play Video/PSSIPlayVideo

10-01-2024T10:22:58 - [TEST_STEP][PASSED] - baseUrl = offline_pssi_dashboard_url: null

10-01-2024T10:22:58 - [TEST_STEP][PASSED] - callTestCase(findTestCase("Offline PSSI Dashboard Function/Create BE Playback Video/Filter Playback Video/Positive Test Case/PSSIFilterStadiumAndCam"), [:]): Call Test Case 'Test Cases/Offline PSSI Dashboard Function/Create BE Playback Video/Filter Playback Video/Positive Test Case/PSSIFilterStadiumAndCam' successfully

10-01-2024T10:22:58 - [TEST_CASE][PASSED] - Test Cases/Offline PSSI Dashboard Function/Create BE Playback Video/Filter Playback Video/Positive Test Case/PSSIFilterStadiumAndCam: Test Cases/Offline PSSI Dashboard Function/Create BE Playback Video/Filter Playback Video/Positive Test Case/PSSIFilterStadiumAndCam

10-01-2024T10:22:58 - [TEST_STEP][PASSED] - baseUrl = offline_pssi_dashboard_url: null

10-01-2024T10:22:58 - [TEST_STEP][PASSED] - callTestCase(findTestCase("Offline PSSI Dashboard Function/Create BE Playback Video/View Playback Video Data/PSSIViewPlaybackVideo"), [:]): Call Test Case 'Test Cases/Offline PSSI Dashboard Function/Create BE Playback Video/View Playback Video Data/PSSIViewPlaybackVideo' successfully

10-01-2024T10:22:58 - [TEST_CASE][PASSED] - Test Cases/Offline PSSI Dashboard Function/Create BE Playback Video/View Playback Video Data/PSSIViewPlaybackVideo: Test Cases/Offline PSSI Dashboard Function/Create BE Playback Video/View Playback Video Data/PSSIViewPlaybackVideo

10-01-2024T10:22:58 - [TEST_STEP][PASSED] - baseUrl = offline_pssi_dashboard_url: null

10-01-2024T10:22:58 - [TEST_STEP][PASSED] - callTestCase(findTestCase("Offline PSSI Dashboard Function/Sign In/PSSISignInValidData"), [:]): Call Test Case 'Test Cases/Offline PSSI Dashboard Function/Sign In/PSSISignInValidData' successfully

10-01-2024T10:22:58 - [TEST_CASE][PASSED] - Test Cases/Offline PSSI Dashboard Function/Sign In/PSSISignInValidData: Test Cases/Offline PSSI Dashboard Function/Sign In/PSSISignInValidData

10-01-2024T10:22:58 - [TEST_STEP][PASSED] - failureHandling = STOP_ON_FAILURE: null

10-01-2024T10:22:58 - [TEST_STEP][PASSED] - baseUrl = offline_pssi_dashboard_url: null

10-01-2024T10:22:58 - [TEST_STEP][PASSED] - openBrowser(""): Browser is opened with url: ''

10-01-2024T10:22:58 - [MESSAGE][WARNING] - A browser is already opened. Closing browser and opening a new one

10-01-2024T10:23:01 - [MESSAGE][INFO] - Starting 'Chrome' driver

10-01-2024T10:23:01 - [MESSAGE][INFO] - Action delay is set to 0 milliseconds

10-01-2024T10:23:03 - [MESSAGE][PASSED] - Browser is opened with url: ''

10-01-2024T10:23:03 - [TEST_STEP][PASSED] - navigateToUrl(baseUrl): Navigate to 'https://monitoring.pssi-dev.kecilin.id' successfully

10-01-2024T10:23:04 - [MESSAGE][PASSED] - Navigate to 'https://monitoring.pssi-dev.kecilin.id' successfully

10-01-2024T10:23:04 - [TEST_STEP][PASSED] - maximizeWindow(): Current window maximized

10-01-2024T10:23:05 - [MESSAGE][PASSED] - Current window maximized

10-01-2024T10:23:05 - [TEST_STEP][PASSED] - setText(findTestObject("Object Repository/Page_Login/input_email"), "superadmin@app.com"): Text 'superadmin@app.com' is set on object 'Object Repository/Page_Login/input_email'

10-01-2024T10:23:06 - [MESSAGE][PASSED] - Text 'superadmin@app.com' is set on object 'Object Repository/Page_Login/input_email'

10-01-2024T10:23:06 - [TEST_STEP][PASSED] - setEncryptedText(findTestObject("Object Repository/Page_Login/input_password"), "8SQVv/p9jVScEs4/2CZsLw=="): Text ****** has been set on object 'Object Repository/Page_Login/input_password'

10-01-2024T10:23:07 - [MESSAGE][PASSED] - Text ****** has been set on object 'Object Repository/Page_Login/input_password'

10-01-2024T10:23:07 - [TEST_STEP][PASSED] - click(findTestObject("Object Repository/Page_Login/button_Sign In")): Object: 'Object Repository/Page_Login/button_Sign In' is clicked on

10-01-2024T10:23:09 - [MESSAGE][PASSED] - Object: 'Object Repository/Page_Login/button_Sign In' is clicked on

10-01-2024T10:23:09 - [MESSAGE][PASSED] - Call Test Case 'Test Cases/Offline PSSI Dashboard Function/Sign In/PSSISignInValidData' successfully

10-01-2024T10:23:09 - [TEST_STEP][PASSED] - navigateToUrl(baseUrl + "/playback_video"): Navigate to 'https://monitoring.pssi-dev.kecilin.id/playback_video' successfully

10-01-2024T10:23:09 - [MESSAGE][PASSED] - Navigate to 'https://monitoring.pssi-dev.kecilin.id/playback_video' successfully

10-01-2024T10:23:09 - [MESSAGE][PASSED] - Call Test Case 'Test Cases/Offline PSSI Dashboard Function/Create BE Playback Video/View Playback Video Data/PSSIViewPlaybackVideo' successfully

10-01-2024T10:23:09 - [TEST_STEP][PASSED] - verifyElementNotPresent(findTestObject("Page_Playback Video/CCTV Selection Bar"), 0): Web element with id: 'Object Repository/Page_Playback Video/CCTV Selection Bar' located by 'By.xpath: id("select2-cctv-container")[count(. | //span[@class = 'select2-selection__rendered' and @id = 'select2-cctv-container' and @role = 'textbox' and @aria-readonly = 'true' and @title = '-- Search CCTV --' and (text() = '-- Search CCTV --' or . = '-- Search CCTV --')]) = count(//span[@class = 'select2-selection__rendered' and @id = 'select2-cctv-container' and @role = 'textbox' and @aria-readonly = 'true' and @title = '-- Search CCTV --' and (text() = '-- Search CCTV --' or . = '-- Search CCTV --')])]' is not present after '1' second(s)

10-01-2024T10:23:10 - [MESSAGE][WARNING] - Timeout '0' is invalid. Using default page load timeout: '1'

10-01-2024T10:23:11 - [MESSAGE][PASSED] - Web element with id: 'Object Repository/Page_Playback Video/CCTV Selection Bar' located by 'By.xpath: id("select2-cctv-container")[count(. | //span[@class = 'select2-selection__rendered' and @id = 'select2-cctv-container' and @role = 'textbox' and @aria-readonly = 'true' and @title = '-- Search CCTV --' and (text() = '-- Search CCTV --' or . = '-- Search CCTV --')]) = count(//span[@class = 'select2-selection__rendered' and @id = 'select2-cctv-container' and @role = 'textbox' and @aria-readonly = 'true' and @title = '-- Search CCTV --' and (text() = '-- Search CCTV --' or . = '-- Search CCTV --')])]' is not present after '1' second(s)

10-01-2024T10:23:11 - [TEST_STEP][PASSED] - verifyElementClickable(findTestObject("Page_Playback Video/Stadium Selection Bar")): Object 'Object Repository/Page_Playback Video/Stadium Selection Bar' is clickable

10-01-2024T10:23:11 - [MESSAGE][PASSED] - Object 'Object Repository/Page_Playback Video/Stadium Selection Bar' is clickable

10-01-2024T10:23:11 - [TEST_STEP][PASSED] - click(findTestObject("Page_Playback Video/Stadium Selection Bar")): Object: 'Object Repository/Page_Playback Video/Stadium Selection Bar' is clicked on

10-01-2024T10:23:12 - [MESSAGE][PASSED] - Object: 'Object Repository/Page_Playback Video/Stadium Selection Bar' is clicked on

10-01-2024T10:23:12 - [TEST_STEP][PASSED] - sendKeys(findTestObject("Page_Playback Video/Stadium Search Field"), Keys.chord(ENTER)): Keys 'ENTER + ' sent to object: 'Object Repository/Page_Playback Video/Stadium Search Field'

10-01-2024T10:23:12 - [MESSAGE][PASSED] - Keys 'ENTER + ' sent to object: 'Object Repository/Page_Playback Video/Stadium Search Field'

10-01-2024T10:23:12 - [TEST_STEP][PASSED] - verifyElementClickable(findTestObject("Page_Playback Video/CCTV Selection Bar")): Object 'Object Repository/Page_Playback Video/CCTV Selection Bar' is clickable

10-01-2024T10:23:13 - [MESSAGE][PASSED] - Object 'Object Repository/Page_Playback Video/CCTV Selection Bar' is clickable

10-01-2024T10:23:13 - [TEST_STEP][PASSED] - click(findTestObject("Page_Playback Video/CCTV Selection Bar")): Object: 'Object Repository/Page_Playback Video/CCTV Selection Bar' is clicked on

10-01-2024T10:23:13 - [MESSAGE][PASSED] - Object: 'Object Repository/Page_Playback Video/CCTV Selection Bar' is clicked on

10-01-2024T10:23:13 - [TEST_STEP][PASSED] - sendKeys(findTestObject("Page_Playback Video/CCTV Search Field"), Keys.chord(ARROW_DOWN)): Keys 'DOWN + ' sent to object: 'Object Repository/Page_Playback Video/CCTV Search Field'

10-01-2024T10:23:14 - [MESSAGE][PASSED] - Keys 'DOWN + ' sent to object: 'Object Repository/Page_Playback Video/CCTV Search Field'

10-01-2024T10:23:14 - [TEST_STEP][PASSED] - sendKeys(findTestObject("Page_Playback Video/CCTV Search Field"), Keys.chord(ENTER)): Keys 'ENTER + ' sent to object: 'Object Repository/Page_Playback Video/CCTV Search Field'

10-01-2024T10:23:14 - [MESSAGE][PASSED] - Keys 'ENTER + ' sent to object: 'Object Repository/Page_Playback Video/CCTV Search Field'

10-01-2024T10:23:14 - [TEST_STEP][PASSED] - verifyElementClickable(findTestObject("Page_Playback Video/button_Search")): Object 'Object Repository/Page_Playback Video/button_Search' is clickable

10-01-2024T10:23:15 - [MESSAGE][PASSED] - Object 'Object Repository/Page_Playback Video/button_Search' is clickable

10-01-2024T10:23:15 - [TEST_STEP][PASSED] - click(findTestObject("Page_Playback Video/button_Search")): Object: 'Object Repository/Page_Playback Video/button_Search' is clicked on

10-01-2024T10:23:15 - [MESSAGE][PASSED] - Object: 'Object Repository/Page_Playback Video/button_Search' is clicked on

10-01-2024T10:23:15 - [TEST_STEP][PASSED] - verifyTextPresent("Size", false): Text 'Size' is present on page 

10-01-2024T10:23:22 - [MESSAGE][PASSED] - Text 'Size' is present on page 

10-01-2024T10:23:22 - [TEST_STEP][PASSED] - verifyTextPresent("Name", false): Text 'Name' is present on page 

10-01-2024T10:23:22 - [MESSAGE][PASSED] - Text 'Name' is present on page 

10-01-2024T10:23:22 - [TEST_STEP][PASSED] - verifyTextPresent("Date Time", false): Text 'Date Time' is present on page 

10-01-2024T10:23:23 - [MESSAGE][PASSED] - Text 'Date Time' is present on page 

10-01-2024T10:23:23 - [TEST_STEP][PASSED] - verifyTextPresent("Action", false): Text 'Action' is present on page 

10-01-2024T10:23:24 - [MESSAGE][PASSED] - Text 'Action' is present on page 

10-01-2024T10:23:24 - [MESSAGE][PASSED] - Call Test Case 'Test Cases/Offline PSSI Dashboard Function/Create BE Playback Video/Filter Playback Video/Positive Test Case/PSSIFilterStadiumAndCam' successfully

10-01-2024T10:23:24 - [TEST_STEP][PASSED] - navigateToUrl(baseUrl + "/playback_video/show/65273c11a21542f9826f23a6/2023-12-31T17-00-43.mp4"): Navigate to 'https://monitoring.pssi-dev.kecilin.id/playback_video/show/65273c11a21542f9826f23a6/2023-12-31T17-00-43.mp4' successfully

10-01-2024T10:23:28 - [MESSAGE][PASSED] - Navigate to 'https://monitoring.pssi-dev.kecilin.id/playback_video/show/65273c11a21542f9826f23a6/2023-12-31T17-00-43.mp4' successfully

10-01-2024T10:23:28 - [TEST_STEP][PASSED] - scrollToElement(findTestObject("Page_Playback Video/button_Search Identify"), 0): Scroll to object 'Object Repository/Page_Playback Video/button_Search Identify' successfully

10-01-2024T10:23:28 - [MESSAGE][WARNING] - Timeout '0' is invalid. Using default page load timeout: '1'

10-01-2024T10:23:30 - [MESSAGE][PASSED] - Scroll to object 'Object Repository/Page_Playback Video/button_Search Identify' successfully

10-01-2024T10:23:30 - [TEST_STEP][PASSED] - screenshot1 = takeFullPageScreenshot(): Taking screenshot successfully

10-01-2024T10:23:31 - [MESSAGE][INFO] - 0 hidden object(s)

10-01-2024T10:23:31 - [MESSAGE][PASSED] - Taking screenshot successfully
[[ATTACHMENT|C:\\Users\\USER\\git\\Kecilin-Automation-Test\\Reports\\20240110_101141\\Create BE Playback Video\\Search Identity Test Suite\\20240110_101149\\1704857010155.png]]

10-01-2024T10:23:31 - [TEST_STEP][PASSED] - Thread.sleep(2500): null

10-01-2024T10:23:34 - [TEST_STEP][PASSED] - screenshot2 = takeFullPageScreenshot(): Taking screenshot successfully

10-01-2024T10:23:35 - [MESSAGE][INFO] - 0 hidden object(s)

10-01-2024T10:23:35 - [MESSAGE][PASSED] - Taking screenshot successfully
[[ATTACHMENT|C:\\Users\\USER\\git\\Kecilin-Automation-Test\\Reports\\20240110_101141\\Create BE Playback Video\\Search Identity Test Suite\\20240110_101149\\1704857014440.png]]

10-01-2024T10:23:35 - [TEST_STEP][PASSED] - verifyNotEqual(screenshot1, screenshot2): Actual object '[B@6ed2aa8a' and expected object '[B@53ec379a' are not equal

10-01-2024T10:23:35 - [MESSAGE][PASSED] - Actual object '[B@6ed2aa8a' and expected object '[B@53ec379a' are not equal

10-01-2024T10:23:35 - [MESSAGE][PASSED] - Call Test Case 'Test Cases/Offline PSSI Dashboard Function/Create BE Playback Video/Play Video/PSSIPlayVideo' successfully

10-01-2024T10:23:35 - [TEST_STEP][PASSED] - click(findTestObject("Page_Playback Video/button_Search Identify")): Object: 'Object Repository/Page_Playback Video/button_Search Identify' is clicked on

10-01-2024T10:23:36 - [MESSAGE][PASSED] - Object: 'Object Repository/Page_Playback Video/button_Search Identify' is clicked on

10-01-2024T10:23:36 - [TEST_STEP][PASSED] - verifyTextPresent("CANCEL", false): Text 'CANCEL' is present on page 

10-01-2024T10:23:37 - [MESSAGE][PASSED] - Text 'CANCEL' is present on page 

10-01-2024T10:23:37 - [TEST_STEP][PASSED] - verifyTextPresent("Identity Now", false): Text 'Identity Now' is present on page 

10-01-2024T10:23:37 - [MESSAGE][PASSED] - Text 'Identity Now' is present on page 

10-01-2024T10:23:37 - [TEST_STEP][PASSED] - verifyElementClickable(findTestObject("Page_Playback Video/button_Identity Now Pop Up")): Object 'Object Repository/Page_Playback Video/button_Identity Now Pop Up' is clickable

10-01-2024T10:23:38 - [MESSAGE][PASSED] - Object 'Object Repository/Page_Playback Video/button_Identity Now Pop Up' is clickable

10-01-2024T10:23:38 - [TEST_STEP][PASSED] - click(findTestObject("Page_Playback Video/button_Identity Now Pop Up")): Object: 'Object Repository/Page_Playback Video/button_Identity Now Pop Up' is clicked on

10-01-2024T10:23:39 - [MESSAGE][PASSED] - Object: 'Object Repository/Page_Playback Video/button_Identity Now Pop Up' is clicked on

10-01-2024T10:23:39 - [TEST_STEP][PASSED] - verifyTextNotPresent("Name", false): Text 'Name' is not present on page

10-01-2024T10:23:40 - [MESSAGE][PASSED] - Text 'Name' is not present on page

10-01-2024T10:23:40 - [TEST_STEP][FAILED] - verifyTextPresent("Result", false): Unable to verify text 'Result' is present  (Root cause: com.kms.katalon.core.exception.StepFailedException: Unable to verify text 'Result' is present 
	at com.kms.katalon.core.webui.keyword.internal.WebUIKeywordMain.stepFailed(WebUIKeywordMain.groovy:64)
	at com.kms.katalon.core.webui.keyword.internal.WebUIKeywordMain.runKeyword(WebUIKeywordMain.groovy:26)
	at com.kms.katalon.core.webui.keyword.builtin.VerifyTextPresentKeyword.verifyTextPresent(VerifyTextPresentKeyword.groovy:83)
	at com.kms.katalon.core.webui.keyword.builtin.VerifyTextPresentKeyword.execute(VerifyTextPresentKeyword.groovy:68)
	at com.kms.katalon.core.keyword.internal.KeywordExecutor.executeKeywordForPlatform(KeywordExecutor.groovy:74)
	at com.kms.katalon.core.webui.keyword.WebUiBuiltInKeywords.verifyTextPresent(WebUiBuiltInKeywords.groovy:1762)
	at PSSIPlaybackVideoSearchIdentityNoFaceResult.run(PSSIPlaybackVideoSearchIdentityNoFaceResult:39)
	at com.kms.katalon.core.main.ScriptEngine.run(ScriptEngine.java:194)
	at com.kms.katalon.core.main.ScriptEngine.runScriptAsRawText(ScriptEngine.java:119)
	at com.kms.katalon.core.main.TestCaseExecutor.runScript(TestCaseExecutor.java:448)
	at com.kms.katalon.core.main.TestCaseExecutor.doExecute(TestCaseExecutor.java:439)
	at com.kms.katalon.core.main.TestCaseExecutor.processExecutionPhase(TestCaseExecutor.java:418)
	at com.kms.katalon.core.main.TestCaseExecutor.accessMainPhase(TestCaseExecutor.java:410)
	at com.kms.katalon.core.main.TestCaseExecutor.execute(TestCaseExecutor.java:285)
	at com.kms.katalon.core.main.TestCaseExecutor.execute(TestCaseExecutor.java:369)
	at com.kms.katalon.core.main.TestCaseExecutor.execute(TestCaseExecutor.java:369)
	at com.kms.katalon.core.main.TestCaseExecutor.execute(TestCaseExecutor.java:369)
	at com.kms.katalon.core.common.CommonExecutor.accessTestCaseMainPhase(CommonExecutor.java:65)
	at com.kms.katalon.core.main.TestSuiteExecutor.accessTestSuiteMainPhase(TestSuiteExecutor.java:148)
	at com.kms.katalon.core.main.TestSuiteExecutor.execute(TestSuiteExecutor.java:106)
	at com.kms.katalon.core.main.TestCaseMain.startTestSuite(TestCaseMain.java:180)
	at TempTestSuite1704856309767.run(TempTestSuite1704856309767.groovy:36)
	at java.base/jdk.internal.reflect.NativeMethodAccessorImpl.invoke0(Native Method)
	at java.base/jdk.internal.reflect.NativeMethodAccessorImpl.invoke(NativeMethodAccessorImpl.java:77)
	at java.base/jdk.internal.reflect.DelegatingMethodAccessorImpl.invoke(DelegatingMethodAccessorImpl.java:43)
Caused by: com.kms.katalon.core.exception.StepFailedException: Text 'Result' is not present on page 
	at com.kms.katalon.core.webui.keyword.internal.WebUIKeywordMain.stepFailed(WebUIKeywordMain.groovy:64)
	at com.kms.katalon.core.webui.keyword.builtin.VerifyTextPresentKeyword$_verifyTextPresent_closure1.doCall(VerifyTextPresentKeyword.groovy:79)
	at com.kms.katalon.core.webui.keyword.builtin.VerifyTextPresentKeyword$_verifyTextPresent_closure1.call(VerifyTextPresentKeyword.groovy)
	at com.kms.katalon.core.webui.keyword.internal.WebUIKeywordMain.runKeyword(WebUIKeywordMain.groovy:20)
	... 23 more
)

10-01-2024T10:23:40 - [MESSAGE][FAILED] - Text 'Result' is not present on page  (Root cause: com.kms.katalon.core.exception.StepFailedException: Text 'Result' is not present on page 
	at com.kms.katalon.core.webui.keyword.internal.WebUIKeywordMain.stepFailed(WebUIKeywordMain.groovy:64)
	at com.kms.katalon.core.webui.keyword.builtin.VerifyTextPresentKeyword$_verifyTextPresent_closure1.doCall(VerifyTextPresentKeyword.groovy:79)
	at com.kms.katalon.core.webui.keyword.builtin.VerifyTextPresentKeyword$_verifyTextPresent_closure1.call(VerifyTextPresentKeyword.groovy)
	at com.kms.katalon.core.webui.keyword.internal.WebUIKeywordMain.runKeyword(WebUIKeywordMain.groovy:20)
	at com.kms.katalon.core.webui.keyword.builtin.VerifyTextPresentKeyword.verifyTextPresent(VerifyTextPresentKeyword.groovy:83)
	at com.kms.katalon.core.webui.keyword.builtin.VerifyTextPresentKeyword.execute(VerifyTextPresentKeyword.groovy:68)
	at com.kms.katalon.core.keyword.internal.KeywordExecutor.executeKeywordForPlatform(KeywordExecutor.groovy:74)
	at com.kms.katalon.core.webui.keyword.WebUiBuiltInKeywords.verifyTextPresent(WebUiBuiltInKeywords.groovy:1762)
	at PSSIPlaybackVideoSearchIdentityNoFaceResult.run(PSSIPlaybackVideoSearchIdentityNoFaceResult:39)
	at com.kms.katalon.core.main.ScriptEngine.run(ScriptEngine.java:194)
	at com.kms.katalon.core.main.ScriptEngine.runScriptAsRawText(ScriptEngine.java:119)
	at com.kms.katalon.core.main.TestCaseExecutor.runScript(TestCaseExecutor.java:448)
	at com.kms.katalon.core.main.TestCaseExecutor.doExecute(TestCaseExecutor.java:439)
	at com.kms.katalon.core.main.TestCaseExecutor.processExecutionPhase(TestCaseExecutor.java:418)
	at com.kms.katalon.core.main.TestCaseExecutor.accessMainPhase(TestCaseExecutor.java:410)
	at com.kms.katalon.core.main.TestCaseExecutor.execute(TestCaseExecutor.java:285)
	at com.kms.katalon.core.main.TestCaseExecutor.execute(TestCaseExecutor.java:369)
	at com.kms.katalon.core.main.TestCaseExecutor.execute(TestCaseExecutor.java:369)
	at com.kms.katalon.core.main.TestCaseExecutor.execute(TestCaseExecutor.java:369)
	at com.kms.katalon.core.common.CommonExecutor.accessTestCaseMainPhase(CommonExecutor.java:65)
	at com.kms.katalon.core.main.TestSuiteExecutor.accessTestSuiteMainPhase(TestSuiteExecutor.java:148)
	at com.kms.katalon.core.main.TestSuiteExecutor.execute(TestSuiteExecutor.java:106)
	at com.kms.katalon.core.main.TestCaseMain.startTestSuite(TestCaseMain.java:180)
	at TempTestSuite1704856309767.run(TempTestSuite1704856309767.groovy:36)
	at java.base/jdk.internal.reflect.NativeMethodAccessorImpl.invoke0(Native Method)
	at java.base/jdk.internal.reflect.NativeMethodAccessorImpl.invoke(NativeMethodAccessorImpl.java:77)
	at java.base/jdk.internal.reflect.DelegatingMethodAccessorImpl.invoke(DelegatingMethodAccessorImpl.java:43)
)

10-01-2024T10:23:40 - [MESSAGE][FAILED] - Unable to verify text 'Result' is present  (Root cause: com.kms.katalon.core.exception.StepFailedException: Unable to verify text 'Result' is present 
	at com.kms.katalon.core.webui.keyword.internal.WebUIKeywordMain.stepFailed(WebUIKeywordMain.groovy:64)
	at com.kms.katalon.core.webui.keyword.internal.WebUIKeywordMain.runKeyword(WebUIKeywordMain.groovy:26)
	at com.kms.katalon.core.webui.keyword.builtin.VerifyTextPresentKeyword.verifyTextPresent(VerifyTextPresentKeyword.groovy:83)
	at com.kms.katalon.core.webui.keyword.builtin.VerifyTextPresentKeyword.execute(VerifyTextPresentKeyword.groovy:68)
	at com.kms.katalon.core.keyword.internal.KeywordExecutor.executeKeywordForPlatform(KeywordExecutor.groovy:74)
	at com.kms.katalon.core.webui.keyword.WebUiBuiltInKeywords.verifyTextPresent(WebUiBuiltInKeywords.groovy:1762)
	at PSSIPlaybackVideoSearchIdentityNoFaceResult.run(PSSIPlaybackVideoSearchIdentityNoFaceResult:39)
	at com.kms.katalon.core.main.ScriptEngine.run(ScriptEngine.java:194)
	at com.kms.katalon.core.main.ScriptEngine.runScriptAsRawText(ScriptEngine.java:119)
	at com.kms.katalon.core.main.TestCaseExecutor.runScript(TestCaseExecutor.java:448)
	at com.kms.katalon.core.main.TestCaseExecutor.doExecute(TestCaseExecutor.java:439)
	at com.kms.katalon.core.main.TestCaseExecutor.processExecutionPhase(TestCaseExecutor.java:418)
	at com.kms.katalon.core.main.TestCaseExecutor.accessMainPhase(TestCaseExecutor.java:410)
	at com.kms.katalon.core.main.TestCaseExecutor.execute(TestCaseExecutor.java:285)
	at com.kms.katalon.core.main.TestCaseExecutor.execute(TestCaseExecutor.java:369)
	at com.kms.katalon.core.main.TestCaseExecutor.execute(TestCaseExecutor.java:369)
	at com.kms.katalon.core.main.TestCaseExecutor.execute(TestCaseExecutor.java:369)
	at com.kms.katalon.core.common.CommonExecutor.accessTestCaseMainPhase(CommonExecutor.java:65)
	at com.kms.katalon.core.main.TestSuiteExecutor.accessTestSuiteMainPhase(TestSuiteExecutor.java:148)
	at com.kms.katalon.core.main.TestSuiteExecutor.execute(TestSuiteExecutor.java:106)
	at com.kms.katalon.core.main.TestCaseMain.startTestSuite(TestCaseMain.java:180)
	at TempTestSuite1704856309767.run(TempTestSuite1704856309767.groovy:36)
	at java.base/jdk.internal.reflect.NativeMethodAccessorImpl.invoke0(Native Method)
	at java.base/jdk.internal.reflect.NativeMethodAccessorImpl.invoke(NativeMethodAccessorImpl.java:77)
	at java.base/jdk.internal.reflect.DelegatingMethodAccessorImpl.invoke(DelegatingMethodAccessorImpl.java:43)
Caused by: com.kms.katalon.core.exception.StepFailedException: Text 'Result' is not present on page 
	at com.kms.katalon.core.webui.keyword.internal.WebUIKeywordMain.stepFailed(WebUIKeywordMain.groovy:64)
	at com.kms.katalon.core.webui.keyword.builtin.VerifyTextPresentKeyword$_verifyTextPresent_closure1.doCall(VerifyTextPresentKeyword.groovy:79)
	at com.kms.katalon.core.webui.keyword.builtin.VerifyTextPresentKeyword$_verifyTextPresent_closure1.call(VerifyTextPresentKeyword.groovy)
	at com.kms.katalon.core.webui.keyword.internal.WebUIKeywordMain.runKeyword(WebUIKeywordMain.groovy:20)
	... 23 more
)
[[ATTACHMENT|C:\\Users\\USER\\git\\Kecilin-Automation-Test\\Reports\\20240110_101141\\Create BE Playback Video\\Search Identity Test Suite\\20240110_101149\\1704857020547.png]]]]></system-out>
         <system-err><![CDATA[10-01-2024T10:22:57 - [TEST_CASE][FAILED] - Test Cases/Offline PSSI Dashboard Function/Create BE Playback Video/Search Identity/Negative Test Case/PSSIPlaybackVideoSearchIdentityNoFaceResult: Test Cases/Offline PSSI Dashboard Function/Create BE Playback Video/Search Identity/Negative Test Case/PSSIPlaybackVideoSearchIdentityNoFaceResult FAILED.
Reason:
com.kms.katalon.core.exception.StepFailedException: Unable to verify text 'Result' is present 
	at com.kms.katalon.core.webui.keyword.internal.WebUIKeywordMain.stepFailed(WebUIKeywordMain.groovy:64)
	at com.kms.katalon.core.webui.keyword.internal.WebUIKeywordMain.runKeyword(WebUIKeywordMain.groovy:26)
	at com.kms.katalon.core.webui.keyword.builtin.VerifyTextPresentKeyword.verifyTextPresent(VerifyTextPresentKeyword.groovy:83)
	at com.kms.katalon.core.webui.keyword.builtin.VerifyTextPresentKeyword.execute(VerifyTextPresentKeyword.groovy:68)
	at com.kms.katalon.core.keyword.internal.KeywordExecutor.executeKeywordForPlatform(KeywordExecutor.groovy:74)
	at com.kms.katalon.core.webui.keyword.WebUiBuiltInKeywords.verifyTextPresent(WebUiBuiltInKeywords.groovy:1762)
	at PSSIPlaybackVideoSearchIdentityNoFaceResult.run(PSSIPlaybackVideoSearchIdentityNoFaceResult:39)
	at com.kms.katalon.core.main.ScriptEngine.run(ScriptEngine.java:194)
	at com.kms.katalon.core.main.ScriptEngine.runScriptAsRawText(ScriptEngine.java:119)
	at com.kms.katalon.core.main.TestCaseExecutor.runScript(TestCaseExecutor.java:448)
	at com.kms.katalon.core.main.TestCaseExecutor.doExecute(TestCaseExecutor.java:439)
	at com.kms.katalon.core.main.TestCaseExecutor.processExecutionPhase(TestCaseExecutor.java:418)
	at com.kms.katalon.core.main.TestCaseExecutor.accessMainPhase(TestCaseExecutor.java:410)
	at com.kms.katalon.core.main.TestCaseExecutor.execute(TestCaseExecutor.java:285)
	at com.kms.katalon.core.main.TestCaseExecutor.execute(TestCaseExecutor.java:369)
	at com.kms.katalon.core.main.TestCaseExecutor.execute(TestCaseExecutor.java:369)
	at com.kms.katalon.core.main.TestCaseExecutor.execute(TestCaseExecutor.java:369)
	at com.kms.katalon.core.common.CommonExecutor.accessTestCaseMainPhase(CommonExecutor.java:65)
	at com.kms.katalon.core.main.TestSuiteExecutor.accessTestSuiteMainPhase(TestSuiteExecutor.java:148)
	at com.kms.katalon.core.main.TestSuiteExecutor.execute(TestSuiteExecutor.java:106)
	at com.kms.katalon.core.main.TestCaseMain.startTestSuite(TestCaseMain.java:180)
	at TempTestSuite1704856309767.run(TempTestSuite1704856309767.groovy:36)
	at java.base/jdk.internal.reflect.NativeMethodAccessorImpl.invoke0(Native Method)
	at java.base/jdk.internal.reflect.NativeMethodAccessorImpl.invoke(NativeMethodAccessorImpl.java:77)
	at java.base/jdk.internal.reflect.DelegatingMethodAccessorImpl.invoke(DelegatingMethodAccessorImpl.java:43)
Caused by: com.kms.katalon.core.exception.StepFailedException: Text 'Result' is not present on page 
	at com.kms.katalon.core.webui.keyword.internal.WebUIKeywordMain.stepFailed(WebUIKeywordMain.groovy:64)
	at com.kms.katalon.core.webui.keyword.builtin.VerifyTextPresentKeyword$_verifyTextPresent_closure1.doCall(VerifyTextPresentKeyword.groovy:79)
	at com.kms.katalon.core.webui.keyword.builtin.VerifyTextPresentKeyword$_verifyTextPresent_closure1.call(VerifyTextPresentKeyword.groovy)
	at com.kms.katalon.core.webui.keyword.internal.WebUIKeywordMain.runKeyword(WebUIKeywordMain.groovy:20)
	... 23 more]]></system-err>
      </testcase>
      <testcase name="Test Cases/Offline PSSI Dashboard Function/Create BE Playback Video/Search Identity/Negative Test Case/PSSIPlaybackVideoSearchIdentityUnrecognized" time="33.822" classname="Test Cases/Offline PSSI Dashboard Function/Create BE Playback Video/Search Identity/Negative Test Case/PSSIPlaybackVideoSearchIdentityUnrecognized" status="FAILED">
         <failure type="FAILED" message="Test Cases/Offline PSSI Dashboard Function/Create BE Playback Video/Search Identity/Negative Test Case/PSSIPlaybackVideoSearchIdentityUnrecognized FAILED.&#xa;Reason:&#xa;com.kms.katalon.core.exception.StepFailedException: Unable to verify text 'Result' is present &#xa;	at com.kms.katalon.core.webui.keyword.internal.WebUIKeywordMain.stepFailed(WebUIKeywordMain.groovy:64)&#xa;	at com.kms.katalon.core.webui.keyword.internal.WebUIKeywordMain.runKeyword(WebUIKeywordMain.groovy:26)&#xa;	at com.kms.katalon.core.webui.keyword.builtin.VerifyTextPresentKeyword.verifyTextPresent(VerifyTextPresentKeyword.groovy:83)&#xa;	at com.kms.katalon.core.webui.keyword.builtin.VerifyTextPresentKeyword.execute(VerifyTextPresentKeyword.groovy:68)&#xa;	at com.kms.katalon.core.keyword.internal.KeywordExecutor.executeKeywordForPlatform(KeywordExecutor.groovy:74)&#xa;	at com.kms.katalon.core.webui.keyword.WebUiBuiltInKeywords.verifyTextPresent(WebUiBuiltInKeywords.groovy:1762)&#xa;	at PSSIPlaybackVideoSearchIdentityUnrecognized.run(PSSIPlaybackVideoSearchIdentityUnrecognized:39)&#xa;	at com.kms.katalon.core.main.ScriptEngine.run(ScriptEngine.java:194)&#xa;	at com.kms.katalon.core.main.ScriptEngine.runScriptAsRawText(ScriptEngine.java:119)&#xa;	at com.kms.katalon.core.main.TestCaseExecutor.runScript(TestCaseExecutor.java:448)&#xa;	at com.kms.katalon.core.main.TestCaseExecutor.doExecute(TestCaseExecutor.java:439)&#xa;	at com.kms.katalon.core.main.TestCaseExecutor.processExecutionPhase(TestCaseExecutor.java:418)&#xa;	at com.kms.katalon.core.main.TestCaseExecutor.accessMainPhase(TestCaseExecutor.java:410)&#xa;	at com.kms.katalon.core.main.TestCaseExecutor.execute(TestCaseExecutor.java:285)&#xa;	at com.kms.katalon.core.main.TestCaseExecutor.execute(TestCaseExecutor.java:369)&#xa;	at com.kms.katalon.core.main.TestCaseExecutor.execute(TestCaseExecutor.java:369)&#xa;	at com.kms.katalon.core.main.TestCaseExecutor.execute(TestCaseExecutor.java:369)&#xa;	at com.kms.katalon.core.common.CommonExecutor.accessTestCaseMainPhase(CommonExecutor.java:65)&#xa;	at com.kms.katalon.core.main.TestSuiteExecutor.accessTestSuiteMainPhase(TestSuiteExecutor.java:148)&#xa;	at com.kms.katalon.core.main.TestSuiteExecutor.execute(TestSuiteExecutor.java:106)&#xa;	at com.kms.katalon.core.main.TestCaseMain.startTestSuite(TestCaseMain.java:180)&#xa;	at TempTestSuite1704856309767.run(TempTestSuite1704856309767.groovy:36)&#xa;	at java.base/jdk.internal.reflect.NativeMethodAccessorImpl.invoke0(Native Method)&#xa;	at java.base/jdk.internal.reflect.NativeMethodAccessorImpl.invoke(NativeMethodAccessorImpl.java:77)&#xa;	at java.base/jdk.internal.reflect.DelegatingMethodAccessorImpl.invoke(DelegatingMethodAccessorImpl.java:43)&#xa;Caused by: com.kms.katalon.core.exception.StepFailedException: Text 'Result' is not present on page &#xa;	at com.kms.katalon.core.webui.keyword.internal.WebUIKeywordMain.stepFailed(WebUIKeywordMain.groovy:64)&#xa;	at com.kms.katalon.core.webui.keyword.builtin.VerifyTextPresentKeyword$_verifyTextPresent_closure1.doCall(VerifyTextPresentKeyword.groovy:79)&#xa;	at com.kms.katalon.core.webui.keyword.builtin.VerifyTextPresentKeyword$_verifyTextPresent_closure1.call(VerifyTextPresentKeyword.groovy)&#xa;	at com.kms.katalon.core.webui.keyword.internal.WebUIKeywordMain.runKeyword(WebUIKeywordMain.groovy:20)&#xa;	... 23 more&#xa;"/>
         <system-out><![CDATA[10-01-2024T10:25:49 - [TEST_CASE][FAILED] - Test Cases/Offline PSSI Dashboard Function/Create BE Playback Video/Search Identity/Negative Test Case/PSSIPlaybackVideoSearchIdentityUnrecognized: Test Cases/Offline PSSI Dashboard Function/Create BE Playback Video/Search Identity/Negative Test Case/PSSIPlaybackVideoSearchIdentityUnrecognized FAILED.
Reason:
com.kms.katalon.core.exception.StepFailedException: Unable to verify text 'Result' is present 
	at com.kms.katalon.core.webui.keyword.internal.WebUIKeywordMain.stepFailed(WebUIKeywordMain.groovy:64)
	at com.kms.katalon.core.webui.keyword.internal.WebUIKeywordMain.runKeyword(WebUIKeywordMain.groovy:26)
	at com.kms.katalon.core.webui.keyword.builtin.VerifyTextPresentKeyword.verifyTextPresent(VerifyTextPresentKeyword.groovy:83)
	at com.kms.katalon.core.webui.keyword.builtin.VerifyTextPresentKeyword.execute(VerifyTextPresentKeyword.groovy:68)
	at com.kms.katalon.core.keyword.internal.KeywordExecutor.executeKeywordForPlatform(KeywordExecutor.groovy:74)
	at com.kms.katalon.core.webui.keyword.WebUiBuiltInKeywords.verifyTextPresent(WebUiBuiltInKeywords.groovy:1762)
	at PSSIPlaybackVideoSearchIdentityUnrecognized.run(PSSIPlaybackVideoSearchIdentityUnrecognized:39)
	at com.kms.katalon.core.main.ScriptEngine.run(ScriptEngine.java:194)
	at com.kms.katalon.core.main.ScriptEngine.runScriptAsRawText(ScriptEngine.java:119)
	at com.kms.katalon.core.main.TestCaseExecutor.runScript(TestCaseExecutor.java:448)
	at com.kms.katalon.core.main.TestCaseExecutor.doExecute(TestCaseExecutor.java:439)
	at com.kms.katalon.core.main.TestCaseExecutor.processExecutionPhase(TestCaseExecutor.java:418)
	at com.kms.katalon.core.main.TestCaseExecutor.accessMainPhase(TestCaseExecutor.java:410)
	at com.kms.katalon.core.main.TestCaseExecutor.execute(TestCaseExecutor.java:285)
	at com.kms.katalon.core.main.TestCaseExecutor.execute(TestCaseExecutor.java:369)
	at com.kms.katalon.core.main.TestCaseExecutor.execute(TestCaseExecutor.java:369)
	at com.kms.katalon.core.main.TestCaseExecutor.execute(TestCaseExecutor.java:369)
	at com.kms.katalon.core.common.CommonExecutor.accessTestCaseMainPhase(CommonExecutor.java:65)
	at com.kms.katalon.core.main.TestSuiteExecutor.accessTestSuiteMainPhase(TestSuiteExecutor.java:148)
	at com.kms.katalon.core.main.TestSuiteExecutor.execute(TestSuiteExecutor.java:106)
	at com.kms.katalon.core.main.TestCaseMain.startTestSuite(TestCaseMain.java:180)
	at TempTestSuite1704856309767.run(TempTestSuite1704856309767.groovy:36)
	at java.base/jdk.internal.reflect.NativeMethodAccessorImpl.invoke0(Native Method)
	at java.base/jdk.internal.reflect.NativeMethodAccessorImpl.invoke(NativeMethodAccessorImpl.java:77)
	at java.base/jdk.internal.reflect.DelegatingMethodAccessorImpl.invoke(DelegatingMethodAccessorImpl.java:43)
Caused by: com.kms.katalon.core.exception.StepFailedException: Text 'Result' is not present on page 
	at com.kms.katalon.core.webui.keyword.internal.WebUIKeywordMain.stepFailed(WebUIKeywordMain.groovy:64)
	at com.kms.katalon.core.webui.keyword.builtin.VerifyTextPresentKeyword$_verifyTextPresent_closure1.doCall(VerifyTextPresentKeyword.groovy:79)
	at com.kms.katalon.core.webui.keyword.builtin.VerifyTextPresentKeyword$_verifyTextPresent_closure1.call(VerifyTextPresentKeyword.groovy)
	at com.kms.katalon.core.webui.keyword.internal.WebUIKeywordMain.runKeyword(WebUIKeywordMain.groovy:20)
	... 23 more


10-01-2024T10:25:49 - [TEST_STEP][PASSED] - baseUrl = offline_pssi_dashboard_url: null

10-01-2024T10:25:49 - [TEST_STEP][PASSED] - callTestCase(findTestCase("Offline PSSI Dashboard Function/Create BE Playback Video/Play Video/PSSIPlayVideo"), [:]): Call Test Case 'Test Cases/Offline PSSI Dashboard Function/Create BE Playback Video/Play Video/PSSIPlayVideo' successfully

10-01-2024T10:25:49 - [TEST_CASE][PASSED] - Test Cases/Offline PSSI Dashboard Function/Create BE Playback Video/Play Video/PSSIPlayVideo: Test Cases/Offline PSSI Dashboard Function/Create BE Playback Video/Play Video/PSSIPlayVideo

10-01-2024T10:25:49 - [TEST_STEP][PASSED] - baseUrl = offline_pssi_dashboard_url: null

10-01-2024T10:25:49 - [TEST_STEP][PASSED] - callTestCase(findTestCase("Offline PSSI Dashboard Function/Create BE Playback Video/Filter Playback Video/Positive Test Case/PSSIFilterStadiumAndCam"), [:]): Call Test Case 'Test Cases/Offline PSSI Dashboard Function/Create BE Playback Video/Filter Playback Video/Positive Test Case/PSSIFilterStadiumAndCam' successfully

10-01-2024T10:25:49 - [TEST_CASE][PASSED] - Test Cases/Offline PSSI Dashboard Function/Create BE Playback Video/Filter Playback Video/Positive Test Case/PSSIFilterStadiumAndCam: Test Cases/Offline PSSI Dashboard Function/Create BE Playback Video/Filter Playback Video/Positive Test Case/PSSIFilterStadiumAndCam

10-01-2024T10:25:49 - [TEST_STEP][PASSED] - baseUrl = offline_pssi_dashboard_url: null

10-01-2024T10:25:49 - [TEST_STEP][PASSED] - callTestCase(findTestCase("Offline PSSI Dashboard Function/Create BE Playback Video/View Playback Video Data/PSSIViewPlaybackVideo"), [:]): Call Test Case 'Test Cases/Offline PSSI Dashboard Function/Create BE Playback Video/View Playback Video Data/PSSIViewPlaybackVideo' successfully

10-01-2024T10:25:49 - [TEST_CASE][PASSED] - Test Cases/Offline PSSI Dashboard Function/Create BE Playback Video/View Playback Video Data/PSSIViewPlaybackVideo: Test Cases/Offline PSSI Dashboard Function/Create BE Playback Video/View Playback Video Data/PSSIViewPlaybackVideo

10-01-2024T10:25:49 - [TEST_STEP][PASSED] - baseUrl = offline_pssi_dashboard_url: null

10-01-2024T10:25:49 - [TEST_STEP][PASSED] - callTestCase(findTestCase("Offline PSSI Dashboard Function/Sign In/PSSISignInValidData"), [:]): Call Test Case 'Test Cases/Offline PSSI Dashboard Function/Sign In/PSSISignInValidData' successfully

10-01-2024T10:25:49 - [TEST_CASE][PASSED] - Test Cases/Offline PSSI Dashboard Function/Sign In/PSSISignInValidData: Test Cases/Offline PSSI Dashboard Function/Sign In/PSSISignInValidData

10-01-2024T10:25:49 - [TEST_STEP][PASSED] - failureHandling = STOP_ON_FAILURE: null

10-01-2024T10:25:49 - [TEST_STEP][PASSED] - baseUrl = offline_pssi_dashboard_url: null

10-01-2024T10:25:49 - [TEST_STEP][PASSED] - openBrowser(""): Browser is opened with url: ''

10-01-2024T10:25:49 - [MESSAGE][WARNING] - A browser is already opened. Closing browser and opening a new one

10-01-2024T10:25:50 - [MESSAGE][INFO] - Starting 'Chrome' driver

10-01-2024T10:25:50 - [MESSAGE][INFO] - Action delay is set to 0 milliseconds

10-01-2024T10:25:51 - [MESSAGE][PASSED] - Browser is opened with url: ''

10-01-2024T10:25:51 - [TEST_STEP][PASSED] - navigateToUrl(baseUrl): Navigate to 'https://monitoring.pssi-dev.kecilin.id' successfully

10-01-2024T10:25:52 - [MESSAGE][PASSED] - Navigate to 'https://monitoring.pssi-dev.kecilin.id' successfully

10-01-2024T10:25:52 - [TEST_STEP][PASSED] - maximizeWindow(): Current window maximized

10-01-2024T10:25:53 - [MESSAGE][PASSED] - Current window maximized

10-01-2024T10:25:53 - [TEST_STEP][PASSED] - setText(findTestObject("Object Repository/Page_Login/input_email"), "superadmin@app.com"): Text 'superadmin@app.com' is set on object 'Object Repository/Page_Login/input_email'

10-01-2024T10:25:54 - [MESSAGE][PASSED] - Text 'superadmin@app.com' is set on object 'Object Repository/Page_Login/input_email'

10-01-2024T10:25:54 - [TEST_STEP][PASSED] - setEncryptedText(findTestObject("Object Repository/Page_Login/input_password"), "8SQVv/p9jVScEs4/2CZsLw=="): Text ****** has been set on object 'Object Repository/Page_Login/input_password'

10-01-2024T10:25:54 - [MESSAGE][PASSED] - Text ****** has been set on object 'Object Repository/Page_Login/input_password'

10-01-2024T10:25:54 - [TEST_STEP][PASSED] - click(findTestObject("Object Repository/Page_Login/button_Sign In")): Object: 'Object Repository/Page_Login/button_Sign In' is clicked on

10-01-2024T10:25:56 - [MESSAGE][PASSED] - Object: 'Object Repository/Page_Login/button_Sign In' is clicked on

10-01-2024T10:25:56 - [MESSAGE][PASSED] - Call Test Case 'Test Cases/Offline PSSI Dashboard Function/Sign In/PSSISignInValidData' successfully

10-01-2024T10:25:56 - [TEST_STEP][PASSED] - navigateToUrl(baseUrl + "/playback_video"): Navigate to 'https://monitoring.pssi-dev.kecilin.id/playback_video' successfully

10-01-2024T10:25:57 - [MESSAGE][PASSED] - Navigate to 'https://monitoring.pssi-dev.kecilin.id/playback_video' successfully

10-01-2024T10:25:57 - [MESSAGE][PASSED] - Call Test Case 'Test Cases/Offline PSSI Dashboard Function/Create BE Playback Video/View Playback Video Data/PSSIViewPlaybackVideo' successfully

10-01-2024T10:25:57 - [TEST_STEP][PASSED] - verifyElementNotPresent(findTestObject("Page_Playback Video/CCTV Selection Bar"), 0): Web element with id: 'Object Repository/Page_Playback Video/CCTV Selection Bar' located by 'By.xpath: id("select2-cctv-container")[count(. | //span[@class = 'select2-selection__rendered' and @id = 'select2-cctv-container' and @role = 'textbox' and @aria-readonly = 'true' and @title = '-- Search CCTV --' and (text() = '-- Search CCTV --' or . = '-- Search CCTV --')]) = count(//span[@class = 'select2-selection__rendered' and @id = 'select2-cctv-container' and @role = 'textbox' and @aria-readonly = 'true' and @title = '-- Search CCTV --' and (text() = '-- Search CCTV --' or . = '-- Search CCTV --')])]' is not present after '1' second(s)

10-01-2024T10:25:57 - [MESSAGE][WARNING] - Timeout '0' is invalid. Using default page load timeout: '1'

10-01-2024T10:25:57 - [MESSAGE][PASSED] - Web element with id: 'Object Repository/Page_Playback Video/CCTV Selection Bar' located by 'By.xpath: id("select2-cctv-container")[count(. | //span[@class = 'select2-selection__rendered' and @id = 'select2-cctv-container' and @role = 'textbox' and @aria-readonly = 'true' and @title = '-- Search CCTV --' and (text() = '-- Search CCTV --' or . = '-- Search CCTV --')]) = count(//span[@class = 'select2-selection__rendered' and @id = 'select2-cctv-container' and @role = 'textbox' and @aria-readonly = 'true' and @title = '-- Search CCTV --' and (text() = '-- Search CCTV --' or . = '-- Search CCTV --')])]' is not present after '1' second(s)

10-01-2024T10:25:57 - [TEST_STEP][PASSED] - verifyElementClickable(findTestObject("Page_Playback Video/Stadium Selection Bar")): Object 'Object Repository/Page_Playback Video/Stadium Selection Bar' is clickable

10-01-2024T10:25:58 - [MESSAGE][PASSED] - Object 'Object Repository/Page_Playback Video/Stadium Selection Bar' is clickable

10-01-2024T10:25:58 - [TEST_STEP][PASSED] - click(findTestObject("Page_Playback Video/Stadium Selection Bar")): Object: 'Object Repository/Page_Playback Video/Stadium Selection Bar' is clicked on

10-01-2024T10:25:58 - [MESSAGE][PASSED] - Object: 'Object Repository/Page_Playback Video/Stadium Selection Bar' is clicked on

10-01-2024T10:25:58 - [TEST_STEP][PASSED] - sendKeys(findTestObject("Page_Playback Video/Stadium Search Field"), Keys.chord(ENTER)): Keys 'ENTER + ' sent to object: 'Object Repository/Page_Playback Video/Stadium Search Field'

10-01-2024T10:25:59 - [MESSAGE][PASSED] - Keys 'ENTER + ' sent to object: 'Object Repository/Page_Playback Video/Stadium Search Field'

10-01-2024T10:25:59 - [TEST_STEP][PASSED] - verifyElementClickable(findTestObject("Page_Playback Video/CCTV Selection Bar")): Object 'Object Repository/Page_Playback Video/CCTV Selection Bar' is clickable

10-01-2024T10:25:59 - [MESSAGE][PASSED] - Object 'Object Repository/Page_Playback Video/CCTV Selection Bar' is clickable

10-01-2024T10:25:59 - [TEST_STEP][PASSED] - click(findTestObject("Page_Playback Video/CCTV Selection Bar")): Object: 'Object Repository/Page_Playback Video/CCTV Selection Bar' is clicked on

10-01-2024T10:26:00 - [MESSAGE][PASSED] - Object: 'Object Repository/Page_Playback Video/CCTV Selection Bar' is clicked on

10-01-2024T10:26:00 - [TEST_STEP][PASSED] - sendKeys(findTestObject("Page_Playback Video/CCTV Search Field"), Keys.chord(ARROW_DOWN)): Keys 'DOWN + ' sent to object: 'Object Repository/Page_Playback Video/CCTV Search Field'

10-01-2024T10:26:00 - [MESSAGE][PASSED] - Keys 'DOWN + ' sent to object: 'Object Repository/Page_Playback Video/CCTV Search Field'

10-01-2024T10:26:00 - [TEST_STEP][PASSED] - sendKeys(findTestObject("Page_Playback Video/CCTV Search Field"), Keys.chord(ENTER)): Keys 'ENTER + ' sent to object: 'Object Repository/Page_Playback Video/CCTV Search Field'

10-01-2024T10:26:01 - [MESSAGE][PASSED] - Keys 'ENTER + ' sent to object: 'Object Repository/Page_Playback Video/CCTV Search Field'

10-01-2024T10:26:01 - [TEST_STEP][PASSED] - verifyElementClickable(findTestObject("Page_Playback Video/button_Search")): Object 'Object Repository/Page_Playback Video/button_Search' is clickable

10-01-2024T10:26:01 - [MESSAGE][PASSED] - Object 'Object Repository/Page_Playback Video/button_Search' is clickable

10-01-2024T10:26:01 - [TEST_STEP][PASSED] - click(findTestObject("Page_Playback Video/button_Search")): Object: 'Object Repository/Page_Playback Video/button_Search' is clicked on

10-01-2024T10:26:02 - [MESSAGE][PASSED] - Object: 'Object Repository/Page_Playback Video/button_Search' is clicked on

10-01-2024T10:26:02 - [TEST_STEP][PASSED] - verifyTextPresent("Size", false): Text 'Size' is present on page 

10-01-2024T10:26:08 - [MESSAGE][PASSED] - Text 'Size' is present on page 

10-01-2024T10:26:08 - [TEST_STEP][PASSED] - verifyTextPresent("Name", false): Text 'Name' is present on page 

10-01-2024T10:26:09 - [MESSAGE][PASSED] - Text 'Name' is present on page 

10-01-2024T10:26:09 - [TEST_STEP][PASSED] - verifyTextPresent("Date Time", false): Text 'Date Time' is present on page 

10-01-2024T10:26:09 - [MESSAGE][PASSED] - Text 'Date Time' is present on page 

10-01-2024T10:26:09 - [TEST_STEP][PASSED] - verifyTextPresent("Action", false): Text 'Action' is present on page 

10-01-2024T10:26:10 - [MESSAGE][PASSED] - Text 'Action' is present on page 

10-01-2024T10:26:10 - [MESSAGE][PASSED] - Call Test Case 'Test Cases/Offline PSSI Dashboard Function/Create BE Playback Video/Filter Playback Video/Positive Test Case/PSSIFilterStadiumAndCam' successfully

10-01-2024T10:26:10 - [TEST_STEP][PASSED] - navigateToUrl(baseUrl + "/playback_video/show/65273c11a21542f9826f23a6/2023-12-31T17-00-43.mp4"): Navigate to 'https://monitoring.pssi-dev.kecilin.id/playback_video/show/65273c11a21542f9826f23a6/2023-12-31T17-00-43.mp4' successfully

10-01-2024T10:26:14 - [MESSAGE][PASSED] - Navigate to 'https://monitoring.pssi-dev.kecilin.id/playback_video/show/65273c11a21542f9826f23a6/2023-12-31T17-00-43.mp4' successfully

10-01-2024T10:26:14 - [TEST_STEP][PASSED] - scrollToElement(findTestObject("Page_Playback Video/button_Search Identify"), 0): Scroll to object 'Object Repository/Page_Playback Video/button_Search Identify' successfully

10-01-2024T10:26:14 - [MESSAGE][WARNING] - Timeout '0' is invalid. Using default page load timeout: '1'

10-01-2024T10:26:14 - [MESSAGE][PASSED] - Scroll to object 'Object Repository/Page_Playback Video/button_Search Identify' successfully

10-01-2024T10:26:14 - [TEST_STEP][PASSED] - screenshot1 = takeFullPageScreenshot(): Taking screenshot successfully

10-01-2024T10:26:15 - [MESSAGE][INFO] - 0 hidden object(s)

10-01-2024T10:26:15 - [MESSAGE][PASSED] - Taking screenshot successfully
[[ATTACHMENT|C:\\Users\\USER\\git\\Kecilin-Automation-Test\\Reports\\20240110_101141\\Create BE Playback Video\\Search Identity Test Suite\\20240110_101149\\1704857174890.png]]

10-01-2024T10:26:15 - [TEST_STEP][PASSED] - Thread.sleep(2500): null

10-01-2024T10:26:18 - [TEST_STEP][PASSED] - screenshot2 = takeFullPageScreenshot(): Taking screenshot successfully

10-01-2024T10:26:18 - [MESSAGE][INFO] - 0 hidden object(s)

10-01-2024T10:26:19 - [MESSAGE][PASSED] - Taking screenshot successfully
[[ATTACHMENT|C:\\Users\\USER\\git\\Kecilin-Automation-Test\\Reports\\20240110_101141\\Create BE Playback Video\\Search Identity Test Suite\\20240110_101149\\1704857178294.png]]

10-01-2024T10:26:19 - [TEST_STEP][PASSED] - verifyNotEqual(screenshot1, screenshot2): Actual object '[B@1e0ccdd6' and expected object '[B@5f849a79' are not equal

10-01-2024T10:26:19 - [MESSAGE][PASSED] - Actual object '[B@1e0ccdd6' and expected object '[B@5f849a79' are not equal

10-01-2024T10:26:19 - [MESSAGE][PASSED] - Call Test Case 'Test Cases/Offline PSSI Dashboard Function/Create BE Playback Video/Play Video/PSSIPlayVideo' successfully

10-01-2024T10:26:19 - [TEST_STEP][PASSED] - click(findTestObject("Page_Playback Video/button_Search Identify")): Object: 'Object Repository/Page_Playback Video/button_Search Identify' is clicked on

10-01-2024T10:26:19 - [MESSAGE][PASSED] - Object: 'Object Repository/Page_Playback Video/button_Search Identify' is clicked on

10-01-2024T10:26:19 - [TEST_STEP][PASSED] - verifyTextPresent("CANCEL", false): Text 'CANCEL' is present on page 

10-01-2024T10:26:20 - [MESSAGE][PASSED] - Text 'CANCEL' is present on page 

10-01-2024T10:26:20 - [TEST_STEP][PASSED] - verifyTextPresent("Identity Now", false): Text 'Identity Now' is present on page 

10-01-2024T10:26:20 - [MESSAGE][PASSED] - Text 'Identity Now' is present on page 

10-01-2024T10:26:20 - [TEST_STEP][PASSED] - verifyElementClickable(findTestObject("Page_Playback Video/button_Identity Now Pop Up")): Object 'Object Repository/Page_Playback Video/button_Identity Now Pop Up' is clickable

10-01-2024T10:26:21 - [MESSAGE][PASSED] - Object 'Object Repository/Page_Playback Video/button_Identity Now Pop Up' is clickable

10-01-2024T10:26:21 - [TEST_STEP][PASSED] - click(findTestObject("Page_Playback Video/button_Identity Now Pop Up")): Object: 'Object Repository/Page_Playback Video/button_Identity Now Pop Up' is clicked on

10-01-2024T10:26:21 - [MESSAGE][PASSED] - Object: 'Object Repository/Page_Playback Video/button_Identity Now Pop Up' is clicked on

10-01-2024T10:26:21 - [TEST_STEP][PASSED] - verifyTextNotPresent("Name", false): Text 'Name' is not present on page

10-01-2024T10:26:22 - [MESSAGE][PASSED] - Text 'Name' is not present on page

10-01-2024T10:26:22 - [TEST_STEP][FAILED] - verifyTextPresent("Result", false): Unable to verify text 'Result' is present  (Root cause: com.kms.katalon.core.exception.StepFailedException: Unable to verify text 'Result' is present 
	at com.kms.katalon.core.webui.keyword.internal.WebUIKeywordMain.stepFailed(WebUIKeywordMain.groovy:64)
	at com.kms.katalon.core.webui.keyword.internal.WebUIKeywordMain.runKeyword(WebUIKeywordMain.groovy:26)
	at com.kms.katalon.core.webui.keyword.builtin.VerifyTextPresentKeyword.verifyTextPresent(VerifyTextPresentKeyword.groovy:83)
	at com.kms.katalon.core.webui.keyword.builtin.VerifyTextPresentKeyword.execute(VerifyTextPresentKeyword.groovy:68)
	at com.kms.katalon.core.keyword.internal.KeywordExecutor.executeKeywordForPlatform(KeywordExecutor.groovy:74)
	at com.kms.katalon.core.webui.keyword.WebUiBuiltInKeywords.verifyTextPresent(WebUiBuiltInKeywords.groovy:1762)
	at PSSIPlaybackVideoSearchIdentityUnrecognized.run(PSSIPlaybackVideoSearchIdentityUnrecognized:39)
	at com.kms.katalon.core.main.ScriptEngine.run(ScriptEngine.java:194)
	at com.kms.katalon.core.main.ScriptEngine.runScriptAsRawText(ScriptEngine.java:119)
	at com.kms.katalon.core.main.TestCaseExecutor.runScript(TestCaseExecutor.java:448)
	at com.kms.katalon.core.main.TestCaseExecutor.doExecute(TestCaseExecutor.java:439)
	at com.kms.katalon.core.main.TestCaseExecutor.processExecutionPhase(TestCaseExecutor.java:418)
	at com.kms.katalon.core.main.TestCaseExecutor.accessMainPhase(TestCaseExecutor.java:410)
	at com.kms.katalon.core.main.TestCaseExecutor.execute(TestCaseExecutor.java:285)
	at com.kms.katalon.core.main.TestCaseExecutor.execute(TestCaseExecutor.java:369)
	at com.kms.katalon.core.main.TestCaseExecutor.execute(TestCaseExecutor.java:369)
	at com.kms.katalon.core.main.TestCaseExecutor.execute(TestCaseExecutor.java:369)
	at com.kms.katalon.core.common.CommonExecutor.accessTestCaseMainPhase(CommonExecutor.java:65)
	at com.kms.katalon.core.main.TestSuiteExecutor.accessTestSuiteMainPhase(TestSuiteExecutor.java:148)
	at com.kms.katalon.core.main.TestSuiteExecutor.execute(TestSuiteExecutor.java:106)
	at com.kms.katalon.core.main.TestCaseMain.startTestSuite(TestCaseMain.java:180)
	at TempTestSuite1704856309767.run(TempTestSuite1704856309767.groovy:36)
	at java.base/jdk.internal.reflect.NativeMethodAccessorImpl.invoke0(Native Method)
	at java.base/jdk.internal.reflect.NativeMethodAccessorImpl.invoke(NativeMethodAccessorImpl.java:77)
	at java.base/jdk.internal.reflect.DelegatingMethodAccessorImpl.invoke(DelegatingMethodAccessorImpl.java:43)
Caused by: com.kms.katalon.core.exception.StepFailedException: Text 'Result' is not present on page 
	at com.kms.katalon.core.webui.keyword.internal.WebUIKeywordMain.stepFailed(WebUIKeywordMain.groovy:64)
	at com.kms.katalon.core.webui.keyword.builtin.VerifyTextPresentKeyword$_verifyTextPresent_closure1.doCall(VerifyTextPresentKeyword.groovy:79)
	at com.kms.katalon.core.webui.keyword.builtin.VerifyTextPresentKeyword$_verifyTextPresent_closure1.call(VerifyTextPresentKeyword.groovy)
	at com.kms.katalon.core.webui.keyword.internal.WebUIKeywordMain.runKeyword(WebUIKeywordMain.groovy:20)
	... 23 more
)

10-01-2024T10:26:22 - [MESSAGE][FAILED] - Text 'Result' is not present on page  (Root cause: com.kms.katalon.core.exception.StepFailedException: Text 'Result' is not present on page 
	at com.kms.katalon.core.webui.keyword.internal.WebUIKeywordMain.stepFailed(WebUIKeywordMain.groovy:64)
	at com.kms.katalon.core.webui.keyword.builtin.VerifyTextPresentKeyword$_verifyTextPresent_closure1.doCall(VerifyTextPresentKeyword.groovy:79)
	at com.kms.katalon.core.webui.keyword.builtin.VerifyTextPresentKeyword$_verifyTextPresent_closure1.call(VerifyTextPresentKeyword.groovy)
	at com.kms.katalon.core.webui.keyword.internal.WebUIKeywordMain.runKeyword(WebUIKeywordMain.groovy:20)
	at com.kms.katalon.core.webui.keyword.builtin.VerifyTextPresentKeyword.verifyTextPresent(VerifyTextPresentKeyword.groovy:83)
	at com.kms.katalon.core.webui.keyword.builtin.VerifyTextPresentKeyword.execute(VerifyTextPresentKeyword.groovy:68)
	at com.kms.katalon.core.keyword.internal.KeywordExecutor.executeKeywordForPlatform(KeywordExecutor.groovy:74)
	at com.kms.katalon.core.webui.keyword.WebUiBuiltInKeywords.verifyTextPresent(WebUiBuiltInKeywords.groovy:1762)
	at PSSIPlaybackVideoSearchIdentityUnrecognized.run(PSSIPlaybackVideoSearchIdentityUnrecognized:39)
	at com.kms.katalon.core.main.ScriptEngine.run(ScriptEngine.java:194)
	at com.kms.katalon.core.main.ScriptEngine.runScriptAsRawText(ScriptEngine.java:119)
	at com.kms.katalon.core.main.TestCaseExecutor.runScript(TestCaseExecutor.java:448)
	at com.kms.katalon.core.main.TestCaseExecutor.doExecute(TestCaseExecutor.java:439)
	at com.kms.katalon.core.main.TestCaseExecutor.processExecutionPhase(TestCaseExecutor.java:418)
	at com.kms.katalon.core.main.TestCaseExecutor.accessMainPhase(TestCaseExecutor.java:410)
	at com.kms.katalon.core.main.TestCaseExecutor.execute(TestCaseExecutor.java:285)
	at com.kms.katalon.core.main.TestCaseExecutor.execute(TestCaseExecutor.java:369)
	at com.kms.katalon.core.main.TestCaseExecutor.execute(TestCaseExecutor.java:369)
	at com.kms.katalon.core.main.TestCaseExecutor.execute(TestCaseExecutor.java:369)
	at com.kms.katalon.core.common.CommonExecutor.accessTestCaseMainPhase(CommonExecutor.java:65)
	at com.kms.katalon.core.main.TestSuiteExecutor.accessTestSuiteMainPhase(TestSuiteExecutor.java:148)
	at com.kms.katalon.core.main.TestSuiteExecutor.execute(TestSuiteExecutor.java:106)
	at com.kms.katalon.core.main.TestCaseMain.startTestSuite(TestCaseMain.java:180)
	at TempTestSuite1704856309767.run(TempTestSuite1704856309767.groovy:36)
	at java.base/jdk.internal.reflect.NativeMethodAccessorImpl.invoke0(Native Method)
	at java.base/jdk.internal.reflect.NativeMethodAccessorImpl.invoke(NativeMethodAccessorImpl.java:77)
	at java.base/jdk.internal.reflect.DelegatingMethodAccessorImpl.invoke(DelegatingMethodAccessorImpl.java:43)
)

10-01-2024T10:26:22 - [MESSAGE][FAILED] - Unable to verify text 'Result' is present  (Root cause: com.kms.katalon.core.exception.StepFailedException: Unable to verify text 'Result' is present 
	at com.kms.katalon.core.webui.keyword.internal.WebUIKeywordMain.stepFailed(WebUIKeywordMain.groovy:64)
	at com.kms.katalon.core.webui.keyword.internal.WebUIKeywordMain.runKeyword(WebUIKeywordMain.groovy:26)
	at com.kms.katalon.core.webui.keyword.builtin.VerifyTextPresentKeyword.verifyTextPresent(VerifyTextPresentKeyword.groovy:83)
	at com.kms.katalon.core.webui.keyword.builtin.VerifyTextPresentKeyword.execute(VerifyTextPresentKeyword.groovy:68)
	at com.kms.katalon.core.keyword.internal.KeywordExecutor.executeKeywordForPlatform(KeywordExecutor.groovy:74)
	at com.kms.katalon.core.webui.keyword.WebUiBuiltInKeywords.verifyTextPresent(WebUiBuiltInKeywords.groovy:1762)
	at PSSIPlaybackVideoSearchIdentityUnrecognized.run(PSSIPlaybackVideoSearchIdentityUnrecognized:39)
	at com.kms.katalon.core.main.ScriptEngine.run(ScriptEngine.java:194)
	at com.kms.katalon.core.main.ScriptEngine.runScriptAsRawText(ScriptEngine.java:119)
	at com.kms.katalon.core.main.TestCaseExecutor.runScript(TestCaseExecutor.java:448)
	at com.kms.katalon.core.main.TestCaseExecutor.doExecute(TestCaseExecutor.java:439)
	at com.kms.katalon.core.main.TestCaseExecutor.processExecutionPhase(TestCaseExecutor.java:418)
	at com.kms.katalon.core.main.TestCaseExecutor.accessMainPhase(TestCaseExecutor.java:410)
	at com.kms.katalon.core.main.TestCaseExecutor.execute(TestCaseExecutor.java:285)
	at com.kms.katalon.core.main.TestCaseExecutor.execute(TestCaseExecutor.java:369)
	at com.kms.katalon.core.main.TestCaseExecutor.execute(TestCaseExecutor.java:369)
	at com.kms.katalon.core.main.TestCaseExecutor.execute(TestCaseExecutor.java:369)
	at com.kms.katalon.core.common.CommonExecutor.accessTestCaseMainPhase(CommonExecutor.java:65)
	at com.kms.katalon.core.main.TestSuiteExecutor.accessTestSuiteMainPhase(TestSuiteExecutor.java:148)
	at com.kms.katalon.core.main.TestSuiteExecutor.execute(TestSuiteExecutor.java:106)
	at com.kms.katalon.core.main.TestCaseMain.startTestSuite(TestCaseMain.java:180)
	at TempTestSuite1704856309767.run(TempTestSuite1704856309767.groovy:36)
	at java.base/jdk.internal.reflect.NativeMethodAccessorImpl.invoke0(Native Method)
	at java.base/jdk.internal.reflect.NativeMethodAccessorImpl.invoke(NativeMethodAccessorImpl.java:77)
	at java.base/jdk.internal.reflect.DelegatingMethodAccessorImpl.invoke(DelegatingMethodAccessorImpl.java:43)
Caused by: com.kms.katalon.core.exception.StepFailedException: Text 'Result' is not present on page 
	at com.kms.katalon.core.webui.keyword.internal.WebUIKeywordMain.stepFailed(WebUIKeywordMain.groovy:64)
	at com.kms.katalon.core.webui.keyword.builtin.VerifyTextPresentKeyword$_verifyTextPresent_closure1.doCall(VerifyTextPresentKeyword.groovy:79)
	at com.kms.katalon.core.webui.keyword.builtin.VerifyTextPresentKeyword$_verifyTextPresent_closure1.call(VerifyTextPresentKeyword.groovy)
	at com.kms.katalon.core.webui.keyword.internal.WebUIKeywordMain.runKeyword(WebUIKeywordMain.groovy:20)
	... 23 more
)
[[ATTACHMENT|C:\\Users\\USER\\git\\Kecilin-Automation-Test\\Reports\\20240110_101141\\Create BE Playback Video\\Search Identity Test Suite\\20240110_101149\\1704857182633.png]]]]></system-out>
         <system-err><![CDATA[10-01-2024T10:25:49 - [TEST_CASE][FAILED] - Test Cases/Offline PSSI Dashboard Function/Create BE Playback Video/Search Identity/Negative Test Case/PSSIPlaybackVideoSearchIdentityUnrecognized: Test Cases/Offline PSSI Dashboard Function/Create BE Playback Video/Search Identity/Negative Test Case/PSSIPlaybackVideoSearchIdentityUnrecognized FAILED.
Reason:
com.kms.katalon.core.exception.StepFailedException: Unable to verify text 'Result' is present 
	at com.kms.katalon.core.webui.keyword.internal.WebUIKeywordMain.stepFailed(WebUIKeywordMain.groovy:64)
	at com.kms.katalon.core.webui.keyword.internal.WebUIKeywordMain.runKeyword(WebUIKeywordMain.groovy:26)
	at com.kms.katalon.core.webui.keyword.builtin.VerifyTextPresentKeyword.verifyTextPresent(VerifyTextPresentKeyword.groovy:83)
	at com.kms.katalon.core.webui.keyword.builtin.VerifyTextPresentKeyword.execute(VerifyTextPresentKeyword.groovy:68)
	at com.kms.katalon.core.keyword.internal.KeywordExecutor.executeKeywordForPlatform(KeywordExecutor.groovy:74)
	at com.kms.katalon.core.webui.keyword.WebUiBuiltInKeywords.verifyTextPresent(WebUiBuiltInKeywords.groovy:1762)
	at PSSIPlaybackVideoSearchIdentityUnrecognized.run(PSSIPlaybackVideoSearchIdentityUnrecognized:39)
	at com.kms.katalon.core.main.ScriptEngine.run(ScriptEngine.java:194)
	at com.kms.katalon.core.main.ScriptEngine.runScriptAsRawText(ScriptEngine.java:119)
	at com.kms.katalon.core.main.TestCaseExecutor.runScript(TestCaseExecutor.java:448)
	at com.kms.katalon.core.main.TestCaseExecutor.doExecute(TestCaseExecutor.java:439)
	at com.kms.katalon.core.main.TestCaseExecutor.processExecutionPhase(TestCaseExecutor.java:418)
	at com.kms.katalon.core.main.TestCaseExecutor.accessMainPhase(TestCaseExecutor.java:410)
	at com.kms.katalon.core.main.TestCaseExecutor.execute(TestCaseExecutor.java:285)
	at com.kms.katalon.core.main.TestCaseExecutor.execute(TestCaseExecutor.java:369)
	at com.kms.katalon.core.main.TestCaseExecutor.execute(TestCaseExecutor.java:369)
	at com.kms.katalon.core.main.TestCaseExecutor.execute(TestCaseExecutor.java:369)
	at com.kms.katalon.core.common.CommonExecutor.accessTestCaseMainPhase(CommonExecutor.java:65)
	at com.kms.katalon.core.main.TestSuiteExecutor.accessTestSuiteMainPhase(TestSuiteExecutor.java:148)
	at com.kms.katalon.core.main.TestSuiteExecutor.execute(TestSuiteExecutor.java:106)
	at com.kms.katalon.core.main.TestCaseMain.startTestSuite(TestCaseMain.java:180)
	at TempTestSuite1704856309767.run(TempTestSuite1704856309767.groovy:36)
	at java.base/jdk.internal.reflect.NativeMethodAccessorImpl.invoke0(Native Method)
	at java.base/jdk.internal.reflect.NativeMethodAccessorImpl.invoke(NativeMethodAccessorImpl.java:77)
	at java.base/jdk.internal.reflect.DelegatingMethodAccessorImpl.invoke(DelegatingMethodAccessorImpl.java:43)
Caused by: com.kms.katalon.core.exception.StepFailedException: Text 'Result' is not present on page 
	at com.kms.katalon.core.webui.keyword.internal.WebUIKeywordMain.stepFailed(WebUIKeywordMain.groovy:64)
	at com.kms.katalon.core.webui.keyword.builtin.VerifyTextPresentKeyword$_verifyTextPresent_closure1.doCall(VerifyTextPresentKeyword.groovy:79)
	at com.kms.katalon.core.webui.keyword.builtin.VerifyTextPresentKeyword$_verifyTextPresent_closure1.call(VerifyTextPresentKeyword.groovy)
	at com.kms.katalon.core.webui.keyword.internal.WebUIKeywordMain.runKeyword(WebUIKeywordMain.groovy:20)
	... 23 more]]></system-err>
      </testcase>
      <testcase name="Test Cases/Offline PSSI Dashboard Function/Create BE Playback Video/Search Identity/Negative Test Case/PSSISearchPersonIdentityInvalidCancel" time="38.389" classname="Test Cases/Offline PSSI Dashboard Function/Create BE Playback Video/Search Identity/Negative Test Case/PSSISearchPersonIdentityInvalidCancel" status="PASSED">
         <system-out><![CDATA[10-01-2024T10:26:22 - [TEST_CASE][PASSED] - Test Cases/Offline PSSI Dashboard Function/Create BE Playback Video/Search Identity/Negative Test Case/PSSISearchPersonIdentityInvalidCancel: Test Cases/Offline PSSI Dashboard Function/Create BE Playback Video/Search Identity/Negative Test Case/PSSISearchPersonIdentityInvalidCancel

10-01-2024T10:26:23 - [TEST_STEP][PASSED] - baseUrl = offline_pssi_dashboard_url: null

10-01-2024T10:26:23 - [TEST_STEP][PASSED] - callTestCase(findTestCase("Offline PSSI Dashboard Function/Create BE Playback Video/Play Video/PSSIPlayVideo"), [:]): Call Test Case 'Test Cases/Offline PSSI Dashboard Function/Create BE Playback Video/Play Video/PSSIPlayVideo' successfully

10-01-2024T10:26:23 - [TEST_CASE][PASSED] - Test Cases/Offline PSSI Dashboard Function/Create BE Playback Video/Play Video/PSSIPlayVideo: Test Cases/Offline PSSI Dashboard Function/Create BE Playback Video/Play Video/PSSIPlayVideo

10-01-2024T10:26:23 - [TEST_STEP][PASSED] - baseUrl = offline_pssi_dashboard_url: null

10-01-2024T10:26:23 - [TEST_STEP][PASSED] - callTestCase(findTestCase("Offline PSSI Dashboard Function/Create BE Playback Video/Filter Playback Video/Positive Test Case/PSSIFilterStadiumAndCam"), [:]): Call Test Case 'Test Cases/Offline PSSI Dashboard Function/Create BE Playback Video/Filter Playback Video/Positive Test Case/PSSIFilterStadiumAndCam' successfully

10-01-2024T10:26:23 - [TEST_CASE][PASSED] - Test Cases/Offline PSSI Dashboard Function/Create BE Playback Video/Filter Playback Video/Positive Test Case/PSSIFilterStadiumAndCam: Test Cases/Offline PSSI Dashboard Function/Create BE Playback Video/Filter Playback Video/Positive Test Case/PSSIFilterStadiumAndCam

10-01-2024T10:26:23 - [TEST_STEP][PASSED] - baseUrl = offline_pssi_dashboard_url: null

10-01-2024T10:26:23 - [TEST_STEP][PASSED] - callTestCase(findTestCase("Offline PSSI Dashboard Function/Create BE Playback Video/View Playback Video Data/PSSIViewPlaybackVideo"), [:]): Call Test Case 'Test Cases/Offline PSSI Dashboard Function/Create BE Playback Video/View Playback Video Data/PSSIViewPlaybackVideo' successfully

10-01-2024T10:26:23 - [TEST_CASE][PASSED] - Test Cases/Offline PSSI Dashboard Function/Create BE Playback Video/View Playback Video Data/PSSIViewPlaybackVideo: Test Cases/Offline PSSI Dashboard Function/Create BE Playback Video/View Playback Video Data/PSSIViewPlaybackVideo

10-01-2024T10:26:23 - [TEST_STEP][PASSED] - baseUrl = offline_pssi_dashboard_url: null

10-01-2024T10:26:23 - [TEST_STEP][PASSED] - callTestCase(findTestCase("Offline PSSI Dashboard Function/Sign In/PSSISignInValidData"), [:]): Call Test Case 'Test Cases/Offline PSSI Dashboard Function/Sign In/PSSISignInValidData' successfully

10-01-2024T10:26:23 - [TEST_CASE][PASSED] - Test Cases/Offline PSSI Dashboard Function/Sign In/PSSISignInValidData: Test Cases/Offline PSSI Dashboard Function/Sign In/PSSISignInValidData

10-01-2024T10:26:23 - [TEST_STEP][PASSED] - failureHandling = STOP_ON_FAILURE: null

10-01-2024T10:26:23 - [TEST_STEP][PASSED] - baseUrl = offline_pssi_dashboard_url: null

10-01-2024T10:26:23 - [TEST_STEP][PASSED] - openBrowser(""): Browser is opened with url: ''

10-01-2024T10:26:23 - [MESSAGE][WARNING] - A browser is already opened. Closing browser and opening a new one

10-01-2024T10:26:23 - [MESSAGE][INFO] - Starting 'Chrome' driver

10-01-2024T10:26:23 - [MESSAGE][INFO] - Action delay is set to 0 milliseconds

10-01-2024T10:26:25 - [MESSAGE][PASSED] - Browser is opened with url: ''

10-01-2024T10:26:25 - [TEST_STEP][PASSED] - navigateToUrl(baseUrl): Navigate to 'https://monitoring.pssi-dev.kecilin.id' successfully

10-01-2024T10:26:26 - [MESSAGE][PASSED] - Navigate to 'https://monitoring.pssi-dev.kecilin.id' successfully

10-01-2024T10:26:26 - [TEST_STEP][PASSED] - maximizeWindow(): Current window maximized

10-01-2024T10:26:26 - [MESSAGE][PASSED] - Current window maximized

10-01-2024T10:26:26 - [TEST_STEP][PASSED] - setText(findTestObject("Object Repository/Page_Login/input_email"), "superadmin@app.com"): Text 'superadmin@app.com' is set on object 'Object Repository/Page_Login/input_email'

10-01-2024T10:26:27 - [MESSAGE][PASSED] - Text 'superadmin@app.com' is set on object 'Object Repository/Page_Login/input_email'

10-01-2024T10:26:27 - [TEST_STEP][PASSED] - setEncryptedText(findTestObject("Object Repository/Page_Login/input_password"), "8SQVv/p9jVScEs4/2CZsLw=="): Text ****** has been set on object 'Object Repository/Page_Login/input_password'

10-01-2024T10:26:28 - [MESSAGE][PASSED] - Text ****** has been set on object 'Object Repository/Page_Login/input_password'

10-01-2024T10:26:28 - [TEST_STEP][PASSED] - click(findTestObject("Object Repository/Page_Login/button_Sign In")): Object: 'Object Repository/Page_Login/button_Sign In' is clicked on

10-01-2024T10:26:30 - [MESSAGE][PASSED] - Object: 'Object Repository/Page_Login/button_Sign In' is clicked on

10-01-2024T10:26:30 - [MESSAGE][PASSED] - Call Test Case 'Test Cases/Offline PSSI Dashboard Function/Sign In/PSSISignInValidData' successfully

10-01-2024T10:26:30 - [TEST_STEP][PASSED] - navigateToUrl(baseUrl + "/playback_video"): Navigate to 'https://monitoring.pssi-dev.kecilin.id/playback_video' successfully

10-01-2024T10:26:30 - [MESSAGE][PASSED] - Navigate to 'https://monitoring.pssi-dev.kecilin.id/playback_video' successfully

10-01-2024T10:26:30 - [MESSAGE][PASSED] - Call Test Case 'Test Cases/Offline PSSI Dashboard Function/Create BE Playback Video/View Playback Video Data/PSSIViewPlaybackVideo' successfully

10-01-2024T10:26:30 - [TEST_STEP][PASSED] - verifyElementNotPresent(findTestObject("Page_Playback Video/CCTV Selection Bar"), 0): Web element with id: 'Object Repository/Page_Playback Video/CCTV Selection Bar' located by 'By.xpath: id("select2-cctv-container")[count(. | //span[@class = 'select2-selection__rendered' and @id = 'select2-cctv-container' and @role = 'textbox' and @aria-readonly = 'true' and @title = '-- Search CCTV --' and (text() = '-- Search CCTV --' or . = '-- Search CCTV --')]) = count(//span[@class = 'select2-selection__rendered' and @id = 'select2-cctv-container' and @role = 'textbox' and @aria-readonly = 'true' and @title = '-- Search CCTV --' and (text() = '-- Search CCTV --' or . = '-- Search CCTV --')])]' is not present after '1' second(s)

10-01-2024T10:26:30 - [MESSAGE][WARNING] - Timeout '0' is invalid. Using default page load timeout: '1'

10-01-2024T10:26:31 - [MESSAGE][PASSED] - Web element with id: 'Object Repository/Page_Playback Video/CCTV Selection Bar' located by 'By.xpath: id("select2-cctv-container")[count(. | //span[@class = 'select2-selection__rendered' and @id = 'select2-cctv-container' and @role = 'textbox' and @aria-readonly = 'true' and @title = '-- Search CCTV --' and (text() = '-- Search CCTV --' or . = '-- Search CCTV --')]) = count(//span[@class = 'select2-selection__rendered' and @id = 'select2-cctv-container' and @role = 'textbox' and @aria-readonly = 'true' and @title = '-- Search CCTV --' and (text() = '-- Search CCTV --' or . = '-- Search CCTV --')])]' is not present after '1' second(s)

10-01-2024T10:26:31 - [TEST_STEP][PASSED] - verifyElementClickable(findTestObject("Page_Playback Video/Stadium Selection Bar")): Object 'Object Repository/Page_Playback Video/Stadium Selection Bar' is clickable

10-01-2024T10:26:31 - [MESSAGE][PASSED] - Object 'Object Repository/Page_Playback Video/Stadium Selection Bar' is clickable

10-01-2024T10:26:31 - [TEST_STEP][PASSED] - click(findTestObject("Page_Playback Video/Stadium Selection Bar")): Object: 'Object Repository/Page_Playback Video/Stadium Selection Bar' is clicked on

10-01-2024T10:26:32 - [MESSAGE][PASSED] - Object: 'Object Repository/Page_Playback Video/Stadium Selection Bar' is clicked on

10-01-2024T10:26:32 - [TEST_STEP][PASSED] - sendKeys(findTestObject("Page_Playback Video/Stadium Search Field"), Keys.chord(ENTER)): Keys 'ENTER + ' sent to object: 'Object Repository/Page_Playback Video/Stadium Search Field'

10-01-2024T10:26:32 - [MESSAGE][PASSED] - Keys 'ENTER + ' sent to object: 'Object Repository/Page_Playback Video/Stadium Search Field'

10-01-2024T10:26:32 - [TEST_STEP][PASSED] - verifyElementClickable(findTestObject("Page_Playback Video/CCTV Selection Bar")): Object 'Object Repository/Page_Playback Video/CCTV Selection Bar' is clickable

10-01-2024T10:26:33 - [MESSAGE][PASSED] - Object 'Object Repository/Page_Playback Video/CCTV Selection Bar' is clickable

10-01-2024T10:26:33 - [TEST_STEP][PASSED] - click(findTestObject("Page_Playback Video/CCTV Selection Bar")): Object: 'Object Repository/Page_Playback Video/CCTV Selection Bar' is clicked on

10-01-2024T10:26:33 - [MESSAGE][PASSED] - Object: 'Object Repository/Page_Playback Video/CCTV Selection Bar' is clicked on

10-01-2024T10:26:33 - [TEST_STEP][PASSED] - sendKeys(findTestObject("Page_Playback Video/CCTV Search Field"), Keys.chord(ARROW_DOWN)): Keys 'DOWN + ' sent to object: 'Object Repository/Page_Playback Video/CCTV Search Field'

10-01-2024T10:26:34 - [MESSAGE][PASSED] - Keys 'DOWN + ' sent to object: 'Object Repository/Page_Playback Video/CCTV Search Field'

10-01-2024T10:26:34 - [TEST_STEP][PASSED] - sendKeys(findTestObject("Page_Playback Video/CCTV Search Field"), Keys.chord(ENTER)): Keys 'ENTER + ' sent to object: 'Object Repository/Page_Playback Video/CCTV Search Field'

10-01-2024T10:26:34 - [MESSAGE][PASSED] - Keys 'ENTER + ' sent to object: 'Object Repository/Page_Playback Video/CCTV Search Field'

10-01-2024T10:26:34 - [TEST_STEP][PASSED] - verifyElementClickable(findTestObject("Page_Playback Video/button_Search")): Object 'Object Repository/Page_Playback Video/button_Search' is clickable

10-01-2024T10:26:35 - [MESSAGE][PASSED] - Object 'Object Repository/Page_Playback Video/button_Search' is clickable

10-01-2024T10:26:35 - [TEST_STEP][PASSED] - click(findTestObject("Page_Playback Video/button_Search")): Object: 'Object Repository/Page_Playback Video/button_Search' is clicked on

10-01-2024T10:26:35 - [MESSAGE][PASSED] - Object: 'Object Repository/Page_Playback Video/button_Search' is clicked on

10-01-2024T10:26:35 - [TEST_STEP][PASSED] - verifyTextPresent("Size", false): Text 'Size' is present on page 

10-01-2024T10:26:42 - [MESSAGE][PASSED] - Text 'Size' is present on page 

10-01-2024T10:26:42 - [TEST_STEP][PASSED] - verifyTextPresent("Name", false): Text 'Name' is present on page 

10-01-2024T10:26:43 - [MESSAGE][PASSED] - Text 'Name' is present on page 

10-01-2024T10:26:43 - [TEST_STEP][PASSED] - verifyTextPresent("Date Time", false): Text 'Date Time' is present on page 

10-01-2024T10:26:44 - [MESSAGE][PASSED] - Text 'Date Time' is present on page 

10-01-2024T10:26:44 - [TEST_STEP][PASSED] - verifyTextPresent("Action", false): Text 'Action' is present on page 

10-01-2024T10:26:44 - [MESSAGE][PASSED] - Text 'Action' is present on page 

10-01-2024T10:26:44 - [MESSAGE][PASSED] - Call Test Case 'Test Cases/Offline PSSI Dashboard Function/Create BE Playback Video/Filter Playback Video/Positive Test Case/PSSIFilterStadiumAndCam' successfully

10-01-2024T10:26:44 - [TEST_STEP][PASSED] - navigateToUrl(baseUrl + "/playback_video/show/65273c11a21542f9826f23a6/2023-12-31T17-00-43.mp4"): Navigate to 'https://monitoring.pssi-dev.kecilin.id/playback_video/show/65273c11a21542f9826f23a6/2023-12-31T17-00-43.mp4' successfully

10-01-2024T10:26:45 - [MESSAGE][PASSED] - Navigate to 'https://monitoring.pssi-dev.kecilin.id/playback_video/show/65273c11a21542f9826f23a6/2023-12-31T17-00-43.mp4' successfully

10-01-2024T10:26:45 - [TEST_STEP][PASSED] - scrollToElement(findTestObject("Page_Playback Video/button_Search Identify"), 0): Scroll to object 'Object Repository/Page_Playback Video/button_Search Identify' successfully

10-01-2024T10:26:45 - [MESSAGE][WARNING] - Timeout '0' is invalid. Using default page load timeout: '1'

10-01-2024T10:26:52 - [MESSAGE][PASSED] - Scroll to object 'Object Repository/Page_Playback Video/button_Search Identify' successfully

10-01-2024T10:26:52 - [TEST_STEP][PASSED] - screenshot1 = takeFullPageScreenshot(): Taking screenshot successfully

10-01-2024T10:26:52 - [MESSAGE][INFO] - 0 hidden object(s)

10-01-2024T10:26:53 - [MESSAGE][PASSED] - Taking screenshot successfully
[[ATTACHMENT|C:\\Users\\USER\\git\\Kecilin-Automation-Test\\Reports\\20240110_101141\\Create BE Playback Video\\Search Identity Test Suite\\20240110_101149\\1704857212112.png]]

10-01-2024T10:26:53 - [TEST_STEP][PASSED] - Thread.sleep(2500): null

10-01-2024T10:26:55 - [TEST_STEP][PASSED] - screenshot2 = takeFullPageScreenshot(): Taking screenshot successfully

10-01-2024T10:26:56 - [MESSAGE][INFO] - 0 hidden object(s)

10-01-2024T10:26:56 - [MESSAGE][PASSED] - Taking screenshot successfully
[[ATTACHMENT|C:\\Users\\USER\\git\\Kecilin-Automation-Test\\Reports\\20240110_101141\\Create BE Playback Video\\Search Identity Test Suite\\20240110_101149\\1704857215551.png]]

10-01-2024T10:26:56 - [TEST_STEP][PASSED] - verifyNotEqual(screenshot1, screenshot2): Actual object '[B@7c9a5397' and expected object '[B@198fb504' are not equal

10-01-2024T10:26:56 - [MESSAGE][PASSED] - Actual object '[B@7c9a5397' and expected object '[B@198fb504' are not equal

10-01-2024T10:26:56 - [MESSAGE][PASSED] - Call Test Case 'Test Cases/Offline PSSI Dashboard Function/Create BE Playback Video/Play Video/PSSIPlayVideo' successfully

10-01-2024T10:26:56 - [TEST_STEP][PASSED] - click(findTestObject("Page_Playback Video/button_Search Identify")): Object: 'Object Repository/Page_Playback Video/button_Search Identify' is clicked on

10-01-2024T10:26:57 - [MESSAGE][PASSED] - Object: 'Object Repository/Page_Playback Video/button_Search Identify' is clicked on

10-01-2024T10:26:57 - [TEST_STEP][PASSED] - verifyTextPresent("CANCEL", false): Text 'CANCEL' is present on page 

10-01-2024T10:26:58 - [MESSAGE][PASSED] - Text 'CANCEL' is present on page 

10-01-2024T10:26:58 - [TEST_STEP][PASSED] - verifyTextPresent("Identity Now", false): Text 'Identity Now' is present on page 

10-01-2024T10:26:58 - [MESSAGE][PASSED] - Text 'Identity Now' is present on page 

10-01-2024T10:26:58 - [TEST_STEP][PASSED] - sendKeys(findTestObject("Page_Playback Video/button_Cancel Pop Up"), Keys.chord(ESCAPE)): Keys 'ESCAPE + ' sent to object: 'Object Repository/Page_Playback Video/button_Cancel Pop Up'

10-01-2024T10:26:58 - [MESSAGE][PASSED] - Keys 'ESCAPE + ' sent to object: 'Object Repository/Page_Playback Video/button_Cancel Pop Up'

10-01-2024T10:26:58 - [TEST_STEP][PASSED] - verifyTextPresent("Identity Now", false): Text 'Identity Now' is present on page 

10-01-2024T10:26:59 - [MESSAGE][PASSED] - Text 'Identity Now' is present on page 

10-01-2024T10:26:59 - [TEST_STEP][PASSED] - clickOffset(findTestObject("Page_Playback Video/button_Cancel Pop Up"), 50, 0): Object: 'Object Repository/Page_Playback Video/button_Cancel Pop Up' is clicked on using offset x=50 and y=0

10-01-2024T10:27:00 - [MESSAGE][PASSED] - Object: 'Object Repository/Page_Playback Video/button_Cancel Pop Up' is clicked on using offset x=50 and y=0

10-01-2024T10:27:00 - [TEST_STEP][PASSED] - verifyTextPresent("Identity Now", false): Text 'Identity Now' is present on page 

10-01-2024T10:27:00 - [MESSAGE][PASSED] - Text 'Identity Now' is present on page 

10-01-2024T10:27:00 - [TEST_STEP][PASSED] - closeBrowser(): Browser is closed

10-01-2024T10:27:01 - [MESSAGE][PASSED] - Browser is closed]]></system-out>
         <system-err><![CDATA[]]></system-err>
      </testcase>
      <testcase name="Test Cases/Offline PSSI Dashboard Function/Create BE Playback Video/Search Identity/Positive Test Case/PSSIPlaybackVideoSaveSearchedPersonIdentity" time="35.131" classname="Test Cases/Offline PSSI Dashboard Function/Create BE Playback Video/Search Identity/Positive Test Case/PSSIPlaybackVideoSaveSearchedPersonIdentity" status="FAILED">
         <failure type="FAILED" message="Test Cases/Offline PSSI Dashboard Function/Create BE Playback Video/Search Identity/Positive Test Case/PSSIPlaybackVideoSaveSearchedPersonIdentity FAILED.&#xa;Reason:&#xa;com.kms.katalon.core.exception.StepFailedException: Unable to verify text 'Name' is present &#xa;	at com.kms.katalon.core.webui.keyword.internal.WebUIKeywordMain.stepFailed(WebUIKeywordMain.groovy:64)&#xa;	at com.kms.katalon.core.webui.keyword.internal.WebUIKeywordMain.runKeyword(WebUIKeywordMain.groovy:26)&#xa;	at com.kms.katalon.core.webui.keyword.builtin.VerifyTextPresentKeyword.verifyTextPresent(VerifyTextPresentKeyword.groovy:83)&#xa;	at com.kms.katalon.core.webui.keyword.builtin.VerifyTextPresentKeyword.execute(VerifyTextPresentKeyword.groovy:68)&#xa;	at com.kms.katalon.core.keyword.internal.KeywordExecutor.executeKeywordForPlatform(KeywordExecutor.groovy:74)&#xa;	at com.kms.katalon.core.webui.keyword.WebUiBuiltInKeywords.verifyTextPresent(WebUiBuiltInKeywords.groovy:1762)&#xa;	at PSSIPlaybackVideoSaveSearchedPersonIdentity.run(PSSIPlaybackVideoSaveSearchedPersonIdentity:38)&#xa;	at com.kms.katalon.core.main.ScriptEngine.run(ScriptEngine.java:194)&#xa;	at com.kms.katalon.core.main.ScriptEngine.runScriptAsRawText(ScriptEngine.java:119)&#xa;	at com.kms.katalon.core.main.TestCaseExecutor.runScript(TestCaseExecutor.java:448)&#xa;	at com.kms.katalon.core.main.TestCaseExecutor.doExecute(TestCaseExecutor.java:439)&#xa;	at com.kms.katalon.core.main.TestCaseExecutor.processExecutionPhase(TestCaseExecutor.java:418)&#xa;	at com.kms.katalon.core.main.TestCaseExecutor.accessMainPhase(TestCaseExecutor.java:410)&#xa;	at com.kms.katalon.core.main.TestCaseExecutor.execute(TestCaseExecutor.java:285)&#xa;	at com.kms.katalon.core.main.TestCaseExecutor.execute(TestCaseExecutor.java:369)&#xa;	at com.kms.katalon.core.main.TestCaseExecutor.execute(TestCaseExecutor.java:369)&#xa;	at com.kms.katalon.core.main.TestCaseExecutor.execute(TestCaseExecutor.java:369)&#xa;	at com.kms.katalon.core.common.CommonExecutor.accessTestCaseMainPhase(CommonExecutor.java:65)&#xa;	at com.kms.katalon.core.main.TestSuiteExecutor.accessTestSuiteMainPhase(TestSuiteExecutor.java:148)&#xa;	at com.kms.katalon.core.main.TestSuiteExecutor.execute(TestSuiteExecutor.java:106)&#xa;	at com.kms.katalon.core.main.TestCaseMain.startTestSuite(TestCaseMain.java:180)&#xa;	at TempTestSuite1704856309767.run(TempTestSuite1704856309767.groovy:36)&#xa;	at java.base/jdk.internal.reflect.NativeMethodAccessorImpl.invoke0(Native Method)&#xa;	at java.base/jdk.internal.reflect.NativeMethodAccessorImpl.invoke(NativeMethodAccessorImpl.java:77)&#xa;	at java.base/jdk.internal.reflect.DelegatingMethodAccessorImpl.invoke(DelegatingMethodAccessorImpl.java:43)&#xa;Caused by: com.kms.katalon.core.exception.StepFailedException: Text 'Name' is not present on page &#xa;	at com.kms.katalon.core.webui.keyword.internal.WebUIKeywordMain.stepFailed(WebUIKeywordMain.groovy:64)&#xa;	at com.kms.katalon.core.webui.keyword.builtin.VerifyTextPresentKeyword$_verifyTextPresent_closure1.doCall(VerifyTextPresentKeyword.groovy:79)&#xa;	at com.kms.katalon.core.webui.keyword.builtin.VerifyTextPresentKeyword$_verifyTextPresent_closure1.call(VerifyTextPresentKeyword.groovy)&#xa;	at com.kms.katalon.core.webui.keyword.internal.WebUIKeywordMain.runKeyword(WebUIKeywordMain.groovy:20)&#xa;	... 23 more&#xa;"/>
         <system-out><![CDATA[10-01-2024T10:28:54 - [TEST_CASE][FAILED] - Test Cases/Offline PSSI Dashboard Function/Create BE Playback Video/Search Identity/Positive Test Case/PSSIPlaybackVideoSaveSearchedPersonIdentity: Test Cases/Offline PSSI Dashboard Function/Create BE Playback Video/Search Identity/Positive Test Case/PSSIPlaybackVideoSaveSearchedPersonIdentity FAILED.
Reason:
com.kms.katalon.core.exception.StepFailedException: Unable to verify text 'Name' is present 
	at com.kms.katalon.core.webui.keyword.internal.WebUIKeywordMain.stepFailed(WebUIKeywordMain.groovy:64)
	at com.kms.katalon.core.webui.keyword.internal.WebUIKeywordMain.runKeyword(WebUIKeywordMain.groovy:26)
	at com.kms.katalon.core.webui.keyword.builtin.VerifyTextPresentKeyword.verifyTextPresent(VerifyTextPresentKeyword.groovy:83)
	at com.kms.katalon.core.webui.keyword.builtin.VerifyTextPresentKeyword.execute(VerifyTextPresentKeyword.groovy:68)
	at com.kms.katalon.core.keyword.internal.KeywordExecutor.executeKeywordForPlatform(KeywordExecutor.groovy:74)
	at com.kms.katalon.core.webui.keyword.WebUiBuiltInKeywords.verifyTextPresent(WebUiBuiltInKeywords.groovy:1762)
	at PSSIPlaybackVideoSaveSearchedPersonIdentity.run(PSSIPlaybackVideoSaveSearchedPersonIdentity:38)
	at com.kms.katalon.core.main.ScriptEngine.run(ScriptEngine.java:194)
	at com.kms.katalon.core.main.ScriptEngine.runScriptAsRawText(ScriptEngine.java:119)
	at com.kms.katalon.core.main.TestCaseExecutor.runScript(TestCaseExecutor.java:448)
	at com.kms.katalon.core.main.TestCaseExecutor.doExecute(TestCaseExecutor.java:439)
	at com.kms.katalon.core.main.TestCaseExecutor.processExecutionPhase(TestCaseExecutor.java:418)
	at com.kms.katalon.core.main.TestCaseExecutor.accessMainPhase(TestCaseExecutor.java:410)
	at com.kms.katalon.core.main.TestCaseExecutor.execute(TestCaseExecutor.java:285)
	at com.kms.katalon.core.main.TestCaseExecutor.execute(TestCaseExecutor.java:369)
	at com.kms.katalon.core.main.TestCaseExecutor.execute(TestCaseExecutor.java:369)
	at com.kms.katalon.core.main.TestCaseExecutor.execute(TestCaseExecutor.java:369)
	at com.kms.katalon.core.common.CommonExecutor.accessTestCaseMainPhase(CommonExecutor.java:65)
	at com.kms.katalon.core.main.TestSuiteExecutor.accessTestSuiteMainPhase(TestSuiteExecutor.java:148)
	at com.kms.katalon.core.main.TestSuiteExecutor.execute(TestSuiteExecutor.java:106)
	at com.kms.katalon.core.main.TestCaseMain.startTestSuite(TestCaseMain.java:180)
	at TempTestSuite1704856309767.run(TempTestSuite1704856309767.groovy:36)
	at java.base/jdk.internal.reflect.NativeMethodAccessorImpl.invoke0(Native Method)
	at java.base/jdk.internal.reflect.NativeMethodAccessorImpl.invoke(NativeMethodAccessorImpl.java:77)
	at java.base/jdk.internal.reflect.DelegatingMethodAccessorImpl.invoke(DelegatingMethodAccessorImpl.java:43)
Caused by: com.kms.katalon.core.exception.StepFailedException: Text 'Name' is not present on page 
	at com.kms.katalon.core.webui.keyword.internal.WebUIKeywordMain.stepFailed(WebUIKeywordMain.groovy:64)
	at com.kms.katalon.core.webui.keyword.builtin.VerifyTextPresentKeyword$_verifyTextPresent_closure1.doCall(VerifyTextPresentKeyword.groovy:79)
	at com.kms.katalon.core.webui.keyword.builtin.VerifyTextPresentKeyword$_verifyTextPresent_closure1.call(VerifyTextPresentKeyword.groovy)
	at com.kms.katalon.core.webui.keyword.internal.WebUIKeywordMain.runKeyword(WebUIKeywordMain.groovy:20)
	... 23 more


10-01-2024T10:28:54 - [TEST_STEP][PASSED] - baseUrl = offline_pssi_dashboard_url: null

10-01-2024T10:28:54 - [TEST_STEP][PASSED] - callTestCase(findTestCase("Offline PSSI Dashboard Function/Create BE Playback Video/Play Video/PSSIPlayVideo"), [:]): Call Test Case 'Test Cases/Offline PSSI Dashboard Function/Create BE Playback Video/Play Video/PSSIPlayVideo' successfully

10-01-2024T10:28:54 - [TEST_CASE][PASSED] - Test Cases/Offline PSSI Dashboard Function/Create BE Playback Video/Play Video/PSSIPlayVideo: Test Cases/Offline PSSI Dashboard Function/Create BE Playback Video/Play Video/PSSIPlayVideo

10-01-2024T10:28:54 - [TEST_STEP][PASSED] - baseUrl = offline_pssi_dashboard_url: null

10-01-2024T10:28:54 - [TEST_STEP][PASSED] - callTestCase(findTestCase("Offline PSSI Dashboard Function/Create BE Playback Video/Filter Playback Video/Positive Test Case/PSSIFilterStadiumAndCam"), [:]): Call Test Case 'Test Cases/Offline PSSI Dashboard Function/Create BE Playback Video/Filter Playback Video/Positive Test Case/PSSIFilterStadiumAndCam' successfully

10-01-2024T10:28:54 - [TEST_CASE][PASSED] - Test Cases/Offline PSSI Dashboard Function/Create BE Playback Video/Filter Playback Video/Positive Test Case/PSSIFilterStadiumAndCam: Test Cases/Offline PSSI Dashboard Function/Create BE Playback Video/Filter Playback Video/Positive Test Case/PSSIFilterStadiumAndCam

10-01-2024T10:28:54 - [TEST_STEP][PASSED] - baseUrl = offline_pssi_dashboard_url: null

10-01-2024T10:28:54 - [TEST_STEP][PASSED] - callTestCase(findTestCase("Offline PSSI Dashboard Function/Create BE Playback Video/View Playback Video Data/PSSIViewPlaybackVideo"), [:]): Call Test Case 'Test Cases/Offline PSSI Dashboard Function/Create BE Playback Video/View Playback Video Data/PSSIViewPlaybackVideo' successfully

10-01-2024T10:28:54 - [TEST_CASE][PASSED] - Test Cases/Offline PSSI Dashboard Function/Create BE Playback Video/View Playback Video Data/PSSIViewPlaybackVideo: Test Cases/Offline PSSI Dashboard Function/Create BE Playback Video/View Playback Video Data/PSSIViewPlaybackVideo

10-01-2024T10:28:54 - [TEST_STEP][PASSED] - baseUrl = offline_pssi_dashboard_url: null

10-01-2024T10:28:54 - [TEST_STEP][PASSED] - callTestCase(findTestCase("Offline PSSI Dashboard Function/Sign In/PSSISignInValidData"), [:]): Call Test Case 'Test Cases/Offline PSSI Dashboard Function/Sign In/PSSISignInValidData' successfully

10-01-2024T10:28:54 - [TEST_CASE][PASSED] - Test Cases/Offline PSSI Dashboard Function/Sign In/PSSISignInValidData: Test Cases/Offline PSSI Dashboard Function/Sign In/PSSISignInValidData

10-01-2024T10:28:54 - [TEST_STEP][PASSED] - failureHandling = STOP_ON_FAILURE: null

10-01-2024T10:28:54 - [TEST_STEP][PASSED] - baseUrl = offline_pssi_dashboard_url: null

10-01-2024T10:28:54 - [TEST_STEP][PASSED] - openBrowser(""): Browser is opened with url: ''

10-01-2024T10:28:54 - [MESSAGE][WARNING] - A browser is already opened. Closing browser and opening a new one

10-01-2024T10:28:55 - [MESSAGE][INFO] - Starting 'Chrome' driver

10-01-2024T10:28:55 - [MESSAGE][INFO] - Action delay is set to 0 milliseconds

10-01-2024T10:28:56 - [MESSAGE][PASSED] - Browser is opened with url: ''

10-01-2024T10:28:56 - [TEST_STEP][PASSED] - navigateToUrl(baseUrl): Navigate to 'https://monitoring.pssi-dev.kecilin.id' successfully

10-01-2024T10:28:57 - [MESSAGE][PASSED] - Navigate to 'https://monitoring.pssi-dev.kecilin.id' successfully

10-01-2024T10:28:57 - [TEST_STEP][PASSED] - maximizeWindow(): Current window maximized

10-01-2024T10:28:58 - [MESSAGE][PASSED] - Current window maximized

10-01-2024T10:28:58 - [TEST_STEP][PASSED] - setText(findTestObject("Object Repository/Page_Login/input_email"), "superadmin@app.com"): Text 'superadmin@app.com' is set on object 'Object Repository/Page_Login/input_email'

10-01-2024T10:28:59 - [MESSAGE][PASSED] - Text 'superadmin@app.com' is set on object 'Object Repository/Page_Login/input_email'

10-01-2024T10:28:59 - [TEST_STEP][PASSED] - setEncryptedText(findTestObject("Object Repository/Page_Login/input_password"), "8SQVv/p9jVScEs4/2CZsLw=="): Text ****** has been set on object 'Object Repository/Page_Login/input_password'

10-01-2024T10:28:59 - [MESSAGE][PASSED] - Text ****** has been set on object 'Object Repository/Page_Login/input_password'

10-01-2024T10:28:59 - [TEST_STEP][PASSED] - click(findTestObject("Object Repository/Page_Login/button_Sign In")): Object: 'Object Repository/Page_Login/button_Sign In' is clicked on

10-01-2024T10:29:01 - [MESSAGE][PASSED] - Object: 'Object Repository/Page_Login/button_Sign In' is clicked on

10-01-2024T10:29:01 - [MESSAGE][PASSED] - Call Test Case 'Test Cases/Offline PSSI Dashboard Function/Sign In/PSSISignInValidData' successfully

10-01-2024T10:29:01 - [TEST_STEP][PASSED] - navigateToUrl(baseUrl + "/playback_video"): Navigate to 'https://monitoring.pssi-dev.kecilin.id/playback_video' successfully

10-01-2024T10:29:02 - [MESSAGE][PASSED] - Navigate to 'https://monitoring.pssi-dev.kecilin.id/playback_video' successfully

10-01-2024T10:29:02 - [MESSAGE][PASSED] - Call Test Case 'Test Cases/Offline PSSI Dashboard Function/Create BE Playback Video/View Playback Video Data/PSSIViewPlaybackVideo' successfully

10-01-2024T10:29:02 - [TEST_STEP][PASSED] - verifyElementNotPresent(findTestObject("Page_Playback Video/CCTV Selection Bar"), 0): Web element with id: 'Object Repository/Page_Playback Video/CCTV Selection Bar' located by 'By.xpath: id("select2-cctv-container")[count(. | //span[@class = 'select2-selection__rendered' and @id = 'select2-cctv-container' and @role = 'textbox' and @aria-readonly = 'true' and @title = '-- Search CCTV --' and (text() = '-- Search CCTV --' or . = '-- Search CCTV --')]) = count(//span[@class = 'select2-selection__rendered' and @id = 'select2-cctv-container' and @role = 'textbox' and @aria-readonly = 'true' and @title = '-- Search CCTV --' and (text() = '-- Search CCTV --' or . = '-- Search CCTV --')])]' is not present after '1' second(s)

10-01-2024T10:29:02 - [MESSAGE][WARNING] - Timeout '0' is invalid. Using default page load timeout: '1'

10-01-2024T10:29:02 - [MESSAGE][PASSED] - Web element with id: 'Object Repository/Page_Playback Video/CCTV Selection Bar' located by 'By.xpath: id("select2-cctv-container")[count(. | //span[@class = 'select2-selection__rendered' and @id = 'select2-cctv-container' and @role = 'textbox' and @aria-readonly = 'true' and @title = '-- Search CCTV --' and (text() = '-- Search CCTV --' or . = '-- Search CCTV --')]) = count(//span[@class = 'select2-selection__rendered' and @id = 'select2-cctv-container' and @role = 'textbox' and @aria-readonly = 'true' and @title = '-- Search CCTV --' and (text() = '-- Search CCTV --' or . = '-- Search CCTV --')])]' is not present after '1' second(s)

10-01-2024T10:29:02 - [TEST_STEP][PASSED] - verifyElementClickable(findTestObject("Page_Playback Video/Stadium Selection Bar")): Object 'Object Repository/Page_Playback Video/Stadium Selection Bar' is clickable

10-01-2024T10:29:03 - [MESSAGE][PASSED] - Object 'Object Repository/Page_Playback Video/Stadium Selection Bar' is clickable

10-01-2024T10:29:03 - [TEST_STEP][PASSED] - click(findTestObject("Page_Playback Video/Stadium Selection Bar")): Object: 'Object Repository/Page_Playback Video/Stadium Selection Bar' is clicked on

10-01-2024T10:29:03 - [MESSAGE][PASSED] - Object: 'Object Repository/Page_Playback Video/Stadium Selection Bar' is clicked on

10-01-2024T10:29:03 - [TEST_STEP][PASSED] - sendKeys(findTestObject("Page_Playback Video/Stadium Search Field"), Keys.chord(ENTER)): Keys 'ENTER + ' sent to object: 'Object Repository/Page_Playback Video/Stadium Search Field'

10-01-2024T10:29:04 - [MESSAGE][PASSED] - Keys 'ENTER + ' sent to object: 'Object Repository/Page_Playback Video/Stadium Search Field'

10-01-2024T10:29:04 - [TEST_STEP][PASSED] - verifyElementClickable(findTestObject("Page_Playback Video/CCTV Selection Bar")): Object 'Object Repository/Page_Playback Video/CCTV Selection Bar' is clickable

10-01-2024T10:29:04 - [MESSAGE][PASSED] - Object 'Object Repository/Page_Playback Video/CCTV Selection Bar' is clickable

10-01-2024T10:29:04 - [TEST_STEP][PASSED] - click(findTestObject("Page_Playback Video/CCTV Selection Bar")): Object: 'Object Repository/Page_Playback Video/CCTV Selection Bar' is clicked on

10-01-2024T10:29:05 - [MESSAGE][PASSED] - Object: 'Object Repository/Page_Playback Video/CCTV Selection Bar' is clicked on

10-01-2024T10:29:05 - [TEST_STEP][PASSED] - sendKeys(findTestObject("Page_Playback Video/CCTV Search Field"), Keys.chord(ARROW_DOWN)): Keys 'DOWN + ' sent to object: 'Object Repository/Page_Playback Video/CCTV Search Field'

10-01-2024T10:29:05 - [MESSAGE][PASSED] - Keys 'DOWN + ' sent to object: 'Object Repository/Page_Playback Video/CCTV Search Field'

10-01-2024T10:29:05 - [TEST_STEP][PASSED] - sendKeys(findTestObject("Page_Playback Video/CCTV Search Field"), Keys.chord(ENTER)): Keys 'ENTER + ' sent to object: 'Object Repository/Page_Playback Video/CCTV Search Field'

10-01-2024T10:29:06 - [MESSAGE][PASSED] - Keys 'ENTER + ' sent to object: 'Object Repository/Page_Playback Video/CCTV Search Field'

10-01-2024T10:29:06 - [TEST_STEP][PASSED] - verifyElementClickable(findTestObject("Page_Playback Video/button_Search")): Object 'Object Repository/Page_Playback Video/button_Search' is clickable

10-01-2024T10:29:06 - [MESSAGE][PASSED] - Object 'Object Repository/Page_Playback Video/button_Search' is clickable

10-01-2024T10:29:06 - [TEST_STEP][PASSED] - click(findTestObject("Page_Playback Video/button_Search")): Object: 'Object Repository/Page_Playback Video/button_Search' is clicked on

10-01-2024T10:29:07 - [MESSAGE][PASSED] - Object: 'Object Repository/Page_Playback Video/button_Search' is clicked on

10-01-2024T10:29:07 - [TEST_STEP][PASSED] - verifyTextPresent("Size", false): Text 'Size' is present on page 

10-01-2024T10:29:14 - [MESSAGE][PASSED] - Text 'Size' is present on page 

10-01-2024T10:29:14 - [TEST_STEP][PASSED] - verifyTextPresent("Name", false): Text 'Name' is present on page 

10-01-2024T10:29:14 - [MESSAGE][PASSED] - Text 'Name' is present on page 

10-01-2024T10:29:14 - [TEST_STEP][PASSED] - verifyTextPresent("Date Time", false): Text 'Date Time' is present on page 

10-01-2024T10:29:15 - [MESSAGE][PASSED] - Text 'Date Time' is present on page 

10-01-2024T10:29:15 - [TEST_STEP][PASSED] - verifyTextPresent("Action", false): Text 'Action' is present on page 

10-01-2024T10:29:15 - [MESSAGE][PASSED] - Text 'Action' is present on page 

10-01-2024T10:29:15 - [MESSAGE][PASSED] - Call Test Case 'Test Cases/Offline PSSI Dashboard Function/Create BE Playback Video/Filter Playback Video/Positive Test Case/PSSIFilterStadiumAndCam' successfully

10-01-2024T10:29:15 - [TEST_STEP][PASSED] - navigateToUrl(baseUrl + "/playback_video/show/65273c11a21542f9826f23a6/2023-12-31T17-00-43.mp4"): Navigate to 'https://monitoring.pssi-dev.kecilin.id/playback_video/show/65273c11a21542f9826f23a6/2023-12-31T17-00-43.mp4' successfully

10-01-2024T10:29:20 - [MESSAGE][PASSED] - Navigate to 'https://monitoring.pssi-dev.kecilin.id/playback_video/show/65273c11a21542f9826f23a6/2023-12-31T17-00-43.mp4' successfully

10-01-2024T10:29:20 - [TEST_STEP][PASSED] - scrollToElement(findTestObject("Page_Playback Video/button_Search Identify"), 0): Scroll to object 'Object Repository/Page_Playback Video/button_Search Identify' successfully

10-01-2024T10:29:20 - [MESSAGE][WARNING] - Timeout '0' is invalid. Using default page load timeout: '1'

10-01-2024T10:29:20 - [MESSAGE][PASSED] - Scroll to object 'Object Repository/Page_Playback Video/button_Search Identify' successfully

10-01-2024T10:29:20 - [TEST_STEP][PASSED] - screenshot1 = takeFullPageScreenshot(): Taking screenshot successfully

10-01-2024T10:29:21 - [MESSAGE][INFO] - 0 hidden object(s)

10-01-2024T10:29:22 - [MESSAGE][PASSED] - Taking screenshot successfully
[[ATTACHMENT|C:\\Users\\USER\\git\\Kecilin-Automation-Test\\Reports\\20240110_101141\\Create BE Playback Video\\Search Identity Test Suite\\20240110_101149\\1704857360713.png]]

10-01-2024T10:29:22 - [TEST_STEP][PASSED] - Thread.sleep(2500): null

10-01-2024T10:29:24 - [TEST_STEP][PASSED] - screenshot2 = takeFullPageScreenshot(): Taking screenshot successfully

10-01-2024T10:29:25 - [MESSAGE][INFO] - 0 hidden object(s)

10-01-2024T10:29:25 - [MESSAGE][PASSED] - Taking screenshot successfully
[[ATTACHMENT|C:\\Users\\USER\\git\\Kecilin-Automation-Test\\Reports\\20240110_101141\\Create BE Playback Video\\Search Identity Test Suite\\20240110_101149\\1704857364554.png]]

10-01-2024T10:29:25 - [TEST_STEP][PASSED] - verifyNotEqual(screenshot1, screenshot2): Actual object '[B@6e958f2c' and expected object '[B@237c65fc' are not equal

10-01-2024T10:29:25 - [MESSAGE][PASSED] - Actual object '[B@6e958f2c' and expected object '[B@237c65fc' are not equal

10-01-2024T10:29:25 - [MESSAGE][PASSED] - Call Test Case 'Test Cases/Offline PSSI Dashboard Function/Create BE Playback Video/Play Video/PSSIPlayVideo' successfully

10-01-2024T10:29:25 - [TEST_STEP][PASSED] - click(findTestObject("Page_Playback Video/button_Search Identify")): Object: 'Object Repository/Page_Playback Video/button_Search Identify' is clicked on

10-01-2024T10:29:26 - [MESSAGE][PASSED] - Object: 'Object Repository/Page_Playback Video/button_Search Identify' is clicked on

10-01-2024T10:29:26 - [TEST_STEP][PASSED] - verifyTextPresent("CANCEL", false): Text 'CANCEL' is present on page 

10-01-2024T10:29:27 - [MESSAGE][PASSED] - Text 'CANCEL' is present on page 

10-01-2024T10:29:27 - [TEST_STEP][PASSED] - verifyTextPresent("Identity Now", false): Text 'Identity Now' is present on page 

10-01-2024T10:29:27 - [MESSAGE][PASSED] - Text 'Identity Now' is present on page 

10-01-2024T10:29:27 - [TEST_STEP][PASSED] - verifyElementClickable(findTestObject("Page_Playback Video/button_Identity Now Pop Up")): Object 'Object Repository/Page_Playback Video/button_Identity Now Pop Up' is clickable

10-01-2024T10:29:27 - [MESSAGE][PASSED] - Object 'Object Repository/Page_Playback Video/button_Identity Now Pop Up' is clickable

10-01-2024T10:29:27 - [TEST_STEP][PASSED] - click(findTestObject("Page_Playback Video/button_Identity Now Pop Up")): Object: 'Object Repository/Page_Playback Video/button_Identity Now Pop Up' is clicked on

10-01-2024T10:29:28 - [MESSAGE][PASSED] - Object: 'Object Repository/Page_Playback Video/button_Identity Now Pop Up' is clicked on

10-01-2024T10:29:28 - [TEST_STEP][FAILED] - verifyTextPresent("Name", false): Unable to verify text 'Name' is present  (Root cause: com.kms.katalon.core.exception.StepFailedException: Unable to verify text 'Name' is present 
	at com.kms.katalon.core.webui.keyword.internal.WebUIKeywordMain.stepFailed(WebUIKeywordMain.groovy:64)
	at com.kms.katalon.core.webui.keyword.internal.WebUIKeywordMain.runKeyword(WebUIKeywordMain.groovy:26)
	at com.kms.katalon.core.webui.keyword.builtin.VerifyTextPresentKeyword.verifyTextPresent(VerifyTextPresentKeyword.groovy:83)
	at com.kms.katalon.core.webui.keyword.builtin.VerifyTextPresentKeyword.execute(VerifyTextPresentKeyword.groovy:68)
	at com.kms.katalon.core.keyword.internal.KeywordExecutor.executeKeywordForPlatform(KeywordExecutor.groovy:74)
	at com.kms.katalon.core.webui.keyword.WebUiBuiltInKeywords.verifyTextPresent(WebUiBuiltInKeywords.groovy:1762)
	at PSSIPlaybackVideoSaveSearchedPersonIdentity.run(PSSIPlaybackVideoSaveSearchedPersonIdentity:38)
	at com.kms.katalon.core.main.ScriptEngine.run(ScriptEngine.java:194)
	at com.kms.katalon.core.main.ScriptEngine.runScriptAsRawText(ScriptEngine.java:119)
	at com.kms.katalon.core.main.TestCaseExecutor.runScript(TestCaseExecutor.java:448)
	at com.kms.katalon.core.main.TestCaseExecutor.doExecute(TestCaseExecutor.java:439)
	at com.kms.katalon.core.main.TestCaseExecutor.processExecutionPhase(TestCaseExecutor.java:418)
	at com.kms.katalon.core.main.TestCaseExecutor.accessMainPhase(TestCaseExecutor.java:410)
	at com.kms.katalon.core.main.TestCaseExecutor.execute(TestCaseExecutor.java:285)
	at com.kms.katalon.core.main.TestCaseExecutor.execute(TestCaseExecutor.java:369)
	at com.kms.katalon.core.main.TestCaseExecutor.execute(TestCaseExecutor.java:369)
	at com.kms.katalon.core.main.TestCaseExecutor.execute(TestCaseExecutor.java:369)
	at com.kms.katalon.core.common.CommonExecutor.accessTestCaseMainPhase(CommonExecutor.java:65)
	at com.kms.katalon.core.main.TestSuiteExecutor.accessTestSuiteMainPhase(TestSuiteExecutor.java:148)
	at com.kms.katalon.core.main.TestSuiteExecutor.execute(TestSuiteExecutor.java:106)
	at com.kms.katalon.core.main.TestCaseMain.startTestSuite(TestCaseMain.java:180)
	at TempTestSuite1704856309767.run(TempTestSuite1704856309767.groovy:36)
	at java.base/jdk.internal.reflect.NativeMethodAccessorImpl.invoke0(Native Method)
	at java.base/jdk.internal.reflect.NativeMethodAccessorImpl.invoke(NativeMethodAccessorImpl.java:77)
	at java.base/jdk.internal.reflect.DelegatingMethodAccessorImpl.invoke(DelegatingMethodAccessorImpl.java:43)
Caused by: com.kms.katalon.core.exception.StepFailedException: Text 'Name' is not present on page 
	at com.kms.katalon.core.webui.keyword.internal.WebUIKeywordMain.stepFailed(WebUIKeywordMain.groovy:64)
	at com.kms.katalon.core.webui.keyword.builtin.VerifyTextPresentKeyword$_verifyTextPresent_closure1.doCall(VerifyTextPresentKeyword.groovy:79)
	at com.kms.katalon.core.webui.keyword.builtin.VerifyTextPresentKeyword$_verifyTextPresent_closure1.call(VerifyTextPresentKeyword.groovy)
	at com.kms.katalon.core.webui.keyword.internal.WebUIKeywordMain.runKeyword(WebUIKeywordMain.groovy:20)
	... 23 more
)

10-01-2024T10:29:29 - [MESSAGE][FAILED] - Text 'Name' is not present on page  (Root cause: com.kms.katalon.core.exception.StepFailedException: Text 'Name' is not present on page 
	at com.kms.katalon.core.webui.keyword.internal.WebUIKeywordMain.stepFailed(WebUIKeywordMain.groovy:64)
	at com.kms.katalon.core.webui.keyword.builtin.VerifyTextPresentKeyword$_verifyTextPresent_closure1.doCall(VerifyTextPresentKeyword.groovy:79)
	at com.kms.katalon.core.webui.keyword.builtin.VerifyTextPresentKeyword$_verifyTextPresent_closure1.call(VerifyTextPresentKeyword.groovy)
	at com.kms.katalon.core.webui.keyword.internal.WebUIKeywordMain.runKeyword(WebUIKeywordMain.groovy:20)
	at com.kms.katalon.core.webui.keyword.builtin.VerifyTextPresentKeyword.verifyTextPresent(VerifyTextPresentKeyword.groovy:83)
	at com.kms.katalon.core.webui.keyword.builtin.VerifyTextPresentKeyword.execute(VerifyTextPresentKeyword.groovy:68)
	at com.kms.katalon.core.keyword.internal.KeywordExecutor.executeKeywordForPlatform(KeywordExecutor.groovy:74)
	at com.kms.katalon.core.webui.keyword.WebUiBuiltInKeywords.verifyTextPresent(WebUiBuiltInKeywords.groovy:1762)
	at PSSIPlaybackVideoSaveSearchedPersonIdentity.run(PSSIPlaybackVideoSaveSearchedPersonIdentity:38)
	at com.kms.katalon.core.main.ScriptEngine.run(ScriptEngine.java:194)
	at com.kms.katalon.core.main.ScriptEngine.runScriptAsRawText(ScriptEngine.java:119)
	at com.kms.katalon.core.main.TestCaseExecutor.runScript(TestCaseExecutor.java:448)
	at com.kms.katalon.core.main.TestCaseExecutor.doExecute(TestCaseExecutor.java:439)
	at com.kms.katalon.core.main.TestCaseExecutor.processExecutionPhase(TestCaseExecutor.java:418)
	at com.kms.katalon.core.main.TestCaseExecutor.accessMainPhase(TestCaseExecutor.java:410)
	at com.kms.katalon.core.main.TestCaseExecutor.execute(TestCaseExecutor.java:285)
	at com.kms.katalon.core.main.TestCaseExecutor.execute(TestCaseExecutor.java:369)
	at com.kms.katalon.core.main.TestCaseExecutor.execute(TestCaseExecutor.java:369)
	at com.kms.katalon.core.main.TestCaseExecutor.execute(TestCaseExecutor.java:369)
	at com.kms.katalon.core.common.CommonExecutor.accessTestCaseMainPhase(CommonExecutor.java:65)
	at com.kms.katalon.core.main.TestSuiteExecutor.accessTestSuiteMainPhase(TestSuiteExecutor.java:148)
	at com.kms.katalon.core.main.TestSuiteExecutor.execute(TestSuiteExecutor.java:106)
	at com.kms.katalon.core.main.TestCaseMain.startTestSuite(TestCaseMain.java:180)
	at TempTestSuite1704856309767.run(TempTestSuite1704856309767.groovy:36)
	at java.base/jdk.internal.reflect.NativeMethodAccessorImpl.invoke0(Native Method)
	at java.base/jdk.internal.reflect.NativeMethodAccessorImpl.invoke(NativeMethodAccessorImpl.java:77)
	at java.base/jdk.internal.reflect.DelegatingMethodAccessorImpl.invoke(DelegatingMethodAccessorImpl.java:43)
)

10-01-2024T10:29:29 - [MESSAGE][FAILED] - Unable to verify text 'Name' is present  (Root cause: com.kms.katalon.core.exception.StepFailedException: Unable to verify text 'Name' is present 
	at com.kms.katalon.core.webui.keyword.internal.WebUIKeywordMain.stepFailed(WebUIKeywordMain.groovy:64)
	at com.kms.katalon.core.webui.keyword.internal.WebUIKeywordMain.runKeyword(WebUIKeywordMain.groovy:26)
	at com.kms.katalon.core.webui.keyword.builtin.VerifyTextPresentKeyword.verifyTextPresent(VerifyTextPresentKeyword.groovy:83)
	at com.kms.katalon.core.webui.keyword.builtin.VerifyTextPresentKeyword.execute(VerifyTextPresentKeyword.groovy:68)
	at com.kms.katalon.core.keyword.internal.KeywordExecutor.executeKeywordForPlatform(KeywordExecutor.groovy:74)
	at com.kms.katalon.core.webui.keyword.WebUiBuiltInKeywords.verifyTextPresent(WebUiBuiltInKeywords.groovy:1762)
	at PSSIPlaybackVideoSaveSearchedPersonIdentity.run(PSSIPlaybackVideoSaveSearchedPersonIdentity:38)
	at com.kms.katalon.core.main.ScriptEngine.run(ScriptEngine.java:194)
	at com.kms.katalon.core.main.ScriptEngine.runScriptAsRawText(ScriptEngine.java:119)
	at com.kms.katalon.core.main.TestCaseExecutor.runScript(TestCaseExecutor.java:448)
	at com.kms.katalon.core.main.TestCaseExecutor.doExecute(TestCaseExecutor.java:439)
	at com.kms.katalon.core.main.TestCaseExecutor.processExecutionPhase(TestCaseExecutor.java:418)
	at com.kms.katalon.core.main.TestCaseExecutor.accessMainPhase(TestCaseExecutor.java:410)
	at com.kms.katalon.core.main.TestCaseExecutor.execute(TestCaseExecutor.java:285)
	at com.kms.katalon.core.main.TestCaseExecutor.execute(TestCaseExecutor.java:369)
	at com.kms.katalon.core.main.TestCaseExecutor.execute(TestCaseExecutor.java:369)
	at com.kms.katalon.core.main.TestCaseExecutor.execute(TestCaseExecutor.java:369)
	at com.kms.katalon.core.common.CommonExecutor.accessTestCaseMainPhase(CommonExecutor.java:65)
	at com.kms.katalon.core.main.TestSuiteExecutor.accessTestSuiteMainPhase(TestSuiteExecutor.java:148)
	at com.kms.katalon.core.main.TestSuiteExecutor.execute(TestSuiteExecutor.java:106)
	at com.kms.katalon.core.main.TestCaseMain.startTestSuite(TestCaseMain.java:180)
	at TempTestSuite1704856309767.run(TempTestSuite1704856309767.groovy:36)
	at java.base/jdk.internal.reflect.NativeMethodAccessorImpl.invoke0(Native Method)
	at java.base/jdk.internal.reflect.NativeMethodAccessorImpl.invoke(NativeMethodAccessorImpl.java:77)
	at java.base/jdk.internal.reflect.DelegatingMethodAccessorImpl.invoke(DelegatingMethodAccessorImpl.java:43)
Caused by: com.kms.katalon.core.exception.StepFailedException: Text 'Name' is not present on page 
	at com.kms.katalon.core.webui.keyword.internal.WebUIKeywordMain.stepFailed(WebUIKeywordMain.groovy:64)
	at com.kms.katalon.core.webui.keyword.builtin.VerifyTextPresentKeyword$_verifyTextPresent_closure1.doCall(VerifyTextPresentKeyword.groovy:79)
	at com.kms.katalon.core.webui.keyword.builtin.VerifyTextPresentKeyword$_verifyTextPresent_closure1.call(VerifyTextPresentKeyword.groovy)
	at com.kms.katalon.core.webui.keyword.internal.WebUIKeywordMain.runKeyword(WebUIKeywordMain.groovy:20)
	... 23 more
)
[[ATTACHMENT|C:\\Users\\USER\\git\\Kecilin-Automation-Test\\Reports\\20240110_101141\\Create BE Playback Video\\Search Identity Test Suite\\20240110_101149\\1704857369347.png]]]]></system-out>
         <system-err><![CDATA[10-01-2024T10:28:54 - [TEST_CASE][FAILED] - Test Cases/Offline PSSI Dashboard Function/Create BE Playback Video/Search Identity/Positive Test Case/PSSIPlaybackVideoSaveSearchedPersonIdentity: Test Cases/Offline PSSI Dashboard Function/Create BE Playback Video/Search Identity/Positive Test Case/PSSIPlaybackVideoSaveSearchedPersonIdentity FAILED.
Reason:
com.kms.katalon.core.exception.StepFailedException: Unable to verify text 'Name' is present 
	at com.kms.katalon.core.webui.keyword.internal.WebUIKeywordMain.stepFailed(WebUIKeywordMain.groovy:64)
	at com.kms.katalon.core.webui.keyword.internal.WebUIKeywordMain.runKeyword(WebUIKeywordMain.groovy:26)
	at com.kms.katalon.core.webui.keyword.builtin.VerifyTextPresentKeyword.verifyTextPresent(VerifyTextPresentKeyword.groovy:83)
	at com.kms.katalon.core.webui.keyword.builtin.VerifyTextPresentKeyword.execute(VerifyTextPresentKeyword.groovy:68)
	at com.kms.katalon.core.keyword.internal.KeywordExecutor.executeKeywordForPlatform(KeywordExecutor.groovy:74)
	at com.kms.katalon.core.webui.keyword.WebUiBuiltInKeywords.verifyTextPresent(WebUiBuiltInKeywords.groovy:1762)
	at PSSIPlaybackVideoSaveSearchedPersonIdentity.run(PSSIPlaybackVideoSaveSearchedPersonIdentity:38)
	at com.kms.katalon.core.main.ScriptEngine.run(ScriptEngine.java:194)
	at com.kms.katalon.core.main.ScriptEngine.runScriptAsRawText(ScriptEngine.java:119)
	at com.kms.katalon.core.main.TestCaseExecutor.runScript(TestCaseExecutor.java:448)
	at com.kms.katalon.core.main.TestCaseExecutor.doExecute(TestCaseExecutor.java:439)
	at com.kms.katalon.core.main.TestCaseExecutor.processExecutionPhase(TestCaseExecutor.java:418)
	at com.kms.katalon.core.main.TestCaseExecutor.accessMainPhase(TestCaseExecutor.java:410)
	at com.kms.katalon.core.main.TestCaseExecutor.execute(TestCaseExecutor.java:285)
	at com.kms.katalon.core.main.TestCaseExecutor.execute(TestCaseExecutor.java:369)
	at com.kms.katalon.core.main.TestCaseExecutor.execute(TestCaseExecutor.java:369)
	at com.kms.katalon.core.main.TestCaseExecutor.execute(TestCaseExecutor.java:369)
	at com.kms.katalon.core.common.CommonExecutor.accessTestCaseMainPhase(CommonExecutor.java:65)
	at com.kms.katalon.core.main.TestSuiteExecutor.accessTestSuiteMainPhase(TestSuiteExecutor.java:148)
	at com.kms.katalon.core.main.TestSuiteExecutor.execute(TestSuiteExecutor.java:106)
	at com.kms.katalon.core.main.TestCaseMain.startTestSuite(TestCaseMain.java:180)
	at TempTestSuite1704856309767.run(TempTestSuite1704856309767.groovy:36)
	at java.base/jdk.internal.reflect.NativeMethodAccessorImpl.invoke0(Native Method)
	at java.base/jdk.internal.reflect.NativeMethodAccessorImpl.invoke(NativeMethodAccessorImpl.java:77)
	at java.base/jdk.internal.reflect.DelegatingMethodAccessorImpl.invoke(DelegatingMethodAccessorImpl.java:43)
Caused by: com.kms.katalon.core.exception.StepFailedException: Text 'Name' is not present on page 
	at com.kms.katalon.core.webui.keyword.internal.WebUIKeywordMain.stepFailed(WebUIKeywordMain.groovy:64)
	at com.kms.katalon.core.webui.keyword.builtin.VerifyTextPresentKeyword$_verifyTextPresent_closure1.doCall(VerifyTextPresentKeyword.groovy:79)
	at com.kms.katalon.core.webui.keyword.builtin.VerifyTextPresentKeyword$_verifyTextPresent_closure1.call(VerifyTextPresentKeyword.groovy)
	at com.kms.katalon.core.webui.keyword.internal.WebUIKeywordMain.runKeyword(WebUIKeywordMain.groovy:20)
	... 23 more]]></system-err>
      </testcase>
      <testcase name="Test Cases/Offline PSSI Dashboard Function/Create BE Playback Video/Search Identity/Positive Test Case/PSSIPlaybackVideoSearchIdentity" time="28.819" classname="Test Cases/Offline PSSI Dashboard Function/Create BE Playback Video/Search Identity/Positive Test Case/PSSIPlaybackVideoSearchIdentity" status="FAILED">
         <failure type="FAILED" message="Test Cases/Offline PSSI Dashboard Function/Create BE Playback Video/Search Identity/Positive Test Case/PSSIPlaybackVideoSearchIdentity FAILED.&#xa;Reason:&#xa;com.kms.katalon.core.exception.StepFailedException: Unable to click on object 'Object Repository/Page_Playback Video/button_Search Identify'&#xa;	at com.kms.katalon.core.webui.keyword.internal.WebUIKeywordMain.stepFailed(WebUIKeywordMain.groovy:64)&#xa;	at com.kms.katalon.core.webui.keyword.internal.WebUIKeywordMain.runKeyword(WebUIKeywordMain.groovy:26)&#xa;	at com.kms.katalon.core.webui.keyword.builtin.ClickKeyword.click(ClickKeyword.groovy:74)&#xa;	at com.kms.katalon.core.webui.keyword.builtin.ClickKeyword.execute(ClickKeyword.groovy:40)&#xa;	at com.kms.katalon.core.keyword.internal.KeywordExecutor.executeKeywordForPlatform(KeywordExecutor.groovy:74)&#xa;	at com.kms.katalon.core.webui.keyword.WebUiBuiltInKeywords.click(WebUiBuiltInKeywords.groovy:659)&#xa;	at PSSIPlaybackVideoSearchIdentity.run(PSSIPlaybackVideoSearchIdentity:27)&#xa;	at com.kms.katalon.core.main.ScriptEngine.run(ScriptEngine.java:194)&#xa;	at com.kms.katalon.core.main.ScriptEngine.runScriptAsRawText(ScriptEngine.java:119)&#xa;	at com.kms.katalon.core.main.TestCaseExecutor.runScript(TestCaseExecutor.java:448)&#xa;	at com.kms.katalon.core.main.TestCaseExecutor.doExecute(TestCaseExecutor.java:439)&#xa;	at com.kms.katalon.core.main.TestCaseExecutor.processExecutionPhase(TestCaseExecutor.java:418)&#xa;	at com.kms.katalon.core.main.TestCaseExecutor.accessMainPhase(TestCaseExecutor.java:410)&#xa;	at com.kms.katalon.core.main.TestCaseExecutor.execute(TestCaseExecutor.java:285)&#xa;	at com.kms.katalon.core.main.TestCaseExecutor.execute(TestCaseExecutor.java:369)&#xa;	at com.kms.katalon.core.main.TestCaseExecutor.execute(TestCaseExecutor.java:369)&#xa;	at com.kms.katalon.core.main.TestCaseExecutor.execute(TestCaseExecutor.java:369)&#xa;	at com.kms.katalon.core.common.CommonExecutor.accessTestCaseMainPhase(CommonExecutor.java:65)&#xa;	at com.kms.katalon.core.main.TestSuiteExecutor.accessTestSuiteMainPhase(TestSuiteExecutor.java:148)&#xa;	at com.kms.katalon.core.main.TestSuiteExecutor.execute(TestSuiteExecutor.java:106)&#xa;	at com.kms.katalon.core.main.TestCaseMain.startTestSuite(TestCaseMain.java:180)&#xa;	at TempTestSuite1704856309767.run(TempTestSuite1704856309767.groovy:36)&#xa;	at java.base/jdk.internal.reflect.NativeMethodAccessorImpl.invoke0(Native Method)&#xa;	at java.base/jdk.internal.reflect.NativeMethodAccessorImpl.invoke(NativeMethodAccessorImpl.java:77)&#xa;	at java.base/jdk.internal.reflect.DelegatingMethodAccessorImpl.invoke(DelegatingMethodAccessorImpl.java:43)&#xa;Caused by: org.openqa.selenium.ElementNotInteractableException: element not interactable&#xa;  (Session info: chrome=120.0.6099.200)&#xa;Build info: version: '3.141.59', revision: 'e82be7d358', time: '2018-11-14T08:25:53'&#xa;System info: host: 'DESKTOP-HLRVE9S', ip: '192.168.100.189', os.name: 'Windows 10', os.arch: 'amd64', os.version: '10.0', java.version: '17.0.7'&#xa;Driver info: com.kms.katalon.selenium.driver.CChromeDriver&#xa;Capabilities {acceptInsecureCerts: false, browserName: chrome, browserVersion: 120.0.6099.200, chrome: {chromedriverVersion: 120.0.6099.71 (9729082fe617..., userDataDir: C:\Users\USER\AppData\Local...}, fedcm:accounts: true, goog:chromeOptions: {debuggerAddress: localhost:65122}, javascriptEnabled: true, networkConnectionEnabled: false, pageLoadStrategy: normal, platform: WINDOWS, platformName: WINDOWS, proxy: Proxy(), setWindowRect: true, strictFileInteractability: false, timeouts: {implicit: 0, pageLoad: 300000, script: 30000}, unhandledPromptBehavior: dismiss and notify, webauthn:extension:credBlob: true, webauthn:extension:largeBlob: true, webauthn:extension:minPinLength: true, webauthn:extension:prf: true, webauthn:virtualAuthenticators: true}&#xa;Session ID: 8048450d339749398eb2c0cd8dc93e75&#xa;	at java.base/jdk.internal.reflect.NativeConstructorAccessorImpl.newInstance0(Native Method)&#xa;	at java.base/jdk.internal.reflect.NativeConstructorAccessorImpl.newInstance(NativeConstructorAccessorImpl.java:77)&#xa;	at java.base/jdk.internal.reflect.DelegatingConstructorAccessorImpl.newInstance(DelegatingConstructorAccessorImpl.java:45)&#xa;	at org.openqa.selenium.remote.http.W3CHttpResponseCodec.createException(W3CHttpResponseCodec.java:187)&#xa;	at org.openqa.selenium.remote.http.W3CHttpResponseCodec.decode(W3CHttpResponseCodec.java:122)&#xa;	at org.openqa.selenium.remote.http.W3CHttpResponseCodec.decode(W3CHttpResponseCodec.java:49)&#xa;	at org.openqa.selenium.remote.HttpCommandExecutor.execute(HttpCommandExecutor.java:158)&#xa;	at org.openqa.selenium.remote.service.DriverCommandExecutor.execute(DriverCommandExecutor.java:83)&#xa;	at org.openqa.selenium.remote.RemoteWebDriver.execute(RemoteWebDriver.java:552)&#xa;	at com.kms.katalon.selenium.driver.CChromeDriver.execute(CChromeDriver.java:19)&#xa;	at org.openqa.selenium.remote.RemoteWebElement.execute(RemoteWebElement.java:285)&#xa;	at org.openqa.selenium.remote.RemoteWebElement.click(RemoteWebElement.java:84)&#xa;	at jdk.internal.reflect.GeneratedMethodAccessor22.invoke(Unknown Source)&#xa;	at java.base/jdk.internal.reflect.DelegatingMethodAccessorImpl.invoke(DelegatingMethodAccessorImpl.java:43)&#xa;	at org.openqa.selenium.support.events.EventFiringWebDriver$EventFiringWebElement.lambda$new$0(EventFiringWebDriver.java:404)&#xa;	at jdk.proxy2/jdk.proxy2.$Proxy24.click(Unknown Source)&#xa;	at org.openqa.selenium.support.events.EventFiringWebDriver$EventFiringWebElement.click(EventFiringWebDriver.java:417)&#xa;	at org.openqa.selenium.WebElement$click.call(Unknown Source)&#xa;	at com.kms.katalon.core.webui.keyword.builtin.ClickKeyword.clickUntilSuccessWithTimeout(ClickKeyword.groovy:81)&#xa;	at com.kms.katalon.core.webui.keyword.builtin.ClickKeyword.clickUntilSuccessWithTimeout(ClickKeyword.groovy)&#xa;	at jdk.internal.reflect.GeneratedMethodAccessor20.invoke(Unknown Source)&#xa;	at java.base/jdk.internal.reflect.DelegatingMethodAccessorImpl.invoke(DelegatingMethodAccessorImpl.java:43)&#xa;	at com.kms.katalon.core.webui.keyword.builtin.ClickKeyword$_click_closure1.doCall(ClickKeyword.groovy:67)&#xa;	at com.kms.katalon.core.webui.keyword.builtin.ClickKeyword$_click_closure1.call(ClickKeyword.groovy)&#xa;	at com.kms.katalon.core.webui.keyword.internal.WebUIKeywordMain.runKeyword(WebUIKeywordMain.groovy:20)&#xa;	... 23 more&#xa;"/>
         <system-out><![CDATA[10-01-2024T10:31:24 - [TEST_CASE][FAILED] - Test Cases/Offline PSSI Dashboard Function/Create BE Playback Video/Search Identity/Positive Test Case/PSSIPlaybackVideoSearchIdentity: Test Cases/Offline PSSI Dashboard Function/Create BE Playback Video/Search Identity/Positive Test Case/PSSIPlaybackVideoSearchIdentity FAILED.
Reason:
com.kms.katalon.core.exception.StepFailedException: Unable to click on object 'Object Repository/Page_Playback Video/button_Search Identify'
	at com.kms.katalon.core.webui.keyword.internal.WebUIKeywordMain.stepFailed(WebUIKeywordMain.groovy:64)
	at com.kms.katalon.core.webui.keyword.internal.WebUIKeywordMain.runKeyword(WebUIKeywordMain.groovy:26)
	at com.kms.katalon.core.webui.keyword.builtin.ClickKeyword.click(ClickKeyword.groovy:74)
	at com.kms.katalon.core.webui.keyword.builtin.ClickKeyword.execute(ClickKeyword.groovy:40)
	at com.kms.katalon.core.keyword.internal.KeywordExecutor.executeKeywordForPlatform(KeywordExecutor.groovy:74)
	at com.kms.katalon.core.webui.keyword.WebUiBuiltInKeywords.click(WebUiBuiltInKeywords.groovy:659)
	at PSSIPlaybackVideoSearchIdentity.run(PSSIPlaybackVideoSearchIdentity:27)
	at com.kms.katalon.core.main.ScriptEngine.run(ScriptEngine.java:194)
	at com.kms.katalon.core.main.ScriptEngine.runScriptAsRawText(ScriptEngine.java:119)
	at com.kms.katalon.core.main.TestCaseExecutor.runScript(TestCaseExecutor.java:448)
	at com.kms.katalon.core.main.TestCaseExecutor.doExecute(TestCaseExecutor.java:439)
	at com.kms.katalon.core.main.TestCaseExecutor.processExecutionPhase(TestCaseExecutor.java:418)
	at com.kms.katalon.core.main.TestCaseExecutor.accessMainPhase(TestCaseExecutor.java:410)
	at com.kms.katalon.core.main.TestCaseExecutor.execute(TestCaseExecutor.java:285)
	at com.kms.katalon.core.main.TestCaseExecutor.execute(TestCaseExecutor.java:369)
	at com.kms.katalon.core.main.TestCaseExecutor.execute(TestCaseExecutor.java:369)
	at com.kms.katalon.core.main.TestCaseExecutor.execute(TestCaseExecutor.java:369)
	at com.kms.katalon.core.common.CommonExecutor.accessTestCaseMainPhase(CommonExecutor.java:65)
	at com.kms.katalon.core.main.TestSuiteExecutor.accessTestSuiteMainPhase(TestSuiteExecutor.java:148)
	at com.kms.katalon.core.main.TestSuiteExecutor.execute(TestSuiteExecutor.java:106)
	at com.kms.katalon.core.main.TestCaseMain.startTestSuite(TestCaseMain.java:180)
	at TempTestSuite1704856309767.run(TempTestSuite1704856309767.groovy:36)
	at java.base/jdk.internal.reflect.NativeMethodAccessorImpl.invoke0(Native Method)
	at java.base/jdk.internal.reflect.NativeMethodAccessorImpl.invoke(NativeMethodAccessorImpl.java:77)
	at java.base/jdk.internal.reflect.DelegatingMethodAccessorImpl.invoke(DelegatingMethodAccessorImpl.java:43)
Caused by: org.openqa.selenium.ElementNotInteractableException: element not interactable
  (Session info: chrome=120.0.6099.200)
Build info: version: '3.141.59', revision: 'e82be7d358', time: '2018-11-14T08:25:53'
System info: host: 'DESKTOP-HLRVE9S', ip: '192.168.100.189', os.name: 'Windows 10', os.arch: 'amd64', os.version: '10.0', java.version: '17.0.7'
Driver info: com.kms.katalon.selenium.driver.CChromeDriver
Capabilities {acceptInsecureCerts: false, browserName: chrome, browserVersion: 120.0.6099.200, chrome: {chromedriverVersion: 120.0.6099.71 (9729082fe617..., userDataDir: C:\Users\USER\AppData\Local...}, fedcm:accounts: true, goog:chromeOptions: {debuggerAddress: localhost:65122}, javascriptEnabled: true, networkConnectionEnabled: false, pageLoadStrategy: normal, platform: WINDOWS, platformName: WINDOWS, proxy: Proxy(), setWindowRect: true, strictFileInteractability: false, timeouts: {implicit: 0, pageLoad: 300000, script: 30000}, unhandledPromptBehavior: dismiss and notify, webauthn:extension:credBlob: true, webauthn:extension:largeBlob: true, webauthn:extension:minPinLength: true, webauthn:extension:prf: true, webauthn:virtualAuthenticators: true}
Session ID: 8048450d339749398eb2c0cd8dc93e75
	at java.base/jdk.internal.reflect.NativeConstructorAccessorImpl.newInstance0(Native Method)
	at java.base/jdk.internal.reflect.NativeConstructorAccessorImpl.newInstance(NativeConstructorAccessorImpl.java:77)
	at java.base/jdk.internal.reflect.DelegatingConstructorAccessorImpl.newInstance(DelegatingConstructorAccessorImpl.java:45)
	at org.openqa.selenium.remote.http.W3CHttpResponseCodec.createException(W3CHttpResponseCodec.java:187)
	at org.openqa.selenium.remote.http.W3CHttpResponseCodec.decode(W3CHttpResponseCodec.java:122)
	at org.openqa.selenium.remote.http.W3CHttpResponseCodec.decode(W3CHttpResponseCodec.java:49)
	at org.openqa.selenium.remote.HttpCommandExecutor.execute(HttpCommandExecutor.java:158)
	at org.openqa.selenium.remote.service.DriverCommandExecutor.execute(DriverCommandExecutor.java:83)
	at org.openqa.selenium.remote.RemoteWebDriver.execute(RemoteWebDriver.java:552)
	at com.kms.katalon.selenium.driver.CChromeDriver.execute(CChromeDriver.java:19)
	at org.openqa.selenium.remote.RemoteWebElement.execute(RemoteWebElement.java:285)
	at org.openqa.selenium.remote.RemoteWebElement.click(RemoteWebElement.java:84)
	at jdk.internal.reflect.GeneratedMethodAccessor22.invoke(Unknown Source)
	at java.base/jdk.internal.reflect.DelegatingMethodAccessorImpl.invoke(DelegatingMethodAccessorImpl.java:43)
	at org.openqa.selenium.support.events.EventFiringWebDriver$EventFiringWebElement.lambda$new$0(EventFiringWebDriver.java:404)
	at jdk.proxy2/jdk.proxy2.$Proxy24.click(Unknown Source)
	at org.openqa.selenium.support.events.EventFiringWebDriver$EventFiringWebElement.click(EventFiringWebDriver.java:417)
	at org.openqa.selenium.WebElement$click.call(Unknown Source)
	at com.kms.katalon.core.webui.keyword.builtin.ClickKeyword.clickUntilSuccessWithTimeout(ClickKeyword.groovy:81)
	at com.kms.katalon.core.webui.keyword.builtin.ClickKeyword.clickUntilSuccessWithTimeout(ClickKeyword.groovy)
	at jdk.internal.reflect.GeneratedMethodAccessor20.invoke(Unknown Source)
	at java.base/jdk.internal.reflect.DelegatingMethodAccessorImpl.invoke(DelegatingMethodAccessorImpl.java:43)
	at com.kms.katalon.core.webui.keyword.builtin.ClickKeyword$_click_closure1.doCall(ClickKeyword.groovy:67)
	at com.kms.katalon.core.webui.keyword.builtin.ClickKeyword$_click_closure1.call(ClickKeyword.groovy)
	at com.kms.katalon.core.webui.keyword.internal.WebUIKeywordMain.runKeyword(WebUIKeywordMain.groovy:20)
	... 23 more


10-01-2024T10:31:24 - [TEST_STEP][PASSED] - baseUrl = offline_pssi_dashboard_url: null

10-01-2024T10:31:24 - [TEST_STEP][PASSED] - callTestCase(findTestCase("Offline PSSI Dashboard Function/Create BE Playback Video/Play Video/PSSIPlayVideo"), [:]): Call Test Case 'Test Cases/Offline PSSI Dashboard Function/Create BE Playback Video/Play Video/PSSIPlayVideo' successfully

10-01-2024T10:31:24 - [TEST_CASE][PASSED] - Test Cases/Offline PSSI Dashboard Function/Create BE Playback Video/Play Video/PSSIPlayVideo: Test Cases/Offline PSSI Dashboard Function/Create BE Playback Video/Play Video/PSSIPlayVideo

10-01-2024T10:31:24 - [TEST_STEP][PASSED] - baseUrl = offline_pssi_dashboard_url: null

10-01-2024T10:31:24 - [TEST_STEP][PASSED] - callTestCase(findTestCase("Offline PSSI Dashboard Function/Create BE Playback Video/Filter Playback Video/Positive Test Case/PSSIFilterStadiumAndCam"), [:]): Call Test Case 'Test Cases/Offline PSSI Dashboard Function/Create BE Playback Video/Filter Playback Video/Positive Test Case/PSSIFilterStadiumAndCam' successfully

10-01-2024T10:31:24 - [TEST_CASE][PASSED] - Test Cases/Offline PSSI Dashboard Function/Create BE Playback Video/Filter Playback Video/Positive Test Case/PSSIFilterStadiumAndCam: Test Cases/Offline PSSI Dashboard Function/Create BE Playback Video/Filter Playback Video/Positive Test Case/PSSIFilterStadiumAndCam

10-01-2024T10:31:24 - [TEST_STEP][PASSED] - baseUrl = offline_pssi_dashboard_url: null

10-01-2024T10:31:24 - [TEST_STEP][PASSED] - callTestCase(findTestCase("Offline PSSI Dashboard Function/Create BE Playback Video/View Playback Video Data/PSSIViewPlaybackVideo"), [:]): Call Test Case 'Test Cases/Offline PSSI Dashboard Function/Create BE Playback Video/View Playback Video Data/PSSIViewPlaybackVideo' successfully

10-01-2024T10:31:24 - [TEST_CASE][PASSED] - Test Cases/Offline PSSI Dashboard Function/Create BE Playback Video/View Playback Video Data/PSSIViewPlaybackVideo: Test Cases/Offline PSSI Dashboard Function/Create BE Playback Video/View Playback Video Data/PSSIViewPlaybackVideo

10-01-2024T10:31:24 - [TEST_STEP][PASSED] - baseUrl = offline_pssi_dashboard_url: null

10-01-2024T10:31:24 - [TEST_STEP][PASSED] - callTestCase(findTestCase("Offline PSSI Dashboard Function/Sign In/PSSISignInValidData"), [:]): Call Test Case 'Test Cases/Offline PSSI Dashboard Function/Sign In/PSSISignInValidData' successfully

10-01-2024T10:31:24 - [TEST_CASE][PASSED] - Test Cases/Offline PSSI Dashboard Function/Sign In/PSSISignInValidData: Test Cases/Offline PSSI Dashboard Function/Sign In/PSSISignInValidData

10-01-2024T10:31:24 - [TEST_STEP][PASSED] - failureHandling = STOP_ON_FAILURE: null

10-01-2024T10:31:24 - [TEST_STEP][PASSED] - baseUrl = offline_pssi_dashboard_url: null

10-01-2024T10:31:24 - [TEST_STEP][PASSED] - openBrowser(""): Browser is opened with url: ''

10-01-2024T10:31:24 - [MESSAGE][WARNING] - A browser is already opened. Closing browser and opening a new one

10-01-2024T10:31:24 - [MESSAGE][INFO] - Starting 'Chrome' driver

10-01-2024T10:31:24 - [MESSAGE][INFO] - Action delay is set to 0 milliseconds

10-01-2024T10:31:25 - [MESSAGE][PASSED] - Browser is opened with url: ''

10-01-2024T10:31:25 - [TEST_STEP][PASSED] - navigateToUrl(baseUrl): Navigate to 'https://monitoring.pssi-dev.kecilin.id' successfully

10-01-2024T10:31:26 - [MESSAGE][PASSED] - Navigate to 'https://monitoring.pssi-dev.kecilin.id' successfully

10-01-2024T10:31:26 - [TEST_STEP][PASSED] - maximizeWindow(): Current window maximized

10-01-2024T10:31:26 - [MESSAGE][PASSED] - Current window maximized

10-01-2024T10:31:26 - [TEST_STEP][PASSED] - setText(findTestObject("Object Repository/Page_Login/input_email"), "superadmin@app.com"): Text 'superadmin@app.com' is set on object 'Object Repository/Page_Login/input_email'

10-01-2024T10:31:27 - [MESSAGE][PASSED] - Text 'superadmin@app.com' is set on object 'Object Repository/Page_Login/input_email'

10-01-2024T10:31:27 - [TEST_STEP][PASSED] - setEncryptedText(findTestObject("Object Repository/Page_Login/input_password"), "8SQVv/p9jVScEs4/2CZsLw=="): Text ****** has been set on object 'Object Repository/Page_Login/input_password'

10-01-2024T10:31:28 - [MESSAGE][PASSED] - Text ****** has been set on object 'Object Repository/Page_Login/input_password'

10-01-2024T10:31:28 - [TEST_STEP][PASSED] - click(findTestObject("Object Repository/Page_Login/button_Sign In")): Object: 'Object Repository/Page_Login/button_Sign In' is clicked on

10-01-2024T10:31:30 - [MESSAGE][PASSED] - Object: 'Object Repository/Page_Login/button_Sign In' is clicked on

10-01-2024T10:31:30 - [MESSAGE][PASSED] - Call Test Case 'Test Cases/Offline PSSI Dashboard Function/Sign In/PSSISignInValidData' successfully

10-01-2024T10:31:30 - [TEST_STEP][PASSED] - navigateToUrl(baseUrl + "/playback_video"): Navigate to 'https://monitoring.pssi-dev.kecilin.id/playback_video' successfully

10-01-2024T10:31:30 - [MESSAGE][PASSED] - Navigate to 'https://monitoring.pssi-dev.kecilin.id/playback_video' successfully

10-01-2024T10:31:30 - [MESSAGE][PASSED] - Call Test Case 'Test Cases/Offline PSSI Dashboard Function/Create BE Playback Video/View Playback Video Data/PSSIViewPlaybackVideo' successfully

10-01-2024T10:31:30 - [TEST_STEP][PASSED] - verifyElementNotPresent(findTestObject("Page_Playback Video/CCTV Selection Bar"), 0): Web element with id: 'Object Repository/Page_Playback Video/CCTV Selection Bar' located by 'By.xpath: id("select2-cctv-container")[count(. | //span[@class = 'select2-selection__rendered' and @id = 'select2-cctv-container' and @role = 'textbox' and @aria-readonly = 'true' and @title = '-- Search CCTV --' and (text() = '-- Search CCTV --' or . = '-- Search CCTV --')]) = count(//span[@class = 'select2-selection__rendered' and @id = 'select2-cctv-container' and @role = 'textbox' and @aria-readonly = 'true' and @title = '-- Search CCTV --' and (text() = '-- Search CCTV --' or . = '-- Search CCTV --')])]' is not present after '1' second(s)

10-01-2024T10:31:30 - [MESSAGE][WARNING] - Timeout '0' is invalid. Using default page load timeout: '1'

10-01-2024T10:31:31 - [MESSAGE][PASSED] - Web element with id: 'Object Repository/Page_Playback Video/CCTV Selection Bar' located by 'By.xpath: id("select2-cctv-container")[count(. | //span[@class = 'select2-selection__rendered' and @id = 'select2-cctv-container' and @role = 'textbox' and @aria-readonly = 'true' and @title = '-- Search CCTV --' and (text() = '-- Search CCTV --' or . = '-- Search CCTV --')]) = count(//span[@class = 'select2-selection__rendered' and @id = 'select2-cctv-container' and @role = 'textbox' and @aria-readonly = 'true' and @title = '-- Search CCTV --' and (text() = '-- Search CCTV --' or . = '-- Search CCTV --')])]' is not present after '1' second(s)

10-01-2024T10:31:31 - [TEST_STEP][PASSED] - verifyElementClickable(findTestObject("Page_Playback Video/Stadium Selection Bar")): Object 'Object Repository/Page_Playback Video/Stadium Selection Bar' is clickable

10-01-2024T10:31:31 - [MESSAGE][PASSED] - Object 'Object Repository/Page_Playback Video/Stadium Selection Bar' is clickable

10-01-2024T10:31:31 - [TEST_STEP][PASSED] - click(findTestObject("Page_Playback Video/Stadium Selection Bar")): Object: 'Object Repository/Page_Playback Video/Stadium Selection Bar' is clicked on

10-01-2024T10:31:32 - [MESSAGE][PASSED] - Object: 'Object Repository/Page_Playback Video/Stadium Selection Bar' is clicked on

10-01-2024T10:31:32 - [TEST_STEP][PASSED] - sendKeys(findTestObject("Page_Playback Video/Stadium Search Field"), Keys.chord(ENTER)): Keys 'ENTER + ' sent to object: 'Object Repository/Page_Playback Video/Stadium Search Field'

10-01-2024T10:31:32 - [MESSAGE][PASSED] - Keys 'ENTER + ' sent to object: 'Object Repository/Page_Playback Video/Stadium Search Field'

10-01-2024T10:31:32 - [TEST_STEP][PASSED] - verifyElementClickable(findTestObject("Page_Playback Video/CCTV Selection Bar")): Object 'Object Repository/Page_Playback Video/CCTV Selection Bar' is clickable

10-01-2024T10:31:33 - [MESSAGE][PASSED] - Object 'Object Repository/Page_Playback Video/CCTV Selection Bar' is clickable

10-01-2024T10:31:33 - [TEST_STEP][PASSED] - click(findTestObject("Page_Playback Video/CCTV Selection Bar")): Object: 'Object Repository/Page_Playback Video/CCTV Selection Bar' is clicked on

10-01-2024T10:31:33 - [MESSAGE][PASSED] - Object: 'Object Repository/Page_Playback Video/CCTV Selection Bar' is clicked on

10-01-2024T10:31:33 - [TEST_STEP][PASSED] - sendKeys(findTestObject("Page_Playback Video/CCTV Search Field"), Keys.chord(ARROW_DOWN)): Keys 'DOWN + ' sent to object: 'Object Repository/Page_Playback Video/CCTV Search Field'

10-01-2024T10:31:34 - [MESSAGE][PASSED] - Keys 'DOWN + ' sent to object: 'Object Repository/Page_Playback Video/CCTV Search Field'

10-01-2024T10:31:34 - [TEST_STEP][PASSED] - sendKeys(findTestObject("Page_Playback Video/CCTV Search Field"), Keys.chord(ENTER)): Keys 'ENTER + ' sent to object: 'Object Repository/Page_Playback Video/CCTV Search Field'

10-01-2024T10:31:34 - [MESSAGE][PASSED] - Keys 'ENTER + ' sent to object: 'Object Repository/Page_Playback Video/CCTV Search Field'

10-01-2024T10:31:34 - [TEST_STEP][PASSED] - verifyElementClickable(findTestObject("Page_Playback Video/button_Search")): Object 'Object Repository/Page_Playback Video/button_Search' is clickable

10-01-2024T10:31:35 - [MESSAGE][PASSED] - Object 'Object Repository/Page_Playback Video/button_Search' is clickable

10-01-2024T10:31:35 - [TEST_STEP][PASSED] - click(findTestObject("Page_Playback Video/button_Search")): Object: 'Object Repository/Page_Playback Video/button_Search' is clicked on

10-01-2024T10:31:35 - [MESSAGE][PASSED] - Object: 'Object Repository/Page_Playback Video/button_Search' is clicked on

10-01-2024T10:31:35 - [TEST_STEP][PASSED] - verifyTextPresent("Size", false): Text 'Size' is present on page 

10-01-2024T10:31:42 - [MESSAGE][PASSED] - Text 'Size' is present on page 

10-01-2024T10:31:42 - [TEST_STEP][PASSED] - verifyTextPresent("Name", false): Text 'Name' is present on page 

10-01-2024T10:31:42 - [MESSAGE][PASSED] - Text 'Name' is present on page 

10-01-2024T10:31:42 - [TEST_STEP][PASSED] - verifyTextPresent("Date Time", false): Text 'Date Time' is present on page 

10-01-2024T10:31:43 - [MESSAGE][PASSED] - Text 'Date Time' is present on page 

10-01-2024T10:31:43 - [TEST_STEP][PASSED] - verifyTextPresent("Action", false): Text 'Action' is present on page 

10-01-2024T10:31:43 - [MESSAGE][PASSED] - Text 'Action' is present on page 

10-01-2024T10:31:43 - [MESSAGE][PASSED] - Call Test Case 'Test Cases/Offline PSSI Dashboard Function/Create BE Playback Video/Filter Playback Video/Positive Test Case/PSSIFilterStadiumAndCam' successfully

10-01-2024T10:31:43 - [TEST_STEP][PASSED] - navigateToUrl(baseUrl + "/playback_video/show/65273c11a21542f9826f23a6/2023-12-31T17-00-43.mp4"): Navigate to 'https://monitoring.pssi-dev.kecilin.id/playback_video/show/65273c11a21542f9826f23a6/2023-12-31T17-00-43.mp4' successfully

10-01-2024T10:31:47 - [MESSAGE][PASSED] - Navigate to 'https://monitoring.pssi-dev.kecilin.id/playback_video/show/65273c11a21542f9826f23a6/2023-12-31T17-00-43.mp4' successfully

10-01-2024T10:31:47 - [TEST_STEP][PASSED] - scrollToElement(findTestObject("Page_Playback Video/button_Search Identify"), 0): Scroll to object 'Object Repository/Page_Playback Video/button_Search Identify' successfully

10-01-2024T10:31:47 - [MESSAGE][WARNING] - Timeout '0' is invalid. Using default page load timeout: '1'

10-01-2024T10:31:48 - [MESSAGE][PASSED] - Scroll to object 'Object Repository/Page_Playback Video/button_Search Identify' successfully

10-01-2024T10:31:48 - [TEST_STEP][PASSED] - screenshot1 = takeFullPageScreenshot(): Taking screenshot successfully

10-01-2024T10:31:48 - [MESSAGE][INFO] - 0 hidden object(s)

10-01-2024T10:31:49 - [MESSAGE][PASSED] - Taking screenshot successfully
[[ATTACHMENT|C:\\Users\\USER\\git\\Kecilin-Automation-Test\\Reports\\20240110_101141\\Create BE Playback Video\\Search Identity Test Suite\\20240110_101149\\1704857508198.png]]

10-01-2024T10:31:49 - [TEST_STEP][PASSED] - Thread.sleep(2500): null

10-01-2024T10:31:51 - [TEST_STEP][PASSED] - screenshot2 = takeFullPageScreenshot(): Taking screenshot successfully

10-01-2024T10:31:52 - [MESSAGE][INFO] - 0 hidden object(s)

10-01-2024T10:31:52 - [MESSAGE][PASSED] - Taking screenshot successfully
[[ATTACHMENT|C:\\Users\\USER\\git\\Kecilin-Automation-Test\\Reports\\20240110_101141\\Create BE Playback Video\\Search Identity Test Suite\\20240110_101149\\1704857511537.png]]

10-01-2024T10:31:52 - [TEST_STEP][PASSED] - verifyNotEqual(screenshot1, screenshot2): Actual object '[B@4b186d43' and expected object '[B@6a2b5981' are not equal

10-01-2024T10:31:52 - [MESSAGE][PASSED] - Actual object '[B@4b186d43' and expected object '[B@6a2b5981' are not equal

10-01-2024T10:31:52 - [MESSAGE][PASSED] - Call Test Case 'Test Cases/Offline PSSI Dashboard Function/Create BE Playback Video/Play Video/PSSIPlayVideo' successfully

10-01-2024T10:31:52 - [TEST_STEP][FAILED] - click(findTestObject("Page_Playback Video/button_Search Identify")): Unable to click on object 'Object Repository/Page_Playback Video/button_Search Identify' (Root cause: com.kms.katalon.core.exception.StepFailedException: Unable to click on object 'Object Repository/Page_Playback Video/button_Search Identify'
	at com.kms.katalon.core.webui.keyword.internal.WebUIKeywordMain.stepFailed(WebUIKeywordMain.groovy:64)
	at com.kms.katalon.core.webui.keyword.internal.WebUIKeywordMain.runKeyword(WebUIKeywordMain.groovy:26)
	at com.kms.katalon.core.webui.keyword.builtin.ClickKeyword.click(ClickKeyword.groovy:74)
	at com.kms.katalon.core.webui.keyword.builtin.ClickKeyword.execute(ClickKeyword.groovy:40)
	at com.kms.katalon.core.keyword.internal.KeywordExecutor.executeKeywordForPlatform(KeywordExecutor.groovy:74)
	at com.kms.katalon.core.webui.keyword.WebUiBuiltInKeywords.click(WebUiBuiltInKeywords.groovy:659)
	at PSSIPlaybackVideoSearchIdentity.run(PSSIPlaybackVideoSearchIdentity:27)
	at com.kms.katalon.core.main.ScriptEngine.run(ScriptEngine.java:194)
	at com.kms.katalon.core.main.ScriptEngine.runScriptAsRawText(ScriptEngine.java:119)
	at com.kms.katalon.core.main.TestCaseExecutor.runScript(TestCaseExecutor.java:448)
	at com.kms.katalon.core.main.TestCaseExecutor.doExecute(TestCaseExecutor.java:439)
	at com.kms.katalon.core.main.TestCaseExecutor.processExecutionPhase(TestCaseExecutor.java:418)
	at com.kms.katalon.core.main.TestCaseExecutor.accessMainPhase(TestCaseExecutor.java:410)
	at com.kms.katalon.core.main.TestCaseExecutor.execute(TestCaseExecutor.java:285)
	at com.kms.katalon.core.main.TestCaseExecutor.execute(TestCaseExecutor.java:369)
	at com.kms.katalon.core.main.TestCaseExecutor.execute(TestCaseExecutor.java:369)
	at com.kms.katalon.core.main.TestCaseExecutor.execute(TestCaseExecutor.java:369)
	at com.kms.katalon.core.common.CommonExecutor.accessTestCaseMainPhase(CommonExecutor.java:65)
	at com.kms.katalon.core.main.TestSuiteExecutor.accessTestSuiteMainPhase(TestSuiteExecutor.java:148)
	at com.kms.katalon.core.main.TestSuiteExecutor.execute(TestSuiteExecutor.java:106)
	at com.kms.katalon.core.main.TestCaseMain.startTestSuite(TestCaseMain.java:180)
	at TempTestSuite1704856309767.run(TempTestSuite1704856309767.groovy:36)
	at java.base/jdk.internal.reflect.NativeMethodAccessorImpl.invoke0(Native Method)
	at java.base/jdk.internal.reflect.NativeMethodAccessorImpl.invoke(NativeMethodAccessorImpl.java:77)
	at java.base/jdk.internal.reflect.DelegatingMethodAccessorImpl.invoke(DelegatingMethodAccessorImpl.java:43)
Caused by: org.openqa.selenium.ElementNotInteractableException: element not interactable
  (Session info: chrome=120.0.6099.200)
Build info: version: '3.141.59', revision: 'e82be7d358', time: '2018-11-14T08:25:53'
System info: host: 'DESKTOP-HLRVE9S', ip: '192.168.100.189', os.name: 'Windows 10', os.arch: 'amd64', os.version: '10.0', java.version: '17.0.7'
Driver info: com.kms.katalon.selenium.driver.CChromeDriver
Capabilities {acceptInsecureCerts: false, browserName: chrome, browserVersion: 120.0.6099.200, chrome: {chromedriverVersion: 120.0.6099.71 (9729082fe617..., userDataDir: C:\Users\USER\AppData\Local...}, fedcm:accounts: true, goog:chromeOptions: {debuggerAddress: localhost:65122}, javascriptEnabled: true, networkConnectionEnabled: false, pageLoadStrategy: normal, platform: WINDOWS, platformName: WINDOWS, proxy: Proxy(), setWindowRect: true, strictFileInteractability: false, timeouts: {implicit: 0, pageLoad: 300000, script: 30000}, unhandledPromptBehavior: dismiss and notify, webauthn:extension:credBlob: true, webauthn:extension:largeBlob: true, webauthn:extension:minPinLength: true, webauthn:extension:prf: true, webauthn:virtualAuthenticators: true}
Session ID: 8048450d339749398eb2c0cd8dc93e75
	at java.base/jdk.internal.reflect.NativeConstructorAccessorImpl.newInstance0(Native Method)
	at java.base/jdk.internal.reflect.NativeConstructorAccessorImpl.newInstance(NativeConstructorAccessorImpl.java:77)
	at java.base/jdk.internal.reflect.DelegatingConstructorAccessorImpl.newInstance(DelegatingConstructorAccessorImpl.java:45)
	at org.openqa.selenium.remote.http.W3CHttpResponseCodec.createException(W3CHttpResponseCodec.java:187)
	at org.openqa.selenium.remote.http.W3CHttpResponseCodec.decode(W3CHttpResponseCodec.java:122)
	at org.openqa.selenium.remote.http.W3CHttpResponseCodec.decode(W3CHttpResponseCodec.java:49)
	at org.openqa.selenium.remote.HttpCommandExecutor.execute(HttpCommandExecutor.java:158)
	at org.openqa.selenium.remote.service.DriverCommandExecutor.execute(DriverCommandExecutor.java:83)
	at org.openqa.selenium.remote.RemoteWebDriver.execute(RemoteWebDriver.java:552)
	at com.kms.katalon.selenium.driver.CChromeDriver.execute(CChromeDriver.java:19)
	at org.openqa.selenium.remote.RemoteWebElement.execute(RemoteWebElement.java:285)
	at org.openqa.selenium.remote.RemoteWebElement.click(RemoteWebElement.java:84)
	at jdk.internal.reflect.GeneratedMethodAccessor22.invoke(Unknown Source)
	at java.base/jdk.internal.reflect.DelegatingMethodAccessorImpl.invoke(DelegatingMethodAccessorImpl.java:43)
	at org.openqa.selenium.support.events.EventFiringWebDriver$EventFiringWebElement.lambda$new$0(EventFiringWebDriver.java:404)
	at jdk.proxy2/jdk.proxy2.$Proxy24.click(Unknown Source)
	at org.openqa.selenium.support.events.EventFiringWebDriver$EventFiringWebElement.click(EventFiringWebDriver.java:417)
	at org.openqa.selenium.WebElement$click.call(Unknown Source)
	at com.kms.katalon.core.webui.keyword.builtin.ClickKeyword.clickUntilSuccessWithTimeout(ClickKeyword.groovy:81)
	at com.kms.katalon.core.webui.keyword.builtin.ClickKeyword.clickUntilSuccessWithTimeout(ClickKeyword.groovy)
	at jdk.internal.reflect.GeneratedMethodAccessor20.invoke(Unknown Source)
	at java.base/jdk.internal.reflect.DelegatingMethodAccessorImpl.invoke(DelegatingMethodAccessorImpl.java:43)
	at com.kms.katalon.core.webui.keyword.builtin.ClickKeyword$_click_closure1.doCall(ClickKeyword.groovy:67)
	at com.kms.katalon.core.webui.keyword.builtin.ClickKeyword$_click_closure1.call(ClickKeyword.groovy)
	at com.kms.katalon.core.webui.keyword.internal.WebUIKeywordMain.runKeyword(WebUIKeywordMain.groovy:20)
	at com.kms.katalon.core.webui.keyword.builtin.ClickKeyword.click(ClickKeyword.groovy:74)
	at com.kms.katalon.core.webui.keyword.builtin.ClickKeyword.execute(ClickKeyword.groovy:40)
	at com.kms.katalon.core.keyword.internal.KeywordExecutor.executeKeywordForPlatform(KeywordExecutor.groovy:74)
	at com.kms.katalon.core.webui.keyword.WebUiBuiltInKeywords.click(WebUiBuiltInKeywords.groovy:659)
	at Script1704785853585.run(Script1704785853585.groovy:27)
	... 18 more
)

10-01-2024T10:31:52 - [MESSAGE][FAILED] - Unable to click on object 'Object Repository/Page_Playback Video/button_Search Identify' (Root cause: com.kms.katalon.core.exception.StepFailedException: Unable to click on object 'Object Repository/Page_Playback Video/button_Search Identify'
	at com.kms.katalon.core.webui.keyword.internal.WebUIKeywordMain.stepFailed(WebUIKeywordMain.groovy:64)
	at com.kms.katalon.core.webui.keyword.internal.WebUIKeywordMain.runKeyword(WebUIKeywordMain.groovy:26)
	at com.kms.katalon.core.webui.keyword.builtin.ClickKeyword.click(ClickKeyword.groovy:74)
	at com.kms.katalon.core.webui.keyword.builtin.ClickKeyword.execute(ClickKeyword.groovy:40)
	at com.kms.katalon.core.keyword.internal.KeywordExecutor.executeKeywordForPlatform(KeywordExecutor.groovy:74)
	at com.kms.katalon.core.webui.keyword.WebUiBuiltInKeywords.click(WebUiBuiltInKeywords.groovy:659)
	at PSSIPlaybackVideoSearchIdentity.run(PSSIPlaybackVideoSearchIdentity:27)
	at com.kms.katalon.core.main.ScriptEngine.run(ScriptEngine.java:194)
	at com.kms.katalon.core.main.ScriptEngine.runScriptAsRawText(ScriptEngine.java:119)
	at com.kms.katalon.core.main.TestCaseExecutor.runScript(TestCaseExecutor.java:448)
	at com.kms.katalon.core.main.TestCaseExecutor.doExecute(TestCaseExecutor.java:439)
	at com.kms.katalon.core.main.TestCaseExecutor.processExecutionPhase(TestCaseExecutor.java:418)
	at com.kms.katalon.core.main.TestCaseExecutor.accessMainPhase(TestCaseExecutor.java:410)
	at com.kms.katalon.core.main.TestCaseExecutor.execute(TestCaseExecutor.java:285)
	at com.kms.katalon.core.main.TestCaseExecutor.execute(TestCaseExecutor.java:369)
	at com.kms.katalon.core.main.TestCaseExecutor.execute(TestCaseExecutor.java:369)
	at com.kms.katalon.core.main.TestCaseExecutor.execute(TestCaseExecutor.java:369)
	at com.kms.katalon.core.common.CommonExecutor.accessTestCaseMainPhase(CommonExecutor.java:65)
	at com.kms.katalon.core.main.TestSuiteExecutor.accessTestSuiteMainPhase(TestSuiteExecutor.java:148)
	at com.kms.katalon.core.main.TestSuiteExecutor.execute(TestSuiteExecutor.java:106)
	at com.kms.katalon.core.main.TestCaseMain.startTestSuite(TestCaseMain.java:180)
	at TempTestSuite1704856309767.run(TempTestSuite1704856309767.groovy:36)
	at java.base/jdk.internal.reflect.NativeMethodAccessorImpl.invoke0(Native Method)
	at java.base/jdk.internal.reflect.NativeMethodAccessorImpl.invoke(NativeMethodAccessorImpl.java:77)
	at java.base/jdk.internal.reflect.DelegatingMethodAccessorImpl.invoke(DelegatingMethodAccessorImpl.java:43)
Caused by: org.openqa.selenium.ElementNotInteractableException: element not interactable
  (Session info: chrome=120.0.6099.200)
Build info: version: '3.141.59', revision: 'e82be7d358', time: '2018-11-14T08:25:53'
System info: host: 'DESKTOP-HLRVE9S', ip: '192.168.100.189', os.name: 'Windows 10', os.arch: 'amd64', os.version: '10.0', java.version: '17.0.7'
Driver info: com.kms.katalon.selenium.driver.CChromeDriver
Capabilities {acceptInsecureCerts: false, browserName: chrome, browserVersion: 120.0.6099.200, chrome: {chromedriverVersion: 120.0.6099.71 (9729082fe617..., userDataDir: C:\Users\USER\AppData\Local...}, fedcm:accounts: true, goog:chromeOptions: {debuggerAddress: localhost:65122}, javascriptEnabled: true, networkConnectionEnabled: false, pageLoadStrategy: normal, platform: WINDOWS, platformName: WINDOWS, proxy: Proxy(), setWindowRect: true, strictFileInteractability: false, timeouts: {implicit: 0, pageLoad: 300000, script: 30000}, unhandledPromptBehavior: dismiss and notify, webauthn:extension:credBlob: true, webauthn:extension:largeBlob: true, webauthn:extension:minPinLength: true, webauthn:extension:prf: true, webauthn:virtualAuthenticators: true}
Session ID: 8048450d339749398eb2c0cd8dc93e75
	at java.base/jdk.internal.reflect.NativeConstructorAccessorImpl.newInstance0(Native Method)
	at java.base/jdk.internal.reflect.NativeConstructorAccessorImpl.newInstance(NativeConstructorAccessorImpl.java:77)
	at java.base/jdk.internal.reflect.DelegatingConstructorAccessorImpl.newInstance(DelegatingConstructorAccessorImpl.java:45)
	at org.openqa.selenium.remote.http.W3CHttpResponseCodec.createException(W3CHttpResponseCodec.java:187)
	at org.openqa.selenium.remote.http.W3CHttpResponseCodec.decode(W3CHttpResponseCodec.java:122)
	at org.openqa.selenium.remote.http.W3CHttpResponseCodec.decode(W3CHttpResponseCodec.java:49)
	at org.openqa.selenium.remote.HttpCommandExecutor.execute(HttpCommandExecutor.java:158)
	at org.openqa.selenium.remote.service.DriverCommandExecutor.execute(DriverCommandExecutor.java:83)
	at org.openqa.selenium.remote.RemoteWebDriver.execute(RemoteWebDriver.java:552)
	at com.kms.katalon.selenium.driver.CChromeDriver.execute(CChromeDriver.java:19)
	at org.openqa.selenium.remote.RemoteWebElement.execute(RemoteWebElement.java:285)
	at org.openqa.selenium.remote.RemoteWebElement.click(RemoteWebElement.java:84)
	at jdk.internal.reflect.GeneratedMethodAccessor22.invoke(Unknown Source)
	at java.base/jdk.internal.reflect.DelegatingMethodAccessorImpl.invoke(DelegatingMethodAccessorImpl.java:43)
	at org.openqa.selenium.support.events.EventFiringWebDriver$EventFiringWebElement.lambda$new$0(EventFiringWebDriver.java:404)
	at jdk.proxy2/jdk.proxy2.$Proxy24.click(Unknown Source)
	at org.openqa.selenium.support.events.EventFiringWebDriver$EventFiringWebElement.click(EventFiringWebDriver.java:417)
	at org.openqa.selenium.WebElement$click.call(Unknown Source)
	at com.kms.katalon.core.webui.keyword.builtin.ClickKeyword.clickUntilSuccessWithTimeout(ClickKeyword.groovy:81)
	at com.kms.katalon.core.webui.keyword.builtin.ClickKeyword.clickUntilSuccessWithTimeout(ClickKeyword.groovy)
	at jdk.internal.reflect.GeneratedMethodAccessor20.invoke(Unknown Source)
	at java.base/jdk.internal.reflect.DelegatingMethodAccessorImpl.invoke(DelegatingMethodAccessorImpl.java:43)
	at com.kms.katalon.core.webui.keyword.builtin.ClickKeyword$_click_closure1.doCall(ClickKeyword.groovy:67)
	at com.kms.katalon.core.webui.keyword.builtin.ClickKeyword$_click_closure1.call(ClickKeyword.groovy)
	at com.kms.katalon.core.webui.keyword.internal.WebUIKeywordMain.runKeyword(WebUIKeywordMain.groovy:20)
	at com.kms.katalon.core.webui.keyword.builtin.ClickKeyword.click(ClickKeyword.groovy:74)
	at com.kms.katalon.core.webui.keyword.builtin.ClickKeyword.execute(ClickKeyword.groovy:40)
	at com.kms.katalon.core.keyword.internal.KeywordExecutor.executeKeywordForPlatform(KeywordExecutor.groovy:74)
	at com.kms.katalon.core.webui.keyword.WebUiBuiltInKeywords.click(WebUiBuiltInKeywords.groovy:659)
	at Script1704785853585.run(Script1704785853585.groovy:27)
	... 18 more
)
[[ATTACHMENT|C:\\Users\\USER\\git\\Kecilin-Automation-Test\\Reports\\20240110_101141\\Create BE Playback Video\\Search Identity Test Suite\\20240110_101149\\1704857512618.png]]]]></system-out>
         <system-err><![CDATA[10-01-2024T10:31:24 - [TEST_CASE][FAILED] - Test Cases/Offline PSSI Dashboard Function/Create BE Playback Video/Search Identity/Positive Test Case/PSSIPlaybackVideoSearchIdentity: Test Cases/Offline PSSI Dashboard Function/Create BE Playback Video/Search Identity/Positive Test Case/PSSIPlaybackVideoSearchIdentity FAILED.
Reason:
com.kms.katalon.core.exception.StepFailedException: Unable to click on object 'Object Repository/Page_Playback Video/button_Search Identify'
	at com.kms.katalon.core.webui.keyword.internal.WebUIKeywordMain.stepFailed(WebUIKeywordMain.groovy:64)
	at com.kms.katalon.core.webui.keyword.internal.WebUIKeywordMain.runKeyword(WebUIKeywordMain.groovy:26)
	at com.kms.katalon.core.webui.keyword.builtin.ClickKeyword.click(ClickKeyword.groovy:74)
	at com.kms.katalon.core.webui.keyword.builtin.ClickKeyword.execute(ClickKeyword.groovy:40)
	at com.kms.katalon.core.keyword.internal.KeywordExecutor.executeKeywordForPlatform(KeywordExecutor.groovy:74)
	at com.kms.katalon.core.webui.keyword.WebUiBuiltInKeywords.click(WebUiBuiltInKeywords.groovy:659)
	at PSSIPlaybackVideoSearchIdentity.run(PSSIPlaybackVideoSearchIdentity:27)
	at com.kms.katalon.core.main.ScriptEngine.run(ScriptEngine.java:194)
	at com.kms.katalon.core.main.ScriptEngine.runScriptAsRawText(ScriptEngine.java:119)
	at com.kms.katalon.core.main.TestCaseExecutor.runScript(TestCaseExecutor.java:448)
	at com.kms.katalon.core.main.TestCaseExecutor.doExecute(TestCaseExecutor.java:439)
	at com.kms.katalon.core.main.TestCaseExecutor.processExecutionPhase(TestCaseExecutor.java:418)
	at com.kms.katalon.core.main.TestCaseExecutor.accessMainPhase(TestCaseExecutor.java:410)
	at com.kms.katalon.core.main.TestCaseExecutor.execute(TestCaseExecutor.java:285)
	at com.kms.katalon.core.main.TestCaseExecutor.execute(TestCaseExecutor.java:369)
	at com.kms.katalon.core.main.TestCaseExecutor.execute(TestCaseExecutor.java:369)
	at com.kms.katalon.core.main.TestCaseExecutor.execute(TestCaseExecutor.java:369)
	at com.kms.katalon.core.common.CommonExecutor.accessTestCaseMainPhase(CommonExecutor.java:65)
	at com.kms.katalon.core.main.TestSuiteExecutor.accessTestSuiteMainPhase(TestSuiteExecutor.java:148)
	at com.kms.katalon.core.main.TestSuiteExecutor.execute(TestSuiteExecutor.java:106)
	at com.kms.katalon.core.main.TestCaseMain.startTestSuite(TestCaseMain.java:180)
	at TempTestSuite1704856309767.run(TempTestSuite1704856309767.groovy:36)
	at java.base/jdk.internal.reflect.NativeMethodAccessorImpl.invoke0(Native Method)
	at java.base/jdk.internal.reflect.NativeMethodAccessorImpl.invoke(NativeMethodAccessorImpl.java:77)
	at java.base/jdk.internal.reflect.DelegatingMethodAccessorImpl.invoke(DelegatingMethodAccessorImpl.java:43)
Caused by: org.openqa.selenium.ElementNotInteractableException: element not interactable
  (Session info: chrome=120.0.6099.200)
Build info: version: '3.141.59', revision: 'e82be7d358', time: '2018-11-14T08:25:53'
System info: host: 'DESKTOP-HLRVE9S', ip: '192.168.100.189', os.name: 'Windows 10', os.arch: 'amd64', os.version: '10.0', java.version: '17.0.7'
Driver info: com.kms.katalon.selenium.driver.CChromeDriver
Capabilities {acceptInsecureCerts: false, browserName: chrome, browserVersion: 120.0.6099.200, chrome: {chromedriverVersion: 120.0.6099.71 (9729082fe617..., userDataDir: C:\Users\USER\AppData\Local...}, fedcm:accounts: true, goog:chromeOptions: {debuggerAddress: localhost:65122}, javascriptEnabled: true, networkConnectionEnabled: false, pageLoadStrategy: normal, platform: WINDOWS, platformName: WINDOWS, proxy: Proxy(), setWindowRect: true, strictFileInteractability: false, timeouts: {implicit: 0, pageLoad: 300000, script: 30000}, unhandledPromptBehavior: dismiss and notify, webauthn:extension:credBlob: true, webauthn:extension:largeBlob: true, webauthn:extension:minPinLength: true, webauthn:extension:prf: true, webauthn:virtualAuthenticators: true}
Session ID: 8048450d339749398eb2c0cd8dc93e75
	at java.base/jdk.internal.reflect.NativeConstructorAccessorImpl.newInstance0(Native Method)
	at java.base/jdk.internal.reflect.NativeConstructorAccessorImpl.newInstance(NativeConstructorAccessorImpl.java:77)
	at java.base/jdk.internal.reflect.DelegatingConstructorAccessorImpl.newInstance(DelegatingConstructorAccessorImpl.java:45)
	at org.openqa.selenium.remote.http.W3CHttpResponseCodec.createException(W3CHttpResponseCodec.java:187)
	at org.openqa.selenium.remote.http.W3CHttpResponseCodec.decode(W3CHttpResponseCodec.java:122)
	at org.openqa.selenium.remote.http.W3CHttpResponseCodec.decode(W3CHttpResponseCodec.java:49)
	at org.openqa.selenium.remote.HttpCommandExecutor.execute(HttpCommandExecutor.java:158)
	at org.openqa.selenium.remote.service.DriverCommandExecutor.execute(DriverCommandExecutor.java:83)
	at org.openqa.selenium.remote.RemoteWebDriver.execute(RemoteWebDriver.java:552)
	at com.kms.katalon.selenium.driver.CChromeDriver.execute(CChromeDriver.java:19)
	at org.openqa.selenium.remote.RemoteWebElement.execute(RemoteWebElement.java:285)
	at org.openqa.selenium.remote.RemoteWebElement.click(RemoteWebElement.java:84)
	at jdk.internal.reflect.GeneratedMethodAccessor22.invoke(Unknown Source)
	at java.base/jdk.internal.reflect.DelegatingMethodAccessorImpl.invoke(DelegatingMethodAccessorImpl.java:43)
	at org.openqa.selenium.support.events.EventFiringWebDriver$EventFiringWebElement.lambda$new$0(EventFiringWebDriver.java:404)
	at jdk.proxy2/jdk.proxy2.$Proxy24.click(Unknown Source)
	at org.openqa.selenium.support.events.EventFiringWebDriver$EventFiringWebElement.click(EventFiringWebDriver.java:417)
	at org.openqa.selenium.WebElement$click.call(Unknown Source)
	at com.kms.katalon.core.webui.keyword.builtin.ClickKeyword.clickUntilSuccessWithTimeout(ClickKeyword.groovy:81)
	at com.kms.katalon.core.webui.keyword.builtin.ClickKeyword.clickUntilSuccessWithTimeout(ClickKeyword.groovy)
	at jdk.internal.reflect.GeneratedMethodAccessor20.invoke(Unknown Source)
	at java.base/jdk.internal.reflect.DelegatingMethodAccessorImpl.invoke(DelegatingMethodAccessorImpl.java:43)
	at com.kms.katalon.core.webui.keyword.builtin.ClickKeyword$_click_closure1.doCall(ClickKeyword.groovy:67)
	at com.kms.katalon.core.webui.keyword.builtin.ClickKeyword$_click_closure1.call(ClickKeyword.groovy)
	at com.kms.katalon.core.webui.keyword.internal.WebUIKeywordMain.runKeyword(WebUIKeywordMain.groovy:20)
	... 23 more]]></system-err>
      </testcase>
      <testcase name="Test Cases/Offline PSSI Dashboard Function/Create BE Playback Video/Search Identity/Positive Test Case/PSSISearchPersonIdentityCancel" time="32.527" classname="Test Cases/Offline PSSI Dashboard Function/Create BE Playback Video/Search Identity/Positive Test Case/PSSISearchPersonIdentityCancel" status="PASSED">
         <system-out><![CDATA[10-01-2024T10:32:21 - [TEST_CASE][PASSED] - Test Cases/Offline PSSI Dashboard Function/Create BE Playback Video/Search Identity/Positive Test Case/PSSISearchPersonIdentityCancel: Test Cases/Offline PSSI Dashboard Function/Create BE Playback Video/Search Identity/Positive Test Case/PSSISearchPersonIdentityCancel

10-01-2024T10:32:21 - [TEST_STEP][PASSED] - baseUrl = offline_pssi_dashboard_url: null

10-01-2024T10:32:21 - [TEST_STEP][PASSED] - callTestCase(findTestCase("Offline PSSI Dashboard Function/Create BE Playback Video/Play Video/PSSIPlayVideo"), [:]): Call Test Case 'Test Cases/Offline PSSI Dashboard Function/Create BE Playback Video/Play Video/PSSIPlayVideo' successfully

10-01-2024T10:32:21 - [TEST_CASE][PASSED] - Test Cases/Offline PSSI Dashboard Function/Create BE Playback Video/Play Video/PSSIPlayVideo: Test Cases/Offline PSSI Dashboard Function/Create BE Playback Video/Play Video/PSSIPlayVideo

10-01-2024T10:32:21 - [TEST_STEP][PASSED] - baseUrl = offline_pssi_dashboard_url: null

10-01-2024T10:32:21 - [TEST_STEP][PASSED] - callTestCase(findTestCase("Offline PSSI Dashboard Function/Create BE Playback Video/Filter Playback Video/Positive Test Case/PSSIFilterStadiumAndCam"), [:]): Call Test Case 'Test Cases/Offline PSSI Dashboard Function/Create BE Playback Video/Filter Playback Video/Positive Test Case/PSSIFilterStadiumAndCam' successfully

10-01-2024T10:32:22 - [TEST_CASE][PASSED] - Test Cases/Offline PSSI Dashboard Function/Create BE Playback Video/Filter Playback Video/Positive Test Case/PSSIFilterStadiumAndCam: Test Cases/Offline PSSI Dashboard Function/Create BE Playback Video/Filter Playback Video/Positive Test Case/PSSIFilterStadiumAndCam

10-01-2024T10:32:22 - [TEST_STEP][PASSED] - baseUrl = offline_pssi_dashboard_url: null

10-01-2024T10:32:22 - [TEST_STEP][PASSED] - callTestCase(findTestCase("Offline PSSI Dashboard Function/Create BE Playback Video/View Playback Video Data/PSSIViewPlaybackVideo"), [:]): Call Test Case 'Test Cases/Offline PSSI Dashboard Function/Create BE Playback Video/View Playback Video Data/PSSIViewPlaybackVideo' successfully

10-01-2024T10:32:22 - [TEST_CASE][PASSED] - Test Cases/Offline PSSI Dashboard Function/Create BE Playback Video/View Playback Video Data/PSSIViewPlaybackVideo: Test Cases/Offline PSSI Dashboard Function/Create BE Playback Video/View Playback Video Data/PSSIViewPlaybackVideo

10-01-2024T10:32:22 - [TEST_STEP][PASSED] - baseUrl = offline_pssi_dashboard_url: null

10-01-2024T10:32:22 - [TEST_STEP][PASSED] - callTestCase(findTestCase("Offline PSSI Dashboard Function/Sign In/PSSISignInValidData"), [:]): Call Test Case 'Test Cases/Offline PSSI Dashboard Function/Sign In/PSSISignInValidData' successfully

10-01-2024T10:32:22 - [TEST_CASE][PASSED] - Test Cases/Offline PSSI Dashboard Function/Sign In/PSSISignInValidData: Test Cases/Offline PSSI Dashboard Function/Sign In/PSSISignInValidData

10-01-2024T10:32:22 - [TEST_STEP][PASSED] - failureHandling = STOP_ON_FAILURE: null

10-01-2024T10:32:22 - [TEST_STEP][PASSED] - baseUrl = offline_pssi_dashboard_url: null

10-01-2024T10:32:22 - [TEST_STEP][PASSED] - openBrowser(""): Browser is opened with url: ''

10-01-2024T10:32:22 - [MESSAGE][WARNING] - A browser is already opened. Closing browser and opening a new one

10-01-2024T10:32:22 - [MESSAGE][INFO] - Starting 'Chrome' driver

10-01-2024T10:32:22 - [MESSAGE][INFO] - Action delay is set to 0 milliseconds

10-01-2024T10:32:23 - [MESSAGE][PASSED] - Browser is opened with url: ''

10-01-2024T10:32:23 - [TEST_STEP][PASSED] - navigateToUrl(baseUrl): Navigate to 'https://monitoring.pssi-dev.kecilin.id' successfully

10-01-2024T10:32:24 - [MESSAGE][PASSED] - Navigate to 'https://monitoring.pssi-dev.kecilin.id' successfully

10-01-2024T10:32:24 - [TEST_STEP][PASSED] - maximizeWindow(): Current window maximized

10-01-2024T10:32:24 - [MESSAGE][PASSED] - Current window maximized

10-01-2024T10:32:24 - [TEST_STEP][PASSED] - setText(findTestObject("Object Repository/Page_Login/input_email"), "superadmin@app.com"): Text 'superadmin@app.com' is set on object 'Object Repository/Page_Login/input_email'

10-01-2024T10:32:25 - [MESSAGE][PASSED] - Text 'superadmin@app.com' is set on object 'Object Repository/Page_Login/input_email'

10-01-2024T10:32:25 - [TEST_STEP][PASSED] - setEncryptedText(findTestObject("Object Repository/Page_Login/input_password"), "8SQVv/p9jVScEs4/2CZsLw=="): Text ****** has been set on object 'Object Repository/Page_Login/input_password'

10-01-2024T10:32:26 - [MESSAGE][PASSED] - Text ****** has been set on object 'Object Repository/Page_Login/input_password'

10-01-2024T10:32:26 - [TEST_STEP][PASSED] - click(findTestObject("Object Repository/Page_Login/button_Sign In")): Object: 'Object Repository/Page_Login/button_Sign In' is clicked on

10-01-2024T10:32:28 - [MESSAGE][PASSED] - Object: 'Object Repository/Page_Login/button_Sign In' is clicked on

10-01-2024T10:32:28 - [MESSAGE][PASSED] - Call Test Case 'Test Cases/Offline PSSI Dashboard Function/Sign In/PSSISignInValidData' successfully

10-01-2024T10:32:28 - [TEST_STEP][PASSED] - navigateToUrl(baseUrl + "/playback_video"): Navigate to 'https://monitoring.pssi-dev.kecilin.id/playback_video' successfully

10-01-2024T10:32:28 - [MESSAGE][PASSED] - Navigate to 'https://monitoring.pssi-dev.kecilin.id/playback_video' successfully

10-01-2024T10:32:28 - [MESSAGE][PASSED] - Call Test Case 'Test Cases/Offline PSSI Dashboard Function/Create BE Playback Video/View Playback Video Data/PSSIViewPlaybackVideo' successfully

10-01-2024T10:32:28 - [TEST_STEP][PASSED] - verifyElementNotPresent(findTestObject("Page_Playback Video/CCTV Selection Bar"), 0): Web element with id: 'Object Repository/Page_Playback Video/CCTV Selection Bar' located by 'By.xpath: id("select2-cctv-container")[count(. | //span[@class = 'select2-selection__rendered' and @id = 'select2-cctv-container' and @role = 'textbox' and @aria-readonly = 'true' and @title = '-- Search CCTV --' and (text() = '-- Search CCTV --' or . = '-- Search CCTV --')]) = count(//span[@class = 'select2-selection__rendered' and @id = 'select2-cctv-container' and @role = 'textbox' and @aria-readonly = 'true' and @title = '-- Search CCTV --' and (text() = '-- Search CCTV --' or . = '-- Search CCTV --')])]' is not present after '1' second(s)

10-01-2024T10:32:28 - [MESSAGE][WARNING] - Timeout '0' is invalid. Using default page load timeout: '1'

10-01-2024T10:32:29 - [MESSAGE][PASSED] - Web element with id: 'Object Repository/Page_Playback Video/CCTV Selection Bar' located by 'By.xpath: id("select2-cctv-container")[count(. | //span[@class = 'select2-selection__rendered' and @id = 'select2-cctv-container' and @role = 'textbox' and @aria-readonly = 'true' and @title = '-- Search CCTV --' and (text() = '-- Search CCTV --' or . = '-- Search CCTV --')]) = count(//span[@class = 'select2-selection__rendered' and @id = 'select2-cctv-container' and @role = 'textbox' and @aria-readonly = 'true' and @title = '-- Search CCTV --' and (text() = '-- Search CCTV --' or . = '-- Search CCTV --')])]' is not present after '1' second(s)

10-01-2024T10:32:29 - [TEST_STEP][PASSED] - verifyElementClickable(findTestObject("Page_Playback Video/Stadium Selection Bar")): Object 'Object Repository/Page_Playback Video/Stadium Selection Bar' is clickable

10-01-2024T10:32:29 - [MESSAGE][PASSED] - Object 'Object Repository/Page_Playback Video/Stadium Selection Bar' is clickable

10-01-2024T10:32:29 - [TEST_STEP][PASSED] - click(findTestObject("Page_Playback Video/Stadium Selection Bar")): Object: 'Object Repository/Page_Playback Video/Stadium Selection Bar' is clicked on

10-01-2024T10:32:29 - [MESSAGE][PASSED] - Object: 'Object Repository/Page_Playback Video/Stadium Selection Bar' is clicked on

10-01-2024T10:32:29 - [TEST_STEP][PASSED] - sendKeys(findTestObject("Page_Playback Video/Stadium Search Field"), Keys.chord(ENTER)): Keys 'ENTER + ' sent to object: 'Object Repository/Page_Playback Video/Stadium Search Field'

10-01-2024T10:32:30 - [MESSAGE][PASSED] - Keys 'ENTER + ' sent to object: 'Object Repository/Page_Playback Video/Stadium Search Field'

10-01-2024T10:32:30 - [TEST_STEP][PASSED] - verifyElementClickable(findTestObject("Page_Playback Video/CCTV Selection Bar")): Object 'Object Repository/Page_Playback Video/CCTV Selection Bar' is clickable

10-01-2024T10:32:30 - [MESSAGE][PASSED] - Object 'Object Repository/Page_Playback Video/CCTV Selection Bar' is clickable

10-01-2024T10:32:30 - [TEST_STEP][PASSED] - click(findTestObject("Page_Playback Video/CCTV Selection Bar")): Object: 'Object Repository/Page_Playback Video/CCTV Selection Bar' is clicked on

10-01-2024T10:32:31 - [MESSAGE][PASSED] - Object: 'Object Repository/Page_Playback Video/CCTV Selection Bar' is clicked on

10-01-2024T10:32:31 - [TEST_STEP][PASSED] - sendKeys(findTestObject("Page_Playback Video/CCTV Search Field"), Keys.chord(ARROW_DOWN)): Keys 'DOWN + ' sent to object: 'Object Repository/Page_Playback Video/CCTV Search Field'

10-01-2024T10:32:31 - [MESSAGE][PASSED] - Keys 'DOWN + ' sent to object: 'Object Repository/Page_Playback Video/CCTV Search Field'

10-01-2024T10:32:32 - [TEST_STEP][PASSED] - sendKeys(findTestObject("Page_Playback Video/CCTV Search Field"), Keys.chord(ENTER)): Keys 'ENTER + ' sent to object: 'Object Repository/Page_Playback Video/CCTV Search Field'

10-01-2024T10:32:32 - [MESSAGE][PASSED] - Keys 'ENTER + ' sent to object: 'Object Repository/Page_Playback Video/CCTV Search Field'

10-01-2024T10:32:32 - [TEST_STEP][PASSED] - verifyElementClickable(findTestObject("Page_Playback Video/button_Search")): Object 'Object Repository/Page_Playback Video/button_Search' is clickable

10-01-2024T10:32:32 - [MESSAGE][PASSED] - Object 'Object Repository/Page_Playback Video/button_Search' is clickable

10-01-2024T10:32:32 - [TEST_STEP][PASSED] - click(findTestObject("Page_Playback Video/button_Search")): Object: 'Object Repository/Page_Playback Video/button_Search' is clicked on

10-01-2024T10:32:33 - [MESSAGE][PASSED] - Object: 'Object Repository/Page_Playback Video/button_Search' is clicked on

10-01-2024T10:32:33 - [TEST_STEP][PASSED] - verifyTextPresent("Size", false): Text 'Size' is present on page 

10-01-2024T10:32:40 - [MESSAGE][PASSED] - Text 'Size' is present on page 

10-01-2024T10:32:40 - [TEST_STEP][PASSED] - verifyTextPresent("Name", false): Text 'Name' is present on page 

10-01-2024T10:32:40 - [MESSAGE][PASSED] - Text 'Name' is present on page 

10-01-2024T10:32:40 - [TEST_STEP][PASSED] - verifyTextPresent("Date Time", false): Text 'Date Time' is present on page 

10-01-2024T10:32:40 - [MESSAGE][PASSED] - Text 'Date Time' is present on page 

10-01-2024T10:32:40 - [TEST_STEP][PASSED] - verifyTextPresent("Action", false): Text 'Action' is present on page 

10-01-2024T10:32:41 - [MESSAGE][PASSED] - Text 'Action' is present on page 

10-01-2024T10:32:41 - [MESSAGE][PASSED] - Call Test Case 'Test Cases/Offline PSSI Dashboard Function/Create BE Playback Video/Filter Playback Video/Positive Test Case/PSSIFilterStadiumAndCam' successfully

10-01-2024T10:32:41 - [TEST_STEP][PASSED] - navigateToUrl(baseUrl + "/playback_video/show/65273c11a21542f9826f23a6/2023-12-31T17-00-43.mp4"): Navigate to 'https://monitoring.pssi-dev.kecilin.id/playback_video/show/65273c11a21542f9826f23a6/2023-12-31T17-00-43.mp4' successfully

10-01-2024T10:32:41 - [MESSAGE][PASSED] - Navigate to 'https://monitoring.pssi-dev.kecilin.id/playback_video/show/65273c11a21542f9826f23a6/2023-12-31T17-00-43.mp4' successfully

10-01-2024T10:32:41 - [TEST_STEP][PASSED] - scrollToElement(findTestObject("Page_Playback Video/button_Search Identify"), 0): Scroll to object 'Object Repository/Page_Playback Video/button_Search Identify' successfully

10-01-2024T10:32:41 - [MESSAGE][WARNING] - Timeout '0' is invalid. Using default page load timeout: '1'

10-01-2024T10:32:46 - [MESSAGE][PASSED] - Scroll to object 'Object Repository/Page_Playback Video/button_Search Identify' successfully

10-01-2024T10:32:46 - [TEST_STEP][PASSED] - screenshot1 = takeFullPageScreenshot(): Taking screenshot successfully

10-01-2024T10:32:46 - [MESSAGE][INFO] - 0 hidden object(s)

10-01-2024T10:32:47 - [MESSAGE][PASSED] - Taking screenshot successfully
[[ATTACHMENT|C:\\Users\\USER\\git\\Kecilin-Automation-Test\\Reports\\20240110_101141\\Create BE Playback Video\\Search Identity Test Suite\\20240110_101149\\1704857566204.png]]

10-01-2024T10:32:47 - [TEST_STEP][PASSED] - Thread.sleep(2500): null

10-01-2024T10:32:49 - [TEST_STEP][PASSED] - screenshot2 = takeFullPageScreenshot(): Taking screenshot successfully

10-01-2024T10:32:50 - [MESSAGE][INFO] - 0 hidden object(s)

10-01-2024T10:32:50 - [MESSAGE][PASSED] - Taking screenshot successfully
[[ATTACHMENT|C:\\Users\\USER\\git\\Kecilin-Automation-Test\\Reports\\20240110_101141\\Create BE Playback Video\\Search Identity Test Suite\\20240110_101149\\1704857569559.png]]

10-01-2024T10:32:50 - [TEST_STEP][PASSED] - verifyNotEqual(screenshot1, screenshot2): Actual object '[B@4c0c2808' and expected object '[B@48b6b6b8' are not equal

10-01-2024T10:32:50 - [MESSAGE][PASSED] - Actual object '[B@4c0c2808' and expected object '[B@48b6b6b8' are not equal

10-01-2024T10:32:50 - [MESSAGE][PASSED] - Call Test Case 'Test Cases/Offline PSSI Dashboard Function/Create BE Playback Video/Play Video/PSSIPlayVideo' successfully

10-01-2024T10:32:50 - [TEST_STEP][PASSED] - click(findTestObject("Page_Playback Video/button_Search Identify")): Object: 'Object Repository/Page_Playback Video/button_Search Identify' is clicked on

10-01-2024T10:32:50 - [MESSAGE][PASSED] - Object: 'Object Repository/Page_Playback Video/button_Search Identify' is clicked on

10-01-2024T10:32:50 - [TEST_STEP][PASSED] - verifyTextPresent("CANCEL", false): Text 'CANCEL' is present on page 

10-01-2024T10:32:51 - [MESSAGE][PASSED] - Text 'CANCEL' is present on page 

10-01-2024T10:32:51 - [TEST_STEP][PASSED] - verifyTextPresent("Identity Now", false): Text 'Identity Now' is present on page 

10-01-2024T10:32:51 - [MESSAGE][PASSED] - Text 'Identity Now' is present on page 

10-01-2024T10:32:51 - [TEST_STEP][PASSED] - verifyElementClickable(findTestObject("Page_Playback Video/button_Cancel Pop Up")): Object 'Object Repository/Page_Playback Video/button_Cancel Pop Up' is clickable

10-01-2024T10:32:52 - [MESSAGE][PASSED] - Object 'Object Repository/Page_Playback Video/button_Cancel Pop Up' is clickable

10-01-2024T10:32:52 - [TEST_STEP][PASSED] - click(findTestObject("Page_Playback Video/button_Cancel Pop Up")): Object: 'Object Repository/Page_Playback Video/button_Cancel Pop Up' is clicked on

10-01-2024T10:32:52 - [MESSAGE][PASSED] - Object: 'Object Repository/Page_Playback Video/button_Cancel Pop Up' is clicked on

10-01-2024T10:32:52 - [TEST_STEP][PASSED] - verifyTextNotPresent("CANCEL", false): Text 'CANCEL' is not present on page

10-01-2024T10:32:53 - [MESSAGE][PASSED] - Text 'CANCEL' is not present on page

10-01-2024T10:32:53 - [TEST_STEP][PASSED] - verifyTextNotPresent("Identity Now", false): Text 'Identity Now' is not present on page

10-01-2024T10:32:54 - [MESSAGE][PASSED] - Text 'Identity Now' is not present on page

10-01-2024T10:32:54 - [TEST_STEP][PASSED] - closeBrowser(): Browser is closed

10-01-2024T10:32:54 - [MESSAGE][PASSED] - Browser is closed]]></system-out>
         <system-err><![CDATA[]]></system-err>
      </testcase>
      <system-out><![CDATA[10-01-2024T10:20:23 - [TEST_SUITE][FAILED] - Search Identity Test Suite: Test Cases/Offline PSSI Dashboard Function/Create BE Playback Video/Search Identity/Negative Test Case/PSSIPlaybackVideoSearchIdentityNoFaceResult FAILED.
Reason:
com.kms.katalon.core.exception.StepFailedException: Unable to verify text 'Result' is present 
	at com.kms.katalon.core.webui.keyword.internal.WebUIKeywordMain.stepFailed(WebUIKeywordMain.groovy:64)
	at com.kms.katalon.core.webui.keyword.internal.WebUIKeywordMain.runKeyword(WebUIKeywordMain.groovy:26)
	at com.kms.katalon.core.webui.keyword.builtin.VerifyTextPresentKeyword.verifyTextPresent(VerifyTextPresentKeyword.groovy:83)
	at com.kms.katalon.core.webui.keyword.builtin.VerifyTextPresentKeyword.execute(VerifyTextPresentKeyword.groovy:68)
	at com.kms.katalon.core.keyword.internal.KeywordExecutor.executeKeywordForPlatform(KeywordExecutor.groovy:74)
	at com.kms.katalon.core.webui.keyword.WebUiBuiltInKeywords.verifyTextPresent(WebUiBuiltInKeywords.groovy:1762)
	at PSSIPlaybackVideoSearchIdentityNoFaceResult.run(PSSIPlaybackVideoSearchIdentityNoFaceResult:39)
	at com.kms.katalon.core.main.ScriptEngine.run(ScriptEngine.java:194)
	at com.kms.katalon.core.main.ScriptEngine.runScriptAsRawText(ScriptEngine.java:119)
	at com.kms.katalon.core.main.TestCaseExecutor.runScript(TestCaseExecutor.java:448)
	at com.kms.katalon.core.main.TestCaseExecutor.doExecute(TestCaseExecutor.java:439)
	at com.kms.katalon.core.main.TestCaseExecutor.processExecutionPhase(TestCaseExecutor.java:418)
	at com.kms.katalon.core.main.TestCaseExecutor.accessMainPhase(TestCaseExecutor.java:410)
	at com.kms.katalon.core.main.TestCaseExecutor.execute(TestCaseExecutor.java:285)
	at com.kms.katalon.core.common.CommonExecutor.accessTestCaseMainPhase(CommonExecutor.java:65)
	at com.kms.katalon.core.main.TestSuiteExecutor.accessTestSuiteMainPhase(TestSuiteExecutor.java:148)
	at com.kms.katalon.core.main.TestSuiteExecutor.execute(TestSuiteExecutor.java:106)
	at com.kms.katalon.core.main.TestCaseMain.startTestSuite(TestCaseMain.java:180)
	at TempTestSuite1704856309767.run(TempTestSuite1704856309767.groovy:36)
	at java.base/jdk.internal.reflect.NativeMethodAccessorImpl.invoke0(Native Method)
	at java.base/jdk.internal.reflect.NativeMethodAccessorImpl.invoke(NativeMethodAccessorImpl.java:77)
	at java.base/jdk.internal.reflect.DelegatingMethodAccessorImpl.invoke(DelegatingMethodAccessorImpl.java:43)
Caused by: com.kms.katalon.core.exception.StepFailedException: Text 'Result' is not present on page 
	at com.kms.katalon.core.webui.keyword.internal.WebUIKeywordMain.stepFailed(WebUIKeywordMain.groovy:64)
	at com.kms.katalon.core.webui.keyword.builtin.VerifyTextPresentKeyword$_verifyTextPresent_closure1.doCall(VerifyTextPresentKeyword.groovy:79)
	at com.kms.katalon.core.webui.keyword.builtin.VerifyTextPresentKeyword$_verifyTextPresent_closure1.call(VerifyTextPresentKeyword.groovy)
	at com.kms.katalon.core.webui.keyword.internal.WebUIKeywordMain.runKeyword(WebUIKeywordMain.groovy:20)
	... 20 more]]></system-out>
      <system-err><![CDATA[10-01-2024T10:20:23 - [TEST_SUITE][FAILED] - Search Identity Test Suite: Test Cases/Offline PSSI Dashboard Function/Create BE Playback Video/Search Identity/Negative Test Case/PSSIPlaybackVideoSearchIdentityNoFaceResult FAILED.
Reason:
com.kms.katalon.core.exception.StepFailedException: Unable to verify text 'Result' is present 
	at com.kms.katalon.core.webui.keyword.internal.WebUIKeywordMain.stepFailed(WebUIKeywordMain.groovy:64)
	at com.kms.katalon.core.webui.keyword.internal.WebUIKeywordMain.runKeyword(WebUIKeywordMain.groovy:26)
	at com.kms.katalon.core.webui.keyword.builtin.VerifyTextPresentKeyword.verifyTextPresent(VerifyTextPresentKeyword.groovy:83)
	at com.kms.katalon.core.webui.keyword.builtin.VerifyTextPresentKeyword.execute(VerifyTextPresentKeyword.groovy:68)
	at com.kms.katalon.core.keyword.internal.KeywordExecutor.executeKeywordForPlatform(KeywordExecutor.groovy:74)
	at com.kms.katalon.core.webui.keyword.WebUiBuiltInKeywords.verifyTextPresent(WebUiBuiltInKeywords.groovy:1762)
	at PSSIPlaybackVideoSearchIdentityNoFaceResult.run(PSSIPlaybackVideoSearchIdentityNoFaceResult:39)
	at com.kms.katalon.core.main.ScriptEngine.run(ScriptEngine.java:194)
	at com.kms.katalon.core.main.ScriptEngine.runScriptAsRawText(ScriptEngine.java:119)
	at com.kms.katalon.core.main.TestCaseExecutor.runScript(TestCaseExecutor.java:448)
	at com.kms.katalon.core.main.TestCaseExecutor.doExecute(TestCaseExecutor.java:439)
	at com.kms.katalon.core.main.TestCaseExecutor.processExecutionPhase(TestCaseExecutor.java:418)
	at com.kms.katalon.core.main.TestCaseExecutor.accessMainPhase(TestCaseExecutor.java:410)
	at com.kms.katalon.core.main.TestCaseExecutor.execute(TestCaseExecutor.java:285)
	at com.kms.katalon.core.common.CommonExecutor.accessTestCaseMainPhase(CommonExecutor.java:65)
	at com.kms.katalon.core.main.TestSuiteExecutor.accessTestSuiteMainPhase(TestSuiteExecutor.java:148)
	at com.kms.katalon.core.main.TestSuiteExecutor.execute(TestSuiteExecutor.java:106)
	at com.kms.katalon.core.main.TestCaseMain.startTestSuite(TestCaseMain.java:180)
	at TempTestSuite1704856309767.run(TempTestSuite1704856309767.groovy:36)
	at java.base/jdk.internal.reflect.NativeMethodAccessorImpl.invoke0(Native Method)
	at java.base/jdk.internal.reflect.NativeMethodAccessorImpl.invoke(NativeMethodAccessorImpl.java:77)
	at java.base/jdk.internal.reflect.DelegatingMethodAccessorImpl.invoke(DelegatingMethodAccessorImpl.java:43)
Caused by: com.kms.katalon.core.exception.StepFailedException: Text 'Result' is not present on page 
	at com.kms.katalon.core.webui.keyword.internal.WebUIKeywordMain.stepFailed(WebUIKeywordMain.groovy:64)
	at com.kms.katalon.core.webui.keyword.builtin.VerifyTextPresentKeyword$_verifyTextPresent_closure1.doCall(VerifyTextPresentKeyword.groovy:79)
	at com.kms.katalon.core.webui.keyword.builtin.VerifyTextPresentKeyword$_verifyTextPresent_closure1.call(VerifyTextPresentKeyword.groovy)
	at com.kms.katalon.core.webui.keyword.internal.WebUIKeywordMain.runKeyword(WebUIKeywordMain.groovy:20)
	... 20 more]]></system-err>
   </testsuite>
   <testsuite name="Select CCTV Test Suite" tests="5" failures="1" errors="0" time="195.986" skipped="0" timestamp="10-01-2024T10:33:32" hostname="USER - DESKTOP-HLRVE9S" id="Test Suites/Create BE Playback Video/Select CCTV Test Suite">
      <properties>
         <property name="deviceName" value=""/>
         <property name="devicePlatform" value=""/>
         <property name="logFolder" value="C:\\Users\\USER\\git\\Kecilin-Automation-Test\\Reports\\20240110_101141\\Create BE Playback Video\\Select CCTV Test Suite\\20240110_101153"/>
         <property name="logFiles" value="C:\\Users\\USER\\git\\Kecilin-Automation-Test\\Reports\\20240110_101141\\Create BE Playback Video\\Select CCTV Test Suite\\20240110_101153\\execution0.log"/>
         <property name="attachments" value="C:\\Users\\USER\\git\\Kecilin-Automation-Test\\Reports\\20240110_101141\\Create BE Playback Video\\Select CCTV Test Suite\\20240110_101153\\1704857651798.png, C:\\Users\\USER\\git\\Kecilin-Automation-Test\\Reports\\20240110_101141\\Create BE Playback Video\\Select CCTV Test Suite\\20240110_101153\\1704857652269.png, C:\\Users\\USER\\git\\Kecilin-Automation-Test\\Reports\\20240110_101141\\Create BE Playback Video\\Select CCTV Test Suite\\20240110_101153\\1704857680724.png, C:\\Users\\USER\\git\\Kecilin-Automation-Test\\Reports\\20240110_101141\\Create BE Playback Video\\Select CCTV Test Suite\\20240110_101153\\1704857681160.png, C:\\Users\\USER\\git\\Kecilin-Automation-Test\\Reports\\20240110_101141\\Create BE Playback Video\\Select CCTV Test Suite\\20240110_101153\\1704857708661.png, C:\\Users\\USER\\git\\Kecilin-Automation-Test\\Reports\\20240110_101141\\Create BE Playback Video\\Select CCTV Test Suite\\20240110_101153\\1704857709155.png, C:\\Users\\USER\\git\\Kecilin-Automation-Test\\Reports\\20240110_101141\\Create BE Playback Video\\Select CCTV Test Suite\\20240110_101153\\1704857735986.png, C:\\Users\\USER\\git\\Kecilin-Automation-Test\\Reports\\20240110_101141\\Create BE Playback Video\\Select CCTV Test Suite\\20240110_101153\\1704857736254.png"/>
         <property name="hostName" value="USER - DESKTOP-HLRVE9S"/>
         <property name="os" value="Windows 10 64bit"/>
         <property name="katalonVersion" value="9.2.0.212"/>
         <property name="browser" value="Chrome 120.0.0.0"/>
         <property name="hostAddress" value="192.168.100.189"/>
         <property name="sessionId" value="2e17eb230a4da620104b5bd8d68ac333"/>
         <property name="seleniumVersion" value="3.141.59"/>
         <property name="proxyInformation" value="ProxyInformation { proxyOption=NO_PROXY, proxyServerType=HTTP, username=, password=********, proxyServerAddress=, proxyServerPort=0, executionList=&quot;&quot;, isApplyToDesiredCapabilities=true }"/>
         <property name="platform" value="Windows 10"/>
      </properties>
      <testcase name="Test Cases/Offline PSSI Dashboard Function/Create BE Playback Video/Select CCTV/Negative Test Case/PSSIMonitoringClearCCTVSelection" time="26.719" classname="Test Cases/Offline PSSI Dashboard Function/Create BE Playback Video/Select CCTV/Negative Test Case/PSSIMonitoringClearCCTVSelection" status="FAILED">
         <failure type="FAILED" message="Test Cases/Offline PSSI Dashboard Function/Create BE Playback Video/Select CCTV/Negative Test Case/PSSIMonitoringClearCCTVSelection FAILED.&#xa;Reason:&#xa;com.kms.katalon.core.exception.StepFailedException: Verify element text of test object 'Object Repository/Page_Playback Video/CCTV Selection Bar' FAILED.&#xa;	at com.kms.katalon.core.webui.keyword.internal.WebUIKeywordMain.stepFailed(WebUIKeywordMain.groovy:64)&#xa;	at com.kms.katalon.core.webui.keyword.internal.WebUIKeywordMain.runKeyword(WebUIKeywordMain.groovy:26)&#xa;	at com.kms.katalon.core.webui.keyword.builtin.VerifyElementTextKeyword.verifyElementText(VerifyElementTextKeyword.groovy:72)&#xa;	at com.kms.katalon.core.webui.keyword.builtin.VerifyElementTextKeyword.execute(VerifyElementTextKeyword.groovy:40)&#xa;	at com.kms.katalon.core.keyword.internal.KeywordExecutor.executeKeywordForPlatform(KeywordExecutor.groovy:74)&#xa;	at com.kms.katalon.core.webui.keyword.WebUiBuiltInKeywords.verifyElementText(WebUiBuiltInKeywords.groovy:4835)&#xa;	at PSSIMonitoringClearCCTVSelection.run(PSSIMonitoringClearCCTVSelection:58)&#xa;	at com.kms.katalon.core.main.ScriptEngine.run(ScriptEngine.java:194)&#xa;	at com.kms.katalon.core.main.ScriptEngine.runScriptAsRawText(ScriptEngine.java:119)&#xa;	at com.kms.katalon.core.main.TestCaseExecutor.runScript(TestCaseExecutor.java:448)&#xa;	at com.kms.katalon.core.main.TestCaseExecutor.doExecute(TestCaseExecutor.java:439)&#xa;	at com.kms.katalon.core.main.TestCaseExecutor.processExecutionPhase(TestCaseExecutor.java:418)&#xa;	at com.kms.katalon.core.main.TestCaseExecutor.accessMainPhase(TestCaseExecutor.java:410)&#xa;	at com.kms.katalon.core.main.TestCaseExecutor.execute(TestCaseExecutor.java:285)&#xa;	at com.kms.katalon.core.main.TestCaseExecutor.execute(TestCaseExecutor.java:369)&#xa;	at com.kms.katalon.core.main.TestCaseExecutor.execute(TestCaseExecutor.java:369)&#xa;	at com.kms.katalon.core.main.TestCaseExecutor.execute(TestCaseExecutor.java:369)&#xa;	at com.kms.katalon.core.common.CommonExecutor.accessTestCaseMainPhase(CommonExecutor.java:65)&#xa;	at com.kms.katalon.core.main.TestSuiteExecutor.accessTestSuiteMainPhase(TestSuiteExecutor.java:148)&#xa;	at com.kms.katalon.core.main.TestSuiteExecutor.execute(TestSuiteExecutor.java:106)&#xa;	at com.kms.katalon.core.main.TestCaseMain.startTestSuite(TestCaseMain.java:180)&#xa;	at TempTestSuite1704856313175.run(TempTestSuite1704856313175.groovy:36)&#xa;	at java.base/jdk.internal.reflect.NativeMethodAccessorImpl.invoke0(Native Method)&#xa;	at java.base/jdk.internal.reflect.NativeMethodAccessorImpl.invoke(NativeMethodAccessorImpl.java:77)&#xa;	at java.base/jdk.internal.reflect.DelegatingMethodAccessorImpl.invoke(DelegatingMethodAccessorImpl.java:43)&#xa;Caused by: com.kms.katalon.core.exception.StepFailedException: Actual text 'CCTV 1' and expected text '-- Search CCTV --' of test object 'Object Repository/Page_Playback Video/CCTV Selection Bar' are NOT matched.&#xa;	at com.kms.katalon.core.webui.keyword.internal.WebUIKeywordMain.stepFailed(WebUIKeywordMain.groovy:64)&#xa;	at com.kms.katalon.core.webui.keyword.builtin.VerifyElementTextKeyword$_verifyElementText_closure1.doCall(VerifyElementTextKeyword.groovy:57)&#xa;	at com.kms.katalon.core.webui.keyword.builtin.VerifyElementTextKeyword$_verifyElementText_closure1.call(VerifyElementTextKeyword.groovy)&#xa;	at com.kms.katalon.core.webui.keyword.internal.WebUIKeywordMain.runKeyword(WebUIKeywordMain.groovy:20)&#xa;	... 23 more&#xa;"/>
         <system-out><![CDATA[10-01-2024T10:35:09 - [TEST_CASE][FAILED] - Test Cases/Offline PSSI Dashboard Function/Create BE Playback Video/Select CCTV/Negative Test Case/PSSIMonitoringClearCCTVSelection: Test Cases/Offline PSSI Dashboard Function/Create BE Playback Video/Select CCTV/Negative Test Case/PSSIMonitoringClearCCTVSelection FAILED.
Reason:
com.kms.katalon.core.exception.StepFailedException: Verify element text of test object 'Object Repository/Page_Playback Video/CCTV Selection Bar' FAILED.
	at com.kms.katalon.core.webui.keyword.internal.WebUIKeywordMain.stepFailed(WebUIKeywordMain.groovy:64)
	at com.kms.katalon.core.webui.keyword.internal.WebUIKeywordMain.runKeyword(WebUIKeywordMain.groovy:26)
	at com.kms.katalon.core.webui.keyword.builtin.VerifyElementTextKeyword.verifyElementText(VerifyElementTextKeyword.groovy:72)
	at com.kms.katalon.core.webui.keyword.builtin.VerifyElementTextKeyword.execute(VerifyElementTextKeyword.groovy:40)
	at com.kms.katalon.core.keyword.internal.KeywordExecutor.executeKeywordForPlatform(KeywordExecutor.groovy:74)
	at com.kms.katalon.core.webui.keyword.WebUiBuiltInKeywords.verifyElementText(WebUiBuiltInKeywords.groovy:4835)
	at PSSIMonitoringClearCCTVSelection.run(PSSIMonitoringClearCCTVSelection:58)
	at com.kms.katalon.core.main.ScriptEngine.run(ScriptEngine.java:194)
	at com.kms.katalon.core.main.ScriptEngine.runScriptAsRawText(ScriptEngine.java:119)
	at com.kms.katalon.core.main.TestCaseExecutor.runScript(TestCaseExecutor.java:448)
	at com.kms.katalon.core.main.TestCaseExecutor.doExecute(TestCaseExecutor.java:439)
	at com.kms.katalon.core.main.TestCaseExecutor.processExecutionPhase(TestCaseExecutor.java:418)
	at com.kms.katalon.core.main.TestCaseExecutor.accessMainPhase(TestCaseExecutor.java:410)
	at com.kms.katalon.core.main.TestCaseExecutor.execute(TestCaseExecutor.java:285)
	at com.kms.katalon.core.main.TestCaseExecutor.execute(TestCaseExecutor.java:369)
	at com.kms.katalon.core.main.TestCaseExecutor.execute(TestCaseExecutor.java:369)
	at com.kms.katalon.core.main.TestCaseExecutor.execute(TestCaseExecutor.java:369)
	at com.kms.katalon.core.common.CommonExecutor.accessTestCaseMainPhase(CommonExecutor.java:65)
	at com.kms.katalon.core.main.TestSuiteExecutor.accessTestSuiteMainPhase(TestSuiteExecutor.java:148)
	at com.kms.katalon.core.main.TestSuiteExecutor.execute(TestSuiteExecutor.java:106)
	at com.kms.katalon.core.main.TestCaseMain.startTestSuite(TestCaseMain.java:180)
	at TempTestSuite1704856313175.run(TempTestSuite1704856313175.groovy:36)
	at java.base/jdk.internal.reflect.NativeMethodAccessorImpl.invoke0(Native Method)
	at java.base/jdk.internal.reflect.NativeMethodAccessorImpl.invoke(NativeMethodAccessorImpl.java:77)
	at java.base/jdk.internal.reflect.DelegatingMethodAccessorImpl.invoke(DelegatingMethodAccessorImpl.java:43)
Caused by: com.kms.katalon.core.exception.StepFailedException: Actual text 'CCTV 1' and expected text '-- Search CCTV --' of test object 'Object Repository/Page_Playback Video/CCTV Selection Bar' are NOT matched.
	at com.kms.katalon.core.webui.keyword.internal.WebUIKeywordMain.stepFailed(WebUIKeywordMain.groovy:64)
	at com.kms.katalon.core.webui.keyword.builtin.VerifyElementTextKeyword$_verifyElementText_closure1.doCall(VerifyElementTextKeyword.groovy:57)
	at com.kms.katalon.core.webui.keyword.builtin.VerifyElementTextKeyword$_verifyElementText_closure1.call(VerifyElementTextKeyword.groovy)
	at com.kms.katalon.core.webui.keyword.internal.WebUIKeywordMain.runKeyword(WebUIKeywordMain.groovy:20)
	... 23 more


10-01-2024T10:35:09 - [TEST_STEP][PASSED] - baseUrl = offline_pssi_dashboard_url: null

10-01-2024T10:35:09 - [TEST_STEP][PASSED] - callTestCase(findTestCase("Offline PSSI Dashboard Function/Create BE Playback Video/View Playback Video Data/PSSIViewPlaybackVideo"), [:]): Call Test Case 'Test Cases/Offline PSSI Dashboard Function/Create BE Playback Video/View Playback Video Data/PSSIViewPlaybackVideo' successfully

10-01-2024T10:35:09 - [TEST_CASE][PASSED] - Test Cases/Offline PSSI Dashboard Function/Create BE Playback Video/View Playback Video Data/PSSIViewPlaybackVideo: Test Cases/Offline PSSI Dashboard Function/Create BE Playback Video/View Playback Video Data/PSSIViewPlaybackVideo

10-01-2024T10:35:09 - [TEST_STEP][PASSED] - baseUrl = offline_pssi_dashboard_url: null

10-01-2024T10:35:09 - [TEST_STEP][PASSED] - callTestCase(findTestCase("Offline PSSI Dashboard Function/Sign In/PSSISignInValidData"), [:]): Call Test Case 'Test Cases/Offline PSSI Dashboard Function/Sign In/PSSISignInValidData' successfully

10-01-2024T10:35:10 - [TEST_CASE][PASSED] - Test Cases/Offline PSSI Dashboard Function/Sign In/PSSISignInValidData: Test Cases/Offline PSSI Dashboard Function/Sign In/PSSISignInValidData

10-01-2024T10:35:10 - [TEST_STEP][PASSED] - failureHandling = STOP_ON_FAILURE: null

10-01-2024T10:35:10 - [TEST_STEP][PASSED] - baseUrl = offline_pssi_dashboard_url: null

10-01-2024T10:35:10 - [TEST_STEP][PASSED] - openBrowser(""): Browser is opened with url: ''

10-01-2024T10:35:10 - [MESSAGE][WARNING] - A browser is already opened. Closing browser and opening a new one

10-01-2024T10:35:10 - [MESSAGE][INFO] - Starting 'Chrome' driver

10-01-2024T10:35:10 - [MESSAGE][INFO] - Action delay is set to 0 milliseconds

10-01-2024T10:35:13 - [MESSAGE][PASSED] - Browser is opened with url: ''

10-01-2024T10:35:13 - [TEST_STEP][PASSED] - navigateToUrl(baseUrl): Navigate to 'https://monitoring.pssi-dev.kecilin.id' successfully

10-01-2024T10:35:14 - [MESSAGE][PASSED] - Navigate to 'https://monitoring.pssi-dev.kecilin.id' successfully

10-01-2024T10:35:14 - [TEST_STEP][PASSED] - maximizeWindow(): Current window maximized

10-01-2024T10:35:14 - [MESSAGE][PASSED] - Current window maximized

10-01-2024T10:35:14 - [TEST_STEP][PASSED] - setText(findTestObject("Object Repository/Page_Login/input_email"), "superadmin@app.com"): Text 'superadmin@app.com' is set on object 'Object Repository/Page_Login/input_email'

10-01-2024T10:35:15 - [MESSAGE][PASSED] - Text 'superadmin@app.com' is set on object 'Object Repository/Page_Login/input_email'

10-01-2024T10:35:15 - [TEST_STEP][PASSED] - setEncryptedText(findTestObject("Object Repository/Page_Login/input_password"), "8SQVv/p9jVScEs4/2CZsLw=="): Text ****** has been set on object 'Object Repository/Page_Login/input_password'

10-01-2024T10:35:16 - [MESSAGE][PASSED] - Text ****** has been set on object 'Object Repository/Page_Login/input_password'

10-01-2024T10:35:16 - [TEST_STEP][PASSED] - click(findTestObject("Object Repository/Page_Login/button_Sign In")): Object: 'Object Repository/Page_Login/button_Sign In' is clicked on

10-01-2024T10:35:19 - [MESSAGE][PASSED] - Object: 'Object Repository/Page_Login/button_Sign In' is clicked on

10-01-2024T10:35:19 - [MESSAGE][PASSED] - Call Test Case 'Test Cases/Offline PSSI Dashboard Function/Sign In/PSSISignInValidData' successfully

10-01-2024T10:35:19 - [TEST_STEP][PASSED] - navigateToUrl(baseUrl + "/playback_video"): Navigate to 'https://monitoring.pssi-dev.kecilin.id/playback_video' successfully

10-01-2024T10:35:19 - [MESSAGE][PASSED] - Navigate to 'https://monitoring.pssi-dev.kecilin.id/playback_video' successfully

10-01-2024T10:35:19 - [MESSAGE][PASSED] - Call Test Case 'Test Cases/Offline PSSI Dashboard Function/Create BE Playback Video/View Playback Video Data/PSSIViewPlaybackVideo' successfully

10-01-2024T10:35:19 - [TEST_STEP][PASSED] - verifyElementClickable(findTestObject("Page_Playback Video/Stadium Selection Bar")): Object 'Object Repository/Page_Playback Video/Stadium Selection Bar' is clickable

10-01-2024T10:35:20 - [MESSAGE][PASSED] - Object 'Object Repository/Page_Playback Video/Stadium Selection Bar' is clickable

10-01-2024T10:35:20 - [TEST_STEP][PASSED] - click(findTestObject("Page_Playback Video/Stadium Selection Bar")): Object: 'Object Repository/Page_Playback Video/Stadium Selection Bar' is clicked on

10-01-2024T10:35:20 - [MESSAGE][PASSED] - Object: 'Object Repository/Page_Playback Video/Stadium Selection Bar' is clicked on

10-01-2024T10:35:20 - [TEST_STEP][PASSED] - sendKeys(findTestObject("Page_Playback Video/Stadium Search Field"), Keys.chord(ENTER)): Keys 'ENTER + ' sent to object: 'Object Repository/Page_Playback Video/Stadium Search Field'

10-01-2024T10:35:21 - [MESSAGE][PASSED] - Keys 'ENTER + ' sent to object: 'Object Repository/Page_Playback Video/Stadium Search Field'

10-01-2024T10:35:21 - [TEST_STEP][PASSED] - verifyElementClickable(findTestObject("Page_Playback Video/CCTV Selection Bar")): Object 'Object Repository/Page_Playback Video/CCTV Selection Bar' is clickable

10-01-2024T10:35:22 - [MESSAGE][PASSED] - Object 'Object Repository/Page_Playback Video/CCTV Selection Bar' is clickable

10-01-2024T10:35:22 - [TEST_STEP][PASSED] - click(findTestObject("Page_Playback Video/CCTV Selection Bar")): Object: 'Object Repository/Page_Playback Video/CCTV Selection Bar' is clicked on

10-01-2024T10:35:22 - [MESSAGE][PASSED] - Object: 'Object Repository/Page_Playback Video/CCTV Selection Bar' is clicked on

10-01-2024T10:35:22 - [TEST_STEP][PASSED] - verifyElementClickable(findTestObject("Page_Playback Video/CCTV Search Field")): Object 'Object Repository/Page_Playback Video/CCTV Search Field' is clickable

10-01-2024T10:35:23 - [MESSAGE][PASSED] - Object 'Object Repository/Page_Playback Video/CCTV Search Field' is clickable

10-01-2024T10:35:23 - [TEST_STEP][PASSED] - setText(findTestObject("Page_Playback Video/CCTV Search Field"), "CCTV"): Text 'CCTV' is set on object 'Object Repository/Page_Playback Video/CCTV Search Field'

10-01-2024T10:35:23 - [MESSAGE][PASSED] - Text 'CCTV' is set on object 'Object Repository/Page_Playback Video/CCTV Search Field'

10-01-2024T10:35:23 - [TEST_STEP][PASSED] - expectedPattern = ".*CCTV.*": null

10-01-2024T10:35:23 - [TEST_STEP][PASSED] - elementText = getText(findTestObject("Page_Playback Video/CCTV Search Box")): Text of object 'Object Repository/Page_Playback Video/CCTV Search Box' is: 'CCTV 1'

10-01-2024T10:35:25 - [MESSAGE][INFO] - Unable to find the element located by 'By.xpath: /html[@class="fontawesome-i2svg-active fontawesome-i2svg-complete"]/body[@class="g-sidenav-show  bg-gray-100"]/span[@class="select2-container select2-container--default select2-container--open"]/span[@class="select2-dropdown select2-dropdown--below"][count(. | //span[@class = 'select2-dropdown select2-dropdown--below' and @dir = 'ltr' and (text() = 'Testing 1CCTV 1' or . = 'Testing 1CCTV 1')]) = count(//span[@class = 'select2-dropdown select2-dropdown--below' and @dir = 'ltr' and (text() = 'Testing 1CCTV 1' or . = 'Testing 1CCTV 1')])]'. Please recheck the objects properties to make sure the desired element is located. 

10-01-2024T10:35:25 - [MESSAGE][WARNING] - [SELF-HEALING] Failed to find element with id 'Object Repository/Page_Playback Video/CCTV Search Box'. Try using Self-healing.

10-01-2024T10:35:26 - [MESSAGE][WARNING] - [SELF-HEALING] The current locator of test object 'Object Repository/Page_Playback Video/CCTV Search Box' was broken. Propose an alternative one: '//body/span/span'.

10-01-2024T10:35:26 - [MESSAGE][PASSED] - Text of object 'Object Repository/Page_Playback Video/CCTV Search Box' is: 'CCTV 1'

10-01-2024T10:35:26 - [TEST_STEP][PASSED] - isTextMatched = Pattern.matches(expectedPattern, elementText): null

10-01-2024T10:35:26 - [TEST_STEP][PASSED] - sendKeys(findTestObject("Page_Playback Video/CCTV Search Field"), Keys.chord(ENTER)): Keys 'ENTER + ' sent to object: 'Object Repository/Page_Playback Video/CCTV Search Field'

10-01-2024T10:35:26 - [MESSAGE][PASSED] - Keys 'ENTER + ' sent to object: 'Object Repository/Page_Playback Video/CCTV Search Field'

10-01-2024T10:35:26 - [TEST_STEP][PASSED] - verifyElementClickable(findTestObject("Page_Playback Video/Remove Item CCTV Selection Bar")): Object 'Object Repository/Page_Playback Video/Remove Item CCTV Selection Bar' is clickable

10-01-2024T10:35:29 - [MESSAGE][INFO] - Unable to find the element located by 'By.xpath: id("show_search_cctv")/span[@class="select2 select2-container select2-container--default select2-container--below"]/span[@class="selection"]/span[@class="select2-selection select2-selection--single select2-selection--clearable"]/button[@class="select2-selection__clear"]/span[1][count(. | //span[@aria-hidden = 'true' and (text() = '×' or . = '×')]) = count(//span[@aria-hidden = 'true' and (text() = '×' or . = '×')])]'. Please recheck the objects properties to make sure the desired element is located. 

10-01-2024T10:35:29 - [MESSAGE][WARNING] - [SELF-HEALING] Failed to find element with id 'Object Repository/Page_Playback Video/Remove Item CCTV Selection Bar'. Try using Self-healing.

10-01-2024T10:35:30 - [MESSAGE][WARNING] - [SELF-HEALING] The current locator of test object 'Object Repository/Page_Playback Video/Remove Item CCTV Selection Bar' was broken. Propose an alternative one: '//div[@id='show_search_cctv']/span/span/span/button/span'.

10-01-2024T10:35:30 - [MESSAGE][PASSED] - Object 'Object Repository/Page_Playback Video/Remove Item CCTV Selection Bar' is clickable

10-01-2024T10:35:30 - [TEST_STEP][PASSED] - clickOffset(findTestObject("Page_Playback Video/CCTV Selection Bar"), 50, 50): Object: 'Object Repository/Page_Playback Video/CCTV Selection Bar' is clicked on using offset x=50 and y=50

10-01-2024T10:35:32 - [MESSAGE][INFO] - Unable to find the element located by 'By.xpath: id("select2-cctv-container")[count(. | //span[@class = 'select2-selection__rendered' and @id = 'select2-cctv-container' and @role = 'textbox' and @aria-readonly = 'true' and @title = '-- Search CCTV --' and (text() = '-- Search CCTV --' or . = '-- Search CCTV --')]) = count(//span[@class = 'select2-selection__rendered' and @id = 'select2-cctv-container' and @role = 'textbox' and @aria-readonly = 'true' and @title = '-- Search CCTV --' and (text() = '-- Search CCTV --' or . = '-- Search CCTV --')])]'. Please recheck the objects properties to make sure the desired element is located. 

10-01-2024T10:35:32 - [MESSAGE][WARNING] - [SELF-HEALING] Failed to find element with id 'Object Repository/Page_Playback Video/CCTV Selection Bar'. Try using Self-healing.

10-01-2024T10:35:33 - [MESSAGE][WARNING] - [SELF-HEALING] The current locator of test object 'Object Repository/Page_Playback Video/CCTV Selection Bar' was broken. Propose an alternative one: '//span[@id='select2-cctv-container']'.

10-01-2024T10:35:33 - [MESSAGE][PASSED] - Object: 'Object Repository/Page_Playback Video/CCTV Selection Bar' is clicked on using offset x=50 and y=50

10-01-2024T10:35:33 - [TEST_STEP][FAILED] - verifyElementText(findTestObject("Page_Playback Video/CCTV Selection Bar"), "-- Search CCTV --"): Verify element text of test object 'Object Repository/Page_Playback Video/CCTV Selection Bar' FAILED. (Root cause: com.kms.katalon.core.exception.StepFailedException: Verify element text of test object 'Object Repository/Page_Playback Video/CCTV Selection Bar' FAILED.
	at com.kms.katalon.core.webui.keyword.internal.WebUIKeywordMain.stepFailed(WebUIKeywordMain.groovy:64)
	at com.kms.katalon.core.webui.keyword.internal.WebUIKeywordMain.runKeyword(WebUIKeywordMain.groovy:26)
	at com.kms.katalon.core.webui.keyword.builtin.VerifyElementTextKeyword.verifyElementText(VerifyElementTextKeyword.groovy:72)
	at com.kms.katalon.core.webui.keyword.builtin.VerifyElementTextKeyword.execute(VerifyElementTextKeyword.groovy:40)
	at com.kms.katalon.core.keyword.internal.KeywordExecutor.executeKeywordForPlatform(KeywordExecutor.groovy:74)
	at com.kms.katalon.core.webui.keyword.WebUiBuiltInKeywords.verifyElementText(WebUiBuiltInKeywords.groovy:4835)
	at PSSIMonitoringClearCCTVSelection.run(PSSIMonitoringClearCCTVSelection:58)
	at com.kms.katalon.core.main.ScriptEngine.run(ScriptEngine.java:194)
	at com.kms.katalon.core.main.ScriptEngine.runScriptAsRawText(ScriptEngine.java:119)
	at com.kms.katalon.core.main.TestCaseExecutor.runScript(TestCaseExecutor.java:448)
	at com.kms.katalon.core.main.TestCaseExecutor.doExecute(TestCaseExecutor.java:439)
	at com.kms.katalon.core.main.TestCaseExecutor.processExecutionPhase(TestCaseExecutor.java:418)
	at com.kms.katalon.core.main.TestCaseExecutor.accessMainPhase(TestCaseExecutor.java:410)
	at com.kms.katalon.core.main.TestCaseExecutor.execute(TestCaseExecutor.java:285)
	at com.kms.katalon.core.main.TestCaseExecutor.execute(TestCaseExecutor.java:369)
	at com.kms.katalon.core.main.TestCaseExecutor.execute(TestCaseExecutor.java:369)
	at com.kms.katalon.core.main.TestCaseExecutor.execute(TestCaseExecutor.java:369)
	at com.kms.katalon.core.common.CommonExecutor.accessTestCaseMainPhase(CommonExecutor.java:65)
	at com.kms.katalon.core.main.TestSuiteExecutor.accessTestSuiteMainPhase(TestSuiteExecutor.java:148)
	at com.kms.katalon.core.main.TestSuiteExecutor.execute(TestSuiteExecutor.java:106)
	at com.kms.katalon.core.main.TestCaseMain.startTestSuite(TestCaseMain.java:180)
	at TempTestSuite1704856313175.run(TempTestSuite1704856313175.groovy:36)
	at java.base/jdk.internal.reflect.NativeMethodAccessorImpl.invoke0(Native Method)
	at java.base/jdk.internal.reflect.NativeMethodAccessorImpl.invoke(NativeMethodAccessorImpl.java:77)
	at java.base/jdk.internal.reflect.DelegatingMethodAccessorImpl.invoke(DelegatingMethodAccessorImpl.java:43)
Caused by: com.kms.katalon.core.exception.StepFailedException: Actual text 'CCTV 1' and expected text '-- Search CCTV --' of test object 'Object Repository/Page_Playback Video/CCTV Selection Bar' are NOT matched.
	at com.kms.katalon.core.webui.keyword.internal.WebUIKeywordMain.stepFailed(WebUIKeywordMain.groovy:64)
	at com.kms.katalon.core.webui.keyword.builtin.VerifyElementTextKeyword$_verifyElementText_closure1.doCall(VerifyElementTextKeyword.groovy:57)
	at com.kms.katalon.core.webui.keyword.builtin.VerifyElementTextKeyword$_verifyElementText_closure1.call(VerifyElementTextKeyword.groovy)
	at com.kms.katalon.core.webui.keyword.internal.WebUIKeywordMain.runKeyword(WebUIKeywordMain.groovy:20)
	... 23 more
)

10-01-2024T10:35:35 - [MESSAGE][INFO] - Unable to find the element located by 'By.xpath: id("select2-cctv-container")[count(. | //span[@class = 'select2-selection__rendered' and @id = 'select2-cctv-container' and @role = 'textbox' and @aria-readonly = 'true' and @title = '-- Search CCTV --' and (text() = '-- Search CCTV --' or . = '-- Search CCTV --')]) = count(//span[@class = 'select2-selection__rendered' and @id = 'select2-cctv-container' and @role = 'textbox' and @aria-readonly = 'true' and @title = '-- Search CCTV --' and (text() = '-- Search CCTV --' or . = '-- Search CCTV --')])]'. Please recheck the objects properties to make sure the desired element is located. 

10-01-2024T10:35:35 - [MESSAGE][WARNING] - [SELF-HEALING] Failed to find element with id 'Object Repository/Page_Playback Video/CCTV Selection Bar'. Try using Self-healing.

10-01-2024T10:35:35 - [MESSAGE][WARNING] - [SELF-HEALING] The current locator of test object 'Object Repository/Page_Playback Video/CCTV Selection Bar' was broken. Propose an alternative one: '//span[@id='select2-cctv-container']'.

10-01-2024T10:35:36 - [MESSAGE][FAILED] - Actual text 'CCTV 1' and expected text '-- Search CCTV --' of test object 'Object Repository/Page_Playback Video/CCTV Selection Bar' are NOT matched. (Root cause: com.kms.katalon.core.exception.StepFailedException: Actual text 'CCTV 1' and expected text '-- Search CCTV --' of test object 'Object Repository/Page_Playback Video/CCTV Selection Bar' are NOT matched.
	at com.kms.katalon.core.webui.keyword.internal.WebUIKeywordMain.stepFailed(WebUIKeywordMain.groovy:64)
	at com.kms.katalon.core.webui.keyword.builtin.VerifyElementTextKeyword$_verifyElementText_closure1.doCall(VerifyElementTextKeyword.groovy:57)
	at com.kms.katalon.core.webui.keyword.builtin.VerifyElementTextKeyword$_verifyElementText_closure1.call(VerifyElementTextKeyword.groovy)
	at com.kms.katalon.core.webui.keyword.internal.WebUIKeywordMain.runKeyword(WebUIKeywordMain.groovy:20)
	at com.kms.katalon.core.webui.keyword.builtin.VerifyElementTextKeyword.verifyElementText(VerifyElementTextKeyword.groovy:72)
	at com.kms.katalon.core.webui.keyword.builtin.VerifyElementTextKeyword.execute(VerifyElementTextKeyword.groovy:40)
	at com.kms.katalon.core.keyword.internal.KeywordExecutor.executeKeywordForPlatform(KeywordExecutor.groovy:74)
	at com.kms.katalon.core.webui.keyword.WebUiBuiltInKeywords.verifyElementText(WebUiBuiltInKeywords.groovy:4835)
	at PSSIMonitoringClearCCTVSelection.run(PSSIMonitoringClearCCTVSelection:58)
	at com.kms.katalon.core.main.ScriptEngine.run(ScriptEngine.java:194)
	at com.kms.katalon.core.main.ScriptEngine.runScriptAsRawText(ScriptEngine.java:119)
	at com.kms.katalon.core.main.TestCaseExecutor.runScript(TestCaseExecutor.java:448)
	at com.kms.katalon.core.main.TestCaseExecutor.doExecute(TestCaseExecutor.java:439)
	at com.kms.katalon.core.main.TestCaseExecutor.processExecutionPhase(TestCaseExecutor.java:418)
	at com.kms.katalon.core.main.TestCaseExecutor.accessMainPhase(TestCaseExecutor.java:410)
	at com.kms.katalon.core.main.TestCaseExecutor.execute(TestCaseExecutor.java:285)
	at com.kms.katalon.core.main.TestCaseExecutor.execute(TestCaseExecutor.java:369)
	at com.kms.katalon.core.main.TestCaseExecutor.execute(TestCaseExecutor.java:369)
	at com.kms.katalon.core.main.TestCaseExecutor.execute(TestCaseExecutor.java:369)
	at com.kms.katalon.core.common.CommonExecutor.accessTestCaseMainPhase(CommonExecutor.java:65)
	at com.kms.katalon.core.main.TestSuiteExecutor.accessTestSuiteMainPhase(TestSuiteExecutor.java:148)
	at com.kms.katalon.core.main.TestSuiteExecutor.execute(TestSuiteExecutor.java:106)
	at com.kms.katalon.core.main.TestCaseMain.startTestSuite(TestCaseMain.java:180)
	at TempTestSuite1704856313175.run(TempTestSuite1704856313175.groovy:36)
	at java.base/jdk.internal.reflect.NativeMethodAccessorImpl.invoke0(Native Method)
	at java.base/jdk.internal.reflect.NativeMethodAccessorImpl.invoke(NativeMethodAccessorImpl.java:77)
	at java.base/jdk.internal.reflect.DelegatingMethodAccessorImpl.invoke(DelegatingMethodAccessorImpl.java:43)
)
[[ATTACHMENT|C:\\Users\\USER\\git\\Kecilin-Automation-Test\\Reports\\20240110_101141\\Create BE Playback Video\\Select CCTV Test Suite\\20240110_101153\\1704857735986.png]]

10-01-2024T10:35:36 - [MESSAGE][FAILED] - Verify element text of test object 'Object Repository/Page_Playback Video/CCTV Selection Bar' FAILED. (Root cause: com.kms.katalon.core.exception.StepFailedException: Verify element text of test object 'Object Repository/Page_Playback Video/CCTV Selection Bar' FAILED.
	at com.kms.katalon.core.webui.keyword.internal.WebUIKeywordMain.stepFailed(WebUIKeywordMain.groovy:64)
	at com.kms.katalon.core.webui.keyword.internal.WebUIKeywordMain.runKeyword(WebUIKeywordMain.groovy:26)
	at com.kms.katalon.core.webui.keyword.builtin.VerifyElementTextKeyword.verifyElementText(VerifyElementTextKeyword.groovy:72)
	at com.kms.katalon.core.webui.keyword.builtin.VerifyElementTextKeyword.execute(VerifyElementTextKeyword.groovy:40)
	at com.kms.katalon.core.keyword.internal.KeywordExecutor.executeKeywordForPlatform(KeywordExecutor.groovy:74)
	at com.kms.katalon.core.webui.keyword.WebUiBuiltInKeywords.verifyElementText(WebUiBuiltInKeywords.groovy:4835)
	at PSSIMonitoringClearCCTVSelection.run(PSSIMonitoringClearCCTVSelection:58)
	at com.kms.katalon.core.main.ScriptEngine.run(ScriptEngine.java:194)
	at com.kms.katalon.core.main.ScriptEngine.runScriptAsRawText(ScriptEngine.java:119)
	at com.kms.katalon.core.main.TestCaseExecutor.runScript(TestCaseExecutor.java:448)
	at com.kms.katalon.core.main.TestCaseExecutor.doExecute(TestCaseExecutor.java:439)
	at com.kms.katalon.core.main.TestCaseExecutor.processExecutionPhase(TestCaseExecutor.java:418)
	at com.kms.katalon.core.main.TestCaseExecutor.accessMainPhase(TestCaseExecutor.java:410)
	at com.kms.katalon.core.main.TestCaseExecutor.execute(TestCaseExecutor.java:285)
	at com.kms.katalon.core.main.TestCaseExecutor.execute(TestCaseExecutor.java:369)
	at com.kms.katalon.core.main.TestCaseExecutor.execute(TestCaseExecutor.java:369)
	at com.kms.katalon.core.main.TestCaseExecutor.execute(TestCaseExecutor.java:369)
	at com.kms.katalon.core.common.CommonExecutor.accessTestCaseMainPhase(CommonExecutor.java:65)
	at com.kms.katalon.core.main.TestSuiteExecutor.accessTestSuiteMainPhase(TestSuiteExecutor.java:148)
	at com.kms.katalon.core.main.TestSuiteExecutor.execute(TestSuiteExecutor.java:106)
	at com.kms.katalon.core.main.TestCaseMain.startTestSuite(TestCaseMain.java:180)
	at TempTestSuite1704856313175.run(TempTestSuite1704856313175.groovy:36)
	at java.base/jdk.internal.reflect.NativeMethodAccessorImpl.invoke0(Native Method)
	at java.base/jdk.internal.reflect.NativeMethodAccessorImpl.invoke(NativeMethodAccessorImpl.java:77)
	at java.base/jdk.internal.reflect.DelegatingMethodAccessorImpl.invoke(DelegatingMethodAccessorImpl.java:43)
Caused by: com.kms.katalon.core.exception.StepFailedException: Actual text 'CCTV 1' and expected text '-- Search CCTV --' of test object 'Object Repository/Page_Playback Video/CCTV Selection Bar' are NOT matched.
	at com.kms.katalon.core.webui.keyword.internal.WebUIKeywordMain.stepFailed(WebUIKeywordMain.groovy:64)
	at com.kms.katalon.core.webui.keyword.builtin.VerifyElementTextKeyword$_verifyElementText_closure1.doCall(VerifyElementTextKeyword.groovy:57)
	at com.kms.katalon.core.webui.keyword.builtin.VerifyElementTextKeyword$_verifyElementText_closure1.call(VerifyElementTextKeyword.groovy)
	at com.kms.katalon.core.webui.keyword.internal.WebUIKeywordMain.runKeyword(WebUIKeywordMain.groovy:20)
	... 23 more
)
[[ATTACHMENT|C:\\Users\\USER\\git\\Kecilin-Automation-Test\\Reports\\20240110_101141\\Create BE Playback Video\\Select CCTV Test Suite\\20240110_101153\\1704857736254.png]]]]></system-out>
         <system-err><![CDATA[10-01-2024T10:35:09 - [TEST_CASE][FAILED] - Test Cases/Offline PSSI Dashboard Function/Create BE Playback Video/Select CCTV/Negative Test Case/PSSIMonitoringClearCCTVSelection: Test Cases/Offline PSSI Dashboard Function/Create BE Playback Video/Select CCTV/Negative Test Case/PSSIMonitoringClearCCTVSelection FAILED.
Reason:
com.kms.katalon.core.exception.StepFailedException: Verify element text of test object 'Object Repository/Page_Playback Video/CCTV Selection Bar' FAILED.
	at com.kms.katalon.core.webui.keyword.internal.WebUIKeywordMain.stepFailed(WebUIKeywordMain.groovy:64)
	at com.kms.katalon.core.webui.keyword.internal.WebUIKeywordMain.runKeyword(WebUIKeywordMain.groovy:26)
	at com.kms.katalon.core.webui.keyword.builtin.VerifyElementTextKeyword.verifyElementText(VerifyElementTextKeyword.groovy:72)
	at com.kms.katalon.core.webui.keyword.builtin.VerifyElementTextKeyword.execute(VerifyElementTextKeyword.groovy:40)
	at com.kms.katalon.core.keyword.internal.KeywordExecutor.executeKeywordForPlatform(KeywordExecutor.groovy:74)
	at com.kms.katalon.core.webui.keyword.WebUiBuiltInKeywords.verifyElementText(WebUiBuiltInKeywords.groovy:4835)
	at PSSIMonitoringClearCCTVSelection.run(PSSIMonitoringClearCCTVSelection:58)
	at com.kms.katalon.core.main.ScriptEngine.run(ScriptEngine.java:194)
	at com.kms.katalon.core.main.ScriptEngine.runScriptAsRawText(ScriptEngine.java:119)
	at com.kms.katalon.core.main.TestCaseExecutor.runScript(TestCaseExecutor.java:448)
	at com.kms.katalon.core.main.TestCaseExecutor.doExecute(TestCaseExecutor.java:439)
	at com.kms.katalon.core.main.TestCaseExecutor.processExecutionPhase(TestCaseExecutor.java:418)
	at com.kms.katalon.core.main.TestCaseExecutor.accessMainPhase(TestCaseExecutor.java:410)
	at com.kms.katalon.core.main.TestCaseExecutor.execute(TestCaseExecutor.java:285)
	at com.kms.katalon.core.main.TestCaseExecutor.execute(TestCaseExecutor.java:369)
	at com.kms.katalon.core.main.TestCaseExecutor.execute(TestCaseExecutor.java:369)
	at com.kms.katalon.core.main.TestCaseExecutor.execute(TestCaseExecutor.java:369)
	at com.kms.katalon.core.common.CommonExecutor.accessTestCaseMainPhase(CommonExecutor.java:65)
	at com.kms.katalon.core.main.TestSuiteExecutor.accessTestSuiteMainPhase(TestSuiteExecutor.java:148)
	at com.kms.katalon.core.main.TestSuiteExecutor.execute(TestSuiteExecutor.java:106)
	at com.kms.katalon.core.main.TestCaseMain.startTestSuite(TestCaseMain.java:180)
	at TempTestSuite1704856313175.run(TempTestSuite1704856313175.groovy:36)
	at java.base/jdk.internal.reflect.NativeMethodAccessorImpl.invoke0(Native Method)
	at java.base/jdk.internal.reflect.NativeMethodAccessorImpl.invoke(NativeMethodAccessorImpl.java:77)
	at java.base/jdk.internal.reflect.DelegatingMethodAccessorImpl.invoke(DelegatingMethodAccessorImpl.java:43)
Caused by: com.kms.katalon.core.exception.StepFailedException: Actual text 'CCTV 1' and expected text '-- Search CCTV --' of test object 'Object Repository/Page_Playback Video/CCTV Selection Bar' are NOT matched.
	at com.kms.katalon.core.webui.keyword.internal.WebUIKeywordMain.stepFailed(WebUIKeywordMain.groovy:64)
	at com.kms.katalon.core.webui.keyword.builtin.VerifyElementTextKeyword$_verifyElementText_closure1.doCall(VerifyElementTextKeyword.groovy:57)
	at com.kms.katalon.core.webui.keyword.builtin.VerifyElementTextKeyword$_verifyElementText_closure1.call(VerifyElementTextKeyword.groovy)
	at com.kms.katalon.core.webui.keyword.internal.WebUIKeywordMain.runKeyword(WebUIKeywordMain.groovy:20)
	... 23 more]]></system-err>
      </testcase>
      <testcase name="Test Cases/Offline PSSI Dashboard Function/Create BE Playback Video/Select CCTV/Negative Test Case/PSSIMonitoringCloseCCTVSelection" time="23.389" classname="Test Cases/Offline PSSI Dashboard Function/Create BE Playback Video/Select CCTV/Negative Test Case/PSSIMonitoringCloseCCTVSelection" status="PASSED">
         <system-out><![CDATA[10-01-2024T10:35:36 - [TEST_CASE][PASSED] - Test Cases/Offline PSSI Dashboard Function/Create BE Playback Video/Select CCTV/Negative Test Case/PSSIMonitoringCloseCCTVSelection: Test Cases/Offline PSSI Dashboard Function/Create BE Playback Video/Select CCTV/Negative Test Case/PSSIMonitoringCloseCCTVSelection

10-01-2024T10:35:36 - [TEST_STEP][PASSED] - baseUrl = offline_pssi_dashboard_url: null

10-01-2024T10:35:36 - [TEST_STEP][PASSED] - callTestCase(findTestCase("Offline PSSI Dashboard Function/Create BE Playback Video/View Playback Video Data/PSSIViewPlaybackVideo"), [:]): Call Test Case 'Test Cases/Offline PSSI Dashboard Function/Create BE Playback Video/View Playback Video Data/PSSIViewPlaybackVideo' successfully

10-01-2024T10:35:36 - [TEST_CASE][PASSED] - Test Cases/Offline PSSI Dashboard Function/Create BE Playback Video/View Playback Video Data/PSSIViewPlaybackVideo: Test Cases/Offline PSSI Dashboard Function/Create BE Playback Video/View Playback Video Data/PSSIViewPlaybackVideo

10-01-2024T10:35:36 - [TEST_STEP][PASSED] - baseUrl = offline_pssi_dashboard_url: null

10-01-2024T10:35:36 - [TEST_STEP][PASSED] - callTestCase(findTestCase("Offline PSSI Dashboard Function/Sign In/PSSISignInValidData"), [:]): Call Test Case 'Test Cases/Offline PSSI Dashboard Function/Sign In/PSSISignInValidData' successfully

10-01-2024T10:35:36 - [TEST_CASE][PASSED] - Test Cases/Offline PSSI Dashboard Function/Sign In/PSSISignInValidData: Test Cases/Offline PSSI Dashboard Function/Sign In/PSSISignInValidData

10-01-2024T10:35:36 - [TEST_STEP][PASSED] - failureHandling = STOP_ON_FAILURE: null

10-01-2024T10:35:36 - [TEST_STEP][PASSED] - baseUrl = offline_pssi_dashboard_url: null

10-01-2024T10:35:36 - [TEST_STEP][PASSED] - openBrowser(""): Browser is opened with url: ''

10-01-2024T10:35:37 - [MESSAGE][WARNING] - A browser is already opened. Closing browser and opening a new one

10-01-2024T10:35:37 - [MESSAGE][INFO] - Starting 'Chrome' driver

10-01-2024T10:35:37 - [MESSAGE][INFO] - Action delay is set to 0 milliseconds

10-01-2024T10:35:39 - [MESSAGE][PASSED] - Browser is opened with url: ''

10-01-2024T10:35:39 - [TEST_STEP][PASSED] - navigateToUrl(baseUrl): Navigate to 'https://monitoring.pssi-dev.kecilin.id' successfully

10-01-2024T10:35:40 - [MESSAGE][PASSED] - Navigate to 'https://monitoring.pssi-dev.kecilin.id' successfully

10-01-2024T10:35:40 - [TEST_STEP][PASSED] - maximizeWindow(): Current window maximized

10-01-2024T10:35:40 - [MESSAGE][PASSED] - Current window maximized

10-01-2024T10:35:40 - [TEST_STEP][PASSED] - setText(findTestObject("Object Repository/Page_Login/input_email"), "superadmin@app.com"): Text 'superadmin@app.com' is set on object 'Object Repository/Page_Login/input_email'

10-01-2024T10:35:42 - [MESSAGE][PASSED] - Text 'superadmin@app.com' is set on object 'Object Repository/Page_Login/input_email'

10-01-2024T10:35:42 - [TEST_STEP][PASSED] - setEncryptedText(findTestObject("Object Repository/Page_Login/input_password"), "8SQVv/p9jVScEs4/2CZsLw=="): Text ****** has been set on object 'Object Repository/Page_Login/input_password'

10-01-2024T10:35:42 - [MESSAGE][PASSED] - Text ****** has been set on object 'Object Repository/Page_Login/input_password'

10-01-2024T10:35:42 - [TEST_STEP][PASSED] - click(findTestObject("Object Repository/Page_Login/button_Sign In")): Object: 'Object Repository/Page_Login/button_Sign In' is clicked on

10-01-2024T10:35:44 - [MESSAGE][PASSED] - Object: 'Object Repository/Page_Login/button_Sign In' is clicked on

10-01-2024T10:35:44 - [MESSAGE][PASSED] - Call Test Case 'Test Cases/Offline PSSI Dashboard Function/Sign In/PSSISignInValidData' successfully

10-01-2024T10:35:44 - [TEST_STEP][PASSED] - navigateToUrl(baseUrl + "/playback_video"): Navigate to 'https://monitoring.pssi-dev.kecilin.id/playback_video' successfully

10-01-2024T10:35:45 - [MESSAGE][PASSED] - Navigate to 'https://monitoring.pssi-dev.kecilin.id/playback_video' successfully

10-01-2024T10:35:45 - [MESSAGE][PASSED] - Call Test Case 'Test Cases/Offline PSSI Dashboard Function/Create BE Playback Video/View Playback Video Data/PSSIViewPlaybackVideo' successfully

10-01-2024T10:35:45 - [TEST_STEP][PASSED] - verifyElementClickable(findTestObject("Page_Playback Video/Stadium Selection Bar")): Object 'Object Repository/Page_Playback Video/Stadium Selection Bar' is clickable

10-01-2024T10:35:46 - [MESSAGE][PASSED] - Object 'Object Repository/Page_Playback Video/Stadium Selection Bar' is clickable

10-01-2024T10:35:46 - [TEST_STEP][PASSED] - click(findTestObject("Page_Playback Video/Stadium Selection Bar")): Object: 'Object Repository/Page_Playback Video/Stadium Selection Bar' is clicked on

10-01-2024T10:35:46 - [MESSAGE][PASSED] - Object: 'Object Repository/Page_Playback Video/Stadium Selection Bar' is clicked on

10-01-2024T10:35:46 - [TEST_STEP][PASSED] - sendKeys(findTestObject("Page_Playback Video/Stadium Search Field"), Keys.chord(ENTER)): Keys 'ENTER + ' sent to object: 'Object Repository/Page_Playback Video/Stadium Search Field'

10-01-2024T10:35:47 - [MESSAGE][PASSED] - Keys 'ENTER + ' sent to object: 'Object Repository/Page_Playback Video/Stadium Search Field'

10-01-2024T10:35:47 - [TEST_STEP][PASSED] - verifyElementClickable(findTestObject("Page_Playback Video/CCTV Selection Bar")): Object 'Object Repository/Page_Playback Video/CCTV Selection Bar' is clickable

10-01-2024T10:35:48 - [MESSAGE][PASSED] - Object 'Object Repository/Page_Playback Video/CCTV Selection Bar' is clickable

10-01-2024T10:35:48 - [TEST_STEP][PASSED] - click(findTestObject("Page_Playback Video/CCTV Selection Bar")): Object: 'Object Repository/Page_Playback Video/CCTV Selection Bar' is clicked on

10-01-2024T10:35:48 - [MESSAGE][PASSED] - Object: 'Object Repository/Page_Playback Video/CCTV Selection Bar' is clicked on

10-01-2024T10:35:48 - [TEST_STEP][PASSED] - verifyElementClickable(findTestObject("Page_Playback Video/CCTV Selection Bar")): Object 'Object Repository/Page_Playback Video/CCTV Selection Bar' is clickable

10-01-2024T10:35:49 - [MESSAGE][PASSED] - Object 'Object Repository/Page_Playback Video/CCTV Selection Bar' is clickable

10-01-2024T10:35:49 - [TEST_STEP][PASSED] - click(findTestObject("Page_Playback Video/CCTV Selection Bar")): Object: 'Object Repository/Page_Playback Video/CCTV Selection Bar' is clicked on

10-01-2024T10:35:49 - [MESSAGE][PASSED] - Object: 'Object Repository/Page_Playback Video/CCTV Selection Bar' is clicked on

10-01-2024T10:35:49 - [TEST_STEP][PASSED] - verifyElementNotPresent(findTestObject("Page_Playback Video/CCTV Search Field"), 0): Web element with id: 'Object Repository/Page_Playback Video/CCTV Search Field' located by 'By.xpath: /html[@class="fontawesome-i2svg-active fontawesome-i2svg-complete"]/body[@class="g-sidenav-show  bg-gray-100"]/span[@class="select2-container select2-container--default select2-container--open"]/span[@class="select2-dropdown select2-dropdown--below"]/span[@class="select2-search select2-search--dropdown"]/input[@class="select2-search__field"][count(. | //input[@class = 'select2-search__field' and @type = 'search' and @tabindex = '0' and @autocorrect = 'off' and @autocapitalize = 'none' and @spellcheck = 'false' and @role = 'searchbox' and @aria-autocomplete = 'list' and @autocomplete = 'off' and @aria-label = 'Search' and @aria-controls = 'select2-cctv-results']) = count(//input[@class = 'select2-search__field' and @type = 'search' and @tabindex = '0' and @autocorrect = 'off' and @autocapitalize = 'none' and @spellcheck = 'false' and @role = 'searchbox' and @aria-autocomplete = 'list' and @autocomplete = 'off' and @aria-label = 'Search' and @aria-controls = 'select2-cctv-results'])]' is not present after '1' second(s)

10-01-2024T10:35:49 - [MESSAGE][WARNING] - Timeout '0' is invalid. Using default page load timeout: '1'

10-01-2024T10:35:50 - [MESSAGE][PASSED] - Web element with id: 'Object Repository/Page_Playback Video/CCTV Search Field' located by 'By.xpath: /html[@class="fontawesome-i2svg-active fontawesome-i2svg-complete"]/body[@class="g-sidenav-show  bg-gray-100"]/span[@class="select2-container select2-container--default select2-container--open"]/span[@class="select2-dropdown select2-dropdown--below"]/span[@class="select2-search select2-search--dropdown"]/input[@class="select2-search__field"][count(. | //input[@class = 'select2-search__field' and @type = 'search' and @tabindex = '0' and @autocorrect = 'off' and @autocapitalize = 'none' and @spellcheck = 'false' and @role = 'searchbox' and @aria-autocomplete = 'list' and @autocomplete = 'off' and @aria-label = 'Search' and @aria-controls = 'select2-cctv-results']) = count(//input[@class = 'select2-search__field' and @type = 'search' and @tabindex = '0' and @autocorrect = 'off' and @autocapitalize = 'none' and @spellcheck = 'false' and @role = 'searchbox' and @aria-autocomplete = 'list' and @autocomplete = 'off' and @aria-label = 'Search' and @aria-controls = 'select2-cctv-results'])]' is not present after '1' second(s)

10-01-2024T10:35:50 - [TEST_STEP][PASSED] - verifyElementClickable(findTestObject("Page_Playback Video/CCTV Selection Bar")): Object 'Object Repository/Page_Playback Video/CCTV Selection Bar' is clickable

10-01-2024T10:35:52 - [MESSAGE][INFO] - Unable to find the element located by 'By.xpath: id("select2-cctv-container")[count(. | //span[@class = 'select2-selection__rendered' and @id = 'select2-cctv-container' and @role = 'textbox' and @aria-readonly = 'true' and @title = '-- Search CCTV --' and (text() = '-- Search CCTV --' or . = '-- Search CCTV --')]) = count(//span[@class = 'select2-selection__rendered' and @id = 'select2-cctv-container' and @role = 'textbox' and @aria-readonly = 'true' and @title = '-- Search CCTV --' and (text() = '-- Search CCTV --' or . = '-- Search CCTV --')])]'. Please recheck the objects properties to make sure the desired element is located. 

10-01-2024T10:35:52 - [MESSAGE][WARNING] - [SELF-HEALING] Failed to find element with id 'Object Repository/Page_Playback Video/CCTV Selection Bar'. Try using Self-healing.

10-01-2024T10:35:52 - [MESSAGE][WARNING] - [SELF-HEALING] The current locator of test object 'Object Repository/Page_Playback Video/CCTV Selection Bar' was broken. Propose an alternative one: '//span[@id='select2-cctv-container']'.

10-01-2024T10:35:52 - [MESSAGE][PASSED] - Object 'Object Repository/Page_Playback Video/CCTV Selection Bar' is clickable

10-01-2024T10:35:52 - [TEST_STEP][PASSED] - click(findTestObject("Page_Playback Video/CCTV Selection Bar")): Object: 'Object Repository/Page_Playback Video/CCTV Selection Bar' is clicked on

10-01-2024T10:35:55 - [MESSAGE][INFO] - Unable to find the element located by 'By.xpath: id("select2-cctv-container")[count(. | //span[@class = 'select2-selection__rendered' and @id = 'select2-cctv-container' and @role = 'textbox' and @aria-readonly = 'true' and @title = '-- Search CCTV --' and (text() = '-- Search CCTV --' or . = '-- Search CCTV --')]) = count(//span[@class = 'select2-selection__rendered' and @id = 'select2-cctv-container' and @role = 'textbox' and @aria-readonly = 'true' and @title = '-- Search CCTV --' and (text() = '-- Search CCTV --' or . = '-- Search CCTV --')])]'. Please recheck the objects properties to make sure the desired element is located. 

10-01-2024T10:35:55 - [MESSAGE][WARNING] - [SELF-HEALING] Failed to find element with id 'Object Repository/Page_Playback Video/CCTV Selection Bar'. Try using Self-healing.

10-01-2024T10:35:55 - [MESSAGE][WARNING] - [SELF-HEALING] The current locator of test object 'Object Repository/Page_Playback Video/CCTV Selection Bar' was broken. Propose an alternative one: '//span[@id='select2-cctv-container']'.

10-01-2024T10:35:56 - [MESSAGE][PASSED] - Object: 'Object Repository/Page_Playback Video/CCTV Selection Bar' is clicked on

10-01-2024T10:35:56 - [TEST_STEP][PASSED] - clickOffset(findTestObject("Page_Playback Video/CCTV Selection Bar"), 50, 100): Object: 'Object Repository/Page_Playback Video/CCTV Selection Bar' is clicked on using offset x=50 and y=100

10-01-2024T10:35:58 - [MESSAGE][INFO] - Unable to find the element located by 'By.xpath: id("select2-cctv-container")[count(. | //span[@class = 'select2-selection__rendered' and @id = 'select2-cctv-container' and @role = 'textbox' and @aria-readonly = 'true' and @title = '-- Search CCTV --' and (text() = '-- Search CCTV --' or . = '-- Search CCTV --')]) = count(//span[@class = 'select2-selection__rendered' and @id = 'select2-cctv-container' and @role = 'textbox' and @aria-readonly = 'true' and @title = '-- Search CCTV --' and (text() = '-- Search CCTV --' or . = '-- Search CCTV --')])]'. Please recheck the objects properties to make sure the desired element is located. 

10-01-2024T10:35:58 - [MESSAGE][WARNING] - [SELF-HEALING] Failed to find element with id 'Object Repository/Page_Playback Video/CCTV Selection Bar'. Try using Self-healing.

10-01-2024T10:35:58 - [MESSAGE][WARNING] - [SELF-HEALING] The current locator of test object 'Object Repository/Page_Playback Video/CCTV Selection Bar' was broken. Propose an alternative one: '//span[@id='select2-cctv-container']'.

10-01-2024T10:35:58 - [MESSAGE][PASSED] - Object: 'Object Repository/Page_Playback Video/CCTV Selection Bar' is clicked on using offset x=50 and y=100

10-01-2024T10:35:58 - [TEST_STEP][PASSED] - verifyElementNotPresent(findTestObject("Page_Playback Video/CCTV Search Field"), 0): Web element with id: 'Object Repository/Page_Playback Video/CCTV Search Field' located by 'By.xpath: /html[@class="fontawesome-i2svg-active fontawesome-i2svg-complete"]/body[@class="g-sidenav-show  bg-gray-100"]/span[@class="select2-container select2-container--default select2-container--open"]/span[@class="select2-dropdown select2-dropdown--below"]/span[@class="select2-search select2-search--dropdown"]/input[@class="select2-search__field"][count(. | //input[@class = 'select2-search__field' and @type = 'search' and @tabindex = '0' and @autocorrect = 'off' and @autocapitalize = 'none' and @spellcheck = 'false' and @role = 'searchbox' and @aria-autocomplete = 'list' and @autocomplete = 'off' and @aria-label = 'Search' and @aria-controls = 'select2-cctv-results']) = count(//input[@class = 'select2-search__field' and @type = 'search' and @tabindex = '0' and @autocorrect = 'off' and @autocapitalize = 'none' and @spellcheck = 'false' and @role = 'searchbox' and @aria-autocomplete = 'list' and @autocomplete = 'off' and @aria-label = 'Search' and @aria-controls = 'select2-cctv-results'])]' is not present after '1' second(s)

10-01-2024T10:35:59 - [MESSAGE][WARNING] - Timeout '0' is invalid. Using default page load timeout: '1'

10-01-2024T10:35:59 - [MESSAGE][PASSED] - Web element with id: 'Object Repository/Page_Playback Video/CCTV Search Field' located by 'By.xpath: /html[@class="fontawesome-i2svg-active fontawesome-i2svg-complete"]/body[@class="g-sidenav-show  bg-gray-100"]/span[@class="select2-container select2-container--default select2-container--open"]/span[@class="select2-dropdown select2-dropdown--below"]/span[@class="select2-search select2-search--dropdown"]/input[@class="select2-search__field"][count(. | //input[@class = 'select2-search__field' and @type = 'search' and @tabindex = '0' and @autocorrect = 'off' and @autocapitalize = 'none' and @spellcheck = 'false' and @role = 'searchbox' and @aria-autocomplete = 'list' and @autocomplete = 'off' and @aria-label = 'Search' and @aria-controls = 'select2-cctv-results']) = count(//input[@class = 'select2-search__field' and @type = 'search' and @tabindex = '0' and @autocorrect = 'off' and @autocapitalize = 'none' and @spellcheck = 'false' and @role = 'searchbox' and @aria-autocomplete = 'list' and @autocomplete = 'off' and @aria-label = 'Search' and @aria-controls = 'select2-cctv-results'])]' is not present after '1' second(s)

10-01-2024T10:35:59 - [TEST_STEP][PASSED] - closeBrowser(): Browser is closed

10-01-2024T10:35:59 - [MESSAGE][PASSED] - Browser is closed]]></system-out>
         <system-err><![CDATA[]]></system-err>
      </testcase>
      <testcase name="Test Cases/Offline PSSI Dashboard Function/Create BE Playback Video/Select CCTV/Negative Test Case/PSSIPlaybackVideoCCTVSearchNoResult" time="14.565" classname="Test Cases/Offline PSSI Dashboard Function/Create BE Playback Video/Select CCTV/Negative Test Case/PSSIPlaybackVideoCCTVSearchNoResult" status="PASSED">
         <system-out><![CDATA[10-01-2024T10:35:59 - [TEST_CASE][PASSED] - Test Cases/Offline PSSI Dashboard Function/Create BE Playback Video/Select CCTV/Negative Test Case/PSSIPlaybackVideoCCTVSearchNoResult: Test Cases/Offline PSSI Dashboard Function/Create BE Playback Video/Select CCTV/Negative Test Case/PSSIPlaybackVideoCCTVSearchNoResult

10-01-2024T10:36:00 - [TEST_STEP][PASSED] - baseUrl = offline_pssi_dashboard_url: null

10-01-2024T10:36:00 - [TEST_STEP][PASSED] - callTestCase(findTestCase("Offline PSSI Dashboard Function/Create BE Playback Video/View Playback Video Data/PSSIViewPlaybackVideo"), [:]): Call Test Case 'Test Cases/Offline PSSI Dashboard Function/Create BE Playback Video/View Playback Video Data/PSSIViewPlaybackVideo' successfully

10-01-2024T10:36:00 - [TEST_CASE][PASSED] - Test Cases/Offline PSSI Dashboard Function/Create BE Playback Video/View Playback Video Data/PSSIViewPlaybackVideo: Test Cases/Offline PSSI Dashboard Function/Create BE Playback Video/View Playback Video Data/PSSIViewPlaybackVideo

10-01-2024T10:36:00 - [TEST_STEP][PASSED] - baseUrl = offline_pssi_dashboard_url: null

10-01-2024T10:36:00 - [TEST_STEP][PASSED] - callTestCase(findTestCase("Offline PSSI Dashboard Function/Sign In/PSSISignInValidData"), [:]): Call Test Case 'Test Cases/Offline PSSI Dashboard Function/Sign In/PSSISignInValidData' successfully

10-01-2024T10:36:00 - [TEST_CASE][PASSED] - Test Cases/Offline PSSI Dashboard Function/Sign In/PSSISignInValidData: Test Cases/Offline PSSI Dashboard Function/Sign In/PSSISignInValidData

10-01-2024T10:36:00 - [TEST_STEP][PASSED] - failureHandling = STOP_ON_FAILURE: null

10-01-2024T10:36:00 - [TEST_STEP][PASSED] - baseUrl = offline_pssi_dashboard_url: null

10-01-2024T10:36:00 - [TEST_STEP][PASSED] - openBrowser(""): Browser is opened with url: ''

10-01-2024T10:36:00 - [MESSAGE][INFO] - Starting 'Chrome' driver

10-01-2024T10:36:00 - [MESSAGE][INFO] - Action delay is set to 0 milliseconds

10-01-2024T10:36:02 - [MESSAGE][PASSED] - Browser is opened with url: ''

10-01-2024T10:36:02 - [TEST_STEP][PASSED] - navigateToUrl(baseUrl): Navigate to 'https://monitoring.pssi-dev.kecilin.id' successfully

10-01-2024T10:36:04 - [MESSAGE][PASSED] - Navigate to 'https://monitoring.pssi-dev.kecilin.id' successfully

10-01-2024T10:36:04 - [TEST_STEP][PASSED] - maximizeWindow(): Current window maximized

10-01-2024T10:36:04 - [MESSAGE][PASSED] - Current window maximized

10-01-2024T10:36:04 - [TEST_STEP][PASSED] - setText(findTestObject("Object Repository/Page_Login/input_email"), "superadmin@app.com"): Text 'superadmin@app.com' is set on object 'Object Repository/Page_Login/input_email'

10-01-2024T10:36:05 - [MESSAGE][PASSED] - Text 'superadmin@app.com' is set on object 'Object Repository/Page_Login/input_email'

10-01-2024T10:36:05 - [TEST_STEP][PASSED] - setEncryptedText(findTestObject("Object Repository/Page_Login/input_password"), "8SQVv/p9jVScEs4/2CZsLw=="): Text ****** has been set on object 'Object Repository/Page_Login/input_password'

10-01-2024T10:36:06 - [MESSAGE][PASSED] - Text ****** has been set on object 'Object Repository/Page_Login/input_password'

10-01-2024T10:36:06 - [TEST_STEP][PASSED] - click(findTestObject("Object Repository/Page_Login/button_Sign In")): Object: 'Object Repository/Page_Login/button_Sign In' is clicked on

10-01-2024T10:36:08 - [MESSAGE][PASSED] - Object: 'Object Repository/Page_Login/button_Sign In' is clicked on

10-01-2024T10:36:08 - [MESSAGE][PASSED] - Call Test Case 'Test Cases/Offline PSSI Dashboard Function/Sign In/PSSISignInValidData' successfully

10-01-2024T10:36:08 - [TEST_STEP][PASSED] - navigateToUrl(baseUrl + "/playback_video"): Navigate to 'https://monitoring.pssi-dev.kecilin.id/playback_video' successfully

10-01-2024T10:36:08 - [MESSAGE][PASSED] - Navigate to 'https://monitoring.pssi-dev.kecilin.id/playback_video' successfully

10-01-2024T10:36:08 - [MESSAGE][PASSED] - Call Test Case 'Test Cases/Offline PSSI Dashboard Function/Create BE Playback Video/View Playback Video Data/PSSIViewPlaybackVideo' successfully

10-01-2024T10:36:08 - [TEST_STEP][PASSED] - verifyElementClickable(findTestObject("Page_Playback Video/Stadium Selection Bar")): Object 'Object Repository/Page_Playback Video/Stadium Selection Bar' is clickable

10-01-2024T10:36:09 - [MESSAGE][PASSED] - Object 'Object Repository/Page_Playback Video/Stadium Selection Bar' is clickable

10-01-2024T10:36:09 - [TEST_STEP][PASSED] - click(findTestObject("Page_Playback Video/Stadium Selection Bar")): Object: 'Object Repository/Page_Playback Video/Stadium Selection Bar' is clicked on

10-01-2024T10:36:09 - [MESSAGE][PASSED] - Object: 'Object Repository/Page_Playback Video/Stadium Selection Bar' is clicked on

10-01-2024T10:36:09 - [TEST_STEP][PASSED] - sendKeys(findTestObject("Page_Playback Video/Stadium Search Field"), Keys.chord(ENTER)): Keys 'ENTER + ' sent to object: 'Object Repository/Page_Playback Video/Stadium Search Field'

10-01-2024T10:36:10 - [MESSAGE][PASSED] - Keys 'ENTER + ' sent to object: 'Object Repository/Page_Playback Video/Stadium Search Field'

10-01-2024T10:36:10 - [TEST_STEP][PASSED] - verifyElementClickable(findTestObject("Page_Playback Video/CCTV Selection Bar")): Object 'Object Repository/Page_Playback Video/CCTV Selection Bar' is clickable

10-01-2024T10:36:10 - [MESSAGE][PASSED] - Object 'Object Repository/Page_Playback Video/CCTV Selection Bar' is clickable

10-01-2024T10:36:10 - [TEST_STEP][PASSED] - click(findTestObject("Page_Playback Video/CCTV Selection Bar")): Object: 'Object Repository/Page_Playback Video/CCTV Selection Bar' is clicked on

10-01-2024T10:36:11 - [MESSAGE][PASSED] - Object: 'Object Repository/Page_Playback Video/CCTV Selection Bar' is clicked on

10-01-2024T10:36:11 - [TEST_STEP][PASSED] - verifyElementClickable(findTestObject("Page_Playback Video/CCTV Search Field")): Object 'Object Repository/Page_Playback Video/CCTV Search Field' is clickable

10-01-2024T10:36:11 - [MESSAGE][PASSED] - Object 'Object Repository/Page_Playback Video/CCTV Search Field' is clickable

10-01-2024T10:36:11 - [TEST_STEP][PASSED] - setText(findTestObject("Page_Playback Video/CCTV Search Field"), "Basasasasung"): Text 'Basasasasung' is set on object 'Object Repository/Page_Playback Video/CCTV Search Field'

10-01-2024T10:36:12 - [MESSAGE][PASSED] - Text 'Basasasasung' is set on object 'Object Repository/Page_Playback Video/CCTV Search Field'

10-01-2024T10:36:12 - [TEST_STEP][PASSED] - sendKeys(findTestObject("Page_Playback Video/CCTV Search Field"), Keys.chord(ENTER)): Keys 'ENTER + ' sent to object: 'Object Repository/Page_Playback Video/CCTV Search Field'

10-01-2024T10:36:13 - [MESSAGE][PASSED] - Keys 'ENTER + ' sent to object: 'Object Repository/Page_Playback Video/CCTV Search Field'

10-01-2024T10:36:13 - [TEST_STEP][PASSED] - verifyTextPresent("No results found", true): Text 'No results found' is present on page  using regular expression

10-01-2024T10:36:13 - [MESSAGE][PASSED] - Text 'No results found' is present on page  using regular expression

10-01-2024T10:36:13 - [TEST_STEP][PASSED] - closeBrowser(): Browser is closed

10-01-2024T10:36:14 - [MESSAGE][PASSED] - Browser is closed]]></system-out>
         <system-err><![CDATA[]]></system-err>
      </testcase>
      <testcase name="Test Cases/Offline PSSI Dashboard Function/Create BE Playback Video/Select CCTV/Positive Test Case/PSSIMonitoringSelectCCTVArrowKeys" time="16.113" classname="Test Cases/Offline PSSI Dashboard Function/Create BE Playback Video/Select CCTV/Positive Test Case/PSSIMonitoringSelectCCTVArrowKeys" status="PASSED">
         <system-out><![CDATA[10-01-2024T10:36:14 - [TEST_CASE][PASSED] - Test Cases/Offline PSSI Dashboard Function/Create BE Playback Video/Select CCTV/Positive Test Case/PSSIMonitoringSelectCCTVArrowKeys: Test Cases/Offline PSSI Dashboard Function/Create BE Playback Video/Select CCTV/Positive Test Case/PSSIMonitoringSelectCCTVArrowKeys

10-01-2024T10:36:14 - [TEST_STEP][PASSED] - baseUrl = offline_pssi_dashboard_url: null

10-01-2024T10:36:14 - [TEST_STEP][PASSED] - callTestCase(findTestCase("Offline PSSI Dashboard Function/Create BE Playback Video/View Playback Video Data/PSSIViewPlaybackVideo"), [:]): Call Test Case 'Test Cases/Offline PSSI Dashboard Function/Create BE Playback Video/View Playback Video Data/PSSIViewPlaybackVideo' successfully

10-01-2024T10:36:14 - [TEST_CASE][PASSED] - Test Cases/Offline PSSI Dashboard Function/Create BE Playback Video/View Playback Video Data/PSSIViewPlaybackVideo: Test Cases/Offline PSSI Dashboard Function/Create BE Playback Video/View Playback Video Data/PSSIViewPlaybackVideo

10-01-2024T10:36:15 - [TEST_STEP][PASSED] - baseUrl = offline_pssi_dashboard_url: null

10-01-2024T10:36:15 - [TEST_STEP][PASSED] - callTestCase(findTestCase("Offline PSSI Dashboard Function/Sign In/PSSISignInValidData"), [:]): Call Test Case 'Test Cases/Offline PSSI Dashboard Function/Sign In/PSSISignInValidData' successfully

10-01-2024T10:36:15 - [TEST_CASE][PASSED] - Test Cases/Offline PSSI Dashboard Function/Sign In/PSSISignInValidData: Test Cases/Offline PSSI Dashboard Function/Sign In/PSSISignInValidData

10-01-2024T10:36:15 - [TEST_STEP][PASSED] - failureHandling = STOP_ON_FAILURE: null

10-01-2024T10:36:15 - [TEST_STEP][PASSED] - baseUrl = offline_pssi_dashboard_url: null

10-01-2024T10:36:15 - [TEST_STEP][PASSED] - openBrowser(""): Browser is opened with url: ''

10-01-2024T10:36:15 - [MESSAGE][INFO] - Starting 'Chrome' driver

10-01-2024T10:36:15 - [MESSAGE][INFO] - Action delay is set to 0 milliseconds

10-01-2024T10:36:17 - [MESSAGE][PASSED] - Browser is opened with url: ''

10-01-2024T10:36:17 - [TEST_STEP][PASSED] - navigateToUrl(baseUrl): Navigate to 'https://monitoring.pssi-dev.kecilin.id' successfully

10-01-2024T10:36:18 - [MESSAGE][PASSED] - Navigate to 'https://monitoring.pssi-dev.kecilin.id' successfully

10-01-2024T10:36:18 - [TEST_STEP][PASSED] - maximizeWindow(): Current window maximized

10-01-2024T10:36:19 - [MESSAGE][PASSED] - Current window maximized

10-01-2024T10:36:19 - [TEST_STEP][PASSED] - setText(findTestObject("Object Repository/Page_Login/input_email"), "superadmin@app.com"): Text 'superadmin@app.com' is set on object 'Object Repository/Page_Login/input_email'

10-01-2024T10:36:20 - [MESSAGE][PASSED] - Text 'superadmin@app.com' is set on object 'Object Repository/Page_Login/input_email'

10-01-2024T10:36:20 - [TEST_STEP][PASSED] - setEncryptedText(findTestObject("Object Repository/Page_Login/input_password"), "8SQVv/p9jVScEs4/2CZsLw=="): Text ****** has been set on object 'Object Repository/Page_Login/input_password'

10-01-2024T10:36:21 - [MESSAGE][PASSED] - Text ****** has been set on object 'Object Repository/Page_Login/input_password'

10-01-2024T10:36:21 - [TEST_STEP][PASSED] - click(findTestObject("Object Repository/Page_Login/button_Sign In")): Object: 'Object Repository/Page_Login/button_Sign In' is clicked on

10-01-2024T10:36:23 - [MESSAGE][PASSED] - Object: 'Object Repository/Page_Login/button_Sign In' is clicked on

10-01-2024T10:36:23 - [MESSAGE][PASSED] - Call Test Case 'Test Cases/Offline PSSI Dashboard Function/Sign In/PSSISignInValidData' successfully

10-01-2024T10:36:23 - [TEST_STEP][PASSED] - navigateToUrl(baseUrl + "/playback_video"): Navigate to 'https://monitoring.pssi-dev.kecilin.id/playback_video' successfully

10-01-2024T10:36:24 - [MESSAGE][PASSED] - Navigate to 'https://monitoring.pssi-dev.kecilin.id/playback_video' successfully

10-01-2024T10:36:24 - [MESSAGE][PASSED] - Call Test Case 'Test Cases/Offline PSSI Dashboard Function/Create BE Playback Video/View Playback Video Data/PSSIViewPlaybackVideo' successfully

10-01-2024T10:36:24 - [TEST_STEP][PASSED] - verifyElementClickable(findTestObject("Page_Playback Video/Stadium Selection Bar")): Object 'Object Repository/Page_Playback Video/Stadium Selection Bar' is clickable

10-01-2024T10:36:24 - [MESSAGE][PASSED] - Object 'Object Repository/Page_Playback Video/Stadium Selection Bar' is clickable

10-01-2024T10:36:24 - [TEST_STEP][PASSED] - click(findTestObject("Page_Playback Video/Stadium Selection Bar")): Object: 'Object Repository/Page_Playback Video/Stadium Selection Bar' is clicked on

10-01-2024T10:36:25 - [MESSAGE][PASSED] - Object: 'Object Repository/Page_Playback Video/Stadium Selection Bar' is clicked on

10-01-2024T10:36:25 - [TEST_STEP][PASSED] - sendKeys(findTestObject("Page_Playback Video/Stadium Search Field"), Keys.chord(ARROW_DOWN)): Keys 'DOWN + ' sent to object: 'Object Repository/Page_Playback Video/Stadium Search Field'

10-01-2024T10:36:25 - [MESSAGE][PASSED] - Keys 'DOWN + ' sent to object: 'Object Repository/Page_Playback Video/Stadium Search Field'

10-01-2024T10:36:25 - [TEST_STEP][PASSED] - sendKeys(findTestObject("Page_Playback Video/Stadium Search Field"), Keys.chord(ARROW_UP)): Keys 'UP + ' sent to object: 'Object Repository/Page_Playback Video/Stadium Search Field'

10-01-2024T10:36:26 - [MESSAGE][PASSED] - Keys 'UP + ' sent to object: 'Object Repository/Page_Playback Video/Stadium Search Field'

10-01-2024T10:36:26 - [TEST_STEP][PASSED] - sendKeys(findTestObject("Page_Playback Video/Stadium Search Field"), Keys.chord(ENTER)): Keys 'ENTER + ' sent to object: 'Object Repository/Page_Playback Video/Stadium Search Field'

10-01-2024T10:36:26 - [MESSAGE][PASSED] - Keys 'ENTER + ' sent to object: 'Object Repository/Page_Playback Video/Stadium Search Field'

10-01-2024T10:36:26 - [TEST_STEP][PASSED] - verifyTextNotPresent("-- Search Stadium --", false): Text '-- Search Stadium --' is not present on page

10-01-2024T10:36:27 - [MESSAGE][PASSED] - Text '-- Search Stadium --' is not present on page

10-01-2024T10:36:27 - [TEST_STEP][PASSED] - verifyElementClickable(findTestObject("Page_Playback Video/CCTV Selection Bar")): Object 'Object Repository/Page_Playback Video/CCTV Selection Bar' is clickable

10-01-2024T10:36:27 - [MESSAGE][PASSED] - Object 'Object Repository/Page_Playback Video/CCTV Selection Bar' is clickable

10-01-2024T10:36:27 - [TEST_STEP][PASSED] - click(findTestObject("Page_Playback Video/CCTV Selection Bar")): Object: 'Object Repository/Page_Playback Video/CCTV Selection Bar' is clicked on

10-01-2024T10:36:27 - [MESSAGE][PASSED] - Object: 'Object Repository/Page_Playback Video/CCTV Selection Bar' is clicked on

10-01-2024T10:36:27 - [TEST_STEP][PASSED] - sendKeys(findTestObject("Page_Playback Video/CCTV Search Field"), Keys.chord(ARROW_DOWN)): Keys 'DOWN + ' sent to object: 'Object Repository/Page_Playback Video/CCTV Search Field'

10-01-2024T10:36:28 - [MESSAGE][PASSED] - Keys 'DOWN + ' sent to object: 'Object Repository/Page_Playback Video/CCTV Search Field'

10-01-2024T10:36:28 - [TEST_STEP][PASSED] - sendKeys(findTestObject("Page_Playback Video/CCTV Search Field"), Keys.chord(ENTER)): Keys 'ENTER + ' sent to object: 'Object Repository/Page_Playback Video/CCTV Search Field'

10-01-2024T10:36:28 - [MESSAGE][PASSED] - Keys 'ENTER + ' sent to object: 'Object Repository/Page_Playback Video/CCTV Search Field'

10-01-2024T10:36:28 - [TEST_STEP][PASSED] - verifyTextNotPresent("-- Search CCTV --", false): Text '-- Search CCTV --' is not present on page

10-01-2024T10:36:29 - [MESSAGE][PASSED] - Text '-- Search CCTV --' is not present on page

10-01-2024T10:36:29 - [TEST_STEP][PASSED] - closeBrowser(): Browser is closed

10-01-2024T10:36:30 - [MESSAGE][PASSED] - Browser is closed]]></system-out>
         <system-err><![CDATA[]]></system-err>
      </testcase>
      <testcase name="Test Cases/Offline PSSI Dashboard Function/Create BE Playback Video/Select CCTV/Positive Test Case/PSSIPlaybackVideoCCTVSearch" time="17.521" classname="Test Cases/Offline PSSI Dashboard Function/Create BE Playback Video/Select CCTV/Positive Test Case/PSSIPlaybackVideoCCTVSearch" status="PASSED">
         <system-out><![CDATA[10-01-2024T10:36:30 - [TEST_CASE][PASSED] - Test Cases/Offline PSSI Dashboard Function/Create BE Playback Video/Select CCTV/Positive Test Case/PSSIPlaybackVideoCCTVSearch: Test Cases/Offline PSSI Dashboard Function/Create BE Playback Video/Select CCTV/Positive Test Case/PSSIPlaybackVideoCCTVSearch

10-01-2024T10:36:30 - [TEST_STEP][PASSED] - baseUrl = offline_pssi_dashboard_url: null

10-01-2024T10:36:30 - [TEST_STEP][PASSED] - callTestCase(findTestCase("Offline PSSI Dashboard Function/Create BE Playback Video/View Playback Video Data/PSSIViewPlaybackVideo"), [:]): Call Test Case 'Test Cases/Offline PSSI Dashboard Function/Create BE Playback Video/View Playback Video Data/PSSIViewPlaybackVideo' successfully

10-01-2024T10:36:31 - [TEST_CASE][PASSED] - Test Cases/Offline PSSI Dashboard Function/Create BE Playback Video/View Playback Video Data/PSSIViewPlaybackVideo: Test Cases/Offline PSSI Dashboard Function/Create BE Playback Video/View Playback Video Data/PSSIViewPlaybackVideo

10-01-2024T10:36:31 - [TEST_STEP][PASSED] - baseUrl = offline_pssi_dashboard_url: null

10-01-2024T10:36:31 - [TEST_STEP][PASSED] - callTestCase(findTestCase("Offline PSSI Dashboard Function/Sign In/PSSISignInValidData"), [:]): Call Test Case 'Test Cases/Offline PSSI Dashboard Function/Sign In/PSSISignInValidData' successfully

10-01-2024T10:36:31 - [TEST_CASE][PASSED] - Test Cases/Offline PSSI Dashboard Function/Sign In/PSSISignInValidData: Test Cases/Offline PSSI Dashboard Function/Sign In/PSSISignInValidData

10-01-2024T10:36:31 - [TEST_STEP][PASSED] - failureHandling = STOP_ON_FAILURE: null

10-01-2024T10:36:31 - [TEST_STEP][PASSED] - baseUrl = offline_pssi_dashboard_url: null

10-01-2024T10:36:31 - [TEST_STEP][PASSED] - openBrowser(""): Browser is opened with url: ''

10-01-2024T10:36:31 - [MESSAGE][INFO] - Starting 'Chrome' driver

10-01-2024T10:36:31 - [MESSAGE][INFO] - Action delay is set to 0 milliseconds

10-01-2024T10:36:32 - [MESSAGE][PASSED] - Browser is opened with url: ''

10-01-2024T10:36:32 - [TEST_STEP][PASSED] - navigateToUrl(baseUrl): Navigate to 'https://monitoring.pssi-dev.kecilin.id' successfully

10-01-2024T10:36:34 - [MESSAGE][PASSED] - Navigate to 'https://monitoring.pssi-dev.kecilin.id' successfully

10-01-2024T10:36:34 - [TEST_STEP][PASSED] - maximizeWindow(): Current window maximized

10-01-2024T10:36:34 - [MESSAGE][PASSED] - Current window maximized

10-01-2024T10:36:34 - [TEST_STEP][PASSED] - setText(findTestObject("Object Repository/Page_Login/input_email"), "superadmin@app.com"): Text 'superadmin@app.com' is set on object 'Object Repository/Page_Login/input_email'

10-01-2024T10:36:35 - [MESSAGE][PASSED] - Text 'superadmin@app.com' is set on object 'Object Repository/Page_Login/input_email'

10-01-2024T10:36:35 - [TEST_STEP][PASSED] - setEncryptedText(findTestObject("Object Repository/Page_Login/input_password"), "8SQVv/p9jVScEs4/2CZsLw=="): Text ****** has been set on object 'Object Repository/Page_Login/input_password'

10-01-2024T10:36:36 - [MESSAGE][PASSED] - Text ****** has been set on object 'Object Repository/Page_Login/input_password'

10-01-2024T10:36:36 - [TEST_STEP][PASSED] - click(findTestObject("Object Repository/Page_Login/button_Sign In")): Object: 'Object Repository/Page_Login/button_Sign In' is clicked on

10-01-2024T10:36:38 - [MESSAGE][PASSED] - Object: 'Object Repository/Page_Login/button_Sign In' is clicked on

10-01-2024T10:36:38 - [MESSAGE][PASSED] - Call Test Case 'Test Cases/Offline PSSI Dashboard Function/Sign In/PSSISignInValidData' successfully

10-01-2024T10:36:38 - [TEST_STEP][PASSED] - navigateToUrl(baseUrl + "/playback_video"): Navigate to 'https://monitoring.pssi-dev.kecilin.id/playback_video' successfully

10-01-2024T10:36:38 - [MESSAGE][PASSED] - Navigate to 'https://monitoring.pssi-dev.kecilin.id/playback_video' successfully

10-01-2024T10:36:38 - [MESSAGE][PASSED] - Call Test Case 'Test Cases/Offline PSSI Dashboard Function/Create BE Playback Video/View Playback Video Data/PSSIViewPlaybackVideo' successfully

10-01-2024T10:36:38 - [TEST_STEP][PASSED] - verifyElementClickable(findTestObject("Page_Playback Video/Stadium Selection Bar")): Object 'Object Repository/Page_Playback Video/Stadium Selection Bar' is clickable

10-01-2024T10:36:39 - [MESSAGE][PASSED] - Object 'Object Repository/Page_Playback Video/Stadium Selection Bar' is clickable

10-01-2024T10:36:39 - [TEST_STEP][PASSED] - click(findTestObject("Page_Playback Video/Stadium Selection Bar")): Object: 'Object Repository/Page_Playback Video/Stadium Selection Bar' is clicked on

10-01-2024T10:36:39 - [MESSAGE][PASSED] - Object: 'Object Repository/Page_Playback Video/Stadium Selection Bar' is clicked on

10-01-2024T10:36:39 - [TEST_STEP][PASSED] - verifyElementClickable(findTestObject("Page_Playback Video/Stadium Search Field")): Object 'Object Repository/Page_Playback Video/Stadium Search Field' is clickable

10-01-2024T10:36:40 - [MESSAGE][PASSED] - Object 'Object Repository/Page_Playback Video/Stadium Search Field' is clickable

10-01-2024T10:36:40 - [TEST_STEP][PASSED] - setText(findTestObject("Page_Playback Video/Stadium Search Field"), "Bung"): Text 'Bung' is set on object 'Object Repository/Page_Playback Video/Stadium Search Field'

10-01-2024T10:36:41 - [MESSAGE][PASSED] - Text 'Bung' is set on object 'Object Repository/Page_Playback Video/Stadium Search Field'

10-01-2024T10:36:41 - [TEST_STEP][PASSED] - expectedPattern = ".Bung.": null

10-01-2024T10:36:41 - [TEST_STEP][PASSED] - verifyTextPresent(expectedPattern, true): Text '.Bung.' is present on page  using regular expression

10-01-2024T10:36:41 - [MESSAGE][PASSED] - Text '.Bung.' is present on page  using regular expression

10-01-2024T10:36:41 - [TEST_STEP][PASSED] - sendKeys(findTestObject("Page_Playback Video/Stadium Search Field"), Keys.chord(ENTER)): Keys 'ENTER + ' sent to object: 'Object Repository/Page_Playback Video/Stadium Search Field'

10-01-2024T10:36:42 - [MESSAGE][PASSED] - Keys 'ENTER + ' sent to object: 'Object Repository/Page_Playback Video/Stadium Search Field'

10-01-2024T10:36:42 - [TEST_STEP][PASSED] - verifyTextPresent(expectedPattern, true): Text '.Bung.' is present on page  using regular expression

10-01-2024T10:36:42 - [MESSAGE][PASSED] - Text '.Bung.' is present on page  using regular expression

10-01-2024T10:36:42 - [TEST_STEP][PASSED] - verifyElementClickable(findTestObject("Page_Playback Video/CCTV Selection Bar")): Object 'Object Repository/Page_Playback Video/CCTV Selection Bar' is clickable

10-01-2024T10:36:43 - [MESSAGE][PASSED] - Object 'Object Repository/Page_Playback Video/CCTV Selection Bar' is clickable

10-01-2024T10:36:43 - [TEST_STEP][PASSED] - click(findTestObject("Page_Playback Video/CCTV Selection Bar")): Object: 'Object Repository/Page_Playback Video/CCTV Selection Bar' is clicked on

10-01-2024T10:36:43 - [MESSAGE][PASSED] - Object: 'Object Repository/Page_Playback Video/CCTV Selection Bar' is clicked on

10-01-2024T10:36:43 - [TEST_STEP][PASSED] - verifyElementClickable(findTestObject("Page_Playback Video/CCTV Search Field")): Object 'Object Repository/Page_Playback Video/CCTV Search Field' is clickable

10-01-2024T10:36:44 - [MESSAGE][PASSED] - Object 'Object Repository/Page_Playback Video/CCTV Search Field' is clickable

10-01-2024T10:36:44 - [TEST_STEP][PASSED] - setText(findTestObject("Page_Playback Video/CCTV Search Field"), "CCTV"): Text 'CCTV' is set on object 'Object Repository/Page_Playback Video/CCTV Search Field'

10-01-2024T10:36:45 - [MESSAGE][PASSED] - Text 'CCTV' is set on object 'Object Repository/Page_Playback Video/CCTV Search Field'

10-01-2024T10:36:45 - [TEST_STEP][PASSED] - expectedPattern2 = ".*CCTV.*": null

10-01-2024T10:36:45 - [TEST_STEP][PASSED] - verifyTextPresent(expectedPattern2, true): Text '.*CCTV.*' is present on page  using regular expression

10-01-2024T10:36:46 - [MESSAGE][PASSED] - Text '.*CCTV.*' is present on page  using regular expression

10-01-2024T10:36:46 - [TEST_STEP][PASSED] - sendKeys(findTestObject("Page_Playback Video/CCTV Search Field"), Keys.chord(ENTER)): Keys 'ENTER + ' sent to object: 'Object Repository/Page_Playback Video/CCTV Search Field'

10-01-2024T10:36:46 - [MESSAGE][PASSED] - Keys 'ENTER + ' sent to object: 'Object Repository/Page_Playback Video/CCTV Search Field'

10-01-2024T10:36:46 - [TEST_STEP][PASSED] - verifyTextPresent(expectedPattern2, true): Text '.*CCTV.*' is present on page  using regular expression

10-01-2024T10:36:47 - [MESSAGE][PASSED] - Text '.*CCTV.*' is present on page  using regular expression

10-01-2024T10:36:47 - [TEST_STEP][PASSED] - closeBrowser(): Browser is closed

10-01-2024T10:36:48 - [MESSAGE][PASSED] - Browser is closed]]></system-out>
         <system-err><![CDATA[]]></system-err>
      </testcase>
      <system-out><![CDATA[10-01-2024T10:33:32 - [TEST_SUITE][FAILED] - Select CCTV Test Suite: Test Cases/Offline PSSI Dashboard Function/Create BE Playback Video/Select CCTV/Negative Test Case/PSSIMonitoringClearCCTVSelection FAILED.
Reason:
com.kms.katalon.core.exception.StepFailedException: Verify element text of test object 'Object Repository/Page_Playback Video/CCTV Selection Bar' FAILED.
	at com.kms.katalon.core.webui.keyword.internal.WebUIKeywordMain.stepFailed(WebUIKeywordMain.groovy:64)
	at com.kms.katalon.core.webui.keyword.internal.WebUIKeywordMain.runKeyword(WebUIKeywordMain.groovy:26)
	at com.kms.katalon.core.webui.keyword.builtin.VerifyElementTextKeyword.verifyElementText(VerifyElementTextKeyword.groovy:72)
	at com.kms.katalon.core.webui.keyword.builtin.VerifyElementTextKeyword.execute(VerifyElementTextKeyword.groovy:40)
	at com.kms.katalon.core.keyword.internal.KeywordExecutor.executeKeywordForPlatform(KeywordExecutor.groovy:74)
	at com.kms.katalon.core.webui.keyword.WebUiBuiltInKeywords.verifyElementText(WebUiBuiltInKeywords.groovy:4835)
	at PSSIMonitoringClearCCTVSelection.run(PSSIMonitoringClearCCTVSelection:58)
	at com.kms.katalon.core.main.ScriptEngine.run(ScriptEngine.java:194)
	at com.kms.katalon.core.main.ScriptEngine.runScriptAsRawText(ScriptEngine.java:119)
	at com.kms.katalon.core.main.TestCaseExecutor.runScript(TestCaseExecutor.java:448)
	at com.kms.katalon.core.main.TestCaseExecutor.doExecute(TestCaseExecutor.java:439)
	at com.kms.katalon.core.main.TestCaseExecutor.processExecutionPhase(TestCaseExecutor.java:418)
	at com.kms.katalon.core.main.TestCaseExecutor.accessMainPhase(TestCaseExecutor.java:410)
	at com.kms.katalon.core.main.TestCaseExecutor.execute(TestCaseExecutor.java:285)
	at com.kms.katalon.core.common.CommonExecutor.accessTestCaseMainPhase(CommonExecutor.java:65)
	at com.kms.katalon.core.main.TestSuiteExecutor.accessTestSuiteMainPhase(TestSuiteExecutor.java:148)
	at com.kms.katalon.core.main.TestSuiteExecutor.execute(TestSuiteExecutor.java:106)
	at com.kms.katalon.core.main.TestCaseMain.startTestSuite(TestCaseMain.java:180)
	at TempTestSuite1704856313175.run(TempTestSuite1704856313175.groovy:36)
	at java.base/jdk.internal.reflect.NativeMethodAccessorImpl.invoke0(Native Method)
	at java.base/jdk.internal.reflect.NativeMethodAccessorImpl.invoke(NativeMethodAccessorImpl.java:77)
	at java.base/jdk.internal.reflect.DelegatingMethodAccessorImpl.invoke(DelegatingMethodAccessorImpl.java:43)
Caused by: com.kms.katalon.core.exception.StepFailedException: Actual text 'CCTV 1' and expected text '-- Search CCTV --' of test object 'Object Repository/Page_Playback Video/CCTV Selection Bar' are NOT matched.
	at com.kms.katalon.core.webui.keyword.internal.WebUIKeywordMain.stepFailed(WebUIKeywordMain.groovy:64)
	at com.kms.katalon.core.webui.keyword.builtin.VerifyElementTextKeyword$_verifyElementText_closure1.doCall(VerifyElementTextKeyword.groovy:57)
	at com.kms.katalon.core.webui.keyword.builtin.VerifyElementTextKeyword$_verifyElementText_closure1.call(VerifyElementTextKeyword.groovy)
	at com.kms.katalon.core.webui.keyword.internal.WebUIKeywordMain.runKeyword(WebUIKeywordMain.groovy:20)
	... 20 more]]></system-out>
      <system-err><![CDATA[10-01-2024T10:33:32 - [TEST_SUITE][FAILED] - Select CCTV Test Suite: Test Cases/Offline PSSI Dashboard Function/Create BE Playback Video/Select CCTV/Negative Test Case/PSSIMonitoringClearCCTVSelection FAILED.
Reason:
com.kms.katalon.core.exception.StepFailedException: Verify element text of test object 'Object Repository/Page_Playback Video/CCTV Selection Bar' FAILED.
	at com.kms.katalon.core.webui.keyword.internal.WebUIKeywordMain.stepFailed(WebUIKeywordMain.groovy:64)
	at com.kms.katalon.core.webui.keyword.internal.WebUIKeywordMain.runKeyword(WebUIKeywordMain.groovy:26)
	at com.kms.katalon.core.webui.keyword.builtin.VerifyElementTextKeyword.verifyElementText(VerifyElementTextKeyword.groovy:72)
	at com.kms.katalon.core.webui.keyword.builtin.VerifyElementTextKeyword.execute(VerifyElementTextKeyword.groovy:40)
	at com.kms.katalon.core.keyword.internal.KeywordExecutor.executeKeywordForPlatform(KeywordExecutor.groovy:74)
	at com.kms.katalon.core.webui.keyword.WebUiBuiltInKeywords.verifyElementText(WebUiBuiltInKeywords.groovy:4835)
	at PSSIMonitoringClearCCTVSelection.run(PSSIMonitoringClearCCTVSelection:58)
	at com.kms.katalon.core.main.ScriptEngine.run(ScriptEngine.java:194)
	at com.kms.katalon.core.main.ScriptEngine.runScriptAsRawText(ScriptEngine.java:119)
	at com.kms.katalon.core.main.TestCaseExecutor.runScript(TestCaseExecutor.java:448)
	at com.kms.katalon.core.main.TestCaseExecutor.doExecute(TestCaseExecutor.java:439)
	at com.kms.katalon.core.main.TestCaseExecutor.processExecutionPhase(TestCaseExecutor.java:418)
	at com.kms.katalon.core.main.TestCaseExecutor.accessMainPhase(TestCaseExecutor.java:410)
	at com.kms.katalon.core.main.TestCaseExecutor.execute(TestCaseExecutor.java:285)
	at com.kms.katalon.core.common.CommonExecutor.accessTestCaseMainPhase(CommonExecutor.java:65)
	at com.kms.katalon.core.main.TestSuiteExecutor.accessTestSuiteMainPhase(TestSuiteExecutor.java:148)
	at com.kms.katalon.core.main.TestSuiteExecutor.execute(TestSuiteExecutor.java:106)
	at com.kms.katalon.core.main.TestCaseMain.startTestSuite(TestCaseMain.java:180)
	at TempTestSuite1704856313175.run(TempTestSuite1704856313175.groovy:36)
	at java.base/jdk.internal.reflect.NativeMethodAccessorImpl.invoke0(Native Method)
	at java.base/jdk.internal.reflect.NativeMethodAccessorImpl.invoke(NativeMethodAccessorImpl.java:77)
	at java.base/jdk.internal.reflect.DelegatingMethodAccessorImpl.invoke(DelegatingMethodAccessorImpl.java:43)
Caused by: com.kms.katalon.core.exception.StepFailedException: Actual text 'CCTV 1' and expected text '-- Search CCTV --' of test object 'Object Repository/Page_Playback Video/CCTV Selection Bar' are NOT matched.
	at com.kms.katalon.core.webui.keyword.internal.WebUIKeywordMain.stepFailed(WebUIKeywordMain.groovy:64)
	at com.kms.katalon.core.webui.keyword.builtin.VerifyElementTextKeyword$_verifyElementText_closure1.doCall(VerifyElementTextKeyword.groovy:57)
	at com.kms.katalon.core.webui.keyword.builtin.VerifyElementTextKeyword$_verifyElementText_closure1.call(VerifyElementTextKeyword.groovy)
	at com.kms.katalon.core.webui.keyword.internal.WebUIKeywordMain.runKeyword(WebUIKeywordMain.groovy:20)
	... 20 more]]></system-err>
   </testsuite>
   <testsuite name="Select Stadium Test Suite" tests="5" failures="1" errors="0" time="174.008" skipped="0" timestamp="10-01-2024T10:37:27" hostname="USER - DESKTOP-HLRVE9S" id="Test Suites/Create BE Playback Video/Select Stadium Test Suite">
      <properties>
         <property name="deviceName" value=""/>
         <property name="devicePlatform" value=""/>
         <property name="logFolder" value="C:\\Users\\USER\\git\\Kecilin-Automation-Test\\Reports\\20240110_101141\\Create BE Playback Video\\Select Stadium Test Suite\\20240110_101157"/>
         <property name="logFiles" value="C:\\Users\\USER\\git\\Kecilin-Automation-Test\\Reports\\20240110_101141\\Create BE Playback Video\\Select Stadium Test Suite\\20240110_101157\\execution0.log"/>
         <property name="attachments" value="C:\\Users\\USER\\git\\Kecilin-Automation-Test\\Reports\\20240110_101141\\Create BE Playback Video\\Select Stadium Test Suite\\20240110_101157\\1704857878629.png, C:\\Users\\USER\\git\\Kecilin-Automation-Test\\Reports\\20240110_101141\\Create BE Playback Video\\Select Stadium Test Suite\\20240110_101157\\1704857879059.png, C:\\Users\\USER\\git\\Kecilin-Automation-Test\\Reports\\20240110_101141\\Create BE Playback Video\\Select Stadium Test Suite\\20240110_101157\\1704857903820.png, C:\\Users\\USER\\git\\Kecilin-Automation-Test\\Reports\\20240110_101141\\Create BE Playback Video\\Select Stadium Test Suite\\20240110_101157\\1704857904221.png, C:\\Users\\USER\\git\\Kecilin-Automation-Test\\Reports\\20240110_101141\\Create BE Playback Video\\Select Stadium Test Suite\\20240110_101157\\1704857930244.png, C:\\Users\\USER\\git\\Kecilin-Automation-Test\\Reports\\20240110_101141\\Create BE Playback Video\\Select Stadium Test Suite\\20240110_101157\\1704857930599.png, C:\\Users\\USER\\git\\Kecilin-Automation-Test\\Reports\\20240110_101141\\Create BE Playback Video\\Select Stadium Test Suite\\20240110_101157\\1704857954534.png, C:\\Users\\USER\\git\\Kecilin-Automation-Test\\Reports\\20240110_101141\\Create BE Playback Video\\Select Stadium Test Suite\\20240110_101157\\1704857954973.png"/>
         <property name="hostName" value="USER - DESKTOP-HLRVE9S"/>
         <property name="os" value="Windows 10 64bit"/>
         <property name="katalonVersion" value="9.2.0.212"/>
         <property name="browser" value="Chrome 120.0.0.0"/>
         <property name="hostAddress" value="192.168.100.189"/>
         <property name="sessionId" value="bc8402352a2a313f07aeeb5166057900"/>
         <property name="seleniumVersion" value="3.141.59"/>
         <property name="proxyInformation" value="ProxyInformation { proxyOption=NO_PROXY, proxyServerType=HTTP, username=, password=********, proxyServerAddress=, proxyServerPort=0, executionList=&quot;&quot;, isApplyToDesiredCapabilities=true }"/>
         <property name="platform" value="Windows 10"/>
      </properties>
      <testcase name="Test Cases/Offline PSSI Dashboard Function/Create BE Playback Video/Select Stadium/Negative Test Case/PSSIMonitoringClearStadiumSelection" time="24.424" classname="Test Cases/Offline PSSI Dashboard Function/Create BE Playback Video/Select Stadium/Negative Test Case/PSSIMonitoringClearStadiumSelection" status="FAILED">
         <failure type="FAILED" message="Test Cases/Offline PSSI Dashboard Function/Create BE Playback Video/Select Stadium/Negative Test Case/PSSIMonitoringClearStadiumSelection FAILED.&#xa;Reason:&#xa;com.kms.katalon.core.exception.StepFailedException: Verify element text of test object 'Object Repository/Page_Playback Video/Stadium Selection Bar' FAILED.&#xa;	at com.kms.katalon.core.webui.keyword.internal.WebUIKeywordMain.stepFailed(WebUIKeywordMain.groovy:64)&#xa;	at com.kms.katalon.core.webui.keyword.internal.WebUIKeywordMain.runKeyword(WebUIKeywordMain.groovy:26)&#xa;	at com.kms.katalon.core.webui.keyword.builtin.VerifyElementTextKeyword.verifyElementText(VerifyElementTextKeyword.groovy:72)&#xa;	at com.kms.katalon.core.webui.keyword.builtin.VerifyElementTextKeyword.execute(VerifyElementTextKeyword.groovy:40)&#xa;	at com.kms.katalon.core.keyword.internal.KeywordExecutor.executeKeywordForPlatform(KeywordExecutor.groovy:74)&#xa;	at com.kms.katalon.core.webui.keyword.WebUiBuiltInKeywords.verifyElementText(WebUiBuiltInKeywords.groovy:4835)&#xa;	at PSSIMonitoringClearStadiumSelection.run(PSSIMonitoringClearStadiumSelection:53)&#xa;	at com.kms.katalon.core.main.ScriptEngine.run(ScriptEngine.java:194)&#xa;	at com.kms.katalon.core.main.ScriptEngine.runScriptAsRawText(ScriptEngine.java:119)&#xa;	at com.kms.katalon.core.main.TestCaseExecutor.runScript(TestCaseExecutor.java:448)&#xa;	at com.kms.katalon.core.main.TestCaseExecutor.doExecute(TestCaseExecutor.java:439)&#xa;	at com.kms.katalon.core.main.TestCaseExecutor.processExecutionPhase(TestCaseExecutor.java:418)&#xa;	at com.kms.katalon.core.main.TestCaseExecutor.accessMainPhase(TestCaseExecutor.java:410)&#xa;	at com.kms.katalon.core.main.TestCaseExecutor.execute(TestCaseExecutor.java:285)&#xa;	at com.kms.katalon.core.main.TestCaseExecutor.execute(TestCaseExecutor.java:369)&#xa;	at com.kms.katalon.core.main.TestCaseExecutor.execute(TestCaseExecutor.java:369)&#xa;	at com.kms.katalon.core.main.TestCaseExecutor.execute(TestCaseExecutor.java:369)&#xa;	at com.kms.katalon.core.common.CommonExecutor.accessTestCaseMainPhase(CommonExecutor.java:65)&#xa;	at com.kms.katalon.core.main.TestSuiteExecutor.accessTestSuiteMainPhase(TestSuiteExecutor.java:148)&#xa;	at com.kms.katalon.core.main.TestSuiteExecutor.execute(TestSuiteExecutor.java:106)&#xa;	at com.kms.katalon.core.main.TestCaseMain.startTestSuite(TestCaseMain.java:180)&#xa;	at TempTestSuite1704856317534.run(TempTestSuite1704856317534.groovy:36)&#xa;	at java.base/jdk.internal.reflect.NativeMethodAccessorImpl.invoke0(Native Method)&#xa;	at java.base/jdk.internal.reflect.NativeMethodAccessorImpl.invoke(NativeMethodAccessorImpl.java:77)&#xa;	at java.base/jdk.internal.reflect.DelegatingMethodAccessorImpl.invoke(DelegatingMethodAccessorImpl.java:43)&#xa;Caused by: com.kms.katalon.core.exception.StepFailedException: Actual text 'Stadion Utama Gelora Bung Karno' and expected text '-- Search Stadium --' of test object 'Object Repository/Page_Playback Video/Stadium Selection Bar' are NOT matched.&#xa;	at com.kms.katalon.core.webui.keyword.internal.WebUIKeywordMain.stepFailed(WebUIKeywordMain.groovy:64)&#xa;	at com.kms.katalon.core.webui.keyword.builtin.VerifyElementTextKeyword$_verifyElementText_closure1.doCall(VerifyElementTextKeyword.groovy:57)&#xa;	at com.kms.katalon.core.webui.keyword.builtin.VerifyElementTextKeyword$_verifyElementText_closure1.call(VerifyElementTextKeyword.groovy)&#xa;	at com.kms.katalon.core.webui.keyword.internal.WebUIKeywordMain.runKeyword(WebUIKeywordMain.groovy:20)&#xa;	... 23 more&#xa;"/>
         <system-out><![CDATA[10-01-2024T10:38:50 - [TEST_CASE][FAILED] - Test Cases/Offline PSSI Dashboard Function/Create BE Playback Video/Select Stadium/Negative Test Case/PSSIMonitoringClearStadiumSelection: Test Cases/Offline PSSI Dashboard Function/Create BE Playback Video/Select Stadium/Negative Test Case/PSSIMonitoringClearStadiumSelection FAILED.
Reason:
com.kms.katalon.core.exception.StepFailedException: Verify element text of test object 'Object Repository/Page_Playback Video/Stadium Selection Bar' FAILED.
	at com.kms.katalon.core.webui.keyword.internal.WebUIKeywordMain.stepFailed(WebUIKeywordMain.groovy:64)
	at com.kms.katalon.core.webui.keyword.internal.WebUIKeywordMain.runKeyword(WebUIKeywordMain.groovy:26)
	at com.kms.katalon.core.webui.keyword.builtin.VerifyElementTextKeyword.verifyElementText(VerifyElementTextKeyword.groovy:72)
	at com.kms.katalon.core.webui.keyword.builtin.VerifyElementTextKeyword.execute(VerifyElementTextKeyword.groovy:40)
	at com.kms.katalon.core.keyword.internal.KeywordExecutor.executeKeywordForPlatform(KeywordExecutor.groovy:74)
	at com.kms.katalon.core.webui.keyword.WebUiBuiltInKeywords.verifyElementText(WebUiBuiltInKeywords.groovy:4835)
	at PSSIMonitoringClearStadiumSelection.run(PSSIMonitoringClearStadiumSelection:53)
	at com.kms.katalon.core.main.ScriptEngine.run(ScriptEngine.java:194)
	at com.kms.katalon.core.main.ScriptEngine.runScriptAsRawText(ScriptEngine.java:119)
	at com.kms.katalon.core.main.TestCaseExecutor.runScript(TestCaseExecutor.java:448)
	at com.kms.katalon.core.main.TestCaseExecutor.doExecute(TestCaseExecutor.java:439)
	at com.kms.katalon.core.main.TestCaseExecutor.processExecutionPhase(TestCaseExecutor.java:418)
	at com.kms.katalon.core.main.TestCaseExecutor.accessMainPhase(TestCaseExecutor.java:410)
	at com.kms.katalon.core.main.TestCaseExecutor.execute(TestCaseExecutor.java:285)
	at com.kms.katalon.core.main.TestCaseExecutor.execute(TestCaseExecutor.java:369)
	at com.kms.katalon.core.main.TestCaseExecutor.execute(TestCaseExecutor.java:369)
	at com.kms.katalon.core.main.TestCaseExecutor.execute(TestCaseExecutor.java:369)
	at com.kms.katalon.core.common.CommonExecutor.accessTestCaseMainPhase(CommonExecutor.java:65)
	at com.kms.katalon.core.main.TestSuiteExecutor.accessTestSuiteMainPhase(TestSuiteExecutor.java:148)
	at com.kms.katalon.core.main.TestSuiteExecutor.execute(TestSuiteExecutor.java:106)
	at com.kms.katalon.core.main.TestCaseMain.startTestSuite(TestCaseMain.java:180)
	at TempTestSuite1704856317534.run(TempTestSuite1704856317534.groovy:36)
	at java.base/jdk.internal.reflect.NativeMethodAccessorImpl.invoke0(Native Method)
	at java.base/jdk.internal.reflect.NativeMethodAccessorImpl.invoke(NativeMethodAccessorImpl.java:77)
	at java.base/jdk.internal.reflect.DelegatingMethodAccessorImpl.invoke(DelegatingMethodAccessorImpl.java:43)
Caused by: com.kms.katalon.core.exception.StepFailedException: Actual text 'Stadion Utama Gelora Bung Karno' and expected text '-- Search Stadium --' of test object 'Object Repository/Page_Playback Video/Stadium Selection Bar' are NOT matched.
	at com.kms.katalon.core.webui.keyword.internal.WebUIKeywordMain.stepFailed(WebUIKeywordMain.groovy:64)
	at com.kms.katalon.core.webui.keyword.builtin.VerifyElementTextKeyword$_verifyElementText_closure1.doCall(VerifyElementTextKeyword.groovy:57)
	at com.kms.katalon.core.webui.keyword.builtin.VerifyElementTextKeyword$_verifyElementText_closure1.call(VerifyElementTextKeyword.groovy)
	at com.kms.katalon.core.webui.keyword.internal.WebUIKeywordMain.runKeyword(WebUIKeywordMain.groovy:20)
	... 23 more


10-01-2024T10:38:50 - [TEST_STEP][PASSED] - baseUrl = offline_pssi_dashboard_url: null

10-01-2024T10:38:50 - [TEST_STEP][PASSED] - callTestCase(findTestCase("Offline PSSI Dashboard Function/Create BE Playback Video/View Playback Video Data/PSSIViewPlaybackVideo"), [:]): Call Test Case 'Test Cases/Offline PSSI Dashboard Function/Create BE Playback Video/View Playback Video Data/PSSIViewPlaybackVideo' successfully

10-01-2024T10:38:51 - [TEST_CASE][PASSED] - Test Cases/Offline PSSI Dashboard Function/Create BE Playback Video/View Playback Video Data/PSSIViewPlaybackVideo: Test Cases/Offline PSSI Dashboard Function/Create BE Playback Video/View Playback Video Data/PSSIViewPlaybackVideo

10-01-2024T10:38:51 - [TEST_STEP][PASSED] - baseUrl = offline_pssi_dashboard_url: null

10-01-2024T10:38:51 - [TEST_STEP][PASSED] - callTestCase(findTestCase("Offline PSSI Dashboard Function/Sign In/PSSISignInValidData"), [:]): Call Test Case 'Test Cases/Offline PSSI Dashboard Function/Sign In/PSSISignInValidData' successfully

10-01-2024T10:38:51 - [TEST_CASE][PASSED] - Test Cases/Offline PSSI Dashboard Function/Sign In/PSSISignInValidData: Test Cases/Offline PSSI Dashboard Function/Sign In/PSSISignInValidData

10-01-2024T10:38:51 - [TEST_STEP][PASSED] - failureHandling = STOP_ON_FAILURE: null

10-01-2024T10:38:51 - [TEST_STEP][PASSED] - baseUrl = offline_pssi_dashboard_url: null

10-01-2024T10:38:51 - [TEST_STEP][PASSED] - openBrowser(""): Browser is opened with url: ''

10-01-2024T10:38:51 - [MESSAGE][WARNING] - A browser is already opened. Closing browser and opening a new one

10-01-2024T10:38:51 - [MESSAGE][INFO] - Starting 'Chrome' driver

10-01-2024T10:38:51 - [MESSAGE][INFO] - Action delay is set to 0 milliseconds

10-01-2024T10:38:54 - [MESSAGE][PASSED] - Browser is opened with url: ''

10-01-2024T10:38:54 - [TEST_STEP][PASSED] - navigateToUrl(baseUrl): Navigate to 'https://monitoring.pssi-dev.kecilin.id' successfully

10-01-2024T10:38:55 - [MESSAGE][PASSED] - Navigate to 'https://monitoring.pssi-dev.kecilin.id' successfully

10-01-2024T10:38:55 - [TEST_STEP][PASSED] - maximizeWindow(): Current window maximized

10-01-2024T10:38:55 - [MESSAGE][PASSED] - Current window maximized

10-01-2024T10:38:55 - [TEST_STEP][PASSED] - setText(findTestObject("Object Repository/Page_Login/input_email"), "superadmin@app.com"): Text 'superadmin@app.com' is set on object 'Object Repository/Page_Login/input_email'

10-01-2024T10:38:56 - [MESSAGE][PASSED] - Text 'superadmin@app.com' is set on object 'Object Repository/Page_Login/input_email'

10-01-2024T10:38:56 - [TEST_STEP][PASSED] - setEncryptedText(findTestObject("Object Repository/Page_Login/input_password"), "8SQVv/p9jVScEs4/2CZsLw=="): Text ****** has been set on object 'Object Repository/Page_Login/input_password'

10-01-2024T10:38:57 - [MESSAGE][PASSED] - Text ****** has been set on object 'Object Repository/Page_Login/input_password'

10-01-2024T10:38:57 - [TEST_STEP][PASSED] - click(findTestObject("Object Repository/Page_Login/button_Sign In")): Object: 'Object Repository/Page_Login/button_Sign In' is clicked on

10-01-2024T10:38:59 - [MESSAGE][PASSED] - Object: 'Object Repository/Page_Login/button_Sign In' is clicked on

10-01-2024T10:38:59 - [MESSAGE][PASSED] - Call Test Case 'Test Cases/Offline PSSI Dashboard Function/Sign In/PSSISignInValidData' successfully

10-01-2024T10:38:59 - [TEST_STEP][PASSED] - navigateToUrl(baseUrl + "/playback_video"): Navigate to 'https://monitoring.pssi-dev.kecilin.id/playback_video' successfully

10-01-2024T10:39:00 - [MESSAGE][PASSED] - Navigate to 'https://monitoring.pssi-dev.kecilin.id/playback_video' successfully

10-01-2024T10:39:00 - [MESSAGE][PASSED] - Call Test Case 'Test Cases/Offline PSSI Dashboard Function/Create BE Playback Video/View Playback Video Data/PSSIViewPlaybackVideo' successfully

10-01-2024T10:39:00 - [TEST_STEP][PASSED] - verifyElementClickable(findTestObject("Page_Playback Video/Stadium Selection Bar")): Object 'Object Repository/Page_Playback Video/Stadium Selection Bar' is clickable

10-01-2024T10:39:01 - [MESSAGE][PASSED] - Object 'Object Repository/Page_Playback Video/Stadium Selection Bar' is clickable

10-01-2024T10:39:01 - [TEST_STEP][PASSED] - click(findTestObject("Page_Playback Video/Stadium Selection Bar")): Object: 'Object Repository/Page_Playback Video/Stadium Selection Bar' is clicked on

10-01-2024T10:39:01 - [MESSAGE][PASSED] - Object: 'Object Repository/Page_Playback Video/Stadium Selection Bar' is clicked on

10-01-2024T10:39:01 - [TEST_STEP][PASSED] - verifyElementClickable(findTestObject("Page_Playback Video/Stadium Search Field")): Object 'Object Repository/Page_Playback Video/Stadium Search Field' is clickable

10-01-2024T10:39:02 - [MESSAGE][PASSED] - Object 'Object Repository/Page_Playback Video/Stadium Search Field' is clickable

10-01-2024T10:39:02 - [TEST_STEP][PASSED] - setText(findTestObject("Page_Playback Video/Stadium Search Field"), "Bung"): Text 'Bung' is set on object 'Object Repository/Page_Playback Video/Stadium Search Field'

10-01-2024T10:39:02 - [MESSAGE][PASSED] - Text 'Bung' is set on object 'Object Repository/Page_Playback Video/Stadium Search Field'

10-01-2024T10:39:02 - [TEST_STEP][PASSED] - expectedPattern = ".Bung.": null

10-01-2024T10:39:02 - [TEST_STEP][PASSED] - elementText = getText(findTestObject("Page_Playback Video/Stadium Search Box")): Text of object 'Object Repository/Page_Playback Video/Stadium Search Box' is: 'Stadion Utama Gelora Bung Karno
Stadion Madya Gelora Bung Karno
Stadion Gelora Bung Tomo'

10-01-2024T10:39:05 - [MESSAGE][INFO] - Unable to find the element located by 'By.xpath: id("select2-stadion-results")[count(. | //ul[@class = 'select2-results__options' and @role = 'listbox' and @id = 'select2-stadion-results' and @aria-expanded = 'true' and @aria-hidden = 'false' and (text() = 'Stadion Utama Gelora Bung KarnoStadion Madya Gelora Bung KarnoIndomilk Arena StadiumStadion PatriotStadion Si Jalak HarupatStadion Gelora Bandung Lautan ApiStadion ManahanStadion Maguwoharjo SlemanStadion Gelora Bung TomoStadion Gelora Bangkalan' or . = 'Stadion Utama Gelora Bung KarnoStadion Madya Gelora Bung KarnoIndomilk Arena StadiumStadion PatriotStadion Si Jalak HarupatStadion Gelora Bandung Lautan ApiStadion ManahanStadion Maguwoharjo SlemanStadion Gelora Bung TomoStadion Gelora Bangkalan')]) = count(//ul[@class = 'select2-results__options' and @role = 'listbox' and @id = 'select2-stadion-results' and @aria-expanded = 'true' and @aria-hidden = 'false' and (text() = 'Stadion Utama Gelora Bung KarnoStadion Madya Gelora Bung KarnoIndomilk Arena StadiumStadion PatriotStadion Si Jalak HarupatStadion Gelora Bandung Lautan ApiStadion ManahanStadion Maguwoharjo SlemanStadion Gelora Bung TomoStadion Gelora Bangkalan' or . = 'Stadion Utama Gelora Bung KarnoStadion Madya Gelora Bung KarnoIndomilk Arena StadiumStadion PatriotStadion Si Jalak HarupatStadion Gelora Bandung Lautan ApiStadion ManahanStadion Maguwoharjo SlemanStadion Gelora Bung TomoStadion Gelora Bangkalan')])]'. Please recheck the objects properties to make sure the desired element is located. 

10-01-2024T10:39:05 - [MESSAGE][WARNING] - [SELF-HEALING] Failed to find element with id 'Object Repository/Page_Playback Video/Stadium Search Box'. Try using Self-healing.

10-01-2024T10:39:05 - [MESSAGE][WARNING] - [SELF-HEALING] The current locator of test object 'Object Repository/Page_Playback Video/Stadium Search Box' was broken. Propose an alternative one: '//ul[@id='select2-stadion-results']'.

10-01-2024T10:39:05 - [MESSAGE][PASSED] - Text of object 'Object Repository/Page_Playback Video/Stadium Search Box' is: 'Stadion Utama Gelora Bung Karno
Stadion Madya Gelora Bung Karno
Stadion Gelora Bung Tomo'

10-01-2024T10:39:05 - [TEST_STEP][PASSED] - isTextMatched = Pattern.matches(expectedPattern, elementText): null

10-01-2024T10:39:05 - [TEST_STEP][PASSED] - sendKeys(findTestObject("Page_Playback Video/Stadium Search Field"), Keys.chord(ENTER)): Keys 'ENTER + ' sent to object: 'Object Repository/Page_Playback Video/Stadium Search Field'

10-01-2024T10:39:06 - [MESSAGE][PASSED] - Keys 'ENTER + ' sent to object: 'Object Repository/Page_Playback Video/Stadium Search Field'

10-01-2024T10:39:06 - [TEST_STEP][PASSED] - verifyElementClickable(findTestObject("Page_Playback Video/Remove Item Stadium Selection Bar")): Object 'Object Repository/Page_Playback Video/Remove Item Stadium Selection Bar' is clickable

10-01-2024T10:39:08 - [MESSAGE][INFO] - Unable to find the element located by 'By.xpath: /html[@class="fontawesome-i2svg-active fontawesome-i2svg-complete"]/body[@class="g-sidenav-show  bg-gray-100"]/main[@class="main-content position-relative max-height-vh-100 h-100 mt-1 border-radius-lg ps"]/div[@class="container-fluid py-4"]/div[@class="row"]/div[@class="col-12"]/div[@class="card"]/div[@class="card-body"]/div[@class="form-group"]/span[@class="select2 select2-container select2-container--default select2-container--below"]/span[@class="selection"]/span[@class="select2-selection select2-selection--single select2-selection--clearable"]/button[@class="select2-selection__clear"]/span[1][count(. | //span[@aria-hidden = 'true' and (text() = '×' or . = '×')]) = count(//span[@aria-hidden = 'true' and (text() = '×' or . = '×')])]'. Please recheck the objects properties to make sure the desired element is located. 

10-01-2024T10:39:08 - [MESSAGE][WARNING] - [SELF-HEALING] Failed to find element with id 'Object Repository/Page_Playback Video/Remove Item Stadium Selection Bar'. Try using Self-healing.

10-01-2024T10:39:08 - [MESSAGE][WARNING] - [SELF-HEALING] The current locator of test object 'Object Repository/Page_Playback Video/Remove Item Stadium Selection Bar' was broken. Propose an alternative one: '//button/span'.

10-01-2024T10:39:08 - [MESSAGE][PASSED] - Object 'Object Repository/Page_Playback Video/Remove Item Stadium Selection Bar' is clickable

10-01-2024T10:39:08 - [TEST_STEP][PASSED] - clickOffset(findTestObject("Page_Playback Video/Stadium Selection Bar"), 50, 50): Object: 'Object Repository/Page_Playback Video/Stadium Selection Bar' is clicked on using offset x=50 and y=50

10-01-2024T10:39:10 - [MESSAGE][INFO] - Unable to find the element located by 'By.xpath: id("select2-stadion-container")[count(. | //span[@class = 'select2-selection__rendered' and @id = 'select2-stadion-container' and @role = 'textbox' and @aria-readonly = 'true' and @title = '-- Search Stadium --' and (text() = '-- Search Stadium --' or . = '-- Search Stadium --')]) = count(//span[@class = 'select2-selection__rendered' and @id = 'select2-stadion-container' and @role = 'textbox' and @aria-readonly = 'true' and @title = '-- Search Stadium --' and (text() = '-- Search Stadium --' or . = '-- Search Stadium --')])]'. Please recheck the objects properties to make sure the desired element is located. 

10-01-2024T10:39:10 - [MESSAGE][WARNING] - [SELF-HEALING] Failed to find element with id 'Object Repository/Page_Playback Video/Stadium Selection Bar'. Try using Self-healing.

10-01-2024T10:39:11 - [MESSAGE][WARNING] - [SELF-HEALING] The current locator of test object 'Object Repository/Page_Playback Video/Stadium Selection Bar' was broken. Propose an alternative one: '//span/span/span/span'.

10-01-2024T10:39:11 - [MESSAGE][PASSED] - Object: 'Object Repository/Page_Playback Video/Stadium Selection Bar' is clicked on using offset x=50 and y=50

10-01-2024T10:39:11 - [TEST_STEP][FAILED] - verifyElementText(findTestObject("Page_Playback Video/Stadium Selection Bar"), "-- Search Stadium --"): Verify element text of test object 'Object Repository/Page_Playback Video/Stadium Selection Bar' FAILED. (Root cause: com.kms.katalon.core.exception.StepFailedException: Verify element text of test object 'Object Repository/Page_Playback Video/Stadium Selection Bar' FAILED.
	at com.kms.katalon.core.webui.keyword.internal.WebUIKeywordMain.stepFailed(WebUIKeywordMain.groovy:64)
	at com.kms.katalon.core.webui.keyword.internal.WebUIKeywordMain.runKeyword(WebUIKeywordMain.groovy:26)
	at com.kms.katalon.core.webui.keyword.builtin.VerifyElementTextKeyword.verifyElementText(VerifyElementTextKeyword.groovy:72)
	at com.kms.katalon.core.webui.keyword.builtin.VerifyElementTextKeyword.execute(VerifyElementTextKeyword.groovy:40)
	at com.kms.katalon.core.keyword.internal.KeywordExecutor.executeKeywordForPlatform(KeywordExecutor.groovy:74)
	at com.kms.katalon.core.webui.keyword.WebUiBuiltInKeywords.verifyElementText(WebUiBuiltInKeywords.groovy:4835)
	at PSSIMonitoringClearStadiumSelection.run(PSSIMonitoringClearStadiumSelection:53)
	at com.kms.katalon.core.main.ScriptEngine.run(ScriptEngine.java:194)
	at com.kms.katalon.core.main.ScriptEngine.runScriptAsRawText(ScriptEngine.java:119)
	at com.kms.katalon.core.main.TestCaseExecutor.runScript(TestCaseExecutor.java:448)
	at com.kms.katalon.core.main.TestCaseExecutor.doExecute(TestCaseExecutor.java:439)
	at com.kms.katalon.core.main.TestCaseExecutor.processExecutionPhase(TestCaseExecutor.java:418)
	at com.kms.katalon.core.main.TestCaseExecutor.accessMainPhase(TestCaseExecutor.java:410)
	at com.kms.katalon.core.main.TestCaseExecutor.execute(TestCaseExecutor.java:285)
	at com.kms.katalon.core.main.TestCaseExecutor.execute(TestCaseExecutor.java:369)
	at com.kms.katalon.core.main.TestCaseExecutor.execute(TestCaseExecutor.java:369)
	at com.kms.katalon.core.main.TestCaseExecutor.execute(TestCaseExecutor.java:369)
	at com.kms.katalon.core.common.CommonExecutor.accessTestCaseMainPhase(CommonExecutor.java:65)
	at com.kms.katalon.core.main.TestSuiteExecutor.accessTestSuiteMainPhase(TestSuiteExecutor.java:148)
	at com.kms.katalon.core.main.TestSuiteExecutor.execute(TestSuiteExecutor.java:106)
	at com.kms.katalon.core.main.TestCaseMain.startTestSuite(TestCaseMain.java:180)
	at TempTestSuite1704856317534.run(TempTestSuite1704856317534.groovy:36)
	at java.base/jdk.internal.reflect.NativeMethodAccessorImpl.invoke0(Native Method)
	at java.base/jdk.internal.reflect.NativeMethodAccessorImpl.invoke(NativeMethodAccessorImpl.java:77)
	at java.base/jdk.internal.reflect.DelegatingMethodAccessorImpl.invoke(DelegatingMethodAccessorImpl.java:43)
Caused by: com.kms.katalon.core.exception.StepFailedException: Actual text 'Stadion Utama Gelora Bung Karno' and expected text '-- Search Stadium --' of test object 'Object Repository/Page_Playback Video/Stadium Selection Bar' are NOT matched.
	at com.kms.katalon.core.webui.keyword.internal.WebUIKeywordMain.stepFailed(WebUIKeywordMain.groovy:64)
	at com.kms.katalon.core.webui.keyword.builtin.VerifyElementTextKeyword$_verifyElementText_closure1.doCall(VerifyElementTextKeyword.groovy:57)
	at com.kms.katalon.core.webui.keyword.builtin.VerifyElementTextKeyword$_verifyElementText_closure1.call(VerifyElementTextKeyword.groovy)
	at com.kms.katalon.core.webui.keyword.internal.WebUIKeywordMain.runKeyword(WebUIKeywordMain.groovy:20)
	... 23 more
)

10-01-2024T10:39:14 - [MESSAGE][INFO] - Unable to find the element located by 'By.xpath: id("select2-stadion-container")[count(. | //span[@class = 'select2-selection__rendered' and @id = 'select2-stadion-container' and @role = 'textbox' and @aria-readonly = 'true' and @title = '-- Search Stadium --' and (text() = '-- Search Stadium --' or . = '-- Search Stadium --')]) = count(//span[@class = 'select2-selection__rendered' and @id = 'select2-stadion-container' and @role = 'textbox' and @aria-readonly = 'true' and @title = '-- Search Stadium --' and (text() = '-- Search Stadium --' or . = '-- Search Stadium --')])]'. Please recheck the objects properties to make sure the desired element is located. 

10-01-2024T10:39:14 - [MESSAGE][WARNING] - [SELF-HEALING] Failed to find element with id 'Object Repository/Page_Playback Video/Stadium Selection Bar'. Try using Self-healing.

10-01-2024T10:39:14 - [MESSAGE][WARNING] - [SELF-HEALING] The current locator of test object 'Object Repository/Page_Playback Video/Stadium Selection Bar' was broken. Propose an alternative one: '//span/span/span/span'.

10-01-2024T10:39:14 - [MESSAGE][FAILED] - Actual text 'Stadion Utama Gelora Bung Karno' and expected text '-- Search Stadium --' of test object 'Object Repository/Page_Playback Video/Stadium Selection Bar' are NOT matched. (Root cause: com.kms.katalon.core.exception.StepFailedException: Actual text 'Stadion Utama Gelora Bung Karno' and expected text '-- Search Stadium --' of test object 'Object Repository/Page_Playback Video/Stadium Selection Bar' are NOT matched.
	at com.kms.katalon.core.webui.keyword.internal.WebUIKeywordMain.stepFailed(WebUIKeywordMain.groovy:64)
	at com.kms.katalon.core.webui.keyword.builtin.VerifyElementTextKeyword$_verifyElementText_closure1.doCall(VerifyElementTextKeyword.groovy:57)
	at com.kms.katalon.core.webui.keyword.builtin.VerifyElementTextKeyword$_verifyElementText_closure1.call(VerifyElementTextKeyword.groovy)
	at com.kms.katalon.core.webui.keyword.internal.WebUIKeywordMain.runKeyword(WebUIKeywordMain.groovy:20)
	at com.kms.katalon.core.webui.keyword.builtin.VerifyElementTextKeyword.verifyElementText(VerifyElementTextKeyword.groovy:72)
	at com.kms.katalon.core.webui.keyword.builtin.VerifyElementTextKeyword.execute(VerifyElementTextKeyword.groovy:40)
	at com.kms.katalon.core.keyword.internal.KeywordExecutor.executeKeywordForPlatform(KeywordExecutor.groovy:74)
	at com.kms.katalon.core.webui.keyword.WebUiBuiltInKeywords.verifyElementText(WebUiBuiltInKeywords.groovy:4835)
	at PSSIMonitoringClearStadiumSelection.run(PSSIMonitoringClearStadiumSelection:53)
	at com.kms.katalon.core.main.ScriptEngine.run(ScriptEngine.java:194)
	at com.kms.katalon.core.main.ScriptEngine.runScriptAsRawText(ScriptEngine.java:119)
	at com.kms.katalon.core.main.TestCaseExecutor.runScript(TestCaseExecutor.java:448)
	at com.kms.katalon.core.main.TestCaseExecutor.doExecute(TestCaseExecutor.java:439)
	at com.kms.katalon.core.main.TestCaseExecutor.processExecutionPhase(TestCaseExecutor.java:418)
	at com.kms.katalon.core.main.TestCaseExecutor.accessMainPhase(TestCaseExecutor.java:410)
	at com.kms.katalon.core.main.TestCaseExecutor.execute(TestCaseExecutor.java:285)
	at com.kms.katalon.core.main.TestCaseExecutor.execute(TestCaseExecutor.java:369)
	at com.kms.katalon.core.main.TestCaseExecutor.execute(TestCaseExecutor.java:369)
	at com.kms.katalon.core.main.TestCaseExecutor.execute(TestCaseExecutor.java:369)
	at com.kms.katalon.core.common.CommonExecutor.accessTestCaseMainPhase(CommonExecutor.java:65)
	at com.kms.katalon.core.main.TestSuiteExecutor.accessTestSuiteMainPhase(TestSuiteExecutor.java:148)
	at com.kms.katalon.core.main.TestSuiteExecutor.execute(TestSuiteExecutor.java:106)
	at com.kms.katalon.core.main.TestCaseMain.startTestSuite(TestCaseMain.java:180)
	at TempTestSuite1704856317534.run(TempTestSuite1704856317534.groovy:36)
	at java.base/jdk.internal.reflect.NativeMethodAccessorImpl.invoke0(Native Method)
	at java.base/jdk.internal.reflect.NativeMethodAccessorImpl.invoke(NativeMethodAccessorImpl.java:77)
	at java.base/jdk.internal.reflect.DelegatingMethodAccessorImpl.invoke(DelegatingMethodAccessorImpl.java:43)
)
[[ATTACHMENT|C:\\Users\\USER\\git\\Kecilin-Automation-Test\\Reports\\20240110_101141\\Create BE Playback Video\\Select Stadium Test Suite\\20240110_101157\\1704857954534.png]]

10-01-2024T10:39:15 - [MESSAGE][FAILED] - Verify element text of test object 'Object Repository/Page_Playback Video/Stadium Selection Bar' FAILED. (Root cause: com.kms.katalon.core.exception.StepFailedException: Verify element text of test object 'Object Repository/Page_Playback Video/Stadium Selection Bar' FAILED.
	at com.kms.katalon.core.webui.keyword.internal.WebUIKeywordMain.stepFailed(WebUIKeywordMain.groovy:64)
	at com.kms.katalon.core.webui.keyword.internal.WebUIKeywordMain.runKeyword(WebUIKeywordMain.groovy:26)
	at com.kms.katalon.core.webui.keyword.builtin.VerifyElementTextKeyword.verifyElementText(VerifyElementTextKeyword.groovy:72)
	at com.kms.katalon.core.webui.keyword.builtin.VerifyElementTextKeyword.execute(VerifyElementTextKeyword.groovy:40)
	at com.kms.katalon.core.keyword.internal.KeywordExecutor.executeKeywordForPlatform(KeywordExecutor.groovy:74)
	at com.kms.katalon.core.webui.keyword.WebUiBuiltInKeywords.verifyElementText(WebUiBuiltInKeywords.groovy:4835)
	at PSSIMonitoringClearStadiumSelection.run(PSSIMonitoringClearStadiumSelection:53)
	at com.kms.katalon.core.main.ScriptEngine.run(ScriptEngine.java:194)
	at com.kms.katalon.core.main.ScriptEngine.runScriptAsRawText(ScriptEngine.java:119)
	at com.kms.katalon.core.main.TestCaseExecutor.runScript(TestCaseExecutor.java:448)
	at com.kms.katalon.core.main.TestCaseExecutor.doExecute(TestCaseExecutor.java:439)
	at com.kms.katalon.core.main.TestCaseExecutor.processExecutionPhase(TestCaseExecutor.java:418)
	at com.kms.katalon.core.main.TestCaseExecutor.accessMainPhase(TestCaseExecutor.java:410)
	at com.kms.katalon.core.main.TestCaseExecutor.execute(TestCaseExecutor.java:285)
	at com.kms.katalon.core.main.TestCaseExecutor.execute(TestCaseExecutor.java:369)
	at com.kms.katalon.core.main.TestCaseExecutor.execute(TestCaseExecutor.java:369)
	at com.kms.katalon.core.main.TestCaseExecutor.execute(TestCaseExecutor.java:369)
	at com.kms.katalon.core.common.CommonExecutor.accessTestCaseMainPhase(CommonExecutor.java:65)
	at com.kms.katalon.core.main.TestSuiteExecutor.accessTestSuiteMainPhase(TestSuiteExecutor.java:148)
	at com.kms.katalon.core.main.TestSuiteExecutor.execute(TestSuiteExecutor.java:106)
	at com.kms.katalon.core.main.TestCaseMain.startTestSuite(TestCaseMain.java:180)
	at TempTestSuite1704856317534.run(TempTestSuite1704856317534.groovy:36)
	at java.base/jdk.internal.reflect.NativeMethodAccessorImpl.invoke0(Native Method)
	at java.base/jdk.internal.reflect.NativeMethodAccessorImpl.invoke(NativeMethodAccessorImpl.java:77)
	at java.base/jdk.internal.reflect.DelegatingMethodAccessorImpl.invoke(DelegatingMethodAccessorImpl.java:43)
Caused by: com.kms.katalon.core.exception.StepFailedException: Actual text 'Stadion Utama Gelora Bung Karno' and expected text '-- Search Stadium --' of test object 'Object Repository/Page_Playback Video/Stadium Selection Bar' are NOT matched.
	at com.kms.katalon.core.webui.keyword.internal.WebUIKeywordMain.stepFailed(WebUIKeywordMain.groovy:64)
	at com.kms.katalon.core.webui.keyword.builtin.VerifyElementTextKeyword$_verifyElementText_closure1.doCall(VerifyElementTextKeyword.groovy:57)
	at com.kms.katalon.core.webui.keyword.builtin.VerifyElementTextKeyword$_verifyElementText_closure1.call(VerifyElementTextKeyword.groovy)
	at com.kms.katalon.core.webui.keyword.internal.WebUIKeywordMain.runKeyword(WebUIKeywordMain.groovy:20)
	... 23 more
)
[[ATTACHMENT|C:\\Users\\USER\\git\\Kecilin-Automation-Test\\Reports\\20240110_101141\\Create BE Playback Video\\Select Stadium Test Suite\\20240110_101157\\1704857954973.png]]]]></system-out>
         <system-err><![CDATA[10-01-2024T10:38:50 - [TEST_CASE][FAILED] - Test Cases/Offline PSSI Dashboard Function/Create BE Playback Video/Select Stadium/Negative Test Case/PSSIMonitoringClearStadiumSelection: Test Cases/Offline PSSI Dashboard Function/Create BE Playback Video/Select Stadium/Negative Test Case/PSSIMonitoringClearStadiumSelection FAILED.
Reason:
com.kms.katalon.core.exception.StepFailedException: Verify element text of test object 'Object Repository/Page_Playback Video/Stadium Selection Bar' FAILED.
	at com.kms.katalon.core.webui.keyword.internal.WebUIKeywordMain.stepFailed(WebUIKeywordMain.groovy:64)
	at com.kms.katalon.core.webui.keyword.internal.WebUIKeywordMain.runKeyword(WebUIKeywordMain.groovy:26)
	at com.kms.katalon.core.webui.keyword.builtin.VerifyElementTextKeyword.verifyElementText(VerifyElementTextKeyword.groovy:72)
	at com.kms.katalon.core.webui.keyword.builtin.VerifyElementTextKeyword.execute(VerifyElementTextKeyword.groovy:40)
	at com.kms.katalon.core.keyword.internal.KeywordExecutor.executeKeywordForPlatform(KeywordExecutor.groovy:74)
	at com.kms.katalon.core.webui.keyword.WebUiBuiltInKeywords.verifyElementText(WebUiBuiltInKeywords.groovy:4835)
	at PSSIMonitoringClearStadiumSelection.run(PSSIMonitoringClearStadiumSelection:53)
	at com.kms.katalon.core.main.ScriptEngine.run(ScriptEngine.java:194)
	at com.kms.katalon.core.main.ScriptEngine.runScriptAsRawText(ScriptEngine.java:119)
	at com.kms.katalon.core.main.TestCaseExecutor.runScript(TestCaseExecutor.java:448)
	at com.kms.katalon.core.main.TestCaseExecutor.doExecute(TestCaseExecutor.java:439)
	at com.kms.katalon.core.main.TestCaseExecutor.processExecutionPhase(TestCaseExecutor.java:418)
	at com.kms.katalon.core.main.TestCaseExecutor.accessMainPhase(TestCaseExecutor.java:410)
	at com.kms.katalon.core.main.TestCaseExecutor.execute(TestCaseExecutor.java:285)
	at com.kms.katalon.core.main.TestCaseExecutor.execute(TestCaseExecutor.java:369)
	at com.kms.katalon.core.main.TestCaseExecutor.execute(TestCaseExecutor.java:369)
	at com.kms.katalon.core.main.TestCaseExecutor.execute(TestCaseExecutor.java:369)
	at com.kms.katalon.core.common.CommonExecutor.accessTestCaseMainPhase(CommonExecutor.java:65)
	at com.kms.katalon.core.main.TestSuiteExecutor.accessTestSuiteMainPhase(TestSuiteExecutor.java:148)
	at com.kms.katalon.core.main.TestSuiteExecutor.execute(TestSuiteExecutor.java:106)
	at com.kms.katalon.core.main.TestCaseMain.startTestSuite(TestCaseMain.java:180)
	at TempTestSuite1704856317534.run(TempTestSuite1704856317534.groovy:36)
	at java.base/jdk.internal.reflect.NativeMethodAccessorImpl.invoke0(Native Method)
	at java.base/jdk.internal.reflect.NativeMethodAccessorImpl.invoke(NativeMethodAccessorImpl.java:77)
	at java.base/jdk.internal.reflect.DelegatingMethodAccessorImpl.invoke(DelegatingMethodAccessorImpl.java:43)
Caused by: com.kms.katalon.core.exception.StepFailedException: Actual text 'Stadion Utama Gelora Bung Karno' and expected text '-- Search Stadium --' of test object 'Object Repository/Page_Playback Video/Stadium Selection Bar' are NOT matched.
	at com.kms.katalon.core.webui.keyword.internal.WebUIKeywordMain.stepFailed(WebUIKeywordMain.groovy:64)
	at com.kms.katalon.core.webui.keyword.builtin.VerifyElementTextKeyword$_verifyElementText_closure1.doCall(VerifyElementTextKeyword.groovy:57)
	at com.kms.katalon.core.webui.keyword.builtin.VerifyElementTextKeyword$_verifyElementText_closure1.call(VerifyElementTextKeyword.groovy)
	at com.kms.katalon.core.webui.keyword.internal.WebUIKeywordMain.runKeyword(WebUIKeywordMain.groovy:20)
	... 23 more]]></system-err>
      </testcase>
      <testcase name="Test Cases/Offline PSSI Dashboard Function/Create BE Playback Video/Select Stadium/Negative Test Case/PSSIMonitoringCloseStadiumSelection" time="29.291" classname="Test Cases/Offline PSSI Dashboard Function/Create BE Playback Video/Select Stadium/Negative Test Case/PSSIMonitoringCloseStadiumSelection" status="PASSED">
         <system-out><![CDATA[10-01-2024T10:39:15 - [TEST_CASE][PASSED] - Test Cases/Offline PSSI Dashboard Function/Create BE Playback Video/Select Stadium/Negative Test Case/PSSIMonitoringCloseStadiumSelection: Test Cases/Offline PSSI Dashboard Function/Create BE Playback Video/Select Stadium/Negative Test Case/PSSIMonitoringCloseStadiumSelection

10-01-2024T10:39:16 - [TEST_STEP][PASSED] - baseUrl = offline_pssi_dashboard_url: null

10-01-2024T10:39:16 - [TEST_STEP][PASSED] - callTestCase(findTestCase("Offline PSSI Dashboard Function/Create BE Playback Video/View Playback Video Data/PSSIViewPlaybackVideo"), [:]): Call Test Case 'Test Cases/Offline PSSI Dashboard Function/Create BE Playback Video/View Playback Video Data/PSSIViewPlaybackVideo' successfully

10-01-2024T10:39:16 - [TEST_CASE][PASSED] - Test Cases/Offline PSSI Dashboard Function/Create BE Playback Video/View Playback Video Data/PSSIViewPlaybackVideo: Test Cases/Offline PSSI Dashboard Function/Create BE Playback Video/View Playback Video Data/PSSIViewPlaybackVideo

10-01-2024T10:39:16 - [TEST_STEP][PASSED] - baseUrl = offline_pssi_dashboard_url: null

10-01-2024T10:39:16 - [TEST_STEP][PASSED] - callTestCase(findTestCase("Offline PSSI Dashboard Function/Sign In/PSSISignInValidData"), [:]): Call Test Case 'Test Cases/Offline PSSI Dashboard Function/Sign In/PSSISignInValidData' successfully

10-01-2024T10:39:16 - [TEST_CASE][PASSED] - Test Cases/Offline PSSI Dashboard Function/Sign In/PSSISignInValidData: Test Cases/Offline PSSI Dashboard Function/Sign In/PSSISignInValidData

10-01-2024T10:39:16 - [TEST_STEP][PASSED] - failureHandling = STOP_ON_FAILURE: null

10-01-2024T10:39:16 - [TEST_STEP][PASSED] - baseUrl = offline_pssi_dashboard_url: null

10-01-2024T10:39:16 - [TEST_STEP][PASSED] - openBrowser(""): Browser is opened with url: ''

10-01-2024T10:39:16 - [MESSAGE][WARNING] - A browser is already opened. Closing browser and opening a new one

10-01-2024T10:39:20 - [MESSAGE][INFO] - Starting 'Chrome' driver

10-01-2024T10:39:20 - [MESSAGE][INFO] - Action delay is set to 0 milliseconds

10-01-2024T10:39:22 - [MESSAGE][PASSED] - Browser is opened with url: ''

10-01-2024T10:39:22 - [TEST_STEP][PASSED] - navigateToUrl(baseUrl): Navigate to 'https://monitoring.pssi-dev.kecilin.id' successfully

10-01-2024T10:39:24 - [MESSAGE][PASSED] - Navigate to 'https://monitoring.pssi-dev.kecilin.id' successfully

10-01-2024T10:39:24 - [TEST_STEP][PASSED] - maximizeWindow(): Current window maximized

10-01-2024T10:39:24 - [MESSAGE][PASSED] - Current window maximized

10-01-2024T10:39:24 - [TEST_STEP][PASSED] - setText(findTestObject("Object Repository/Page_Login/input_email"), "superadmin@app.com"): Text 'superadmin@app.com' is set on object 'Object Repository/Page_Login/input_email'

10-01-2024T10:39:26 - [MESSAGE][PASSED] - Text 'superadmin@app.com' is set on object 'Object Repository/Page_Login/input_email'

10-01-2024T10:39:26 - [TEST_STEP][PASSED] - setEncryptedText(findTestObject("Object Repository/Page_Login/input_password"), "8SQVv/p9jVScEs4/2CZsLw=="): Text ****** has been set on object 'Object Repository/Page_Login/input_password'

10-01-2024T10:39:27 - [MESSAGE][PASSED] - Text ****** has been set on object 'Object Repository/Page_Login/input_password'

10-01-2024T10:39:27 - [TEST_STEP][PASSED] - click(findTestObject("Object Repository/Page_Login/button_Sign In")): Object: 'Object Repository/Page_Login/button_Sign In' is clicked on

10-01-2024T10:39:29 - [MESSAGE][PASSED] - Object: 'Object Repository/Page_Login/button_Sign In' is clicked on

10-01-2024T10:39:29 - [MESSAGE][PASSED] - Call Test Case 'Test Cases/Offline PSSI Dashboard Function/Sign In/PSSISignInValidData' successfully

10-01-2024T10:39:29 - [TEST_STEP][PASSED] - navigateToUrl(baseUrl + "/playback_video"): Navigate to 'https://monitoring.pssi-dev.kecilin.id/playback_video' successfully

10-01-2024T10:39:31 - [MESSAGE][PASSED] - Navigate to 'https://monitoring.pssi-dev.kecilin.id/playback_video' successfully

10-01-2024T10:39:31 - [MESSAGE][PASSED] - Call Test Case 'Test Cases/Offline PSSI Dashboard Function/Create BE Playback Video/View Playback Video Data/PSSIViewPlaybackVideo' successfully

10-01-2024T10:39:31 - [TEST_STEP][PASSED] - verifyElementClickable(findTestObject("Page_Playback Video/Stadium Selection Bar")): Object 'Object Repository/Page_Playback Video/Stadium Selection Bar' is clickable

10-01-2024T10:39:32 - [MESSAGE][PASSED] - Object 'Object Repository/Page_Playback Video/Stadium Selection Bar' is clickable

10-01-2024T10:39:32 - [TEST_STEP][PASSED] - click(findTestObject("Page_Playback Video/Stadium Selection Bar")): Object: 'Object Repository/Page_Playback Video/Stadium Selection Bar' is clicked on

10-01-2024T10:39:33 - [MESSAGE][PASSED] - Object: 'Object Repository/Page_Playback Video/Stadium Selection Bar' is clicked on

10-01-2024T10:39:33 - [TEST_STEP][PASSED] - verifyElementClickable(findTestObject("Page_Playback Video/Stadium Selection Bar")): Object 'Object Repository/Page_Playback Video/Stadium Selection Bar' is clickable

10-01-2024T10:39:34 - [MESSAGE][PASSED] - Object 'Object Repository/Page_Playback Video/Stadium Selection Bar' is clickable

10-01-2024T10:39:34 - [TEST_STEP][PASSED] - click(findTestObject("Page_Playback Video/Stadium Selection Bar")): Object: 'Object Repository/Page_Playback Video/Stadium Selection Bar' is clicked on

10-01-2024T10:39:34 - [MESSAGE][PASSED] - Object: 'Object Repository/Page_Playback Video/Stadium Selection Bar' is clicked on

10-01-2024T10:39:34 - [TEST_STEP][PASSED] - verifyElementNotPresent(findTestObject("Page_Playback Video/Stadium Search Field"), 0): Web element with id: 'Object Repository/Page_Playback Video/Stadium Search Field' located by 'By.xpath: /html[@class="fontawesome-i2svg-active fontawesome-i2svg-complete"]/body[@class="g-sidenav-show  bg-gray-100"]/span[@class="select2-container select2-container--default select2-container--open"]/span[@class="select2-dropdown select2-dropdown--below"]/span[@class="select2-search select2-search--dropdown"]/input[@class="select2-search__field"][count(. | //input[@class = 'select2-search__field' and @type = 'search' and @tabindex = '0' and @autocorrect = 'off' and @autocapitalize = 'none' and @spellcheck = 'false' and @role = 'searchbox' and @aria-autocomplete = 'list' and @autocomplete = 'off' and @aria-label = 'Search' and @aria-controls = 'select2-stadion-results']) = count(//input[@class = 'select2-search__field' and @type = 'search' and @tabindex = '0' and @autocorrect = 'off' and @autocapitalize = 'none' and @spellcheck = 'false' and @role = 'searchbox' and @aria-autocomplete = 'list' and @autocomplete = 'off' and @aria-label = 'Search' and @aria-controls = 'select2-stadion-results'])]' is not present after '1' second(s)

10-01-2024T10:39:35 - [MESSAGE][WARNING] - Timeout '0' is invalid. Using default page load timeout: '1'

10-01-2024T10:39:36 - [MESSAGE][PASSED] - Web element with id: 'Object Repository/Page_Playback Video/Stadium Search Field' located by 'By.xpath: /html[@class="fontawesome-i2svg-active fontawesome-i2svg-complete"]/body[@class="g-sidenav-show  bg-gray-100"]/span[@class="select2-container select2-container--default select2-container--open"]/span[@class="select2-dropdown select2-dropdown--below"]/span[@class="select2-search select2-search--dropdown"]/input[@class="select2-search__field"][count(. | //input[@class = 'select2-search__field' and @type = 'search' and @tabindex = '0' and @autocorrect = 'off' and @autocapitalize = 'none' and @spellcheck = 'false' and @role = 'searchbox' and @aria-autocomplete = 'list' and @autocomplete = 'off' and @aria-label = 'Search' and @aria-controls = 'select2-stadion-results']) = count(//input[@class = 'select2-search__field' and @type = 'search' and @tabindex = '0' and @autocorrect = 'off' and @autocapitalize = 'none' and @spellcheck = 'false' and @role = 'searchbox' and @aria-autocomplete = 'list' and @autocomplete = 'off' and @aria-label = 'Search' and @aria-controls = 'select2-stadion-results'])]' is not present after '1' second(s)

10-01-2024T10:39:36 - [TEST_STEP][PASSED] - verifyElementClickable(findTestObject("Page_Playback Video/Stadium Selection Bar")): Object 'Object Repository/Page_Playback Video/Stadium Selection Bar' is clickable

10-01-2024T10:39:38 - [MESSAGE][INFO] - Unable to find the element located by 'By.xpath: id("select2-stadion-container")[count(. | //span[@class = 'select2-selection__rendered' and @id = 'select2-stadion-container' and @role = 'textbox' and @aria-readonly = 'true' and @title = '-- Search Stadium --' and (text() = '-- Search Stadium --' or . = '-- Search Stadium --')]) = count(//span[@class = 'select2-selection__rendered' and @id = 'select2-stadion-container' and @role = 'textbox' and @aria-readonly = 'true' and @title = '-- Search Stadium --' and (text() = '-- Search Stadium --' or . = '-- Search Stadium --')])]'. Please recheck the objects properties to make sure the desired element is located. 

10-01-2024T10:39:38 - [MESSAGE][WARNING] - [SELF-HEALING] Failed to find element with id 'Object Repository/Page_Playback Video/Stadium Selection Bar'. Try using Self-healing.

10-01-2024T10:39:38 - [MESSAGE][WARNING] - [SELF-HEALING] The current locator of test object 'Object Repository/Page_Playback Video/Stadium Selection Bar' was broken. Propose an alternative one: '//span/span/span/span'.

10-01-2024T10:39:38 - [MESSAGE][PASSED] - Object 'Object Repository/Page_Playback Video/Stadium Selection Bar' is clickable

10-01-2024T10:39:38 - [TEST_STEP][PASSED] - click(findTestObject("Page_Playback Video/Stadium Selection Bar")): Object: 'Object Repository/Page_Playback Video/Stadium Selection Bar' is clicked on

10-01-2024T10:39:40 - [MESSAGE][INFO] - Unable to find the element located by 'By.xpath: id("select2-stadion-container")[count(. | //span[@class = 'select2-selection__rendered' and @id = 'select2-stadion-container' and @role = 'textbox' and @aria-readonly = 'true' and @title = '-- Search Stadium --' and (text() = '-- Search Stadium --' or . = '-- Search Stadium --')]) = count(//span[@class = 'select2-selection__rendered' and @id = 'select2-stadion-container' and @role = 'textbox' and @aria-readonly = 'true' and @title = '-- Search Stadium --' and (text() = '-- Search Stadium --' or . = '-- Search Stadium --')])]'. Please recheck the objects properties to make sure the desired element is located. 

10-01-2024T10:39:40 - [MESSAGE][WARNING] - [SELF-HEALING] Failed to find element with id 'Object Repository/Page_Playback Video/Stadium Selection Bar'. Try using Self-healing.

10-01-2024T10:39:41 - [MESSAGE][WARNING] - [SELF-HEALING] The current locator of test object 'Object Repository/Page_Playback Video/Stadium Selection Bar' was broken. Propose an alternative one: '//span/span/span/span'.

10-01-2024T10:39:41 - [MESSAGE][PASSED] - Object: 'Object Repository/Page_Playback Video/Stadium Selection Bar' is clicked on

10-01-2024T10:39:41 - [TEST_STEP][PASSED] - clickOffset(findTestObject("Page_Playback Video/Stadium Selection Bar"), 50, 100): Object: 'Object Repository/Page_Playback Video/Stadium Selection Bar' is clicked on using offset x=50 and y=100

10-01-2024T10:39:43 - [MESSAGE][INFO] - Unable to find the element located by 'By.xpath: id("select2-stadion-container")[count(. | //span[@class = 'select2-selection__rendered' and @id = 'select2-stadion-container' and @role = 'textbox' and @aria-readonly = 'true' and @title = '-- Search Stadium --' and (text() = '-- Search Stadium --' or . = '-- Search Stadium --')]) = count(//span[@class = 'select2-selection__rendered' and @id = 'select2-stadion-container' and @role = 'textbox' and @aria-readonly = 'true' and @title = '-- Search Stadium --' and (text() = '-- Search Stadium --' or . = '-- Search Stadium --')])]'. Please recheck the objects properties to make sure the desired element is located. 

10-01-2024T10:39:43 - [MESSAGE][WARNING] - [SELF-HEALING] Failed to find element with id 'Object Repository/Page_Playback Video/Stadium Selection Bar'. Try using Self-healing.

10-01-2024T10:39:43 - [MESSAGE][WARNING] - [SELF-HEALING] The current locator of test object 'Object Repository/Page_Playback Video/Stadium Selection Bar' was broken. Propose an alternative one: '//span/span/span/span'.

10-01-2024T10:39:43 - [MESSAGE][PASSED] - Object: 'Object Repository/Page_Playback Video/Stadium Selection Bar' is clicked on using offset x=50 and y=100

10-01-2024T10:39:43 - [TEST_STEP][PASSED] - verifyElementNotPresent(findTestObject("Page_Playback Video/Stadium Search Field"), 0): Web element with id: 'Object Repository/Page_Playback Video/Stadium Search Field' located by 'By.xpath: /html[@class="fontawesome-i2svg-active fontawesome-i2svg-complete"]/body[@class="g-sidenav-show  bg-gray-100"]/span[@class="select2-container select2-container--default select2-container--open"]/span[@class="select2-dropdown select2-dropdown--below"]/span[@class="select2-search select2-search--dropdown"]/input[@class="select2-search__field"][count(. | //input[@class = 'select2-search__field' and @type = 'search' and @tabindex = '0' and @autocorrect = 'off' and @autocapitalize = 'none' and @spellcheck = 'false' and @role = 'searchbox' and @aria-autocomplete = 'list' and @autocomplete = 'off' and @aria-label = 'Search' and @aria-controls = 'select2-stadion-results']) = count(//input[@class = 'select2-search__field' and @type = 'search' and @tabindex = '0' and @autocorrect = 'off' and @autocapitalize = 'none' and @spellcheck = 'false' and @role = 'searchbox' and @aria-autocomplete = 'list' and @autocomplete = 'off' and @aria-label = 'Search' and @aria-controls = 'select2-stadion-results'])]' is not present after '1' second(s)

10-01-2024T10:39:43 - [MESSAGE][WARNING] - Timeout '0' is invalid. Using default page load timeout: '1'

10-01-2024T10:39:44 - [MESSAGE][PASSED] - Web element with id: 'Object Repository/Page_Playback Video/Stadium Search Field' located by 'By.xpath: /html[@class="fontawesome-i2svg-active fontawesome-i2svg-complete"]/body[@class="g-sidenav-show  bg-gray-100"]/span[@class="select2-container select2-container--default select2-container--open"]/span[@class="select2-dropdown select2-dropdown--below"]/span[@class="select2-search select2-search--dropdown"]/input[@class="select2-search__field"][count(. | //input[@class = 'select2-search__field' and @type = 'search' and @tabindex = '0' and @autocorrect = 'off' and @autocapitalize = 'none' and @spellcheck = 'false' and @role = 'searchbox' and @aria-autocomplete = 'list' and @autocomplete = 'off' and @aria-label = 'Search' and @aria-controls = 'select2-stadion-results']) = count(//input[@class = 'select2-search__field' and @type = 'search' and @tabindex = '0' and @autocorrect = 'off' and @autocapitalize = 'none' and @spellcheck = 'false' and @role = 'searchbox' and @aria-autocomplete = 'list' and @autocomplete = 'off' and @aria-label = 'Search' and @aria-controls = 'select2-stadion-results'])]' is not present after '1' second(s)

10-01-2024T10:39:44 - [TEST_STEP][PASSED] - closeBrowser(): Browser is closed

10-01-2024T10:39:44 - [MESSAGE][PASSED] - Browser is closed]]></system-out>
         <system-err><![CDATA[]]></system-err>
      </testcase>
      <testcase name="Test Cases/Offline PSSI Dashboard Function/Create BE Playback Video/Select Stadium/Negative Test Case/PSSIPlaybackVideoStadiumSearchNoResult" time="11.776" classname="Test Cases/Offline PSSI Dashboard Function/Create BE Playback Video/Select Stadium/Negative Test Case/PSSIPlaybackVideoStadiumSearchNoResult" status="PASSED">
         <system-out><![CDATA[10-01-2024T10:39:44 - [TEST_CASE][PASSED] - Test Cases/Offline PSSI Dashboard Function/Create BE Playback Video/Select Stadium/Negative Test Case/PSSIPlaybackVideoStadiumSearchNoResult: Test Cases/Offline PSSI Dashboard Function/Create BE Playback Video/Select Stadium/Negative Test Case/PSSIPlaybackVideoStadiumSearchNoResult

10-01-2024T10:39:44 - [TEST_STEP][PASSED] - baseUrl = offline_pssi_dashboard_url: null

10-01-2024T10:39:44 - [TEST_STEP][PASSED] - callTestCase(findTestCase("Offline PSSI Dashboard Function/Create BE Playback Video/View Playback Video Data/PSSIViewPlaybackVideo"), [:]): Call Test Case 'Test Cases/Offline PSSI Dashboard Function/Create BE Playback Video/View Playback Video Data/PSSIViewPlaybackVideo' successfully

10-01-2024T10:39:45 - [TEST_CASE][PASSED] - Test Cases/Offline PSSI Dashboard Function/Create BE Playback Video/View Playback Video Data/PSSIViewPlaybackVideo: Test Cases/Offline PSSI Dashboard Function/Create BE Playback Video/View Playback Video Data/PSSIViewPlaybackVideo

10-01-2024T10:39:45 - [TEST_STEP][PASSED] - baseUrl = offline_pssi_dashboard_url: null

10-01-2024T10:39:45 - [TEST_STEP][PASSED] - callTestCase(findTestCase("Offline PSSI Dashboard Function/Sign In/PSSISignInValidData"), [:]): Call Test Case 'Test Cases/Offline PSSI Dashboard Function/Sign In/PSSISignInValidData' successfully

10-01-2024T10:39:45 - [TEST_CASE][PASSED] - Test Cases/Offline PSSI Dashboard Function/Sign In/PSSISignInValidData: Test Cases/Offline PSSI Dashboard Function/Sign In/PSSISignInValidData

10-01-2024T10:39:45 - [TEST_STEP][PASSED] - failureHandling = STOP_ON_FAILURE: null

10-01-2024T10:39:45 - [TEST_STEP][PASSED] - baseUrl = offline_pssi_dashboard_url: null

10-01-2024T10:39:45 - [TEST_STEP][PASSED] - openBrowser(""): Browser is opened with url: ''

10-01-2024T10:39:45 - [MESSAGE][INFO] - Starting 'Chrome' driver

10-01-2024T10:39:45 - [MESSAGE][INFO] - Action delay is set to 0 milliseconds

10-01-2024T10:39:46 - [MESSAGE][PASSED] - Browser is opened with url: ''

10-01-2024T10:39:46 - [TEST_STEP][PASSED] - navigateToUrl(baseUrl): Navigate to 'https://monitoring.pssi-dev.kecilin.id' successfully

10-01-2024T10:39:47 - [MESSAGE][PASSED] - Navigate to 'https://monitoring.pssi-dev.kecilin.id' successfully

10-01-2024T10:39:47 - [TEST_STEP][PASSED] - maximizeWindow(): Current window maximized

10-01-2024T10:39:48 - [MESSAGE][PASSED] - Current window maximized

10-01-2024T10:39:48 - [TEST_STEP][PASSED] - setText(findTestObject("Object Repository/Page_Login/input_email"), "superadmin@app.com"): Text 'superadmin@app.com' is set on object 'Object Repository/Page_Login/input_email'

10-01-2024T10:39:49 - [MESSAGE][PASSED] - Text 'superadmin@app.com' is set on object 'Object Repository/Page_Login/input_email'

10-01-2024T10:39:49 - [TEST_STEP][PASSED] - setEncryptedText(findTestObject("Object Repository/Page_Login/input_password"), "8SQVv/p9jVScEs4/2CZsLw=="): Text ****** has been set on object 'Object Repository/Page_Login/input_password'

10-01-2024T10:39:49 - [MESSAGE][PASSED] - Text ****** has been set on object 'Object Repository/Page_Login/input_password'

10-01-2024T10:39:49 - [TEST_STEP][PASSED] - click(findTestObject("Object Repository/Page_Login/button_Sign In")): Object: 'Object Repository/Page_Login/button_Sign In' is clicked on

10-01-2024T10:39:51 - [MESSAGE][PASSED] - Object: 'Object Repository/Page_Login/button_Sign In' is clicked on

10-01-2024T10:39:51 - [MESSAGE][PASSED] - Call Test Case 'Test Cases/Offline PSSI Dashboard Function/Sign In/PSSISignInValidData' successfully

10-01-2024T10:39:51 - [TEST_STEP][PASSED] - navigateToUrl(baseUrl + "/playback_video"): Navigate to 'https://monitoring.pssi-dev.kecilin.id/playback_video' successfully

10-01-2024T10:39:52 - [MESSAGE][PASSED] - Navigate to 'https://monitoring.pssi-dev.kecilin.id/playback_video' successfully

10-01-2024T10:39:52 - [MESSAGE][PASSED] - Call Test Case 'Test Cases/Offline PSSI Dashboard Function/Create BE Playback Video/View Playback Video Data/PSSIViewPlaybackVideo' successfully

10-01-2024T10:39:52 - [TEST_STEP][PASSED] - verifyElementClickable(findTestObject("Page_Playback Video/Stadium Selection Bar")): Object 'Object Repository/Page_Playback Video/Stadium Selection Bar' is clickable

10-01-2024T10:39:53 - [MESSAGE][PASSED] - Object 'Object Repository/Page_Playback Video/Stadium Selection Bar' is clickable

10-01-2024T10:39:53 - [TEST_STEP][PASSED] - click(findTestObject("Page_Playback Video/Stadium Selection Bar")): Object: 'Object Repository/Page_Playback Video/Stadium Selection Bar' is clicked on

10-01-2024T10:39:53 - [MESSAGE][PASSED] - Object: 'Object Repository/Page_Playback Video/Stadium Selection Bar' is clicked on

10-01-2024T10:39:53 - [TEST_STEP][PASSED] - verifyElementClickable(findTestObject("Page_Playback Video/Stadium Search Field")): Object 'Object Repository/Page_Playback Video/Stadium Search Field' is clickable

10-01-2024T10:39:54 - [MESSAGE][PASSED] - Object 'Object Repository/Page_Playback Video/Stadium Search Field' is clickable

10-01-2024T10:39:54 - [TEST_STEP][PASSED] - setText(findTestObject("Page_Playback Video/Stadium Search Field"), "Basasasasung"): Text 'Basasasasung' is set on object 'Object Repository/Page_Playback Video/Stadium Search Field'

10-01-2024T10:39:54 - [MESSAGE][PASSED] - Text 'Basasasasung' is set on object 'Object Repository/Page_Playback Video/Stadium Search Field'

10-01-2024T10:39:54 - [TEST_STEP][PASSED] - sendKeys(findTestObject("Page_Playback Video/Stadium Search Field"), Keys.chord(ENTER)): Keys 'ENTER + ' sent to object: 'Object Repository/Page_Playback Video/Stadium Search Field'

10-01-2024T10:39:55 - [MESSAGE][PASSED] - Keys 'ENTER + ' sent to object: 'Object Repository/Page_Playback Video/Stadium Search Field'

10-01-2024T10:39:55 - [TEST_STEP][PASSED] - verifyTextPresent("No results found", true): Text 'No results found' is present on page  using regular expression

10-01-2024T10:39:56 - [MESSAGE][PASSED] - Text 'No results found' is present on page  using regular expression

10-01-2024T10:39:56 - [TEST_STEP][PASSED] - closeBrowser(): Browser is closed

10-01-2024T10:39:56 - [MESSAGE][PASSED] - Browser is closed]]></system-out>
         <system-err><![CDATA[]]></system-err>
      </testcase>
      <testcase name="Test Cases/Offline PSSI Dashboard Function/Create BE Playback Video/Select Stadium/Positive Test Case/PSSIMonitoringSelectStadiumArrowKeys" time="11.528" classname="Test Cases/Offline PSSI Dashboard Function/Create BE Playback Video/Select Stadium/Positive Test Case/PSSIMonitoringSelectStadiumArrowKeys" status="PASSED">
         <system-out><![CDATA[10-01-2024T10:39:56 - [TEST_CASE][PASSED] - Test Cases/Offline PSSI Dashboard Function/Create BE Playback Video/Select Stadium/Positive Test Case/PSSIMonitoringSelectStadiumArrowKeys: Test Cases/Offline PSSI Dashboard Function/Create BE Playback Video/Select Stadium/Positive Test Case/PSSIMonitoringSelectStadiumArrowKeys

10-01-2024T10:39:56 - [TEST_STEP][PASSED] - baseUrl = offline_pssi_dashboard_url: null

10-01-2024T10:39:56 - [TEST_STEP][PASSED] - callTestCase(findTestCase("Offline PSSI Dashboard Function/Create BE Playback Video/View Playback Video Data/PSSIViewPlaybackVideo"), [:]): Call Test Case 'Test Cases/Offline PSSI Dashboard Function/Create BE Playback Video/View Playback Video Data/PSSIViewPlaybackVideo' successfully

10-01-2024T10:39:57 - [TEST_CASE][PASSED] - Test Cases/Offline PSSI Dashboard Function/Create BE Playback Video/View Playback Video Data/PSSIViewPlaybackVideo: Test Cases/Offline PSSI Dashboard Function/Create BE Playback Video/View Playback Video Data/PSSIViewPlaybackVideo

10-01-2024T10:39:57 - [TEST_STEP][PASSED] - baseUrl = offline_pssi_dashboard_url: null

10-01-2024T10:39:57 - [TEST_STEP][PASSED] - callTestCase(findTestCase("Offline PSSI Dashboard Function/Sign In/PSSISignInValidData"), [:]): Call Test Case 'Test Cases/Offline PSSI Dashboard Function/Sign In/PSSISignInValidData' successfully

10-01-2024T10:39:57 - [TEST_CASE][PASSED] - Test Cases/Offline PSSI Dashboard Function/Sign In/PSSISignInValidData: Test Cases/Offline PSSI Dashboard Function/Sign In/PSSISignInValidData

10-01-2024T10:39:57 - [TEST_STEP][PASSED] - failureHandling = STOP_ON_FAILURE: null

10-01-2024T10:39:57 - [TEST_STEP][PASSED] - baseUrl = offline_pssi_dashboard_url: null

10-01-2024T10:39:57 - [TEST_STEP][PASSED] - openBrowser(""): Browser is opened with url: ''

10-01-2024T10:39:57 - [MESSAGE][INFO] - Starting 'Chrome' driver

10-01-2024T10:39:57 - [MESSAGE][INFO] - Action delay is set to 0 milliseconds

10-01-2024T10:39:58 - [MESSAGE][PASSED] - Browser is opened with url: ''

10-01-2024T10:39:58 - [TEST_STEP][PASSED] - navigateToUrl(baseUrl): Navigate to 'https://monitoring.pssi-dev.kecilin.id' successfully

10-01-2024T10:39:59 - [MESSAGE][PASSED] - Navigate to 'https://monitoring.pssi-dev.kecilin.id' successfully

10-01-2024T10:39:59 - [TEST_STEP][PASSED] - maximizeWindow(): Current window maximized

10-01-2024T10:40:00 - [MESSAGE][PASSED] - Current window maximized

10-01-2024T10:40:00 - [TEST_STEP][PASSED] - setText(findTestObject("Object Repository/Page_Login/input_email"), "superadmin@app.com"): Text 'superadmin@app.com' is set on object 'Object Repository/Page_Login/input_email'

10-01-2024T10:40:01 - [MESSAGE][PASSED] - Text 'superadmin@app.com' is set on object 'Object Repository/Page_Login/input_email'

10-01-2024T10:40:01 - [TEST_STEP][PASSED] - setEncryptedText(findTestObject("Object Repository/Page_Login/input_password"), "8SQVv/p9jVScEs4/2CZsLw=="): Text ****** has been set on object 'Object Repository/Page_Login/input_password'

10-01-2024T10:40:01 - [MESSAGE][PASSED] - Text ****** has been set on object 'Object Repository/Page_Login/input_password'

10-01-2024T10:40:01 - [TEST_STEP][PASSED] - click(findTestObject("Object Repository/Page_Login/button_Sign In")): Object: 'Object Repository/Page_Login/button_Sign In' is clicked on

10-01-2024T10:40:03 - [MESSAGE][PASSED] - Object: 'Object Repository/Page_Login/button_Sign In' is clicked on

10-01-2024T10:40:03 - [MESSAGE][PASSED] - Call Test Case 'Test Cases/Offline PSSI Dashboard Function/Sign In/PSSISignInValidData' successfully

10-01-2024T10:40:03 - [TEST_STEP][PASSED] - navigateToUrl(baseUrl + "/playback_video"): Navigate to 'https://monitoring.pssi-dev.kecilin.id/playback_video' successfully

10-01-2024T10:40:04 - [MESSAGE][PASSED] - Navigate to 'https://monitoring.pssi-dev.kecilin.id/playback_video' successfully

10-01-2024T10:40:04 - [MESSAGE][PASSED] - Call Test Case 'Test Cases/Offline PSSI Dashboard Function/Create BE Playback Video/View Playback Video Data/PSSIViewPlaybackVideo' successfully

10-01-2024T10:40:04 - [TEST_STEP][PASSED] - verifyElementClickable(findTestObject("Page_Playback Video/Stadium Selection Bar")): Object 'Object Repository/Page_Playback Video/Stadium Selection Bar' is clickable

10-01-2024T10:40:05 - [MESSAGE][PASSED] - Object 'Object Repository/Page_Playback Video/Stadium Selection Bar' is clickable

10-01-2024T10:40:05 - [TEST_STEP][PASSED] - click(findTestObject("Page_Playback Video/Stadium Selection Bar")): Object: 'Object Repository/Page_Playback Video/Stadium Selection Bar' is clicked on

10-01-2024T10:40:05 - [MESSAGE][PASSED] - Object: 'Object Repository/Page_Playback Video/Stadium Selection Bar' is clicked on

10-01-2024T10:40:05 - [TEST_STEP][PASSED] - sendKeys(findTestObject("Page_Playback Video/Stadium Search Field"), Keys.chord(ARROW_DOWN)): Keys 'DOWN + ' sent to object: 'Object Repository/Page_Playback Video/Stadium Search Field'

10-01-2024T10:40:06 - [MESSAGE][PASSED] - Keys 'DOWN + ' sent to object: 'Object Repository/Page_Playback Video/Stadium Search Field'

10-01-2024T10:40:06 - [TEST_STEP][PASSED] - sendKeys(findTestObject("Page_Playback Video/Stadium Search Field"), Keys.chord(ARROW_UP)): Keys 'UP + ' sent to object: 'Object Repository/Page_Playback Video/Stadium Search Field'

10-01-2024T10:40:06 - [MESSAGE][PASSED] - Keys 'UP + ' sent to object: 'Object Repository/Page_Playback Video/Stadium Search Field'

10-01-2024T10:40:06 - [TEST_STEP][PASSED] - sendKeys(findTestObject("Page_Playback Video/Stadium Search Field"), Keys.chord(ENTER)): Keys 'ENTER + ' sent to object: 'Object Repository/Page_Playback Video/Stadium Search Field'

10-01-2024T10:40:07 - [MESSAGE][PASSED] - Keys 'ENTER + ' sent to object: 'Object Repository/Page_Playback Video/Stadium Search Field'

10-01-2024T10:40:07 - [TEST_STEP][PASSED] - verifyTextNotPresent("-- Search Stadium --", false): Text '-- Search Stadium --' is not present on page

10-01-2024T10:40:07 - [MESSAGE][PASSED] - Text '-- Search Stadium --' is not present on page

10-01-2024T10:40:07 - [TEST_STEP][PASSED] - closeBrowser(): Browser is closed

10-01-2024T10:40:08 - [MESSAGE][PASSED] - Browser is closed]]></system-out>
         <system-err><![CDATA[]]></system-err>
      </testcase>
      <testcase name="Test Cases/Offline PSSI Dashboard Function/Create BE Playback Video/Select Stadium/Positive Test Case/PSSIPlaybackVideoStadiumSearch" time="13.415" classname="Test Cases/Offline PSSI Dashboard Function/Create BE Playback Video/Select Stadium/Positive Test Case/PSSIPlaybackVideoStadiumSearch" status="PASSED">
         <system-out><![CDATA[10-01-2024T10:40:08 - [TEST_CASE][PASSED] - Test Cases/Offline PSSI Dashboard Function/Create BE Playback Video/Select Stadium/Positive Test Case/PSSIPlaybackVideoStadiumSearch: Test Cases/Offline PSSI Dashboard Function/Create BE Playback Video/Select Stadium/Positive Test Case/PSSIPlaybackVideoStadiumSearch

10-01-2024T10:40:09 - [TEST_STEP][PASSED] - baseUrl = offline_pssi_dashboard_url: null

10-01-2024T10:40:09 - [TEST_STEP][PASSED] - callTestCase(findTestCase("Offline PSSI Dashboard Function/Create BE Playback Video/View Playback Video Data/PSSIViewPlaybackVideo"), [:]): Call Test Case 'Test Cases/Offline PSSI Dashboard Function/Create BE Playback Video/View Playback Video Data/PSSIViewPlaybackVideo' successfully

10-01-2024T10:40:09 - [TEST_CASE][PASSED] - Test Cases/Offline PSSI Dashboard Function/Create BE Playback Video/View Playback Video Data/PSSIViewPlaybackVideo: Test Cases/Offline PSSI Dashboard Function/Create BE Playback Video/View Playback Video Data/PSSIViewPlaybackVideo

10-01-2024T10:40:09 - [TEST_STEP][PASSED] - baseUrl = offline_pssi_dashboard_url: null

10-01-2024T10:40:09 - [TEST_STEP][PASSED] - callTestCase(findTestCase("Offline PSSI Dashboard Function/Sign In/PSSISignInValidData"), [:]): Call Test Case 'Test Cases/Offline PSSI Dashboard Function/Sign In/PSSISignInValidData' successfully

10-01-2024T10:40:09 - [TEST_CASE][PASSED] - Test Cases/Offline PSSI Dashboard Function/Sign In/PSSISignInValidData: Test Cases/Offline PSSI Dashboard Function/Sign In/PSSISignInValidData

10-01-2024T10:40:09 - [TEST_STEP][PASSED] - failureHandling = STOP_ON_FAILURE: null

10-01-2024T10:40:09 - [TEST_STEP][PASSED] - baseUrl = offline_pssi_dashboard_url: null

10-01-2024T10:40:09 - [TEST_STEP][PASSED] - openBrowser(""): Browser is opened with url: ''

10-01-2024T10:40:09 - [MESSAGE][INFO] - Starting 'Chrome' driver

10-01-2024T10:40:09 - [MESSAGE][INFO] - Action delay is set to 0 milliseconds

10-01-2024T10:40:11 - [MESSAGE][PASSED] - Browser is opened with url: ''

10-01-2024T10:40:11 - [TEST_STEP][PASSED] - navigateToUrl(baseUrl): Navigate to 'https://monitoring.pssi-dev.kecilin.id' successfully

10-01-2024T10:40:12 - [MESSAGE][PASSED] - Navigate to 'https://monitoring.pssi-dev.kecilin.id' successfully

10-01-2024T10:40:12 - [TEST_STEP][PASSED] - maximizeWindow(): Current window maximized

10-01-2024T10:40:12 - [MESSAGE][PASSED] - Current window maximized

10-01-2024T10:40:12 - [TEST_STEP][PASSED] - setText(findTestObject("Object Repository/Page_Login/input_email"), "superadmin@app.com"): Text 'superadmin@app.com' is set on object 'Object Repository/Page_Login/input_email'

10-01-2024T10:40:13 - [MESSAGE][PASSED] - Text 'superadmin@app.com' is set on object 'Object Repository/Page_Login/input_email'

10-01-2024T10:40:13 - [TEST_STEP][PASSED] - setEncryptedText(findTestObject("Object Repository/Page_Login/input_password"), "8SQVv/p9jVScEs4/2CZsLw=="): Text ****** has been set on object 'Object Repository/Page_Login/input_password'

10-01-2024T10:40:14 - [MESSAGE][PASSED] - Text ****** has been set on object 'Object Repository/Page_Login/input_password'

10-01-2024T10:40:14 - [TEST_STEP][PASSED] - click(findTestObject("Object Repository/Page_Login/button_Sign In")): Object: 'Object Repository/Page_Login/button_Sign In' is clicked on

10-01-2024T10:40:16 - [MESSAGE][PASSED] - Object: 'Object Repository/Page_Login/button_Sign In' is clicked on

10-01-2024T10:40:16 - [MESSAGE][PASSED] - Call Test Case 'Test Cases/Offline PSSI Dashboard Function/Sign In/PSSISignInValidData' successfully

10-01-2024T10:40:16 - [TEST_STEP][PASSED] - navigateToUrl(baseUrl + "/playback_video"): Navigate to 'https://monitoring.pssi-dev.kecilin.id/playback_video' successfully

10-01-2024T10:40:17 - [MESSAGE][PASSED] - Navigate to 'https://monitoring.pssi-dev.kecilin.id/playback_video' successfully

10-01-2024T10:40:17 - [MESSAGE][PASSED] - Call Test Case 'Test Cases/Offline PSSI Dashboard Function/Create BE Playback Video/View Playback Video Data/PSSIViewPlaybackVideo' successfully

10-01-2024T10:40:17 - [TEST_STEP][PASSED] - verifyElementClickable(findTestObject("Page_Playback Video/Stadium Selection Bar")): Object 'Object Repository/Page_Playback Video/Stadium Selection Bar' is clickable

10-01-2024T10:40:17 - [MESSAGE][PASSED] - Object 'Object Repository/Page_Playback Video/Stadium Selection Bar' is clickable

10-01-2024T10:40:17 - [TEST_STEP][PASSED] - click(findTestObject("Page_Playback Video/Stadium Selection Bar")): Object: 'Object Repository/Page_Playback Video/Stadium Selection Bar' is clicked on

10-01-2024T10:40:18 - [MESSAGE][PASSED] - Object: 'Object Repository/Page_Playback Video/Stadium Selection Bar' is clicked on

10-01-2024T10:40:18 - [TEST_STEP][PASSED] - verifyElementClickable(findTestObject("Page_Playback Video/Stadium Search Field")): Object 'Object Repository/Page_Playback Video/Stadium Search Field' is clickable

10-01-2024T10:40:18 - [MESSAGE][PASSED] - Object 'Object Repository/Page_Playback Video/Stadium Search Field' is clickable

10-01-2024T10:40:18 - [TEST_STEP][PASSED] - setText(findTestObject("Page_Playback Video/Stadium Search Field"), "Bung"): Text 'Bung' is set on object 'Object Repository/Page_Playback Video/Stadium Search Field'

10-01-2024T10:40:19 - [MESSAGE][PASSED] - Text 'Bung' is set on object 'Object Repository/Page_Playback Video/Stadium Search Field'

10-01-2024T10:40:19 - [TEST_STEP][PASSED] - expectedPattern = ".Bung.": null

10-01-2024T10:40:19 - [TEST_STEP][PASSED] - verifyTextPresent(expectedPattern, true): Text '.Bung.' is present on page  using regular expression

10-01-2024T10:40:20 - [MESSAGE][PASSED] - Text '.Bung.' is present on page  using regular expression

10-01-2024T10:40:20 - [TEST_STEP][PASSED] - sendKeys(findTestObject("Page_Playback Video/Stadium Search Field"), Keys.chord(ENTER)): Keys 'ENTER + ' sent to object: 'Object Repository/Page_Playback Video/Stadium Search Field'

10-01-2024T10:40:20 - [MESSAGE][PASSED] - Keys 'ENTER + ' sent to object: 'Object Repository/Page_Playback Video/Stadium Search Field'

10-01-2024T10:40:20 - [TEST_STEP][PASSED] - verifyTextPresent(expectedPattern, true): Text '.Bung.' is present on page  using regular expression

10-01-2024T10:40:21 - [MESSAGE][PASSED] - Text '.Bung.' is present on page  using regular expression

10-01-2024T10:40:21 - [TEST_STEP][PASSED] - closeBrowser(): Browser is closed

10-01-2024T10:40:21 - [MESSAGE][PASSED] - Browser is closed]]></system-out>
         <system-err><![CDATA[]]></system-err>
      </testcase>
      <system-out><![CDATA[10-01-2024T10:37:27 - [TEST_SUITE][FAILED] - Select Stadium Test Suite: Test Cases/Offline PSSI Dashboard Function/Create BE Playback Video/Select Stadium/Negative Test Case/PSSIMonitoringClearStadiumSelection FAILED.
Reason:
com.kms.katalon.core.exception.StepFailedException: Verify element text of test object 'Object Repository/Page_Playback Video/Stadium Selection Bar' FAILED.
	at com.kms.katalon.core.webui.keyword.internal.WebUIKeywordMain.stepFailed(WebUIKeywordMain.groovy:64)
	at com.kms.katalon.core.webui.keyword.internal.WebUIKeywordMain.runKeyword(WebUIKeywordMain.groovy:26)
	at com.kms.katalon.core.webui.keyword.builtin.VerifyElementTextKeyword.verifyElementText(VerifyElementTextKeyword.groovy:72)
	at com.kms.katalon.core.webui.keyword.builtin.VerifyElementTextKeyword.execute(VerifyElementTextKeyword.groovy:40)
	at com.kms.katalon.core.keyword.internal.KeywordExecutor.executeKeywordForPlatform(KeywordExecutor.groovy:74)
	at com.kms.katalon.core.webui.keyword.WebUiBuiltInKeywords.verifyElementText(WebUiBuiltInKeywords.groovy:4835)
	at PSSIMonitoringClearStadiumSelection.run(PSSIMonitoringClearStadiumSelection:53)
	at com.kms.katalon.core.main.ScriptEngine.run(ScriptEngine.java:194)
	at com.kms.katalon.core.main.ScriptEngine.runScriptAsRawText(ScriptEngine.java:119)
	at com.kms.katalon.core.main.TestCaseExecutor.runScript(TestCaseExecutor.java:448)
	at com.kms.katalon.core.main.TestCaseExecutor.doExecute(TestCaseExecutor.java:439)
	at com.kms.katalon.core.main.TestCaseExecutor.processExecutionPhase(TestCaseExecutor.java:418)
	at com.kms.katalon.core.main.TestCaseExecutor.accessMainPhase(TestCaseExecutor.java:410)
	at com.kms.katalon.core.main.TestCaseExecutor.execute(TestCaseExecutor.java:285)
	at com.kms.katalon.core.common.CommonExecutor.accessTestCaseMainPhase(CommonExecutor.java:65)
	at com.kms.katalon.core.main.TestSuiteExecutor.accessTestSuiteMainPhase(TestSuiteExecutor.java:148)
	at com.kms.katalon.core.main.TestSuiteExecutor.execute(TestSuiteExecutor.java:106)
	at com.kms.katalon.core.main.TestCaseMain.startTestSuite(TestCaseMain.java:180)
	at TempTestSuite1704856317534.run(TempTestSuite1704856317534.groovy:36)
	at java.base/jdk.internal.reflect.NativeMethodAccessorImpl.invoke0(Native Method)
	at java.base/jdk.internal.reflect.NativeMethodAccessorImpl.invoke(NativeMethodAccessorImpl.java:77)
	at java.base/jdk.internal.reflect.DelegatingMethodAccessorImpl.invoke(DelegatingMethodAccessorImpl.java:43)
Caused by: com.kms.katalon.core.exception.StepFailedException: Actual text 'Stadion Utama Gelora Bung Karno' and expected text '-- Search Stadium --' of test object 'Object Repository/Page_Playback Video/Stadium Selection Bar' are NOT matched.
	at com.kms.katalon.core.webui.keyword.internal.WebUIKeywordMain.stepFailed(WebUIKeywordMain.groovy:64)
	at com.kms.katalon.core.webui.keyword.builtin.VerifyElementTextKeyword$_verifyElementText_closure1.doCall(VerifyElementTextKeyword.groovy:57)
	at com.kms.katalon.core.webui.keyword.builtin.VerifyElementTextKeyword$_verifyElementText_closure1.call(VerifyElementTextKeyword.groovy)
	at com.kms.katalon.core.webui.keyword.internal.WebUIKeywordMain.runKeyword(WebUIKeywordMain.groovy:20)
	... 20 more]]></system-out>
      <system-err><![CDATA[10-01-2024T10:37:27 - [TEST_SUITE][FAILED] - Select Stadium Test Suite: Test Cases/Offline PSSI Dashboard Function/Create BE Playback Video/Select Stadium/Negative Test Case/PSSIMonitoringClearStadiumSelection FAILED.
Reason:
com.kms.katalon.core.exception.StepFailedException: Verify element text of test object 'Object Repository/Page_Playback Video/Stadium Selection Bar' FAILED.
	at com.kms.katalon.core.webui.keyword.internal.WebUIKeywordMain.stepFailed(WebUIKeywordMain.groovy:64)
	at com.kms.katalon.core.webui.keyword.internal.WebUIKeywordMain.runKeyword(WebUIKeywordMain.groovy:26)
	at com.kms.katalon.core.webui.keyword.builtin.VerifyElementTextKeyword.verifyElementText(VerifyElementTextKeyword.groovy:72)
	at com.kms.katalon.core.webui.keyword.builtin.VerifyElementTextKeyword.execute(VerifyElementTextKeyword.groovy:40)
	at com.kms.katalon.core.keyword.internal.KeywordExecutor.executeKeywordForPlatform(KeywordExecutor.groovy:74)
	at com.kms.katalon.core.webui.keyword.WebUiBuiltInKeywords.verifyElementText(WebUiBuiltInKeywords.groovy:4835)
	at PSSIMonitoringClearStadiumSelection.run(PSSIMonitoringClearStadiumSelection:53)
	at com.kms.katalon.core.main.ScriptEngine.run(ScriptEngine.java:194)
	at com.kms.katalon.core.main.ScriptEngine.runScriptAsRawText(ScriptEngine.java:119)
	at com.kms.katalon.core.main.TestCaseExecutor.runScript(TestCaseExecutor.java:448)
	at com.kms.katalon.core.main.TestCaseExecutor.doExecute(TestCaseExecutor.java:439)
	at com.kms.katalon.core.main.TestCaseExecutor.processExecutionPhase(TestCaseExecutor.java:418)
	at com.kms.katalon.core.main.TestCaseExecutor.accessMainPhase(TestCaseExecutor.java:410)
	at com.kms.katalon.core.main.TestCaseExecutor.execute(TestCaseExecutor.java:285)
	at com.kms.katalon.core.common.CommonExecutor.accessTestCaseMainPhase(CommonExecutor.java:65)
	at com.kms.katalon.core.main.TestSuiteExecutor.accessTestSuiteMainPhase(TestSuiteExecutor.java:148)
	at com.kms.katalon.core.main.TestSuiteExecutor.execute(TestSuiteExecutor.java:106)
	at com.kms.katalon.core.main.TestCaseMain.startTestSuite(TestCaseMain.java:180)
	at TempTestSuite1704856317534.run(TempTestSuite1704856317534.groovy:36)
	at java.base/jdk.internal.reflect.NativeMethodAccessorImpl.invoke0(Native Method)
	at java.base/jdk.internal.reflect.NativeMethodAccessorImpl.invoke(NativeMethodAccessorImpl.java:77)
	at java.base/jdk.internal.reflect.DelegatingMethodAccessorImpl.invoke(DelegatingMethodAccessorImpl.java:43)
Caused by: com.kms.katalon.core.exception.StepFailedException: Actual text 'Stadion Utama Gelora Bung Karno' and expected text '-- Search Stadium --' of test object 'Object Repository/Page_Playback Video/Stadium Selection Bar' are NOT matched.
	at com.kms.katalon.core.webui.keyword.internal.WebUIKeywordMain.stepFailed(WebUIKeywordMain.groovy:64)
	at com.kms.katalon.core.webui.keyword.builtin.VerifyElementTextKeyword$_verifyElementText_closure1.doCall(VerifyElementTextKeyword.groovy:57)
	at com.kms.katalon.core.webui.keyword.builtin.VerifyElementTextKeyword$_verifyElementText_closure1.call(VerifyElementTextKeyword.groovy)
	at com.kms.katalon.core.webui.keyword.internal.WebUIKeywordMain.runKeyword(WebUIKeywordMain.groovy:20)
	... 20 more]]></system-err>
   </testsuite>
   <testsuite name="View Playback Video Data Test Suite" tests="1" failures="0" errors="0" time="15.397" skipped="0" timestamp="10-01-2024T10:40:59" hostname="USER - DESKTOP-HLRVE9S" id="Test Suites/Create BE Playback Video/View Playback Video Data Test Suite">
      <properties>
         <property name="deviceName" value=""/>
         <property name="devicePlatform" value=""/>
         <property name="logFolder" value="C:\\Users\\USER\\git\\Kecilin-Automation-Test\\Reports\\20240110_101141\\Create BE Playback Video\\View Playback Video Data Test Suite\\20240110_101159"/>
         <property name="logFiles" value="C:\\Users\\USER\\git\\Kecilin-Automation-Test\\Reports\\20240110_101141\\Create BE Playback Video\\View Playback Video Data Test Suite\\20240110_101159\\execution0.log"/>
         <property name="attachments" value=""/>
         <property name="hostName" value="USER - DESKTOP-HLRVE9S"/>
         <property name="os" value="Windows 10 64bit"/>
         <property name="katalonVersion" value="9.2.0.212"/>
         <property name="browser" value="Chrome 120.0.0.0"/>
         <property name="hostAddress" value="192.168.100.189"/>
         <property name="sessionId" value="fe826d07c53d3244379003501c4b91b3"/>
         <property name="seleniumVersion" value="3.141.59"/>
         <property name="proxyInformation" value="ProxyInformation { proxyOption=NO_PROXY, proxyServerType=HTTP, username=, password=********, proxyServerAddress=, proxyServerPort=0, executionList=&quot;&quot;, isApplyToDesiredCapabilities=true }"/>
         <property name="platform" value="Windows 10"/>
      </properties>
      <testcase name="Test Cases/Offline PSSI Dashboard Function/Create BE Playback Video/View Playback Video Data/PSSIViewPlaybackVideo" time="14.658" classname="Test Cases/Offline PSSI Dashboard Function/Create BE Playback Video/View Playback Video Data/PSSIViewPlaybackVideo" status="PASSED">
         <system-out><![CDATA[10-01-2024T10:40:59 - [TEST_CASE][PASSED] - Test Cases/Offline PSSI Dashboard Function/Create BE Playback Video/View Playback Video Data/PSSIViewPlaybackVideo: Test Cases/Offline PSSI Dashboard Function/Create BE Playback Video/View Playback Video Data/PSSIViewPlaybackVideo

10-01-2024T10:41:00 - [TEST_STEP][PASSED] - baseUrl = offline_pssi_dashboard_url: null

10-01-2024T10:41:02 - [TEST_STEP][PASSED] - callTestCase(findTestCase("Offline PSSI Dashboard Function/Sign In/PSSISignInValidData"), [:]): Call Test Case 'Test Cases/Offline PSSI Dashboard Function/Sign In/PSSISignInValidData' successfully

10-01-2024T10:41:02 - [TEST_CASE][PASSED] - Test Cases/Offline PSSI Dashboard Function/Sign In/PSSISignInValidData: Test Cases/Offline PSSI Dashboard Function/Sign In/PSSISignInValidData

10-01-2024T10:41:03 - [TEST_STEP][PASSED] - failureHandling = STOP_ON_FAILURE: null

10-01-2024T10:41:03 - [TEST_STEP][PASSED] - baseUrl = offline_pssi_dashboard_url: null

10-01-2024T10:41:03 - [TEST_STEP][PASSED] - openBrowser(""): Browser is opened with url: ''

10-01-2024T10:41:03 - [MESSAGE][INFO] - Starting 'Chrome' driver

10-01-2024T10:41:03 - [MESSAGE][INFO] - Action delay is set to 0 milliseconds

10-01-2024T10:41:07 - [MESSAGE][PASSED] - Browser is opened with url: ''

10-01-2024T10:41:07 - [TEST_STEP][PASSED] - navigateToUrl(baseUrl): Navigate to 'https://monitoring.pssi-dev.kecilin.id' successfully

10-01-2024T10:41:09 - [MESSAGE][PASSED] - Navigate to 'https://monitoring.pssi-dev.kecilin.id' successfully

10-01-2024T10:41:09 - [TEST_STEP][PASSED] - maximizeWindow(): Current window maximized

10-01-2024T10:41:09 - [MESSAGE][PASSED] - Current window maximized

10-01-2024T10:41:09 - [TEST_STEP][PASSED] - setText(findTestObject("Object Repository/Page_Login/input_email"), "superadmin@app.com"): Text 'superadmin@app.com' is set on object 'Object Repository/Page_Login/input_email'

10-01-2024T10:41:10 - [MESSAGE][PASSED] - Text 'superadmin@app.com' is set on object 'Object Repository/Page_Login/input_email'

10-01-2024T10:41:10 - [TEST_STEP][PASSED] - setEncryptedText(findTestObject("Object Repository/Page_Login/input_password"), "8SQVv/p9jVScEs4/2CZsLw=="): Text ****** has been set on object 'Object Repository/Page_Login/input_password'

10-01-2024T10:41:11 - [MESSAGE][PASSED] - Text ****** has been set on object 'Object Repository/Page_Login/input_password'

10-01-2024T10:41:11 - [TEST_STEP][PASSED] - click(findTestObject("Object Repository/Page_Login/button_Sign In")): Object: 'Object Repository/Page_Login/button_Sign In' is clicked on

10-01-2024T10:41:13 - [MESSAGE][PASSED] - Object: 'Object Repository/Page_Login/button_Sign In' is clicked on

10-01-2024T10:41:13 - [MESSAGE][PASSED] - Call Test Case 'Test Cases/Offline PSSI Dashboard Function/Sign In/PSSISignInValidData' successfully

10-01-2024T10:41:13 - [TEST_STEP][PASSED] - navigateToUrl(baseUrl + "/playback_video"): Navigate to 'https://monitoring.pssi-dev.kecilin.id/playback_video' successfully

10-01-2024T10:41:14 - [MESSAGE][PASSED] - Navigate to 'https://monitoring.pssi-dev.kecilin.id/playback_video' successfully]]></system-out>
         <system-err><![CDATA[]]></system-err>
      </testcase>
      <system-out><![CDATA[10-01-2024T10:40:59 - [TEST_SUITE][PASSED] - View Playback Video Data Test Suite: Test Cases/Offline PSSI Dashboard Function/Create BE Playback Video/View Playback Video Data/PSSIViewPlaybackVideo]]></system-out>
      <system-err><![CDATA[]]></system-err>
   </testsuite>
</testsuites>
