<?xml version="1.0" encoding="UTF-8"?>
<testsuites name="Check Camera Status Test Suite" time="23.696" tests="1" failures="0" errors="0">
   <testsuite name="Check Camera Status Test Suite" tests="1" failures="0" errors="0" time="23.696" skipped="0" timestamp="04-01-2024T10:54:49" hostname="USER - DESKTOP-HLRVE9S" id="Test Suites/Check Camera Status/Check Camera Status Test Suite">
      <properties>
         <property name="deviceName" value=""/>
         <property name="devicePlatform" value=""/>
         <property name="logFolder" value="C:\\Users\\USER\\git\\Kecilin-Automation-Test\\Reports\\20240104_105435\\Check Camera Status\\Check Camera Status Test Suite\\20240104_105435"/>
         <property name="logFiles" value="C:\\Users\\USER\\git\\Kecilin-Automation-Test\\Reports\\20240104_105435\\Check Camera Status\\Check Camera Status Test Suite\\20240104_105435\\execution0.log"/>
         <property name="attachments" value=""/>
         <property name="hostName" value="USER - DESKTOP-HLRVE9S"/>
         <property name="os" value="Windows 10 64bit"/>
         <property name="katalonVersion" value="9.2.0.212"/>
         <property name="browser" value="Chrome 120.0.0.0"/>
         <property name="hostAddress" value="192.168.100.66"/>
         <property name="sessionId" value="0bdbe6c83eec95ef2e5156081d6dcd2f"/>
         <property name="seleniumVersion" value="3.141.59"/>
         <property name="proxyInformation" value="ProxyInformation { proxyOption=NO_PROXY, proxyServerType=HTTP, username=, password=********, proxyServerAddress=, proxyServerPort=0, executionList=&quot;&quot;, isApplyToDesiredCapabilities=true }"/>
         <property name="platform" value="Windows 10"/>
      </properties>
      <testcase name="Test Cases/Offline PSSI Dashboard Function/Check Camera Status/Positive Test Case/PSSIOfflineCameraStatus" time="22.847" classname="Test Cases/Offline PSSI Dashboard Function/Check Camera Status/Positive Test Case/PSSIOfflineCameraStatus" status="PASSED">
         <system-out><![CDATA[04-01-2024T10:54:50 - [TEST_CASE][PASSED] - Test Cases/Offline PSSI Dashboard Function/Check Camera Status/Positive Test Case/PSSIOfflineCameraStatus: Test Cases/Offline PSSI Dashboard Function/Check Camera Status/Positive Test Case/PSSIOfflineCameraStatus

04-01-2024T10:54:52 - [TEST_STEP][PASSED] - failureHandling = STOP_ON_FAILURE: null

04-01-2024T10:54:52 - [TEST_STEP][PASSED] - baseUrl = offline_pssi_dashboard_url: null

04-01-2024T10:54:53 - [TEST_STEP][PASSED] - callTestCase(findTestCase("Offline PSSI Dashboard Function/Create BE CCTV Data/View CCTV Table/PSSIViewCCTVData"), [:], failureHandling): Call Test Case 'Test Cases/Offline PSSI Dashboard Function/Create BE CCTV Data/View CCTV Table/PSSIViewCCTVData' successfully

04-01-2024T10:54:54 - [TEST_CASE][PASSED] - Test Cases/Offline PSSI Dashboard Function/Create BE CCTV Data/View CCTV Table/PSSIViewCCTVData: Test Cases/Offline PSSI Dashboard Function/Create BE CCTV Data/View CCTV Table/PSSIViewCCTVData

04-01-2024T10:54:55 - [TEST_STEP][PASSED] - failureHandling = STOP_ON_FAILURE: null

04-01-2024T10:54:55 - [TEST_STEP][PASSED] - baseUrl = offline_pssi_dashboard_url: null

04-01-2024T10:54:55 - [TEST_STEP][PASSED] - callTestCase(findTestCase("Offline PSSI Dashboard Function/Create BE CCTV Data/View Stadium/PSSIViewStadiumData"), [:], failureHandling): Call Test Case 'Test Cases/Offline PSSI Dashboard Function/Create BE CCTV Data/View Stadium/PSSIViewStadiumData' successfully

04-01-2024T10:54:55 - [TEST_CASE][PASSED] - Test Cases/Offline PSSI Dashboard Function/Create BE CCTV Data/View Stadium/PSSIViewStadiumData: Test Cases/Offline PSSI Dashboard Function/Create BE CCTV Data/View Stadium/PSSIViewStadiumData

04-01-2024T10:54:56 - [TEST_STEP][PASSED] - failureHandling = STOP_ON_FAILURE: null

04-01-2024T10:54:56 - [TEST_STEP][PASSED] - baseUrl = offline_pssi_dashboard_url: null

04-01-2024T10:54:56 - [TEST_STEP][PASSED] - callTestCase(findTestCase("Offline PSSI Dashboard Function/Sign In/PSSISignInValidData"), [:], failureHandling): Call Test Case 'Test Cases/Offline PSSI Dashboard Function/Sign In/PSSISignInValidData' successfully

04-01-2024T10:54:56 - [TEST_CASE][PASSED] - Test Cases/Offline PSSI Dashboard Function/Sign In/PSSISignInValidData: Test Cases/Offline PSSI Dashboard Function/Sign In/PSSISignInValidData

04-01-2024T10:54:56 - [TEST_STEP][PASSED] - failureHandling = STOP_ON_FAILURE: null

04-01-2024T10:54:56 - [TEST_STEP][PASSED] - baseUrl = offline_pssi_dashboard_url: null

04-01-2024T10:54:56 - [TEST_STEP][PASSED] - openBrowser(""): Browser is opened with url: ''

04-01-2024T10:54:58 - [MESSAGE][INFO] - Starting 'Chrome' driver

04-01-2024T10:54:58 - [MESSAGE][INFO] - Action delay is set to 0 milliseconds

04-01-2024T10:55:02 - [MESSAGE][PASSED] - Browser is opened with url: ''

04-01-2024T10:55:02 - [TEST_STEP][PASSED] - navigateToUrl(baseUrl): Navigate to 'https://monitoring.pssi-dev.kecilin.id' successfully

04-01-2024T10:55:04 - [MESSAGE][PASSED] - Navigate to 'https://monitoring.pssi-dev.kecilin.id' successfully

04-01-2024T10:55:04 - [TEST_STEP][PASSED] - maximizeWindow(): Current window maximized

04-01-2024T10:55:04 - [MESSAGE][PASSED] - Current window maximized

04-01-2024T10:55:04 - [TEST_STEP][PASSED] - setText(findTestObject("Object Repository/Page_Login/input_email"), "superadmin@app.com"): Text 'superadmin@app.com' is set on object 'Object Repository/Page_Login/input_email'

04-01-2024T10:55:06 - [MESSAGE][PASSED] - Text 'superadmin@app.com' is set on object 'Object Repository/Page_Login/input_email'

04-01-2024T10:55:06 - [TEST_STEP][PASSED] - setEncryptedText(findTestObject("Object Repository/Page_Login/input_password"), "8SQVv/p9jVScEs4/2CZsLw=="): Text ****** has been set on object 'Object Repository/Page_Login/input_password'

04-01-2024T10:55:07 - [MESSAGE][PASSED] - Text ****** has been set on object 'Object Repository/Page_Login/input_password'

04-01-2024T10:55:07 - [TEST_STEP][PASSED] - click(findTestObject("Object Repository/Page_Login/button_Sign In")): Object: 'Object Repository/Page_Login/button_Sign In' is clicked on

04-01-2024T10:55:09 - [MESSAGE][PASSED] - Object: 'Object Repository/Page_Login/button_Sign In' is clicked on

04-01-2024T10:55:09 - [MESSAGE][PASSED] - Call Test Case 'Test Cases/Offline PSSI Dashboard Function/Sign In/PSSISignInValidData' successfully

04-01-2024T10:55:09 - [TEST_STEP][PASSED] - navigateToUrl(baseUrl + "/cctv/stadion", failureHandling): Navigate to 'https://monitoring.pssi-dev.kecilin.id/cctv/stadion' successfully

04-01-2024T10:55:10 - [MESSAGE][PASSED] - Navigate to 'https://monitoring.pssi-dev.kecilin.id/cctv/stadion' successfully

04-01-2024T10:55:10 - [MESSAGE][PASSED] - Call Test Case 'Test Cases/Offline PSSI Dashboard Function/Create BE CCTV Data/View Stadium/PSSIViewStadiumData' successfully

04-01-2024T10:55:10 - [TEST_STEP][PASSED] - navigateToUrl(baseUrl + "/cctv/detail/64fea065acbef66fd5476494", failureHandling): Navigate to 'https://monitoring.pssi-dev.kecilin.id/cctv/detail/64fea065acbef66fd5476494' successfully

04-01-2024T10:55:11 - [MESSAGE][PASSED] - Navigate to 'https://monitoring.pssi-dev.kecilin.id/cctv/detail/64fea065acbef66fd5476494' successfully

04-01-2024T10:55:11 - [MESSAGE][PASSED] - Call Test Case 'Test Cases/Offline PSSI Dashboard Function/Create BE CCTV Data/View CCTV Table/PSSIViewCCTVData' successfully

04-01-2024T10:55:11 - [TEST_STEP][PASSED] - verifyTextPresent("Offline", false): Text 'Offline' is present on page 

04-01-2024T10:55:12 - [MESSAGE][PASSED] - Text 'Offline' is present on page 

04-01-2024T10:55:12 - [TEST_STEP][PASSED] - closeBrowser(): Browser is closed

04-01-2024T10:55:13 - [MESSAGE][PASSED] - Browser is closed]]></system-out>
         <system-err><![CDATA[]]></system-err>
      </testcase>
      <system-out><![CDATA[04-01-2024T10:54:49 - [TEST_SUITE][PASSED] - Check Camera Status Test Suite: Test Cases/Offline PSSI Dashboard Function/Check Camera Status/Positive Test Case/PSSIOfflineCameraStatus]]></system-out>
      <system-err><![CDATA[]]></system-err>
   </testsuite>
</testsuites>
