<?xml version="1.0" encoding="UTF-8"?>
<testsuites name="Create BE CCTV Data Test Suite Collection" time="739.541" tests="25" failures="14" errors="0">
   <testsuite name="Add CCTV Test Suite" tests="6" failures="4" errors="0" time="73.602" skipped="0" timestamp="29-12-2023T11:19:19" hostname="USER - DESKTOP-HLRVE9S" id="Test Suites/Create BE CCTV Data/Add CCTV Test Suite">
      <properties>
         <property name="deviceName" value=""/>
         <property name="devicePlatform" value=""/>
         <property name="logFolder" value="C:\\Users\\USER\\git\\Kecilin-Automation-Test\\Reports\\20231229_111847\\Create BE CCTV Data\\Add CCTV Test Suite\\20231229_111849"/>
         <property name="logFiles" value="C:\\Users\\USER\\git\\Kecilin-Automation-Test\\Reports\\20231229_111847\\Create BE CCTV Data\\Add CCTV Test Suite\\20231229_111849\\execution0.log"/>
         <property name="attachments" value="C:\\Users\\USER\\git\\Kecilin-Automation-Test\\Reports\\20231229_111847\\Create BE CCTV Data\\Add CCTV Test Suite\\20231229_111849\\1703823585797.png"/>
         <property name="hostName" value="USER - DESKTOP-HLRVE9S"/>
         <property name="os" value="Windows 10 64bit"/>
         <property name="katalonVersion" value="9.2.0.212"/>
         <property name="browser" value="Chrome 120.0.0.0"/>
         <property name="hostAddress" value="192.168.100.183"/>
         <property name="sessionId" value="a5717a3c9947d63696663bf86183261b"/>
         <property name="seleniumVersion" value="3.141.59"/>
         <property name="proxyInformation" value="ProxyInformation { proxyOption=NO_PROXY, proxyServerType=HTTP, username=, password=********, proxyServerAddress=, proxyServerPort=0, executionList=&quot;&quot;, isApplyToDesiredCapabilities=true }"/>
         <property name="platform" value="Windows 10"/>
      </properties>
      <testcase name="Test Cases/Offline PSSI Dashboard Function/Create BE CCTV Data/Add CCTV/Negative Test Case/PSSIAddCCTVDuplicateID" time="14.999" classname="Test Cases/Offline PSSI Dashboard Function/Create BE CCTV Data/Add CCTV/Negative Test Case/PSSIAddCCTVDuplicateID" status="FAILED">
         <failure type="FAILED" message="Test Cases/Offline PSSI Dashboard Function/Create BE CCTV Data/Add CCTV/Negative Test Case/PSSIAddCCTVDuplicateID FAILED.&#xa;Reason:&#xa;com.kms.katalon.core.exception.StepFailedException: Test failed because data is added&#xa;	at com.kms.katalon.core.util.KeywordUtil.markFailed(KeywordUtil.java:19)&#xa;	at PSSIAddCCTVDuplicateID.run(PSSIAddCCTVDuplicateID:40)&#xa;	at com.kms.katalon.core.main.ScriptEngine.run(ScriptEngine.java:194)&#xa;	at com.kms.katalon.core.main.ScriptEngine.runScriptAsRawText(ScriptEngine.java:119)&#xa;	at com.kms.katalon.core.main.TestCaseExecutor.runScript(TestCaseExecutor.java:448)&#xa;	at com.kms.katalon.core.main.TestCaseExecutor.doExecute(TestCaseExecutor.java:439)&#xa;	at com.kms.katalon.core.main.TestCaseExecutor.processExecutionPhase(TestCaseExecutor.java:418)&#xa;	at com.kms.katalon.core.main.TestCaseExecutor.accessMainPhase(TestCaseExecutor.java:410)&#xa;	at com.kms.katalon.core.main.TestCaseExecutor.execute(TestCaseExecutor.java:285)&#xa;	at com.kms.katalon.core.common.CommonExecutor.accessTestCaseMainPhase(CommonExecutor.java:65)&#xa;	at com.kms.katalon.core.main.TestSuiteExecutor.accessTestSuiteMainPhase(TestSuiteExecutor.java:148)&#xa;	at com.kms.katalon.core.main.TestSuiteExecutor.execute(TestSuiteExecutor.java:106)&#xa;	at com.kms.katalon.core.main.TestCaseMain.startTestSuite(TestCaseMain.java:180)&#xa;	at TempTestSuite1703823529384.run(TempTestSuite1703823529384.groovy:36)&#xa;	at java.base/jdk.internal.reflect.NativeMethodAccessorImpl.invoke0(Native Method)&#xa;	at java.base/jdk.internal.reflect.NativeMethodAccessorImpl.invoke(NativeMethodAccessorImpl.java:77)&#xa;	at java.base/jdk.internal.reflect.DelegatingMethodAccessorImpl.invoke(DelegatingMethodAccessorImpl.java:43)&#xa;"/>
         <system-out><![CDATA[29-12-2023T11:19:20 - [TEST_CASE][FAILED] - Test Cases/Offline PSSI Dashboard Function/Create BE CCTV Data/Add CCTV/Negative Test Case/PSSIAddCCTVDuplicateID: Test Cases/Offline PSSI Dashboard Function/Create BE CCTV Data/Add CCTV/Negative Test Case/PSSIAddCCTVDuplicateID FAILED.
Reason:
com.kms.katalon.core.exception.StepFailedException: Test failed because data is added
	at com.kms.katalon.core.util.KeywordUtil.markFailed(KeywordUtil.java:19)
	at PSSIAddCCTVDuplicateID.run(PSSIAddCCTVDuplicateID:40)
	at com.kms.katalon.core.main.ScriptEngine.run(ScriptEngine.java:194)
	at com.kms.katalon.core.main.ScriptEngine.runScriptAsRawText(ScriptEngine.java:119)
	at com.kms.katalon.core.main.TestCaseExecutor.runScript(TestCaseExecutor.java:448)
	at com.kms.katalon.core.main.TestCaseExecutor.doExecute(TestCaseExecutor.java:439)
	at com.kms.katalon.core.main.TestCaseExecutor.processExecutionPhase(TestCaseExecutor.java:418)
	at com.kms.katalon.core.main.TestCaseExecutor.accessMainPhase(TestCaseExecutor.java:410)
	at com.kms.katalon.core.main.TestCaseExecutor.execute(TestCaseExecutor.java:285)
	at com.kms.katalon.core.common.CommonExecutor.accessTestCaseMainPhase(CommonExecutor.java:65)
	at com.kms.katalon.core.main.TestSuiteExecutor.accessTestSuiteMainPhase(TestSuiteExecutor.java:148)
	at com.kms.katalon.core.main.TestSuiteExecutor.execute(TestSuiteExecutor.java:106)
	at com.kms.katalon.core.main.TestCaseMain.startTestSuite(TestCaseMain.java:180)
	at TempTestSuite1703823529384.run(TempTestSuite1703823529384.groovy:36)
	at java.base/jdk.internal.reflect.NativeMethodAccessorImpl.invoke0(Native Method)
	at java.base/jdk.internal.reflect.NativeMethodAccessorImpl.invoke(NativeMethodAccessorImpl.java:77)
	at java.base/jdk.internal.reflect.DelegatingMethodAccessorImpl.invoke(DelegatingMethodAccessorImpl.java:43)


29-12-2023T11:19:20 - [TEST_STEP][PASSED] - failureHandling = STOP_ON_FAILURE: null

29-12-2023T11:19:20 - [TEST_STEP][PASSED] - baseUrl = offline_pssi_dashboard_url: null

29-12-2023T11:19:20 - [TEST_STEP][PASSED] - callTestCase(findTestCase("Offline PSSI Dashboard Function/Create BE CCTV Data/View CCTV Table/PSSIViewCCTVData"), [:], failureHandling): Call Test Case 'Test Cases/Offline PSSI Dashboard Function/Create BE CCTV Data/View CCTV Table/PSSIViewCCTVData' successfully

29-12-2023T11:19:21 - [TEST_CASE][PASSED] - Test Cases/Offline PSSI Dashboard Function/Create BE CCTV Data/View CCTV Table/PSSIViewCCTVData: Test Cases/Offline PSSI Dashboard Function/Create BE CCTV Data/View CCTV Table/PSSIViewCCTVData

29-12-2023T11:19:21 - [TEST_STEP][PASSED] - failureHandling = STOP_ON_FAILURE: null

29-12-2023T11:19:21 - [TEST_STEP][PASSED] - baseUrl = offline_pssi_dashboard_url: null

29-12-2023T11:19:21 - [TEST_STEP][PASSED] - callTestCase(findTestCase("Offline PSSI Dashboard Function/Create BE CCTV Data/View Stadium/PSSIViewStadiumData"), [:], failureHandling): Call Test Case 'Test Cases/Offline PSSI Dashboard Function/Create BE CCTV Data/View Stadium/PSSIViewStadiumData' successfully

29-12-2023T11:19:21 - [TEST_CASE][PASSED] - Test Cases/Offline PSSI Dashboard Function/Create BE CCTV Data/View Stadium/PSSIViewStadiumData: Test Cases/Offline PSSI Dashboard Function/Create BE CCTV Data/View Stadium/PSSIViewStadiumData

29-12-2023T11:19:21 - [TEST_STEP][PASSED] - failureHandling = STOP_ON_FAILURE: null

29-12-2023T11:19:21 - [TEST_STEP][PASSED] - baseUrl = offline_pssi_dashboard_url: null

29-12-2023T11:19:21 - [TEST_STEP][PASSED] - callTestCase(findTestCase("Offline PSSI Dashboard Function/Create BE CCTV Data/Sign In/PSSISignInValidData"), [:], failureHandling): Call Test Case 'Test Cases/Offline PSSI Dashboard Function/Create BE CCTV Data/Sign In/PSSISignInValidData' successfully

29-12-2023T11:19:21 - [TEST_CASE][PASSED] - Test Cases/Offline PSSI Dashboard Function/Create BE CCTV Data/Sign In/PSSISignInValidData: Test Cases/Offline PSSI Dashboard Function/Create BE CCTV Data/Sign In/PSSISignInValidData

29-12-2023T11:19:21 - [TEST_STEP][PASSED] - failureHandling = STOP_ON_FAILURE: null

29-12-2023T11:19:21 - [TEST_STEP][PASSED] - baseUrl = offline_pssi_dashboard_url: null

29-12-2023T11:19:21 - [TEST_STEP][PASSED] - openBrowser(""): Browser is opened with url: ''

29-12-2023T11:19:22 - [MESSAGE][INFO] - Starting 'Chrome' driver

29-12-2023T11:19:22 - [MESSAGE][INFO] - Action delay is set to 0 milliseconds

29-12-2023T11:19:24 - [MESSAGE][PASSED] - Browser is opened with url: ''

29-12-2023T11:19:24 - [TEST_STEP][PASSED] - navigateToUrl(baseUrl): Navigate to 'https://monitoring.pssi-dev.kecilin.id' successfully

29-12-2023T11:19:25 - [MESSAGE][PASSED] - Navigate to 'https://monitoring.pssi-dev.kecilin.id' successfully

29-12-2023T11:19:25 - [TEST_STEP][PASSED] - maximizeWindow(): Current window maximized

29-12-2023T11:19:25 - [MESSAGE][PASSED] - Current window maximized

29-12-2023T11:19:25 - [TEST_STEP][PASSED] - setText(findTestObject("Object Repository/Page_Login/input_email"), "superadmin@app.com"): Text 'superadmin@app.com' is set on object 'Object Repository/Page_Login/input_email'

29-12-2023T11:19:26 - [MESSAGE][PASSED] - Text 'superadmin@app.com' is set on object 'Object Repository/Page_Login/input_email'

29-12-2023T11:19:26 - [TEST_STEP][PASSED] - setEncryptedText(findTestObject("Object Repository/Page_Login/input_password"), "8SQVv/p9jVScEs4/2CZsLw=="): Text ****** has been set on object 'Object Repository/Page_Login/input_password'

29-12-2023T11:19:27 - [MESSAGE][PASSED] - Text ****** has been set on object 'Object Repository/Page_Login/input_password'

29-12-2023T11:19:27 - [TEST_STEP][PASSED] - click(findTestObject("Object Repository/Page_Login/button_Sign In")): Object: 'Object Repository/Page_Login/button_Sign In' is clicked on

29-12-2023T11:19:29 - [MESSAGE][PASSED] - Object: 'Object Repository/Page_Login/button_Sign In' is clicked on

29-12-2023T11:19:29 - [MESSAGE][PASSED] - Call Test Case 'Test Cases/Offline PSSI Dashboard Function/Create BE CCTV Data/Sign In/PSSISignInValidData' successfully

29-12-2023T11:19:29 - [TEST_STEP][PASSED] - navigateToUrl(baseUrl + "/cctv/stadion", failureHandling): Navigate to 'https://monitoring.pssi-dev.kecilin.id/cctv/stadion' successfully

29-12-2023T11:19:29 - [MESSAGE][PASSED] - Navigate to 'https://monitoring.pssi-dev.kecilin.id/cctv/stadion' successfully

29-12-2023T11:19:29 - [MESSAGE][PASSED] - Call Test Case 'Test Cases/Offline PSSI Dashboard Function/Create BE CCTV Data/View Stadium/PSSIViewStadiumData' successfully

29-12-2023T11:19:29 - [TEST_STEP][PASSED] - navigateToUrl(baseUrl + "/cctv/detail/64fea065acbef66fd5476494", failureHandling): Navigate to 'https://monitoring.pssi-dev.kecilin.id/cctv/detail/64fea065acbef66fd5476494' successfully

29-12-2023T11:19:29 - [MESSAGE][PASSED] - Navigate to 'https://monitoring.pssi-dev.kecilin.id/cctv/detail/64fea065acbef66fd5476494' successfully

29-12-2023T11:19:29 - [MESSAGE][PASSED] - Call Test Case 'Test Cases/Offline PSSI Dashboard Function/Create BE CCTV Data/View CCTV Table/PSSIViewCCTVData' successfully

29-12-2023T11:19:29 - [TEST_STEP][PASSED] - navigateToUrl(baseUrl + "/cctv/detail/64fea065acbef66fd5476494/create", failureHandling): Navigate to 'https://monitoring.pssi-dev.kecilin.id/cctv/detail/64fea065acbef66fd5476494/create' successfully

29-12-2023T11:19:30 - [MESSAGE][PASSED] - Navigate to 'https://monitoring.pssi-dev.kecilin.id/cctv/detail/64fea065acbef66fd5476494/create' successfully

29-12-2023T11:19:30 - [TEST_STEP][PASSED] - setText(findTestObject("Object Repository/Page Add new CCTV Offline Web/input_Name_name"), "camera2", failureHandling): Text 'camera2' is set on object 'Object Repository/Page Add new CCTV Offline Web/input_Name_name'

29-12-2023T11:19:31 - [MESSAGE][PASSED] - Text 'camera2' is set on object 'Object Repository/Page Add new CCTV Offline Web/input_Name_name'

29-12-2023T11:19:31 - [TEST_STEP][PASSED] - setText(findTestObject("Object Repository/Page Add new CCTV Offline Web/input_CCTV ID_cctv_id"), "1002", failureHandling): Text '1002' is set on object 'Object Repository/Page Add new CCTV Offline Web/input_CCTV ID_cctv_id'

29-12-2023T11:19:32 - [MESSAGE][PASSED] - Text '1002' is set on object 'Object Repository/Page Add new CCTV Offline Web/input_CCTV ID_cctv_id'

29-12-2023T11:19:32 - [TEST_STEP][PASSED] - setText(findTestObject("Object Repository/Page Add new CCTV Offline Web/input_RTSP_rtsp"), "googeru", failureHandling): Text 'googeru' is set on object 'Object Repository/Page Add new CCTV Offline Web/input_RTSP_rtsp'

29-12-2023T11:19:33 - [MESSAGE][PASSED] - Text 'googeru' is set on object 'Object Repository/Page Add new CCTV Offline Web/input_RTSP_rtsp'

29-12-2023T11:19:33 - [TEST_STEP][PASSED] - click(findTestObject("Object Repository/Page Add new CCTV Offline Web/button_Save"), failureHandling): Object: 'Object Repository/Page Add new CCTV Offline Web/button_Save' is clicked on

29-12-2023T11:19:34 - [MESSAGE][PASSED] - Object: 'Object Repository/Page Add new CCTV Offline Web/button_Save' is clicked on

29-12-2023T11:19:34 - [TEST_STEP][PASSED] - if (verifyElementPresent(findTestObject("Page_CCTV/CCTV Data Title"), 0, failureHandling)): Test failed because data is added

29-12-2023T11:19:34 - [MESSAGE][WARNING] - Timeout '0' is invalid. Using default page load timeout: '30'

29-12-2023T11:19:34 - [MESSAGE][PASSED] - Object 'Object Repository/Page_CCTV/CCTV Data Title' is present

29-12-2023T11:19:34 - [TEST_STEP][FAILED] - markFailed("Test failed because data is added"): Test failed because data is added

29-12-2023T11:19:34 - [MESSAGE][FAILED] - Test failed because data is added

29-12-2023T11:19:34 - [TEST_STEP][PASSED] - closeBrowser(): Browser is closed

29-12-2023T11:19:35 - [MESSAGE][PASSED] - Browser is closed]]></system-out>
         <system-err><![CDATA[29-12-2023T11:19:20 - [TEST_CASE][FAILED] - Test Cases/Offline PSSI Dashboard Function/Create BE CCTV Data/Add CCTV/Negative Test Case/PSSIAddCCTVDuplicateID: Test Cases/Offline PSSI Dashboard Function/Create BE CCTV Data/Add CCTV/Negative Test Case/PSSIAddCCTVDuplicateID FAILED.
Reason:
com.kms.katalon.core.exception.StepFailedException: Test failed because data is added
	at com.kms.katalon.core.util.KeywordUtil.markFailed(KeywordUtil.java:19)
	at PSSIAddCCTVDuplicateID.run(PSSIAddCCTVDuplicateID:40)
	at com.kms.katalon.core.main.ScriptEngine.run(ScriptEngine.java:194)
	at com.kms.katalon.core.main.ScriptEngine.runScriptAsRawText(ScriptEngine.java:119)
	at com.kms.katalon.core.main.TestCaseExecutor.runScript(TestCaseExecutor.java:448)
	at com.kms.katalon.core.main.TestCaseExecutor.doExecute(TestCaseExecutor.java:439)
	at com.kms.katalon.core.main.TestCaseExecutor.processExecutionPhase(TestCaseExecutor.java:418)
	at com.kms.katalon.core.main.TestCaseExecutor.accessMainPhase(TestCaseExecutor.java:410)
	at com.kms.katalon.core.main.TestCaseExecutor.execute(TestCaseExecutor.java:285)
	at com.kms.katalon.core.common.CommonExecutor.accessTestCaseMainPhase(CommonExecutor.java:65)
	at com.kms.katalon.core.main.TestSuiteExecutor.accessTestSuiteMainPhase(TestSuiteExecutor.java:148)
	at com.kms.katalon.core.main.TestSuiteExecutor.execute(TestSuiteExecutor.java:106)
	at com.kms.katalon.core.main.TestCaseMain.startTestSuite(TestCaseMain.java:180)
	at TempTestSuite1703823529384.run(TempTestSuite1703823529384.groovy:36)
	at java.base/jdk.internal.reflect.NativeMethodAccessorImpl.invoke0(Native Method)
	at java.base/jdk.internal.reflect.NativeMethodAccessorImpl.invoke(NativeMethodAccessorImpl.java:77)
	at java.base/jdk.internal.reflect.DelegatingMethodAccessorImpl.invoke(DelegatingMethodAccessorImpl.java:43)]]></system-err>
      </testcase>
      <testcase name="Test Cases/Offline PSSI Dashboard Function/Create BE CCTV Data/Add CCTV/Negative Test Case/PSSIAddCCTVEmptyMandatoryField" time="10.886" classname="Test Cases/Offline PSSI Dashboard Function/Create BE CCTV Data/Add CCTV/Negative Test Case/PSSIAddCCTVEmptyMandatoryField" status="FAILED">
         <failure type="FAILED" message="Test Cases/Offline PSSI Dashboard Function/Create BE CCTV Data/Add CCTV/Negative Test Case/PSSIAddCCTVEmptyMandatoryField FAILED.&#xa;Reason:&#xa;com.kms.katalon.core.exception.StepFailedException: Test failed because there is additional error message&#xa;	at com.kms.katalon.core.util.KeywordUtil.markFailed(KeywordUtil.java:19)&#xa;	at PSSIAddCCTVEmptyMandatoryField.run(PSSIAddCCTVEmptyMandatoryField:34)&#xa;	at com.kms.katalon.core.main.ScriptEngine.run(ScriptEngine.java:194)&#xa;	at com.kms.katalon.core.main.ScriptEngine.runScriptAsRawText(ScriptEngine.java:119)&#xa;	at com.kms.katalon.core.main.TestCaseExecutor.runScript(TestCaseExecutor.java:448)&#xa;	at com.kms.katalon.core.main.TestCaseExecutor.doExecute(TestCaseExecutor.java:439)&#xa;	at com.kms.katalon.core.main.TestCaseExecutor.processExecutionPhase(TestCaseExecutor.java:418)&#xa;	at com.kms.katalon.core.main.TestCaseExecutor.accessMainPhase(TestCaseExecutor.java:410)&#xa;	at com.kms.katalon.core.main.TestCaseExecutor.execute(TestCaseExecutor.java:285)&#xa;	at com.kms.katalon.core.common.CommonExecutor.accessTestCaseMainPhase(CommonExecutor.java:65)&#xa;	at com.kms.katalon.core.main.TestSuiteExecutor.accessTestSuiteMainPhase(TestSuiteExecutor.java:148)&#xa;	at com.kms.katalon.core.main.TestSuiteExecutor.execute(TestSuiteExecutor.java:106)&#xa;	at com.kms.katalon.core.main.TestCaseMain.startTestSuite(TestCaseMain.java:180)&#xa;	at TempTestSuite1703823529384.run(TempTestSuite1703823529384.groovy:36)&#xa;	at java.base/jdk.internal.reflect.NativeMethodAccessorImpl.invoke0(Native Method)&#xa;	at java.base/jdk.internal.reflect.NativeMethodAccessorImpl.invoke(NativeMethodAccessorImpl.java:77)&#xa;	at java.base/jdk.internal.reflect.DelegatingMethodAccessorImpl.invoke(DelegatingMethodAccessorImpl.java:43)&#xa;"/>
         <system-out><![CDATA[29-12-2023T11:19:35 - [TEST_CASE][FAILED] - Test Cases/Offline PSSI Dashboard Function/Create BE CCTV Data/Add CCTV/Negative Test Case/PSSIAddCCTVEmptyMandatoryField: Test Cases/Offline PSSI Dashboard Function/Create BE CCTV Data/Add CCTV/Negative Test Case/PSSIAddCCTVEmptyMandatoryField FAILED.
Reason:
com.kms.katalon.core.exception.StepFailedException: Test failed because there is additional error message
	at com.kms.katalon.core.util.KeywordUtil.markFailed(KeywordUtil.java:19)
	at PSSIAddCCTVEmptyMandatoryField.run(PSSIAddCCTVEmptyMandatoryField:34)
	at com.kms.katalon.core.main.ScriptEngine.run(ScriptEngine.java:194)
	at com.kms.katalon.core.main.ScriptEngine.runScriptAsRawText(ScriptEngine.java:119)
	at com.kms.katalon.core.main.TestCaseExecutor.runScript(TestCaseExecutor.java:448)
	at com.kms.katalon.core.main.TestCaseExecutor.doExecute(TestCaseExecutor.java:439)
	at com.kms.katalon.core.main.TestCaseExecutor.processExecutionPhase(TestCaseExecutor.java:418)
	at com.kms.katalon.core.main.TestCaseExecutor.accessMainPhase(TestCaseExecutor.java:410)
	at com.kms.katalon.core.main.TestCaseExecutor.execute(TestCaseExecutor.java:285)
	at com.kms.katalon.core.common.CommonExecutor.accessTestCaseMainPhase(CommonExecutor.java:65)
	at com.kms.katalon.core.main.TestSuiteExecutor.accessTestSuiteMainPhase(TestSuiteExecutor.java:148)
	at com.kms.katalon.core.main.TestSuiteExecutor.execute(TestSuiteExecutor.java:106)
	at com.kms.katalon.core.main.TestCaseMain.startTestSuite(TestCaseMain.java:180)
	at TempTestSuite1703823529384.run(TempTestSuite1703823529384.groovy:36)
	at java.base/jdk.internal.reflect.NativeMethodAccessorImpl.invoke0(Native Method)
	at java.base/jdk.internal.reflect.NativeMethodAccessorImpl.invoke(NativeMethodAccessorImpl.java:77)
	at java.base/jdk.internal.reflect.DelegatingMethodAccessorImpl.invoke(DelegatingMethodAccessorImpl.java:43)


29-12-2023T11:19:35 - [TEST_STEP][PASSED] - failureHandling = STOP_ON_FAILURE: null

29-12-2023T11:19:35 - [TEST_STEP][PASSED] - baseUrl = offline_pssi_dashboard_url: null

29-12-2023T11:19:35 - [TEST_STEP][PASSED] - callTestCase(findTestCase("Offline PSSI Dashboard Function/Create BE CCTV Data/View CCTV Table/PSSIViewCCTVData"), [:], failureHandling): Call Test Case 'Test Cases/Offline PSSI Dashboard Function/Create BE CCTV Data/View CCTV Table/PSSIViewCCTVData' successfully

29-12-2023T11:19:35 - [TEST_CASE][PASSED] - Test Cases/Offline PSSI Dashboard Function/Create BE CCTV Data/View CCTV Table/PSSIViewCCTVData: Test Cases/Offline PSSI Dashboard Function/Create BE CCTV Data/View CCTV Table/PSSIViewCCTVData

29-12-2023T11:19:35 - [TEST_STEP][PASSED] - failureHandling = STOP_ON_FAILURE: null

29-12-2023T11:19:35 - [TEST_STEP][PASSED] - baseUrl = offline_pssi_dashboard_url: null

29-12-2023T11:19:35 - [TEST_STEP][PASSED] - callTestCase(findTestCase("Offline PSSI Dashboard Function/Create BE CCTV Data/View Stadium/PSSIViewStadiumData"), [:], failureHandling): Call Test Case 'Test Cases/Offline PSSI Dashboard Function/Create BE CCTV Data/View Stadium/PSSIViewStadiumData' successfully

29-12-2023T11:19:35 - [TEST_CASE][PASSED] - Test Cases/Offline PSSI Dashboard Function/Create BE CCTV Data/View Stadium/PSSIViewStadiumData: Test Cases/Offline PSSI Dashboard Function/Create BE CCTV Data/View Stadium/PSSIViewStadiumData

29-12-2023T11:19:35 - [TEST_STEP][PASSED] - failureHandling = STOP_ON_FAILURE: null

29-12-2023T11:19:35 - [TEST_STEP][PASSED] - baseUrl = offline_pssi_dashboard_url: null

29-12-2023T11:19:35 - [TEST_STEP][PASSED] - callTestCase(findTestCase("Offline PSSI Dashboard Function/Create BE CCTV Data/Sign In/PSSISignInValidData"), [:], failureHandling): Call Test Case 'Test Cases/Offline PSSI Dashboard Function/Create BE CCTV Data/Sign In/PSSISignInValidData' successfully

29-12-2023T11:19:35 - [TEST_CASE][PASSED] - Test Cases/Offline PSSI Dashboard Function/Create BE CCTV Data/Sign In/PSSISignInValidData: Test Cases/Offline PSSI Dashboard Function/Create BE CCTV Data/Sign In/PSSISignInValidData

29-12-2023T11:19:35 - [TEST_STEP][PASSED] - failureHandling = STOP_ON_FAILURE: null

29-12-2023T11:19:35 - [TEST_STEP][PASSED] - baseUrl = offline_pssi_dashboard_url: null

29-12-2023T11:19:35 - [TEST_STEP][PASSED] - openBrowser(""): Browser is opened with url: ''

29-12-2023T11:19:35 - [MESSAGE][INFO] - Starting 'Chrome' driver

29-12-2023T11:19:35 - [MESSAGE][INFO] - Action delay is set to 0 milliseconds

29-12-2023T11:19:37 - [MESSAGE][PASSED] - Browser is opened with url: ''

29-12-2023T11:19:37 - [TEST_STEP][PASSED] - navigateToUrl(baseUrl): Navigate to 'https://monitoring.pssi-dev.kecilin.id' successfully

29-12-2023T11:19:37 - [MESSAGE][PASSED] - Navigate to 'https://monitoring.pssi-dev.kecilin.id' successfully

29-12-2023T11:19:37 - [TEST_STEP][PASSED] - maximizeWindow(): Current window maximized

29-12-2023T11:19:38 - [MESSAGE][PASSED] - Current window maximized

29-12-2023T11:19:38 - [TEST_STEP][PASSED] - setText(findTestObject("Object Repository/Page_Login/input_email"), "superadmin@app.com"): Text 'superadmin@app.com' is set on object 'Object Repository/Page_Login/input_email'

29-12-2023T11:19:39 - [MESSAGE][PASSED] - Text 'superadmin@app.com' is set on object 'Object Repository/Page_Login/input_email'

29-12-2023T11:19:39 - [TEST_STEP][PASSED] - setEncryptedText(findTestObject("Object Repository/Page_Login/input_password"), "8SQVv/p9jVScEs4/2CZsLw=="): Text ****** has been set on object 'Object Repository/Page_Login/input_password'

29-12-2023T11:19:39 - [MESSAGE][PASSED] - Text ****** has been set on object 'Object Repository/Page_Login/input_password'

29-12-2023T11:19:39 - [TEST_STEP][PASSED] - click(findTestObject("Object Repository/Page_Login/button_Sign In")): Object: 'Object Repository/Page_Login/button_Sign In' is clicked on

29-12-2023T11:19:41 - [MESSAGE][PASSED] - Object: 'Object Repository/Page_Login/button_Sign In' is clicked on

29-12-2023T11:19:41 - [MESSAGE][PASSED] - Call Test Case 'Test Cases/Offline PSSI Dashboard Function/Create BE CCTV Data/Sign In/PSSISignInValidData' successfully

29-12-2023T11:19:41 - [TEST_STEP][PASSED] - navigateToUrl(baseUrl + "/cctv/stadion", failureHandling): Navigate to 'https://monitoring.pssi-dev.kecilin.id/cctv/stadion' successfully

29-12-2023T11:19:41 - [MESSAGE][PASSED] - Navigate to 'https://monitoring.pssi-dev.kecilin.id/cctv/stadion' successfully

29-12-2023T11:19:41 - [MESSAGE][PASSED] - Call Test Case 'Test Cases/Offline PSSI Dashboard Function/Create BE CCTV Data/View Stadium/PSSIViewStadiumData' successfully

29-12-2023T11:19:41 - [TEST_STEP][PASSED] - navigateToUrl(baseUrl + "/cctv/detail/64fea065acbef66fd5476494", failureHandling): Navigate to 'https://monitoring.pssi-dev.kecilin.id/cctv/detail/64fea065acbef66fd5476494' successfully

29-12-2023T11:19:42 - [MESSAGE][PASSED] - Navigate to 'https://monitoring.pssi-dev.kecilin.id/cctv/detail/64fea065acbef66fd5476494' successfully

29-12-2023T11:19:42 - [MESSAGE][PASSED] - Call Test Case 'Test Cases/Offline PSSI Dashboard Function/Create BE CCTV Data/View CCTV Table/PSSIViewCCTVData' successfully

29-12-2023T11:19:42 - [TEST_STEP][PASSED] - navigateToUrl(baseUrl + "/cctv/detail/64fea065acbef66fd5476494/create", failureHandling): Navigate to 'https://monitoring.pssi-dev.kecilin.id/cctv/detail/64fea065acbef66fd5476494/create' successfully

29-12-2023T11:19:42 - [MESSAGE][PASSED] - Navigate to 'https://monitoring.pssi-dev.kecilin.id/cctv/detail/64fea065acbef66fd5476494/create' successfully

29-12-2023T11:19:42 - [TEST_STEP][PASSED] - click(findTestObject("Object Repository/Page Add new CCTV Offline Web/button_Save"), failureHandling): Object: 'Object Repository/Page Add new CCTV Offline Web/button_Save' is clicked on

29-12-2023T11:19:43 - [MESSAGE][PASSED] - Object: 'Object Repository/Page Add new CCTV Offline Web/button_Save' is clicked on

29-12-2023T11:19:43 - [TEST_STEP][PASSED] - if (verifyElementPresent(findTestObject("Page_Add new CCTV/Add new CCTV Field Title"), 0, failureHandling)): null

29-12-2023T11:19:43 - [MESSAGE][WARNING] - Timeout '0' is invalid. Using default page load timeout: '30'

29-12-2023T11:19:44 - [MESSAGE][PASSED] - Object 'Object Repository/Page_Add new CCTV/Add new CCTV Field Title' is present

29-12-2023T11:19:44 - [TEST_STEP][PASSED] - if (verifyElementPresent(findTestObject("Page_Add new CCTV/Error Message CCTV ID Invalid value"), 0, failureHandling)): Test failed because there is additional error message

29-12-2023T11:19:44 - [MESSAGE][WARNING] - Timeout '0' is invalid. Using default page load timeout: '30'

29-12-2023T11:19:44 - [MESSAGE][PASSED] - Object 'Object Repository/Page_Add new CCTV/Error Message CCTV ID Invalid value' is present

29-12-2023T11:19:44 - [TEST_STEP][FAILED] - markFailed("Test failed because there is additional error message"): Test failed because there is additional error message

29-12-2023T11:19:44 - [MESSAGE][FAILED] - Test failed because there is additional error message

29-12-2023T11:19:44 - [TEST_STEP][PASSED] - setText(findTestObject("Object Repository/Page Add new CCTV Offline Web/input_Name_name"), "camera2", failureHandling): Text 'camera2' is set on object 'Object Repository/Page Add new CCTV Offline Web/input_Name_name'

29-12-2023T11:19:45 - [MESSAGE][PASSED] - Text 'camera2' is set on object 'Object Repository/Page Add new CCTV Offline Web/input_Name_name'

29-12-2023T11:19:45 - [TEST_STEP][FAILED] - click(findTestObject("Object Repository/Page Add new CCTV Offline Web/button_Save"), failureHandling): Unable to click on object 'Object Repository/Page Add new CCTV Offline Web/button_Save' (Root cause: com.kms.katalon.core.exception.StepFailedException: Unable to click on object 'Object Repository/Page Add new CCTV Offline Web/button_Save'
	at com.kms.katalon.core.webui.keyword.internal.WebUIKeywordMain.stepFailed(WebUIKeywordMain.groovy:64)
	at com.kms.katalon.core.webui.keyword.internal.WebUIKeywordMain.runKeyword(WebUIKeywordMain.groovy:26)
	at com.kms.katalon.core.webui.keyword.builtin.ClickKeyword.click(ClickKeyword.groovy:74)
	at com.kms.katalon.core.webui.keyword.builtin.ClickKeyword.execute(ClickKeyword.groovy:40)
	at com.kms.katalon.core.keyword.internal.KeywordExecutor.executeKeywordForPlatform(KeywordExecutor.groovy:74)
	at com.kms.katalon.core.webui.keyword.WebUiBuiltInKeywords.click(WebUiBuiltInKeywords.groovy:647)
	at PSSIAddCCTVEmptyMandatoryField.run(PSSIAddCCTVEmptyMandatoryField:49)
	at com.kms.katalon.core.main.ScriptEngine.run(ScriptEngine.java:194)
	at com.kms.katalon.core.main.ScriptEngine.runScriptAsRawText(ScriptEngine.java:119)
	at com.kms.katalon.core.main.TestCaseExecutor.runScript(TestCaseExecutor.java:448)
	at com.kms.katalon.core.main.TestCaseExecutor.doExecute(TestCaseExecutor.java:439)
	at com.kms.katalon.core.main.TestCaseExecutor.processExecutionPhase(TestCaseExecutor.java:418)
	at com.kms.katalon.core.main.TestCaseExecutor.accessMainPhase(TestCaseExecutor.java:410)
	at com.kms.katalon.core.main.TestCaseExecutor.execute(TestCaseExecutor.java:285)
	at com.kms.katalon.core.common.CommonExecutor.accessTestCaseMainPhase(CommonExecutor.java:65)
	at com.kms.katalon.core.main.TestSuiteExecutor.accessTestSuiteMainPhase(TestSuiteExecutor.java:148)
	at com.kms.katalon.core.main.TestSuiteExecutor.execute(TestSuiteExecutor.java:106)
	at com.kms.katalon.core.main.TestCaseMain.startTestSuite(TestCaseMain.java:180)
	at TempTestSuite1703823529384.run(TempTestSuite1703823529384.groovy:36)
	at java.base/jdk.internal.reflect.NativeMethodAccessorImpl.invoke0(Native Method)
	at java.base/jdk.internal.reflect.NativeMethodAccessorImpl.invoke(NativeMethodAccessorImpl.java:77)
	at java.base/jdk.internal.reflect.DelegatingMethodAccessorImpl.invoke(DelegatingMethodAccessorImpl.java:43)
Caused by: org.openqa.selenium.ElementNotInteractableException: element not interactable
  (Session info: chrome=120.0.6099.130)
Build info: version: '3.141.59', revision: 'e82be7d358', time: '2018-11-14T08:25:53'
System info: host: 'DESKTOP-HLRVE9S', ip: '192.168.100.183', os.name: 'Windows 10', os.arch: 'amd64', os.version: '10.0', java.version: '17.0.7'
Driver info: com.kms.katalon.selenium.driver.CChromeDriver
Capabilities {acceptInsecureCerts: false, browserName: chrome, browserVersion: 120.0.6099.130, chrome: {chromedriverVersion: 120.0.6099.71 (9729082fe617..., userDataDir: C:\Users\USER\AppData\Local...}, fedcm:accounts: true, goog:chromeOptions: {debuggerAddress: localhost:54422}, javascriptEnabled: true, networkConnectionEnabled: false, pageLoadStrategy: normal, platform: WINDOWS, platformName: WINDOWS, proxy: Proxy(), setWindowRect: true, strictFileInteractability: false, timeouts: {implicit: 0, pageLoad: 300000, script: 30000}, unhandledPromptBehavior: dismiss and notify, webauthn:extension:credBlob: true, webauthn:extension:largeBlob: true, webauthn:extension:minPinLength: true, webauthn:extension:prf: true, webauthn:virtualAuthenticators: true}
Session ID: 29a19cb4d9b4cbc4d71b996d4df7e08c
	at java.base/jdk.internal.reflect.NativeConstructorAccessorImpl.newInstance0(Native Method)
	at java.base/jdk.internal.reflect.NativeConstructorAccessorImpl.newInstance(NativeConstructorAccessorImpl.java:77)
	at java.base/jdk.internal.reflect.DelegatingConstructorAccessorImpl.newInstance(DelegatingConstructorAccessorImpl.java:45)
	at org.openqa.selenium.remote.http.W3CHttpResponseCodec.createException(W3CHttpResponseCodec.java:187)
	at org.openqa.selenium.remote.http.W3CHttpResponseCodec.decode(W3CHttpResponseCodec.java:122)
	at org.openqa.selenium.remote.http.W3CHttpResponseCodec.decode(W3CHttpResponseCodec.java:49)
	at org.openqa.selenium.remote.HttpCommandExecutor.execute(HttpCommandExecutor.java:158)
	at org.openqa.selenium.remote.service.DriverCommandExecutor.execute(DriverCommandExecutor.java:83)
	at org.openqa.selenium.remote.RemoteWebDriver.execute(RemoteWebDriver.java:552)
	at com.kms.katalon.selenium.driver.CChromeDriver.execute(CChromeDriver.java:19)
	at org.openqa.selenium.remote.RemoteWebElement.execute(RemoteWebElement.java:285)
	at org.openqa.selenium.remote.RemoteWebElement.click(RemoteWebElement.java:84)
	at java.base/jdk.internal.reflect.NativeMethodAccessorImpl.invoke0(Native Method)
	at java.base/jdk.internal.reflect.NativeMethodAccessorImpl.invoke(NativeMethodAccessorImpl.java:77)
	at java.base/jdk.internal.reflect.DelegatingMethodAccessorImpl.invoke(DelegatingMethodAccessorImpl.java:43)
	at org.openqa.selenium.support.events.EventFiringWebDriver$EventFiringWebElement.lambda$new$0(EventFiringWebDriver.java:404)
	at jdk.proxy2/jdk.proxy2.$Proxy24.click(Unknown Source)
	at org.openqa.selenium.support.events.EventFiringWebDriver$EventFiringWebElement.click(EventFiringWebDriver.java:417)
	at org.openqa.selenium.WebElement$click.call(Unknown Source)
	at com.kms.katalon.core.webui.keyword.builtin.ClickKeyword.clickUntilSuccessWithTimeout(ClickKeyword.groovy:81)
	at com.kms.katalon.core.webui.keyword.builtin.ClickKeyword.clickUntilSuccessWithTimeout(ClickKeyword.groovy)
	at java.base/jdk.internal.reflect.NativeMethodAccessorImpl.invoke0(Native Method)
	at java.base/jdk.internal.reflect.NativeMethodAccessorImpl.invoke(NativeMethodAccessorImpl.java:77)
	at java.base/jdk.internal.reflect.DelegatingMethodAccessorImpl.invoke(DelegatingMethodAccessorImpl.java:43)
	at com.kms.katalon.core.webui.keyword.builtin.ClickKeyword$_click_closure1.doCall(ClickKeyword.groovy:67)
	at com.kms.katalon.core.webui.keyword.builtin.ClickKeyword$_click_closure1.call(ClickKeyword.groovy)
	at com.kms.katalon.core.webui.keyword.internal.WebUIKeywordMain.runKeyword(WebUIKeywordMain.groovy:20)
	at com.kms.katalon.core.webui.keyword.builtin.ClickKeyword.click(ClickKeyword.groovy:74)
	at com.kms.katalon.core.webui.keyword.builtin.ClickKeyword.execute(ClickKeyword.groovy:40)
	at com.kms.katalon.core.keyword.internal.KeywordExecutor.executeKeywordForPlatform(KeywordExecutor.groovy:74)
	at com.kms.katalon.core.webui.keyword.WebUiBuiltInKeywords.click(WebUiBuiltInKeywords.groovy:647)
	at Script1703735314004.run(Script1703735314004.groovy:49)
	... 15 more
)

29-12-2023T11:19:45 - [MESSAGE][FAILED] - Unable to click on object 'Object Repository/Page Add new CCTV Offline Web/button_Save' (Root cause: com.kms.katalon.core.exception.StepFailedException: Unable to click on object 'Object Repository/Page Add new CCTV Offline Web/button_Save'
	at com.kms.katalon.core.webui.keyword.internal.WebUIKeywordMain.stepFailed(WebUIKeywordMain.groovy:64)
	at com.kms.katalon.core.webui.keyword.internal.WebUIKeywordMain.runKeyword(WebUIKeywordMain.groovy:26)
	at com.kms.katalon.core.webui.keyword.builtin.ClickKeyword.click(ClickKeyword.groovy:74)
	at com.kms.katalon.core.webui.keyword.builtin.ClickKeyword.execute(ClickKeyword.groovy:40)
	at com.kms.katalon.core.keyword.internal.KeywordExecutor.executeKeywordForPlatform(KeywordExecutor.groovy:74)
	at com.kms.katalon.core.webui.keyword.WebUiBuiltInKeywords.click(WebUiBuiltInKeywords.groovy:647)
	at PSSIAddCCTVEmptyMandatoryField.run(PSSIAddCCTVEmptyMandatoryField:49)
	at com.kms.katalon.core.main.ScriptEngine.run(ScriptEngine.java:194)
	at com.kms.katalon.core.main.ScriptEngine.runScriptAsRawText(ScriptEngine.java:119)
	at com.kms.katalon.core.main.TestCaseExecutor.runScript(TestCaseExecutor.java:448)
	at com.kms.katalon.core.main.TestCaseExecutor.doExecute(TestCaseExecutor.java:439)
	at com.kms.katalon.core.main.TestCaseExecutor.processExecutionPhase(TestCaseExecutor.java:418)
	at com.kms.katalon.core.main.TestCaseExecutor.accessMainPhase(TestCaseExecutor.java:410)
	at com.kms.katalon.core.main.TestCaseExecutor.execute(TestCaseExecutor.java:285)
	at com.kms.katalon.core.common.CommonExecutor.accessTestCaseMainPhase(CommonExecutor.java:65)
	at com.kms.katalon.core.main.TestSuiteExecutor.accessTestSuiteMainPhase(TestSuiteExecutor.java:148)
	at com.kms.katalon.core.main.TestSuiteExecutor.execute(TestSuiteExecutor.java:106)
	at com.kms.katalon.core.main.TestCaseMain.startTestSuite(TestCaseMain.java:180)
	at TempTestSuite1703823529384.run(TempTestSuite1703823529384.groovy:36)
	at java.base/jdk.internal.reflect.NativeMethodAccessorImpl.invoke0(Native Method)
	at java.base/jdk.internal.reflect.NativeMethodAccessorImpl.invoke(NativeMethodAccessorImpl.java:77)
	at java.base/jdk.internal.reflect.DelegatingMethodAccessorImpl.invoke(DelegatingMethodAccessorImpl.java:43)
Caused by: org.openqa.selenium.ElementNotInteractableException: element not interactable
  (Session info: chrome=120.0.6099.130)
Build info: version: '3.141.59', revision: 'e82be7d358', time: '2018-11-14T08:25:53'
System info: host: 'DESKTOP-HLRVE9S', ip: '192.168.100.183', os.name: 'Windows 10', os.arch: 'amd64', os.version: '10.0', java.version: '17.0.7'
Driver info: com.kms.katalon.selenium.driver.CChromeDriver
Capabilities {acceptInsecureCerts: false, browserName: chrome, browserVersion: 120.0.6099.130, chrome: {chromedriverVersion: 120.0.6099.71 (9729082fe617..., userDataDir: C:\Users\USER\AppData\Local...}, fedcm:accounts: true, goog:chromeOptions: {debuggerAddress: localhost:54422}, javascriptEnabled: true, networkConnectionEnabled: false, pageLoadStrategy: normal, platform: WINDOWS, platformName: WINDOWS, proxy: Proxy(), setWindowRect: true, strictFileInteractability: false, timeouts: {implicit: 0, pageLoad: 300000, script: 30000}, unhandledPromptBehavior: dismiss and notify, webauthn:extension:credBlob: true, webauthn:extension:largeBlob: true, webauthn:extension:minPinLength: true, webauthn:extension:prf: true, webauthn:virtualAuthenticators: true}
Session ID: 29a19cb4d9b4cbc4d71b996d4df7e08c
	at java.base/jdk.internal.reflect.NativeConstructorAccessorImpl.newInstance0(Native Method)
	at java.base/jdk.internal.reflect.NativeConstructorAccessorImpl.newInstance(NativeConstructorAccessorImpl.java:77)
	at java.base/jdk.internal.reflect.DelegatingConstructorAccessorImpl.newInstance(DelegatingConstructorAccessorImpl.java:45)
	at org.openqa.selenium.remote.http.W3CHttpResponseCodec.createException(W3CHttpResponseCodec.java:187)
	at org.openqa.selenium.remote.http.W3CHttpResponseCodec.decode(W3CHttpResponseCodec.java:122)
	at org.openqa.selenium.remote.http.W3CHttpResponseCodec.decode(W3CHttpResponseCodec.java:49)
	at org.openqa.selenium.remote.HttpCommandExecutor.execute(HttpCommandExecutor.java:158)
	at org.openqa.selenium.remote.service.DriverCommandExecutor.execute(DriverCommandExecutor.java:83)
	at org.openqa.selenium.remote.RemoteWebDriver.execute(RemoteWebDriver.java:552)
	at com.kms.katalon.selenium.driver.CChromeDriver.execute(CChromeDriver.java:19)
	at org.openqa.selenium.remote.RemoteWebElement.execute(RemoteWebElement.java:285)
	at org.openqa.selenium.remote.RemoteWebElement.click(RemoteWebElement.java:84)
	at java.base/jdk.internal.reflect.NativeMethodAccessorImpl.invoke0(Native Method)
	at java.base/jdk.internal.reflect.NativeMethodAccessorImpl.invoke(NativeMethodAccessorImpl.java:77)
	at java.base/jdk.internal.reflect.DelegatingMethodAccessorImpl.invoke(DelegatingMethodAccessorImpl.java:43)
	at org.openqa.selenium.support.events.EventFiringWebDriver$EventFiringWebElement.lambda$new$0(EventFiringWebDriver.java:404)
	at jdk.proxy2/jdk.proxy2.$Proxy24.click(Unknown Source)
	at org.openqa.selenium.support.events.EventFiringWebDriver$EventFiringWebElement.click(EventFiringWebDriver.java:417)
	at org.openqa.selenium.WebElement$click.call(Unknown Source)
	at com.kms.katalon.core.webui.keyword.builtin.ClickKeyword.clickUntilSuccessWithTimeout(ClickKeyword.groovy:81)
	at com.kms.katalon.core.webui.keyword.builtin.ClickKeyword.clickUntilSuccessWithTimeout(ClickKeyword.groovy)
	at java.base/jdk.internal.reflect.NativeMethodAccessorImpl.invoke0(Native Method)
	at java.base/jdk.internal.reflect.NativeMethodAccessorImpl.invoke(NativeMethodAccessorImpl.java:77)
	at java.base/jdk.internal.reflect.DelegatingMethodAccessorImpl.invoke(DelegatingMethodAccessorImpl.java:43)
	at com.kms.katalon.core.webui.keyword.builtin.ClickKeyword$_click_closure1.doCall(ClickKeyword.groovy:67)
	at com.kms.katalon.core.webui.keyword.builtin.ClickKeyword$_click_closure1.call(ClickKeyword.groovy)
	at com.kms.katalon.core.webui.keyword.internal.WebUIKeywordMain.runKeyword(WebUIKeywordMain.groovy:20)
	at com.kms.katalon.core.webui.keyword.builtin.ClickKeyword.click(ClickKeyword.groovy:74)
	at com.kms.katalon.core.webui.keyword.builtin.ClickKeyword.execute(ClickKeyword.groovy:40)
	at com.kms.katalon.core.keyword.internal.KeywordExecutor.executeKeywordForPlatform(KeywordExecutor.groovy:74)
	at com.kms.katalon.core.webui.keyword.WebUiBuiltInKeywords.click(WebUiBuiltInKeywords.groovy:647)
	at Script1703735314004.run(Script1703735314004.groovy:49)
	... 15 more
)
[[ATTACHMENT|C:\\Users\\USER\\git\\Kecilin-Automation-Test\\Reports\\20231229_111847\\Create BE CCTV Data\\Add CCTV Test Suite\\20231229_111849\\1703823585797.png]]]]></system-out>
         <system-err><![CDATA[29-12-2023T11:19:35 - [TEST_CASE][FAILED] - Test Cases/Offline PSSI Dashboard Function/Create BE CCTV Data/Add CCTV/Negative Test Case/PSSIAddCCTVEmptyMandatoryField: Test Cases/Offline PSSI Dashboard Function/Create BE CCTV Data/Add CCTV/Negative Test Case/PSSIAddCCTVEmptyMandatoryField FAILED.
Reason:
com.kms.katalon.core.exception.StepFailedException: Test failed because there is additional error message
	at com.kms.katalon.core.util.KeywordUtil.markFailed(KeywordUtil.java:19)
	at PSSIAddCCTVEmptyMandatoryField.run(PSSIAddCCTVEmptyMandatoryField:34)
	at com.kms.katalon.core.main.ScriptEngine.run(ScriptEngine.java:194)
	at com.kms.katalon.core.main.ScriptEngine.runScriptAsRawText(ScriptEngine.java:119)
	at com.kms.katalon.core.main.TestCaseExecutor.runScript(TestCaseExecutor.java:448)
	at com.kms.katalon.core.main.TestCaseExecutor.doExecute(TestCaseExecutor.java:439)
	at com.kms.katalon.core.main.TestCaseExecutor.processExecutionPhase(TestCaseExecutor.java:418)
	at com.kms.katalon.core.main.TestCaseExecutor.accessMainPhase(TestCaseExecutor.java:410)
	at com.kms.katalon.core.main.TestCaseExecutor.execute(TestCaseExecutor.java:285)
	at com.kms.katalon.core.common.CommonExecutor.accessTestCaseMainPhase(CommonExecutor.java:65)
	at com.kms.katalon.core.main.TestSuiteExecutor.accessTestSuiteMainPhase(TestSuiteExecutor.java:148)
	at com.kms.katalon.core.main.TestSuiteExecutor.execute(TestSuiteExecutor.java:106)
	at com.kms.katalon.core.main.TestCaseMain.startTestSuite(TestCaseMain.java:180)
	at TempTestSuite1703823529384.run(TempTestSuite1703823529384.groovy:36)
	at java.base/jdk.internal.reflect.NativeMethodAccessorImpl.invoke0(Native Method)
	at java.base/jdk.internal.reflect.NativeMethodAccessorImpl.invoke(NativeMethodAccessorImpl.java:77)
	at java.base/jdk.internal.reflect.DelegatingMethodAccessorImpl.invoke(DelegatingMethodAccessorImpl.java:43)]]></system-err>
      </testcase>
      <testcase name="Test Cases/Offline PSSI Dashboard Function/Create BE CCTV Data/Add CCTV/Negative Test Case/PSSIAddCCTVInvalidCCTVID" time="12.196" classname="Test Cases/Offline PSSI Dashboard Function/Create BE CCTV Data/Add CCTV/Negative Test Case/PSSIAddCCTVInvalidCCTVID" status="PASSED">
         <system-out><![CDATA[29-12-2023T11:19:45 - [TEST_CASE][PASSED] - Test Cases/Offline PSSI Dashboard Function/Create BE CCTV Data/Add CCTV/Negative Test Case/PSSIAddCCTVInvalidCCTVID: Test Cases/Offline PSSI Dashboard Function/Create BE CCTV Data/Add CCTV/Negative Test Case/PSSIAddCCTVInvalidCCTVID

29-12-2023T11:19:46 - [TEST_STEP][PASSED] - failureHandling = STOP_ON_FAILURE: null

29-12-2023T11:19:46 - [TEST_STEP][PASSED] - baseUrl = offline_pssi_dashboard_url: null

29-12-2023T11:19:46 - [TEST_STEP][PASSED] - callTestCase(findTestCase("Offline PSSI Dashboard Function/Create BE CCTV Data/View CCTV Table/PSSIViewCCTVData"), [:], failureHandling): Call Test Case 'Test Cases/Offline PSSI Dashboard Function/Create BE CCTV Data/View CCTV Table/PSSIViewCCTVData' successfully

29-12-2023T11:19:46 - [TEST_CASE][PASSED] - Test Cases/Offline PSSI Dashboard Function/Create BE CCTV Data/View CCTV Table/PSSIViewCCTVData: Test Cases/Offline PSSI Dashboard Function/Create BE CCTV Data/View CCTV Table/PSSIViewCCTVData

29-12-2023T11:19:46 - [TEST_STEP][PASSED] - failureHandling = STOP_ON_FAILURE: null

29-12-2023T11:19:46 - [TEST_STEP][PASSED] - baseUrl = offline_pssi_dashboard_url: null

29-12-2023T11:19:46 - [TEST_STEP][PASSED] - callTestCase(findTestCase("Offline PSSI Dashboard Function/Create BE CCTV Data/View Stadium/PSSIViewStadiumData"), [:], failureHandling): Call Test Case 'Test Cases/Offline PSSI Dashboard Function/Create BE CCTV Data/View Stadium/PSSIViewStadiumData' successfully

29-12-2023T11:19:46 - [TEST_CASE][PASSED] - Test Cases/Offline PSSI Dashboard Function/Create BE CCTV Data/View Stadium/PSSIViewStadiumData: Test Cases/Offline PSSI Dashboard Function/Create BE CCTV Data/View Stadium/PSSIViewStadiumData

29-12-2023T11:19:46 - [TEST_STEP][PASSED] - failureHandling = STOP_ON_FAILURE: null

29-12-2023T11:19:46 - [TEST_STEP][PASSED] - baseUrl = offline_pssi_dashboard_url: null

29-12-2023T11:19:46 - [TEST_STEP][PASSED] - callTestCase(findTestCase("Offline PSSI Dashboard Function/Create BE CCTV Data/Sign In/PSSISignInValidData"), [:], failureHandling): Call Test Case 'Test Cases/Offline PSSI Dashboard Function/Create BE CCTV Data/Sign In/PSSISignInValidData' successfully

29-12-2023T11:19:46 - [TEST_CASE][PASSED] - Test Cases/Offline PSSI Dashboard Function/Create BE CCTV Data/Sign In/PSSISignInValidData: Test Cases/Offline PSSI Dashboard Function/Create BE CCTV Data/Sign In/PSSISignInValidData

29-12-2023T11:19:46 - [TEST_STEP][PASSED] - failureHandling = STOP_ON_FAILURE: null

29-12-2023T11:19:46 - [TEST_STEP][PASSED] - baseUrl = offline_pssi_dashboard_url: null

29-12-2023T11:19:46 - [TEST_STEP][PASSED] - openBrowser(""): Browser is opened with url: ''

29-12-2023T11:19:46 - [MESSAGE][WARNING] - A browser is already opened. Closing browser and opening a new one

29-12-2023T11:19:46 - [MESSAGE][INFO] - Starting 'Chrome' driver

29-12-2023T11:19:46 - [MESSAGE][INFO] - Action delay is set to 0 milliseconds

29-12-2023T11:19:47 - [MESSAGE][PASSED] - Browser is opened with url: ''

29-12-2023T11:19:47 - [TEST_STEP][PASSED] - navigateToUrl(baseUrl): Navigate to 'https://monitoring.pssi-dev.kecilin.id' successfully

29-12-2023T11:19:48 - [MESSAGE][PASSED] - Navigate to 'https://monitoring.pssi-dev.kecilin.id' successfully

29-12-2023T11:19:48 - [TEST_STEP][PASSED] - maximizeWindow(): Current window maximized

29-12-2023T11:19:48 - [MESSAGE][PASSED] - Current window maximized

29-12-2023T11:19:48 - [TEST_STEP][PASSED] - setText(findTestObject("Object Repository/Page_Login/input_email"), "superadmin@app.com"): Text 'superadmin@app.com' is set on object 'Object Repository/Page_Login/input_email'

29-12-2023T11:19:49 - [MESSAGE][PASSED] - Text 'superadmin@app.com' is set on object 'Object Repository/Page_Login/input_email'

29-12-2023T11:19:49 - [TEST_STEP][PASSED] - setEncryptedText(findTestObject("Object Repository/Page_Login/input_password"), "8SQVv/p9jVScEs4/2CZsLw=="): Text ****** has been set on object 'Object Repository/Page_Login/input_password'

29-12-2023T11:19:50 - [MESSAGE][PASSED] - Text ****** has been set on object 'Object Repository/Page_Login/input_password'

29-12-2023T11:19:50 - [TEST_STEP][PASSED] - click(findTestObject("Object Repository/Page_Login/button_Sign In")): Object: 'Object Repository/Page_Login/button_Sign In' is clicked on

29-12-2023T11:19:51 - [MESSAGE][PASSED] - Object: 'Object Repository/Page_Login/button_Sign In' is clicked on

29-12-2023T11:19:51 - [MESSAGE][PASSED] - Call Test Case 'Test Cases/Offline PSSI Dashboard Function/Create BE CCTV Data/Sign In/PSSISignInValidData' successfully

29-12-2023T11:19:51 - [TEST_STEP][PASSED] - navigateToUrl(baseUrl + "/cctv/stadion", failureHandling): Navigate to 'https://monitoring.pssi-dev.kecilin.id/cctv/stadion' successfully

29-12-2023T11:19:52 - [MESSAGE][PASSED] - Navigate to 'https://monitoring.pssi-dev.kecilin.id/cctv/stadion' successfully

29-12-2023T11:19:52 - [MESSAGE][PASSED] - Call Test Case 'Test Cases/Offline PSSI Dashboard Function/Create BE CCTV Data/View Stadium/PSSIViewStadiumData' successfully

29-12-2023T11:19:52 - [TEST_STEP][PASSED] - navigateToUrl(baseUrl + "/cctv/detail/64fea065acbef66fd5476494", failureHandling): Navigate to 'https://monitoring.pssi-dev.kecilin.id/cctv/detail/64fea065acbef66fd5476494' successfully

29-12-2023T11:19:52 - [MESSAGE][PASSED] - Navigate to 'https://monitoring.pssi-dev.kecilin.id/cctv/detail/64fea065acbef66fd5476494' successfully

29-12-2023T11:19:52 - [MESSAGE][PASSED] - Call Test Case 'Test Cases/Offline PSSI Dashboard Function/Create BE CCTV Data/View CCTV Table/PSSIViewCCTVData' successfully

29-12-2023T11:19:52 - [TEST_STEP][PASSED] - navigateToUrl(baseUrl + "/cctv/detail/64fea065acbef66fd5476494/create", failureHandling): Navigate to 'https://monitoring.pssi-dev.kecilin.id/cctv/detail/64fea065acbef66fd5476494/create' successfully

29-12-2023T11:19:53 - [MESSAGE][PASSED] - Navigate to 'https://monitoring.pssi-dev.kecilin.id/cctv/detail/64fea065acbef66fd5476494/create' successfully

29-12-2023T11:19:53 - [TEST_STEP][PASSED] - setText(findTestObject("Object Repository/Page Add new CCTV Offline Web/input_Name_name"), "camera2", failureHandling): Text 'camera2' is set on object 'Object Repository/Page Add new CCTV Offline Web/input_Name_name'

29-12-2023T11:19:54 - [MESSAGE][PASSED] - Text 'camera2' is set on object 'Object Repository/Page Add new CCTV Offline Web/input_Name_name'

29-12-2023T11:19:54 - [TEST_STEP][PASSED] - setText(findTestObject("Object Repository/Page Add new CCTV Offline Web/input_CCTV ID_cctv_id"), "---", failureHandling): Text '---' is set on object 'Object Repository/Page Add new CCTV Offline Web/input_CCTV ID_cctv_id'

29-12-2023T11:19:55 - [MESSAGE][PASSED] - Text '---' is set on object 'Object Repository/Page Add new CCTV Offline Web/input_CCTV ID_cctv_id'

29-12-2023T11:19:55 - [TEST_STEP][PASSED] - setText(findTestObject("Object Repository/Page Add new CCTV Offline Web/input_RTSP_rtsp"), "googeru", failureHandling): Text 'googeru' is set on object 'Object Repository/Page Add new CCTV Offline Web/input_RTSP_rtsp'

29-12-2023T11:19:56 - [MESSAGE][PASSED] - Text 'googeru' is set on object 'Object Repository/Page Add new CCTV Offline Web/input_RTSP_rtsp'

29-12-2023T11:19:56 - [TEST_STEP][PASSED] - click(findTestObject("Object Repository/Page Add new CCTV Offline Web/button_Save"), failureHandling): Object: 'Object Repository/Page Add new CCTV Offline Web/button_Save' is clicked on

29-12-2023T11:19:56 - [MESSAGE][PASSED] - Object: 'Object Repository/Page Add new CCTV Offline Web/button_Save' is clicked on

29-12-2023T11:19:56 - [TEST_STEP][PASSED] - if (verifyElementNotPresent(findTestObject("Page_CCTV/CCTV Data Title"), 0, failureHandling)): null

29-12-2023T11:19:57 - [MESSAGE][WARNING] - Timeout '0' is invalid. Using default page load timeout: '30'

29-12-2023T11:19:57 - [MESSAGE][PASSED] - Web element with id: 'Object Repository/Page_CCTV/CCTV Data Title' located by 'By.xpath: //div/div/span' is not present after '30' second(s)

29-12-2023T11:19:57 - [TEST_STEP][PASSED] - if (verifyTextPresent("Invalid value", false)): Test passed because id is invalid

29-12-2023T11:19:57 - [MESSAGE][PASSED] - Text 'Invalid value' is present on page 

29-12-2023T11:19:57 - [TEST_STEP][PASSED] - markPassed("Test passed because id is invalid"): Test passed because id is invalid

29-12-2023T11:19:57 - [MESSAGE][PASSED] - Test passed because id is invalid

29-12-2023T11:19:57 - [TEST_STEP][PASSED] - closeBrowser(): Browser is closed

29-12-2023T11:19:58 - [MESSAGE][PASSED] - Browser is closed]]></system-out>
         <system-err><![CDATA[]]></system-err>
      </testcase>
      <testcase name="Test Cases/Offline PSSI Dashboard Function/Create BE CCTV Data/Add CCTV/Negative Test Case/PSSIAddCCTVInvalidDataOfflineWeb" time="11.297" classname="Test Cases/Offline PSSI Dashboard Function/Create BE CCTV Data/Add CCTV/Negative Test Case/PSSIAddCCTVInvalidDataOfflineWeb" status="FAILED">
         <failure type="FAILED" message="Test Cases/Offline PSSI Dashboard Function/Create BE CCTV Data/Add CCTV/Negative Test Case/PSSIAddCCTVInvalidDataOfflineWeb FAILED.&#xa;Reason:&#xa;com.kms.katalon.core.exception.StepFailedException: Test failed because conditionFails is true&#xa;	at com.kms.katalon.core.util.KeywordUtil.markFailed(KeywordUtil.java:19)&#xa;	at PSSIAddCCTVInvalidDataOfflineWeb.run(PSSIAddCCTVInvalidDataOfflineWeb:39)&#xa;	at com.kms.katalon.core.main.ScriptEngine.run(ScriptEngine.java:194)&#xa;	at com.kms.katalon.core.main.ScriptEngine.runScriptAsRawText(ScriptEngine.java:119)&#xa;	at com.kms.katalon.core.main.TestCaseExecutor.runScript(TestCaseExecutor.java:448)&#xa;	at com.kms.katalon.core.main.TestCaseExecutor.doExecute(TestCaseExecutor.java:439)&#xa;	at com.kms.katalon.core.main.TestCaseExecutor.processExecutionPhase(TestCaseExecutor.java:418)&#xa;	at com.kms.katalon.core.main.TestCaseExecutor.accessMainPhase(TestCaseExecutor.java:410)&#xa;	at com.kms.katalon.core.main.TestCaseExecutor.execute(TestCaseExecutor.java:285)&#xa;	at com.kms.katalon.core.common.CommonExecutor.accessTestCaseMainPhase(CommonExecutor.java:65)&#xa;	at com.kms.katalon.core.main.TestSuiteExecutor.accessTestSuiteMainPhase(TestSuiteExecutor.java:148)&#xa;	at com.kms.katalon.core.main.TestSuiteExecutor.execute(TestSuiteExecutor.java:106)&#xa;	at com.kms.katalon.core.main.TestCaseMain.startTestSuite(TestCaseMain.java:180)&#xa;	at TempTestSuite1703823529384.run(TempTestSuite1703823529384.groovy:36)&#xa;	at java.base/jdk.internal.reflect.NativeMethodAccessorImpl.invoke0(Native Method)&#xa;	at java.base/jdk.internal.reflect.NativeMethodAccessorImpl.invoke(NativeMethodAccessorImpl.java:77)&#xa;	at java.base/jdk.internal.reflect.DelegatingMethodAccessorImpl.invoke(DelegatingMethodAccessorImpl.java:43)&#xa;"/>
         <system-out><![CDATA[29-12-2023T11:19:58 - [TEST_CASE][FAILED] - Test Cases/Offline PSSI Dashboard Function/Create BE CCTV Data/Add CCTV/Negative Test Case/PSSIAddCCTVInvalidDataOfflineWeb: Test Cases/Offline PSSI Dashboard Function/Create BE CCTV Data/Add CCTV/Negative Test Case/PSSIAddCCTVInvalidDataOfflineWeb FAILED.
Reason:
com.kms.katalon.core.exception.StepFailedException: Test failed because conditionFails is true
	at com.kms.katalon.core.util.KeywordUtil.markFailed(KeywordUtil.java:19)
	at PSSIAddCCTVInvalidDataOfflineWeb.run(PSSIAddCCTVInvalidDataOfflineWeb:39)
	at com.kms.katalon.core.main.ScriptEngine.run(ScriptEngine.java:194)
	at com.kms.katalon.core.main.ScriptEngine.runScriptAsRawText(ScriptEngine.java:119)
	at com.kms.katalon.core.main.TestCaseExecutor.runScript(TestCaseExecutor.java:448)
	at com.kms.katalon.core.main.TestCaseExecutor.doExecute(TestCaseExecutor.java:439)
	at com.kms.katalon.core.main.TestCaseExecutor.processExecutionPhase(TestCaseExecutor.java:418)
	at com.kms.katalon.core.main.TestCaseExecutor.accessMainPhase(TestCaseExecutor.java:410)
	at com.kms.katalon.core.main.TestCaseExecutor.execute(TestCaseExecutor.java:285)
	at com.kms.katalon.core.common.CommonExecutor.accessTestCaseMainPhase(CommonExecutor.java:65)
	at com.kms.katalon.core.main.TestSuiteExecutor.accessTestSuiteMainPhase(TestSuiteExecutor.java:148)
	at com.kms.katalon.core.main.TestSuiteExecutor.execute(TestSuiteExecutor.java:106)
	at com.kms.katalon.core.main.TestCaseMain.startTestSuite(TestCaseMain.java:180)
	at TempTestSuite1703823529384.run(TempTestSuite1703823529384.groovy:36)
	at java.base/jdk.internal.reflect.NativeMethodAccessorImpl.invoke0(Native Method)
	at java.base/jdk.internal.reflect.NativeMethodAccessorImpl.invoke(NativeMethodAccessorImpl.java:77)
	at java.base/jdk.internal.reflect.DelegatingMethodAccessorImpl.invoke(DelegatingMethodAccessorImpl.java:43)


29-12-2023T11:19:58 - [TEST_STEP][PASSED] - failureHandling = STOP_ON_FAILURE: null

29-12-2023T11:19:58 - [TEST_STEP][PASSED] - baseUrl = offline_pssi_dashboard_url: null

29-12-2023T11:19:58 - [TEST_STEP][PASSED] - callTestCase(findTestCase("Offline PSSI Dashboard Function/Create BE CCTV Data/Sign In/PSSISignInValidData"), [:], failureHandling): Call Test Case 'Test Cases/Offline PSSI Dashboard Function/Create BE CCTV Data/Sign In/PSSISignInValidData' successfully

29-12-2023T11:19:58 - [TEST_CASE][PASSED] - Test Cases/Offline PSSI Dashboard Function/Create BE CCTV Data/Sign In/PSSISignInValidData: Test Cases/Offline PSSI Dashboard Function/Create BE CCTV Data/Sign In/PSSISignInValidData

29-12-2023T11:19:58 - [TEST_STEP][PASSED] - failureHandling = STOP_ON_FAILURE: null

29-12-2023T11:19:58 - [TEST_STEP][PASSED] - baseUrl = offline_pssi_dashboard_url: null

29-12-2023T11:19:58 - [TEST_STEP][PASSED] - openBrowser(""): Browser is opened with url: ''

29-12-2023T11:19:58 - [MESSAGE][INFO] - Starting 'Chrome' driver

29-12-2023T11:19:58 - [MESSAGE][INFO] - Action delay is set to 0 milliseconds

29-12-2023T11:19:59 - [MESSAGE][PASSED] - Browser is opened with url: ''

29-12-2023T11:19:59 - [TEST_STEP][PASSED] - navigateToUrl(baseUrl): Navigate to 'https://monitoring.pssi-dev.kecilin.id' successfully

29-12-2023T11:20:00 - [MESSAGE][PASSED] - Navigate to 'https://monitoring.pssi-dev.kecilin.id' successfully

29-12-2023T11:20:00 - [TEST_STEP][PASSED] - maximizeWindow(): Current window maximized

29-12-2023T11:20:00 - [MESSAGE][PASSED] - Current window maximized

29-12-2023T11:20:00 - [TEST_STEP][PASSED] - setText(findTestObject("Object Repository/Page_Login/input_email"), "superadmin@app.com"): Text 'superadmin@app.com' is set on object 'Object Repository/Page_Login/input_email'

29-12-2023T11:20:01 - [MESSAGE][PASSED] - Text 'superadmin@app.com' is set on object 'Object Repository/Page_Login/input_email'

29-12-2023T11:20:01 - [TEST_STEP][PASSED] - setEncryptedText(findTestObject("Object Repository/Page_Login/input_password"), "8SQVv/p9jVScEs4/2CZsLw=="): Text ****** has been set on object 'Object Repository/Page_Login/input_password'

29-12-2023T11:20:02 - [MESSAGE][PASSED] - Text ****** has been set on object 'Object Repository/Page_Login/input_password'

29-12-2023T11:20:02 - [TEST_STEP][PASSED] - click(findTestObject("Object Repository/Page_Login/button_Sign In")): Object: 'Object Repository/Page_Login/button_Sign In' is clicked on

29-12-2023T11:20:03 - [MESSAGE][PASSED] - Object: 'Object Repository/Page_Login/button_Sign In' is clicked on

29-12-2023T11:20:03 - [MESSAGE][PASSED] - Call Test Case 'Test Cases/Offline PSSI Dashboard Function/Create BE CCTV Data/Sign In/PSSISignInValidData' successfully

29-12-2023T11:20:03 - [TEST_STEP][PASSED] - navigateToUrl(baseUrl + "/cctv/stadion", failureHandling): Navigate to 'https://monitoring.pssi-dev.kecilin.id/cctv/stadion' successfully

29-12-2023T11:20:04 - [MESSAGE][PASSED] - Navigate to 'https://monitoring.pssi-dev.kecilin.id/cctv/stadion' successfully

29-12-2023T11:20:04 - [TEST_STEP][PASSED] - navigateToUrl(baseUrl + "/cctv/detail/64fea065acbef66fd5476494", failureHandling): Navigate to 'https://monitoring.pssi-dev.kecilin.id/cctv/detail/64fea065acbef66fd5476494' successfully

29-12-2023T11:20:04 - [MESSAGE][PASSED] - Navigate to 'https://monitoring.pssi-dev.kecilin.id/cctv/detail/64fea065acbef66fd5476494' successfully

29-12-2023T11:20:04 - [TEST_STEP][PASSED] - navigateToUrl(baseUrl + "/cctv/detail/64fea065acbef66fd5476494/create", failureHandling): Navigate to 'https://monitoring.pssi-dev.kecilin.id/cctv/detail/64fea065acbef66fd5476494/create' successfully

29-12-2023T11:20:04 - [MESSAGE][PASSED] - Navigate to 'https://monitoring.pssi-dev.kecilin.id/cctv/detail/64fea065acbef66fd5476494/create' successfully

29-12-2023T11:20:04 - [TEST_STEP][PASSED] - setText(findTestObject("Object Repository/Page Add new CCTV Offline Web/input_Name_name"), "a", failureHandling): Text 'a' is set on object 'Object Repository/Page Add new CCTV Offline Web/input_Name_name'

29-12-2023T11:20:05 - [MESSAGE][PASSED] - Text 'a' is set on object 'Object Repository/Page Add new CCTV Offline Web/input_Name_name'

29-12-2023T11:20:06 - [TEST_STEP][PASSED] - setText(findTestObject("Object Repository/Page Add new CCTV Offline Web/input_CCTV ID_cctv_id"), "a", failureHandling): Text 'a' is set on object 'Object Repository/Page Add new CCTV Offline Web/input_CCTV ID_cctv_id'

29-12-2023T11:20:06 - [MESSAGE][PASSED] - Text 'a' is set on object 'Object Repository/Page Add new CCTV Offline Web/input_CCTV ID_cctv_id'

29-12-2023T11:20:06 - [TEST_STEP][PASSED] - setText(findTestObject("Object Repository/Page Add new CCTV Offline Web/input_RTSP_rtsp"), "a", failureHandling): Text 'a' is set on object 'Object Repository/Page Add new CCTV Offline Web/input_RTSP_rtsp'

29-12-2023T11:20:07 - [MESSAGE][PASSED] - Text 'a' is set on object 'Object Repository/Page Add new CCTV Offline Web/input_RTSP_rtsp'

29-12-2023T11:20:07 - [TEST_STEP][PASSED] - click(findTestObject("Object Repository/Page Add new CCTV Offline Web/button_Save"), failureHandling): Object: 'Object Repository/Page Add new CCTV Offline Web/button_Save' is clicked on

29-12-2023T11:20:08 - [MESSAGE][PASSED] - Object: 'Object Repository/Page Add new CCTV Offline Web/button_Save' is clicked on

29-12-2023T11:20:08 - [TEST_STEP][PASSED] - if (verifyElementPresent(findTestObject("Object Repository/Page_CCTV/CCTV Data Title"), 0, failureHandling)): Test failed because conditionFails is true

29-12-2023T11:20:08 - [MESSAGE][WARNING] - Timeout '0' is invalid. Using default page load timeout: '30'

29-12-2023T11:20:09 - [MESSAGE][PASSED] - Object 'Object Repository/Page_CCTV/CCTV Data Title' is present

29-12-2023T11:20:09 - [TEST_STEP][FAILED] - markFailed("Test failed because conditionFails is true"): Test failed because conditionFails is true

29-12-2023T11:20:09 - [MESSAGE][FAILED] - Test failed because conditionFails is true

29-12-2023T11:20:09 - [TEST_STEP][PASSED] - closeBrowser(): Browser is closed

29-12-2023T11:20:09 - [MESSAGE][PASSED] - Browser is closed]]></system-out>
         <system-err><![CDATA[29-12-2023T11:19:58 - [TEST_CASE][FAILED] - Test Cases/Offline PSSI Dashboard Function/Create BE CCTV Data/Add CCTV/Negative Test Case/PSSIAddCCTVInvalidDataOfflineWeb: Test Cases/Offline PSSI Dashboard Function/Create BE CCTV Data/Add CCTV/Negative Test Case/PSSIAddCCTVInvalidDataOfflineWeb FAILED.
Reason:
com.kms.katalon.core.exception.StepFailedException: Test failed because conditionFails is true
	at com.kms.katalon.core.util.KeywordUtil.markFailed(KeywordUtil.java:19)
	at PSSIAddCCTVInvalidDataOfflineWeb.run(PSSIAddCCTVInvalidDataOfflineWeb:39)
	at com.kms.katalon.core.main.ScriptEngine.run(ScriptEngine.java:194)
	at com.kms.katalon.core.main.ScriptEngine.runScriptAsRawText(ScriptEngine.java:119)
	at com.kms.katalon.core.main.TestCaseExecutor.runScript(TestCaseExecutor.java:448)
	at com.kms.katalon.core.main.TestCaseExecutor.doExecute(TestCaseExecutor.java:439)
	at com.kms.katalon.core.main.TestCaseExecutor.processExecutionPhase(TestCaseExecutor.java:418)
	at com.kms.katalon.core.main.TestCaseExecutor.accessMainPhase(TestCaseExecutor.java:410)
	at com.kms.katalon.core.main.TestCaseExecutor.execute(TestCaseExecutor.java:285)
	at com.kms.katalon.core.common.CommonExecutor.accessTestCaseMainPhase(CommonExecutor.java:65)
	at com.kms.katalon.core.main.TestSuiteExecutor.accessTestSuiteMainPhase(TestSuiteExecutor.java:148)
	at com.kms.katalon.core.main.TestSuiteExecutor.execute(TestSuiteExecutor.java:106)
	at com.kms.katalon.core.main.TestCaseMain.startTestSuite(TestCaseMain.java:180)
	at TempTestSuite1703823529384.run(TempTestSuite1703823529384.groovy:36)
	at java.base/jdk.internal.reflect.NativeMethodAccessorImpl.invoke0(Native Method)
	at java.base/jdk.internal.reflect.NativeMethodAccessorImpl.invoke(NativeMethodAccessorImpl.java:77)
	at java.base/jdk.internal.reflect.DelegatingMethodAccessorImpl.invoke(DelegatingMethodAccessorImpl.java:43)]]></system-err>
      </testcase>
      <testcase name="Test Cases/Offline PSSI Dashboard Function/Create BE CCTV Data/Add CCTV/Negative Test Case/PSSIAddCCTVInvalidRTSPFormat" time="11.945" classname="Test Cases/Offline PSSI Dashboard Function/Create BE CCTV Data/Add CCTV/Negative Test Case/PSSIAddCCTVInvalidRTSPFormat" status="FAILED">
         <failure type="FAILED" message="Test Cases/Offline PSSI Dashboard Function/Create BE CCTV Data/Add CCTV/Negative Test Case/PSSIAddCCTVInvalidRTSPFormat FAILED.&#xa;Reason:&#xa;com.kms.katalon.core.exception.StepFailedException: Test failed because data is added&#xa;	at com.kms.katalon.core.util.KeywordUtil.markFailed(KeywordUtil.java:19)&#xa;	at PSSIAddCCTVInvalidRTSPFormat.run(PSSIAddCCTVInvalidRTSPFormat:39)&#xa;	at com.kms.katalon.core.main.ScriptEngine.run(ScriptEngine.java:194)&#xa;	at com.kms.katalon.core.main.ScriptEngine.runScriptAsRawText(ScriptEngine.java:119)&#xa;	at com.kms.katalon.core.main.TestCaseExecutor.runScript(TestCaseExecutor.java:448)&#xa;	at com.kms.katalon.core.main.TestCaseExecutor.doExecute(TestCaseExecutor.java:439)&#xa;	at com.kms.katalon.core.main.TestCaseExecutor.processExecutionPhase(TestCaseExecutor.java:418)&#xa;	at com.kms.katalon.core.main.TestCaseExecutor.accessMainPhase(TestCaseExecutor.java:410)&#xa;	at com.kms.katalon.core.main.TestCaseExecutor.execute(TestCaseExecutor.java:285)&#xa;	at com.kms.katalon.core.common.CommonExecutor.accessTestCaseMainPhase(CommonExecutor.java:65)&#xa;	at com.kms.katalon.core.main.TestSuiteExecutor.accessTestSuiteMainPhase(TestSuiteExecutor.java:148)&#xa;	at com.kms.katalon.core.main.TestSuiteExecutor.execute(TestSuiteExecutor.java:106)&#xa;	at com.kms.katalon.core.main.TestCaseMain.startTestSuite(TestCaseMain.java:180)&#xa;	at TempTestSuite1703823529384.run(TempTestSuite1703823529384.groovy:36)&#xa;	at java.base/jdk.internal.reflect.NativeMethodAccessorImpl.invoke0(Native Method)&#xa;	at java.base/jdk.internal.reflect.NativeMethodAccessorImpl.invoke(NativeMethodAccessorImpl.java:77)&#xa;	at java.base/jdk.internal.reflect.DelegatingMethodAccessorImpl.invoke(DelegatingMethodAccessorImpl.java:43)&#xa;"/>
         <system-out><![CDATA[29-12-2023T11:20:09 - [TEST_CASE][FAILED] - Test Cases/Offline PSSI Dashboard Function/Create BE CCTV Data/Add CCTV/Negative Test Case/PSSIAddCCTVInvalidRTSPFormat: Test Cases/Offline PSSI Dashboard Function/Create BE CCTV Data/Add CCTV/Negative Test Case/PSSIAddCCTVInvalidRTSPFormat FAILED.
Reason:
com.kms.katalon.core.exception.StepFailedException: Test failed because data is added
	at com.kms.katalon.core.util.KeywordUtil.markFailed(KeywordUtil.java:19)
	at PSSIAddCCTVInvalidRTSPFormat.run(PSSIAddCCTVInvalidRTSPFormat:39)
	at com.kms.katalon.core.main.ScriptEngine.run(ScriptEngine.java:194)
	at com.kms.katalon.core.main.ScriptEngine.runScriptAsRawText(ScriptEngine.java:119)
	at com.kms.katalon.core.main.TestCaseExecutor.runScript(TestCaseExecutor.java:448)
	at com.kms.katalon.core.main.TestCaseExecutor.doExecute(TestCaseExecutor.java:439)
	at com.kms.katalon.core.main.TestCaseExecutor.processExecutionPhase(TestCaseExecutor.java:418)
	at com.kms.katalon.core.main.TestCaseExecutor.accessMainPhase(TestCaseExecutor.java:410)
	at com.kms.katalon.core.main.TestCaseExecutor.execute(TestCaseExecutor.java:285)
	at com.kms.katalon.core.common.CommonExecutor.accessTestCaseMainPhase(CommonExecutor.java:65)
	at com.kms.katalon.core.main.TestSuiteExecutor.accessTestSuiteMainPhase(TestSuiteExecutor.java:148)
	at com.kms.katalon.core.main.TestSuiteExecutor.execute(TestSuiteExecutor.java:106)
	at com.kms.katalon.core.main.TestCaseMain.startTestSuite(TestCaseMain.java:180)
	at TempTestSuite1703823529384.run(TempTestSuite1703823529384.groovy:36)
	at java.base/jdk.internal.reflect.NativeMethodAccessorImpl.invoke0(Native Method)
	at java.base/jdk.internal.reflect.NativeMethodAccessorImpl.invoke(NativeMethodAccessorImpl.java:77)
	at java.base/jdk.internal.reflect.DelegatingMethodAccessorImpl.invoke(DelegatingMethodAccessorImpl.java:43)


29-12-2023T11:20:09 - [TEST_STEP][PASSED] - failureHandling = STOP_ON_FAILURE: null

29-12-2023T11:20:09 - [TEST_STEP][PASSED] - baseUrl = offline_pssi_dashboard_url: null

29-12-2023T11:20:09 - [TEST_STEP][PASSED] - callTestCase(findTestCase("Offline PSSI Dashboard Function/Create BE CCTV Data/View CCTV Table/PSSIViewCCTVData"), [:], failureHandling): Call Test Case 'Test Cases/Offline PSSI Dashboard Function/Create BE CCTV Data/View CCTV Table/PSSIViewCCTVData' successfully

29-12-2023T11:20:09 - [TEST_CASE][PASSED] - Test Cases/Offline PSSI Dashboard Function/Create BE CCTV Data/View CCTV Table/PSSIViewCCTVData: Test Cases/Offline PSSI Dashboard Function/Create BE CCTV Data/View CCTV Table/PSSIViewCCTVData

29-12-2023T11:20:09 - [TEST_STEP][PASSED] - failureHandling = STOP_ON_FAILURE: null

29-12-2023T11:20:09 - [TEST_STEP][PASSED] - baseUrl = offline_pssi_dashboard_url: null

29-12-2023T11:20:09 - [TEST_STEP][PASSED] - callTestCase(findTestCase("Offline PSSI Dashboard Function/Create BE CCTV Data/View Stadium/PSSIViewStadiumData"), [:], failureHandling): Call Test Case 'Test Cases/Offline PSSI Dashboard Function/Create BE CCTV Data/View Stadium/PSSIViewStadiumData' successfully

29-12-2023T11:20:09 - [TEST_CASE][PASSED] - Test Cases/Offline PSSI Dashboard Function/Create BE CCTV Data/View Stadium/PSSIViewStadiumData: Test Cases/Offline PSSI Dashboard Function/Create BE CCTV Data/View Stadium/PSSIViewStadiumData

29-12-2023T11:20:09 - [TEST_STEP][PASSED] - failureHandling = STOP_ON_FAILURE: null

29-12-2023T11:20:09 - [TEST_STEP][PASSED] - baseUrl = offline_pssi_dashboard_url: null

29-12-2023T11:20:09 - [TEST_STEP][PASSED] - callTestCase(findTestCase("Offline PSSI Dashboard Function/Create BE CCTV Data/Sign In/PSSISignInValidData"), [:], failureHandling): Call Test Case 'Test Cases/Offline PSSI Dashboard Function/Create BE CCTV Data/Sign In/PSSISignInValidData' successfully

29-12-2023T11:20:10 - [TEST_CASE][PASSED] - Test Cases/Offline PSSI Dashboard Function/Create BE CCTV Data/Sign In/PSSISignInValidData: Test Cases/Offline PSSI Dashboard Function/Create BE CCTV Data/Sign In/PSSISignInValidData

29-12-2023T11:20:10 - [TEST_STEP][PASSED] - failureHandling = STOP_ON_FAILURE: null

29-12-2023T11:20:10 - [TEST_STEP][PASSED] - baseUrl = offline_pssi_dashboard_url: null

29-12-2023T11:20:10 - [TEST_STEP][PASSED] - openBrowser(""): Browser is opened with url: ''

29-12-2023T11:20:10 - [MESSAGE][INFO] - Starting 'Chrome' driver

29-12-2023T11:20:10 - [MESSAGE][INFO] - Action delay is set to 0 milliseconds

29-12-2023T11:20:11 - [MESSAGE][PASSED] - Browser is opened with url: ''

29-12-2023T11:20:11 - [TEST_STEP][PASSED] - navigateToUrl(baseUrl): Navigate to 'https://monitoring.pssi-dev.kecilin.id' successfully

29-12-2023T11:20:12 - [MESSAGE][PASSED] - Navigate to 'https://monitoring.pssi-dev.kecilin.id' successfully

29-12-2023T11:20:12 - [TEST_STEP][PASSED] - maximizeWindow(): Current window maximized

29-12-2023T11:20:12 - [MESSAGE][PASSED] - Current window maximized

29-12-2023T11:20:12 - [TEST_STEP][PASSED] - setText(findTestObject("Object Repository/Page_Login/input_email"), "superadmin@app.com"): Text 'superadmin@app.com' is set on object 'Object Repository/Page_Login/input_email'

29-12-2023T11:20:13 - [MESSAGE][PASSED] - Text 'superadmin@app.com' is set on object 'Object Repository/Page_Login/input_email'

29-12-2023T11:20:13 - [TEST_STEP][PASSED] - setEncryptedText(findTestObject("Object Repository/Page_Login/input_password"), "8SQVv/p9jVScEs4/2CZsLw=="): Text ****** has been set on object 'Object Repository/Page_Login/input_password'

29-12-2023T11:20:13 - [MESSAGE][PASSED] - Text ****** has been set on object 'Object Repository/Page_Login/input_password'

29-12-2023T11:20:13 - [TEST_STEP][PASSED] - click(findTestObject("Object Repository/Page_Login/button_Sign In")): Object: 'Object Repository/Page_Login/button_Sign In' is clicked on

29-12-2023T11:20:15 - [MESSAGE][PASSED] - Object: 'Object Repository/Page_Login/button_Sign In' is clicked on

29-12-2023T11:20:15 - [MESSAGE][PASSED] - Call Test Case 'Test Cases/Offline PSSI Dashboard Function/Create BE CCTV Data/Sign In/PSSISignInValidData' successfully

29-12-2023T11:20:15 - [TEST_STEP][PASSED] - navigateToUrl(baseUrl + "/cctv/stadion", failureHandling): Navigate to 'https://monitoring.pssi-dev.kecilin.id/cctv/stadion' successfully

29-12-2023T11:20:16 - [MESSAGE][PASSED] - Navigate to 'https://monitoring.pssi-dev.kecilin.id/cctv/stadion' successfully

29-12-2023T11:20:16 - [MESSAGE][PASSED] - Call Test Case 'Test Cases/Offline PSSI Dashboard Function/Create BE CCTV Data/View Stadium/PSSIViewStadiumData' successfully

29-12-2023T11:20:16 - [TEST_STEP][PASSED] - navigateToUrl(baseUrl + "/cctv/detail/64fea065acbef66fd5476494", failureHandling): Navigate to 'https://monitoring.pssi-dev.kecilin.id/cctv/detail/64fea065acbef66fd5476494' successfully

29-12-2023T11:20:16 - [MESSAGE][PASSED] - Navigate to 'https://monitoring.pssi-dev.kecilin.id/cctv/detail/64fea065acbef66fd5476494' successfully

29-12-2023T11:20:16 - [MESSAGE][PASSED] - Call Test Case 'Test Cases/Offline PSSI Dashboard Function/Create BE CCTV Data/View CCTV Table/PSSIViewCCTVData' successfully

29-12-2023T11:20:16 - [TEST_STEP][PASSED] - navigateToUrl(baseUrl + "/cctv/detail/64fea065acbef66fd5476494/create", failureHandling): Navigate to 'https://monitoring.pssi-dev.kecilin.id/cctv/detail/64fea065acbef66fd5476494/create' successfully

29-12-2023T11:20:16 - [MESSAGE][PASSED] - Navigate to 'https://monitoring.pssi-dev.kecilin.id/cctv/detail/64fea065acbef66fd5476494/create' successfully

29-12-2023T11:20:16 - [TEST_STEP][PASSED] - setText(findTestObject("Object Repository/Page Add new CCTV Offline Web/input_Name_name"), "camera2", failureHandling): Text 'camera2' is set on object 'Object Repository/Page Add new CCTV Offline Web/input_Name_name'

29-12-2023T11:20:17 - [MESSAGE][PASSED] - Text 'camera2' is set on object 'Object Repository/Page Add new CCTV Offline Web/input_Name_name'

29-12-2023T11:20:17 - [TEST_STEP][PASSED] - setText(findTestObject("Object Repository/Page Add new CCTV Offline Web/input_CCTV ID_cctv_id"), "1002", failureHandling): Text '1002' is set on object 'Object Repository/Page Add new CCTV Offline Web/input_CCTV ID_cctv_id'

29-12-2023T11:20:18 - [MESSAGE][PASSED] - Text '1002' is set on object 'Object Repository/Page Add new CCTV Offline Web/input_CCTV ID_cctv_id'

29-12-2023T11:20:18 - [TEST_STEP][PASSED] - setText(findTestObject("Object Repository/Page Add new CCTV Offline Web/input_RTSP_rtsp"), "googeru", failureHandling): Text 'googeru' is set on object 'Object Repository/Page Add new CCTV Offline Web/input_RTSP_rtsp'

29-12-2023T11:20:19 - [MESSAGE][PASSED] - Text 'googeru' is set on object 'Object Repository/Page Add new CCTV Offline Web/input_RTSP_rtsp'

29-12-2023T11:20:19 - [TEST_STEP][PASSED] - click(findTestObject("Object Repository/Page Add new CCTV Offline Web/button_Save"), failureHandling): Object: 'Object Repository/Page Add new CCTV Offline Web/button_Save' is clicked on

29-12-2023T11:20:20 - [MESSAGE][PASSED] - Object: 'Object Repository/Page Add new CCTV Offline Web/button_Save' is clicked on

29-12-2023T11:20:20 - [TEST_STEP][PASSED] - if (verifyElementPresent(findTestObject("Page_CCTV/CCTV Data Title"), 0, failureHandling)): Test failed because data is added

29-12-2023T11:20:20 - [MESSAGE][WARNING] - Timeout '0' is invalid. Using default page load timeout: '30'

29-12-2023T11:20:21 - [MESSAGE][PASSED] - Object 'Object Repository/Page_CCTV/CCTV Data Title' is present

29-12-2023T11:20:21 - [TEST_STEP][FAILED] - markFailed("Test failed because data is added"): Test failed because data is added

29-12-2023T11:20:21 - [MESSAGE][FAILED] - Test failed because data is added

29-12-2023T11:20:21 - [TEST_STEP][PASSED] - closeBrowser(): Browser is closed

29-12-2023T11:20:21 - [MESSAGE][PASSED] - Browser is closed]]></system-out>
         <system-err><![CDATA[29-12-2023T11:20:09 - [TEST_CASE][FAILED] - Test Cases/Offline PSSI Dashboard Function/Create BE CCTV Data/Add CCTV/Negative Test Case/PSSIAddCCTVInvalidRTSPFormat: Test Cases/Offline PSSI Dashboard Function/Create BE CCTV Data/Add CCTV/Negative Test Case/PSSIAddCCTVInvalidRTSPFormat FAILED.
Reason:
com.kms.katalon.core.exception.StepFailedException: Test failed because data is added
	at com.kms.katalon.core.util.KeywordUtil.markFailed(KeywordUtil.java:19)
	at PSSIAddCCTVInvalidRTSPFormat.run(PSSIAddCCTVInvalidRTSPFormat:39)
	at com.kms.katalon.core.main.ScriptEngine.run(ScriptEngine.java:194)
	at com.kms.katalon.core.main.ScriptEngine.runScriptAsRawText(ScriptEngine.java:119)
	at com.kms.katalon.core.main.TestCaseExecutor.runScript(TestCaseExecutor.java:448)
	at com.kms.katalon.core.main.TestCaseExecutor.doExecute(TestCaseExecutor.java:439)
	at com.kms.katalon.core.main.TestCaseExecutor.processExecutionPhase(TestCaseExecutor.java:418)
	at com.kms.katalon.core.main.TestCaseExecutor.accessMainPhase(TestCaseExecutor.java:410)
	at com.kms.katalon.core.main.TestCaseExecutor.execute(TestCaseExecutor.java:285)
	at com.kms.katalon.core.common.CommonExecutor.accessTestCaseMainPhase(CommonExecutor.java:65)
	at com.kms.katalon.core.main.TestSuiteExecutor.accessTestSuiteMainPhase(TestSuiteExecutor.java:148)
	at com.kms.katalon.core.main.TestSuiteExecutor.execute(TestSuiteExecutor.java:106)
	at com.kms.katalon.core.main.TestCaseMain.startTestSuite(TestCaseMain.java:180)
	at TempTestSuite1703823529384.run(TempTestSuite1703823529384.groovy:36)
	at java.base/jdk.internal.reflect.NativeMethodAccessorImpl.invoke0(Native Method)
	at java.base/jdk.internal.reflect.NativeMethodAccessorImpl.invoke(NativeMethodAccessorImpl.java:77)
	at java.base/jdk.internal.reflect.DelegatingMethodAccessorImpl.invoke(DelegatingMethodAccessorImpl.java:43)]]></system-err>
      </testcase>
      <testcase name="Test Cases/Offline PSSI Dashboard Function/Create BE CCTV Data/Add CCTV/Positive Test Case/PSSIAddCCTVValidDataOfflineWeb" time="11.894" classname="Test Cases/Offline PSSI Dashboard Function/Create BE CCTV Data/Add CCTV/Positive Test Case/PSSIAddCCTVValidDataOfflineWeb" status="PASSED">
         <system-out><![CDATA[29-12-2023T11:20:21 - [TEST_CASE][PASSED] - Test Cases/Offline PSSI Dashboard Function/Create BE CCTV Data/Add CCTV/Positive Test Case/PSSIAddCCTVValidDataOfflineWeb: Test Cases/Offline PSSI Dashboard Function/Create BE CCTV Data/Add CCTV/Positive Test Case/PSSIAddCCTVValidDataOfflineWeb

29-12-2023T11:20:21 - [TEST_STEP][PASSED] - failureHandling = STOP_ON_FAILURE: null

29-12-2023T11:20:21 - [TEST_STEP][PASSED] - baseUrl = offline_pssi_dashboard_url: null

29-12-2023T11:20:21 - [TEST_STEP][PASSED] - callTestCase(findTestCase("Offline PSSI Dashboard Function/Create BE CCTV Data/View CCTV Table/PSSIViewCCTVData"), [:], failureHandling): Call Test Case 'Test Cases/Offline PSSI Dashboard Function/Create BE CCTV Data/View CCTV Table/PSSIViewCCTVData' successfully

29-12-2023T11:20:21 - [TEST_CASE][PASSED] - Test Cases/Offline PSSI Dashboard Function/Create BE CCTV Data/View CCTV Table/PSSIViewCCTVData: Test Cases/Offline PSSI Dashboard Function/Create BE CCTV Data/View CCTV Table/PSSIViewCCTVData

29-12-2023T11:20:21 - [TEST_STEP][PASSED] - failureHandling = STOP_ON_FAILURE: null

29-12-2023T11:20:21 - [TEST_STEP][PASSED] - baseUrl = offline_pssi_dashboard_url: null

29-12-2023T11:20:21 - [TEST_STEP][PASSED] - callTestCase(findTestCase("Offline PSSI Dashboard Function/Create BE CCTV Data/View Stadium/PSSIViewStadiumData"), [:], failureHandling): Call Test Case 'Test Cases/Offline PSSI Dashboard Function/Create BE CCTV Data/View Stadium/PSSIViewStadiumData' successfully

29-12-2023T11:20:21 - [TEST_CASE][PASSED] - Test Cases/Offline PSSI Dashboard Function/Create BE CCTV Data/View Stadium/PSSIViewStadiumData: Test Cases/Offline PSSI Dashboard Function/Create BE CCTV Data/View Stadium/PSSIViewStadiumData

29-12-2023T11:20:21 - [TEST_STEP][PASSED] - failureHandling = STOP_ON_FAILURE: null

29-12-2023T11:20:21 - [TEST_STEP][PASSED] - baseUrl = offline_pssi_dashboard_url: null

29-12-2023T11:20:21 - [TEST_STEP][PASSED] - callTestCase(findTestCase("Offline PSSI Dashboard Function/Create BE CCTV Data/Sign In/PSSISignInValidData"), [:], failureHandling): Call Test Case 'Test Cases/Offline PSSI Dashboard Function/Create BE CCTV Data/Sign In/PSSISignInValidData' successfully

29-12-2023T11:20:22 - [TEST_CASE][PASSED] - Test Cases/Offline PSSI Dashboard Function/Create BE CCTV Data/Sign In/PSSISignInValidData: Test Cases/Offline PSSI Dashboard Function/Create BE CCTV Data/Sign In/PSSISignInValidData

29-12-2023T11:20:22 - [TEST_STEP][PASSED] - failureHandling = STOP_ON_FAILURE: null

29-12-2023T11:20:22 - [TEST_STEP][PASSED] - baseUrl = offline_pssi_dashboard_url: null

29-12-2023T11:20:22 - [TEST_STEP][PASSED] - openBrowser(""): Browser is opened with url: ''

29-12-2023T11:20:22 - [MESSAGE][INFO] - Starting 'Chrome' driver

29-12-2023T11:20:22 - [MESSAGE][INFO] - Action delay is set to 0 milliseconds

29-12-2023T11:20:23 - [MESSAGE][PASSED] - Browser is opened with url: ''

29-12-2023T11:20:23 - [TEST_STEP][PASSED] - navigateToUrl(baseUrl): Navigate to 'https://monitoring.pssi-dev.kecilin.id' successfully

29-12-2023T11:20:23 - [MESSAGE][PASSED] - Navigate to 'https://monitoring.pssi-dev.kecilin.id' successfully

29-12-2023T11:20:23 - [TEST_STEP][PASSED] - maximizeWindow(): Current window maximized

29-12-2023T11:20:24 - [MESSAGE][PASSED] - Current window maximized

29-12-2023T11:20:24 - [TEST_STEP][PASSED] - setText(findTestObject("Object Repository/Page_Login/input_email"), "superadmin@app.com"): Text 'superadmin@app.com' is set on object 'Object Repository/Page_Login/input_email'

29-12-2023T11:20:25 - [MESSAGE][PASSED] - Text 'superadmin@app.com' is set on object 'Object Repository/Page_Login/input_email'

29-12-2023T11:20:25 - [TEST_STEP][PASSED] - setEncryptedText(findTestObject("Object Repository/Page_Login/input_password"), "8SQVv/p9jVScEs4/2CZsLw=="): Text ****** has been set on object 'Object Repository/Page_Login/input_password'

29-12-2023T11:20:25 - [MESSAGE][PASSED] - Text ****** has been set on object 'Object Repository/Page_Login/input_password'

29-12-2023T11:20:25 - [TEST_STEP][PASSED] - click(findTestObject("Object Repository/Page_Login/button_Sign In")): Object: 'Object Repository/Page_Login/button_Sign In' is clicked on

29-12-2023T11:20:26 - [MESSAGE][PASSED] - Object: 'Object Repository/Page_Login/button_Sign In' is clicked on

29-12-2023T11:20:26 - [MESSAGE][PASSED] - Call Test Case 'Test Cases/Offline PSSI Dashboard Function/Create BE CCTV Data/Sign In/PSSISignInValidData' successfully

29-12-2023T11:20:26 - [TEST_STEP][PASSED] - navigateToUrl(baseUrl + "/cctv/stadion", failureHandling): Navigate to 'https://monitoring.pssi-dev.kecilin.id/cctv/stadion' successfully

29-12-2023T11:20:27 - [MESSAGE][PASSED] - Navigate to 'https://monitoring.pssi-dev.kecilin.id/cctv/stadion' successfully

29-12-2023T11:20:27 - [MESSAGE][PASSED] - Call Test Case 'Test Cases/Offline PSSI Dashboard Function/Create BE CCTV Data/View Stadium/PSSIViewStadiumData' successfully

29-12-2023T11:20:27 - [TEST_STEP][PASSED] - navigateToUrl(baseUrl + "/cctv/detail/64fea065acbef66fd5476494", failureHandling): Navigate to 'https://monitoring.pssi-dev.kecilin.id/cctv/detail/64fea065acbef66fd5476494' successfully

29-12-2023T11:20:28 - [MESSAGE][PASSED] - Navigate to 'https://monitoring.pssi-dev.kecilin.id/cctv/detail/64fea065acbef66fd5476494' successfully

29-12-2023T11:20:28 - [MESSAGE][PASSED] - Call Test Case 'Test Cases/Offline PSSI Dashboard Function/Create BE CCTV Data/View CCTV Table/PSSIViewCCTVData' successfully

29-12-2023T11:20:28 - [TEST_STEP][PASSED] - navigateToUrl(baseUrl + "/cctv/detail/64fea065acbef66fd5476494/create", failureHandling): Navigate to 'https://monitoring.pssi-dev.kecilin.id/cctv/detail/64fea065acbef66fd5476494/create' successfully

29-12-2023T11:20:28 - [MESSAGE][PASSED] - Navigate to 'https://monitoring.pssi-dev.kecilin.id/cctv/detail/64fea065acbef66fd5476494/create' successfully

29-12-2023T11:20:28 - [TEST_STEP][PASSED] - setText(findTestObject("Object Repository/Page Add new CCTV Offline Web/input_Name_name"), "camera1", failureHandling): Text 'camera1' is set on object 'Object Repository/Page Add new CCTV Offline Web/input_Name_name'

29-12-2023T11:20:29 - [MESSAGE][PASSED] - Text 'camera1' is set on object 'Object Repository/Page Add new CCTV Offline Web/input_Name_name'

29-12-2023T11:20:29 - [TEST_STEP][PASSED] - setText(findTestObject("Object Repository/Page Add new CCTV Offline Web/input_CCTV ID_cctv_id"), "1001", failureHandling): Text '1001' is set on object 'Object Repository/Page Add new CCTV Offline Web/input_CCTV ID_cctv_id'

29-12-2023T11:20:30 - [MESSAGE][PASSED] - Text '1001' is set on object 'Object Repository/Page Add new CCTV Offline Web/input_CCTV ID_cctv_id'

29-12-2023T11:20:30 - [TEST_STEP][PASSED] - setText(findTestObject("Object Repository/Page Add new CCTV Offline Web/input_RTSP_rtsp"), "https://google.com", failureHandling): Text 'https://google.com' is set on object 'Object Repository/Page Add new CCTV Offline Web/input_RTSP_rtsp'

29-12-2023T11:20:31 - [MESSAGE][PASSED] - Text 'https://google.com' is set on object 'Object Repository/Page Add new CCTV Offline Web/input_RTSP_rtsp'

29-12-2023T11:20:31 - [TEST_STEP][PASSED] - click(findTestObject("Object Repository/Page Add new CCTV Offline Web/button_Save"), failureHandling): Object: 'Object Repository/Page Add new CCTV Offline Web/button_Save' is clicked on

29-12-2023T11:20:32 - [MESSAGE][PASSED] - Object: 'Object Repository/Page Add new CCTV Offline Web/button_Save' is clicked on

29-12-2023T11:20:32 - [TEST_STEP][PASSED] - if (verifyElementPresent(findTestObject("Object Repository/Page_CCTV/CCTV Data Title"), 0, failureHandling)): Test passed because data is added

29-12-2023T11:20:32 - [MESSAGE][WARNING] - Timeout '0' is invalid. Using default page load timeout: '30'

29-12-2023T11:20:32 - [MESSAGE][PASSED] - Object 'Object Repository/Page_CCTV/CCTV Data Title' is present

29-12-2023T11:20:32 - [TEST_STEP][PASSED] - pageSource = getWebDriver().getPageSource(): null

29-12-2023T11:20:33 - [TEST_STEP][PASSED] - isSameRow = pageSource.contains("1001") && pageSource.contains("camera1") && pageSource.contains("https://google.com"): null

29-12-2023T11:20:33 - [TEST_STEP][PASSED] - if (isSameRow): Test passed because data added exists on table

29-12-2023T11:20:33 - [TEST_STEP][PASSED] - markPassed("Test passed because data added exists on table"): Test passed because data added exists on table

29-12-2023T11:20:33 - [MESSAGE][PASSED] - Test passed because data added exists on table

29-12-2023T11:20:33 - [TEST_STEP][PASSED] - markPassed("Test passed because data is added"): Test passed because data is added

29-12-2023T11:20:33 - [MESSAGE][PASSED] - Test passed because data is added

29-12-2023T11:20:33 - [TEST_STEP][PASSED] - closeBrowser(): Browser is closed

29-12-2023T11:20:33 - [MESSAGE][PASSED] - Browser is closed]]></system-out>
         <system-err><![CDATA[]]></system-err>
      </testcase>
      <system-out><![CDATA[29-12-2023T11:19:19 - [TEST_SUITE][FAILED] - Add CCTV Test Suite: Test Cases/Offline PSSI Dashboard Function/Create BE CCTV Data/Add CCTV/Negative Test Case/PSSIAddCCTVDuplicateID FAILED.
Reason:
com.kms.katalon.core.exception.StepFailedException: Test failed because data is added
	at com.kms.katalon.core.util.KeywordUtil.markFailed(KeywordUtil.java:19)
	at PSSIAddCCTVDuplicateID.run(PSSIAddCCTVDuplicateID:40)
	at com.kms.katalon.core.main.ScriptEngine.run(ScriptEngine.java:194)
	at com.kms.katalon.core.main.ScriptEngine.runScriptAsRawText(ScriptEngine.java:119)
	at com.kms.katalon.core.main.TestCaseExecutor.runScript(TestCaseExecutor.java:448)
	at com.kms.katalon.core.main.TestCaseExecutor.doExecute(TestCaseExecutor.java:439)
	at com.kms.katalon.core.main.TestCaseExecutor.processExecutionPhase(TestCaseExecutor.java:418)
	at com.kms.katalon.core.main.TestCaseExecutor.accessMainPhase(TestCaseExecutor.java:410)
	at com.kms.katalon.core.main.TestCaseExecutor.execute(TestCaseExecutor.java:285)
	at com.kms.katalon.core.common.CommonExecutor.accessTestCaseMainPhase(CommonExecutor.java:65)
	at com.kms.katalon.core.main.TestSuiteExecutor.accessTestSuiteMainPhase(TestSuiteExecutor.java:148)
	at com.kms.katalon.core.main.TestSuiteExecutor.execute(TestSuiteExecutor.java:106)
	at com.kms.katalon.core.main.TestCaseMain.startTestSuite(TestCaseMain.java:180)
	at TempTestSuite1703823529384.run(TempTestSuite1703823529384.groovy:36)
	at java.base/jdk.internal.reflect.NativeMethodAccessorImpl.invoke0(Native Method)
	at java.base/jdk.internal.reflect.NativeMethodAccessorImpl.invoke(NativeMethodAccessorImpl.java:77)
	at java.base/jdk.internal.reflect.DelegatingMethodAccessorImpl.invoke(DelegatingMethodAccessorImpl.java:43)]]></system-out>
      <system-err><![CDATA[29-12-2023T11:19:19 - [TEST_SUITE][FAILED] - Add CCTV Test Suite: Test Cases/Offline PSSI Dashboard Function/Create BE CCTV Data/Add CCTV/Negative Test Case/PSSIAddCCTVDuplicateID FAILED.
Reason:
com.kms.katalon.core.exception.StepFailedException: Test failed because data is added
	at com.kms.katalon.core.util.KeywordUtil.markFailed(KeywordUtil.java:19)
	at PSSIAddCCTVDuplicateID.run(PSSIAddCCTVDuplicateID:40)
	at com.kms.katalon.core.main.ScriptEngine.run(ScriptEngine.java:194)
	at com.kms.katalon.core.main.ScriptEngine.runScriptAsRawText(ScriptEngine.java:119)
	at com.kms.katalon.core.main.TestCaseExecutor.runScript(TestCaseExecutor.java:448)
	at com.kms.katalon.core.main.TestCaseExecutor.doExecute(TestCaseExecutor.java:439)
	at com.kms.katalon.core.main.TestCaseExecutor.processExecutionPhase(TestCaseExecutor.java:418)
	at com.kms.katalon.core.main.TestCaseExecutor.accessMainPhase(TestCaseExecutor.java:410)
	at com.kms.katalon.core.main.TestCaseExecutor.execute(TestCaseExecutor.java:285)
	at com.kms.katalon.core.common.CommonExecutor.accessTestCaseMainPhase(CommonExecutor.java:65)
	at com.kms.katalon.core.main.TestSuiteExecutor.accessTestSuiteMainPhase(TestSuiteExecutor.java:148)
	at com.kms.katalon.core.main.TestSuiteExecutor.execute(TestSuiteExecutor.java:106)
	at com.kms.katalon.core.main.TestCaseMain.startTestSuite(TestCaseMain.java:180)
	at TempTestSuite1703823529384.run(TempTestSuite1703823529384.groovy:36)
	at java.base/jdk.internal.reflect.NativeMethodAccessorImpl.invoke0(Native Method)
	at java.base/jdk.internal.reflect.NativeMethodAccessorImpl.invoke(NativeMethodAccessorImpl.java:77)
	at java.base/jdk.internal.reflect.DelegatingMethodAccessorImpl.invoke(DelegatingMethodAccessorImpl.java:43)]]></system-err>
   </testsuite>
   <testsuite name="Breadcrumb Navigation Test Suite" tests="4" failures="2" errors="0" time="106.187" skipped="0" timestamp="29-12-2023T11:20:54" hostname="USER - DESKTOP-HLRVE9S" id="Test Suites/Create BE CCTV Data/Breadcrumb Navigation Test Suite">
      <properties>
         <property name="deviceName" value=""/>
         <property name="devicePlatform" value=""/>
         <property name="logFolder" value="C:\\Users\\USER\\git\\Kecilin-Automation-Test\\Reports\\20231229_111847\\Create BE CCTV Data\\Breadcrumb Navigation Test Suite\\20231229_111851"/>
         <property name="logFiles" value="C:\\Users\\USER\\git\\Kecilin-Automation-Test\\Reports\\20231229_111847\\Create BE CCTV Data\\Breadcrumb Navigation Test Suite\\20231229_111851\\execution0.log"/>
         <property name="attachments" value="C:\\Users\\USER\\git\\Kecilin-Automation-Test\\Reports\\20231229_111847\\Create BE CCTV Data\\Breadcrumb Navigation Test Suite\\20231229_111851\\1703823682291.png"/>
         <property name="hostName" value="USER - DESKTOP-HLRVE9S"/>
         <property name="os" value="Windows 10 64bit"/>
         <property name="katalonVersion" value="9.2.0.212"/>
         <property name="browser" value="Chrome 120.0.0.0"/>
         <property name="hostAddress" value="192.168.100.183"/>
         <property name="sessionId" value="8ae515478eab77790311bde0d5d1f9fd"/>
         <property name="seleniumVersion" value="3.141.59"/>
         <property name="proxyInformation" value="ProxyInformation { proxyOption=NO_PROXY, proxyServerType=HTTP, username=, password=********, proxyServerAddress=, proxyServerPort=0, executionList=&quot;&quot;, isApplyToDesiredCapabilities=true }"/>
         <property name="platform" value="Windows 10"/>
      </properties>
      <testcase name="Test Cases/Offline PSSI Dashboard Function/Create BE CCTV Data/Breadcrumb Navigation/PSSIBreadcrumbInAddCCTVPage" time="16.11" classname="Test Cases/Offline PSSI Dashboard Function/Create BE CCTV Data/Breadcrumb Navigation/PSSIBreadcrumbInAddCCTVPage" status="PASSED">
         <system-out><![CDATA[29-12-2023T11:20:55 - [TEST_CASE][PASSED] - Test Cases/Offline PSSI Dashboard Function/Create BE CCTV Data/Breadcrumb Navigation/PSSIBreadcrumbInAddCCTVPage: Test Cases/Offline PSSI Dashboard Function/Create BE CCTV Data/Breadcrumb Navigation/PSSIBreadcrumbInAddCCTVPage

29-12-2023T11:20:55 - [TEST_STEP][PASSED] - failureHandling = STOP_ON_FAILURE: null

29-12-2023T11:20:55 - [TEST_STEP][PASSED] - baseUrl = offline_pssi_dashboard_url: null

29-12-2023T11:20:55 - [TEST_STEP][PASSED] - callTestCase(findTestCase("Offline PSSI Dashboard Function/Create BE CCTV Data/View CCTV Table/PSSIViewCCTVData"), [:], failureHandling): Call Test Case 'Test Cases/Offline PSSI Dashboard Function/Create BE CCTV Data/View CCTV Table/PSSIViewCCTVData' successfully

29-12-2023T11:20:55 - [TEST_CASE][PASSED] - Test Cases/Offline PSSI Dashboard Function/Create BE CCTV Data/View CCTV Table/PSSIViewCCTVData: Test Cases/Offline PSSI Dashboard Function/Create BE CCTV Data/View CCTV Table/PSSIViewCCTVData

29-12-2023T11:20:56 - [TEST_STEP][PASSED] - failureHandling = STOP_ON_FAILURE: null

29-12-2023T11:20:56 - [TEST_STEP][PASSED] - baseUrl = offline_pssi_dashboard_url: null

29-12-2023T11:20:56 - [TEST_STEP][PASSED] - callTestCase(findTestCase("Offline PSSI Dashboard Function/Create BE CCTV Data/View Stadium/PSSIViewStadiumData"), [:], failureHandling): Call Test Case 'Test Cases/Offline PSSI Dashboard Function/Create BE CCTV Data/View Stadium/PSSIViewStadiumData' successfully

29-12-2023T11:20:56 - [TEST_CASE][PASSED] - Test Cases/Offline PSSI Dashboard Function/Create BE CCTV Data/View Stadium/PSSIViewStadiumData: Test Cases/Offline PSSI Dashboard Function/Create BE CCTV Data/View Stadium/PSSIViewStadiumData

29-12-2023T11:20:56 - [TEST_STEP][PASSED] - failureHandling = STOP_ON_FAILURE: null

29-12-2023T11:20:56 - [TEST_STEP][PASSED] - baseUrl = offline_pssi_dashboard_url: null

29-12-2023T11:20:56 - [TEST_STEP][PASSED] - callTestCase(findTestCase("Offline PSSI Dashboard Function/Create BE CCTV Data/Sign In/PSSISignInValidData"), [:], failureHandling): Call Test Case 'Test Cases/Offline PSSI Dashboard Function/Create BE CCTV Data/Sign In/PSSISignInValidData' successfully

29-12-2023T11:20:57 - [TEST_CASE][PASSED] - Test Cases/Offline PSSI Dashboard Function/Create BE CCTV Data/Sign In/PSSISignInValidData: Test Cases/Offline PSSI Dashboard Function/Create BE CCTV Data/Sign In/PSSISignInValidData

29-12-2023T11:20:57 - [TEST_STEP][PASSED] - failureHandling = STOP_ON_FAILURE: null

29-12-2023T11:20:57 - [TEST_STEP][PASSED] - baseUrl = offline_pssi_dashboard_url: null

29-12-2023T11:20:57 - [TEST_STEP][PASSED] - openBrowser(""): Browser is opened with url: ''

29-12-2023T11:20:57 - [MESSAGE][INFO] - Starting 'Chrome' driver

29-12-2023T11:20:57 - [MESSAGE][INFO] - Action delay is set to 0 milliseconds

29-12-2023T11:20:59 - [MESSAGE][PASSED] - Browser is opened with url: ''

29-12-2023T11:20:59 - [TEST_STEP][PASSED] - navigateToUrl(baseUrl): Navigate to 'https://monitoring.pssi-dev.kecilin.id' successfully

29-12-2023T11:21:00 - [MESSAGE][PASSED] - Navigate to 'https://monitoring.pssi-dev.kecilin.id' successfully

29-12-2023T11:21:00 - [TEST_STEP][PASSED] - maximizeWindow(): Current window maximized

29-12-2023T11:21:01 - [MESSAGE][PASSED] - Current window maximized

29-12-2023T11:21:01 - [TEST_STEP][PASSED] - setText(findTestObject("Object Repository/Page_Login/input_email"), "superadmin@app.com"): Text 'superadmin@app.com' is set on object 'Object Repository/Page_Login/input_email'

29-12-2023T11:21:02 - [MESSAGE][PASSED] - Text 'superadmin@app.com' is set on object 'Object Repository/Page_Login/input_email'

29-12-2023T11:21:02 - [TEST_STEP][PASSED] - setEncryptedText(findTestObject("Object Repository/Page_Login/input_password"), "8SQVv/p9jVScEs4/2CZsLw=="): Text ****** has been set on object 'Object Repository/Page_Login/input_password'

29-12-2023T11:21:02 - [MESSAGE][PASSED] - Text ****** has been set on object 'Object Repository/Page_Login/input_password'

29-12-2023T11:21:02 - [TEST_STEP][PASSED] - click(findTestObject("Object Repository/Page_Login/button_Sign In")): Object: 'Object Repository/Page_Login/button_Sign In' is clicked on

29-12-2023T11:21:04 - [MESSAGE][PASSED] - Object: 'Object Repository/Page_Login/button_Sign In' is clicked on

29-12-2023T11:21:04 - [MESSAGE][PASSED] - Call Test Case 'Test Cases/Offline PSSI Dashboard Function/Create BE CCTV Data/Sign In/PSSISignInValidData' successfully

29-12-2023T11:21:04 - [TEST_STEP][PASSED] - navigateToUrl(baseUrl + "/cctv/stadion", failureHandling): Navigate to 'https://monitoring.pssi-dev.kecilin.id/cctv/stadion' successfully

29-12-2023T11:21:05 - [MESSAGE][PASSED] - Navigate to 'https://monitoring.pssi-dev.kecilin.id/cctv/stadion' successfully

29-12-2023T11:21:05 - [MESSAGE][PASSED] - Call Test Case 'Test Cases/Offline PSSI Dashboard Function/Create BE CCTV Data/View Stadium/PSSIViewStadiumData' successfully

29-12-2023T11:21:05 - [TEST_STEP][PASSED] - navigateToUrl(baseUrl + "/cctv/detail/64fea065acbef66fd5476494", failureHandling): Navigate to 'https://monitoring.pssi-dev.kecilin.id/cctv/detail/64fea065acbef66fd5476494' successfully

29-12-2023T11:21:05 - [MESSAGE][PASSED] - Navigate to 'https://monitoring.pssi-dev.kecilin.id/cctv/detail/64fea065acbef66fd5476494' successfully

29-12-2023T11:21:05 - [MESSAGE][PASSED] - Call Test Case 'Test Cases/Offline PSSI Dashboard Function/Create BE CCTV Data/View CCTV Table/PSSIViewCCTVData' successfully

29-12-2023T11:21:05 - [TEST_STEP][PASSED] - navigateToUrl(baseUrl + "/cctv/detail/64fea065acbef66fd5476494/create", failureHandling): Navigate to 'https://monitoring.pssi-dev.kecilin.id/cctv/detail/64fea065acbef66fd5476494/create' successfully

29-12-2023T11:21:05 - [MESSAGE][PASSED] - Navigate to 'https://monitoring.pssi-dev.kecilin.id/cctv/detail/64fea065acbef66fd5476494/create' successfully

29-12-2023T11:21:05 - [TEST_STEP][PASSED] - if (verifyElementPresent(findTestObject("Page_Add new CCTV/CCTV Breadcrumb"), 0, failureHandling)): null

29-12-2023T11:21:05 - [MESSAGE][WARNING] - Timeout '0' is invalid. Using default page load timeout: '30'

29-12-2023T11:21:06 - [MESSAGE][PASSED] - Object 'Object Repository/Page_Add new CCTV/CCTV Breadcrumb' is present

29-12-2023T11:21:06 - [TEST_STEP][PASSED] - verifyElementClickable(findTestObject("Page_Add new CCTV/CCTV Breadcrumb")): Object 'Object Repository/Page_Add new CCTV/CCTV Breadcrumb' is clickable

29-12-2023T11:21:06 - [MESSAGE][PASSED] - Object 'Object Repository/Page_Add new CCTV/CCTV Breadcrumb' is clickable

29-12-2023T11:21:06 - [TEST_STEP][PASSED] - click(findTestObject("Page_Add new CCTV/CCTV Breadcrumb")): Object: 'Object Repository/Page_Add new CCTV/CCTV Breadcrumb' is clicked on

29-12-2023T11:21:07 - [MESSAGE][PASSED] - Object: 'Object Repository/Page_Add new CCTV/CCTV Breadcrumb' is clicked on

29-12-2023T11:21:07 - [TEST_STEP][PASSED] - if (verifyElementPresent(findTestObject("Page_CCTV/CCTV Table Title"), 0, failureHandling)): Test passed because user can navigate through breadcrumb

29-12-2023T11:21:07 - [MESSAGE][WARNING] - Timeout '0' is invalid. Using default page load timeout: '30'

29-12-2023T11:21:08 - [MESSAGE][PASSED] - Object 'Object Repository/Page_CCTV/CCTV Table Title' is present

29-12-2023T11:21:08 - [TEST_STEP][PASSED] - markPassed("Test passed because user can navigate through breadcrumb"): Test passed because user can navigate through breadcrumb

29-12-2023T11:21:08 - [MESSAGE][PASSED] - Test passed because user can navigate through breadcrumb

29-12-2023T11:21:08 - [TEST_STEP][PASSED] - navigateToUrl(baseUrl + "/cctv/detail/64fea065acbef66fd5476494/create", failureHandling): Navigate to 'https://monitoring.pssi-dev.kecilin.id/cctv/detail/64fea065acbef66fd5476494/create' successfully

29-12-2023T11:21:08 - [MESSAGE][PASSED] - Navigate to 'https://monitoring.pssi-dev.kecilin.id/cctv/detail/64fea065acbef66fd5476494/create' successfully

29-12-2023T11:21:08 - [TEST_STEP][PASSED] - if (verifyElementPresent(findTestObject("Page_CCTV/Stadium Breadcrumb"), 0, failureHandling)): null

29-12-2023T11:21:08 - [MESSAGE][WARNING] - Timeout '0' is invalid. Using default page load timeout: '30'

29-12-2023T11:21:09 - [MESSAGE][PASSED] - Object 'Object Repository/Page_CCTV/Stadium Breadcrumb' is present

29-12-2023T11:21:09 - [TEST_STEP][PASSED] - verifyElementClickable(findTestObject("Page_CCTV/Stadium Breadcrumb")): Object 'Object Repository/Page_CCTV/Stadium Breadcrumb' is clickable

29-12-2023T11:21:09 - [MESSAGE][PASSED] - Object 'Object Repository/Page_CCTV/Stadium Breadcrumb' is clickable

29-12-2023T11:21:09 - [TEST_STEP][PASSED] - click(findTestObject("Page_CCTV/Stadium Breadcrumb")): Object: 'Object Repository/Page_CCTV/Stadium Breadcrumb' is clicked on

29-12-2023T11:21:10 - [MESSAGE][PASSED] - Object: 'Object Repository/Page_CCTV/Stadium Breadcrumb' is clicked on

29-12-2023T11:21:10 - [TEST_STEP][PASSED] - if (verifyElementPresent(findTestObject("Page_Stadium/Stadium Table Title"), 0, failureHandling)): Test passed because user can navigate through breadcrumb

29-12-2023T11:21:10 - [MESSAGE][WARNING] - Timeout '0' is invalid. Using default page load timeout: '30'

29-12-2023T11:21:10 - [MESSAGE][PASSED] - Object 'Object Repository/Page_Stadium/Stadium Table Title' is present

29-12-2023T11:21:10 - [TEST_STEP][PASSED] - markPassed("Test passed because user can navigate through breadcrumb"): Test passed because user can navigate through breadcrumb

29-12-2023T11:21:10 - [MESSAGE][PASSED] - Test passed because user can navigate through breadcrumb

29-12-2023T11:21:10 - [TEST_STEP][PASSED] - closeBrowser(): Browser is closed

29-12-2023T11:21:11 - [MESSAGE][PASSED] - Browser is closed]]></system-out>
         <system-err><![CDATA[]]></system-err>
      </testcase>
      <testcase name="Test Cases/Offline PSSI Dashboard Function/Create BE CCTV Data/Breadcrumb Navigation/PSSIBreadcrumbInCCTVLogs" time="11.368" classname="Test Cases/Offline PSSI Dashboard Function/Create BE CCTV Data/Breadcrumb Navigation/PSSIBreadcrumbInCCTVLogs" status="FAILED">
         <failure type="FAILED" message="Test Cases/Offline PSSI Dashboard Function/Create BE CCTV Data/Breadcrumb Navigation/PSSIBreadcrumbInCCTVLogs FAILED.&#xa;Reason:&#xa;com.kms.katalon.core.exception.StepFailedException: Unable to click on object&#xa;	at com.kms.katalon.core.webui.keyword.internal.WebUIKeywordMain.stepFailed(WebUIKeywordMain.groovy:64)&#xa;	at com.kms.katalon.core.webui.keyword.internal.WebUIKeywordMain.runKeyword(WebUIKeywordMain.groovy:26)&#xa;	at com.kms.katalon.core.webui.keyword.builtin.ClickKeyword.click(ClickKeyword.groovy:74)&#xa;	at com.kms.katalon.core.webui.keyword.builtin.ClickKeyword.execute(ClickKeyword.groovy:40)&#xa;	at com.kms.katalon.core.keyword.internal.KeywordExecutor.executeKeywordForPlatform(KeywordExecutor.groovy:74)&#xa;	at com.kms.katalon.core.webui.keyword.WebUiBuiltInKeywords.click(WebUiBuiltInKeywords.groovy:659)&#xa;	at PSSIBreadcrumbInCCTVLogs.run(PSSIBreadcrumbInCCTVLogs:48)&#xa;	at com.kms.katalon.core.main.ScriptEngine.run(ScriptEngine.java:194)&#xa;	at com.kms.katalon.core.main.ScriptEngine.runScriptAsRawText(ScriptEngine.java:119)&#xa;	at com.kms.katalon.core.main.TestCaseExecutor.runScript(TestCaseExecutor.java:448)&#xa;	at com.kms.katalon.core.main.TestCaseExecutor.doExecute(TestCaseExecutor.java:439)&#xa;	at com.kms.katalon.core.main.TestCaseExecutor.processExecutionPhase(TestCaseExecutor.java:418)&#xa;	at com.kms.katalon.core.main.TestCaseExecutor.accessMainPhase(TestCaseExecutor.java:410)&#xa;	at com.kms.katalon.core.main.TestCaseExecutor.execute(TestCaseExecutor.java:285)&#xa;	at com.kms.katalon.core.common.CommonExecutor.accessTestCaseMainPhase(CommonExecutor.java:65)&#xa;	at com.kms.katalon.core.main.TestSuiteExecutor.accessTestSuiteMainPhase(TestSuiteExecutor.java:148)&#xa;	at com.kms.katalon.core.main.TestSuiteExecutor.execute(TestSuiteExecutor.java:106)&#xa;	at com.kms.katalon.core.main.TestCaseMain.startTestSuite(TestCaseMain.java:180)&#xa;	at TempTestSuite1703823531334.run(TempTestSuite1703823531334.groovy:36)&#xa;	at java.base/jdk.internal.reflect.NativeMethodAccessorImpl.invoke0(Native Method)&#xa;	at java.base/jdk.internal.reflect.NativeMethodAccessorImpl.invoke(NativeMethodAccessorImpl.java:77)&#xa;	at java.base/jdk.internal.reflect.DelegatingMethodAccessorImpl.invoke(DelegatingMethodAccessorImpl.java:43)&#xa;Caused by: java.lang.IllegalArgumentException: Object is null&#xa;	at com.kms.katalon.core.helper.KeywordHelper.checkTestObjectParameter(KeywordHelper.java:33)&#xa;	at com.kms.katalon.core.webui.keyword.builtin.ClickKeyword$_click_closure1.doCall(ClickKeyword.groovy:62)&#xa;	at com.kms.katalon.core.webui.keyword.builtin.ClickKeyword$_click_closure1.call(ClickKeyword.groovy)&#xa;	at com.kms.katalon.core.webui.keyword.internal.WebUIKeywordMain.runKeyword(WebUIKeywordMain.groovy:20)&#xa;	... 20 more&#xa;"/>
         <system-out><![CDATA[29-12-2023T11:21:11 - [TEST_CASE][FAILED] - Test Cases/Offline PSSI Dashboard Function/Create BE CCTV Data/Breadcrumb Navigation/PSSIBreadcrumbInCCTVLogs: Test Cases/Offline PSSI Dashboard Function/Create BE CCTV Data/Breadcrumb Navigation/PSSIBreadcrumbInCCTVLogs FAILED.
Reason:
com.kms.katalon.core.exception.StepFailedException: Unable to click on object
	at com.kms.katalon.core.webui.keyword.internal.WebUIKeywordMain.stepFailed(WebUIKeywordMain.groovy:64)
	at com.kms.katalon.core.webui.keyword.internal.WebUIKeywordMain.runKeyword(WebUIKeywordMain.groovy:26)
	at com.kms.katalon.core.webui.keyword.builtin.ClickKeyword.click(ClickKeyword.groovy:74)
	at com.kms.katalon.core.webui.keyword.builtin.ClickKeyword.execute(ClickKeyword.groovy:40)
	at com.kms.katalon.core.keyword.internal.KeywordExecutor.executeKeywordForPlatform(KeywordExecutor.groovy:74)
	at com.kms.katalon.core.webui.keyword.WebUiBuiltInKeywords.click(WebUiBuiltInKeywords.groovy:659)
	at PSSIBreadcrumbInCCTVLogs.run(PSSIBreadcrumbInCCTVLogs:48)
	at com.kms.katalon.core.main.ScriptEngine.run(ScriptEngine.java:194)
	at com.kms.katalon.core.main.ScriptEngine.runScriptAsRawText(ScriptEngine.java:119)
	at com.kms.katalon.core.main.TestCaseExecutor.runScript(TestCaseExecutor.java:448)
	at com.kms.katalon.core.main.TestCaseExecutor.doExecute(TestCaseExecutor.java:439)
	at com.kms.katalon.core.main.TestCaseExecutor.processExecutionPhase(TestCaseExecutor.java:418)
	at com.kms.katalon.core.main.TestCaseExecutor.accessMainPhase(TestCaseExecutor.java:410)
	at com.kms.katalon.core.main.TestCaseExecutor.execute(TestCaseExecutor.java:285)
	at com.kms.katalon.core.common.CommonExecutor.accessTestCaseMainPhase(CommonExecutor.java:65)
	at com.kms.katalon.core.main.TestSuiteExecutor.accessTestSuiteMainPhase(TestSuiteExecutor.java:148)
	at com.kms.katalon.core.main.TestSuiteExecutor.execute(TestSuiteExecutor.java:106)
	at com.kms.katalon.core.main.TestCaseMain.startTestSuite(TestCaseMain.java:180)
	at TempTestSuite1703823531334.run(TempTestSuite1703823531334.groovy:36)
	at java.base/jdk.internal.reflect.NativeMethodAccessorImpl.invoke0(Native Method)
	at java.base/jdk.internal.reflect.NativeMethodAccessorImpl.invoke(NativeMethodAccessorImpl.java:77)
	at java.base/jdk.internal.reflect.DelegatingMethodAccessorImpl.invoke(DelegatingMethodAccessorImpl.java:43)
Caused by: java.lang.IllegalArgumentException: Object is null
	at com.kms.katalon.core.helper.KeywordHelper.checkTestObjectParameter(KeywordHelper.java:33)
	at com.kms.katalon.core.webui.keyword.builtin.ClickKeyword$_click_closure1.doCall(ClickKeyword.groovy:62)
	at com.kms.katalon.core.webui.keyword.builtin.ClickKeyword$_click_closure1.call(ClickKeyword.groovy)
	at com.kms.katalon.core.webui.keyword.internal.WebUIKeywordMain.runKeyword(WebUIKeywordMain.groovy:20)
	... 20 more


29-12-2023T11:21:11 - [TEST_STEP][PASSED] - failureHandling = STOP_ON_FAILURE: null

29-12-2023T11:21:11 - [TEST_STEP][PASSED] - baseUrl = offline_pssi_dashboard_url: null

29-12-2023T11:21:11 - [TEST_STEP][PASSED] - callTestCase(findTestCase("Offline PSSI Dashboard Function/Create BE CCTV Data/View CCTV Table/PSSIViewCCTVData"), [:], failureHandling): Call Test Case 'Test Cases/Offline PSSI Dashboard Function/Create BE CCTV Data/View CCTV Table/PSSIViewCCTVData' successfully

29-12-2023T11:21:11 - [TEST_CASE][PASSED] - Test Cases/Offline PSSI Dashboard Function/Create BE CCTV Data/View CCTV Table/PSSIViewCCTVData: Test Cases/Offline PSSI Dashboard Function/Create BE CCTV Data/View CCTV Table/PSSIViewCCTVData

29-12-2023T11:21:11 - [TEST_STEP][PASSED] - failureHandling = STOP_ON_FAILURE: null

29-12-2023T11:21:11 - [TEST_STEP][PASSED] - baseUrl = offline_pssi_dashboard_url: null

29-12-2023T11:21:11 - [TEST_STEP][PASSED] - callTestCase(findTestCase("Offline PSSI Dashboard Function/Create BE CCTV Data/View Stadium/PSSIViewStadiumData"), [:], failureHandling): Call Test Case 'Test Cases/Offline PSSI Dashboard Function/Create BE CCTV Data/View Stadium/PSSIViewStadiumData' successfully

29-12-2023T11:21:11 - [TEST_CASE][PASSED] - Test Cases/Offline PSSI Dashboard Function/Create BE CCTV Data/View Stadium/PSSIViewStadiumData: Test Cases/Offline PSSI Dashboard Function/Create BE CCTV Data/View Stadium/PSSIViewStadiumData

29-12-2023T11:21:11 - [TEST_STEP][PASSED] - failureHandling = STOP_ON_FAILURE: null

29-12-2023T11:21:11 - [TEST_STEP][PASSED] - baseUrl = offline_pssi_dashboard_url: null

29-12-2023T11:21:11 - [TEST_STEP][PASSED] - callTestCase(findTestCase("Offline PSSI Dashboard Function/Create BE CCTV Data/Sign In/PSSISignInValidData"), [:], failureHandling): Call Test Case 'Test Cases/Offline PSSI Dashboard Function/Create BE CCTV Data/Sign In/PSSISignInValidData' successfully

29-12-2023T11:21:11 - [TEST_CASE][PASSED] - Test Cases/Offline PSSI Dashboard Function/Create BE CCTV Data/Sign In/PSSISignInValidData: Test Cases/Offline PSSI Dashboard Function/Create BE CCTV Data/Sign In/PSSISignInValidData

29-12-2023T11:21:11 - [TEST_STEP][PASSED] - failureHandling = STOP_ON_FAILURE: null

29-12-2023T11:21:11 - [TEST_STEP][PASSED] - baseUrl = offline_pssi_dashboard_url: null

29-12-2023T11:21:11 - [TEST_STEP][PASSED] - openBrowser(""): Browser is opened with url: ''

29-12-2023T11:21:11 - [MESSAGE][INFO] - Starting 'Chrome' driver

29-12-2023T11:21:11 - [MESSAGE][INFO] - Action delay is set to 0 milliseconds

29-12-2023T11:21:12 - [MESSAGE][PASSED] - Browser is opened with url: ''

29-12-2023T11:21:12 - [TEST_STEP][PASSED] - navigateToUrl(baseUrl): Navigate to 'https://monitoring.pssi-dev.kecilin.id' successfully

29-12-2023T11:21:13 - [MESSAGE][PASSED] - Navigate to 'https://monitoring.pssi-dev.kecilin.id' successfully

29-12-2023T11:21:13 - [TEST_STEP][PASSED] - maximizeWindow(): Current window maximized

29-12-2023T11:21:13 - [MESSAGE][PASSED] - Current window maximized

29-12-2023T11:21:13 - [TEST_STEP][PASSED] - setText(findTestObject("Object Repository/Page_Login/input_email"), "superadmin@app.com"): Text 'superadmin@app.com' is set on object 'Object Repository/Page_Login/input_email'

29-12-2023T11:21:14 - [MESSAGE][PASSED] - Text 'superadmin@app.com' is set on object 'Object Repository/Page_Login/input_email'

29-12-2023T11:21:14 - [TEST_STEP][PASSED] - setEncryptedText(findTestObject("Object Repository/Page_Login/input_password"), "8SQVv/p9jVScEs4/2CZsLw=="): Text ****** has been set on object 'Object Repository/Page_Login/input_password'

29-12-2023T11:21:15 - [MESSAGE][PASSED] - Text ****** has been set on object 'Object Repository/Page_Login/input_password'

29-12-2023T11:21:15 - [TEST_STEP][PASSED] - click(findTestObject("Object Repository/Page_Login/button_Sign In")): Object: 'Object Repository/Page_Login/button_Sign In' is clicked on

29-12-2023T11:21:17 - [MESSAGE][PASSED] - Object: 'Object Repository/Page_Login/button_Sign In' is clicked on

29-12-2023T11:21:17 - [MESSAGE][PASSED] - Call Test Case 'Test Cases/Offline PSSI Dashboard Function/Create BE CCTV Data/Sign In/PSSISignInValidData' successfully

29-12-2023T11:21:17 - [TEST_STEP][PASSED] - navigateToUrl(baseUrl + "/cctv/stadion", failureHandling): Navigate to 'https://monitoring.pssi-dev.kecilin.id/cctv/stadion' successfully

29-12-2023T11:21:17 - [MESSAGE][PASSED] - Navigate to 'https://monitoring.pssi-dev.kecilin.id/cctv/stadion' successfully

29-12-2023T11:21:17 - [MESSAGE][PASSED] - Call Test Case 'Test Cases/Offline PSSI Dashboard Function/Create BE CCTV Data/View Stadium/PSSIViewStadiumData' successfully

29-12-2023T11:21:17 - [TEST_STEP][PASSED] - navigateToUrl(baseUrl + "/cctv/detail/64fea065acbef66fd5476494", failureHandling): Navigate to 'https://monitoring.pssi-dev.kecilin.id/cctv/detail/64fea065acbef66fd5476494' successfully

29-12-2023T11:21:18 - [MESSAGE][PASSED] - Navigate to 'https://monitoring.pssi-dev.kecilin.id/cctv/detail/64fea065acbef66fd5476494' successfully

29-12-2023T11:21:18 - [MESSAGE][PASSED] - Call Test Case 'Test Cases/Offline PSSI Dashboard Function/Create BE CCTV Data/View CCTV Table/PSSIViewCCTVData' successfully

29-12-2023T11:21:18 - [TEST_STEP][PASSED] - navigateToUrl(baseUrl + "/cctv/cctv_log/658be0a112ca78ff5334de2d", failureHandling): Navigate to 'https://monitoring.pssi-dev.kecilin.id/cctv/cctv_log/658be0a112ca78ff5334de2d' successfully

29-12-2023T11:21:18 - [MESSAGE][PASSED] - Navigate to 'https://monitoring.pssi-dev.kecilin.id/cctv/cctv_log/658be0a112ca78ff5334de2d' successfully

29-12-2023T11:21:18 - [TEST_STEP][PASSED] - if (verifyElementPresent(findTestObject("Page_Add new CCTV/CCTV Breadcrumb"), 0, failureHandling)): null

29-12-2023T11:21:18 - [MESSAGE][WARNING] - Timeout '0' is invalid. Using default page load timeout: '30'

29-12-2023T11:21:18 - [MESSAGE][PASSED] - Object 'Object Repository/Page_Add new CCTV/CCTV Breadcrumb' is present

29-12-2023T11:21:18 - [TEST_STEP][PASSED] - verifyElementClickable(findTestObject("Page_Add new CCTV/CCTV Breadcrumb"), failureHandling): Object 'Object Repository/Page_Add new CCTV/CCTV Breadcrumb' is clickable

29-12-2023T11:21:19 - [MESSAGE][PASSED] - Object 'Object Repository/Page_Add new CCTV/CCTV Breadcrumb' is clickable

29-12-2023T11:21:19 - [TEST_STEP][PASSED] - click(findTestObject("Page_Add new CCTV/CCTV Breadcrumb"), failureHandling): Object: 'Object Repository/Page_Add new CCTV/CCTV Breadcrumb' is clicked on

29-12-2023T11:21:20 - [MESSAGE][PASSED] - Object: 'Object Repository/Page_Add new CCTV/CCTV Breadcrumb' is clicked on

29-12-2023T11:21:20 - [TEST_STEP][PASSED] - if (verifyTextPresent("CCTV Data", false)): Test passed because user can navigate through breadcrumb

29-12-2023T11:21:20 - [MESSAGE][PASSED] - Text 'CCTV Data' is present on page 

29-12-2023T11:21:20 - [TEST_STEP][PASSED] - markPassed("Test passed because user can navigate through breadcrumb"): Test passed because user can navigate through breadcrumb

29-12-2023T11:21:20 - [MESSAGE][PASSED] - Test passed because user can navigate through breadcrumb

29-12-2023T11:21:20 - [TEST_STEP][PASSED] - navigateToUrl(baseUrl + "/cctv/cctv_log/658be0a112ca78ff5334de2d", failureHandling): Navigate to 'https://monitoring.pssi-dev.kecilin.id/cctv/cctv_log/658be0a112ca78ff5334de2d' successfully

29-12-2023T11:21:21 - [MESSAGE][PASSED] - Navigate to 'https://monitoring.pssi-dev.kecilin.id/cctv/cctv_log/658be0a112ca78ff5334de2d' successfully

29-12-2023T11:21:21 - [TEST_STEP][PASSED] - if (verifyElementPresent(findTestObject("Page_CCTV/Stadium Breadcrumb"), 0, failureHandling)): Unable to click on object (Root cause: com.kms.katalon.core.exception.StepFailedException: Unable to click on object
	at com.kms.katalon.core.webui.keyword.internal.WebUIKeywordMain.stepFailed(WebUIKeywordMain.groovy:64)
	at com.kms.katalon.core.webui.keyword.internal.WebUIKeywordMain.runKeyword(WebUIKeywordMain.groovy:26)
	at com.kms.katalon.core.webui.keyword.builtin.ClickKeyword.click(ClickKeyword.groovy:74)
	at com.kms.katalon.core.webui.keyword.builtin.ClickKeyword.execute(ClickKeyword.groovy:40)
	at com.kms.katalon.core.keyword.internal.KeywordExecutor.executeKeywordForPlatform(KeywordExecutor.groovy:74)
	at com.kms.katalon.core.webui.keyword.WebUiBuiltInKeywords.click(WebUiBuiltInKeywords.groovy:659)
	at PSSIBreadcrumbInCCTVLogs.run(PSSIBreadcrumbInCCTVLogs:48)
	at com.kms.katalon.core.main.ScriptEngine.run(ScriptEngine.java:194)
	at com.kms.katalon.core.main.ScriptEngine.runScriptAsRawText(ScriptEngine.java:119)
	at com.kms.katalon.core.main.TestCaseExecutor.runScript(TestCaseExecutor.java:448)
	at com.kms.katalon.core.main.TestCaseExecutor.doExecute(TestCaseExecutor.java:439)
	at com.kms.katalon.core.main.TestCaseExecutor.processExecutionPhase(TestCaseExecutor.java:418)
	at com.kms.katalon.core.main.TestCaseExecutor.accessMainPhase(TestCaseExecutor.java:410)
	at com.kms.katalon.core.main.TestCaseExecutor.execute(TestCaseExecutor.java:285)
	at com.kms.katalon.core.common.CommonExecutor.accessTestCaseMainPhase(CommonExecutor.java:65)
	at com.kms.katalon.core.main.TestSuiteExecutor.accessTestSuiteMainPhase(TestSuiteExecutor.java:148)
	at com.kms.katalon.core.main.TestSuiteExecutor.execute(TestSuiteExecutor.java:106)
	at com.kms.katalon.core.main.TestCaseMain.startTestSuite(TestCaseMain.java:180)
	at TempTestSuite1703823531334.run(TempTestSuite1703823531334.groovy:36)
	at java.base/jdk.internal.reflect.NativeMethodAccessorImpl.invoke0(Native Method)
	at java.base/jdk.internal.reflect.NativeMethodAccessorImpl.invoke(NativeMethodAccessorImpl.java:77)
	at java.base/jdk.internal.reflect.DelegatingMethodAccessorImpl.invoke(DelegatingMethodAccessorImpl.java:43)
Caused by: java.lang.IllegalArgumentException: Object is null
	at com.kms.katalon.core.helper.KeywordHelper.checkTestObjectParameter(KeywordHelper.java:33)
	at com.kms.katalon.core.webui.keyword.builtin.ClickKeyword$_click_closure1.doCall(ClickKeyword.groovy:62)
	at com.kms.katalon.core.webui.keyword.builtin.ClickKeyword$_click_closure1.call(ClickKeyword.groovy)
	at com.kms.katalon.core.webui.keyword.internal.WebUIKeywordMain.runKeyword(WebUIKeywordMain.groovy:20)
	at com.kms.katalon.core.webui.keyword.builtin.ClickKeyword.click(ClickKeyword.groovy:74)
	at com.kms.katalon.core.webui.keyword.builtin.ClickKeyword.execute(ClickKeyword.groovy:40)
	at com.kms.katalon.core.keyword.internal.KeywordExecutor.executeKeywordForPlatform(KeywordExecutor.groovy:74)
	at com.kms.katalon.core.webui.keyword.WebUiBuiltInKeywords.click(WebUiBuiltInKeywords.groovy:659)
	at Script1703759071088.run(Script1703759071088.groovy:48)
	... 15 more
)

29-12-2023T11:21:21 - [MESSAGE][WARNING] - Timeout '0' is invalid. Using default page load timeout: '30'

29-12-2023T11:21:21 - [MESSAGE][PASSED] - Object 'Object Repository/Page_CCTV/Stadium Breadcrumb' is present

29-12-2023T11:21:21 - [TEST_STEP][PASSED] - verifyElementClickable(findTestObject("Page_CCTV/Stadium Breadcrumb")): Object 'Object Repository/Page_CCTV/Stadium Breadcrumb' is clickable

29-12-2023T11:21:22 - [MESSAGE][PASSED] - Object 'Object Repository/Page_CCTV/Stadium Breadcrumb' is clickable

29-12-2023T11:21:22 - [TEST_STEP][FAILED] - click(findTestObject("Page_Add new CCTV/Stadium Breadcrumb")): Unable to click on object (Root cause: com.kms.katalon.core.exception.StepFailedException: Unable to click on object
	at com.kms.katalon.core.webui.keyword.internal.WebUIKeywordMain.stepFailed(WebUIKeywordMain.groovy:64)
	at com.kms.katalon.core.webui.keyword.internal.WebUIKeywordMain.runKeyword(WebUIKeywordMain.groovy:26)
	at com.kms.katalon.core.webui.keyword.builtin.ClickKeyword.click(ClickKeyword.groovy:74)
	at com.kms.katalon.core.webui.keyword.builtin.ClickKeyword.execute(ClickKeyword.groovy:40)
	at com.kms.katalon.core.keyword.internal.KeywordExecutor.executeKeywordForPlatform(KeywordExecutor.groovy:74)
	at com.kms.katalon.core.webui.keyword.WebUiBuiltInKeywords.click(WebUiBuiltInKeywords.groovy:659)
	at PSSIBreadcrumbInCCTVLogs.run(PSSIBreadcrumbInCCTVLogs:48)
	at com.kms.katalon.core.main.ScriptEngine.run(ScriptEngine.java:194)
	at com.kms.katalon.core.main.ScriptEngine.runScriptAsRawText(ScriptEngine.java:119)
	at com.kms.katalon.core.main.TestCaseExecutor.runScript(TestCaseExecutor.java:448)
	at com.kms.katalon.core.main.TestCaseExecutor.doExecute(TestCaseExecutor.java:439)
	at com.kms.katalon.core.main.TestCaseExecutor.processExecutionPhase(TestCaseExecutor.java:418)
	at com.kms.katalon.core.main.TestCaseExecutor.accessMainPhase(TestCaseExecutor.java:410)
	at com.kms.katalon.core.main.TestCaseExecutor.execute(TestCaseExecutor.java:285)
	at com.kms.katalon.core.common.CommonExecutor.accessTestCaseMainPhase(CommonExecutor.java:65)
	at com.kms.katalon.core.main.TestSuiteExecutor.accessTestSuiteMainPhase(TestSuiteExecutor.java:148)
	at com.kms.katalon.core.main.TestSuiteExecutor.execute(TestSuiteExecutor.java:106)
	at com.kms.katalon.core.main.TestCaseMain.startTestSuite(TestCaseMain.java:180)
	at TempTestSuite1703823531334.run(TempTestSuite1703823531334.groovy:36)
	at java.base/jdk.internal.reflect.NativeMethodAccessorImpl.invoke0(Native Method)
	at java.base/jdk.internal.reflect.NativeMethodAccessorImpl.invoke(NativeMethodAccessorImpl.java:77)
	at java.base/jdk.internal.reflect.DelegatingMethodAccessorImpl.invoke(DelegatingMethodAccessorImpl.java:43)
Caused by: java.lang.IllegalArgumentException: Object is null
	at com.kms.katalon.core.helper.KeywordHelper.checkTestObjectParameter(KeywordHelper.java:33)
	at com.kms.katalon.core.webui.keyword.builtin.ClickKeyword$_click_closure1.doCall(ClickKeyword.groovy:62)
	at com.kms.katalon.core.webui.keyword.builtin.ClickKeyword$_click_closure1.call(ClickKeyword.groovy)
	at com.kms.katalon.core.webui.keyword.internal.WebUIKeywordMain.runKeyword(WebUIKeywordMain.groovy:20)
	at com.kms.katalon.core.webui.keyword.builtin.ClickKeyword.click(ClickKeyword.groovy:74)
	at com.kms.katalon.core.webui.keyword.builtin.ClickKeyword.execute(ClickKeyword.groovy:40)
	at com.kms.katalon.core.keyword.internal.KeywordExecutor.executeKeywordForPlatform(KeywordExecutor.groovy:74)
	at com.kms.katalon.core.webui.keyword.WebUiBuiltInKeywords.click(WebUiBuiltInKeywords.groovy:659)
	at Script1703759071088.run(Script1703759071088.groovy:48)
	... 15 more
)

29-12-2023T11:21:22 - [MESSAGE][WARNING] - Test object with id 'Object Repository/Page_Add new CCTV/Stadium Breadcrumb' does not exist

29-12-2023T11:21:22 - [MESSAGE][WARNING] - Test object with id 'Object Repository/' does not exist

29-12-2023T11:21:22 - [MESSAGE][FAILED] - Unable to click on object (Root cause: com.kms.katalon.core.exception.StepFailedException: Unable to click on object
	at com.kms.katalon.core.webui.keyword.internal.WebUIKeywordMain.stepFailed(WebUIKeywordMain.groovy:64)
	at com.kms.katalon.core.webui.keyword.internal.WebUIKeywordMain.runKeyword(WebUIKeywordMain.groovy:26)
	at com.kms.katalon.core.webui.keyword.builtin.ClickKeyword.click(ClickKeyword.groovy:74)
	at com.kms.katalon.core.webui.keyword.builtin.ClickKeyword.execute(ClickKeyword.groovy:40)
	at com.kms.katalon.core.keyword.internal.KeywordExecutor.executeKeywordForPlatform(KeywordExecutor.groovy:74)
	at com.kms.katalon.core.webui.keyword.WebUiBuiltInKeywords.click(WebUiBuiltInKeywords.groovy:659)
	at PSSIBreadcrumbInCCTVLogs.run(PSSIBreadcrumbInCCTVLogs:48)
	at com.kms.katalon.core.main.ScriptEngine.run(ScriptEngine.java:194)
	at com.kms.katalon.core.main.ScriptEngine.runScriptAsRawText(ScriptEngine.java:119)
	at com.kms.katalon.core.main.TestCaseExecutor.runScript(TestCaseExecutor.java:448)
	at com.kms.katalon.core.main.TestCaseExecutor.doExecute(TestCaseExecutor.java:439)
	at com.kms.katalon.core.main.TestCaseExecutor.processExecutionPhase(TestCaseExecutor.java:418)
	at com.kms.katalon.core.main.TestCaseExecutor.accessMainPhase(TestCaseExecutor.java:410)
	at com.kms.katalon.core.main.TestCaseExecutor.execute(TestCaseExecutor.java:285)
	at com.kms.katalon.core.common.CommonExecutor.accessTestCaseMainPhase(CommonExecutor.java:65)
	at com.kms.katalon.core.main.TestSuiteExecutor.accessTestSuiteMainPhase(TestSuiteExecutor.java:148)
	at com.kms.katalon.core.main.TestSuiteExecutor.execute(TestSuiteExecutor.java:106)
	at com.kms.katalon.core.main.TestCaseMain.startTestSuite(TestCaseMain.java:180)
	at TempTestSuite1703823531334.run(TempTestSuite1703823531334.groovy:36)
	at java.base/jdk.internal.reflect.NativeMethodAccessorImpl.invoke0(Native Method)
	at java.base/jdk.internal.reflect.NativeMethodAccessorImpl.invoke(NativeMethodAccessorImpl.java:77)
	at java.base/jdk.internal.reflect.DelegatingMethodAccessorImpl.invoke(DelegatingMethodAccessorImpl.java:43)
Caused by: java.lang.IllegalArgumentException: Object is null
	at com.kms.katalon.core.helper.KeywordHelper.checkTestObjectParameter(KeywordHelper.java:33)
	at com.kms.katalon.core.webui.keyword.builtin.ClickKeyword$_click_closure1.doCall(ClickKeyword.groovy:62)
	at com.kms.katalon.core.webui.keyword.builtin.ClickKeyword$_click_closure1.call(ClickKeyword.groovy)
	at com.kms.katalon.core.webui.keyword.internal.WebUIKeywordMain.runKeyword(WebUIKeywordMain.groovy:20)
	at com.kms.katalon.core.webui.keyword.builtin.ClickKeyword.click(ClickKeyword.groovy:74)
	at com.kms.katalon.core.webui.keyword.builtin.ClickKeyword.execute(ClickKeyword.groovy:40)
	at com.kms.katalon.core.keyword.internal.KeywordExecutor.executeKeywordForPlatform(KeywordExecutor.groovy:74)
	at com.kms.katalon.core.webui.keyword.WebUiBuiltInKeywords.click(WebUiBuiltInKeywords.groovy:659)
	at Script1703759071088.run(Script1703759071088.groovy:48)
	... 15 more
)
[[ATTACHMENT|C:\\Users\\USER\\git\\Kecilin-Automation-Test\\Reports\\20231229_111847\\Create BE CCTV Data\\Breadcrumb Navigation Test Suite\\20231229_111851\\1703823682291.png]]]]></system-out>
         <system-err><![CDATA[29-12-2023T11:21:11 - [TEST_CASE][FAILED] - Test Cases/Offline PSSI Dashboard Function/Create BE CCTV Data/Breadcrumb Navigation/PSSIBreadcrumbInCCTVLogs: Test Cases/Offline PSSI Dashboard Function/Create BE CCTV Data/Breadcrumb Navigation/PSSIBreadcrumbInCCTVLogs FAILED.
Reason:
com.kms.katalon.core.exception.StepFailedException: Unable to click on object
	at com.kms.katalon.core.webui.keyword.internal.WebUIKeywordMain.stepFailed(WebUIKeywordMain.groovy:64)
	at com.kms.katalon.core.webui.keyword.internal.WebUIKeywordMain.runKeyword(WebUIKeywordMain.groovy:26)
	at com.kms.katalon.core.webui.keyword.builtin.ClickKeyword.click(ClickKeyword.groovy:74)
	at com.kms.katalon.core.webui.keyword.builtin.ClickKeyword.execute(ClickKeyword.groovy:40)
	at com.kms.katalon.core.keyword.internal.KeywordExecutor.executeKeywordForPlatform(KeywordExecutor.groovy:74)
	at com.kms.katalon.core.webui.keyword.WebUiBuiltInKeywords.click(WebUiBuiltInKeywords.groovy:659)
	at PSSIBreadcrumbInCCTVLogs.run(PSSIBreadcrumbInCCTVLogs:48)
	at com.kms.katalon.core.main.ScriptEngine.run(ScriptEngine.java:194)
	at com.kms.katalon.core.main.ScriptEngine.runScriptAsRawText(ScriptEngine.java:119)
	at com.kms.katalon.core.main.TestCaseExecutor.runScript(TestCaseExecutor.java:448)
	at com.kms.katalon.core.main.TestCaseExecutor.doExecute(TestCaseExecutor.java:439)
	at com.kms.katalon.core.main.TestCaseExecutor.processExecutionPhase(TestCaseExecutor.java:418)
	at com.kms.katalon.core.main.TestCaseExecutor.accessMainPhase(TestCaseExecutor.java:410)
	at com.kms.katalon.core.main.TestCaseExecutor.execute(TestCaseExecutor.java:285)
	at com.kms.katalon.core.common.CommonExecutor.accessTestCaseMainPhase(CommonExecutor.java:65)
	at com.kms.katalon.core.main.TestSuiteExecutor.accessTestSuiteMainPhase(TestSuiteExecutor.java:148)
	at com.kms.katalon.core.main.TestSuiteExecutor.execute(TestSuiteExecutor.java:106)
	at com.kms.katalon.core.main.TestCaseMain.startTestSuite(TestCaseMain.java:180)
	at TempTestSuite1703823531334.run(TempTestSuite1703823531334.groovy:36)
	at java.base/jdk.internal.reflect.NativeMethodAccessorImpl.invoke0(Native Method)
	at java.base/jdk.internal.reflect.NativeMethodAccessorImpl.invoke(NativeMethodAccessorImpl.java:77)
	at java.base/jdk.internal.reflect.DelegatingMethodAccessorImpl.invoke(DelegatingMethodAccessorImpl.java:43)
Caused by: java.lang.IllegalArgumentException: Object is null
	at com.kms.katalon.core.helper.KeywordHelper.checkTestObjectParameter(KeywordHelper.java:33)
	at com.kms.katalon.core.webui.keyword.builtin.ClickKeyword$_click_closure1.doCall(ClickKeyword.groovy:62)
	at com.kms.katalon.core.webui.keyword.builtin.ClickKeyword$_click_closure1.call(ClickKeyword.groovy)
	at com.kms.katalon.core.webui.keyword.internal.WebUIKeywordMain.runKeyword(WebUIKeywordMain.groovy:20)
	... 20 more]]></system-err>
      </testcase>
      <testcase name="Test Cases/Offline PSSI Dashboard Function/Create BE CCTV Data/Breadcrumb Navigation/PSSIBreadcrumbInCCTVPage" time="9.91" classname="Test Cases/Offline PSSI Dashboard Function/Create BE CCTV Data/Breadcrumb Navigation/PSSIBreadcrumbInCCTVPage" status="PASSED">
         <system-out><![CDATA[29-12-2023T11:21:22 - [TEST_CASE][PASSED] - Test Cases/Offline PSSI Dashboard Function/Create BE CCTV Data/Breadcrumb Navigation/PSSIBreadcrumbInCCTVPage: Test Cases/Offline PSSI Dashboard Function/Create BE CCTV Data/Breadcrumb Navigation/PSSIBreadcrumbInCCTVPage

29-12-2023T11:21:22 - [TEST_STEP][PASSED] - failureHandling = STOP_ON_FAILURE: null

29-12-2023T11:21:22 - [TEST_STEP][PASSED] - baseUrl = offline_pssi_dashboard_url: null

29-12-2023T11:21:22 - [TEST_STEP][PASSED] - callTestCase(findTestCase("Offline PSSI Dashboard Function/Create BE CCTV Data/View CCTV Table/PSSIViewCCTVData"), [:], failureHandling): Call Test Case 'Test Cases/Offline PSSI Dashboard Function/Create BE CCTV Data/View CCTV Table/PSSIViewCCTVData' successfully

29-12-2023T11:21:22 - [TEST_CASE][PASSED] - Test Cases/Offline PSSI Dashboard Function/Create BE CCTV Data/View CCTV Table/PSSIViewCCTVData: Test Cases/Offline PSSI Dashboard Function/Create BE CCTV Data/View CCTV Table/PSSIViewCCTVData

29-12-2023T11:21:22 - [TEST_STEP][PASSED] - failureHandling = STOP_ON_FAILURE: null

29-12-2023T11:21:22 - [TEST_STEP][PASSED] - baseUrl = offline_pssi_dashboard_url: null

29-12-2023T11:21:22 - [TEST_STEP][PASSED] - callTestCase(findTestCase("Offline PSSI Dashboard Function/Create BE CCTV Data/View Stadium/PSSIViewStadiumData"), [:], failureHandling): Call Test Case 'Test Cases/Offline PSSI Dashboard Function/Create BE CCTV Data/View Stadium/PSSIViewStadiumData' successfully

29-12-2023T11:21:22 - [TEST_CASE][PASSED] - Test Cases/Offline PSSI Dashboard Function/Create BE CCTV Data/View Stadium/PSSIViewStadiumData: Test Cases/Offline PSSI Dashboard Function/Create BE CCTV Data/View Stadium/PSSIViewStadiumData

29-12-2023T11:21:22 - [TEST_STEP][PASSED] - failureHandling = STOP_ON_FAILURE: null

29-12-2023T11:21:22 - [TEST_STEP][PASSED] - baseUrl = offline_pssi_dashboard_url: null

29-12-2023T11:21:22 - [TEST_STEP][PASSED] - callTestCase(findTestCase("Offline PSSI Dashboard Function/Create BE CCTV Data/Sign In/PSSISignInValidData"), [:], failureHandling): Call Test Case 'Test Cases/Offline PSSI Dashboard Function/Create BE CCTV Data/Sign In/PSSISignInValidData' successfully

29-12-2023T11:21:23 - [TEST_CASE][PASSED] - Test Cases/Offline PSSI Dashboard Function/Create BE CCTV Data/Sign In/PSSISignInValidData: Test Cases/Offline PSSI Dashboard Function/Create BE CCTV Data/Sign In/PSSISignInValidData

29-12-2023T11:21:23 - [TEST_STEP][PASSED] - failureHandling = STOP_ON_FAILURE: null

29-12-2023T11:21:23 - [TEST_STEP][PASSED] - baseUrl = offline_pssi_dashboard_url: null

29-12-2023T11:21:23 - [TEST_STEP][PASSED] - openBrowser(""): Browser is opened with url: ''

29-12-2023T11:21:23 - [MESSAGE][WARNING] - A browser is already opened. Closing browser and opening a new one

29-12-2023T11:21:23 - [MESSAGE][INFO] - Starting 'Chrome' driver

29-12-2023T11:21:23 - [MESSAGE][INFO] - Action delay is set to 0 milliseconds

29-12-2023T11:21:24 - [MESSAGE][PASSED] - Browser is opened with url: ''

29-12-2023T11:21:24 - [TEST_STEP][PASSED] - navigateToUrl(baseUrl): Navigate to 'https://monitoring.pssi-dev.kecilin.id' successfully

29-12-2023T11:21:25 - [MESSAGE][PASSED] - Navigate to 'https://monitoring.pssi-dev.kecilin.id' successfully

29-12-2023T11:21:25 - [TEST_STEP][PASSED] - maximizeWindow(): Current window maximized

29-12-2023T11:21:25 - [MESSAGE][PASSED] - Current window maximized

29-12-2023T11:21:25 - [TEST_STEP][PASSED] - setText(findTestObject("Object Repository/Page_Login/input_email"), "superadmin@app.com"): Text 'superadmin@app.com' is set on object 'Object Repository/Page_Login/input_email'

29-12-2023T11:21:26 - [MESSAGE][PASSED] - Text 'superadmin@app.com' is set on object 'Object Repository/Page_Login/input_email'

29-12-2023T11:21:26 - [TEST_STEP][PASSED] - setEncryptedText(findTestObject("Object Repository/Page_Login/input_password"), "8SQVv/p9jVScEs4/2CZsLw=="): Text ****** has been set on object 'Object Repository/Page_Login/input_password'

29-12-2023T11:21:27 - [MESSAGE][PASSED] - Text ****** has been set on object 'Object Repository/Page_Login/input_password'

29-12-2023T11:21:27 - [TEST_STEP][PASSED] - click(findTestObject("Object Repository/Page_Login/button_Sign In")): Object: 'Object Repository/Page_Login/button_Sign In' is clicked on

29-12-2023T11:21:28 - [MESSAGE][PASSED] - Object: 'Object Repository/Page_Login/button_Sign In' is clicked on

29-12-2023T11:21:28 - [MESSAGE][PASSED] - Call Test Case 'Test Cases/Offline PSSI Dashboard Function/Create BE CCTV Data/Sign In/PSSISignInValidData' successfully

29-12-2023T11:21:28 - [TEST_STEP][PASSED] - navigateToUrl(baseUrl + "/cctv/stadion", failureHandling): Navigate to 'https://monitoring.pssi-dev.kecilin.id/cctv/stadion' successfully

29-12-2023T11:21:29 - [MESSAGE][PASSED] - Navigate to 'https://monitoring.pssi-dev.kecilin.id/cctv/stadion' successfully

29-12-2023T11:21:29 - [MESSAGE][PASSED] - Call Test Case 'Test Cases/Offline PSSI Dashboard Function/Create BE CCTV Data/View Stadium/PSSIViewStadiumData' successfully

29-12-2023T11:21:29 - [TEST_STEP][PASSED] - navigateToUrl(baseUrl + "/cctv/detail/64fea065acbef66fd5476494", failureHandling): Navigate to 'https://monitoring.pssi-dev.kecilin.id/cctv/detail/64fea065acbef66fd5476494' successfully

29-12-2023T11:21:29 - [MESSAGE][PASSED] - Navigate to 'https://monitoring.pssi-dev.kecilin.id/cctv/detail/64fea065acbef66fd5476494' successfully

29-12-2023T11:21:29 - [MESSAGE][PASSED] - Call Test Case 'Test Cases/Offline PSSI Dashboard Function/Create BE CCTV Data/View CCTV Table/PSSIViewCCTVData' successfully

29-12-2023T11:21:29 - [TEST_STEP][PASSED] - if (verifyElementPresent(findTestObject("Page_CCTV/Stadium Breadcrumb"), 0, failureHandling)): null

29-12-2023T11:21:29 - [MESSAGE][WARNING] - Timeout '0' is invalid. Using default page load timeout: '30'

29-12-2023T11:21:30 - [MESSAGE][PASSED] - Object 'Object Repository/Page_CCTV/Stadium Breadcrumb' is present

29-12-2023T11:21:30 - [TEST_STEP][PASSED] - verifyElementClickable(findTestObject("Page_CCTV/Stadium Breadcrumb")): Object 'Object Repository/Page_CCTV/Stadium Breadcrumb' is clickable

29-12-2023T11:21:30 - [MESSAGE][PASSED] - Object 'Object Repository/Page_CCTV/Stadium Breadcrumb' is clickable

29-12-2023T11:21:30 - [TEST_STEP][PASSED] - click(findTestObject("Page_CCTV/Stadium Breadcrumb")): Object: 'Object Repository/Page_CCTV/Stadium Breadcrumb' is clicked on

29-12-2023T11:21:31 - [MESSAGE][PASSED] - Object: 'Object Repository/Page_CCTV/Stadium Breadcrumb' is clicked on

29-12-2023T11:21:31 - [TEST_STEP][PASSED] - if (verifyElementPresent(findTestObject("Page_Stadium/Stadium Table Title"), 0, failureHandling)): Test passed because user can navigate through breadcrumb

29-12-2023T11:21:31 - [MESSAGE][WARNING] - Timeout '0' is invalid. Using default page load timeout: '30'

29-12-2023T11:21:32 - [MESSAGE][PASSED] - Object 'Object Repository/Page_Stadium/Stadium Table Title' is present

29-12-2023T11:21:32 - [TEST_STEP][PASSED] - markPassed("Test passed because user can navigate through breadcrumb"): Test passed because user can navigate through breadcrumb

29-12-2023T11:21:32 - [MESSAGE][PASSED] - Test passed because user can navigate through breadcrumb

29-12-2023T11:21:32 - [TEST_STEP][PASSED] - closeBrowser(): Browser is closed

29-12-2023T11:21:32 - [MESSAGE][PASSED] - Browser is closed]]></system-out>
         <system-err><![CDATA[]]></system-err>
      </testcase>
      <testcase name="Test Cases/Offline PSSI Dashboard Function/Create BE CCTV Data/Breadcrumb Navigation/PSSIBreadcrumbInEditCCTVPage" time="68.491" classname="Test Cases/Offline PSSI Dashboard Function/Create BE CCTV Data/Breadcrumb Navigation/PSSIBreadcrumbInEditCCTVPage" status="FAILED">
         <failure type="FAILED" message="Test Cases/Offline PSSI Dashboard Function/Create BE CCTV Data/Breadcrumb Navigation/PSSIBreadcrumbInEditCCTVPage FAILED.&#xa;Reason:&#xa;com.kms.katalon.core.exception.StepFailedException: Test failed because breadcrumb doesnot exist&#xa;	at com.kms.katalon.core.util.KeywordUtil.markFailed(KeywordUtil.java:19)&#xa;	at PSSIBreadcrumbInEditCCTVPage.run(PSSIBreadcrumbInEditCCTVPage:32)&#xa;	at com.kms.katalon.core.main.ScriptEngine.run(ScriptEngine.java:194)&#xa;	at com.kms.katalon.core.main.ScriptEngine.runScriptAsRawText(ScriptEngine.java:119)&#xa;	at com.kms.katalon.core.main.TestCaseExecutor.runScript(TestCaseExecutor.java:448)&#xa;	at com.kms.katalon.core.main.TestCaseExecutor.doExecute(TestCaseExecutor.java:439)&#xa;	at com.kms.katalon.core.main.TestCaseExecutor.processExecutionPhase(TestCaseExecutor.java:418)&#xa;	at com.kms.katalon.core.main.TestCaseExecutor.accessMainPhase(TestCaseExecutor.java:410)&#xa;	at com.kms.katalon.core.main.TestCaseExecutor.execute(TestCaseExecutor.java:285)&#xa;	at com.kms.katalon.core.common.CommonExecutor.accessTestCaseMainPhase(CommonExecutor.java:65)&#xa;	at com.kms.katalon.core.main.TestSuiteExecutor.accessTestSuiteMainPhase(TestSuiteExecutor.java:148)&#xa;	at com.kms.katalon.core.main.TestSuiteExecutor.execute(TestSuiteExecutor.java:106)&#xa;	at com.kms.katalon.core.main.TestCaseMain.startTestSuite(TestCaseMain.java:180)&#xa;	at TempTestSuite1703823531334.run(TempTestSuite1703823531334.groovy:36)&#xa;	at java.base/jdk.internal.reflect.NativeMethodAccessorImpl.invoke0(Native Method)&#xa;	at java.base/jdk.internal.reflect.NativeMethodAccessorImpl.invoke(NativeMethodAccessorImpl.java:77)&#xa;	at java.base/jdk.internal.reflect.DelegatingMethodAccessorImpl.invoke(DelegatingMethodAccessorImpl.java:43)&#xa;"/>
         <system-out><![CDATA[29-12-2023T11:21:32 - [TEST_CASE][FAILED] - Test Cases/Offline PSSI Dashboard Function/Create BE CCTV Data/Breadcrumb Navigation/PSSIBreadcrumbInEditCCTVPage: Test Cases/Offline PSSI Dashboard Function/Create BE CCTV Data/Breadcrumb Navigation/PSSIBreadcrumbInEditCCTVPage FAILED.
Reason:
com.kms.katalon.core.exception.StepFailedException: Test failed because breadcrumb doesnot exist
	at com.kms.katalon.core.util.KeywordUtil.markFailed(KeywordUtil.java:19)
	at PSSIBreadcrumbInEditCCTVPage.run(PSSIBreadcrumbInEditCCTVPage:32)
	at com.kms.katalon.core.main.ScriptEngine.run(ScriptEngine.java:194)
	at com.kms.katalon.core.main.ScriptEngine.runScriptAsRawText(ScriptEngine.java:119)
	at com.kms.katalon.core.main.TestCaseExecutor.runScript(TestCaseExecutor.java:448)
	at com.kms.katalon.core.main.TestCaseExecutor.doExecute(TestCaseExecutor.java:439)
	at com.kms.katalon.core.main.TestCaseExecutor.processExecutionPhase(TestCaseExecutor.java:418)
	at com.kms.katalon.core.main.TestCaseExecutor.accessMainPhase(TestCaseExecutor.java:410)
	at com.kms.katalon.core.main.TestCaseExecutor.execute(TestCaseExecutor.java:285)
	at com.kms.katalon.core.common.CommonExecutor.accessTestCaseMainPhase(CommonExecutor.java:65)
	at com.kms.katalon.core.main.TestSuiteExecutor.accessTestSuiteMainPhase(TestSuiteExecutor.java:148)
	at com.kms.katalon.core.main.TestSuiteExecutor.execute(TestSuiteExecutor.java:106)
	at com.kms.katalon.core.main.TestCaseMain.startTestSuite(TestCaseMain.java:180)
	at TempTestSuite1703823531334.run(TempTestSuite1703823531334.groovy:36)
	at java.base/jdk.internal.reflect.NativeMethodAccessorImpl.invoke0(Native Method)
	at java.base/jdk.internal.reflect.NativeMethodAccessorImpl.invoke(NativeMethodAccessorImpl.java:77)
	at java.base/jdk.internal.reflect.DelegatingMethodAccessorImpl.invoke(DelegatingMethodAccessorImpl.java:43)


29-12-2023T11:21:32 - [TEST_STEP][PASSED] - failureHandling = STOP_ON_FAILURE: null

29-12-2023T11:21:32 - [TEST_STEP][PASSED] - baseUrl = offline_pssi_dashboard_url: null

29-12-2023T11:21:32 - [TEST_STEP][PASSED] - callTestCase(findTestCase("Offline PSSI Dashboard Function/Create BE CCTV Data/View CCTV Table/PSSIViewCCTVData"), [:], failureHandling): Call Test Case 'Test Cases/Offline PSSI Dashboard Function/Create BE CCTV Data/View CCTV Table/PSSIViewCCTVData' successfully

29-12-2023T11:21:32 - [TEST_CASE][PASSED] - Test Cases/Offline PSSI Dashboard Function/Create BE CCTV Data/View CCTV Table/PSSIViewCCTVData: Test Cases/Offline PSSI Dashboard Function/Create BE CCTV Data/View CCTV Table/PSSIViewCCTVData

29-12-2023T11:21:32 - [TEST_STEP][PASSED] - failureHandling = STOP_ON_FAILURE: null

29-12-2023T11:21:32 - [TEST_STEP][PASSED] - baseUrl = offline_pssi_dashboard_url: null

29-12-2023T11:21:32 - [TEST_STEP][PASSED] - callTestCase(findTestCase("Offline PSSI Dashboard Function/Create BE CCTV Data/View Stadium/PSSIViewStadiumData"), [:], failureHandling): Call Test Case 'Test Cases/Offline PSSI Dashboard Function/Create BE CCTV Data/View Stadium/PSSIViewStadiumData' successfully

29-12-2023T11:21:32 - [TEST_CASE][PASSED] - Test Cases/Offline PSSI Dashboard Function/Create BE CCTV Data/View Stadium/PSSIViewStadiumData: Test Cases/Offline PSSI Dashboard Function/Create BE CCTV Data/View Stadium/PSSIViewStadiumData

29-12-2023T11:21:32 - [TEST_STEP][PASSED] - failureHandling = STOP_ON_FAILURE: null

29-12-2023T11:21:32 - [TEST_STEP][PASSED] - baseUrl = offline_pssi_dashboard_url: null

29-12-2023T11:21:32 - [TEST_STEP][PASSED] - callTestCase(findTestCase("Offline PSSI Dashboard Function/Create BE CCTV Data/Sign In/PSSISignInValidData"), [:], failureHandling): Call Test Case 'Test Cases/Offline PSSI Dashboard Function/Create BE CCTV Data/Sign In/PSSISignInValidData' successfully

29-12-2023T11:21:32 - [TEST_CASE][PASSED] - Test Cases/Offline PSSI Dashboard Function/Create BE CCTV Data/Sign In/PSSISignInValidData: Test Cases/Offline PSSI Dashboard Function/Create BE CCTV Data/Sign In/PSSISignInValidData

29-12-2023T11:21:32 - [TEST_STEP][PASSED] - failureHandling = STOP_ON_FAILURE: null

29-12-2023T11:21:32 - [TEST_STEP][PASSED] - baseUrl = offline_pssi_dashboard_url: null

29-12-2023T11:21:32 - [TEST_STEP][PASSED] - openBrowser(""): Browser is opened with url: ''

29-12-2023T11:21:32 - [MESSAGE][INFO] - Starting 'Chrome' driver

29-12-2023T11:21:32 - [MESSAGE][INFO] - Action delay is set to 0 milliseconds

29-12-2023T11:21:33 - [MESSAGE][PASSED] - Browser is opened with url: ''

29-12-2023T11:21:33 - [TEST_STEP][PASSED] - navigateToUrl(baseUrl): Navigate to 'https://monitoring.pssi-dev.kecilin.id' successfully

29-12-2023T11:21:34 - [MESSAGE][PASSED] - Navigate to 'https://monitoring.pssi-dev.kecilin.id' successfully

29-12-2023T11:21:34 - [TEST_STEP][PASSED] - maximizeWindow(): Current window maximized

29-12-2023T11:21:34 - [MESSAGE][PASSED] - Current window maximized

29-12-2023T11:21:34 - [TEST_STEP][PASSED] - setText(findTestObject("Object Repository/Page_Login/input_email"), "superadmin@app.com"): Text 'superadmin@app.com' is set on object 'Object Repository/Page_Login/input_email'

29-12-2023T11:21:35 - [MESSAGE][PASSED] - Text 'superadmin@app.com' is set on object 'Object Repository/Page_Login/input_email'

29-12-2023T11:21:35 - [TEST_STEP][PASSED] - setEncryptedText(findTestObject("Object Repository/Page_Login/input_password"), "8SQVv/p9jVScEs4/2CZsLw=="): Text ****** has been set on object 'Object Repository/Page_Login/input_password'

29-12-2023T11:21:36 - [MESSAGE][PASSED] - Text ****** has been set on object 'Object Repository/Page_Login/input_password'

29-12-2023T11:21:36 - [TEST_STEP][PASSED] - click(findTestObject("Object Repository/Page_Login/button_Sign In")): Object: 'Object Repository/Page_Login/button_Sign In' is clicked on

29-12-2023T11:21:38 - [MESSAGE][PASSED] - Object: 'Object Repository/Page_Login/button_Sign In' is clicked on

29-12-2023T11:21:38 - [MESSAGE][PASSED] - Call Test Case 'Test Cases/Offline PSSI Dashboard Function/Create BE CCTV Data/Sign In/PSSISignInValidData' successfully

29-12-2023T11:21:38 - [TEST_STEP][PASSED] - navigateToUrl(baseUrl + "/cctv/stadion", failureHandling): Navigate to 'https://monitoring.pssi-dev.kecilin.id/cctv/stadion' successfully

29-12-2023T11:21:38 - [MESSAGE][PASSED] - Navigate to 'https://monitoring.pssi-dev.kecilin.id/cctv/stadion' successfully

29-12-2023T11:21:38 - [MESSAGE][PASSED] - Call Test Case 'Test Cases/Offline PSSI Dashboard Function/Create BE CCTV Data/View Stadium/PSSIViewStadiumData' successfully

29-12-2023T11:21:38 - [TEST_STEP][PASSED] - navigateToUrl(baseUrl + "/cctv/detail/64fea065acbef66fd5476494", failureHandling): Navigate to 'https://monitoring.pssi-dev.kecilin.id/cctv/detail/64fea065acbef66fd5476494' successfully

29-12-2023T11:21:39 - [MESSAGE][PASSED] - Navigate to 'https://monitoring.pssi-dev.kecilin.id/cctv/detail/64fea065acbef66fd5476494' successfully

29-12-2023T11:21:39 - [MESSAGE][PASSED] - Call Test Case 'Test Cases/Offline PSSI Dashboard Function/Create BE CCTV Data/View CCTV Table/PSSIViewCCTVData' successfully

29-12-2023T11:21:39 - [TEST_STEP][PASSED] - navigateToUrl(baseUrl + "/cctv/detail/64fea065acbef66fd5476494/edit/658be0a112ca78ff5334de2d", failureHandling): Navigate to 'https://monitoring.pssi-dev.kecilin.id/cctv/detail/64fea065acbef66fd5476494/edit/658be0a112ca78ff5334de2d' successfully

29-12-2023T11:21:39 - [MESSAGE][PASSED] - Navigate to 'https://monitoring.pssi-dev.kecilin.id/cctv/detail/64fea065acbef66fd5476494/edit/658be0a112ca78ff5334de2d' successfully

29-12-2023T11:21:39 - [TEST_STEP][PASSED] - if (verifyElementNotPresent(findTestObject("Page_Add new CCTV/CCTV Breadcrumb"), 0, failureHandling)): Test failed because breadcrumb doesnot exist

29-12-2023T11:21:39 - [MESSAGE][WARNING] - Timeout '0' is invalid. Using default page load timeout: '30'

29-12-2023T11:21:40 - [MESSAGE][PASSED] - Web element with id: 'Object Repository/Page_Add new CCTV/CCTV Breadcrumb' located by 'By.xpath: //nav[@id='navbarBlur']/div/nav/ol/li[3]/a' is not present after '30' second(s)

29-12-2023T11:21:40 - [TEST_STEP][FAILED] - markFailed("Test failed because breadcrumb doesnot exist"): Test failed because breadcrumb doesnot exist

29-12-2023T11:21:40 - [MESSAGE][FAILED] - Test failed because breadcrumb doesnot exist

29-12-2023T11:21:40 - [TEST_STEP][PASSED] - navigateToUrl(baseUrl + "/cctv/detail/64fea065acbef66fd5476494/edit/658cfd5e12ca78ff5334e922", failureHandling): Navigate to 'https://monitoring.pssi-dev.kecilin.id/cctv/detail/64fea065acbef66fd5476494/edit/658cfd5e12ca78ff5334e922' successfully

29-12-2023T11:22:40 - [MESSAGE][PASSED] - Navigate to 'https://monitoring.pssi-dev.kecilin.id/cctv/detail/64fea065acbef66fd5476494/edit/658cfd5e12ca78ff5334e922' successfully

29-12-2023T11:22:40 - [TEST_STEP][PASSED] - if (verifyElementNotPresent(findTestObject("Page_CCTV/Stadium Breadcrumb"), 0, failureHandling)): Test failed because breadcrumb doesnot exist

29-12-2023T11:22:40 - [MESSAGE][WARNING] - Timeout '0' is invalid. Using default page load timeout: '30'

29-12-2023T11:22:40 - [MESSAGE][PASSED] - Web element with id: 'Object Repository/Page_CCTV/Stadium Breadcrumb' located by 'By.xpath: //nav[@id='navbarBlur']/div/nav/ol/li[2]/a' is not present after '30' second(s)

29-12-2023T11:22:40 - [TEST_STEP][FAILED] - markFailed("Test failed because breadcrumb doesnot exist"): Test failed because breadcrumb doesnot exist

29-12-2023T11:22:40 - [MESSAGE][FAILED] - Test failed because breadcrumb doesnot exist

29-12-2023T11:22:40 - [TEST_STEP][PASSED] - closeBrowser(): Browser is closed

29-12-2023T11:22:40 - [MESSAGE][PASSED] - Browser is closed]]></system-out>
         <system-err><![CDATA[29-12-2023T11:21:32 - [TEST_CASE][FAILED] - Test Cases/Offline PSSI Dashboard Function/Create BE CCTV Data/Breadcrumb Navigation/PSSIBreadcrumbInEditCCTVPage: Test Cases/Offline PSSI Dashboard Function/Create BE CCTV Data/Breadcrumb Navigation/PSSIBreadcrumbInEditCCTVPage FAILED.
Reason:
com.kms.katalon.core.exception.StepFailedException: Test failed because breadcrumb doesnot exist
	at com.kms.katalon.core.util.KeywordUtil.markFailed(KeywordUtil.java:19)
	at PSSIBreadcrumbInEditCCTVPage.run(PSSIBreadcrumbInEditCCTVPage:32)
	at com.kms.katalon.core.main.ScriptEngine.run(ScriptEngine.java:194)
	at com.kms.katalon.core.main.ScriptEngine.runScriptAsRawText(ScriptEngine.java:119)
	at com.kms.katalon.core.main.TestCaseExecutor.runScript(TestCaseExecutor.java:448)
	at com.kms.katalon.core.main.TestCaseExecutor.doExecute(TestCaseExecutor.java:439)
	at com.kms.katalon.core.main.TestCaseExecutor.processExecutionPhase(TestCaseExecutor.java:418)
	at com.kms.katalon.core.main.TestCaseExecutor.accessMainPhase(TestCaseExecutor.java:410)
	at com.kms.katalon.core.main.TestCaseExecutor.execute(TestCaseExecutor.java:285)
	at com.kms.katalon.core.common.CommonExecutor.accessTestCaseMainPhase(CommonExecutor.java:65)
	at com.kms.katalon.core.main.TestSuiteExecutor.accessTestSuiteMainPhase(TestSuiteExecutor.java:148)
	at com.kms.katalon.core.main.TestSuiteExecutor.execute(TestSuiteExecutor.java:106)
	at com.kms.katalon.core.main.TestCaseMain.startTestSuite(TestCaseMain.java:180)
	at TempTestSuite1703823531334.run(TempTestSuite1703823531334.groovy:36)
	at java.base/jdk.internal.reflect.NativeMethodAccessorImpl.invoke0(Native Method)
	at java.base/jdk.internal.reflect.NativeMethodAccessorImpl.invoke(NativeMethodAccessorImpl.java:77)
	at java.base/jdk.internal.reflect.DelegatingMethodAccessorImpl.invoke(DelegatingMethodAccessorImpl.java:43)]]></system-err>
      </testcase>
      <system-out><![CDATA[29-12-2023T11:20:54 - [TEST_SUITE][FAILED] - Breadcrumb Navigation Test Suite: Test Cases/Offline PSSI Dashboard Function/Create BE CCTV Data/Breadcrumb Navigation/PSSIBreadcrumbInCCTVLogs FAILED.
Reason:
com.kms.katalon.core.exception.StepFailedException: Unable to click on object
	at com.kms.katalon.core.webui.keyword.internal.WebUIKeywordMain.stepFailed(WebUIKeywordMain.groovy:64)
	at com.kms.katalon.core.webui.keyword.internal.WebUIKeywordMain.runKeyword(WebUIKeywordMain.groovy:26)
	at com.kms.katalon.core.webui.keyword.builtin.ClickKeyword.click(ClickKeyword.groovy:74)
	at com.kms.katalon.core.webui.keyword.builtin.ClickKeyword.execute(ClickKeyword.groovy:40)
	at com.kms.katalon.core.keyword.internal.KeywordExecutor.executeKeywordForPlatform(KeywordExecutor.groovy:74)
	at com.kms.katalon.core.webui.keyword.WebUiBuiltInKeywords.click(WebUiBuiltInKeywords.groovy:659)
	at PSSIBreadcrumbInCCTVLogs.run(PSSIBreadcrumbInCCTVLogs:48)
	at com.kms.katalon.core.main.ScriptEngine.run(ScriptEngine.java:194)
	at com.kms.katalon.core.main.ScriptEngine.runScriptAsRawText(ScriptEngine.java:119)
	at com.kms.katalon.core.main.TestCaseExecutor.runScript(TestCaseExecutor.java:448)
	at com.kms.katalon.core.main.TestCaseExecutor.doExecute(TestCaseExecutor.java:439)
	at com.kms.katalon.core.main.TestCaseExecutor.processExecutionPhase(TestCaseExecutor.java:418)
	at com.kms.katalon.core.main.TestCaseExecutor.accessMainPhase(TestCaseExecutor.java:410)
	at com.kms.katalon.core.main.TestCaseExecutor.execute(TestCaseExecutor.java:285)
	at com.kms.katalon.core.common.CommonExecutor.accessTestCaseMainPhase(CommonExecutor.java:65)
	at com.kms.katalon.core.main.TestSuiteExecutor.accessTestSuiteMainPhase(TestSuiteExecutor.java:148)
	at com.kms.katalon.core.main.TestSuiteExecutor.execute(TestSuiteExecutor.java:106)
	at com.kms.katalon.core.main.TestCaseMain.startTestSuite(TestCaseMain.java:180)
	at TempTestSuite1703823531334.run(TempTestSuite1703823531334.groovy:36)
	at java.base/jdk.internal.reflect.NativeMethodAccessorImpl.invoke0(Native Method)
	at java.base/jdk.internal.reflect.NativeMethodAccessorImpl.invoke(NativeMethodAccessorImpl.java:77)
	at java.base/jdk.internal.reflect.DelegatingMethodAccessorImpl.invoke(DelegatingMethodAccessorImpl.java:43)
Caused by: java.lang.IllegalArgumentException: Object is null
	at com.kms.katalon.core.helper.KeywordHelper.checkTestObjectParameter(KeywordHelper.java:33)
	at com.kms.katalon.core.webui.keyword.builtin.ClickKeyword$_click_closure1.doCall(ClickKeyword.groovy:62)
	at com.kms.katalon.core.webui.keyword.builtin.ClickKeyword$_click_closure1.call(ClickKeyword.groovy)
	at com.kms.katalon.core.webui.keyword.internal.WebUIKeywordMain.runKeyword(WebUIKeywordMain.groovy:20)
	... 20 more]]></system-out>
      <system-err><![CDATA[29-12-2023T11:20:54 - [TEST_SUITE][FAILED] - Breadcrumb Navigation Test Suite: Test Cases/Offline PSSI Dashboard Function/Create BE CCTV Data/Breadcrumb Navigation/PSSIBreadcrumbInCCTVLogs FAILED.
Reason:
com.kms.katalon.core.exception.StepFailedException: Unable to click on object
	at com.kms.katalon.core.webui.keyword.internal.WebUIKeywordMain.stepFailed(WebUIKeywordMain.groovy:64)
	at com.kms.katalon.core.webui.keyword.internal.WebUIKeywordMain.runKeyword(WebUIKeywordMain.groovy:26)
	at com.kms.katalon.core.webui.keyword.builtin.ClickKeyword.click(ClickKeyword.groovy:74)
	at com.kms.katalon.core.webui.keyword.builtin.ClickKeyword.execute(ClickKeyword.groovy:40)
	at com.kms.katalon.core.keyword.internal.KeywordExecutor.executeKeywordForPlatform(KeywordExecutor.groovy:74)
	at com.kms.katalon.core.webui.keyword.WebUiBuiltInKeywords.click(WebUiBuiltInKeywords.groovy:659)
	at PSSIBreadcrumbInCCTVLogs.run(PSSIBreadcrumbInCCTVLogs:48)
	at com.kms.katalon.core.main.ScriptEngine.run(ScriptEngine.java:194)
	at com.kms.katalon.core.main.ScriptEngine.runScriptAsRawText(ScriptEngine.java:119)
	at com.kms.katalon.core.main.TestCaseExecutor.runScript(TestCaseExecutor.java:448)
	at com.kms.katalon.core.main.TestCaseExecutor.doExecute(TestCaseExecutor.java:439)
	at com.kms.katalon.core.main.TestCaseExecutor.processExecutionPhase(TestCaseExecutor.java:418)
	at com.kms.katalon.core.main.TestCaseExecutor.accessMainPhase(TestCaseExecutor.java:410)
	at com.kms.katalon.core.main.TestCaseExecutor.execute(TestCaseExecutor.java:285)
	at com.kms.katalon.core.common.CommonExecutor.accessTestCaseMainPhase(CommonExecutor.java:65)
	at com.kms.katalon.core.main.TestSuiteExecutor.accessTestSuiteMainPhase(TestSuiteExecutor.java:148)
	at com.kms.katalon.core.main.TestSuiteExecutor.execute(TestSuiteExecutor.java:106)
	at com.kms.katalon.core.main.TestCaseMain.startTestSuite(TestCaseMain.java:180)
	at TempTestSuite1703823531334.run(TempTestSuite1703823531334.groovy:36)
	at java.base/jdk.internal.reflect.NativeMethodAccessorImpl.invoke0(Native Method)
	at java.base/jdk.internal.reflect.NativeMethodAccessorImpl.invoke(NativeMethodAccessorImpl.java:77)
	at java.base/jdk.internal.reflect.DelegatingMethodAccessorImpl.invoke(DelegatingMethodAccessorImpl.java:43)
Caused by: java.lang.IllegalArgumentException: Object is null
	at com.kms.katalon.core.helper.KeywordHelper.checkTestObjectParameter(KeywordHelper.java:33)
	at com.kms.katalon.core.webui.keyword.builtin.ClickKeyword$_click_closure1.doCall(ClickKeyword.groovy:62)
	at com.kms.katalon.core.webui.keyword.builtin.ClickKeyword$_click_closure1.call(ClickKeyword.groovy)
	at com.kms.katalon.core.webui.keyword.internal.WebUIKeywordMain.runKeyword(WebUIKeywordMain.groovy:20)
	... 20 more]]></system-err>
   </testsuite>
   <testsuite name="Data Entries and Pages Test Suite" tests="1" failures="0" errors="0" time="16.51" skipped="0" timestamp="29-12-2023T11:23:00" hostname="USER - DESKTOP-HLRVE9S" id="Test Suites/Create BE CCTV Data/Data Entries and Pages Test Suite">
      <properties>
         <property name="deviceName" value=""/>
         <property name="devicePlatform" value=""/>
         <property name="logFolder" value="C:\\Users\\USER\\git\\Kecilin-Automation-Test\\Reports\\20231229_111847\\Create BE CCTV Data\\Data Entries and Pages Test Suite\\20231229_111853"/>
         <property name="logFiles" value="C:\\Users\\USER\\git\\Kecilin-Automation-Test\\Reports\\20231229_111847\\Create BE CCTV Data\\Data Entries and Pages Test Suite\\20231229_111853\\execution0.log"/>
         <property name="attachments" value=""/>
         <property name="hostName" value="USER - DESKTOP-HLRVE9S"/>
         <property name="os" value="Windows 10 64bit"/>
         <property name="katalonVersion" value="9.2.0.212"/>
         <property name="browser" value="Chrome 120.0.0.0"/>
         <property name="hostAddress" value="192.168.100.183"/>
         <property name="sessionId" value="d81eb66af4dc2b25d08ec12d7a88c399"/>
         <property name="seleniumVersion" value="3.141.59"/>
         <property name="proxyInformation" value="ProxyInformation { proxyOption=NO_PROXY, proxyServerType=HTTP, username=, password=********, proxyServerAddress=, proxyServerPort=0, executionList=&quot;&quot;, isApplyToDesiredCapabilities=true }"/>
         <property name="platform" value="Windows 10"/>
      </properties>
      <testcase name="Test Cases/Offline PSSI Dashboard Function/Create BE CCTV Data/Data Entries and Pages/PSSICCTVDataTableEntriesAndPages" time="16.25" classname="Test Cases/Offline PSSI Dashboard Function/Create BE CCTV Data/Data Entries and Pages/PSSICCTVDataTableEntriesAndPages" status="PASSED">
         <system-out><![CDATA[29-12-2023T11:23:00 - [TEST_CASE][PASSED] - Test Cases/Offline PSSI Dashboard Function/Create BE CCTV Data/Data Entries and Pages/PSSICCTVDataTableEntriesAndPages: Test Cases/Offline PSSI Dashboard Function/Create BE CCTV Data/Data Entries and Pages/PSSICCTVDataTableEntriesAndPages

29-12-2023T11:23:01 - [TEST_STEP][PASSED] - failureHandling = STOP_ON_FAILURE: null

29-12-2023T11:23:01 - [TEST_STEP][PASSED] - baseUrl = offline_pssi_dashboard_url: null

29-12-2023T11:23:01 - [TEST_STEP][PASSED] - callTestCase(findTestCase("Offline PSSI Dashboard Function/Create BE CCTV Data/View CCTV Table/PSSIViewCCTVData"), [:], failureHandling): Call Test Case 'Test Cases/Offline PSSI Dashboard Function/Create BE CCTV Data/View CCTV Table/PSSIViewCCTVData' successfully

29-12-2023T11:23:01 - [TEST_CASE][PASSED] - Test Cases/Offline PSSI Dashboard Function/Create BE CCTV Data/View CCTV Table/PSSIViewCCTVData: Test Cases/Offline PSSI Dashboard Function/Create BE CCTV Data/View CCTV Table/PSSIViewCCTVData

29-12-2023T11:23:01 - [TEST_STEP][PASSED] - failureHandling = STOP_ON_FAILURE: null

29-12-2023T11:23:01 - [TEST_STEP][PASSED] - baseUrl = offline_pssi_dashboard_url: null

29-12-2023T11:23:01 - [TEST_STEP][PASSED] - callTestCase(findTestCase("Offline PSSI Dashboard Function/Create BE CCTV Data/View Stadium/PSSIViewStadiumData"), [:], failureHandling): Call Test Case 'Test Cases/Offline PSSI Dashboard Function/Create BE CCTV Data/View Stadium/PSSIViewStadiumData' successfully

29-12-2023T11:23:01 - [TEST_CASE][PASSED] - Test Cases/Offline PSSI Dashboard Function/Create BE CCTV Data/View Stadium/PSSIViewStadiumData: Test Cases/Offline PSSI Dashboard Function/Create BE CCTV Data/View Stadium/PSSIViewStadiumData

29-12-2023T11:23:02 - [TEST_STEP][PASSED] - failureHandling = STOP_ON_FAILURE: null

29-12-2023T11:23:02 - [TEST_STEP][PASSED] - baseUrl = offline_pssi_dashboard_url: null

29-12-2023T11:23:02 - [TEST_STEP][PASSED] - callTestCase(findTestCase("Offline PSSI Dashboard Function/Create BE CCTV Data/Sign In/PSSISignInValidData"), [:], failureHandling): Call Test Case 'Test Cases/Offline PSSI Dashboard Function/Create BE CCTV Data/Sign In/PSSISignInValidData' successfully

29-12-2023T11:23:02 - [TEST_CASE][PASSED] - Test Cases/Offline PSSI Dashboard Function/Create BE CCTV Data/Sign In/PSSISignInValidData: Test Cases/Offline PSSI Dashboard Function/Create BE CCTV Data/Sign In/PSSISignInValidData

29-12-2023T11:23:02 - [TEST_STEP][PASSED] - failureHandling = STOP_ON_FAILURE: null

29-12-2023T11:23:02 - [TEST_STEP][PASSED] - baseUrl = offline_pssi_dashboard_url: null

29-12-2023T11:23:02 - [TEST_STEP][PASSED] - openBrowser(""): Browser is opened with url: ''

29-12-2023T11:23:02 - [MESSAGE][INFO] - Starting 'Chrome' driver

29-12-2023T11:23:02 - [MESSAGE][INFO] - Action delay is set to 0 milliseconds

29-12-2023T11:23:04 - [MESSAGE][PASSED] - Browser is opened with url: ''

29-12-2023T11:23:04 - [TEST_STEP][PASSED] - navigateToUrl(baseUrl): Navigate to 'https://monitoring.pssi-dev.kecilin.id' successfully

29-12-2023T11:23:04 - [MESSAGE][PASSED] - Navigate to 'https://monitoring.pssi-dev.kecilin.id' successfully

29-12-2023T11:23:04 - [TEST_STEP][PASSED] - maximizeWindow(): Current window maximized

29-12-2023T11:23:05 - [MESSAGE][PASSED] - Current window maximized

29-12-2023T11:23:05 - [TEST_STEP][PASSED] - setText(findTestObject("Object Repository/Page_Login/input_email"), "superadmin@app.com"): Text 'superadmin@app.com' is set on object 'Object Repository/Page_Login/input_email'

29-12-2023T11:23:06 - [MESSAGE][PASSED] - Text 'superadmin@app.com' is set on object 'Object Repository/Page_Login/input_email'

29-12-2023T11:23:06 - [TEST_STEP][PASSED] - setEncryptedText(findTestObject("Object Repository/Page_Login/input_password"), "8SQVv/p9jVScEs4/2CZsLw=="): Text ****** has been set on object 'Object Repository/Page_Login/input_password'

29-12-2023T11:23:07 - [MESSAGE][PASSED] - Text ****** has been set on object 'Object Repository/Page_Login/input_password'

29-12-2023T11:23:07 - [TEST_STEP][PASSED] - click(findTestObject("Object Repository/Page_Login/button_Sign In")): Object: 'Object Repository/Page_Login/button_Sign In' is clicked on

29-12-2023T11:23:09 - [MESSAGE][PASSED] - Object: 'Object Repository/Page_Login/button_Sign In' is clicked on

29-12-2023T11:23:09 - [MESSAGE][PASSED] - Call Test Case 'Test Cases/Offline PSSI Dashboard Function/Create BE CCTV Data/Sign In/PSSISignInValidData' successfully

29-12-2023T11:23:09 - [TEST_STEP][PASSED] - navigateToUrl(baseUrl + "/cctv/stadion", failureHandling): Navigate to 'https://monitoring.pssi-dev.kecilin.id/cctv/stadion' successfully

29-12-2023T11:23:09 - [MESSAGE][PASSED] - Navigate to 'https://monitoring.pssi-dev.kecilin.id/cctv/stadion' successfully

29-12-2023T11:23:09 - [MESSAGE][PASSED] - Call Test Case 'Test Cases/Offline PSSI Dashboard Function/Create BE CCTV Data/View Stadium/PSSIViewStadiumData' successfully

29-12-2023T11:23:09 - [TEST_STEP][PASSED] - navigateToUrl(baseUrl + "/cctv/detail/64fea065acbef66fd5476494", failureHandling): Navigate to 'https://monitoring.pssi-dev.kecilin.id/cctv/detail/64fea065acbef66fd5476494' successfully

29-12-2023T11:23:10 - [MESSAGE][PASSED] - Navigate to 'https://monitoring.pssi-dev.kecilin.id/cctv/detail/64fea065acbef66fd5476494' successfully

29-12-2023T11:23:10 - [MESSAGE][PASSED] - Call Test Case 'Test Cases/Offline PSSI Dashboard Function/Create BE CCTV Data/View CCTV Table/PSSIViewCCTVData' successfully

29-12-2023T11:23:10 - [TEST_STEP][PASSED] - verifyElementClickable(findTestObject("Object Repository/Page_CCTV/Data Entries Option")): Object 'Object Repository/Page_CCTV/Data Entries Option' is clickable

29-12-2023T11:23:10 - [MESSAGE][PASSED] - Object 'Object Repository/Page_CCTV/Data Entries Option' is clickable

29-12-2023T11:23:10 - [TEST_STEP][PASSED] - selectOptionByValue(findTestObject("Object Repository/Page_CCTV/Data Entries Option"), "100", true): All options with value '100' are selected in object 'Object Repository/Page_CCTV/Data Entries Option'  using regular expression

29-12-2023T11:23:12 - [MESSAGE][PASSED] - All options with value '100' are selected in object 'Object Repository/Page_CCTV/Data Entries Option'  using regular expression

29-12-2023T11:23:12 - [TEST_STEP][PASSED] - scrollToElement(findTestObject("Page_CCTV/page 1"), 1): Scroll to object 'Object Repository/Page_CCTV/page 1' successfully

29-12-2023T11:23:12 - [MESSAGE][PASSED] - Scroll to object 'Object Repository/Page_CCTV/page 1' successfully

29-12-2023T11:23:12 - [TEST_STEP][PASSED] - page1Object = findTestObject("Object Repository/Page_CCTV/page 1"): null

29-12-2023T11:23:12 - [TEST_STEP][PASSED] - page1Object.addProperty("css", EQUALS, "li.paginate_button.page-item.active > a.page-link"): null

29-12-2023T11:23:12 - [TEST_STEP][PASSED] - is1Active = verifyElementPresent(page1Object, 3): Object 'Object Repository/Page_CCTV/page 1' is present

29-12-2023T11:23:13 - [MESSAGE][PASSED] - Object 'Object Repository/Page_CCTV/page 1' is present

29-12-2023T11:23:13 - [TEST_STEP][PASSED] - if (is1Active): Test passed because user still on page 1

29-12-2023T11:23:13 - [TEST_STEP][PASSED] - markPassed("Test passed because user still on page 1"): Test passed because user still on page 1

29-12-2023T11:23:13 - [MESSAGE][PASSED] - Test passed because user still on page 1

29-12-2023T11:23:13 - [TEST_STEP][PASSED] - scrollToElement(findTestObject("Page_CCTV//Data Entries Option"), 1): Scroll to object 'Object Repository/Page_CCTV//Data Entries Option' successfully

29-12-2023T11:23:13 - [MESSAGE][PASSED] - Scroll to object 'Object Repository/Page_CCTV//Data Entries Option' successfully

29-12-2023T11:23:13 - [TEST_STEP][PASSED] - verifyElementClickable(findTestObject("Object Repository/Page_CCTV/Data Entries Option")): Object 'Object Repository/Page_CCTV/Data Entries Option' is clickable

29-12-2023T11:23:13 - [MESSAGE][PASSED] - Object 'Object Repository/Page_CCTV/Data Entries Option' is clickable

29-12-2023T11:23:13 - [TEST_STEP][PASSED] - selectOptionByValue(findTestObject("Object Repository/Page_CCTV/Data Entries Option"), "25", true): All options with value '25' are selected in object 'Object Repository/Page_CCTV/Data Entries Option'  using regular expression

29-12-2023T11:23:15 - [MESSAGE][PASSED] - All options with value '25' are selected in object 'Object Repository/Page_CCTV/Data Entries Option'  using regular expression

29-12-2023T11:23:15 - [TEST_STEP][PASSED] - scrollToElement(findTestObject("Page_CCTV/page 2"), 1): Scroll to object 'Object Repository/Page_CCTV/page 2' successfully

29-12-2023T11:23:15 - [MESSAGE][PASSED] - Scroll to object 'Object Repository/Page_CCTV/page 2' successfully

29-12-2023T11:23:15 - [TEST_STEP][PASSED] - click(findTestObject("Object Repository/Page_CCTV/page 2")): Object: 'Object Repository/Page_CCTV/page 2' is clicked on

29-12-2023T11:23:16 - [MESSAGE][PASSED] - Object: 'Object Repository/Page_CCTV/page 2' is clicked on

29-12-2023T11:23:16 - [TEST_STEP][PASSED] - page2Object = findTestObject("Object Repository/Page_CCTV/page 2"): null

29-12-2023T11:23:16 - [TEST_STEP][PASSED] - page2Object.addProperty("css", EQUALS, "li.paginate_button.page-item.active > a.page-link"): null

29-12-2023T11:23:16 - [TEST_STEP][PASSED] - is2Active = verifyElementPresent(page2Object, 3): Object 'Object Repository/Page_CCTV/page 2' is present

29-12-2023T11:23:16 - [MESSAGE][PASSED] - Object 'Object Repository/Page_CCTV/page 2' is present

29-12-2023T11:23:16 - [TEST_STEP][PASSED] - if (is2Active): Test passed because user still on page 2

29-12-2023T11:23:16 - [TEST_STEP][PASSED] - markPassed("Test passed because user still on page 2"): Test passed because user still on page 2

29-12-2023T11:23:16 - [MESSAGE][PASSED] - Test passed because user still on page 2

29-12-2023T11:23:16 - [TEST_STEP][PASSED] - closeBrowser(): Browser is closed

29-12-2023T11:23:17 - [MESSAGE][PASSED] - Browser is closed]]></system-out>
         <system-err><![CDATA[]]></system-err>
      </testcase>
      <system-out><![CDATA[29-12-2023T11:23:00 - [TEST_SUITE][PASSED] - Data Entries and Pages Test Suite: Test Cases/Offline PSSI Dashboard Function/Create BE CCTV Data/Data Entries and Pages/PSSICCTVDataTableEntriesAndPages]]></system-out>
      <system-err><![CDATA[]]></system-err>
   </testsuite>
   <testsuite name="Delete CCTV Test Suite" tests="2" failures="2" errors="0" time="21.743" skipped="0" timestamp="29-12-2023T11:23:34" hostname="USER - DESKTOP-HLRVE9S" id="Test Suites/Create BE CCTV Data/Delete CCTV Test Suite">
      <properties>
         <property name="deviceName" value=""/>
         <property name="devicePlatform" value=""/>
         <property name="logFolder" value="C:\\Users\\USER\\git\\Kecilin-Automation-Test\\Reports\\20231229_111847\\Create BE CCTV Data\\Delete CCTV Test Suite\\20231229_111855"/>
         <property name="logFiles" value="C:\\Users\\USER\\git\\Kecilin-Automation-Test\\Reports\\20231229_111847\\Create BE CCTV Data\\Delete CCTV Test Suite\\20231229_111855\\execution0.log"/>
         <property name="attachments" value="C:\\Users\\USER\\git\\Kecilin-Automation-Test\\Reports\\20231229_111847\\Create BE CCTV Data\\Delete CCTV Test Suite\\20231229_111855\\1703823826318.png"/>
         <property name="hostName" value="USER - DESKTOP-HLRVE9S"/>
         <property name="os" value="Windows 10 64bit"/>
         <property name="katalonVersion" value="9.2.0.212"/>
         <property name="browser" value="Chrome 120.0.0.0"/>
         <property name="hostAddress" value="192.168.100.183"/>
         <property name="sessionId" value="2cabfca038c3908a36d5a6ef526fdb88"/>
         <property name="seleniumVersion" value="3.141.59"/>
         <property name="proxyInformation" value="ProxyInformation { proxyOption=NO_PROXY, proxyServerType=HTTP, username=, password=********, proxyServerAddress=, proxyServerPort=0, executionList=&quot;&quot;, isApplyToDesiredCapabilities=true }"/>
         <property name="platform" value="Windows 10"/>
      </properties>
      <testcase name="Test Cases/Offline PSSI Dashboard Function/Create BE CCTV Data/Delete CCTV/Negative Test Case/PSSICancelDeleteCCTV" time="11.67" classname="Test Cases/Offline PSSI Dashboard Function/Create BE CCTV Data/Delete CCTV/Negative Test Case/PSSICancelDeleteCCTV" status="FAILED">
         <failure type="FAILED" message="Test Cases/Offline PSSI Dashboard Function/Create BE CCTV Data/Delete CCTV/Negative Test Case/PSSICancelDeleteCCTV FAILED.&#xa;Reason:&#xa;com.kms.katalon.core.exception.StepFailedException: Unable to verify object is present&#xa;	at com.kms.katalon.core.webui.keyword.internal.WebUIKeywordMain.stepFailed(WebUIKeywordMain.groovy:64)&#xa;	at com.kms.katalon.core.webui.keyword.internal.WebUIKeywordMain.runKeyword(WebUIKeywordMain.groovy:26)&#xa;	at com.kms.katalon.core.webui.keyword.builtin.VerifyElementPresentKeyword.verifyElementPresent(VerifyElementPresentKeyword.groovy:92)&#xa;	at com.kms.katalon.core.webui.keyword.builtin.VerifyElementPresentKeyword.execute(VerifyElementPresentKeyword.groovy:68)&#xa;	at com.kms.katalon.core.keyword.internal.KeywordExecutor.executeKeywordForPlatform(KeywordExecutor.groovy:74)&#xa;	at com.kms.katalon.core.webui.keyword.WebUiBuiltInKeywords.verifyElementPresent(WebUiBuiltInKeywords.groovy:1487)&#xa;	at PSSICancelDeleteCCTV.run(PSSICancelDeleteCCTV:32)&#xa;	at com.kms.katalon.core.main.ScriptEngine.run(ScriptEngine.java:194)&#xa;	at com.kms.katalon.core.main.ScriptEngine.runScriptAsRawText(ScriptEngine.java:119)&#xa;	at com.kms.katalon.core.main.TestCaseExecutor.runScript(TestCaseExecutor.java:448)&#xa;	at com.kms.katalon.core.main.TestCaseExecutor.doExecute(TestCaseExecutor.java:439)&#xa;	at com.kms.katalon.core.main.TestCaseExecutor.processExecutionPhase(TestCaseExecutor.java:418)&#xa;	at com.kms.katalon.core.main.TestCaseExecutor.accessMainPhase(TestCaseExecutor.java:410)&#xa;	at com.kms.katalon.core.main.TestCaseExecutor.execute(TestCaseExecutor.java:285)&#xa;	at com.kms.katalon.core.common.CommonExecutor.accessTestCaseMainPhase(CommonExecutor.java:65)&#xa;	at com.kms.katalon.core.main.TestSuiteExecutor.accessTestSuiteMainPhase(TestSuiteExecutor.java:148)&#xa;	at com.kms.katalon.core.main.TestSuiteExecutor.execute(TestSuiteExecutor.java:106)&#xa;	at com.kms.katalon.core.main.TestCaseMain.startTestSuite(TestCaseMain.java:180)&#xa;	at TempTestSuite1703823535903.run(TempTestSuite1703823535903.groovy:36)&#xa;	at java.base/jdk.internal.reflect.NativeMethodAccessorImpl.invoke0(Native Method)&#xa;	at java.base/jdk.internal.reflect.NativeMethodAccessorImpl.invoke(NativeMethodAccessorImpl.java:77)&#xa;	at java.base/jdk.internal.reflect.DelegatingMethodAccessorImpl.invoke(DelegatingMethodAccessorImpl.java:43)&#xa;Caused by: java.lang.IllegalArgumentException: Object is null&#xa;	at com.kms.katalon.core.helper.KeywordHelper.checkTestObjectParameter(KeywordHelper.java:33)&#xa;	at com.kms.katalon.core.webui.keyword.builtin.VerifyElementPresentKeyword$_verifyElementPresent_closure1.doCall(VerifyElementPresentKeyword.groovy:76)&#xa;	at com.kms.katalon.core.webui.keyword.builtin.VerifyElementPresentKeyword$_verifyElementPresent_closure1.call(VerifyElementPresentKeyword.groovy)&#xa;	at com.kms.katalon.core.webui.keyword.internal.WebUIKeywordMain.runKeyword(WebUIKeywordMain.groovy:20)&#xa;	... 20 more&#xa;"/>
         <system-out><![CDATA[29-12-2023T11:23:34 - [TEST_CASE][FAILED] - Test Cases/Offline PSSI Dashboard Function/Create BE CCTV Data/Delete CCTV/Negative Test Case/PSSICancelDeleteCCTV: Test Cases/Offline PSSI Dashboard Function/Create BE CCTV Data/Delete CCTV/Negative Test Case/PSSICancelDeleteCCTV FAILED.
Reason:
com.kms.katalon.core.exception.StepFailedException: Unable to verify object is present
	at com.kms.katalon.core.webui.keyword.internal.WebUIKeywordMain.stepFailed(WebUIKeywordMain.groovy:64)
	at com.kms.katalon.core.webui.keyword.internal.WebUIKeywordMain.runKeyword(WebUIKeywordMain.groovy:26)
	at com.kms.katalon.core.webui.keyword.builtin.VerifyElementPresentKeyword.verifyElementPresent(VerifyElementPresentKeyword.groovy:92)
	at com.kms.katalon.core.webui.keyword.builtin.VerifyElementPresentKeyword.execute(VerifyElementPresentKeyword.groovy:68)
	at com.kms.katalon.core.keyword.internal.KeywordExecutor.executeKeywordForPlatform(KeywordExecutor.groovy:74)
	at com.kms.katalon.core.webui.keyword.WebUiBuiltInKeywords.verifyElementPresent(WebUiBuiltInKeywords.groovy:1487)
	at PSSICancelDeleteCCTV.run(PSSICancelDeleteCCTV:32)
	at com.kms.katalon.core.main.ScriptEngine.run(ScriptEngine.java:194)
	at com.kms.katalon.core.main.ScriptEngine.runScriptAsRawText(ScriptEngine.java:119)
	at com.kms.katalon.core.main.TestCaseExecutor.runScript(TestCaseExecutor.java:448)
	at com.kms.katalon.core.main.TestCaseExecutor.doExecute(TestCaseExecutor.java:439)
	at com.kms.katalon.core.main.TestCaseExecutor.processExecutionPhase(TestCaseExecutor.java:418)
	at com.kms.katalon.core.main.TestCaseExecutor.accessMainPhase(TestCaseExecutor.java:410)
	at com.kms.katalon.core.main.TestCaseExecutor.execute(TestCaseExecutor.java:285)
	at com.kms.katalon.core.common.CommonExecutor.accessTestCaseMainPhase(CommonExecutor.java:65)
	at com.kms.katalon.core.main.TestSuiteExecutor.accessTestSuiteMainPhase(TestSuiteExecutor.java:148)
	at com.kms.katalon.core.main.TestSuiteExecutor.execute(TestSuiteExecutor.java:106)
	at com.kms.katalon.core.main.TestCaseMain.startTestSuite(TestCaseMain.java:180)
	at TempTestSuite1703823535903.run(TempTestSuite1703823535903.groovy:36)
	at java.base/jdk.internal.reflect.NativeMethodAccessorImpl.invoke0(Native Method)
	at java.base/jdk.internal.reflect.NativeMethodAccessorImpl.invoke(NativeMethodAccessorImpl.java:77)
	at java.base/jdk.internal.reflect.DelegatingMethodAccessorImpl.invoke(DelegatingMethodAccessorImpl.java:43)
Caused by: java.lang.IllegalArgumentException: Object is null
	at com.kms.katalon.core.helper.KeywordHelper.checkTestObjectParameter(KeywordHelper.java:33)
	at com.kms.katalon.core.webui.keyword.builtin.VerifyElementPresentKeyword$_verifyElementPresent_closure1.doCall(VerifyElementPresentKeyword.groovy:76)
	at com.kms.katalon.core.webui.keyword.builtin.VerifyElementPresentKeyword$_verifyElementPresent_closure1.call(VerifyElementPresentKeyword.groovy)
	at com.kms.katalon.core.webui.keyword.internal.WebUIKeywordMain.runKeyword(WebUIKeywordMain.groovy:20)
	... 20 more


29-12-2023T11:23:35 - [TEST_STEP][PASSED] - failureHandling = STOP_ON_FAILURE: null

29-12-2023T11:23:35 - [TEST_STEP][PASSED] - baseUrl = offline_pssi_dashboard_url: null

29-12-2023T11:23:35 - [TEST_STEP][PASSED] - callTestCase(findTestCase("Offline PSSI Dashboard Function/Create BE CCTV Data/View CCTV Table/PSSIViewCCTVData"), [:], failureHandling): Call Test Case 'Test Cases/Offline PSSI Dashboard Function/Create BE CCTV Data/View CCTV Table/PSSIViewCCTVData' successfully

29-12-2023T11:23:35 - [TEST_CASE][PASSED] - Test Cases/Offline PSSI Dashboard Function/Create BE CCTV Data/View CCTV Table/PSSIViewCCTVData: Test Cases/Offline PSSI Dashboard Function/Create BE CCTV Data/View CCTV Table/PSSIViewCCTVData

29-12-2023T11:23:36 - [TEST_STEP][PASSED] - failureHandling = STOP_ON_FAILURE: null

29-12-2023T11:23:36 - [TEST_STEP][PASSED] - baseUrl = offline_pssi_dashboard_url: null

29-12-2023T11:23:36 - [TEST_STEP][PASSED] - callTestCase(findTestCase("Offline PSSI Dashboard Function/Create BE CCTV Data/View Stadium/PSSIViewStadiumData"), [:], failureHandling): Call Test Case 'Test Cases/Offline PSSI Dashboard Function/Create BE CCTV Data/View Stadium/PSSIViewStadiumData' successfully

29-12-2023T11:23:36 - [TEST_CASE][PASSED] - Test Cases/Offline PSSI Dashboard Function/Create BE CCTV Data/View Stadium/PSSIViewStadiumData: Test Cases/Offline PSSI Dashboard Function/Create BE CCTV Data/View Stadium/PSSIViewStadiumData

29-12-2023T11:23:36 - [TEST_STEP][PASSED] - failureHandling = STOP_ON_FAILURE: null

29-12-2023T11:23:36 - [TEST_STEP][PASSED] - baseUrl = offline_pssi_dashboard_url: null

29-12-2023T11:23:36 - [TEST_STEP][PASSED] - callTestCase(findTestCase("Offline PSSI Dashboard Function/Create BE CCTV Data/Sign In/PSSISignInValidData"), [:], failureHandling): Call Test Case 'Test Cases/Offline PSSI Dashboard Function/Create BE CCTV Data/Sign In/PSSISignInValidData' successfully

29-12-2023T11:23:36 - [TEST_CASE][PASSED] - Test Cases/Offline PSSI Dashboard Function/Create BE CCTV Data/Sign In/PSSISignInValidData: Test Cases/Offline PSSI Dashboard Function/Create BE CCTV Data/Sign In/PSSISignInValidData

29-12-2023T11:23:36 - [TEST_STEP][PASSED] - failureHandling = STOP_ON_FAILURE: null

29-12-2023T11:23:36 - [TEST_STEP][PASSED] - baseUrl = offline_pssi_dashboard_url: null

29-12-2023T11:23:36 - [TEST_STEP][PASSED] - openBrowser(""): Browser is opened with url: ''

29-12-2023T11:23:36 - [MESSAGE][INFO] - Starting 'Chrome' driver

29-12-2023T11:23:37 - [MESSAGE][INFO] - Action delay is set to 0 milliseconds

29-12-2023T11:23:39 - [MESSAGE][PASSED] - Browser is opened with url: ''

29-12-2023T11:23:39 - [TEST_STEP][PASSED] - navigateToUrl(baseUrl): Navigate to 'https://monitoring.pssi-dev.kecilin.id' successfully

29-12-2023T11:23:40 - [MESSAGE][PASSED] - Navigate to 'https://monitoring.pssi-dev.kecilin.id' successfully

29-12-2023T11:23:40 - [TEST_STEP][PASSED] - maximizeWindow(): Current window maximized

29-12-2023T11:23:40 - [MESSAGE][PASSED] - Current window maximized

29-12-2023T11:23:40 - [TEST_STEP][PASSED] - setText(findTestObject("Object Repository/Page_Login/input_email"), "superadmin@app.com"): Text 'superadmin@app.com' is set on object 'Object Repository/Page_Login/input_email'

29-12-2023T11:23:42 - [MESSAGE][PASSED] - Text 'superadmin@app.com' is set on object 'Object Repository/Page_Login/input_email'

29-12-2023T11:23:42 - [TEST_STEP][PASSED] - setEncryptedText(findTestObject("Object Repository/Page_Login/input_password"), "8SQVv/p9jVScEs4/2CZsLw=="): Text ****** has been set on object 'Object Repository/Page_Login/input_password'

29-12-2023T11:23:42 - [MESSAGE][PASSED] - Text ****** has been set on object 'Object Repository/Page_Login/input_password'

29-12-2023T11:23:42 - [TEST_STEP][PASSED] - click(findTestObject("Object Repository/Page_Login/button_Sign In")): Object: 'Object Repository/Page_Login/button_Sign In' is clicked on

29-12-2023T11:23:44 - [MESSAGE][PASSED] - Object: 'Object Repository/Page_Login/button_Sign In' is clicked on

29-12-2023T11:23:44 - [MESSAGE][PASSED] - Call Test Case 'Test Cases/Offline PSSI Dashboard Function/Create BE CCTV Data/Sign In/PSSISignInValidData' successfully

29-12-2023T11:23:44 - [TEST_STEP][PASSED] - navigateToUrl(baseUrl + "/cctv/stadion", failureHandling): Navigate to 'https://monitoring.pssi-dev.kecilin.id/cctv/stadion' successfully

29-12-2023T11:23:45 - [MESSAGE][PASSED] - Navigate to 'https://monitoring.pssi-dev.kecilin.id/cctv/stadion' successfully

29-12-2023T11:23:45 - [MESSAGE][PASSED] - Call Test Case 'Test Cases/Offline PSSI Dashboard Function/Create BE CCTV Data/View Stadium/PSSIViewStadiumData' successfully

29-12-2023T11:23:45 - [TEST_STEP][PASSED] - navigateToUrl(baseUrl + "/cctv/detail/64fea065acbef66fd5476494", failureHandling): Navigate to 'https://monitoring.pssi-dev.kecilin.id/cctv/detail/64fea065acbef66fd5476494' successfully

29-12-2023T11:23:45 - [MESSAGE][PASSED] - Navigate to 'https://monitoring.pssi-dev.kecilin.id/cctv/detail/64fea065acbef66fd5476494' successfully

29-12-2023T11:23:45 - [MESSAGE][PASSED] - Call Test Case 'Test Cases/Offline PSSI Dashboard Function/Create BE CCTV Data/View CCTV Table/PSSIViewCCTVData' successfully

29-12-2023T11:23:45 - [TEST_STEP][PASSED] - navigateToUrl(baseUrl + "/cctv/detail/64fea065acbef66fd5476494/delete/658cfcc212ca78ff5334e8ed", failureHandling): Navigate to 'https://monitoring.pssi-dev.kecilin.id/cctv/detail/64fea065acbef66fd5476494/delete/658cfcc212ca78ff5334e8ed' successfully

29-12-2023T11:23:46 - [MESSAGE][PASSED] - Navigate to 'https://monitoring.pssi-dev.kecilin.id/cctv/detail/64fea065acbef66fd5476494/delete/658cfcc212ca78ff5334e8ed' successfully

29-12-2023T11:23:46 - [TEST_STEP][FAILED] - if (verifyElementPresent(findTestObject("Object Repository/Page_CCTV/Button Cancel"), 0, failureHandling)): Unable to verify object is present (Root cause: com.kms.katalon.core.exception.StepFailedException: Unable to verify object is present
	at com.kms.katalon.core.webui.keyword.internal.WebUIKeywordMain.stepFailed(WebUIKeywordMain.groovy:64)
	at com.kms.katalon.core.webui.keyword.internal.WebUIKeywordMain.runKeyword(WebUIKeywordMain.groovy:26)
	at com.kms.katalon.core.webui.keyword.builtin.VerifyElementPresentKeyword.verifyElementPresent(VerifyElementPresentKeyword.groovy:92)
	at com.kms.katalon.core.webui.keyword.builtin.VerifyElementPresentKeyword.execute(VerifyElementPresentKeyword.groovy:68)
	at com.kms.katalon.core.keyword.internal.KeywordExecutor.executeKeywordForPlatform(KeywordExecutor.groovy:74)
	at com.kms.katalon.core.webui.keyword.WebUiBuiltInKeywords.verifyElementPresent(WebUiBuiltInKeywords.groovy:1487)
	at PSSICancelDeleteCCTV.run(PSSICancelDeleteCCTV:32)
	at com.kms.katalon.core.main.ScriptEngine.run(ScriptEngine.java:194)
	at com.kms.katalon.core.main.ScriptEngine.runScriptAsRawText(ScriptEngine.java:119)
	at com.kms.katalon.core.main.TestCaseExecutor.runScript(TestCaseExecutor.java:448)
	at com.kms.katalon.core.main.TestCaseExecutor.doExecute(TestCaseExecutor.java:439)
	at com.kms.katalon.core.main.TestCaseExecutor.processExecutionPhase(TestCaseExecutor.java:418)
	at com.kms.katalon.core.main.TestCaseExecutor.accessMainPhase(TestCaseExecutor.java:410)
	at com.kms.katalon.core.main.TestCaseExecutor.execute(TestCaseExecutor.java:285)
	at com.kms.katalon.core.common.CommonExecutor.accessTestCaseMainPhase(CommonExecutor.java:65)
	at com.kms.katalon.core.main.TestSuiteExecutor.accessTestSuiteMainPhase(TestSuiteExecutor.java:148)
	at com.kms.katalon.core.main.TestSuiteExecutor.execute(TestSuiteExecutor.java:106)
	at com.kms.katalon.core.main.TestCaseMain.startTestSuite(TestCaseMain.java:180)
	at TempTestSuite1703823535903.run(TempTestSuite1703823535903.groovy:36)
	at java.base/jdk.internal.reflect.NativeMethodAccessorImpl.invoke0(Native Method)
	at java.base/jdk.internal.reflect.NativeMethodAccessorImpl.invoke(NativeMethodAccessorImpl.java:77)
	at java.base/jdk.internal.reflect.DelegatingMethodAccessorImpl.invoke(DelegatingMethodAccessorImpl.java:43)
Caused by: java.lang.IllegalArgumentException: Object is null
	at com.kms.katalon.core.helper.KeywordHelper.checkTestObjectParameter(KeywordHelper.java:33)
	at com.kms.katalon.core.webui.keyword.builtin.VerifyElementPresentKeyword$_verifyElementPresent_closure1.doCall(VerifyElementPresentKeyword.groovy:76)
	at com.kms.katalon.core.webui.keyword.builtin.VerifyElementPresentKeyword$_verifyElementPresent_closure1.call(VerifyElementPresentKeyword.groovy)
	at com.kms.katalon.core.webui.keyword.internal.WebUIKeywordMain.runKeyword(WebUIKeywordMain.groovy:20)
	at com.kms.katalon.core.webui.keyword.builtin.VerifyElementPresentKeyword.verifyElementPresent(VerifyElementPresentKeyword.groovy:92)
	at com.kms.katalon.core.webui.keyword.builtin.VerifyElementPresentKeyword.execute(VerifyElementPresentKeyword.groovy:68)
	at com.kms.katalon.core.keyword.internal.KeywordExecutor.executeKeywordForPlatform(KeywordExecutor.groovy:74)
	at com.kms.katalon.core.webui.keyword.WebUiBuiltInKeywords.verifyElementPresent(WebUiBuiltInKeywords.groovy:1487)
	at Script1703750980359.run(Script1703750980359.groovy:32)
	... 15 more
)

29-12-2023T11:23:46 - [MESSAGE][WARNING] - Test object with id 'Object Repository/Page_CCTV/Button Cancel' does not exist

29-12-2023T11:23:46 - [MESSAGE][WARNING] - Test object with id 'Object Repository/' does not exist

29-12-2023T11:23:46 - [MESSAGE][FAILED] - Unable to verify object is present (Root cause: com.kms.katalon.core.exception.StepFailedException: Unable to verify object is present
	at com.kms.katalon.core.webui.keyword.internal.WebUIKeywordMain.stepFailed(WebUIKeywordMain.groovy:64)
	at com.kms.katalon.core.webui.keyword.internal.WebUIKeywordMain.runKeyword(WebUIKeywordMain.groovy:26)
	at com.kms.katalon.core.webui.keyword.builtin.VerifyElementPresentKeyword.verifyElementPresent(VerifyElementPresentKeyword.groovy:92)
	at com.kms.katalon.core.webui.keyword.builtin.VerifyElementPresentKeyword.execute(VerifyElementPresentKeyword.groovy:68)
	at com.kms.katalon.core.keyword.internal.KeywordExecutor.executeKeywordForPlatform(KeywordExecutor.groovy:74)
	at com.kms.katalon.core.webui.keyword.WebUiBuiltInKeywords.verifyElementPresent(WebUiBuiltInKeywords.groovy:1487)
	at PSSICancelDeleteCCTV.run(PSSICancelDeleteCCTV:32)
	at com.kms.katalon.core.main.ScriptEngine.run(ScriptEngine.java:194)
	at com.kms.katalon.core.main.ScriptEngine.runScriptAsRawText(ScriptEngine.java:119)
	at com.kms.katalon.core.main.TestCaseExecutor.runScript(TestCaseExecutor.java:448)
	at com.kms.katalon.core.main.TestCaseExecutor.doExecute(TestCaseExecutor.java:439)
	at com.kms.katalon.core.main.TestCaseExecutor.processExecutionPhase(TestCaseExecutor.java:418)
	at com.kms.katalon.core.main.TestCaseExecutor.accessMainPhase(TestCaseExecutor.java:410)
	at com.kms.katalon.core.main.TestCaseExecutor.execute(TestCaseExecutor.java:285)
	at com.kms.katalon.core.common.CommonExecutor.accessTestCaseMainPhase(CommonExecutor.java:65)
	at com.kms.katalon.core.main.TestSuiteExecutor.accessTestSuiteMainPhase(TestSuiteExecutor.java:148)
	at com.kms.katalon.core.main.TestSuiteExecutor.execute(TestSuiteExecutor.java:106)
	at com.kms.katalon.core.main.TestCaseMain.startTestSuite(TestCaseMain.java:180)
	at TempTestSuite1703823535903.run(TempTestSuite1703823535903.groovy:36)
	at java.base/jdk.internal.reflect.NativeMethodAccessorImpl.invoke0(Native Method)
	at java.base/jdk.internal.reflect.NativeMethodAccessorImpl.invoke(NativeMethodAccessorImpl.java:77)
	at java.base/jdk.internal.reflect.DelegatingMethodAccessorImpl.invoke(DelegatingMethodAccessorImpl.java:43)
Caused by: java.lang.IllegalArgumentException: Object is null
	at com.kms.katalon.core.helper.KeywordHelper.checkTestObjectParameter(KeywordHelper.java:33)
	at com.kms.katalon.core.webui.keyword.builtin.VerifyElementPresentKeyword$_verifyElementPresent_closure1.doCall(VerifyElementPresentKeyword.groovy:76)
	at com.kms.katalon.core.webui.keyword.builtin.VerifyElementPresentKeyword$_verifyElementPresent_closure1.call(VerifyElementPresentKeyword.groovy)
	at com.kms.katalon.core.webui.keyword.internal.WebUIKeywordMain.runKeyword(WebUIKeywordMain.groovy:20)
	at com.kms.katalon.core.webui.keyword.builtin.VerifyElementPresentKeyword.verifyElementPresent(VerifyElementPresentKeyword.groovy:92)
	at com.kms.katalon.core.webui.keyword.builtin.VerifyElementPresentKeyword.execute(VerifyElementPresentKeyword.groovy:68)
	at com.kms.katalon.core.keyword.internal.KeywordExecutor.executeKeywordForPlatform(KeywordExecutor.groovy:74)
	at com.kms.katalon.core.webui.keyword.WebUiBuiltInKeywords.verifyElementPresent(WebUiBuiltInKeywords.groovy:1487)
	at Script1703750980359.run(Script1703750980359.groovy:32)
	... 15 more
)
[[ATTACHMENT|C:\\Users\\USER\\git\\Kecilin-Automation-Test\\Reports\\20231229_111847\\Create BE CCTV Data\\Delete CCTV Test Suite\\20231229_111855\\1703823826318.png]]]]></system-out>
         <system-err><![CDATA[29-12-2023T11:23:34 - [TEST_CASE][FAILED] - Test Cases/Offline PSSI Dashboard Function/Create BE CCTV Data/Delete CCTV/Negative Test Case/PSSICancelDeleteCCTV: Test Cases/Offline PSSI Dashboard Function/Create BE CCTV Data/Delete CCTV/Negative Test Case/PSSICancelDeleteCCTV FAILED.
Reason:
com.kms.katalon.core.exception.StepFailedException: Unable to verify object is present
	at com.kms.katalon.core.webui.keyword.internal.WebUIKeywordMain.stepFailed(WebUIKeywordMain.groovy:64)
	at com.kms.katalon.core.webui.keyword.internal.WebUIKeywordMain.runKeyword(WebUIKeywordMain.groovy:26)
	at com.kms.katalon.core.webui.keyword.builtin.VerifyElementPresentKeyword.verifyElementPresent(VerifyElementPresentKeyword.groovy:92)
	at com.kms.katalon.core.webui.keyword.builtin.VerifyElementPresentKeyword.execute(VerifyElementPresentKeyword.groovy:68)
	at com.kms.katalon.core.keyword.internal.KeywordExecutor.executeKeywordForPlatform(KeywordExecutor.groovy:74)
	at com.kms.katalon.core.webui.keyword.WebUiBuiltInKeywords.verifyElementPresent(WebUiBuiltInKeywords.groovy:1487)
	at PSSICancelDeleteCCTV.run(PSSICancelDeleteCCTV:32)
	at com.kms.katalon.core.main.ScriptEngine.run(ScriptEngine.java:194)
	at com.kms.katalon.core.main.ScriptEngine.runScriptAsRawText(ScriptEngine.java:119)
	at com.kms.katalon.core.main.TestCaseExecutor.runScript(TestCaseExecutor.java:448)
	at com.kms.katalon.core.main.TestCaseExecutor.doExecute(TestCaseExecutor.java:439)
	at com.kms.katalon.core.main.TestCaseExecutor.processExecutionPhase(TestCaseExecutor.java:418)
	at com.kms.katalon.core.main.TestCaseExecutor.accessMainPhase(TestCaseExecutor.java:410)
	at com.kms.katalon.core.main.TestCaseExecutor.execute(TestCaseExecutor.java:285)
	at com.kms.katalon.core.common.CommonExecutor.accessTestCaseMainPhase(CommonExecutor.java:65)
	at com.kms.katalon.core.main.TestSuiteExecutor.accessTestSuiteMainPhase(TestSuiteExecutor.java:148)
	at com.kms.katalon.core.main.TestSuiteExecutor.execute(TestSuiteExecutor.java:106)
	at com.kms.katalon.core.main.TestCaseMain.startTestSuite(TestCaseMain.java:180)
	at TempTestSuite1703823535903.run(TempTestSuite1703823535903.groovy:36)
	at java.base/jdk.internal.reflect.NativeMethodAccessorImpl.invoke0(Native Method)
	at java.base/jdk.internal.reflect.NativeMethodAccessorImpl.invoke(NativeMethodAccessorImpl.java:77)
	at java.base/jdk.internal.reflect.DelegatingMethodAccessorImpl.invoke(DelegatingMethodAccessorImpl.java:43)
Caused by: java.lang.IllegalArgumentException: Object is null
	at com.kms.katalon.core.helper.KeywordHelper.checkTestObjectParameter(KeywordHelper.java:33)
	at com.kms.katalon.core.webui.keyword.builtin.VerifyElementPresentKeyword$_verifyElementPresent_closure1.doCall(VerifyElementPresentKeyword.groovy:76)
	at com.kms.katalon.core.webui.keyword.builtin.VerifyElementPresentKeyword$_verifyElementPresent_closure1.call(VerifyElementPresentKeyword.groovy)
	at com.kms.katalon.core.webui.keyword.internal.WebUIKeywordMain.runKeyword(WebUIKeywordMain.groovy:20)
	... 20 more]]></system-err>
      </testcase>
      <testcase name="Test Cases/Offline PSSI Dashboard Function/Create BE CCTV Data/Delete CCTV/Positive Test Case/PSSIDeleteCCTV" time="9.726" classname="Test Cases/Offline PSSI Dashboard Function/Create BE CCTV Data/Delete CCTV/Positive Test Case/PSSIDeleteCCTV" status="FAILED">
         <failure type="FAILED" message="Test Cases/Offline PSSI Dashboard Function/Create BE CCTV Data/Delete CCTV/Positive Test Case/PSSIDeleteCCTV FAILED.&#xa;Reason:&#xa;com.kms.katalon.core.exception.StepFailedException: Test failed because data exists on table&#xa;	at com.kms.katalon.core.util.KeywordUtil.markFailed(KeywordUtil.java:19)&#xa;	at PSSIDeleteCCTV.run(PSSIDeleteCCTV:36)&#xa;	at com.kms.katalon.core.main.ScriptEngine.run(ScriptEngine.java:194)&#xa;	at com.kms.katalon.core.main.ScriptEngine.runScriptAsRawText(ScriptEngine.java:119)&#xa;	at com.kms.katalon.core.main.TestCaseExecutor.runScript(TestCaseExecutor.java:448)&#xa;	at com.kms.katalon.core.main.TestCaseExecutor.doExecute(TestCaseExecutor.java:439)&#xa;	at com.kms.katalon.core.main.TestCaseExecutor.processExecutionPhase(TestCaseExecutor.java:418)&#xa;	at com.kms.katalon.core.main.TestCaseExecutor.accessMainPhase(TestCaseExecutor.java:410)&#xa;	at com.kms.katalon.core.main.TestCaseExecutor.execute(TestCaseExecutor.java:285)&#xa;	at com.kms.katalon.core.common.CommonExecutor.accessTestCaseMainPhase(CommonExecutor.java:65)&#xa;	at com.kms.katalon.core.main.TestSuiteExecutor.accessTestSuiteMainPhase(TestSuiteExecutor.java:148)&#xa;	at com.kms.katalon.core.main.TestSuiteExecutor.execute(TestSuiteExecutor.java:106)&#xa;	at com.kms.katalon.core.main.TestCaseMain.startTestSuite(TestCaseMain.java:180)&#xa;	at TempTestSuite1703823535903.run(TempTestSuite1703823535903.groovy:36)&#xa;	at java.base/jdk.internal.reflect.NativeMethodAccessorImpl.invoke0(Native Method)&#xa;	at java.base/jdk.internal.reflect.NativeMethodAccessorImpl.invoke(NativeMethodAccessorImpl.java:77)&#xa;	at java.base/jdk.internal.reflect.DelegatingMethodAccessorImpl.invoke(DelegatingMethodAccessorImpl.java:43)&#xa;"/>
         <system-out><![CDATA[29-12-2023T11:23:46 - [TEST_CASE][FAILED] - Test Cases/Offline PSSI Dashboard Function/Create BE CCTV Data/Delete CCTV/Positive Test Case/PSSIDeleteCCTV: Test Cases/Offline PSSI Dashboard Function/Create BE CCTV Data/Delete CCTV/Positive Test Case/PSSIDeleteCCTV FAILED.
Reason:
com.kms.katalon.core.exception.StepFailedException: Test failed because data exists on table
	at com.kms.katalon.core.util.KeywordUtil.markFailed(KeywordUtil.java:19)
	at PSSIDeleteCCTV.run(PSSIDeleteCCTV:36)
	at com.kms.katalon.core.main.ScriptEngine.run(ScriptEngine.java:194)
	at com.kms.katalon.core.main.ScriptEngine.runScriptAsRawText(ScriptEngine.java:119)
	at com.kms.katalon.core.main.TestCaseExecutor.runScript(TestCaseExecutor.java:448)
	at com.kms.katalon.core.main.TestCaseExecutor.doExecute(TestCaseExecutor.java:439)
	at com.kms.katalon.core.main.TestCaseExecutor.processExecutionPhase(TestCaseExecutor.java:418)
	at com.kms.katalon.core.main.TestCaseExecutor.accessMainPhase(TestCaseExecutor.java:410)
	at com.kms.katalon.core.main.TestCaseExecutor.execute(TestCaseExecutor.java:285)
	at com.kms.katalon.core.common.CommonExecutor.accessTestCaseMainPhase(CommonExecutor.java:65)
	at com.kms.katalon.core.main.TestSuiteExecutor.accessTestSuiteMainPhase(TestSuiteExecutor.java:148)
	at com.kms.katalon.core.main.TestSuiteExecutor.execute(TestSuiteExecutor.java:106)
	at com.kms.katalon.core.main.TestCaseMain.startTestSuite(TestCaseMain.java:180)
	at TempTestSuite1703823535903.run(TempTestSuite1703823535903.groovy:36)
	at java.base/jdk.internal.reflect.NativeMethodAccessorImpl.invoke0(Native Method)
	at java.base/jdk.internal.reflect.NativeMethodAccessorImpl.invoke(NativeMethodAccessorImpl.java:77)
	at java.base/jdk.internal.reflect.DelegatingMethodAccessorImpl.invoke(DelegatingMethodAccessorImpl.java:43)


29-12-2023T11:23:47 - [TEST_STEP][PASSED] - failureHandling = STOP_ON_FAILURE: null

29-12-2023T11:23:47 - [TEST_STEP][PASSED] - baseUrl = offline_pssi_dashboard_url: null

29-12-2023T11:23:47 - [TEST_STEP][PASSED] - callTestCase(findTestCase("Offline PSSI Dashboard Function/Create BE CCTV Data/View CCTV Table/PSSIViewCCTVData"), [:], failureHandling): Call Test Case 'Test Cases/Offline PSSI Dashboard Function/Create BE CCTV Data/View CCTV Table/PSSIViewCCTVData' successfully

29-12-2023T11:23:47 - [TEST_CASE][PASSED] - Test Cases/Offline PSSI Dashboard Function/Create BE CCTV Data/View CCTV Table/PSSIViewCCTVData: Test Cases/Offline PSSI Dashboard Function/Create BE CCTV Data/View CCTV Table/PSSIViewCCTVData

29-12-2023T11:23:47 - [TEST_STEP][PASSED] - failureHandling = STOP_ON_FAILURE: null

29-12-2023T11:23:47 - [TEST_STEP][PASSED] - baseUrl = offline_pssi_dashboard_url: null

29-12-2023T11:23:47 - [TEST_STEP][PASSED] - callTestCase(findTestCase("Offline PSSI Dashboard Function/Create BE CCTV Data/View Stadium/PSSIViewStadiumData"), [:], failureHandling): Call Test Case 'Test Cases/Offline PSSI Dashboard Function/Create BE CCTV Data/View Stadium/PSSIViewStadiumData' successfully

29-12-2023T11:23:47 - [TEST_CASE][PASSED] - Test Cases/Offline PSSI Dashboard Function/Create BE CCTV Data/View Stadium/PSSIViewStadiumData: Test Cases/Offline PSSI Dashboard Function/Create BE CCTV Data/View Stadium/PSSIViewStadiumData

29-12-2023T11:23:47 - [TEST_STEP][PASSED] - failureHandling = STOP_ON_FAILURE: null

29-12-2023T11:23:47 - [TEST_STEP][PASSED] - baseUrl = offline_pssi_dashboard_url: null

29-12-2023T11:23:47 - [TEST_STEP][PASSED] - callTestCase(findTestCase("Offline PSSI Dashboard Function/Create BE CCTV Data/Sign In/PSSISignInValidData"), [:], failureHandling): Call Test Case 'Test Cases/Offline PSSI Dashboard Function/Create BE CCTV Data/Sign In/PSSISignInValidData' successfully

29-12-2023T11:23:47 - [TEST_CASE][PASSED] - Test Cases/Offline PSSI Dashboard Function/Create BE CCTV Data/Sign In/PSSISignInValidData: Test Cases/Offline PSSI Dashboard Function/Create BE CCTV Data/Sign In/PSSISignInValidData

29-12-2023T11:23:47 - [TEST_STEP][PASSED] - failureHandling = STOP_ON_FAILURE: null

29-12-2023T11:23:47 - [TEST_STEP][PASSED] - baseUrl = offline_pssi_dashboard_url: null

29-12-2023T11:23:47 - [TEST_STEP][PASSED] - openBrowser(""): Browser is opened with url: ''

29-12-2023T11:23:47 - [MESSAGE][WARNING] - A browser is already opened. Closing browser and opening a new one

29-12-2023T11:23:48 - [MESSAGE][INFO] - Starting 'Chrome' driver

29-12-2023T11:23:48 - [MESSAGE][INFO] - Action delay is set to 0 milliseconds

29-12-2023T11:23:49 - [MESSAGE][PASSED] - Browser is opened with url: ''

29-12-2023T11:23:49 - [TEST_STEP][PASSED] - navigateToUrl(baseUrl): Navigate to 'https://monitoring.pssi-dev.kecilin.id' successfully

29-12-2023T11:23:50 - [MESSAGE][PASSED] - Navigate to 'https://monitoring.pssi-dev.kecilin.id' successfully

29-12-2023T11:23:50 - [TEST_STEP][PASSED] - maximizeWindow(): Current window maximized

29-12-2023T11:23:50 - [MESSAGE][PASSED] - Current window maximized

29-12-2023T11:23:50 - [TEST_STEP][PASSED] - setText(findTestObject("Object Repository/Page_Login/input_email"), "superadmin@app.com"): Text 'superadmin@app.com' is set on object 'Object Repository/Page_Login/input_email'

29-12-2023T11:23:51 - [MESSAGE][PASSED] - Text 'superadmin@app.com' is set on object 'Object Repository/Page_Login/input_email'

29-12-2023T11:23:51 - [TEST_STEP][PASSED] - setEncryptedText(findTestObject("Object Repository/Page_Login/input_password"), "8SQVv/p9jVScEs4/2CZsLw=="): Text ****** has been set on object 'Object Repository/Page_Login/input_password'

29-12-2023T11:23:52 - [MESSAGE][PASSED] - Text ****** has been set on object 'Object Repository/Page_Login/input_password'

29-12-2023T11:23:52 - [TEST_STEP][PASSED] - click(findTestObject("Object Repository/Page_Login/button_Sign In")): Object: 'Object Repository/Page_Login/button_Sign In' is clicked on

29-12-2023T11:23:54 - [MESSAGE][PASSED] - Object: 'Object Repository/Page_Login/button_Sign In' is clicked on

29-12-2023T11:23:54 - [MESSAGE][PASSED] - Call Test Case 'Test Cases/Offline PSSI Dashboard Function/Create BE CCTV Data/Sign In/PSSISignInValidData' successfully

29-12-2023T11:23:54 - [TEST_STEP][PASSED] - navigateToUrl(baseUrl + "/cctv/stadion", failureHandling): Navigate to 'https://monitoring.pssi-dev.kecilin.id/cctv/stadion' successfully

29-12-2023T11:23:54 - [MESSAGE][PASSED] - Navigate to 'https://monitoring.pssi-dev.kecilin.id/cctv/stadion' successfully

29-12-2023T11:23:54 - [MESSAGE][PASSED] - Call Test Case 'Test Cases/Offline PSSI Dashboard Function/Create BE CCTV Data/View Stadium/PSSIViewStadiumData' successfully

29-12-2023T11:23:54 - [TEST_STEP][PASSED] - navigateToUrl(baseUrl + "/cctv/detail/64fea065acbef66fd5476494", failureHandling): Navigate to 'https://monitoring.pssi-dev.kecilin.id/cctv/detail/64fea065acbef66fd5476494' successfully

29-12-2023T11:23:54 - [MESSAGE][PASSED] - Navigate to 'https://monitoring.pssi-dev.kecilin.id/cctv/detail/64fea065acbef66fd5476494' successfully

29-12-2023T11:23:54 - [MESSAGE][PASSED] - Call Test Case 'Test Cases/Offline PSSI Dashboard Function/Create BE CCTV Data/View CCTV Table/PSSIViewCCTVData' successfully

29-12-2023T11:23:54 - [TEST_STEP][PASSED] - navigateToUrl(baseUrl + "/cctv/detail/64fea065acbef66fd5476494/delete/658cfcc212ca78ff5334e8ed", failureHandling): Navigate to 'https://monitoring.pssi-dev.kecilin.id/cctv/detail/64fea065acbef66fd5476494/delete/658cfcc212ca78ff5334e8ed' successfully

29-12-2023T11:23:55 - [MESSAGE][PASSED] - Navigate to 'https://monitoring.pssi-dev.kecilin.id/cctv/detail/64fea065acbef66fd5476494/delete/658cfcc212ca78ff5334e8ed' successfully

29-12-2023T11:23:55 - [TEST_STEP][PASSED] - if (verifyElementPresent(findTestObject("Object Repository/Page_CCTV/CCTV Data Title"), 0, failureHandling)): Test failed because data exists on table

29-12-2023T11:23:55 - [MESSAGE][WARNING] - Timeout '0' is invalid. Using default page load timeout: '30'

29-12-2023T11:23:55 - [MESSAGE][PASSED] - Object 'Object Repository/Page_CCTV/CCTV Data Title' is present

29-12-2023T11:23:55 - [TEST_STEP][PASSED] - pageSource = getWebDriver().getPageSource(): null

29-12-2023T11:23:56 - [TEST_STEP][PASSED] - isDataExist = pageSource.contains("1002") && pageSource.contains("camera2") && pageSource.contains("googeru"): null

29-12-2023T11:23:56 - [TEST_STEP][FAILED] - if (isDataExist): Test failed because data exists on table

29-12-2023T11:23:56 - [TEST_STEP][FAILED] - markFailed("Test failed because data exists on table"): Test failed because data exists on table

29-12-2023T11:23:56 - [MESSAGE][FAILED] - Test failed because data exists on table

29-12-2023T11:23:56 - [TEST_STEP][PASSED] - closeBrowser(): Browser is closed

29-12-2023T11:23:56 - [MESSAGE][PASSED] - Browser is closed]]></system-out>
         <system-err><![CDATA[29-12-2023T11:23:46 - [TEST_CASE][FAILED] - Test Cases/Offline PSSI Dashboard Function/Create BE CCTV Data/Delete CCTV/Positive Test Case/PSSIDeleteCCTV: Test Cases/Offline PSSI Dashboard Function/Create BE CCTV Data/Delete CCTV/Positive Test Case/PSSIDeleteCCTV FAILED.
Reason:
com.kms.katalon.core.exception.StepFailedException: Test failed because data exists on table
	at com.kms.katalon.core.util.KeywordUtil.markFailed(KeywordUtil.java:19)
	at PSSIDeleteCCTV.run(PSSIDeleteCCTV:36)
	at com.kms.katalon.core.main.ScriptEngine.run(ScriptEngine.java:194)
	at com.kms.katalon.core.main.ScriptEngine.runScriptAsRawText(ScriptEngine.java:119)
	at com.kms.katalon.core.main.TestCaseExecutor.runScript(TestCaseExecutor.java:448)
	at com.kms.katalon.core.main.TestCaseExecutor.doExecute(TestCaseExecutor.java:439)
	at com.kms.katalon.core.main.TestCaseExecutor.processExecutionPhase(TestCaseExecutor.java:418)
	at com.kms.katalon.core.main.TestCaseExecutor.accessMainPhase(TestCaseExecutor.java:410)
	at com.kms.katalon.core.main.TestCaseExecutor.execute(TestCaseExecutor.java:285)
	at com.kms.katalon.core.common.CommonExecutor.accessTestCaseMainPhase(CommonExecutor.java:65)
	at com.kms.katalon.core.main.TestSuiteExecutor.accessTestSuiteMainPhase(TestSuiteExecutor.java:148)
	at com.kms.katalon.core.main.TestSuiteExecutor.execute(TestSuiteExecutor.java:106)
	at com.kms.katalon.core.main.TestCaseMain.startTestSuite(TestCaseMain.java:180)
	at TempTestSuite1703823535903.run(TempTestSuite1703823535903.groovy:36)
	at java.base/jdk.internal.reflect.NativeMethodAccessorImpl.invoke0(Native Method)
	at java.base/jdk.internal.reflect.NativeMethodAccessorImpl.invoke(NativeMethodAccessorImpl.java:77)
	at java.base/jdk.internal.reflect.DelegatingMethodAccessorImpl.invoke(DelegatingMethodAccessorImpl.java:43)]]></system-err>
      </testcase>
      <system-out><![CDATA[29-12-2023T11:23:34 - [TEST_SUITE][FAILED] - Delete CCTV Test Suite: Test Cases/Offline PSSI Dashboard Function/Create BE CCTV Data/Delete CCTV/Negative Test Case/PSSICancelDeleteCCTV FAILED.
Reason:
com.kms.katalon.core.exception.StepFailedException: Unable to verify object is present
	at com.kms.katalon.core.webui.keyword.internal.WebUIKeywordMain.stepFailed(WebUIKeywordMain.groovy:64)
	at com.kms.katalon.core.webui.keyword.internal.WebUIKeywordMain.runKeyword(WebUIKeywordMain.groovy:26)
	at com.kms.katalon.core.webui.keyword.builtin.VerifyElementPresentKeyword.verifyElementPresent(VerifyElementPresentKeyword.groovy:92)
	at com.kms.katalon.core.webui.keyword.builtin.VerifyElementPresentKeyword.execute(VerifyElementPresentKeyword.groovy:68)
	at com.kms.katalon.core.keyword.internal.KeywordExecutor.executeKeywordForPlatform(KeywordExecutor.groovy:74)
	at com.kms.katalon.core.webui.keyword.WebUiBuiltInKeywords.verifyElementPresent(WebUiBuiltInKeywords.groovy:1487)
	at PSSICancelDeleteCCTV.run(PSSICancelDeleteCCTV:32)
	at com.kms.katalon.core.main.ScriptEngine.run(ScriptEngine.java:194)
	at com.kms.katalon.core.main.ScriptEngine.runScriptAsRawText(ScriptEngine.java:119)
	at com.kms.katalon.core.main.TestCaseExecutor.runScript(TestCaseExecutor.java:448)
	at com.kms.katalon.core.main.TestCaseExecutor.doExecute(TestCaseExecutor.java:439)
	at com.kms.katalon.core.main.TestCaseExecutor.processExecutionPhase(TestCaseExecutor.java:418)
	at com.kms.katalon.core.main.TestCaseExecutor.accessMainPhase(TestCaseExecutor.java:410)
	at com.kms.katalon.core.main.TestCaseExecutor.execute(TestCaseExecutor.java:285)
	at com.kms.katalon.core.common.CommonExecutor.accessTestCaseMainPhase(CommonExecutor.java:65)
	at com.kms.katalon.core.main.TestSuiteExecutor.accessTestSuiteMainPhase(TestSuiteExecutor.java:148)
	at com.kms.katalon.core.main.TestSuiteExecutor.execute(TestSuiteExecutor.java:106)
	at com.kms.katalon.core.main.TestCaseMain.startTestSuite(TestCaseMain.java:180)
	at TempTestSuite1703823535903.run(TempTestSuite1703823535903.groovy:36)
	at java.base/jdk.internal.reflect.NativeMethodAccessorImpl.invoke0(Native Method)
	at java.base/jdk.internal.reflect.NativeMethodAccessorImpl.invoke(NativeMethodAccessorImpl.java:77)
	at java.base/jdk.internal.reflect.DelegatingMethodAccessorImpl.invoke(DelegatingMethodAccessorImpl.java:43)
Caused by: java.lang.IllegalArgumentException: Object is null
	at com.kms.katalon.core.helper.KeywordHelper.checkTestObjectParameter(KeywordHelper.java:33)
	at com.kms.katalon.core.webui.keyword.builtin.VerifyElementPresentKeyword$_verifyElementPresent_closure1.doCall(VerifyElementPresentKeyword.groovy:76)
	at com.kms.katalon.core.webui.keyword.builtin.VerifyElementPresentKeyword$_verifyElementPresent_closure1.call(VerifyElementPresentKeyword.groovy)
	at com.kms.katalon.core.webui.keyword.internal.WebUIKeywordMain.runKeyword(WebUIKeywordMain.groovy:20)
	... 20 more]]></system-out>
      <system-err><![CDATA[29-12-2023T11:23:34 - [TEST_SUITE][FAILED] - Delete CCTV Test Suite: Test Cases/Offline PSSI Dashboard Function/Create BE CCTV Data/Delete CCTV/Negative Test Case/PSSICancelDeleteCCTV FAILED.
Reason:
com.kms.katalon.core.exception.StepFailedException: Unable to verify object is present
	at com.kms.katalon.core.webui.keyword.internal.WebUIKeywordMain.stepFailed(WebUIKeywordMain.groovy:64)
	at com.kms.katalon.core.webui.keyword.internal.WebUIKeywordMain.runKeyword(WebUIKeywordMain.groovy:26)
	at com.kms.katalon.core.webui.keyword.builtin.VerifyElementPresentKeyword.verifyElementPresent(VerifyElementPresentKeyword.groovy:92)
	at com.kms.katalon.core.webui.keyword.builtin.VerifyElementPresentKeyword.execute(VerifyElementPresentKeyword.groovy:68)
	at com.kms.katalon.core.keyword.internal.KeywordExecutor.executeKeywordForPlatform(KeywordExecutor.groovy:74)
	at com.kms.katalon.core.webui.keyword.WebUiBuiltInKeywords.verifyElementPresent(WebUiBuiltInKeywords.groovy:1487)
	at PSSICancelDeleteCCTV.run(PSSICancelDeleteCCTV:32)
	at com.kms.katalon.core.main.ScriptEngine.run(ScriptEngine.java:194)
	at com.kms.katalon.core.main.ScriptEngine.runScriptAsRawText(ScriptEngine.java:119)
	at com.kms.katalon.core.main.TestCaseExecutor.runScript(TestCaseExecutor.java:448)
	at com.kms.katalon.core.main.TestCaseExecutor.doExecute(TestCaseExecutor.java:439)
	at com.kms.katalon.core.main.TestCaseExecutor.processExecutionPhase(TestCaseExecutor.java:418)
	at com.kms.katalon.core.main.TestCaseExecutor.accessMainPhase(TestCaseExecutor.java:410)
	at com.kms.katalon.core.main.TestCaseExecutor.execute(TestCaseExecutor.java:285)
	at com.kms.katalon.core.common.CommonExecutor.accessTestCaseMainPhase(CommonExecutor.java:65)
	at com.kms.katalon.core.main.TestSuiteExecutor.accessTestSuiteMainPhase(TestSuiteExecutor.java:148)
	at com.kms.katalon.core.main.TestSuiteExecutor.execute(TestSuiteExecutor.java:106)
	at com.kms.katalon.core.main.TestCaseMain.startTestSuite(TestCaseMain.java:180)
	at TempTestSuite1703823535903.run(TempTestSuite1703823535903.groovy:36)
	at java.base/jdk.internal.reflect.NativeMethodAccessorImpl.invoke0(Native Method)
	at java.base/jdk.internal.reflect.NativeMethodAccessorImpl.invoke(NativeMethodAccessorImpl.java:77)
	at java.base/jdk.internal.reflect.DelegatingMethodAccessorImpl.invoke(DelegatingMethodAccessorImpl.java:43)
Caused by: java.lang.IllegalArgumentException: Object is null
	at com.kms.katalon.core.helper.KeywordHelper.checkTestObjectParameter(KeywordHelper.java:33)
	at com.kms.katalon.core.webui.keyword.builtin.VerifyElementPresentKeyword$_verifyElementPresent_closure1.doCall(VerifyElementPresentKeyword.groovy:76)
	at com.kms.katalon.core.webui.keyword.builtin.VerifyElementPresentKeyword$_verifyElementPresent_closure1.call(VerifyElementPresentKeyword.groovy)
	at com.kms.katalon.core.webui.keyword.internal.WebUIKeywordMain.runKeyword(WebUIKeywordMain.groovy:20)
	... 20 more]]></system-err>
   </testsuite>
   <testsuite name="Edit CCTV Test Suite" tests="5" failures="5" errors="0" time="255.479" skipped="0" timestamp="29-12-2023T11:24:14" hostname="USER - DESKTOP-HLRVE9S" id="Test Suites/Create BE CCTV Data/Edit CCTV Test Suite">
      <properties>
         <property name="deviceName" value=""/>
         <property name="devicePlatform" value=""/>
         <property name="logFolder" value="C:\\Users\\USER\\git\\Kecilin-Automation-Test\\Reports\\20231229_111847\\Create BE CCTV Data\\Edit CCTV Test Suite\\20231229_111857"/>
         <property name="logFiles" value="C:\\Users\\USER\\git\\Kecilin-Automation-Test\\Reports\\20231229_111847\\Create BE CCTV Data\\Edit CCTV Test Suite\\20231229_111857\\execution0.log"/>
         <property name="attachments" value="C:\\Users\\USER\\git\\Kecilin-Automation-Test\\Reports\\20231229_111847\\Create BE CCTV Data\\Edit CCTV Test Suite\\20231229_111857\\1703824060103.png"/>
         <property name="hostName" value="USER - DESKTOP-HLRVE9S"/>
         <property name="os" value="Windows 10 64bit"/>
         <property name="katalonVersion" value="9.2.0.212"/>
         <property name="browser" value="Chrome 120.0.0.0"/>
         <property name="hostAddress" value="192.168.100.183"/>
         <property name="sessionId" value="9f34ac4635c6965f51cb7d5ebab18392"/>
         <property name="seleniumVersion" value="3.141.59"/>
         <property name="proxyInformation" value="ProxyInformation { proxyOption=NO_PROXY, proxyServerType=HTTP, username=, password=********, proxyServerAddress=, proxyServerPort=0, executionList=&quot;&quot;, isApplyToDesiredCapabilities=true }"/>
         <property name="platform" value="Windows 10"/>
      </properties>
      <testcase name="Test Cases/Offline PSSI Dashboard Function/Create BE CCTV Data/Edit CCTV/Negative Test Case/PSSIAddCCTVDuplicateID" time="14.544" classname="Test Cases/Offline PSSI Dashboard Function/Create BE CCTV Data/Edit CCTV/Negative Test Case/PSSIAddCCTVDuplicateID" status="FAILED">
         <failure type="FAILED" message="Test Cases/Offline PSSI Dashboard Function/Create BE CCTV Data/Edit CCTV/Negative Test Case/PSSIAddCCTVDuplicateID FAILED.&#xa;Reason:&#xa;com.kms.katalon.core.exception.StepFailedException: Test failed because data is added&#xa;	at com.kms.katalon.core.util.KeywordUtil.markFailed(KeywordUtil.java:19)&#xa;	at PSSIAddCCTVDuplicateID.run(PSSIAddCCTVDuplicateID:39)&#xa;	at com.kms.katalon.core.main.ScriptEngine.run(ScriptEngine.java:194)&#xa;	at com.kms.katalon.core.main.ScriptEngine.runScriptAsRawText(ScriptEngine.java:119)&#xa;	at com.kms.katalon.core.main.TestCaseExecutor.runScript(TestCaseExecutor.java:448)&#xa;	at com.kms.katalon.core.main.TestCaseExecutor.doExecute(TestCaseExecutor.java:439)&#xa;	at com.kms.katalon.core.main.TestCaseExecutor.processExecutionPhase(TestCaseExecutor.java:418)&#xa;	at com.kms.katalon.core.main.TestCaseExecutor.accessMainPhase(TestCaseExecutor.java:410)&#xa;	at com.kms.katalon.core.main.TestCaseExecutor.execute(TestCaseExecutor.java:285)&#xa;	at com.kms.katalon.core.common.CommonExecutor.accessTestCaseMainPhase(CommonExecutor.java:65)&#xa;	at com.kms.katalon.core.main.TestSuiteExecutor.accessTestSuiteMainPhase(TestSuiteExecutor.java:148)&#xa;	at com.kms.katalon.core.main.TestSuiteExecutor.execute(TestSuiteExecutor.java:106)&#xa;	at com.kms.katalon.core.main.TestCaseMain.startTestSuite(TestCaseMain.java:180)&#xa;	at TempTestSuite1703823537728.run(TempTestSuite1703823537728.groovy:36)&#xa;	at java.base/jdk.internal.reflect.NativeMethodAccessorImpl.invoke0(Native Method)&#xa;	at java.base/jdk.internal.reflect.NativeMethodAccessorImpl.invoke(NativeMethodAccessorImpl.java:77)&#xa;	at java.base/jdk.internal.reflect.DelegatingMethodAccessorImpl.invoke(DelegatingMethodAccessorImpl.java:43)&#xa;"/>
         <system-out><![CDATA[29-12-2023T11:24:15 - [TEST_CASE][FAILED] - Test Cases/Offline PSSI Dashboard Function/Create BE CCTV Data/Edit CCTV/Negative Test Case/PSSIAddCCTVDuplicateID: Test Cases/Offline PSSI Dashboard Function/Create BE CCTV Data/Edit CCTV/Negative Test Case/PSSIAddCCTVDuplicateID FAILED.
Reason:
com.kms.katalon.core.exception.StepFailedException: Test failed because data is added
	at com.kms.katalon.core.util.KeywordUtil.markFailed(KeywordUtil.java:19)
	at PSSIAddCCTVDuplicateID.run(PSSIAddCCTVDuplicateID:39)
	at com.kms.katalon.core.main.ScriptEngine.run(ScriptEngine.java:194)
	at com.kms.katalon.core.main.ScriptEngine.runScriptAsRawText(ScriptEngine.java:119)
	at com.kms.katalon.core.main.TestCaseExecutor.runScript(TestCaseExecutor.java:448)
	at com.kms.katalon.core.main.TestCaseExecutor.doExecute(TestCaseExecutor.java:439)
	at com.kms.katalon.core.main.TestCaseExecutor.processExecutionPhase(TestCaseExecutor.java:418)
	at com.kms.katalon.core.main.TestCaseExecutor.accessMainPhase(TestCaseExecutor.java:410)
	at com.kms.katalon.core.main.TestCaseExecutor.execute(TestCaseExecutor.java:285)
	at com.kms.katalon.core.common.CommonExecutor.accessTestCaseMainPhase(CommonExecutor.java:65)
	at com.kms.katalon.core.main.TestSuiteExecutor.accessTestSuiteMainPhase(TestSuiteExecutor.java:148)
	at com.kms.katalon.core.main.TestSuiteExecutor.execute(TestSuiteExecutor.java:106)
	at com.kms.katalon.core.main.TestCaseMain.startTestSuite(TestCaseMain.java:180)
	at TempTestSuite1703823537728.run(TempTestSuite1703823537728.groovy:36)
	at java.base/jdk.internal.reflect.NativeMethodAccessorImpl.invoke0(Native Method)
	at java.base/jdk.internal.reflect.NativeMethodAccessorImpl.invoke(NativeMethodAccessorImpl.java:77)
	at java.base/jdk.internal.reflect.DelegatingMethodAccessorImpl.invoke(DelegatingMethodAccessorImpl.java:43)


29-12-2023T11:24:15 - [TEST_STEP][PASSED] - failureHandling = STOP_ON_FAILURE: null

29-12-2023T11:24:15 - [TEST_STEP][PASSED] - baseUrl = offline_pssi_dashboard_url: null

29-12-2023T11:24:15 - [TEST_STEP][PASSED] - callTestCase(findTestCase("Offline PSSI Dashboard Function/Create BE CCTV Data/View CCTV Table/PSSIViewCCTVData"), [:], failureHandling): Call Test Case 'Test Cases/Offline PSSI Dashboard Function/Create BE CCTV Data/View CCTV Table/PSSIViewCCTVData' successfully

29-12-2023T11:24:15 - [TEST_CASE][PASSED] - Test Cases/Offline PSSI Dashboard Function/Create BE CCTV Data/View CCTV Table/PSSIViewCCTVData: Test Cases/Offline PSSI Dashboard Function/Create BE CCTV Data/View CCTV Table/PSSIViewCCTVData

29-12-2023T11:24:16 - [TEST_STEP][PASSED] - failureHandling = STOP_ON_FAILURE: null

29-12-2023T11:24:16 - [TEST_STEP][PASSED] - baseUrl = offline_pssi_dashboard_url: null

29-12-2023T11:24:16 - [TEST_STEP][PASSED] - callTestCase(findTestCase("Offline PSSI Dashboard Function/Create BE CCTV Data/View Stadium/PSSIViewStadiumData"), [:], failureHandling): Call Test Case 'Test Cases/Offline PSSI Dashboard Function/Create BE CCTV Data/View Stadium/PSSIViewStadiumData' successfully

29-12-2023T11:24:16 - [TEST_CASE][PASSED] - Test Cases/Offline PSSI Dashboard Function/Create BE CCTV Data/View Stadium/PSSIViewStadiumData: Test Cases/Offline PSSI Dashboard Function/Create BE CCTV Data/View Stadium/PSSIViewStadiumData

29-12-2023T11:24:16 - [TEST_STEP][PASSED] - failureHandling = STOP_ON_FAILURE: null

29-12-2023T11:24:16 - [TEST_STEP][PASSED] - baseUrl = offline_pssi_dashboard_url: null

29-12-2023T11:24:16 - [TEST_STEP][PASSED] - callTestCase(findTestCase("Offline PSSI Dashboard Function/Create BE CCTV Data/Sign In/PSSISignInValidData"), [:], failureHandling): Call Test Case 'Test Cases/Offline PSSI Dashboard Function/Create BE CCTV Data/Sign In/PSSISignInValidData' successfully

29-12-2023T11:24:16 - [TEST_CASE][PASSED] - Test Cases/Offline PSSI Dashboard Function/Create BE CCTV Data/Sign In/PSSISignInValidData: Test Cases/Offline PSSI Dashboard Function/Create BE CCTV Data/Sign In/PSSISignInValidData

29-12-2023T11:24:16 - [TEST_STEP][PASSED] - failureHandling = STOP_ON_FAILURE: null

29-12-2023T11:24:16 - [TEST_STEP][PASSED] - baseUrl = offline_pssi_dashboard_url: null

29-12-2023T11:24:16 - [TEST_STEP][PASSED] - openBrowser(""): Browser is opened with url: ''

29-12-2023T11:24:16 - [MESSAGE][INFO] - Starting 'Chrome' driver

29-12-2023T11:24:17 - [MESSAGE][INFO] - Action delay is set to 0 milliseconds

29-12-2023T11:24:19 - [MESSAGE][PASSED] - Browser is opened with url: ''

29-12-2023T11:24:19 - [TEST_STEP][PASSED] - navigateToUrl(baseUrl): Navigate to 'https://monitoring.pssi-dev.kecilin.id' successfully

29-12-2023T11:24:20 - [MESSAGE][PASSED] - Navigate to 'https://monitoring.pssi-dev.kecilin.id' successfully

29-12-2023T11:24:20 - [TEST_STEP][PASSED] - maximizeWindow(): Current window maximized

29-12-2023T11:24:20 - [MESSAGE][PASSED] - Current window maximized

29-12-2023T11:24:20 - [TEST_STEP][PASSED] - setText(findTestObject("Object Repository/Page_Login/input_email"), "superadmin@app.com"): Text 'superadmin@app.com' is set on object 'Object Repository/Page_Login/input_email'

29-12-2023T11:24:21 - [MESSAGE][PASSED] - Text 'superadmin@app.com' is set on object 'Object Repository/Page_Login/input_email'

29-12-2023T11:24:21 - [TEST_STEP][PASSED] - setEncryptedText(findTestObject("Object Repository/Page_Login/input_password"), "8SQVv/p9jVScEs4/2CZsLw=="): Text ****** has been set on object 'Object Repository/Page_Login/input_password'

29-12-2023T11:24:22 - [MESSAGE][PASSED] - Text ****** has been set on object 'Object Repository/Page_Login/input_password'

29-12-2023T11:24:22 - [TEST_STEP][PASSED] - click(findTestObject("Object Repository/Page_Login/button_Sign In")): Object: 'Object Repository/Page_Login/button_Sign In' is clicked on

29-12-2023T11:24:23 - [MESSAGE][PASSED] - Object: 'Object Repository/Page_Login/button_Sign In' is clicked on

29-12-2023T11:24:23 - [MESSAGE][PASSED] - Call Test Case 'Test Cases/Offline PSSI Dashboard Function/Create BE CCTV Data/Sign In/PSSISignInValidData' successfully

29-12-2023T11:24:23 - [TEST_STEP][PASSED] - navigateToUrl(baseUrl + "/cctv/stadion", failureHandling): Navigate to 'https://monitoring.pssi-dev.kecilin.id/cctv/stadion' successfully

29-12-2023T11:24:24 - [MESSAGE][PASSED] - Navigate to 'https://monitoring.pssi-dev.kecilin.id/cctv/stadion' successfully

29-12-2023T11:24:24 - [MESSAGE][PASSED] - Call Test Case 'Test Cases/Offline PSSI Dashboard Function/Create BE CCTV Data/View Stadium/PSSIViewStadiumData' successfully

29-12-2023T11:24:24 - [TEST_STEP][PASSED] - navigateToUrl(baseUrl + "/cctv/detail/64fea065acbef66fd5476494", failureHandling): Navigate to 'https://monitoring.pssi-dev.kecilin.id/cctv/detail/64fea065acbef66fd5476494' successfully

29-12-2023T11:24:24 - [MESSAGE][PASSED] - Navigate to 'https://monitoring.pssi-dev.kecilin.id/cctv/detail/64fea065acbef66fd5476494' successfully

29-12-2023T11:24:24 - [MESSAGE][PASSED] - Call Test Case 'Test Cases/Offline PSSI Dashboard Function/Create BE CCTV Data/View CCTV Table/PSSIViewCCTVData' successfully

29-12-2023T11:24:24 - [TEST_STEP][PASSED] - navigateToUrl(baseUrl + "/cctv/detail/64fea065acbef66fd5476494/create", failureHandling): Navigate to 'https://monitoring.pssi-dev.kecilin.id/cctv/detail/64fea065acbef66fd5476494/create' successfully

29-12-2023T11:24:25 - [MESSAGE][PASSED] - Navigate to 'https://monitoring.pssi-dev.kecilin.id/cctv/detail/64fea065acbef66fd5476494/create' successfully

29-12-2023T11:24:25 - [TEST_STEP][PASSED] - setText(findTestObject("Object Repository/Page Add new CCTV Offline Web/input_Name_name"), "camera2", failureHandling): Text 'camera2' is set on object 'Object Repository/Page Add new CCTV Offline Web/input_Name_name'

29-12-2023T11:24:26 - [MESSAGE][PASSED] - Text 'camera2' is set on object 'Object Repository/Page Add new CCTV Offline Web/input_Name_name'

29-12-2023T11:24:26 - [TEST_STEP][PASSED] - setText(findTestObject("Object Repository/Page Add new CCTV Offline Web/input_CCTV ID_cctv_id"), "1002", failureHandling): Text '1002' is set on object 'Object Repository/Page Add new CCTV Offline Web/input_CCTV ID_cctv_id'

29-12-2023T11:24:27 - [MESSAGE][PASSED] - Text '1002' is set on object 'Object Repository/Page Add new CCTV Offline Web/input_CCTV ID_cctv_id'

29-12-2023T11:24:27 - [TEST_STEP][PASSED] - setText(findTestObject("Object Repository/Page Add new CCTV Offline Web/input_RTSP_rtsp"), "googeru", failureHandling): Text 'googeru' is set on object 'Object Repository/Page Add new CCTV Offline Web/input_RTSP_rtsp'

29-12-2023T11:24:27 - [MESSAGE][PASSED] - Text 'googeru' is set on object 'Object Repository/Page Add new CCTV Offline Web/input_RTSP_rtsp'

29-12-2023T11:24:27 - [TEST_STEP][PASSED] - click(findTestObject("Object Repository/Page Add new CCTV Offline Web/button_Save"), failureHandling): Object: 'Object Repository/Page Add new CCTV Offline Web/button_Save' is clicked on

29-12-2023T11:24:28 - [MESSAGE][PASSED] - Object: 'Object Repository/Page Add new CCTV Offline Web/button_Save' is clicked on

29-12-2023T11:24:28 - [TEST_STEP][PASSED] - if (verifyElementPresent(findTestObject("Page_CCTV/CCTV Data Title"), 0, failureHandling)): Test failed because data is added

29-12-2023T11:24:28 - [MESSAGE][WARNING] - Timeout '0' is invalid. Using default page load timeout: '30'

29-12-2023T11:24:29 - [MESSAGE][PASSED] - Object 'Object Repository/Page_CCTV/CCTV Data Title' is present

29-12-2023T11:24:29 - [TEST_STEP][FAILED] - markFailed("Test failed because data is added"): Test failed because data is added

29-12-2023T11:24:29 - [MESSAGE][FAILED] - Test failed because data is added

29-12-2023T11:24:29 - [TEST_STEP][PASSED] - closeBrowser(): Browser is closed

29-12-2023T11:24:29 - [MESSAGE][PASSED] - Browser is closed]]></system-out>
         <system-err><![CDATA[29-12-2023T11:24:15 - [TEST_CASE][FAILED] - Test Cases/Offline PSSI Dashboard Function/Create BE CCTV Data/Edit CCTV/Negative Test Case/PSSIAddCCTVDuplicateID: Test Cases/Offline PSSI Dashboard Function/Create BE CCTV Data/Edit CCTV/Negative Test Case/PSSIAddCCTVDuplicateID FAILED.
Reason:
com.kms.katalon.core.exception.StepFailedException: Test failed because data is added
	at com.kms.katalon.core.util.KeywordUtil.markFailed(KeywordUtil.java:19)
	at PSSIAddCCTVDuplicateID.run(PSSIAddCCTVDuplicateID:39)
	at com.kms.katalon.core.main.ScriptEngine.run(ScriptEngine.java:194)
	at com.kms.katalon.core.main.ScriptEngine.runScriptAsRawText(ScriptEngine.java:119)
	at com.kms.katalon.core.main.TestCaseExecutor.runScript(TestCaseExecutor.java:448)
	at com.kms.katalon.core.main.TestCaseExecutor.doExecute(TestCaseExecutor.java:439)
	at com.kms.katalon.core.main.TestCaseExecutor.processExecutionPhase(TestCaseExecutor.java:418)
	at com.kms.katalon.core.main.TestCaseExecutor.accessMainPhase(TestCaseExecutor.java:410)
	at com.kms.katalon.core.main.TestCaseExecutor.execute(TestCaseExecutor.java:285)
	at com.kms.katalon.core.common.CommonExecutor.accessTestCaseMainPhase(CommonExecutor.java:65)
	at com.kms.katalon.core.main.TestSuiteExecutor.accessTestSuiteMainPhase(TestSuiteExecutor.java:148)
	at com.kms.katalon.core.main.TestSuiteExecutor.execute(TestSuiteExecutor.java:106)
	at com.kms.katalon.core.main.TestCaseMain.startTestSuite(TestCaseMain.java:180)
	at TempTestSuite1703823537728.run(TempTestSuite1703823537728.groovy:36)
	at java.base/jdk.internal.reflect.NativeMethodAccessorImpl.invoke0(Native Method)
	at java.base/jdk.internal.reflect.NativeMethodAccessorImpl.invoke(NativeMethodAccessorImpl.java:77)
	at java.base/jdk.internal.reflect.DelegatingMethodAccessorImpl.invoke(DelegatingMethodAccessorImpl.java:43)]]></system-err>
      </testcase>
      <testcase name="Test Cases/Offline PSSI Dashboard Function/Create BE CCTV Data/Edit CCTV/Negative Test Case/PSSIAddCCTVInvalidDataOfflineWeb" time="12.613" classname="Test Cases/Offline PSSI Dashboard Function/Create BE CCTV Data/Edit CCTV/Negative Test Case/PSSIAddCCTVInvalidDataOfflineWeb" status="FAILED">
         <failure type="FAILED" message="Test Cases/Offline PSSI Dashboard Function/Create BE CCTV Data/Edit CCTV/Negative Test Case/PSSIAddCCTVInvalidDataOfflineWeb FAILED.&#xa;Reason:&#xa;com.kms.katalon.core.exception.StepFailedException: Test failed because conditionFails is true&#xa;	at com.kms.katalon.core.util.KeywordUtil.markFailed(KeywordUtil.java:19)&#xa;	at PSSIAddCCTVInvalidDataOfflineWeb.run(PSSIAddCCTVInvalidDataOfflineWeb:39)&#xa;	at com.kms.katalon.core.main.ScriptEngine.run(ScriptEngine.java:194)&#xa;	at com.kms.katalon.core.main.ScriptEngine.runScriptAsRawText(ScriptEngine.java:119)&#xa;	at com.kms.katalon.core.main.TestCaseExecutor.runScript(TestCaseExecutor.java:448)&#xa;	at com.kms.katalon.core.main.TestCaseExecutor.doExecute(TestCaseExecutor.java:439)&#xa;	at com.kms.katalon.core.main.TestCaseExecutor.processExecutionPhase(TestCaseExecutor.java:418)&#xa;	at com.kms.katalon.core.main.TestCaseExecutor.accessMainPhase(TestCaseExecutor.java:410)&#xa;	at com.kms.katalon.core.main.TestCaseExecutor.execute(TestCaseExecutor.java:285)&#xa;	at com.kms.katalon.core.common.CommonExecutor.accessTestCaseMainPhase(CommonExecutor.java:65)&#xa;	at com.kms.katalon.core.main.TestSuiteExecutor.accessTestSuiteMainPhase(TestSuiteExecutor.java:148)&#xa;	at com.kms.katalon.core.main.TestSuiteExecutor.execute(TestSuiteExecutor.java:106)&#xa;	at com.kms.katalon.core.main.TestCaseMain.startTestSuite(TestCaseMain.java:180)&#xa;	at TempTestSuite1703823537728.run(TempTestSuite1703823537728.groovy:36)&#xa;	at java.base/jdk.internal.reflect.NativeMethodAccessorImpl.invoke0(Native Method)&#xa;	at java.base/jdk.internal.reflect.NativeMethodAccessorImpl.invoke(NativeMethodAccessorImpl.java:77)&#xa;	at java.base/jdk.internal.reflect.DelegatingMethodAccessorImpl.invoke(DelegatingMethodAccessorImpl.java:43)&#xa;"/>
         <system-out><![CDATA[29-12-2023T11:24:29 - [TEST_CASE][FAILED] - Test Cases/Offline PSSI Dashboard Function/Create BE CCTV Data/Edit CCTV/Negative Test Case/PSSIAddCCTVInvalidDataOfflineWeb: Test Cases/Offline PSSI Dashboard Function/Create BE CCTV Data/Edit CCTV/Negative Test Case/PSSIAddCCTVInvalidDataOfflineWeb FAILED.
Reason:
com.kms.katalon.core.exception.StepFailedException: Test failed because conditionFails is true
	at com.kms.katalon.core.util.KeywordUtil.markFailed(KeywordUtil.java:19)
	at PSSIAddCCTVInvalidDataOfflineWeb.run(PSSIAddCCTVInvalidDataOfflineWeb:39)
	at com.kms.katalon.core.main.ScriptEngine.run(ScriptEngine.java:194)
	at com.kms.katalon.core.main.ScriptEngine.runScriptAsRawText(ScriptEngine.java:119)
	at com.kms.katalon.core.main.TestCaseExecutor.runScript(TestCaseExecutor.java:448)
	at com.kms.katalon.core.main.TestCaseExecutor.doExecute(TestCaseExecutor.java:439)
	at com.kms.katalon.core.main.TestCaseExecutor.processExecutionPhase(TestCaseExecutor.java:418)
	at com.kms.katalon.core.main.TestCaseExecutor.accessMainPhase(TestCaseExecutor.java:410)
	at com.kms.katalon.core.main.TestCaseExecutor.execute(TestCaseExecutor.java:285)
	at com.kms.katalon.core.common.CommonExecutor.accessTestCaseMainPhase(CommonExecutor.java:65)
	at com.kms.katalon.core.main.TestSuiteExecutor.accessTestSuiteMainPhase(TestSuiteExecutor.java:148)
	at com.kms.katalon.core.main.TestSuiteExecutor.execute(TestSuiteExecutor.java:106)
	at com.kms.katalon.core.main.TestCaseMain.startTestSuite(TestCaseMain.java:180)
	at TempTestSuite1703823537728.run(TempTestSuite1703823537728.groovy:36)
	at java.base/jdk.internal.reflect.NativeMethodAccessorImpl.invoke0(Native Method)
	at java.base/jdk.internal.reflect.NativeMethodAccessorImpl.invoke(NativeMethodAccessorImpl.java:77)
	at java.base/jdk.internal.reflect.DelegatingMethodAccessorImpl.invoke(DelegatingMethodAccessorImpl.java:43)


29-12-2023T11:24:29 - [TEST_STEP][PASSED] - failureHandling = STOP_ON_FAILURE: null

29-12-2023T11:24:29 - [TEST_STEP][PASSED] - baseUrl = offline_pssi_dashboard_url: null

29-12-2023T11:24:29 - [TEST_STEP][PASSED] - callTestCase(findTestCase("Offline PSSI Dashboard Function/Create BE CCTV Data/Sign In/PSSISignInValidData"), [:], failureHandling): Call Test Case 'Test Cases/Offline PSSI Dashboard Function/Create BE CCTV Data/Sign In/PSSISignInValidData' successfully

29-12-2023T11:24:29 - [TEST_CASE][PASSED] - Test Cases/Offline PSSI Dashboard Function/Create BE CCTV Data/Sign In/PSSISignInValidData: Test Cases/Offline PSSI Dashboard Function/Create BE CCTV Data/Sign In/PSSISignInValidData

29-12-2023T11:24:29 - [TEST_STEP][PASSED] - failureHandling = STOP_ON_FAILURE: null

29-12-2023T11:24:29 - [TEST_STEP][PASSED] - baseUrl = offline_pssi_dashboard_url: null

29-12-2023T11:24:29 - [TEST_STEP][PASSED] - openBrowser(""): Browser is opened with url: ''

29-12-2023T11:24:29 - [MESSAGE][INFO] - Starting 'Chrome' driver

29-12-2023T11:24:29 - [MESSAGE][INFO] - Action delay is set to 0 milliseconds

29-12-2023T11:24:31 - [MESSAGE][PASSED] - Browser is opened with url: ''

29-12-2023T11:24:31 - [TEST_STEP][PASSED] - navigateToUrl(baseUrl): Navigate to 'https://monitoring.pssi-dev.kecilin.id' successfully

29-12-2023T11:24:31 - [MESSAGE][PASSED] - Navigate to 'https://monitoring.pssi-dev.kecilin.id' successfully

29-12-2023T11:24:31 - [TEST_STEP][PASSED] - maximizeWindow(): Current window maximized

29-12-2023T11:24:32 - [MESSAGE][PASSED] - Current window maximized

29-12-2023T11:24:32 - [TEST_STEP][PASSED] - setText(findTestObject("Object Repository/Page_Login/input_email"), "superadmin@app.com"): Text 'superadmin@app.com' is set on object 'Object Repository/Page_Login/input_email'

29-12-2023T11:24:33 - [MESSAGE][PASSED] - Text 'superadmin@app.com' is set on object 'Object Repository/Page_Login/input_email'

29-12-2023T11:24:33 - [TEST_STEP][PASSED] - setEncryptedText(findTestObject("Object Repository/Page_Login/input_password"), "8SQVv/p9jVScEs4/2CZsLw=="): Text ****** has been set on object 'Object Repository/Page_Login/input_password'

29-12-2023T11:24:33 - [MESSAGE][PASSED] - Text ****** has been set on object 'Object Repository/Page_Login/input_password'

29-12-2023T11:24:33 - [TEST_STEP][PASSED] - click(findTestObject("Object Repository/Page_Login/button_Sign In")): Object: 'Object Repository/Page_Login/button_Sign In' is clicked on

29-12-2023T11:24:35 - [MESSAGE][PASSED] - Object: 'Object Repository/Page_Login/button_Sign In' is clicked on

29-12-2023T11:24:35 - [MESSAGE][PASSED] - Call Test Case 'Test Cases/Offline PSSI Dashboard Function/Create BE CCTV Data/Sign In/PSSISignInValidData' successfully

29-12-2023T11:24:35 - [TEST_STEP][PASSED] - navigateToUrl(baseUrl + "/cctv/stadion", failureHandling): Navigate to 'https://monitoring.pssi-dev.kecilin.id/cctv/stadion' successfully

29-12-2023T11:24:36 - [MESSAGE][PASSED] - Navigate to 'https://monitoring.pssi-dev.kecilin.id/cctv/stadion' successfully

29-12-2023T11:24:36 - [TEST_STEP][PASSED] - navigateToUrl(baseUrl + "/cctv/detail/64fea065acbef66fd5476494", failureHandling): Navigate to 'https://monitoring.pssi-dev.kecilin.id/cctv/detail/64fea065acbef66fd5476494' successfully

29-12-2023T11:24:36 - [MESSAGE][PASSED] - Navigate to 'https://monitoring.pssi-dev.kecilin.id/cctv/detail/64fea065acbef66fd5476494' successfully

29-12-2023T11:24:36 - [TEST_STEP][PASSED] - navigateToUrl(baseUrl + "/cctv/detail/64fea065acbef66fd5476494/create", failureHandling): Navigate to 'https://monitoring.pssi-dev.kecilin.id/cctv/detail/64fea065acbef66fd5476494/create' successfully

29-12-2023T11:24:37 - [MESSAGE][PASSED] - Navigate to 'https://monitoring.pssi-dev.kecilin.id/cctv/detail/64fea065acbef66fd5476494/create' successfully

29-12-2023T11:24:37 - [TEST_STEP][PASSED] - setText(findTestObject("Object Repository/Page Add new CCTV Offline Web/input_Name_name"), "a", failureHandling): Text 'a' is set on object 'Object Repository/Page Add new CCTV Offline Web/input_Name_name'

29-12-2023T11:24:38 - [MESSAGE][PASSED] - Text 'a' is set on object 'Object Repository/Page Add new CCTV Offline Web/input_Name_name'

29-12-2023T11:24:38 - [TEST_STEP][PASSED] - setText(findTestObject("Object Repository/Page Add new CCTV Offline Web/input_CCTV ID_cctv_id"), "a", failureHandling): Text 'a' is set on object 'Object Repository/Page Add new CCTV Offline Web/input_CCTV ID_cctv_id'

29-12-2023T11:24:39 - [MESSAGE][PASSED] - Text 'a' is set on object 'Object Repository/Page Add new CCTV Offline Web/input_CCTV ID_cctv_id'

29-12-2023T11:24:39 - [TEST_STEP][PASSED] - setText(findTestObject("Object Repository/Page Add new CCTV Offline Web/input_RTSP_rtsp"), "a", failureHandling): Text 'a' is set on object 'Object Repository/Page Add new CCTV Offline Web/input_RTSP_rtsp'

29-12-2023T11:24:40 - [MESSAGE][PASSED] - Text 'a' is set on object 'Object Repository/Page Add new CCTV Offline Web/input_RTSP_rtsp'

29-12-2023T11:24:40 - [TEST_STEP][PASSED] - click(findTestObject("Object Repository/Page Add new CCTV Offline Web/button_Save"), failureHandling): Object: 'Object Repository/Page Add new CCTV Offline Web/button_Save' is clicked on

29-12-2023T11:24:41 - [MESSAGE][PASSED] - Object: 'Object Repository/Page Add new CCTV Offline Web/button_Save' is clicked on

29-12-2023T11:24:41 - [TEST_STEP][PASSED] - if (verifyElementPresent(findTestObject("Object Repository/Page_CCTV/CCTV Data Title"), 0, failureHandling)): Test failed because conditionFails is true

29-12-2023T11:24:41 - [MESSAGE][WARNING] - Timeout '0' is invalid. Using default page load timeout: '30'

29-12-2023T11:24:41 - [MESSAGE][PASSED] - Object 'Object Repository/Page_CCTV/CCTV Data Title' is present

29-12-2023T11:24:41 - [TEST_STEP][FAILED] - markFailed("Test failed because conditionFails is true"): Test failed because conditionFails is true

29-12-2023T11:24:41 - [MESSAGE][FAILED] - Test failed because conditionFails is true

29-12-2023T11:24:41 - [TEST_STEP][PASSED] - closeBrowser(): Browser is closed

29-12-2023T11:24:42 - [MESSAGE][PASSED] - Browser is closed]]></system-out>
         <system-err><![CDATA[29-12-2023T11:24:29 - [TEST_CASE][FAILED] - Test Cases/Offline PSSI Dashboard Function/Create BE CCTV Data/Edit CCTV/Negative Test Case/PSSIAddCCTVInvalidDataOfflineWeb: Test Cases/Offline PSSI Dashboard Function/Create BE CCTV Data/Edit CCTV/Negative Test Case/PSSIAddCCTVInvalidDataOfflineWeb FAILED.
Reason:
com.kms.katalon.core.exception.StepFailedException: Test failed because conditionFails is true
	at com.kms.katalon.core.util.KeywordUtil.markFailed(KeywordUtil.java:19)
	at PSSIAddCCTVInvalidDataOfflineWeb.run(PSSIAddCCTVInvalidDataOfflineWeb:39)
	at com.kms.katalon.core.main.ScriptEngine.run(ScriptEngine.java:194)
	at com.kms.katalon.core.main.ScriptEngine.runScriptAsRawText(ScriptEngine.java:119)
	at com.kms.katalon.core.main.TestCaseExecutor.runScript(TestCaseExecutor.java:448)
	at com.kms.katalon.core.main.TestCaseExecutor.doExecute(TestCaseExecutor.java:439)
	at com.kms.katalon.core.main.TestCaseExecutor.processExecutionPhase(TestCaseExecutor.java:418)
	at com.kms.katalon.core.main.TestCaseExecutor.accessMainPhase(TestCaseExecutor.java:410)
	at com.kms.katalon.core.main.TestCaseExecutor.execute(TestCaseExecutor.java:285)
	at com.kms.katalon.core.common.CommonExecutor.accessTestCaseMainPhase(CommonExecutor.java:65)
	at com.kms.katalon.core.main.TestSuiteExecutor.accessTestSuiteMainPhase(TestSuiteExecutor.java:148)
	at com.kms.katalon.core.main.TestSuiteExecutor.execute(TestSuiteExecutor.java:106)
	at com.kms.katalon.core.main.TestCaseMain.startTestSuite(TestCaseMain.java:180)
	at TempTestSuite1703823537728.run(TempTestSuite1703823537728.groovy:36)
	at java.base/jdk.internal.reflect.NativeMethodAccessorImpl.invoke0(Native Method)
	at java.base/jdk.internal.reflect.NativeMethodAccessorImpl.invoke(NativeMethodAccessorImpl.java:77)
	at java.base/jdk.internal.reflect.DelegatingMethodAccessorImpl.invoke(DelegatingMethodAccessorImpl.java:43)]]></system-err>
      </testcase>
      <testcase name="Test Cases/Offline PSSI Dashboard Function/Create BE CCTV Data/Edit CCTV/Negative Test Case/PSSIAddCCTVInvalidRTSPFormat" time="14.138" classname="Test Cases/Offline PSSI Dashboard Function/Create BE CCTV Data/Edit CCTV/Negative Test Case/PSSIAddCCTVInvalidRTSPFormat" status="FAILED">
         <failure type="FAILED" message="Test Cases/Offline PSSI Dashboard Function/Create BE CCTV Data/Edit CCTV/Negative Test Case/PSSIAddCCTVInvalidRTSPFormat FAILED.&#xa;Reason:&#xa;com.kms.katalon.core.exception.StepFailedException: Test failed because data is added&#xa;	at com.kms.katalon.core.util.KeywordUtil.markFailed(KeywordUtil.java:19)&#xa;	at PSSIAddCCTVInvalidRTSPFormat.run(PSSIAddCCTVInvalidRTSPFormat:39)&#xa;	at com.kms.katalon.core.main.ScriptEngine.run(ScriptEngine.java:194)&#xa;	at com.kms.katalon.core.main.ScriptEngine.runScriptAsRawText(ScriptEngine.java:119)&#xa;	at com.kms.katalon.core.main.TestCaseExecutor.runScript(TestCaseExecutor.java:448)&#xa;	at com.kms.katalon.core.main.TestCaseExecutor.doExecute(TestCaseExecutor.java:439)&#xa;	at com.kms.katalon.core.main.TestCaseExecutor.processExecutionPhase(TestCaseExecutor.java:418)&#xa;	at com.kms.katalon.core.main.TestCaseExecutor.accessMainPhase(TestCaseExecutor.java:410)&#xa;	at com.kms.katalon.core.main.TestCaseExecutor.execute(TestCaseExecutor.java:285)&#xa;	at com.kms.katalon.core.common.CommonExecutor.accessTestCaseMainPhase(CommonExecutor.java:65)&#xa;	at com.kms.katalon.core.main.TestSuiteExecutor.accessTestSuiteMainPhase(TestSuiteExecutor.java:148)&#xa;	at com.kms.katalon.core.main.TestSuiteExecutor.execute(TestSuiteExecutor.java:106)&#xa;	at com.kms.katalon.core.main.TestCaseMain.startTestSuite(TestCaseMain.java:180)&#xa;	at TempTestSuite1703823537728.run(TempTestSuite1703823537728.groovy:36)&#xa;	at java.base/jdk.internal.reflect.NativeMethodAccessorImpl.invoke0(Native Method)&#xa;	at java.base/jdk.internal.reflect.NativeMethodAccessorImpl.invoke(NativeMethodAccessorImpl.java:77)&#xa;	at java.base/jdk.internal.reflect.DelegatingMethodAccessorImpl.invoke(DelegatingMethodAccessorImpl.java:43)&#xa;"/>
         <system-out><![CDATA[29-12-2023T11:24:42 - [TEST_CASE][FAILED] - Test Cases/Offline PSSI Dashboard Function/Create BE CCTV Data/Edit CCTV/Negative Test Case/PSSIAddCCTVInvalidRTSPFormat: Test Cases/Offline PSSI Dashboard Function/Create BE CCTV Data/Edit CCTV/Negative Test Case/PSSIAddCCTVInvalidRTSPFormat FAILED.
Reason:
com.kms.katalon.core.exception.StepFailedException: Test failed because data is added
	at com.kms.katalon.core.util.KeywordUtil.markFailed(KeywordUtil.java:19)
	at PSSIAddCCTVInvalidRTSPFormat.run(PSSIAddCCTVInvalidRTSPFormat:39)
	at com.kms.katalon.core.main.ScriptEngine.run(ScriptEngine.java:194)
	at com.kms.katalon.core.main.ScriptEngine.runScriptAsRawText(ScriptEngine.java:119)
	at com.kms.katalon.core.main.TestCaseExecutor.runScript(TestCaseExecutor.java:448)
	at com.kms.katalon.core.main.TestCaseExecutor.doExecute(TestCaseExecutor.java:439)
	at com.kms.katalon.core.main.TestCaseExecutor.processExecutionPhase(TestCaseExecutor.java:418)
	at com.kms.katalon.core.main.TestCaseExecutor.accessMainPhase(TestCaseExecutor.java:410)
	at com.kms.katalon.core.main.TestCaseExecutor.execute(TestCaseExecutor.java:285)
	at com.kms.katalon.core.common.CommonExecutor.accessTestCaseMainPhase(CommonExecutor.java:65)
	at com.kms.katalon.core.main.TestSuiteExecutor.accessTestSuiteMainPhase(TestSuiteExecutor.java:148)
	at com.kms.katalon.core.main.TestSuiteExecutor.execute(TestSuiteExecutor.java:106)
	at com.kms.katalon.core.main.TestCaseMain.startTestSuite(TestCaseMain.java:180)
	at TempTestSuite1703823537728.run(TempTestSuite1703823537728.groovy:36)
	at java.base/jdk.internal.reflect.NativeMethodAccessorImpl.invoke0(Native Method)
	at java.base/jdk.internal.reflect.NativeMethodAccessorImpl.invoke(NativeMethodAccessorImpl.java:77)
	at java.base/jdk.internal.reflect.DelegatingMethodAccessorImpl.invoke(DelegatingMethodAccessorImpl.java:43)


29-12-2023T11:24:42 - [TEST_STEP][PASSED] - failureHandling = STOP_ON_FAILURE: null

29-12-2023T11:24:42 - [TEST_STEP][PASSED] - baseUrl = offline_pssi_dashboard_url: null

29-12-2023T11:24:42 - [TEST_STEP][PASSED] - callTestCase(findTestCase("Offline PSSI Dashboard Function/Create BE CCTV Data/View CCTV Table/PSSIViewCCTVData"), [:], failureHandling): Call Test Case 'Test Cases/Offline PSSI Dashboard Function/Create BE CCTV Data/View CCTV Table/PSSIViewCCTVData' successfully

29-12-2023T11:24:42 - [TEST_CASE][PASSED] - Test Cases/Offline PSSI Dashboard Function/Create BE CCTV Data/View CCTV Table/PSSIViewCCTVData: Test Cases/Offline PSSI Dashboard Function/Create BE CCTV Data/View CCTV Table/PSSIViewCCTVData

29-12-2023T11:24:42 - [TEST_STEP][PASSED] - failureHandling = STOP_ON_FAILURE: null

29-12-2023T11:24:42 - [TEST_STEP][PASSED] - baseUrl = offline_pssi_dashboard_url: null

29-12-2023T11:24:42 - [TEST_STEP][PASSED] - callTestCase(findTestCase("Offline PSSI Dashboard Function/Create BE CCTV Data/View Stadium/PSSIViewStadiumData"), [:], failureHandling): Call Test Case 'Test Cases/Offline PSSI Dashboard Function/Create BE CCTV Data/View Stadium/PSSIViewStadiumData' successfully

29-12-2023T11:24:43 - [TEST_CASE][PASSED] - Test Cases/Offline PSSI Dashboard Function/Create BE CCTV Data/View Stadium/PSSIViewStadiumData: Test Cases/Offline PSSI Dashboard Function/Create BE CCTV Data/View Stadium/PSSIViewStadiumData

29-12-2023T11:24:43 - [TEST_STEP][PASSED] - failureHandling = STOP_ON_FAILURE: null

29-12-2023T11:24:43 - [TEST_STEP][PASSED] - baseUrl = offline_pssi_dashboard_url: null

29-12-2023T11:24:43 - [TEST_STEP][PASSED] - callTestCase(findTestCase("Offline PSSI Dashboard Function/Create BE CCTV Data/Sign In/PSSISignInValidData"), [:], failureHandling): Call Test Case 'Test Cases/Offline PSSI Dashboard Function/Create BE CCTV Data/Sign In/PSSISignInValidData' successfully

29-12-2023T11:24:43 - [TEST_CASE][PASSED] - Test Cases/Offline PSSI Dashboard Function/Create BE CCTV Data/Sign In/PSSISignInValidData: Test Cases/Offline PSSI Dashboard Function/Create BE CCTV Data/Sign In/PSSISignInValidData

29-12-2023T11:24:43 - [TEST_STEP][PASSED] - failureHandling = STOP_ON_FAILURE: null

29-12-2023T11:24:43 - [TEST_STEP][PASSED] - baseUrl = offline_pssi_dashboard_url: null

29-12-2023T11:24:43 - [TEST_STEP][PASSED] - openBrowser(""): Browser is opened with url: ''

29-12-2023T11:24:43 - [MESSAGE][INFO] - Starting 'Chrome' driver

29-12-2023T11:24:43 - [MESSAGE][INFO] - Action delay is set to 0 milliseconds

29-12-2023T11:24:44 - [MESSAGE][PASSED] - Browser is opened with url: ''

29-12-2023T11:24:44 - [TEST_STEP][PASSED] - navigateToUrl(baseUrl): Navigate to 'https://monitoring.pssi-dev.kecilin.id' successfully

29-12-2023T11:24:45 - [MESSAGE][PASSED] - Navigate to 'https://monitoring.pssi-dev.kecilin.id' successfully

29-12-2023T11:24:45 - [TEST_STEP][PASSED] - maximizeWindow(): Current window maximized

29-12-2023T11:24:45 - [MESSAGE][PASSED] - Current window maximized

29-12-2023T11:24:45 - [TEST_STEP][PASSED] - setText(findTestObject("Object Repository/Page_Login/input_email"), "superadmin@app.com"): Text 'superadmin@app.com' is set on object 'Object Repository/Page_Login/input_email'

29-12-2023T11:24:46 - [MESSAGE][PASSED] - Text 'superadmin@app.com' is set on object 'Object Repository/Page_Login/input_email'

29-12-2023T11:24:46 - [TEST_STEP][PASSED] - setEncryptedText(findTestObject("Object Repository/Page_Login/input_password"), "8SQVv/p9jVScEs4/2CZsLw=="): Text ****** has been set on object 'Object Repository/Page_Login/input_password'

29-12-2023T11:24:47 - [MESSAGE][PASSED] - Text ****** has been set on object 'Object Repository/Page_Login/input_password'

29-12-2023T11:24:47 - [TEST_STEP][PASSED] - click(findTestObject("Object Repository/Page_Login/button_Sign In")): Object: 'Object Repository/Page_Login/button_Sign In' is clicked on

29-12-2023T11:24:49 - [MESSAGE][PASSED] - Object: 'Object Repository/Page_Login/button_Sign In' is clicked on

29-12-2023T11:24:49 - [MESSAGE][PASSED] - Call Test Case 'Test Cases/Offline PSSI Dashboard Function/Create BE CCTV Data/Sign In/PSSISignInValidData' successfully

29-12-2023T11:24:49 - [TEST_STEP][PASSED] - navigateToUrl(baseUrl + "/cctv/stadion", failureHandling): Navigate to 'https://monitoring.pssi-dev.kecilin.id/cctv/stadion' successfully

29-12-2023T11:24:49 - [MESSAGE][PASSED] - Navigate to 'https://monitoring.pssi-dev.kecilin.id/cctv/stadion' successfully

29-12-2023T11:24:49 - [MESSAGE][PASSED] - Call Test Case 'Test Cases/Offline PSSI Dashboard Function/Create BE CCTV Data/View Stadium/PSSIViewStadiumData' successfully

29-12-2023T11:24:49 - [TEST_STEP][PASSED] - navigateToUrl(baseUrl + "/cctv/detail/64fea065acbef66fd5476494", failureHandling): Navigate to 'https://monitoring.pssi-dev.kecilin.id/cctv/detail/64fea065acbef66fd5476494' successfully

29-12-2023T11:24:50 - [MESSAGE][PASSED] - Navigate to 'https://monitoring.pssi-dev.kecilin.id/cctv/detail/64fea065acbef66fd5476494' successfully

29-12-2023T11:24:50 - [MESSAGE][PASSED] - Call Test Case 'Test Cases/Offline PSSI Dashboard Function/Create BE CCTV Data/View CCTV Table/PSSIViewCCTVData' successfully

29-12-2023T11:24:50 - [TEST_STEP][PASSED] - navigateToUrl(baseUrl + "/cctv/detail/64fea065acbef66fd5476494/create", failureHandling): Navigate to 'https://monitoring.pssi-dev.kecilin.id/cctv/detail/64fea065acbef66fd5476494/create' successfully

29-12-2023T11:24:51 - [MESSAGE][PASSED] - Navigate to 'https://monitoring.pssi-dev.kecilin.id/cctv/detail/64fea065acbef66fd5476494/create' successfully

29-12-2023T11:24:51 - [TEST_STEP][PASSED] - setText(findTestObject("Object Repository/Page Add new CCTV Offline Web/input_Name_name"), "camera2", failureHandling): Text 'camera2' is set on object 'Object Repository/Page Add new CCTV Offline Web/input_Name_name'

29-12-2023T11:24:52 - [MESSAGE][PASSED] - Text 'camera2' is set on object 'Object Repository/Page Add new CCTV Offline Web/input_Name_name'

29-12-2023T11:24:52 - [TEST_STEP][PASSED] - setText(findTestObject("Object Repository/Page Add new CCTV Offline Web/input_CCTV ID_cctv_id"), "1002", failureHandling): Text '1002' is set on object 'Object Repository/Page Add new CCTV Offline Web/input_CCTV ID_cctv_id'

29-12-2023T11:24:53 - [MESSAGE][PASSED] - Text '1002' is set on object 'Object Repository/Page Add new CCTV Offline Web/input_CCTV ID_cctv_id'

29-12-2023T11:24:53 - [TEST_STEP][PASSED] - setText(findTestObject("Object Repository/Page Add new CCTV Offline Web/input_RTSP_rtsp"), "googeru", failureHandling): Text 'googeru' is set on object 'Object Repository/Page Add new CCTV Offline Web/input_RTSP_rtsp'

29-12-2023T11:24:54 - [MESSAGE][PASSED] - Text 'googeru' is set on object 'Object Repository/Page Add new CCTV Offline Web/input_RTSP_rtsp'

29-12-2023T11:24:54 - [TEST_STEP][PASSED] - click(findTestObject("Object Repository/Page Add new CCTV Offline Web/button_Save"), failureHandling): Object: 'Object Repository/Page Add new CCTV Offline Web/button_Save' is clicked on

29-12-2023T11:24:55 - [MESSAGE][PASSED] - Object: 'Object Repository/Page Add new CCTV Offline Web/button_Save' is clicked on

29-12-2023T11:24:55 - [TEST_STEP][PASSED] - if (verifyElementPresent(findTestObject("Page_CCTV/CCTV Data Title"), 0, failureHandling)): Test failed because data is added

29-12-2023T11:24:55 - [MESSAGE][WARNING] - Timeout '0' is invalid. Using default page load timeout: '30'

29-12-2023T11:24:56 - [MESSAGE][PASSED] - Object 'Object Repository/Page_CCTV/CCTV Data Title' is present

29-12-2023T11:24:56 - [TEST_STEP][FAILED] - markFailed("Test failed because data is added"): Test failed because data is added

29-12-2023T11:24:56 - [MESSAGE][FAILED] - Test failed because data is added

29-12-2023T11:24:56 - [TEST_STEP][PASSED] - closeBrowser(): Browser is closed

29-12-2023T11:24:56 - [MESSAGE][PASSED] - Browser is closed]]></system-out>
         <system-err><![CDATA[29-12-2023T11:24:42 - [TEST_CASE][FAILED] - Test Cases/Offline PSSI Dashboard Function/Create BE CCTV Data/Edit CCTV/Negative Test Case/PSSIAddCCTVInvalidRTSPFormat: Test Cases/Offline PSSI Dashboard Function/Create BE CCTV Data/Edit CCTV/Negative Test Case/PSSIAddCCTVInvalidRTSPFormat FAILED.
Reason:
com.kms.katalon.core.exception.StepFailedException: Test failed because data is added
	at com.kms.katalon.core.util.KeywordUtil.markFailed(KeywordUtil.java:19)
	at PSSIAddCCTVInvalidRTSPFormat.run(PSSIAddCCTVInvalidRTSPFormat:39)
	at com.kms.katalon.core.main.ScriptEngine.run(ScriptEngine.java:194)
	at com.kms.katalon.core.main.ScriptEngine.runScriptAsRawText(ScriptEngine.java:119)
	at com.kms.katalon.core.main.TestCaseExecutor.runScript(TestCaseExecutor.java:448)
	at com.kms.katalon.core.main.TestCaseExecutor.doExecute(TestCaseExecutor.java:439)
	at com.kms.katalon.core.main.TestCaseExecutor.processExecutionPhase(TestCaseExecutor.java:418)
	at com.kms.katalon.core.main.TestCaseExecutor.accessMainPhase(TestCaseExecutor.java:410)
	at com.kms.katalon.core.main.TestCaseExecutor.execute(TestCaseExecutor.java:285)
	at com.kms.katalon.core.common.CommonExecutor.accessTestCaseMainPhase(CommonExecutor.java:65)
	at com.kms.katalon.core.main.TestSuiteExecutor.accessTestSuiteMainPhase(TestSuiteExecutor.java:148)
	at com.kms.katalon.core.main.TestSuiteExecutor.execute(TestSuiteExecutor.java:106)
	at com.kms.katalon.core.main.TestCaseMain.startTestSuite(TestCaseMain.java:180)
	at TempTestSuite1703823537728.run(TempTestSuite1703823537728.groovy:36)
	at java.base/jdk.internal.reflect.NativeMethodAccessorImpl.invoke0(Native Method)
	at java.base/jdk.internal.reflect.NativeMethodAccessorImpl.invoke(NativeMethodAccessorImpl.java:77)
	at java.base/jdk.internal.reflect.DelegatingMethodAccessorImpl.invoke(DelegatingMethodAccessorImpl.java:43)]]></system-err>
      </testcase>
      <testcase name="Test Cases/Offline PSSI Dashboard Function/Create BE CCTV Data/Edit CCTV/Negative Test Case/PSSIEditCCTVEmptyMandatoryField" time="163.923" classname="Test Cases/Offline PSSI Dashboard Function/Create BE CCTV Data/Edit CCTV/Negative Test Case/PSSIEditCCTVEmptyMandatoryField" status="FAILED">
         <failure type="FAILED" message="Test Cases/Offline PSSI Dashboard Function/Create BE CCTV Data/Edit CCTV/Negative Test Case/PSSIEditCCTVEmptyMandatoryField FAILED.&#xa;Reason:&#xa;com.kms.katalon.core.exception.StepFailedException: Unable to clear text of object 'Object Repository/Page Add new CCTV Offline Web/input_Name_name'&#xa;	at com.kms.katalon.core.webui.keyword.internal.WebUIKeywordMain.stepFailed(WebUIKeywordMain.groovy:64)&#xa;	at com.kms.katalon.core.webui.keyword.internal.WebUIKeywordMain.runKeyword(WebUIKeywordMain.groovy:42)&#xa;	at com.kms.katalon.core.webui.keyword.builtin.ClearTextKeyword.clearText(ClearTextKeyword.groovy:61)&#xa;	at com.kms.katalon.core.webui.keyword.builtin.ClearTextKeyword.execute(ClearTextKeyword.groovy:34)&#xa;	at com.kms.katalon.core.keyword.internal.KeywordExecutor.executeKeywordForPlatform(KeywordExecutor.groovy:74)&#xa;	at com.kms.katalon.core.webui.keyword.WebUiBuiltInKeywords.clearText(WebUiBuiltInKeywords.groovy:4989)&#xa;	at PSSIEditCCTVEmptyMandatoryField.run(PSSIEditCCTVEmptyMandatoryField:31)&#xa;	at com.kms.katalon.core.main.ScriptEngine.run(ScriptEngine.java:194)&#xa;	at com.kms.katalon.core.main.ScriptEngine.runScriptAsRawText(ScriptEngine.java:119)&#xa;	at com.kms.katalon.core.main.TestCaseExecutor.runScript(TestCaseExecutor.java:448)&#xa;	at com.kms.katalon.core.main.TestCaseExecutor.doExecute(TestCaseExecutor.java:439)&#xa;	at com.kms.katalon.core.main.TestCaseExecutor.processExecutionPhase(TestCaseExecutor.java:418)&#xa;	at com.kms.katalon.core.main.TestCaseExecutor.accessMainPhase(TestCaseExecutor.java:410)&#xa;	at com.kms.katalon.core.main.TestCaseExecutor.execute(TestCaseExecutor.java:285)&#xa;	at com.kms.katalon.core.common.CommonExecutor.accessTestCaseMainPhase(CommonExecutor.java:65)&#xa;	at com.kms.katalon.core.main.TestSuiteExecutor.accessTestSuiteMainPhase(TestSuiteExecutor.java:148)&#xa;	at com.kms.katalon.core.main.TestSuiteExecutor.execute(TestSuiteExecutor.java:106)&#xa;	at com.kms.katalon.core.main.TestCaseMain.startTestSuite(TestCaseMain.java:180)&#xa;	at TempTestSuite1703823537728.run(TempTestSuite1703823537728.groovy:36)&#xa;	at java.base/jdk.internal.reflect.NativeMethodAccessorImpl.invoke0(Native Method)&#xa;	at java.base/jdk.internal.reflect.NativeMethodAccessorImpl.invoke(NativeMethodAccessorImpl.java:77)&#xa;	at java.base/jdk.internal.reflect.DelegatingMethodAccessorImpl.invoke(DelegatingMethodAccessorImpl.java:43)&#xa;Caused by: com.kms.katalon.core.webui.exception.WebElementNotFoundException: Web element with id: 'Object Repository/Page Add new CCTV Offline Web/input_Name_name' located by '//input[@id='name']' not found&#xa;	at com.kms.katalon.core.webui.common.WebUiCommonHelper.findWebElement(WebUiCommonHelper.java:1379)&#xa;	at com.kms.katalon.core.webui.keyword.internal.WebUIAbstractKeyword.findWebElement(WebUIAbstractKeyword.groovy:27)&#xa;	at com.kms.katalon.core.webui.keyword.internal.WebUIAbstractKeyword.findWebElement(WebUIAbstractKeyword.groovy:26)&#xa;	at com.kms.katalon.core.webui.keyword.builtin.ClearTextKeyword$_clearText_closure1.doCall(ClearTextKeyword.groovy:44)&#xa;	at com.kms.katalon.core.webui.keyword.builtin.ClearTextKeyword$_clearText_closure1.call(ClearTextKeyword.groovy)&#xa;	at com.kms.katalon.core.webui.keyword.internal.WebUIKeywordMain.runKeyword(WebUIKeywordMain.groovy:33)&#xa;	... 20 more&#xa;"/>
         <system-out><![CDATA[29-12-2023T11:24:56 - [TEST_CASE][FAILED] - Test Cases/Offline PSSI Dashboard Function/Create BE CCTV Data/Edit CCTV/Negative Test Case/PSSIEditCCTVEmptyMandatoryField: Test Cases/Offline PSSI Dashboard Function/Create BE CCTV Data/Edit CCTV/Negative Test Case/PSSIEditCCTVEmptyMandatoryField FAILED.
Reason:
com.kms.katalon.core.exception.StepFailedException: Unable to clear text of object 'Object Repository/Page Add new CCTV Offline Web/input_Name_name'
	at com.kms.katalon.core.webui.keyword.internal.WebUIKeywordMain.stepFailed(WebUIKeywordMain.groovy:64)
	at com.kms.katalon.core.webui.keyword.internal.WebUIKeywordMain.runKeyword(WebUIKeywordMain.groovy:42)
	at com.kms.katalon.core.webui.keyword.builtin.ClearTextKeyword.clearText(ClearTextKeyword.groovy:61)
	at com.kms.katalon.core.webui.keyword.builtin.ClearTextKeyword.execute(ClearTextKeyword.groovy:34)
	at com.kms.katalon.core.keyword.internal.KeywordExecutor.executeKeywordForPlatform(KeywordExecutor.groovy:74)
	at com.kms.katalon.core.webui.keyword.WebUiBuiltInKeywords.clearText(WebUiBuiltInKeywords.groovy:4989)
	at PSSIEditCCTVEmptyMandatoryField.run(PSSIEditCCTVEmptyMandatoryField:31)
	at com.kms.katalon.core.main.ScriptEngine.run(ScriptEngine.java:194)
	at com.kms.katalon.core.main.ScriptEngine.runScriptAsRawText(ScriptEngine.java:119)
	at com.kms.katalon.core.main.TestCaseExecutor.runScript(TestCaseExecutor.java:448)
	at com.kms.katalon.core.main.TestCaseExecutor.doExecute(TestCaseExecutor.java:439)
	at com.kms.katalon.core.main.TestCaseExecutor.processExecutionPhase(TestCaseExecutor.java:418)
	at com.kms.katalon.core.main.TestCaseExecutor.accessMainPhase(TestCaseExecutor.java:410)
	at com.kms.katalon.core.main.TestCaseExecutor.execute(TestCaseExecutor.java:285)
	at com.kms.katalon.core.common.CommonExecutor.accessTestCaseMainPhase(CommonExecutor.java:65)
	at com.kms.katalon.core.main.TestSuiteExecutor.accessTestSuiteMainPhase(TestSuiteExecutor.java:148)
	at com.kms.katalon.core.main.TestSuiteExecutor.execute(TestSuiteExecutor.java:106)
	at com.kms.katalon.core.main.TestCaseMain.startTestSuite(TestCaseMain.java:180)
	at TempTestSuite1703823537728.run(TempTestSuite1703823537728.groovy:36)
	at java.base/jdk.internal.reflect.NativeMethodAccessorImpl.invoke0(Native Method)
	at java.base/jdk.internal.reflect.NativeMethodAccessorImpl.invoke(NativeMethodAccessorImpl.java:77)
	at java.base/jdk.internal.reflect.DelegatingMethodAccessorImpl.invoke(DelegatingMethodAccessorImpl.java:43)
Caused by: com.kms.katalon.core.webui.exception.WebElementNotFoundException: Web element with id: 'Object Repository/Page Add new CCTV Offline Web/input_Name_name' located by '//input[@id='name']' not found
	at com.kms.katalon.core.webui.common.WebUiCommonHelper.findWebElement(WebUiCommonHelper.java:1379)
	at com.kms.katalon.core.webui.keyword.internal.WebUIAbstractKeyword.findWebElement(WebUIAbstractKeyword.groovy:27)
	at com.kms.katalon.core.webui.keyword.internal.WebUIAbstractKeyword.findWebElement(WebUIAbstractKeyword.groovy:26)
	at com.kms.katalon.core.webui.keyword.builtin.ClearTextKeyword$_clearText_closure1.doCall(ClearTextKeyword.groovy:44)
	at com.kms.katalon.core.webui.keyword.builtin.ClearTextKeyword$_clearText_closure1.call(ClearTextKeyword.groovy)
	at com.kms.katalon.core.webui.keyword.internal.WebUIKeywordMain.runKeyword(WebUIKeywordMain.groovy:33)
	... 20 more


29-12-2023T11:24:56 - [TEST_STEP][PASSED] - failureHandling = STOP_ON_FAILURE: null

29-12-2023T11:24:56 - [TEST_STEP][PASSED] - baseUrl = offline_pssi_dashboard_url: null

29-12-2023T11:24:56 - [TEST_STEP][PASSED] - callTestCase(findTestCase("Offline PSSI Dashboard Function/Create BE CCTV Data/View CCTV Table/PSSIViewCCTVData"), [:], failureHandling): Call Test Case 'Test Cases/Offline PSSI Dashboard Function/Create BE CCTV Data/View CCTV Table/PSSIViewCCTVData' successfully

29-12-2023T11:24:56 - [TEST_CASE][PASSED] - Test Cases/Offline PSSI Dashboard Function/Create BE CCTV Data/View CCTV Table/PSSIViewCCTVData: Test Cases/Offline PSSI Dashboard Function/Create BE CCTV Data/View CCTV Table/PSSIViewCCTVData

29-12-2023T11:24:56 - [TEST_STEP][PASSED] - failureHandling = STOP_ON_FAILURE: null

29-12-2023T11:24:56 - [TEST_STEP][PASSED] - baseUrl = offline_pssi_dashboard_url: null

29-12-2023T11:24:56 - [TEST_STEP][PASSED] - callTestCase(findTestCase("Offline PSSI Dashboard Function/Create BE CCTV Data/View Stadium/PSSIViewStadiumData"), [:], failureHandling): Call Test Case 'Test Cases/Offline PSSI Dashboard Function/Create BE CCTV Data/View Stadium/PSSIViewStadiumData' successfully

29-12-2023T11:24:56 - [TEST_CASE][PASSED] - Test Cases/Offline PSSI Dashboard Function/Create BE CCTV Data/View Stadium/PSSIViewStadiumData: Test Cases/Offline PSSI Dashboard Function/Create BE CCTV Data/View Stadium/PSSIViewStadiumData

29-12-2023T11:24:56 - [TEST_STEP][PASSED] - failureHandling = STOP_ON_FAILURE: null

29-12-2023T11:24:56 - [TEST_STEP][PASSED] - baseUrl = offline_pssi_dashboard_url: null

29-12-2023T11:24:56 - [TEST_STEP][PASSED] - callTestCase(findTestCase("Offline PSSI Dashboard Function/Create BE CCTV Data/Sign In/PSSISignInValidData"), [:], failureHandling): Call Test Case 'Test Cases/Offline PSSI Dashboard Function/Create BE CCTV Data/Sign In/PSSISignInValidData' successfully

29-12-2023T11:24:56 - [TEST_CASE][PASSED] - Test Cases/Offline PSSI Dashboard Function/Create BE CCTV Data/Sign In/PSSISignInValidData: Test Cases/Offline PSSI Dashboard Function/Create BE CCTV Data/Sign In/PSSISignInValidData

29-12-2023T11:24:57 - [TEST_STEP][PASSED] - failureHandling = STOP_ON_FAILURE: null

29-12-2023T11:24:57 - [TEST_STEP][PASSED] - baseUrl = offline_pssi_dashboard_url: null

29-12-2023T11:24:57 - [TEST_STEP][PASSED] - openBrowser(""): Browser is opened with url: ''

29-12-2023T11:24:57 - [MESSAGE][INFO] - Starting 'Chrome' driver

29-12-2023T11:24:57 - [MESSAGE][INFO] - Action delay is set to 0 milliseconds

29-12-2023T11:24:58 - [MESSAGE][PASSED] - Browser is opened with url: ''

29-12-2023T11:24:58 - [TEST_STEP][PASSED] - navigateToUrl(baseUrl): Navigate to 'https://monitoring.pssi-dev.kecilin.id' successfully

29-12-2023T11:24:58 - [MESSAGE][PASSED] - Navigate to 'https://monitoring.pssi-dev.kecilin.id' successfully

29-12-2023T11:24:58 - [TEST_STEP][PASSED] - maximizeWindow(): Current window maximized

29-12-2023T11:24:59 - [MESSAGE][PASSED] - Current window maximized

29-12-2023T11:24:59 - [TEST_STEP][PASSED] - setText(findTestObject("Object Repository/Page_Login/input_email"), "superadmin@app.com"): Text 'superadmin@app.com' is set on object 'Object Repository/Page_Login/input_email'

29-12-2023T11:25:00 - [MESSAGE][PASSED] - Text 'superadmin@app.com' is set on object 'Object Repository/Page_Login/input_email'

29-12-2023T11:25:00 - [TEST_STEP][PASSED] - setEncryptedText(findTestObject("Object Repository/Page_Login/input_password"), "8SQVv/p9jVScEs4/2CZsLw=="): Text ****** has been set on object 'Object Repository/Page_Login/input_password'

29-12-2023T11:25:00 - [MESSAGE][PASSED] - Text ****** has been set on object 'Object Repository/Page_Login/input_password'

29-12-2023T11:25:00 - [TEST_STEP][PASSED] - click(findTestObject("Object Repository/Page_Login/button_Sign In")): Object: 'Object Repository/Page_Login/button_Sign In' is clicked on

29-12-2023T11:25:01 - [MESSAGE][PASSED] - Object: 'Object Repository/Page_Login/button_Sign In' is clicked on

29-12-2023T11:25:01 - [MESSAGE][PASSED] - Call Test Case 'Test Cases/Offline PSSI Dashboard Function/Create BE CCTV Data/Sign In/PSSISignInValidData' successfully

29-12-2023T11:25:01 - [TEST_STEP][PASSED] - navigateToUrl(baseUrl + "/cctv/stadion", failureHandling): Navigate to 'https://monitoring.pssi-dev.kecilin.id/cctv/stadion' successfully

29-12-2023T11:25:02 - [MESSAGE][PASSED] - Navigate to 'https://monitoring.pssi-dev.kecilin.id/cctv/stadion' successfully

29-12-2023T11:25:02 - [MESSAGE][PASSED] - Call Test Case 'Test Cases/Offline PSSI Dashboard Function/Create BE CCTV Data/View Stadium/PSSIViewStadiumData' successfully

29-12-2023T11:25:02 - [TEST_STEP][PASSED] - navigateToUrl(baseUrl + "/cctv/detail/64fea065acbef66fd5476494", failureHandling): Navigate to 'https://monitoring.pssi-dev.kecilin.id/cctv/detail/64fea065acbef66fd5476494' successfully

29-12-2023T11:25:03 - [MESSAGE][PASSED] - Navigate to 'https://monitoring.pssi-dev.kecilin.id/cctv/detail/64fea065acbef66fd5476494' successfully

29-12-2023T11:25:03 - [MESSAGE][PASSED] - Call Test Case 'Test Cases/Offline PSSI Dashboard Function/Create BE CCTV Data/View CCTV Table/PSSIViewCCTVData' successfully

29-12-2023T11:25:03 - [TEST_STEP][PASSED] - navigateToUrl(baseUrl + "/cctv/detail/64fea065acbef66fd5476494/edit/658cfd5e12ca78ff5334e922", failureHandling): Navigate to 'https://monitoring.pssi-dev.kecilin.id/cctv/detail/64fea065acbef66fd5476494/edit/658cfd5e12ca78ff5334e922' successfully

29-12-2023T11:26:03 - [MESSAGE][PASSED] - Navigate to 'https://monitoring.pssi-dev.kecilin.id/cctv/detail/64fea065acbef66fd5476494/edit/658cfd5e12ca78ff5334e922' successfully

29-12-2023T11:26:03 - [TEST_STEP][FAILED] - clearText(findTestObject("Object Repository/Page Add new CCTV Offline Web/input_Name_name")): Unable to clear text of object 'Object Repository/Page Add new CCTV Offline Web/input_Name_name' (Root cause: com.kms.katalon.core.exception.StepFailedException: Unable to clear text of object 'Object Repository/Page Add new CCTV Offline Web/input_Name_name'
	at com.kms.katalon.core.webui.keyword.internal.WebUIKeywordMain.stepFailed(WebUIKeywordMain.groovy:64)
	at com.kms.katalon.core.webui.keyword.internal.WebUIKeywordMain.runKeyword(WebUIKeywordMain.groovy:42)
	at com.kms.katalon.core.webui.keyword.builtin.ClearTextKeyword.clearText(ClearTextKeyword.groovy:61)
	at com.kms.katalon.core.webui.keyword.builtin.ClearTextKeyword.execute(ClearTextKeyword.groovy:34)
	at com.kms.katalon.core.keyword.internal.KeywordExecutor.executeKeywordForPlatform(KeywordExecutor.groovy:74)
	at com.kms.katalon.core.webui.keyword.WebUiBuiltInKeywords.clearText(WebUiBuiltInKeywords.groovy:4989)
	at PSSIEditCCTVEmptyMandatoryField.run(PSSIEditCCTVEmptyMandatoryField:31)
	at com.kms.katalon.core.main.ScriptEngine.run(ScriptEngine.java:194)
	at com.kms.katalon.core.main.ScriptEngine.runScriptAsRawText(ScriptEngine.java:119)
	at com.kms.katalon.core.main.TestCaseExecutor.runScript(TestCaseExecutor.java:448)
	at com.kms.katalon.core.main.TestCaseExecutor.doExecute(TestCaseExecutor.java:439)
	at com.kms.katalon.core.main.TestCaseExecutor.processExecutionPhase(TestCaseExecutor.java:418)
	at com.kms.katalon.core.main.TestCaseExecutor.accessMainPhase(TestCaseExecutor.java:410)
	at com.kms.katalon.core.main.TestCaseExecutor.execute(TestCaseExecutor.java:285)
	at com.kms.katalon.core.common.CommonExecutor.accessTestCaseMainPhase(CommonExecutor.java:65)
	at com.kms.katalon.core.main.TestSuiteExecutor.accessTestSuiteMainPhase(TestSuiteExecutor.java:148)
	at com.kms.katalon.core.main.TestSuiteExecutor.execute(TestSuiteExecutor.java:106)
	at com.kms.katalon.core.main.TestCaseMain.startTestSuite(TestCaseMain.java:180)
	at TempTestSuite1703823537728.run(TempTestSuite1703823537728.groovy:36)
	at java.base/jdk.internal.reflect.NativeMethodAccessorImpl.invoke0(Native Method)
	at java.base/jdk.internal.reflect.NativeMethodAccessorImpl.invoke(NativeMethodAccessorImpl.java:77)
	at java.base/jdk.internal.reflect.DelegatingMethodAccessorImpl.invoke(DelegatingMethodAccessorImpl.java:43)
Caused by: com.kms.katalon.core.webui.exception.WebElementNotFoundException: Web element with id: 'Object Repository/Page Add new CCTV Offline Web/input_Name_name' located by '//input[@id='name']' not found
	at com.kms.katalon.core.webui.common.WebUiCommonHelper.findWebElement(WebUiCommonHelper.java:1379)
	at com.kms.katalon.core.webui.keyword.internal.WebUIAbstractKeyword.findWebElement(WebUIAbstractKeyword.groovy:27)
	at com.kms.katalon.core.webui.keyword.internal.WebUIAbstractKeyword.findWebElement(WebUIAbstractKeyword.groovy:26)
	at com.kms.katalon.core.webui.keyword.builtin.ClearTextKeyword$_clearText_closure1.doCall(ClearTextKeyword.groovy:44)
	at com.kms.katalon.core.webui.keyword.builtin.ClearTextKeyword$_clearText_closure1.call(ClearTextKeyword.groovy)
	at com.kms.katalon.core.webui.keyword.internal.WebUIKeywordMain.runKeyword(WebUIKeywordMain.groovy:33)
	at com.kms.katalon.core.webui.keyword.builtin.ClearTextKeyword.clearText(ClearTextKeyword.groovy:61)
	at com.kms.katalon.core.webui.keyword.builtin.ClearTextKeyword.execute(ClearTextKeyword.groovy:34)
	at com.kms.katalon.core.keyword.internal.KeywordExecutor.executeKeywordForPlatform(KeywordExecutor.groovy:74)
	at com.kms.katalon.core.webui.keyword.WebUiBuiltInKeywords.clearText(WebUiBuiltInKeywords.groovy:4989)
	at Script1703744923016.run(Script1703744923016.groovy:31)
	... 15 more
)

29-12-2023T11:26:35 - [MESSAGE][INFO] - Unable to find the element located by 'By.xpath: //input[@id='name']'. Please recheck the objects properties to make sure the desired element is located. 

29-12-2023T11:26:35 - [MESSAGE][WARNING] - [SELF-HEALING] Failed to find element with id 'Object Repository/Page Add new CCTV Offline Web/input_Name_name'. Try using Self-healing.

29-12-2023T11:26:37 - [MESSAGE][INFO] - [SELF-HEALING] Failed Locator: '//input[@id='name']'.

29-12-2023T11:26:37 - [MESSAGE][INFO] - [SELF-HEALING] Failed Locator: '//input'.

29-12-2023T11:26:37 - [MESSAGE][INFO] - [SELF-HEALING] Failed Locator: '//input[@type = 'text' and @id = 'name' and @name = 'name' and @placeholder = 'Nama CCTV']'.

29-12-2023T11:26:39 - [MESSAGE][INFO] - Unable to find the element located by 'By.xpath: id("name")[count(. | //input[@type = 'text']) = count(//input[@type = 'text'])]'. Please recheck the objects properties to make sure the desired element is located. 

29-12-2023T11:27:40 - [MESSAGE][INFO] - Unable to find the element located by 'By.cssSelector: #name'. Please recheck the objects properties to make sure the desired element is located. 

29-12-2023T11:27:40 - [MESSAGE][FAILED] - Unable to clear text of object 'Object Repository/Page Add new CCTV Offline Web/input_Name_name' (Root cause: com.kms.katalon.core.exception.StepFailedException: Unable to clear text of object 'Object Repository/Page Add new CCTV Offline Web/input_Name_name'
	at com.kms.katalon.core.webui.keyword.internal.WebUIKeywordMain.stepFailed(WebUIKeywordMain.groovy:64)
	at com.kms.katalon.core.webui.keyword.internal.WebUIKeywordMain.runKeyword(WebUIKeywordMain.groovy:42)
	at com.kms.katalon.core.webui.keyword.builtin.ClearTextKeyword.clearText(ClearTextKeyword.groovy:61)
	at com.kms.katalon.core.webui.keyword.builtin.ClearTextKeyword.execute(ClearTextKeyword.groovy:34)
	at com.kms.katalon.core.keyword.internal.KeywordExecutor.executeKeywordForPlatform(KeywordExecutor.groovy:74)
	at com.kms.katalon.core.webui.keyword.WebUiBuiltInKeywords.clearText(WebUiBuiltInKeywords.groovy:4989)
	at PSSIEditCCTVEmptyMandatoryField.run(PSSIEditCCTVEmptyMandatoryField:31)
	at com.kms.katalon.core.main.ScriptEngine.run(ScriptEngine.java:194)
	at com.kms.katalon.core.main.ScriptEngine.runScriptAsRawText(ScriptEngine.java:119)
	at com.kms.katalon.core.main.TestCaseExecutor.runScript(TestCaseExecutor.java:448)
	at com.kms.katalon.core.main.TestCaseExecutor.doExecute(TestCaseExecutor.java:439)
	at com.kms.katalon.core.main.TestCaseExecutor.processExecutionPhase(TestCaseExecutor.java:418)
	at com.kms.katalon.core.main.TestCaseExecutor.accessMainPhase(TestCaseExecutor.java:410)
	at com.kms.katalon.core.main.TestCaseExecutor.execute(TestCaseExecutor.java:285)
	at com.kms.katalon.core.common.CommonExecutor.accessTestCaseMainPhase(CommonExecutor.java:65)
	at com.kms.katalon.core.main.TestSuiteExecutor.accessTestSuiteMainPhase(TestSuiteExecutor.java:148)
	at com.kms.katalon.core.main.TestSuiteExecutor.execute(TestSuiteExecutor.java:106)
	at com.kms.katalon.core.main.TestCaseMain.startTestSuite(TestCaseMain.java:180)
	at TempTestSuite1703823537728.run(TempTestSuite1703823537728.groovy:36)
	at java.base/jdk.internal.reflect.NativeMethodAccessorImpl.invoke0(Native Method)
	at java.base/jdk.internal.reflect.NativeMethodAccessorImpl.invoke(NativeMethodAccessorImpl.java:77)
	at java.base/jdk.internal.reflect.DelegatingMethodAccessorImpl.invoke(DelegatingMethodAccessorImpl.java:43)
Caused by: com.kms.katalon.core.webui.exception.WebElementNotFoundException: Web element with id: 'Object Repository/Page Add new CCTV Offline Web/input_Name_name' located by '//input[@id='name']' not found
	at com.kms.katalon.core.webui.common.WebUiCommonHelper.findWebElement(WebUiCommonHelper.java:1379)
	at com.kms.katalon.core.webui.keyword.internal.WebUIAbstractKeyword.findWebElement(WebUIAbstractKeyword.groovy:27)
	at com.kms.katalon.core.webui.keyword.internal.WebUIAbstractKeyword.findWebElement(WebUIAbstractKeyword.groovy:26)
	at com.kms.katalon.core.webui.keyword.builtin.ClearTextKeyword$_clearText_closure1.doCall(ClearTextKeyword.groovy:44)
	at com.kms.katalon.core.webui.keyword.builtin.ClearTextKeyword$_clearText_closure1.call(ClearTextKeyword.groovy)
	at com.kms.katalon.core.webui.keyword.internal.WebUIKeywordMain.runKeyword(WebUIKeywordMain.groovy:33)
	at com.kms.katalon.core.webui.keyword.builtin.ClearTextKeyword.clearText(ClearTextKeyword.groovy:61)
	at com.kms.katalon.core.webui.keyword.builtin.ClearTextKeyword.execute(ClearTextKeyword.groovy:34)
	at com.kms.katalon.core.keyword.internal.KeywordExecutor.executeKeywordForPlatform(KeywordExecutor.groovy:74)
	at com.kms.katalon.core.webui.keyword.WebUiBuiltInKeywords.clearText(WebUiBuiltInKeywords.groovy:4989)
	at Script1703744923016.run(Script1703744923016.groovy:31)
	... 15 more
)
[[ATTACHMENT|C:\\Users\\USER\\git\\Kecilin-Automation-Test\\Reports\\20231229_111847\\Create BE CCTV Data\\Edit CCTV Test Suite\\20231229_111857\\1703824060103.png]]]]></system-out>
         <system-err><![CDATA[29-12-2023T11:24:56 - [TEST_CASE][FAILED] - Test Cases/Offline PSSI Dashboard Function/Create BE CCTV Data/Edit CCTV/Negative Test Case/PSSIEditCCTVEmptyMandatoryField: Test Cases/Offline PSSI Dashboard Function/Create BE CCTV Data/Edit CCTV/Negative Test Case/PSSIEditCCTVEmptyMandatoryField FAILED.
Reason:
com.kms.katalon.core.exception.StepFailedException: Unable to clear text of object 'Object Repository/Page Add new CCTV Offline Web/input_Name_name'
	at com.kms.katalon.core.webui.keyword.internal.WebUIKeywordMain.stepFailed(WebUIKeywordMain.groovy:64)
	at com.kms.katalon.core.webui.keyword.internal.WebUIKeywordMain.runKeyword(WebUIKeywordMain.groovy:42)
	at com.kms.katalon.core.webui.keyword.builtin.ClearTextKeyword.clearText(ClearTextKeyword.groovy:61)
	at com.kms.katalon.core.webui.keyword.builtin.ClearTextKeyword.execute(ClearTextKeyword.groovy:34)
	at com.kms.katalon.core.keyword.internal.KeywordExecutor.executeKeywordForPlatform(KeywordExecutor.groovy:74)
	at com.kms.katalon.core.webui.keyword.WebUiBuiltInKeywords.clearText(WebUiBuiltInKeywords.groovy:4989)
	at PSSIEditCCTVEmptyMandatoryField.run(PSSIEditCCTVEmptyMandatoryField:31)
	at com.kms.katalon.core.main.ScriptEngine.run(ScriptEngine.java:194)
	at com.kms.katalon.core.main.ScriptEngine.runScriptAsRawText(ScriptEngine.java:119)
	at com.kms.katalon.core.main.TestCaseExecutor.runScript(TestCaseExecutor.java:448)
	at com.kms.katalon.core.main.TestCaseExecutor.doExecute(TestCaseExecutor.java:439)
	at com.kms.katalon.core.main.TestCaseExecutor.processExecutionPhase(TestCaseExecutor.java:418)
	at com.kms.katalon.core.main.TestCaseExecutor.accessMainPhase(TestCaseExecutor.java:410)
	at com.kms.katalon.core.main.TestCaseExecutor.execute(TestCaseExecutor.java:285)
	at com.kms.katalon.core.common.CommonExecutor.accessTestCaseMainPhase(CommonExecutor.java:65)
	at com.kms.katalon.core.main.TestSuiteExecutor.accessTestSuiteMainPhase(TestSuiteExecutor.java:148)
	at com.kms.katalon.core.main.TestSuiteExecutor.execute(TestSuiteExecutor.java:106)
	at com.kms.katalon.core.main.TestCaseMain.startTestSuite(TestCaseMain.java:180)
	at TempTestSuite1703823537728.run(TempTestSuite1703823537728.groovy:36)
	at java.base/jdk.internal.reflect.NativeMethodAccessorImpl.invoke0(Native Method)
	at java.base/jdk.internal.reflect.NativeMethodAccessorImpl.invoke(NativeMethodAccessorImpl.java:77)
	at java.base/jdk.internal.reflect.DelegatingMethodAccessorImpl.invoke(DelegatingMethodAccessorImpl.java:43)
Caused by: com.kms.katalon.core.webui.exception.WebElementNotFoundException: Web element with id: 'Object Repository/Page Add new CCTV Offline Web/input_Name_name' located by '//input[@id='name']' not found
	at com.kms.katalon.core.webui.common.WebUiCommonHelper.findWebElement(WebUiCommonHelper.java:1379)
	at com.kms.katalon.core.webui.keyword.internal.WebUIAbstractKeyword.findWebElement(WebUIAbstractKeyword.groovy:27)
	at com.kms.katalon.core.webui.keyword.internal.WebUIAbstractKeyword.findWebElement(WebUIAbstractKeyword.groovy:26)
	at com.kms.katalon.core.webui.keyword.builtin.ClearTextKeyword$_clearText_closure1.doCall(ClearTextKeyword.groovy:44)
	at com.kms.katalon.core.webui.keyword.builtin.ClearTextKeyword$_clearText_closure1.call(ClearTextKeyword.groovy)
	at com.kms.katalon.core.webui.keyword.internal.WebUIKeywordMain.runKeyword(WebUIKeywordMain.groovy:33)
	... 20 more]]></system-err>
      </testcase>
      <testcase name="Test Cases/Offline PSSI Dashboard Function/Create BE CCTV Data/Edit CCTV/Positive Test Case/PSSIEditCCTVValidDataOfflineWeb" time="49.975" classname="Test Cases/Offline PSSI Dashboard Function/Create BE CCTV Data/Edit CCTV/Positive Test Case/PSSIEditCCTVValidDataOfflineWeb" status="FAILED">
         <failure type="FAILED" message="Test Cases/Offline PSSI Dashboard Function/Create BE CCTV Data/Edit CCTV/Positive Test Case/PSSIEditCCTVValidDataOfflineWeb FAILED.&#xa;Reason:&#xa;com.kms.katalon.core.exception.StepFailedException: Unable to set text 'camera1' of object 'Object Repository/Page Add new CCTV Offline Web/input_Name_name'&#xa;	at com.kms.katalon.core.webui.keyword.internal.WebUIKeywordMain.stepFailed(WebUIKeywordMain.groovy:64)&#xa;	at com.kms.katalon.core.webui.keyword.internal.WebUIKeywordMain.runKeyword(WebUIKeywordMain.groovy:26)&#xa;	at com.kms.katalon.core.webui.keyword.builtin.SetTextKeyword.setText(SetTextKeyword.groovy:66)&#xa;	at com.kms.katalon.core.webui.keyword.builtin.SetTextKeyword.execute(SetTextKeyword.groovy:37)&#xa;	at com.kms.katalon.core.keyword.internal.KeywordExecutor.executeKeywordForPlatform(KeywordExecutor.groovy:74)&#xa;	at com.kms.katalon.core.webui.keyword.WebUiBuiltInKeywords.setText(WebUiBuiltInKeywords.groovy:1005)&#xa;	at PSSIEditCCTVValidDataOfflineWeb.run(PSSIEditCCTVValidDataOfflineWeb:32)&#xa;	at com.kms.katalon.core.main.ScriptEngine.run(ScriptEngine.java:194)&#xa;	at com.kms.katalon.core.main.ScriptEngine.runScriptAsRawText(ScriptEngine.java:119)&#xa;	at com.kms.katalon.core.main.TestCaseExecutor.runScript(TestCaseExecutor.java:448)&#xa;	at com.kms.katalon.core.main.TestCaseExecutor.doExecute(TestCaseExecutor.java:439)&#xa;	at com.kms.katalon.core.main.TestCaseExecutor.processExecutionPhase(TestCaseExecutor.java:418)&#xa;	at com.kms.katalon.core.main.TestCaseExecutor.accessMainPhase(TestCaseExecutor.java:410)&#xa;	at com.kms.katalon.core.main.TestCaseExecutor.execute(TestCaseExecutor.java:285)&#xa;	at com.kms.katalon.core.common.CommonExecutor.accessTestCaseMainPhase(CommonExecutor.java:65)&#xa;	at com.kms.katalon.core.main.TestSuiteExecutor.accessTestSuiteMainPhase(TestSuiteExecutor.java:148)&#xa;	at com.kms.katalon.core.main.TestSuiteExecutor.execute(TestSuiteExecutor.java:106)&#xa;	at com.kms.katalon.core.main.TestCaseMain.startTestSuite(TestCaseMain.java:180)&#xa;	at TempTestSuite1703823537728.run(TempTestSuite1703823537728.groovy:36)&#xa;	at java.base/jdk.internal.reflect.NativeMethodAccessorImpl.invoke0(Native Method)&#xa;	at java.base/jdk.internal.reflect.NativeMethodAccessorImpl.invoke(NativeMethodAccessorImpl.java:77)&#xa;	at java.base/jdk.internal.reflect.DelegatingMethodAccessorImpl.invoke(DelegatingMethodAccessorImpl.java:43)&#xa;Caused by: org.openqa.selenium.NoSuchWindowException: no such window: target window already closed&#xa;from unknown error: web view not found&#xa;  (Session info: chrome=120.0.6099.130)&#xa;Build info: version: '3.141.59', revision: 'e82be7d358', time: '2018-11-14T08:25:53'&#xa;System info: host: 'DESKTOP-HLRVE9S', ip: '192.168.100.183', os.name: 'Windows 10', os.arch: 'amd64', os.version: '10.0', java.version: '17.0.7'&#xa;Driver info: com.kms.katalon.selenium.driver.CChromeDriver&#xa;Capabilities {acceptInsecureCerts: false, browserName: chrome, browserVersion: 120.0.6099.130, chrome: {chromedriverVersion: 120.0.6099.71 (9729082fe617..., userDataDir: C:\Users\USER\AppData\Local...}, fedcm:accounts: true, goog:chromeOptions: {debuggerAddress: localhost:55125}, javascriptEnabled: true, networkConnectionEnabled: false, pageLoadStrategy: normal, platform: WINDOWS, platformName: WINDOWS, proxy: Proxy(), setWindowRect: true, strictFileInteractability: false, timeouts: {implicit: 0, pageLoad: 300000, script: 30000}, unhandledPromptBehavior: dismiss and notify, webauthn:extension:credBlob: true, webauthn:extension:largeBlob: true, webauthn:extension:minPinLength: true, webauthn:extension:prf: true, webauthn:virtualAuthenticators: true}&#xa;Session ID: 9f34ac4635c6965f51cb7d5ebab18392&#xa;*** Element info: {Using=xpath, value=//input[@id='name']}&#xa;	at java.base/jdk.internal.reflect.NativeConstructorAccessorImpl.newInstance0(Native Method)&#xa;	at java.base/jdk.internal.reflect.NativeConstructorAccessorImpl.newInstance(NativeConstructorAccessorImpl.java:77)&#xa;	at java.base/jdk.internal.reflect.DelegatingConstructorAccessorImpl.newInstance(DelegatingConstructorAccessorImpl.java:45)&#xa;	at org.openqa.selenium.remote.http.W3CHttpResponseCodec.createException(W3CHttpResponseCodec.java:187)&#xa;	at org.openqa.selenium.remote.http.W3CHttpResponseCodec.decode(W3CHttpResponseCodec.java:122)&#xa;	at org.openqa.selenium.remote.http.W3CHttpResponseCodec.decode(W3CHttpResponseCodec.java:49)&#xa;	at org.openqa.selenium.remote.HttpCommandExecutor.execute(HttpCommandExecutor.java:158)&#xa;	at org.openqa.selenium.remote.service.DriverCommandExecutor.execute(DriverCommandExecutor.java:83)&#xa;	at org.openqa.selenium.remote.RemoteWebDriver.execute(RemoteWebDriver.java:552)&#xa;	at com.kms.katalon.selenium.driver.CChromeDriver.execute(CChromeDriver.java:19)&#xa;	at org.openqa.selenium.remote.RemoteWebDriver.findElements(RemoteWebDriver.java:353)&#xa;	at org.openqa.selenium.remote.RemoteWebDriver.findElementsByXPath(RemoteWebDriver.java:432)&#xa;	at org.openqa.selenium.By$ByXPath.findElements(By.java:348)&#xa;	at org.openqa.selenium.remote.RemoteWebDriver.findElements(RemoteWebDriver.java:311)&#xa;	at jdk.internal.reflect.GeneratedMethodAccessor9.invoke(Unknown Source)&#xa;	at java.base/jdk.internal.reflect.DelegatingMethodAccessorImpl.invoke(DelegatingMethodAccessorImpl.java:43)&#xa;	at org.openqa.selenium.support.events.EventFiringWebDriver.lambda$new$1(EventFiringWebDriver.java:105)&#xa;	at jdk.proxy2/jdk.proxy2.$Proxy23.findElements(Unknown Source)&#xa;	at org.openqa.selenium.support.events.EventFiringWebDriver.findElements(EventFiringWebDriver.java:182)&#xa;	at com.kms.katalon.core.webui.common.WebUiCommonHelper.findElementByNormalMethods(WebUiCommonHelper.java:1025)&#xa;	at com.kms.katalon.core.webui.common.WebUiCommonHelper.findElementsBySelectedMethod(WebUiCommonHelper.java:915)&#xa;	at com.kms.katalon.core.webui.common.WebUiCommonHelper.findElementsBySelectedMethod(WebUiCommonHelper.java:897)&#xa;	at com.kms.katalon.core.webui.common.WebUiCommonHelper.findElementsBySelectedMethod(WebUiCommonHelper.java:892)&#xa;	at com.kms.katalon.core.webui.common.WebUiCommonHelper.findElementsByDefault(WebUiCommonHelper.java:888)&#xa;	at com.kms.katalon.core.webui.common.WebUiCommonHelper.findElementsWithSelfHealing(WebUiCommonHelper.java:734)&#xa;	at com.kms.katalon.core.webui.common.WebUiCommonHelper.findWebElements(WebUiCommonHelper.java:718)&#xa;	at com.kms.katalon.core.webui.common.WebUiCommonHelper.findWebElement(WebUiCommonHelper.java:1374)&#xa;	at com.kms.katalon.core.webui.keyword.internal.WebUIAbstractKeyword.findWebElement(WebUIAbstractKeyword.groovy:27)&#xa;	at com.kms.katalon.core.webui.keyword.internal.WebUIAbstractKeyword.findWebElement(WebUIAbstractKeyword.groovy:26)&#xa;	at com.kms.katalon.core.webui.keyword.builtin.SetTextKeyword$_setText_closure1.doCall(SetTextKeyword.groovy:51)&#xa;	at com.kms.katalon.core.webui.keyword.builtin.SetTextKeyword$_setText_closure1.call(SetTextKeyword.groovy)&#xa;	at com.kms.katalon.core.webui.keyword.internal.WebUIKeywordMain.runKeyword(WebUIKeywordMain.groovy:20)&#xa;	... 20 more&#xa;"/>
         <system-out><![CDATA[29-12-2023T11:27:40 - [TEST_CASE][FAILED] - Test Cases/Offline PSSI Dashboard Function/Create BE CCTV Data/Edit CCTV/Positive Test Case/PSSIEditCCTVValidDataOfflineWeb: Test Cases/Offline PSSI Dashboard Function/Create BE CCTV Data/Edit CCTV/Positive Test Case/PSSIEditCCTVValidDataOfflineWeb FAILED.
Reason:
com.kms.katalon.core.exception.StepFailedException: Unable to set text 'camera1' of object 'Object Repository/Page Add new CCTV Offline Web/input_Name_name'
	at com.kms.katalon.core.webui.keyword.internal.WebUIKeywordMain.stepFailed(WebUIKeywordMain.groovy:64)
	at com.kms.katalon.core.webui.keyword.internal.WebUIKeywordMain.runKeyword(WebUIKeywordMain.groovy:26)
	at com.kms.katalon.core.webui.keyword.builtin.SetTextKeyword.setText(SetTextKeyword.groovy:66)
	at com.kms.katalon.core.webui.keyword.builtin.SetTextKeyword.execute(SetTextKeyword.groovy:37)
	at com.kms.katalon.core.keyword.internal.KeywordExecutor.executeKeywordForPlatform(KeywordExecutor.groovy:74)
	at com.kms.katalon.core.webui.keyword.WebUiBuiltInKeywords.setText(WebUiBuiltInKeywords.groovy:1005)
	at PSSIEditCCTVValidDataOfflineWeb.run(PSSIEditCCTVValidDataOfflineWeb:32)
	at com.kms.katalon.core.main.ScriptEngine.run(ScriptEngine.java:194)
	at com.kms.katalon.core.main.ScriptEngine.runScriptAsRawText(ScriptEngine.java:119)
	at com.kms.katalon.core.main.TestCaseExecutor.runScript(TestCaseExecutor.java:448)
	at com.kms.katalon.core.main.TestCaseExecutor.doExecute(TestCaseExecutor.java:439)
	at com.kms.katalon.core.main.TestCaseExecutor.processExecutionPhase(TestCaseExecutor.java:418)
	at com.kms.katalon.core.main.TestCaseExecutor.accessMainPhase(TestCaseExecutor.java:410)
	at com.kms.katalon.core.main.TestCaseExecutor.execute(TestCaseExecutor.java:285)
	at com.kms.katalon.core.common.CommonExecutor.accessTestCaseMainPhase(CommonExecutor.java:65)
	at com.kms.katalon.core.main.TestSuiteExecutor.accessTestSuiteMainPhase(TestSuiteExecutor.java:148)
	at com.kms.katalon.core.main.TestSuiteExecutor.execute(TestSuiteExecutor.java:106)
	at com.kms.katalon.core.main.TestCaseMain.startTestSuite(TestCaseMain.java:180)
	at TempTestSuite1703823537728.run(TempTestSuite1703823537728.groovy:36)
	at java.base/jdk.internal.reflect.NativeMethodAccessorImpl.invoke0(Native Method)
	at java.base/jdk.internal.reflect.NativeMethodAccessorImpl.invoke(NativeMethodAccessorImpl.java:77)
	at java.base/jdk.internal.reflect.DelegatingMethodAccessorImpl.invoke(DelegatingMethodAccessorImpl.java:43)
Caused by: org.openqa.selenium.NoSuchWindowException: no such window: target window already closed
from unknown error: web view not found
  (Session info: chrome=120.0.6099.130)
Build info: version: '3.141.59', revision: 'e82be7d358', time: '2018-11-14T08:25:53'
System info: host: 'DESKTOP-HLRVE9S', ip: '192.168.100.183', os.name: 'Windows 10', os.arch: 'amd64', os.version: '10.0', java.version: '17.0.7'
Driver info: com.kms.katalon.selenium.driver.CChromeDriver
Capabilities {acceptInsecureCerts: false, browserName: chrome, browserVersion: 120.0.6099.130, chrome: {chromedriverVersion: 120.0.6099.71 (9729082fe617..., userDataDir: C:\Users\USER\AppData\Local...}, fedcm:accounts: true, goog:chromeOptions: {debuggerAddress: localhost:55125}, javascriptEnabled: true, networkConnectionEnabled: false, pageLoadStrategy: normal, platform: WINDOWS, platformName: WINDOWS, proxy: Proxy(), setWindowRect: true, strictFileInteractability: false, timeouts: {implicit: 0, pageLoad: 300000, script: 30000}, unhandledPromptBehavior: dismiss and notify, webauthn:extension:credBlob: true, webauthn:extension:largeBlob: true, webauthn:extension:minPinLength: true, webauthn:extension:prf: true, webauthn:virtualAuthenticators: true}
Session ID: 9f34ac4635c6965f51cb7d5ebab18392
*** Element info: {Using=xpath, value=//input[@id='name']}
	at java.base/jdk.internal.reflect.NativeConstructorAccessorImpl.newInstance0(Native Method)
	at java.base/jdk.internal.reflect.NativeConstructorAccessorImpl.newInstance(NativeConstructorAccessorImpl.java:77)
	at java.base/jdk.internal.reflect.DelegatingConstructorAccessorImpl.newInstance(DelegatingConstructorAccessorImpl.java:45)
	at org.openqa.selenium.remote.http.W3CHttpResponseCodec.createException(W3CHttpResponseCodec.java:187)
	at org.openqa.selenium.remote.http.W3CHttpResponseCodec.decode(W3CHttpResponseCodec.java:122)
	at org.openqa.selenium.remote.http.W3CHttpResponseCodec.decode(W3CHttpResponseCodec.java:49)
	at org.openqa.selenium.remote.HttpCommandExecutor.execute(HttpCommandExecutor.java:158)
	at org.openqa.selenium.remote.service.DriverCommandExecutor.execute(DriverCommandExecutor.java:83)
	at org.openqa.selenium.remote.RemoteWebDriver.execute(RemoteWebDriver.java:552)
	at com.kms.katalon.selenium.driver.CChromeDriver.execute(CChromeDriver.java:19)
	at org.openqa.selenium.remote.RemoteWebDriver.findElements(RemoteWebDriver.java:353)
	at org.openqa.selenium.remote.RemoteWebDriver.findElementsByXPath(RemoteWebDriver.java:432)
	at org.openqa.selenium.By$ByXPath.findElements(By.java:348)
	at org.openqa.selenium.remote.RemoteWebDriver.findElements(RemoteWebDriver.java:311)
	at jdk.internal.reflect.GeneratedMethodAccessor9.invoke(Unknown Source)
	at java.base/jdk.internal.reflect.DelegatingMethodAccessorImpl.invoke(DelegatingMethodAccessorImpl.java:43)
	at org.openqa.selenium.support.events.EventFiringWebDriver.lambda$new$1(EventFiringWebDriver.java:105)
	at jdk.proxy2/jdk.proxy2.$Proxy23.findElements(Unknown Source)
	at org.openqa.selenium.support.events.EventFiringWebDriver.findElements(EventFiringWebDriver.java:182)
	at com.kms.katalon.core.webui.common.WebUiCommonHelper.findElementByNormalMethods(WebUiCommonHelper.java:1025)
	at com.kms.katalon.core.webui.common.WebUiCommonHelper.findElementsBySelectedMethod(WebUiCommonHelper.java:915)
	at com.kms.katalon.core.webui.common.WebUiCommonHelper.findElementsBySelectedMethod(WebUiCommonHelper.java:897)
	at com.kms.katalon.core.webui.common.WebUiCommonHelper.findElementsBySelectedMethod(WebUiCommonHelper.java:892)
	at com.kms.katalon.core.webui.common.WebUiCommonHelper.findElementsByDefault(WebUiCommonHelper.java:888)
	at com.kms.katalon.core.webui.common.WebUiCommonHelper.findElementsWithSelfHealing(WebUiCommonHelper.java:734)
	at com.kms.katalon.core.webui.common.WebUiCommonHelper.findWebElements(WebUiCommonHelper.java:718)
	at com.kms.katalon.core.webui.common.WebUiCommonHelper.findWebElement(WebUiCommonHelper.java:1374)
	at com.kms.katalon.core.webui.keyword.internal.WebUIAbstractKeyword.findWebElement(WebUIAbstractKeyword.groovy:27)
	at com.kms.katalon.core.webui.keyword.internal.WebUIAbstractKeyword.findWebElement(WebUIAbstractKeyword.groovy:26)
	at com.kms.katalon.core.webui.keyword.builtin.SetTextKeyword$_setText_closure1.doCall(SetTextKeyword.groovy:51)
	at com.kms.katalon.core.webui.keyword.builtin.SetTextKeyword$_setText_closure1.call(SetTextKeyword.groovy)
	at com.kms.katalon.core.webui.keyword.internal.WebUIKeywordMain.runKeyword(WebUIKeywordMain.groovy:20)
	... 20 more


29-12-2023T11:27:40 - [TEST_STEP][PASSED] - failureHandling = STOP_ON_FAILURE: null

29-12-2023T11:27:40 - [TEST_STEP][PASSED] - baseUrl = offline_pssi_dashboard_url: null

29-12-2023T11:27:40 - [TEST_STEP][PASSED] - callTestCase(findTestCase("Offline PSSI Dashboard Function/Create BE CCTV Data/View CCTV Table/PSSIViewCCTVData"), [:], failureHandling): Call Test Case 'Test Cases/Offline PSSI Dashboard Function/Create BE CCTV Data/View CCTV Table/PSSIViewCCTVData' successfully

29-12-2023T11:27:40 - [TEST_CASE][PASSED] - Test Cases/Offline PSSI Dashboard Function/Create BE CCTV Data/View CCTV Table/PSSIViewCCTVData: Test Cases/Offline PSSI Dashboard Function/Create BE CCTV Data/View CCTV Table/PSSIViewCCTVData

29-12-2023T11:27:40 - [TEST_STEP][PASSED] - failureHandling = STOP_ON_FAILURE: null

29-12-2023T11:27:40 - [TEST_STEP][PASSED] - baseUrl = offline_pssi_dashboard_url: null

29-12-2023T11:27:40 - [TEST_STEP][PASSED] - callTestCase(findTestCase("Offline PSSI Dashboard Function/Create BE CCTV Data/View Stadium/PSSIViewStadiumData"), [:], failureHandling): Call Test Case 'Test Cases/Offline PSSI Dashboard Function/Create BE CCTV Data/View Stadium/PSSIViewStadiumData' successfully

29-12-2023T11:27:40 - [TEST_CASE][PASSED] - Test Cases/Offline PSSI Dashboard Function/Create BE CCTV Data/View Stadium/PSSIViewStadiumData: Test Cases/Offline PSSI Dashboard Function/Create BE CCTV Data/View Stadium/PSSIViewStadiumData

29-12-2023T11:27:40 - [TEST_STEP][PASSED] - failureHandling = STOP_ON_FAILURE: null

29-12-2023T11:27:40 - [TEST_STEP][PASSED] - baseUrl = offline_pssi_dashboard_url: null

29-12-2023T11:27:40 - [TEST_STEP][PASSED] - callTestCase(findTestCase("Offline PSSI Dashboard Function/Create BE CCTV Data/Sign In/PSSISignInValidData"), [:], failureHandling): Call Test Case 'Test Cases/Offline PSSI Dashboard Function/Create BE CCTV Data/Sign In/PSSISignInValidData' successfully

29-12-2023T11:27:40 - [TEST_CASE][PASSED] - Test Cases/Offline PSSI Dashboard Function/Create BE CCTV Data/Sign In/PSSISignInValidData: Test Cases/Offline PSSI Dashboard Function/Create BE CCTV Data/Sign In/PSSISignInValidData

29-12-2023T11:27:40 - [TEST_STEP][PASSED] - failureHandling = STOP_ON_FAILURE: null

29-12-2023T11:27:40 - [TEST_STEP][PASSED] - baseUrl = offline_pssi_dashboard_url: null

29-12-2023T11:27:40 - [TEST_STEP][PASSED] - openBrowser(""): Browser is opened with url: ''

29-12-2023T11:27:40 - [MESSAGE][WARNING] - A browser is already opened. Closing browser and opening a new one

29-12-2023T11:27:41 - [MESSAGE][INFO] - Starting 'Chrome' driver

29-12-2023T11:27:41 - [MESSAGE][INFO] - Action delay is set to 0 milliseconds

29-12-2023T11:27:42 - [MESSAGE][PASSED] - Browser is opened with url: ''

29-12-2023T11:27:42 - [TEST_STEP][PASSED] - navigateToUrl(baseUrl): Navigate to 'https://monitoring.pssi-dev.kecilin.id' successfully

29-12-2023T11:27:43 - [MESSAGE][PASSED] - Navigate to 'https://monitoring.pssi-dev.kecilin.id' successfully

29-12-2023T11:27:43 - [TEST_STEP][PASSED] - maximizeWindow(): Current window maximized

29-12-2023T11:27:43 - [MESSAGE][PASSED] - Current window maximized

29-12-2023T11:27:43 - [TEST_STEP][PASSED] - setText(findTestObject("Object Repository/Page_Login/input_email"), "superadmin@app.com"): Text 'superadmin@app.com' is set on object 'Object Repository/Page_Login/input_email'

29-12-2023T11:27:44 - [MESSAGE][PASSED] - Text 'superadmin@app.com' is set on object 'Object Repository/Page_Login/input_email'

29-12-2023T11:27:44 - [TEST_STEP][PASSED] - setEncryptedText(findTestObject("Object Repository/Page_Login/input_password"), "8SQVv/p9jVScEs4/2CZsLw=="): Text ****** has been set on object 'Object Repository/Page_Login/input_password'

29-12-2023T11:27:44 - [MESSAGE][PASSED] - Text ****** has been set on object 'Object Repository/Page_Login/input_password'

29-12-2023T11:27:44 - [TEST_STEP][PASSED] - click(findTestObject("Object Repository/Page_Login/button_Sign In")): Object: 'Object Repository/Page_Login/button_Sign In' is clicked on

29-12-2023T11:27:46 - [MESSAGE][PASSED] - Object: 'Object Repository/Page_Login/button_Sign In' is clicked on

29-12-2023T11:27:46 - [MESSAGE][PASSED] - Call Test Case 'Test Cases/Offline PSSI Dashboard Function/Create BE CCTV Data/Sign In/PSSISignInValidData' successfully

29-12-2023T11:27:46 - [TEST_STEP][PASSED] - navigateToUrl(baseUrl + "/cctv/stadion", failureHandling): Navigate to 'https://monitoring.pssi-dev.kecilin.id/cctv/stadion' successfully

29-12-2023T11:27:46 - [MESSAGE][PASSED] - Navigate to 'https://monitoring.pssi-dev.kecilin.id/cctv/stadion' successfully

29-12-2023T11:27:46 - [MESSAGE][PASSED] - Call Test Case 'Test Cases/Offline PSSI Dashboard Function/Create BE CCTV Data/View Stadium/PSSIViewStadiumData' successfully

29-12-2023T11:27:46 - [TEST_STEP][PASSED] - navigateToUrl(baseUrl + "/cctv/detail/64fea065acbef66fd5476494", failureHandling): Navigate to 'https://monitoring.pssi-dev.kecilin.id/cctv/detail/64fea065acbef66fd5476494' successfully

29-12-2023T11:27:47 - [MESSAGE][PASSED] - Navigate to 'https://monitoring.pssi-dev.kecilin.id/cctv/detail/64fea065acbef66fd5476494' successfully

29-12-2023T11:27:47 - [MESSAGE][PASSED] - Call Test Case 'Test Cases/Offline PSSI Dashboard Function/Create BE CCTV Data/View CCTV Table/PSSIViewCCTVData' successfully

29-12-2023T11:27:47 - [TEST_STEP][PASSED] - navigateToUrl(baseUrl + "/cctv/detail/64fea065acbef66fd5476494/edit/658cfd5e12ca78ff5334e922", failureHandling): Navigate to 'https://monitoring.pssi-dev.kecilin.id/cctv/detail/64fea065acbef66fd5476494/edit/658cfd5e12ca78ff5334e922' successfully

29-12-2023T11:28:30 - [MESSAGE][PASSED] - Navigate to 'https://monitoring.pssi-dev.kecilin.id/cctv/detail/64fea065acbef66fd5476494/edit/658cfd5e12ca78ff5334e922' successfully

29-12-2023T11:28:30 - [TEST_STEP][FAILED] - setText(findTestObject("Object Repository/Page Add new CCTV Offline Web/input_Name_name"), "camera1", failureHandling): Unable to set text 'camera1' of object 'Object Repository/Page Add new CCTV Offline Web/input_Name_name' (Root cause: com.kms.katalon.core.exception.StepFailedException: Unable to set text 'camera1' of object 'Object Repository/Page Add new CCTV Offline Web/input_Name_name'
	at com.kms.katalon.core.webui.keyword.internal.WebUIKeywordMain.stepFailed(WebUIKeywordMain.groovy:64)
	at com.kms.katalon.core.webui.keyword.internal.WebUIKeywordMain.runKeyword(WebUIKeywordMain.groovy:26)
	at com.kms.katalon.core.webui.keyword.builtin.SetTextKeyword.setText(SetTextKeyword.groovy:66)
	at com.kms.katalon.core.webui.keyword.builtin.SetTextKeyword.execute(SetTextKeyword.groovy:37)
	at com.kms.katalon.core.keyword.internal.KeywordExecutor.executeKeywordForPlatform(KeywordExecutor.groovy:74)
	at com.kms.katalon.core.webui.keyword.WebUiBuiltInKeywords.setText(WebUiBuiltInKeywords.groovy:1005)
	at PSSIEditCCTVValidDataOfflineWeb.run(PSSIEditCCTVValidDataOfflineWeb:32)
	at com.kms.katalon.core.main.ScriptEngine.run(ScriptEngine.java:194)
	at com.kms.katalon.core.main.ScriptEngine.runScriptAsRawText(ScriptEngine.java:119)
	at com.kms.katalon.core.main.TestCaseExecutor.runScript(TestCaseExecutor.java:448)
	at com.kms.katalon.core.main.TestCaseExecutor.doExecute(TestCaseExecutor.java:439)
	at com.kms.katalon.core.main.TestCaseExecutor.processExecutionPhase(TestCaseExecutor.java:418)
	at com.kms.katalon.core.main.TestCaseExecutor.accessMainPhase(TestCaseExecutor.java:410)
	at com.kms.katalon.core.main.TestCaseExecutor.execute(TestCaseExecutor.java:285)
	at com.kms.katalon.core.common.CommonExecutor.accessTestCaseMainPhase(CommonExecutor.java:65)
	at com.kms.katalon.core.main.TestSuiteExecutor.accessTestSuiteMainPhase(TestSuiteExecutor.java:148)
	at com.kms.katalon.core.main.TestSuiteExecutor.execute(TestSuiteExecutor.java:106)
	at com.kms.katalon.core.main.TestCaseMain.startTestSuite(TestCaseMain.java:180)
	at TempTestSuite1703823537728.run(TempTestSuite1703823537728.groovy:36)
	at java.base/jdk.internal.reflect.NativeMethodAccessorImpl.invoke0(Native Method)
	at java.base/jdk.internal.reflect.NativeMethodAccessorImpl.invoke(NativeMethodAccessorImpl.java:77)
	at java.base/jdk.internal.reflect.DelegatingMethodAccessorImpl.invoke(DelegatingMethodAccessorImpl.java:43)
Caused by: org.openqa.selenium.NoSuchWindowException: no such window: target window already closed
from unknown error: web view not found
  (Session info: chrome=120.0.6099.130)
Build info: version: '3.141.59', revision: 'e82be7d358', time: '2018-11-14T08:25:53'
System info: host: 'DESKTOP-HLRVE9S', ip: '192.168.100.183', os.name: 'Windows 10', os.arch: 'amd64', os.version: '10.0', java.version: '17.0.7'
Driver info: com.kms.katalon.selenium.driver.CChromeDriver
Capabilities {acceptInsecureCerts: false, browserName: chrome, browserVersion: 120.0.6099.130, chrome: {chromedriverVersion: 120.0.6099.71 (9729082fe617..., userDataDir: C:\Users\USER\AppData\Local...}, fedcm:accounts: true, goog:chromeOptions: {debuggerAddress: localhost:55125}, javascriptEnabled: true, networkConnectionEnabled: false, pageLoadStrategy: normal, platform: WINDOWS, platformName: WINDOWS, proxy: Proxy(), setWindowRect: true, strictFileInteractability: false, timeouts: {implicit: 0, pageLoad: 300000, script: 30000}, unhandledPromptBehavior: dismiss and notify, webauthn:extension:credBlob: true, webauthn:extension:largeBlob: true, webauthn:extension:minPinLength: true, webauthn:extension:prf: true, webauthn:virtualAuthenticators: true}
Session ID: 9f34ac4635c6965f51cb7d5ebab18392
*** Element info: {Using=xpath, value=//input[@id='name']}
	at java.base/jdk.internal.reflect.NativeConstructorAccessorImpl.newInstance0(Native Method)
	at java.base/jdk.internal.reflect.NativeConstructorAccessorImpl.newInstance(NativeConstructorAccessorImpl.java:77)
	at java.base/jdk.internal.reflect.DelegatingConstructorAccessorImpl.newInstance(DelegatingConstructorAccessorImpl.java:45)
	at org.openqa.selenium.remote.http.W3CHttpResponseCodec.createException(W3CHttpResponseCodec.java:187)
	at org.openqa.selenium.remote.http.W3CHttpResponseCodec.decode(W3CHttpResponseCodec.java:122)
	at org.openqa.selenium.remote.http.W3CHttpResponseCodec.decode(W3CHttpResponseCodec.java:49)
	at org.openqa.selenium.remote.HttpCommandExecutor.execute(HttpCommandExecutor.java:158)
	at org.openqa.selenium.remote.service.DriverCommandExecutor.execute(DriverCommandExecutor.java:83)
	at org.openqa.selenium.remote.RemoteWebDriver.execute(RemoteWebDriver.java:552)
	at com.kms.katalon.selenium.driver.CChromeDriver.execute(CChromeDriver.java:19)
	at org.openqa.selenium.remote.RemoteWebDriver.findElements(RemoteWebDriver.java:353)
	at org.openqa.selenium.remote.RemoteWebDriver.findElementsByXPath(RemoteWebDriver.java:432)
	at org.openqa.selenium.By$ByXPath.findElements(By.java:348)
	at org.openqa.selenium.remote.RemoteWebDriver.findElements(RemoteWebDriver.java:311)
	at jdk.internal.reflect.GeneratedMethodAccessor9.invoke(Unknown Source)
	at java.base/jdk.internal.reflect.DelegatingMethodAccessorImpl.invoke(DelegatingMethodAccessorImpl.java:43)
	at org.openqa.selenium.support.events.EventFiringWebDriver.lambda$new$1(EventFiringWebDriver.java:105)
	at jdk.proxy2/jdk.proxy2.$Proxy23.findElements(Unknown Source)
	at org.openqa.selenium.support.events.EventFiringWebDriver.findElements(EventFiringWebDriver.java:182)
	at com.kms.katalon.core.webui.common.WebUiCommonHelper.findElementByNormalMethods(WebUiCommonHelper.java:1025)
	at com.kms.katalon.core.webui.common.WebUiCommonHelper.findElementsBySelectedMethod(WebUiCommonHelper.java:915)
	at com.kms.katalon.core.webui.common.WebUiCommonHelper.findElementsBySelectedMethod(WebUiCommonHelper.java:897)
	at com.kms.katalon.core.webui.common.WebUiCommonHelper.findElementsBySelectedMethod(WebUiCommonHelper.java:892)
	at com.kms.katalon.core.webui.common.WebUiCommonHelper.findElementsByDefault(WebUiCommonHelper.java:888)
	at com.kms.katalon.core.webui.common.WebUiCommonHelper.findElementsWithSelfHealing(WebUiCommonHelper.java:734)
	at com.kms.katalon.core.webui.common.WebUiCommonHelper.findWebElements(WebUiCommonHelper.java:718)
	at com.kms.katalon.core.webui.common.WebUiCommonHelper.findWebElement(WebUiCommonHelper.java:1374)
	at com.kms.katalon.core.webui.keyword.internal.WebUIAbstractKeyword.findWebElement(WebUIAbstractKeyword.groovy:27)
	at com.kms.katalon.core.webui.keyword.internal.WebUIAbstractKeyword.findWebElement(WebUIAbstractKeyword.groovy:26)
	at com.kms.katalon.core.webui.keyword.builtin.SetTextKeyword$_setText_closure1.doCall(SetTextKeyword.groovy:51)
	at com.kms.katalon.core.webui.keyword.builtin.SetTextKeyword$_setText_closure1.call(SetTextKeyword.groovy)
	at com.kms.katalon.core.webui.keyword.internal.WebUIKeywordMain.runKeyword(WebUIKeywordMain.groovy:20)
	at com.kms.katalon.core.webui.keyword.builtin.SetTextKeyword.setText(SetTextKeyword.groovy:66)
	at com.kms.katalon.core.webui.keyword.builtin.SetTextKeyword.execute(SetTextKeyword.groovy:37)
	at com.kms.katalon.core.keyword.internal.KeywordExecutor.executeKeywordForPlatform(KeywordExecutor.groovy:74)
	at com.kms.katalon.core.webui.keyword.WebUiBuiltInKeywords.setText(WebUiBuiltInKeywords.groovy:1005)
	at Script1703739514539.run(Script1703739514539.groovy:32)
	... 15 more
)

29-12-2023T11:28:30 - [MESSAGE][WARNING] - [SELF-HEALING] Failed to find element with id 'Object Repository/Page Add new CCTV Offline Web/input_Name_name'. Try using Self-healing.

29-12-2023T11:28:30 - [MESSAGE][WARNING] - [SELF-HEALING] no such window: target window already closed
from unknown error: web view not found
  (Session info: chrome=120.0.6099.130)
Build info: version: '3.141.59', revision: 'e82be7d358', time: '2018-11-14T08:25:53'
System info: host: 'DESKTOP-HLRVE9S', ip: '192.168.100.183', os.name: 'Windows 10', os.arch: 'amd64', os.version: '10.0', java.version: '17.0.7'
Driver info: com.kms.katalon.selenium.driver.CChromeDriver
Capabilities {acceptInsecureCerts: false, browserName: chrome, browserVersion: 120.0.6099.130, chrome: {chromedriverVersion: 120.0.6099.71 (9729082fe617..., userDataDir: C:\Users\USER\AppData\Local...}, fedcm:accounts: true, goog:chromeOptions: {debuggerAddress: localhost:55125}, javascriptEnabled: true, networkConnectionEnabled: false, pageLoadStrategy: normal, platform: WINDOWS, platformName: WINDOWS, proxy: Proxy(), setWindowRect: true, strictFileInteractability: false, timeouts: {implicit: 0, pageLoad: 300000, script: 30000}, unhandledPromptBehavior: dismiss and notify, webauthn:extension:credBlob: true, webauthn:extension:largeBlob: true, webauthn:extension:minPinLength: true, webauthn:extension:prf: true, webauthn:virtualAuthenticators: true}
Session ID: 9f34ac4635c6965f51cb7d5ebab18392
*** Element info: {Using=xpath, value=//input[@id='name']}

29-12-2023T11:28:30 - [MESSAGE][WARNING] - [SELF-HEALING] no such window: target window already closed
from unknown error: web view not found
  (Session info: chrome=120.0.6099.130)
Build info: version: '3.141.59', revision: 'e82be7d358', time: '2018-11-14T08:25:53'
System info: host: 'DESKTOP-HLRVE9S', ip: '192.168.100.183', os.name: 'Windows 10', os.arch: 'amd64', os.version: '10.0', java.version: '17.0.7'
Driver info: com.kms.katalon.selenium.driver.CChromeDriver
Capabilities {acceptInsecureCerts: false, browserName: chrome, browserVersion: 120.0.6099.130, chrome: {chromedriverVersion: 120.0.6099.71 (9729082fe617..., userDataDir: C:\Users\USER\AppData\Local...}, fedcm:accounts: true, goog:chromeOptions: {debuggerAddress: localhost:55125}, javascriptEnabled: true, networkConnectionEnabled: false, pageLoadStrategy: normal, platform: WINDOWS, platformName: WINDOWS, proxy: Proxy(), setWindowRect: true, strictFileInteractability: false, timeouts: {implicit: 0, pageLoad: 300000, script: 30000}, unhandledPromptBehavior: dismiss and notify, webauthn:extension:credBlob: true, webauthn:extension:largeBlob: true, webauthn:extension:minPinLength: true, webauthn:extension:prf: true, webauthn:virtualAuthenticators: true}
Session ID: 9f34ac4635c6965f51cb7d5ebab18392
*** Element info: {Using=xpath, value=id("name")[count(. | //input[@type = 'text']) = count(//input[@type = 'text'])]}

29-12-2023T11:28:30 - [MESSAGE][WARNING] - [SELF-HEALING] no such window: target window already closed
from unknown error: web view not found
  (Session info: chrome=120.0.6099.130)
Build info: version: '3.141.59', revision: 'e82be7d358', time: '2018-11-14T08:25:53'
System info: host: 'DESKTOP-HLRVE9S', ip: '192.168.100.183', os.name: 'Windows 10', os.arch: 'amd64', os.version: '10.0', java.version: '17.0.7'
Driver info: com.kms.katalon.selenium.driver.CChromeDriver
Capabilities {acceptInsecureCerts: false, browserName: chrome, browserVersion: 120.0.6099.130, chrome: {chromedriverVersion: 120.0.6099.71 (9729082fe617..., userDataDir: C:\Users\USER\AppData\Local...}, fedcm:accounts: true, goog:chromeOptions: {debuggerAddress: localhost:55125}, javascriptEnabled: true, networkConnectionEnabled: false, pageLoadStrategy: normal, platform: WINDOWS, platformName: WINDOWS, proxy: Proxy(), setWindowRect: true, strictFileInteractability: false, timeouts: {implicit: 0, pageLoad: 300000, script: 30000}, unhandledPromptBehavior: dismiss and notify, webauthn:extension:credBlob: true, webauthn:extension:largeBlob: true, webauthn:extension:minPinLength: true, webauthn:extension:prf: true, webauthn:virtualAuthenticators: true}
Session ID: 9f34ac4635c6965f51cb7d5ebab18392
*** Element info: {Using=css selector, value=#name}

29-12-2023T11:28:30 - [MESSAGE][WARNING] - Cannot take screenshot

29-12-2023T11:28:30 - [MESSAGE][FAILED] - Unable to set text 'camera1' of object 'Object Repository/Page Add new CCTV Offline Web/input_Name_name' (Root cause: com.kms.katalon.core.exception.StepFailedException: Unable to set text 'camera1' of object 'Object Repository/Page Add new CCTV Offline Web/input_Name_name'
	at com.kms.katalon.core.webui.keyword.internal.WebUIKeywordMain.stepFailed(WebUIKeywordMain.groovy:64)
	at com.kms.katalon.core.webui.keyword.internal.WebUIKeywordMain.runKeyword(WebUIKeywordMain.groovy:26)
	at com.kms.katalon.core.webui.keyword.builtin.SetTextKeyword.setText(SetTextKeyword.groovy:66)
	at com.kms.katalon.core.webui.keyword.builtin.SetTextKeyword.execute(SetTextKeyword.groovy:37)
	at com.kms.katalon.core.keyword.internal.KeywordExecutor.executeKeywordForPlatform(KeywordExecutor.groovy:74)
	at com.kms.katalon.core.webui.keyword.WebUiBuiltInKeywords.setText(WebUiBuiltInKeywords.groovy:1005)
	at PSSIEditCCTVValidDataOfflineWeb.run(PSSIEditCCTVValidDataOfflineWeb:32)
	at com.kms.katalon.core.main.ScriptEngine.run(ScriptEngine.java:194)
	at com.kms.katalon.core.main.ScriptEngine.runScriptAsRawText(ScriptEngine.java:119)
	at com.kms.katalon.core.main.TestCaseExecutor.runScript(TestCaseExecutor.java:448)
	at com.kms.katalon.core.main.TestCaseExecutor.doExecute(TestCaseExecutor.java:439)
	at com.kms.katalon.core.main.TestCaseExecutor.processExecutionPhase(TestCaseExecutor.java:418)
	at com.kms.katalon.core.main.TestCaseExecutor.accessMainPhase(TestCaseExecutor.java:410)
	at com.kms.katalon.core.main.TestCaseExecutor.execute(TestCaseExecutor.java:285)
	at com.kms.katalon.core.common.CommonExecutor.accessTestCaseMainPhase(CommonExecutor.java:65)
	at com.kms.katalon.core.main.TestSuiteExecutor.accessTestSuiteMainPhase(TestSuiteExecutor.java:148)
	at com.kms.katalon.core.main.TestSuiteExecutor.execute(TestSuiteExecutor.java:106)
	at com.kms.katalon.core.main.TestCaseMain.startTestSuite(TestCaseMain.java:180)
	at TempTestSuite1703823537728.run(TempTestSuite1703823537728.groovy:36)
	at java.base/jdk.internal.reflect.NativeMethodAccessorImpl.invoke0(Native Method)
	at java.base/jdk.internal.reflect.NativeMethodAccessorImpl.invoke(NativeMethodAccessorImpl.java:77)
	at java.base/jdk.internal.reflect.DelegatingMethodAccessorImpl.invoke(DelegatingMethodAccessorImpl.java:43)
Caused by: org.openqa.selenium.NoSuchWindowException: no such window: target window already closed
from unknown error: web view not found
  (Session info: chrome=120.0.6099.130)
Build info: version: '3.141.59', revision: 'e82be7d358', time: '2018-11-14T08:25:53'
System info: host: 'DESKTOP-HLRVE9S', ip: '192.168.100.183', os.name: 'Windows 10', os.arch: 'amd64', os.version: '10.0', java.version: '17.0.7'
Driver info: com.kms.katalon.selenium.driver.CChromeDriver
Capabilities {acceptInsecureCerts: false, browserName: chrome, browserVersion: 120.0.6099.130, chrome: {chromedriverVersion: 120.0.6099.71 (9729082fe617..., userDataDir: C:\Users\USER\AppData\Local...}, fedcm:accounts: true, goog:chromeOptions: {debuggerAddress: localhost:55125}, javascriptEnabled: true, networkConnectionEnabled: false, pageLoadStrategy: normal, platform: WINDOWS, platformName: WINDOWS, proxy: Proxy(), setWindowRect: true, strictFileInteractability: false, timeouts: {implicit: 0, pageLoad: 300000, script: 30000}, unhandledPromptBehavior: dismiss and notify, webauthn:extension:credBlob: true, webauthn:extension:largeBlob: true, webauthn:extension:minPinLength: true, webauthn:extension:prf: true, webauthn:virtualAuthenticators: true}
Session ID: 9f34ac4635c6965f51cb7d5ebab18392
*** Element info: {Using=xpath, value=//input[@id='name']}
	at java.base/jdk.internal.reflect.NativeConstructorAccessorImpl.newInstance0(Native Method)
	at java.base/jdk.internal.reflect.NativeConstructorAccessorImpl.newInstance(NativeConstructorAccessorImpl.java:77)
	at java.base/jdk.internal.reflect.DelegatingConstructorAccessorImpl.newInstance(DelegatingConstructorAccessorImpl.java:45)
	at org.openqa.selenium.remote.http.W3CHttpResponseCodec.createException(W3CHttpResponseCodec.java:187)
	at org.openqa.selenium.remote.http.W3CHttpResponseCodec.decode(W3CHttpResponseCodec.java:122)
	at org.openqa.selenium.remote.http.W3CHttpResponseCodec.decode(W3CHttpResponseCodec.java:49)
	at org.openqa.selenium.remote.HttpCommandExecutor.execute(HttpCommandExecutor.java:158)
	at org.openqa.selenium.remote.service.DriverCommandExecutor.execute(DriverCommandExecutor.java:83)
	at org.openqa.selenium.remote.RemoteWebDriver.execute(RemoteWebDriver.java:552)
	at com.kms.katalon.selenium.driver.CChromeDriver.execute(CChromeDriver.java:19)
	at org.openqa.selenium.remote.RemoteWebDriver.findElements(RemoteWebDriver.java:353)
	at org.openqa.selenium.remote.RemoteWebDriver.findElementsByXPath(RemoteWebDriver.java:432)
	at org.openqa.selenium.By$ByXPath.findElements(By.java:348)
	at org.openqa.selenium.remote.RemoteWebDriver.findElements(RemoteWebDriver.java:311)
	at jdk.internal.reflect.GeneratedMethodAccessor9.invoke(Unknown Source)
	at java.base/jdk.internal.reflect.DelegatingMethodAccessorImpl.invoke(DelegatingMethodAccessorImpl.java:43)
	at org.openqa.selenium.support.events.EventFiringWebDriver.lambda$new$1(EventFiringWebDriver.java:105)
	at jdk.proxy2/jdk.proxy2.$Proxy23.findElements(Unknown Source)
	at org.openqa.selenium.support.events.EventFiringWebDriver.findElements(EventFiringWebDriver.java:182)
	at com.kms.katalon.core.webui.common.WebUiCommonHelper.findElementByNormalMethods(WebUiCommonHelper.java:1025)
	at com.kms.katalon.core.webui.common.WebUiCommonHelper.findElementsBySelectedMethod(WebUiCommonHelper.java:915)
	at com.kms.katalon.core.webui.common.WebUiCommonHelper.findElementsBySelectedMethod(WebUiCommonHelper.java:897)
	at com.kms.katalon.core.webui.common.WebUiCommonHelper.findElementsBySelectedMethod(WebUiCommonHelper.java:892)
	at com.kms.katalon.core.webui.common.WebUiCommonHelper.findElementsByDefault(WebUiCommonHelper.java:888)
	at com.kms.katalon.core.webui.common.WebUiCommonHelper.findElementsWithSelfHealing(WebUiCommonHelper.java:734)
	at com.kms.katalon.core.webui.common.WebUiCommonHelper.findWebElements(WebUiCommonHelper.java:718)
	at com.kms.katalon.core.webui.common.WebUiCommonHelper.findWebElement(WebUiCommonHelper.java:1374)
	at com.kms.katalon.core.webui.keyword.internal.WebUIAbstractKeyword.findWebElement(WebUIAbstractKeyword.groovy:27)
	at com.kms.katalon.core.webui.keyword.internal.WebUIAbstractKeyword.findWebElement(WebUIAbstractKeyword.groovy:26)
	at com.kms.katalon.core.webui.keyword.builtin.SetTextKeyword$_setText_closure1.doCall(SetTextKeyword.groovy:51)
	at com.kms.katalon.core.webui.keyword.builtin.SetTextKeyword$_setText_closure1.call(SetTextKeyword.groovy)
	at com.kms.katalon.core.webui.keyword.internal.WebUIKeywordMain.runKeyword(WebUIKeywordMain.groovy:20)
	at com.kms.katalon.core.webui.keyword.builtin.SetTextKeyword.setText(SetTextKeyword.groovy:66)
	at com.kms.katalon.core.webui.keyword.builtin.SetTextKeyword.execute(SetTextKeyword.groovy:37)
	at com.kms.katalon.core.keyword.internal.KeywordExecutor.executeKeywordForPlatform(KeywordExecutor.groovy:74)
	at com.kms.katalon.core.webui.keyword.WebUiBuiltInKeywords.setText(WebUiBuiltInKeywords.groovy:1005)
	at Script1703739514539.run(Script1703739514539.groovy:32)
	... 15 more
)]]></system-out>
         <system-err><![CDATA[29-12-2023T11:27:40 - [TEST_CASE][FAILED] - Test Cases/Offline PSSI Dashboard Function/Create BE CCTV Data/Edit CCTV/Positive Test Case/PSSIEditCCTVValidDataOfflineWeb: Test Cases/Offline PSSI Dashboard Function/Create BE CCTV Data/Edit CCTV/Positive Test Case/PSSIEditCCTVValidDataOfflineWeb FAILED.
Reason:
com.kms.katalon.core.exception.StepFailedException: Unable to set text 'camera1' of object 'Object Repository/Page Add new CCTV Offline Web/input_Name_name'
	at com.kms.katalon.core.webui.keyword.internal.WebUIKeywordMain.stepFailed(WebUIKeywordMain.groovy:64)
	at com.kms.katalon.core.webui.keyword.internal.WebUIKeywordMain.runKeyword(WebUIKeywordMain.groovy:26)
	at com.kms.katalon.core.webui.keyword.builtin.SetTextKeyword.setText(SetTextKeyword.groovy:66)
	at com.kms.katalon.core.webui.keyword.builtin.SetTextKeyword.execute(SetTextKeyword.groovy:37)
	at com.kms.katalon.core.keyword.internal.KeywordExecutor.executeKeywordForPlatform(KeywordExecutor.groovy:74)
	at com.kms.katalon.core.webui.keyword.WebUiBuiltInKeywords.setText(WebUiBuiltInKeywords.groovy:1005)
	at PSSIEditCCTVValidDataOfflineWeb.run(PSSIEditCCTVValidDataOfflineWeb:32)
	at com.kms.katalon.core.main.ScriptEngine.run(ScriptEngine.java:194)
	at com.kms.katalon.core.main.ScriptEngine.runScriptAsRawText(ScriptEngine.java:119)
	at com.kms.katalon.core.main.TestCaseExecutor.runScript(TestCaseExecutor.java:448)
	at com.kms.katalon.core.main.TestCaseExecutor.doExecute(TestCaseExecutor.java:439)
	at com.kms.katalon.core.main.TestCaseExecutor.processExecutionPhase(TestCaseExecutor.java:418)
	at com.kms.katalon.core.main.TestCaseExecutor.accessMainPhase(TestCaseExecutor.java:410)
	at com.kms.katalon.core.main.TestCaseExecutor.execute(TestCaseExecutor.java:285)
	at com.kms.katalon.core.common.CommonExecutor.accessTestCaseMainPhase(CommonExecutor.java:65)
	at com.kms.katalon.core.main.TestSuiteExecutor.accessTestSuiteMainPhase(TestSuiteExecutor.java:148)
	at com.kms.katalon.core.main.TestSuiteExecutor.execute(TestSuiteExecutor.java:106)
	at com.kms.katalon.core.main.TestCaseMain.startTestSuite(TestCaseMain.java:180)
	at TempTestSuite1703823537728.run(TempTestSuite1703823537728.groovy:36)
	at java.base/jdk.internal.reflect.NativeMethodAccessorImpl.invoke0(Native Method)
	at java.base/jdk.internal.reflect.NativeMethodAccessorImpl.invoke(NativeMethodAccessorImpl.java:77)
	at java.base/jdk.internal.reflect.DelegatingMethodAccessorImpl.invoke(DelegatingMethodAccessorImpl.java:43)
Caused by: org.openqa.selenium.NoSuchWindowException: no such window: target window already closed
from unknown error: web view not found
  (Session info: chrome=120.0.6099.130)
Build info: version: '3.141.59', revision: 'e82be7d358', time: '2018-11-14T08:25:53'
System info: host: 'DESKTOP-HLRVE9S', ip: '192.168.100.183', os.name: 'Windows 10', os.arch: 'amd64', os.version: '10.0', java.version: '17.0.7'
Driver info: com.kms.katalon.selenium.driver.CChromeDriver
Capabilities {acceptInsecureCerts: false, browserName: chrome, browserVersion: 120.0.6099.130, chrome: {chromedriverVersion: 120.0.6099.71 (9729082fe617..., userDataDir: C:\Users\USER\AppData\Local...}, fedcm:accounts: true, goog:chromeOptions: {debuggerAddress: localhost:55125}, javascriptEnabled: true, networkConnectionEnabled: false, pageLoadStrategy: normal, platform: WINDOWS, platformName: WINDOWS, proxy: Proxy(), setWindowRect: true, strictFileInteractability: false, timeouts: {implicit: 0, pageLoad: 300000, script: 30000}, unhandledPromptBehavior: dismiss and notify, webauthn:extension:credBlob: true, webauthn:extension:largeBlob: true, webauthn:extension:minPinLength: true, webauthn:extension:prf: true, webauthn:virtualAuthenticators: true}
Session ID: 9f34ac4635c6965f51cb7d5ebab18392
*** Element info: {Using=xpath, value=//input[@id='name']}
	at java.base/jdk.internal.reflect.NativeConstructorAccessorImpl.newInstance0(Native Method)
	at java.base/jdk.internal.reflect.NativeConstructorAccessorImpl.newInstance(NativeConstructorAccessorImpl.java:77)
	at java.base/jdk.internal.reflect.DelegatingConstructorAccessorImpl.newInstance(DelegatingConstructorAccessorImpl.java:45)
	at org.openqa.selenium.remote.http.W3CHttpResponseCodec.createException(W3CHttpResponseCodec.java:187)
	at org.openqa.selenium.remote.http.W3CHttpResponseCodec.decode(W3CHttpResponseCodec.java:122)
	at org.openqa.selenium.remote.http.W3CHttpResponseCodec.decode(W3CHttpResponseCodec.java:49)
	at org.openqa.selenium.remote.HttpCommandExecutor.execute(HttpCommandExecutor.java:158)
	at org.openqa.selenium.remote.service.DriverCommandExecutor.execute(DriverCommandExecutor.java:83)
	at org.openqa.selenium.remote.RemoteWebDriver.execute(RemoteWebDriver.java:552)
	at com.kms.katalon.selenium.driver.CChromeDriver.execute(CChromeDriver.java:19)
	at org.openqa.selenium.remote.RemoteWebDriver.findElements(RemoteWebDriver.java:353)
	at org.openqa.selenium.remote.RemoteWebDriver.findElementsByXPath(RemoteWebDriver.java:432)
	at org.openqa.selenium.By$ByXPath.findElements(By.java:348)
	at org.openqa.selenium.remote.RemoteWebDriver.findElements(RemoteWebDriver.java:311)
	at jdk.internal.reflect.GeneratedMethodAccessor9.invoke(Unknown Source)
	at java.base/jdk.internal.reflect.DelegatingMethodAccessorImpl.invoke(DelegatingMethodAccessorImpl.java:43)
	at org.openqa.selenium.support.events.EventFiringWebDriver.lambda$new$1(EventFiringWebDriver.java:105)
	at jdk.proxy2/jdk.proxy2.$Proxy23.findElements(Unknown Source)
	at org.openqa.selenium.support.events.EventFiringWebDriver.findElements(EventFiringWebDriver.java:182)
	at com.kms.katalon.core.webui.common.WebUiCommonHelper.findElementByNormalMethods(WebUiCommonHelper.java:1025)
	at com.kms.katalon.core.webui.common.WebUiCommonHelper.findElementsBySelectedMethod(WebUiCommonHelper.java:915)
	at com.kms.katalon.core.webui.common.WebUiCommonHelper.findElementsBySelectedMethod(WebUiCommonHelper.java:897)
	at com.kms.katalon.core.webui.common.WebUiCommonHelper.findElementsBySelectedMethod(WebUiCommonHelper.java:892)
	at com.kms.katalon.core.webui.common.WebUiCommonHelper.findElementsByDefault(WebUiCommonHelper.java:888)
	at com.kms.katalon.core.webui.common.WebUiCommonHelper.findElementsWithSelfHealing(WebUiCommonHelper.java:734)
	at com.kms.katalon.core.webui.common.WebUiCommonHelper.findWebElements(WebUiCommonHelper.java:718)
	at com.kms.katalon.core.webui.common.WebUiCommonHelper.findWebElement(WebUiCommonHelper.java:1374)
	at com.kms.katalon.core.webui.keyword.internal.WebUIAbstractKeyword.findWebElement(WebUIAbstractKeyword.groovy:27)
	at com.kms.katalon.core.webui.keyword.internal.WebUIAbstractKeyword.findWebElement(WebUIAbstractKeyword.groovy:26)
	at com.kms.katalon.core.webui.keyword.builtin.SetTextKeyword$_setText_closure1.doCall(SetTextKeyword.groovy:51)
	at com.kms.katalon.core.webui.keyword.builtin.SetTextKeyword$_setText_closure1.call(SetTextKeyword.groovy)
	at com.kms.katalon.core.webui.keyword.internal.WebUIKeywordMain.runKeyword(WebUIKeywordMain.groovy:20)
	... 20 more]]></system-err>
      </testcase>
      <system-out><![CDATA[29-12-2023T11:24:14 - [TEST_SUITE][FAILED] - Edit CCTV Test Suite: Test Cases/Offline PSSI Dashboard Function/Create BE CCTV Data/Edit CCTV/Negative Test Case/PSSIAddCCTVDuplicateID FAILED.
Reason:
com.kms.katalon.core.exception.StepFailedException: Test failed because data is added
	at com.kms.katalon.core.util.KeywordUtil.markFailed(KeywordUtil.java:19)
	at PSSIAddCCTVDuplicateID.run(PSSIAddCCTVDuplicateID:39)
	at com.kms.katalon.core.main.ScriptEngine.run(ScriptEngine.java:194)
	at com.kms.katalon.core.main.ScriptEngine.runScriptAsRawText(ScriptEngine.java:119)
	at com.kms.katalon.core.main.TestCaseExecutor.runScript(TestCaseExecutor.java:448)
	at com.kms.katalon.core.main.TestCaseExecutor.doExecute(TestCaseExecutor.java:439)
	at com.kms.katalon.core.main.TestCaseExecutor.processExecutionPhase(TestCaseExecutor.java:418)
	at com.kms.katalon.core.main.TestCaseExecutor.accessMainPhase(TestCaseExecutor.java:410)
	at com.kms.katalon.core.main.TestCaseExecutor.execute(TestCaseExecutor.java:285)
	at com.kms.katalon.core.common.CommonExecutor.accessTestCaseMainPhase(CommonExecutor.java:65)
	at com.kms.katalon.core.main.TestSuiteExecutor.accessTestSuiteMainPhase(TestSuiteExecutor.java:148)
	at com.kms.katalon.core.main.TestSuiteExecutor.execute(TestSuiteExecutor.java:106)
	at com.kms.katalon.core.main.TestCaseMain.startTestSuite(TestCaseMain.java:180)
	at TempTestSuite1703823537728.run(TempTestSuite1703823537728.groovy:36)
	at java.base/jdk.internal.reflect.NativeMethodAccessorImpl.invoke0(Native Method)
	at java.base/jdk.internal.reflect.NativeMethodAccessorImpl.invoke(NativeMethodAccessorImpl.java:77)
	at java.base/jdk.internal.reflect.DelegatingMethodAccessorImpl.invoke(DelegatingMethodAccessorImpl.java:43)]]></system-out>
      <system-err><![CDATA[29-12-2023T11:24:14 - [TEST_SUITE][FAILED] - Edit CCTV Test Suite: Test Cases/Offline PSSI Dashboard Function/Create BE CCTV Data/Edit CCTV/Negative Test Case/PSSIAddCCTVDuplicateID FAILED.
Reason:
com.kms.katalon.core.exception.StepFailedException: Test failed because data is added
	at com.kms.katalon.core.util.KeywordUtil.markFailed(KeywordUtil.java:19)
	at PSSIAddCCTVDuplicateID.run(PSSIAddCCTVDuplicateID:39)
	at com.kms.katalon.core.main.ScriptEngine.run(ScriptEngine.java:194)
	at com.kms.katalon.core.main.ScriptEngine.runScriptAsRawText(ScriptEngine.java:119)
	at com.kms.katalon.core.main.TestCaseExecutor.runScript(TestCaseExecutor.java:448)
	at com.kms.katalon.core.main.TestCaseExecutor.doExecute(TestCaseExecutor.java:439)
	at com.kms.katalon.core.main.TestCaseExecutor.processExecutionPhase(TestCaseExecutor.java:418)
	at com.kms.katalon.core.main.TestCaseExecutor.accessMainPhase(TestCaseExecutor.java:410)
	at com.kms.katalon.core.main.TestCaseExecutor.execute(TestCaseExecutor.java:285)
	at com.kms.katalon.core.common.CommonExecutor.accessTestCaseMainPhase(CommonExecutor.java:65)
	at com.kms.katalon.core.main.TestSuiteExecutor.accessTestSuiteMainPhase(TestSuiteExecutor.java:148)
	at com.kms.katalon.core.main.TestSuiteExecutor.execute(TestSuiteExecutor.java:106)
	at com.kms.katalon.core.main.TestCaseMain.startTestSuite(TestCaseMain.java:180)
	at TempTestSuite1703823537728.run(TempTestSuite1703823537728.groovy:36)
	at java.base/jdk.internal.reflect.NativeMethodAccessorImpl.invoke0(Native Method)
	at java.base/jdk.internal.reflect.NativeMethodAccessorImpl.invoke(NativeMethodAccessorImpl.java:77)
	at java.base/jdk.internal.reflect.DelegatingMethodAccessorImpl.invoke(DelegatingMethodAccessorImpl.java:43)]]></system-err>
   </testsuite>
   <testsuite name="Sign In Test Suite" tests="1" failures="0" errors="0" time="8.275" skipped="0" timestamp="29-12-2023T11:28:52" hostname="USER - DESKTOP-HLRVE9S" id="Test Suites/Create BE CCTV Data/Sign In Test Suite">
      <properties>
         <property name="deviceName" value=""/>
         <property name="devicePlatform" value=""/>
         <property name="logFolder" value="C:\\Users\\USER\\git\\Kecilin-Automation-Test\\Reports\\20231229_111847\\Create BE CCTV Data\\Sign In Test Suite\\20231229_111859"/>
         <property name="logFiles" value="C:\\Users\\USER\\git\\Kecilin-Automation-Test\\Reports\\20231229_111847\\Create BE CCTV Data\\Sign In Test Suite\\20231229_111859\\execution0.log"/>
         <property name="attachments" value=""/>
         <property name="hostName" value="USER - DESKTOP-HLRVE9S"/>
         <property name="os" value="Windows 10 64bit"/>
         <property name="katalonVersion" value="9.2.0.212"/>
         <property name="browser" value="Chrome 120.0.0.0"/>
         <property name="hostAddress" value="192.168.100.183"/>
         <property name="sessionId" value="edcd5016d71f8712fe1540b73e5ace82"/>
         <property name="seleniumVersion" value="3.141.59"/>
         <property name="proxyInformation" value="ProxyInformation { proxyOption=NO_PROXY, proxyServerType=HTTP, username=, password=********, proxyServerAddress=, proxyServerPort=0, executionList=&quot;&quot;, isApplyToDesiredCapabilities=true }"/>
         <property name="platform" value="Windows 10"/>
      </properties>
      <testcase name="Test Cases/Offline PSSI Dashboard Function/Create BE CCTV Data/Sign In/PSSISignInValidData" time="7.973" classname="Test Cases/Offline PSSI Dashboard Function/Create BE CCTV Data/Sign In/PSSISignInValidData" status="PASSED">
         <system-out><![CDATA[29-12-2023T11:28:52 - [TEST_CASE][PASSED] - Test Cases/Offline PSSI Dashboard Function/Create BE CCTV Data/Sign In/PSSISignInValidData: Test Cases/Offline PSSI Dashboard Function/Create BE CCTV Data/Sign In/PSSISignInValidData

29-12-2023T11:28:52 - [TEST_STEP][PASSED] - failureHandling = STOP_ON_FAILURE: null

29-12-2023T11:28:52 - [TEST_STEP][PASSED] - baseUrl = offline_pssi_dashboard_url: null

29-12-2023T11:28:53 - [TEST_STEP][PASSED] - openBrowser(""): Browser is opened with url: ''

29-12-2023T11:28:53 - [MESSAGE][INFO] - Starting 'Chrome' driver

29-12-2023T11:28:53 - [MESSAGE][INFO] - Action delay is set to 0 milliseconds

29-12-2023T11:28:55 - [MESSAGE][PASSED] - Browser is opened with url: ''

29-12-2023T11:28:55 - [TEST_STEP][PASSED] - navigateToUrl(baseUrl): Navigate to 'https://monitoring.pssi-dev.kecilin.id' successfully

29-12-2023T11:28:56 - [MESSAGE][PASSED] - Navigate to 'https://monitoring.pssi-dev.kecilin.id' successfully

29-12-2023T11:28:56 - [TEST_STEP][PASSED] - maximizeWindow(): Current window maximized

29-12-2023T11:28:56 - [MESSAGE][PASSED] - Current window maximized

29-12-2023T11:28:56 - [TEST_STEP][PASSED] - setText(findTestObject("Object Repository/Page_Login/input_email"), "superadmin@app.com"): Text 'superadmin@app.com' is set on object 'Object Repository/Page_Login/input_email'

29-12-2023T11:28:57 - [MESSAGE][PASSED] - Text 'superadmin@app.com' is set on object 'Object Repository/Page_Login/input_email'

29-12-2023T11:28:57 - [TEST_STEP][PASSED] - setEncryptedText(findTestObject("Object Repository/Page_Login/input_password"), "8SQVv/p9jVScEs4/2CZsLw=="): Text ****** has been set on object 'Object Repository/Page_Login/input_password'

29-12-2023T11:28:58 - [MESSAGE][PASSED] - Text ****** has been set on object 'Object Repository/Page_Login/input_password'

29-12-2023T11:28:58 - [TEST_STEP][PASSED] - click(findTestObject("Object Repository/Page_Login/button_Sign In")): Object: 'Object Repository/Page_Login/button_Sign In' is clicked on

29-12-2023T11:29:00 - [MESSAGE][PASSED] - Object: 'Object Repository/Page_Login/button_Sign In' is clicked on]]></system-out>
         <system-err><![CDATA[]]></system-err>
      </testcase>
      <system-out><![CDATA[29-12-2023T11:28:52 - [TEST_SUITE][PASSED] - Sign In Test Suite: Test Cases/Offline PSSI Dashboard Function/Create BE CCTV Data/Sign In/PSSISignInValidData]]></system-out>
      <system-err><![CDATA[]]></system-err>
   </testsuite>
   <testsuite name="View CCTV Logs Test Suite" tests="2" failures="0" errors="0" time="20.294" skipped="0" timestamp="29-12-2023T11:29:19" hostname="USER - DESKTOP-HLRVE9S" id="Test Suites/Create BE CCTV Data/View CCTV Logs Test Suite">
      <properties>
         <property name="deviceName" value=""/>
         <property name="devicePlatform" value=""/>
         <property name="logFolder" value="C:\\Users\\USER\\git\\Kecilin-Automation-Test\\Reports\\20231229_111847\\Create BE CCTV Data\\View CCTV Logs Test Suite\\20231229_111901"/>
         <property name="logFiles" value="C:\\Users\\USER\\git\\Kecilin-Automation-Test\\Reports\\20231229_111847\\Create BE CCTV Data\\View CCTV Logs Test Suite\\20231229_111901\\execution0.log"/>
         <property name="attachments" value=""/>
         <property name="hostName" value="USER - DESKTOP-HLRVE9S"/>
         <property name="os" value="Windows 10 64bit"/>
         <property name="katalonVersion" value="9.2.0.212"/>
         <property name="browser" value="Chrome 120.0.0.0"/>
         <property name="hostAddress" value="192.168.100.183"/>
         <property name="sessionId" value="b9fea994c6b6c9ab730e44369848ac81"/>
         <property name="seleniumVersion" value="3.141.59"/>
         <property name="proxyInformation" value="ProxyInformation { proxyOption=NO_PROXY, proxyServerType=HTTP, username=, password=********, proxyServerAddress=, proxyServerPort=0, executionList=&quot;&quot;, isApplyToDesiredCapabilities=true }"/>
         <property name="platform" value="Windows 10"/>
      </properties>
      <testcase name="Test Cases/Offline PSSI Dashboard Function/Create BE CCTV Data/View CCTV Logs/PSSIViewCCTVEmptyLogs" time="11.889" classname="Test Cases/Offline PSSI Dashboard Function/Create BE CCTV Data/View CCTV Logs/PSSIViewCCTVEmptyLogs" status="PASSED">
         <system-out><![CDATA[29-12-2023T11:29:19 - [TEST_CASE][PASSED] - Test Cases/Offline PSSI Dashboard Function/Create BE CCTV Data/View CCTV Logs/PSSIViewCCTVEmptyLogs: Test Cases/Offline PSSI Dashboard Function/Create BE CCTV Data/View CCTV Logs/PSSIViewCCTVEmptyLogs

29-12-2023T11:29:20 - [TEST_STEP][PASSED] - failureHandling = STOP_ON_FAILURE: null

29-12-2023T11:29:20 - [TEST_STEP][PASSED] - baseUrl = offline_pssi_dashboard_url: null

29-12-2023T11:29:20 - [TEST_STEP][PASSED] - callTestCase(findTestCase("Offline PSSI Dashboard Function/Create BE CCTV Data/View CCTV Table/PSSIViewCCTVData"), [:], failureHandling): Call Test Case 'Test Cases/Offline PSSI Dashboard Function/Create BE CCTV Data/View CCTV Table/PSSIViewCCTVData' successfully

29-12-2023T11:29:20 - [TEST_CASE][PASSED] - Test Cases/Offline PSSI Dashboard Function/Create BE CCTV Data/View CCTV Table/PSSIViewCCTVData: Test Cases/Offline PSSI Dashboard Function/Create BE CCTV Data/View CCTV Table/PSSIViewCCTVData

29-12-2023T11:29:20 - [TEST_STEP][PASSED] - failureHandling = STOP_ON_FAILURE: null

29-12-2023T11:29:20 - [TEST_STEP][PASSED] - baseUrl = offline_pssi_dashboard_url: null

29-12-2023T11:29:20 - [TEST_STEP][PASSED] - callTestCase(findTestCase("Offline PSSI Dashboard Function/Create BE CCTV Data/View Stadium/PSSIViewStadiumData"), [:], failureHandling): Call Test Case 'Test Cases/Offline PSSI Dashboard Function/Create BE CCTV Data/View Stadium/PSSIViewStadiumData' successfully

29-12-2023T11:29:21 - [TEST_CASE][PASSED] - Test Cases/Offline PSSI Dashboard Function/Create BE CCTV Data/View Stadium/PSSIViewStadiumData: Test Cases/Offline PSSI Dashboard Function/Create BE CCTV Data/View Stadium/PSSIViewStadiumData

29-12-2023T11:29:21 - [TEST_STEP][PASSED] - failureHandling = STOP_ON_FAILURE: null

29-12-2023T11:29:21 - [TEST_STEP][PASSED] - baseUrl = offline_pssi_dashboard_url: null

29-12-2023T11:29:21 - [TEST_STEP][PASSED] - callTestCase(findTestCase("Offline PSSI Dashboard Function/Create BE CCTV Data/Sign In/PSSISignInValidData"), [:], failureHandling): Call Test Case 'Test Cases/Offline PSSI Dashboard Function/Create BE CCTV Data/Sign In/PSSISignInValidData' successfully

29-12-2023T11:29:21 - [TEST_CASE][PASSED] - Test Cases/Offline PSSI Dashboard Function/Create BE CCTV Data/Sign In/PSSISignInValidData: Test Cases/Offline PSSI Dashboard Function/Create BE CCTV Data/Sign In/PSSISignInValidData

29-12-2023T11:29:21 - [TEST_STEP][PASSED] - failureHandling = STOP_ON_FAILURE: null

29-12-2023T11:29:21 - [TEST_STEP][PASSED] - baseUrl = offline_pssi_dashboard_url: null

29-12-2023T11:29:21 - [TEST_STEP][PASSED] - openBrowser(""): Browser is opened with url: ''

29-12-2023T11:29:21 - [MESSAGE][INFO] - Starting 'Chrome' driver

29-12-2023T11:29:21 - [MESSAGE][INFO] - Action delay is set to 0 milliseconds

29-12-2023T11:29:23 - [MESSAGE][PASSED] - Browser is opened with url: ''

29-12-2023T11:29:23 - [TEST_STEP][PASSED] - navigateToUrl(baseUrl): Navigate to 'https://monitoring.pssi-dev.kecilin.id' successfully

29-12-2023T11:29:24 - [MESSAGE][PASSED] - Navigate to 'https://monitoring.pssi-dev.kecilin.id' successfully

29-12-2023T11:29:24 - [TEST_STEP][PASSED] - maximizeWindow(): Current window maximized

29-12-2023T11:29:24 - [MESSAGE][PASSED] - Current window maximized

29-12-2023T11:29:25 - [TEST_STEP][PASSED] - setText(findTestObject("Object Repository/Page_Login/input_email"), "superadmin@app.com"): Text 'superadmin@app.com' is set on object 'Object Repository/Page_Login/input_email'

29-12-2023T11:29:26 - [MESSAGE][PASSED] - Text 'superadmin@app.com' is set on object 'Object Repository/Page_Login/input_email'

29-12-2023T11:29:26 - [TEST_STEP][PASSED] - setEncryptedText(findTestObject("Object Repository/Page_Login/input_password"), "8SQVv/p9jVScEs4/2CZsLw=="): Text ****** has been set on object 'Object Repository/Page_Login/input_password'

29-12-2023T11:29:26 - [MESSAGE][PASSED] - Text ****** has been set on object 'Object Repository/Page_Login/input_password'

29-12-2023T11:29:26 - [TEST_STEP][PASSED] - click(findTestObject("Object Repository/Page_Login/button_Sign In")): Object: 'Object Repository/Page_Login/button_Sign In' is clicked on

29-12-2023T11:29:28 - [MESSAGE][PASSED] - Object: 'Object Repository/Page_Login/button_Sign In' is clicked on

29-12-2023T11:29:28 - [MESSAGE][PASSED] - Call Test Case 'Test Cases/Offline PSSI Dashboard Function/Create BE CCTV Data/Sign In/PSSISignInValidData' successfully

29-12-2023T11:29:28 - [TEST_STEP][PASSED] - navigateToUrl(baseUrl + "/cctv/stadion", failureHandling): Navigate to 'https://monitoring.pssi-dev.kecilin.id/cctv/stadion' successfully

29-12-2023T11:29:29 - [MESSAGE][PASSED] - Navigate to 'https://monitoring.pssi-dev.kecilin.id/cctv/stadion' successfully

29-12-2023T11:29:29 - [MESSAGE][PASSED] - Call Test Case 'Test Cases/Offline PSSI Dashboard Function/Create BE CCTV Data/View Stadium/PSSIViewStadiumData' successfully

29-12-2023T11:29:29 - [TEST_STEP][PASSED] - navigateToUrl(baseUrl + "/cctv/detail/64fea065acbef66fd5476494", failureHandling): Navigate to 'https://monitoring.pssi-dev.kecilin.id/cctv/detail/64fea065acbef66fd5476494' successfully

29-12-2023T11:29:29 - [MESSAGE][PASSED] - Navigate to 'https://monitoring.pssi-dev.kecilin.id/cctv/detail/64fea065acbef66fd5476494' successfully

29-12-2023T11:29:29 - [MESSAGE][PASSED] - Call Test Case 'Test Cases/Offline PSSI Dashboard Function/Create BE CCTV Data/View CCTV Table/PSSIViewCCTVData' successfully

29-12-2023T11:29:29 - [TEST_STEP][PASSED] - navigateToUrl(baseUrl + "/cctv/cctv_log/658be0a112ca78ff5334de2d", failureHandling): Navigate to 'https://monitoring.pssi-dev.kecilin.id/cctv/cctv_log/658be0a112ca78ff5334de2d' successfully

29-12-2023T11:29:29 - [MESSAGE][PASSED] - Navigate to 'https://monitoring.pssi-dev.kecilin.id/cctv/cctv_log/658be0a112ca78ff5334de2d' successfully

29-12-2023T11:29:29 - [TEST_STEP][PASSED] - if (verifyTextPresent("Camera Logs", false, STOP_ON_FAILURE)): null

29-12-2023T11:29:30 - [MESSAGE][PASSED] - Text 'Camera Logs' is present on page 

29-12-2023T11:29:30 - [TEST_STEP][PASSED] - if (verifyTextPresent("Showing 0 to 0 of 0 entries", false) && verifyTextPresent("No data available in table", false)): Test passed because user successfully redirected to camera logs and display no data message

29-12-2023T11:29:31 - [MESSAGE][PASSED] - Text 'Showing 0 to 0 of 0 entries' is present on page 

29-12-2023T11:29:31 - [MESSAGE][PASSED] - Text 'No data available in table' is present on page 

29-12-2023T11:29:31 - [TEST_STEP][PASSED] - markPassed("Test passed because user successfully redirected to camera logs and display no data message"): Test passed because user successfully redirected to camera logs and display no data message

29-12-2023T11:29:31 - [MESSAGE][PASSED] - Test passed because user successfully redirected to camera logs and display no data message

29-12-2023T11:29:31 - [TEST_STEP][PASSED] - closeBrowser(): Browser is closed

29-12-2023T11:29:31 - [MESSAGE][PASSED] - Browser is closed]]></system-out>
         <system-err><![CDATA[]]></system-err>
      </testcase>
      <testcase name="Test Cases/Offline PSSI Dashboard Function/Create BE CCTV Data/View CCTV Logs/PSSIViewCCTVLogs" time="8.04" classname="Test Cases/Offline PSSI Dashboard Function/Create BE CCTV Data/View CCTV Logs/PSSIViewCCTVLogs" status="PASSED">
         <system-out><![CDATA[29-12-2023T11:29:31 - [TEST_CASE][PASSED] - Test Cases/Offline PSSI Dashboard Function/Create BE CCTV Data/View CCTV Logs/PSSIViewCCTVLogs: Test Cases/Offline PSSI Dashboard Function/Create BE CCTV Data/View CCTV Logs/PSSIViewCCTVLogs

29-12-2023T11:29:31 - [TEST_STEP][PASSED] - failureHandling = STOP_ON_FAILURE: null

29-12-2023T11:29:31 - [TEST_STEP][PASSED] - baseUrl = offline_pssi_dashboard_url: null

29-12-2023T11:29:31 - [TEST_STEP][PASSED] - callTestCase(findTestCase("Offline PSSI Dashboard Function/Create BE CCTV Data/View CCTV Table/PSSIViewCCTVData"), [:], failureHandling): Call Test Case 'Test Cases/Offline PSSI Dashboard Function/Create BE CCTV Data/View CCTV Table/PSSIViewCCTVData' successfully

29-12-2023T11:29:32 - [TEST_CASE][PASSED] - Test Cases/Offline PSSI Dashboard Function/Create BE CCTV Data/View CCTV Table/PSSIViewCCTVData: Test Cases/Offline PSSI Dashboard Function/Create BE CCTV Data/View CCTV Table/PSSIViewCCTVData

29-12-2023T11:29:32 - [TEST_STEP][PASSED] - failureHandling = STOP_ON_FAILURE: null

29-12-2023T11:29:32 - [TEST_STEP][PASSED] - baseUrl = offline_pssi_dashboard_url: null

29-12-2023T11:29:32 - [TEST_STEP][PASSED] - callTestCase(findTestCase("Offline PSSI Dashboard Function/Create BE CCTV Data/View Stadium/PSSIViewStadiumData"), [:], failureHandling): Call Test Case 'Test Cases/Offline PSSI Dashboard Function/Create BE CCTV Data/View Stadium/PSSIViewStadiumData' successfully

29-12-2023T11:29:32 - [TEST_CASE][PASSED] - Test Cases/Offline PSSI Dashboard Function/Create BE CCTV Data/View Stadium/PSSIViewStadiumData: Test Cases/Offline PSSI Dashboard Function/Create BE CCTV Data/View Stadium/PSSIViewStadiumData

29-12-2023T11:29:32 - [TEST_STEP][PASSED] - failureHandling = STOP_ON_FAILURE: null

29-12-2023T11:29:32 - [TEST_STEP][PASSED] - baseUrl = offline_pssi_dashboard_url: null

29-12-2023T11:29:32 - [TEST_STEP][PASSED] - callTestCase(findTestCase("Offline PSSI Dashboard Function/Create BE CCTV Data/Sign In/PSSISignInValidData"), [:], failureHandling): Call Test Case 'Test Cases/Offline PSSI Dashboard Function/Create BE CCTV Data/Sign In/PSSISignInValidData' successfully

29-12-2023T11:29:32 - [TEST_CASE][PASSED] - Test Cases/Offline PSSI Dashboard Function/Create BE CCTV Data/Sign In/PSSISignInValidData: Test Cases/Offline PSSI Dashboard Function/Create BE CCTV Data/Sign In/PSSISignInValidData

29-12-2023T11:29:32 - [TEST_STEP][PASSED] - failureHandling = STOP_ON_FAILURE: null

29-12-2023T11:29:32 - [TEST_STEP][PASSED] - baseUrl = offline_pssi_dashboard_url: null

29-12-2023T11:29:32 - [TEST_STEP][PASSED] - openBrowser(""): Browser is opened with url: ''

29-12-2023T11:29:32 - [MESSAGE][INFO] - Starting 'Chrome' driver

29-12-2023T11:29:32 - [MESSAGE][INFO] - Action delay is set to 0 milliseconds

29-12-2023T11:29:33 - [MESSAGE][PASSED] - Browser is opened with url: ''

29-12-2023T11:29:33 - [TEST_STEP][PASSED] - navigateToUrl(baseUrl): Navigate to 'https://monitoring.pssi-dev.kecilin.id' successfully

29-12-2023T11:29:34 - [MESSAGE][PASSED] - Navigate to 'https://monitoring.pssi-dev.kecilin.id' successfully

29-12-2023T11:29:34 - [TEST_STEP][PASSED] - maximizeWindow(): Current window maximized

29-12-2023T11:29:34 - [MESSAGE][PASSED] - Current window maximized

29-12-2023T11:29:34 - [TEST_STEP][PASSED] - setText(findTestObject("Object Repository/Page_Login/input_email"), "superadmin@app.com"): Text 'superadmin@app.com' is set on object 'Object Repository/Page_Login/input_email'

29-12-2023T11:29:35 - [MESSAGE][PASSED] - Text 'superadmin@app.com' is set on object 'Object Repository/Page_Login/input_email'

29-12-2023T11:29:35 - [TEST_STEP][PASSED] - setEncryptedText(findTestObject("Object Repository/Page_Login/input_password"), "8SQVv/p9jVScEs4/2CZsLw=="): Text ****** has been set on object 'Object Repository/Page_Login/input_password'

29-12-2023T11:29:35 - [MESSAGE][PASSED] - Text ****** has been set on object 'Object Repository/Page_Login/input_password'

29-12-2023T11:29:35 - [TEST_STEP][PASSED] - click(findTestObject("Object Repository/Page_Login/button_Sign In")): Object: 'Object Repository/Page_Login/button_Sign In' is clicked on

29-12-2023T11:29:37 - [MESSAGE][PASSED] - Object: 'Object Repository/Page_Login/button_Sign In' is clicked on

29-12-2023T11:29:37 - [MESSAGE][PASSED] - Call Test Case 'Test Cases/Offline PSSI Dashboard Function/Create BE CCTV Data/Sign In/PSSISignInValidData' successfully

29-12-2023T11:29:37 - [TEST_STEP][PASSED] - navigateToUrl(baseUrl + "/cctv/stadion", failureHandling): Navigate to 'https://monitoring.pssi-dev.kecilin.id/cctv/stadion' successfully

29-12-2023T11:29:38 - [MESSAGE][PASSED] - Navigate to 'https://monitoring.pssi-dev.kecilin.id/cctv/stadion' successfully

29-12-2023T11:29:38 - [MESSAGE][PASSED] - Call Test Case 'Test Cases/Offline PSSI Dashboard Function/Create BE CCTV Data/View Stadium/PSSIViewStadiumData' successfully

29-12-2023T11:29:38 - [TEST_STEP][PASSED] - navigateToUrl(baseUrl + "/cctv/detail/64fea065acbef66fd5476494", failureHandling): Navigate to 'https://monitoring.pssi-dev.kecilin.id/cctv/detail/64fea065acbef66fd5476494' successfully

29-12-2023T11:29:38 - [MESSAGE][PASSED] - Navigate to 'https://monitoring.pssi-dev.kecilin.id/cctv/detail/64fea065acbef66fd5476494' successfully

29-12-2023T11:29:38 - [MESSAGE][PASSED] - Call Test Case 'Test Cases/Offline PSSI Dashboard Function/Create BE CCTV Data/View CCTV Table/PSSIViewCCTVData' successfully

29-12-2023T11:29:38 - [TEST_STEP][PASSED] - navigateToUrl(baseUrl + "/cctv/cctv_log/658be0a112ca78ff5334de2d", failureHandling): Navigate to 'https://monitoring.pssi-dev.kecilin.id/cctv/cctv_log/658be0a112ca78ff5334de2d' successfully

29-12-2023T11:29:38 - [MESSAGE][PASSED] - Navigate to 'https://monitoring.pssi-dev.kecilin.id/cctv/cctv_log/658be0a112ca78ff5334de2d' successfully

29-12-2023T11:29:38 - [TEST_STEP][PASSED] - if (verifyTextPresent("Camera Logs", false, STOP_ON_FAILURE)): Test passed because user successfully redirected to camera logs

29-12-2023T11:29:39 - [MESSAGE][PASSED] - Text 'Camera Logs' is present on page 

29-12-2023T11:29:39 - [TEST_STEP][PASSED] - markPassed("Test passed because user successfully redirected to camera logs"): Test passed because user successfully redirected to camera logs

29-12-2023T11:29:39 - [MESSAGE][PASSED] - Test passed because user successfully redirected to camera logs

29-12-2023T11:29:39 - [TEST_STEP][PASSED] - closeBrowser(): Browser is closed

29-12-2023T11:29:39 - [MESSAGE][PASSED] - Browser is closed]]></system-out>
         <system-err><![CDATA[]]></system-err>
      </testcase>
      <system-out><![CDATA[29-12-2023T11:29:19 - [TEST_SUITE][PASSED] - View CCTV Logs Test Suite: Test Cases/Offline PSSI Dashboard Function/Create BE CCTV Data/View CCTV Logs/PSSIViewCCTVLogs]]></system-out>
      <system-err><![CDATA[]]></system-err>
   </testsuite>
   <testsuite name="View CCTV Table Test Suite" tests="3" failures="1" errors="0" time="64.91" skipped="0" timestamp="29-12-2023T11:29:56" hostname="USER - DESKTOP-HLRVE9S" id="Test Suites/Create BE CCTV Data/View CCTV Table Test Suite">
      <properties>
         <property name="deviceName" value=""/>
         <property name="devicePlatform" value=""/>
         <property name="logFolder" value="C:\\Users\\USER\\git\\Kecilin-Automation-Test\\Reports\\20231229_111847\\Create BE CCTV Data\\View CCTV Table Test Suite\\20231229_111903"/>
         <property name="logFiles" value="C:\\Users\\USER\\git\\Kecilin-Automation-Test\\Reports\\20231229_111847\\Create BE CCTV Data\\View CCTV Table Test Suite\\20231229_111903\\execution0.log"/>
         <property name="attachments" value="C:\\Users\\USER\\git\\Kecilin-Automation-Test\\Reports\\20231229_111847\\Create BE CCTV Data\\View CCTV Table Test Suite\\20231229_111903\\1703824261306.png"/>
         <property name="hostName" value="USER - DESKTOP-HLRVE9S"/>
         <property name="os" value="Windows 10 64bit"/>
         <property name="katalonVersion" value="9.2.0.212"/>
         <property name="browser" value="Chrome 120.0.0.0"/>
         <property name="hostAddress" value="192.168.100.183"/>
         <property name="sessionId" value="4ed80ab4e72ebb6ca87c855b395bb555"/>
         <property name="seleniumVersion" value="3.141.59"/>
         <property name="proxyInformation" value="ProxyInformation { proxyOption=NO_PROXY, proxyServerType=HTTP, username=, password=********, proxyServerAddress=, proxyServerPort=0, executionList=&quot;&quot;, isApplyToDesiredCapabilities=true }"/>
         <property name="platform" value="Windows 10"/>
      </properties>
      <testcase name="Test Cases/Offline PSSI Dashboard Function/Create BE CCTV Data/View CCTV Table/PSSIValidateViewCCTVData" time="49.652" classname="Test Cases/Offline PSSI Dashboard Function/Create BE CCTV Data/View CCTV Table/PSSIValidateViewCCTVData" status="PASSED">
         <system-out><![CDATA[29-12-2023T11:29:56 - [TEST_CASE][PASSED] - Test Cases/Offline PSSI Dashboard Function/Create BE CCTV Data/View CCTV Table/PSSIValidateViewCCTVData: Test Cases/Offline PSSI Dashboard Function/Create BE CCTV Data/View CCTV Table/PSSIValidateViewCCTVData

29-12-2023T11:29:57 - [TEST_STEP][PASSED] - failureHandling = STOP_ON_FAILURE: null

29-12-2023T11:29:57 - [TEST_STEP][PASSED] - baseUrl = offline_pssi_dashboard_url + "/cctv/detail/": null

29-12-2023T11:29:57 - [TEST_STEP][PASSED] - callTestCase(findTestCase("Offline PSSI Dashboard Function/Create BE CCTV Data/View Stadium/PSSIViewStadiumData"), [:], failureHandling): Call Test Case 'Test Cases/Offline PSSI Dashboard Function/Create BE CCTV Data/View Stadium/PSSIViewStadiumData' successfully

29-12-2023T11:29:57 - [TEST_CASE][PASSED] - Test Cases/Offline PSSI Dashboard Function/Create BE CCTV Data/View Stadium/PSSIViewStadiumData: Test Cases/Offline PSSI Dashboard Function/Create BE CCTV Data/View Stadium/PSSIViewStadiumData

29-12-2023T11:29:58 - [TEST_STEP][PASSED] - failureHandling = STOP_ON_FAILURE: null

29-12-2023T11:29:58 - [TEST_STEP][PASSED] - baseUrl = offline_pssi_dashboard_url: null

29-12-2023T11:29:58 - [TEST_STEP][PASSED] - callTestCase(findTestCase("Offline PSSI Dashboard Function/Create BE CCTV Data/Sign In/PSSISignInValidData"), [:], failureHandling): Call Test Case 'Test Cases/Offline PSSI Dashboard Function/Create BE CCTV Data/Sign In/PSSISignInValidData' successfully

29-12-2023T11:29:58 - [TEST_CASE][PASSED] - Test Cases/Offline PSSI Dashboard Function/Create BE CCTV Data/Sign In/PSSISignInValidData: Test Cases/Offline PSSI Dashboard Function/Create BE CCTV Data/Sign In/PSSISignInValidData

29-12-2023T11:29:58 - [TEST_STEP][PASSED] - failureHandling = STOP_ON_FAILURE: null

29-12-2023T11:29:58 - [TEST_STEP][PASSED] - baseUrl = offline_pssi_dashboard_url: null

29-12-2023T11:29:58 - [TEST_STEP][PASSED] - openBrowser(""): Browser is opened with url: ''

29-12-2023T11:29:58 - [MESSAGE][INFO] - Starting 'Chrome' driver

29-12-2023T11:29:58 - [MESSAGE][INFO] - Action delay is set to 0 milliseconds

29-12-2023T11:30:00 - [MESSAGE][PASSED] - Browser is opened with url: ''

29-12-2023T11:30:00 - [TEST_STEP][PASSED] - navigateToUrl(baseUrl): Navigate to 'https://monitoring.pssi-dev.kecilin.id' successfully

29-12-2023T11:30:01 - [MESSAGE][PASSED] - Navigate to 'https://monitoring.pssi-dev.kecilin.id' successfully

29-12-2023T11:30:01 - [TEST_STEP][PASSED] - maximizeWindow(): Current window maximized

29-12-2023T11:30:01 - [MESSAGE][PASSED] - Current window maximized

29-12-2023T11:30:01 - [TEST_STEP][PASSED] - setText(findTestObject("Object Repository/Page_Login/input_email"), "superadmin@app.com"): Text 'superadmin@app.com' is set on object 'Object Repository/Page_Login/input_email'

29-12-2023T11:30:02 - [MESSAGE][PASSED] - Text 'superadmin@app.com' is set on object 'Object Repository/Page_Login/input_email'

29-12-2023T11:30:02 - [TEST_STEP][PASSED] - setEncryptedText(findTestObject("Object Repository/Page_Login/input_password"), "8SQVv/p9jVScEs4/2CZsLw=="): Text ****** has been set on object 'Object Repository/Page_Login/input_password'

29-12-2023T11:30:03 - [MESSAGE][PASSED] - Text ****** has been set on object 'Object Repository/Page_Login/input_password'

29-12-2023T11:30:03 - [TEST_STEP][PASSED] - click(findTestObject("Object Repository/Page_Login/button_Sign In")): Object: 'Object Repository/Page_Login/button_Sign In' is clicked on

29-12-2023T11:30:05 - [MESSAGE][PASSED] - Object: 'Object Repository/Page_Login/button_Sign In' is clicked on

29-12-2023T11:30:05 - [MESSAGE][PASSED] - Call Test Case 'Test Cases/Offline PSSI Dashboard Function/Create BE CCTV Data/Sign In/PSSISignInValidData' successfully

29-12-2023T11:30:05 - [TEST_STEP][PASSED] - navigateToUrl(baseUrl + "/cctv/stadion", failureHandling): Navigate to 'https://monitoring.pssi-dev.kecilin.id/cctv/stadion' successfully

29-12-2023T11:30:05 - [MESSAGE][PASSED] - Navigate to 'https://monitoring.pssi-dev.kecilin.id/cctv/stadion' successfully

29-12-2023T11:30:05 - [MESSAGE][PASSED] - Call Test Case 'Test Cases/Offline PSSI Dashboard Function/Create BE CCTV Data/View Stadium/PSSIViewStadiumData' successfully

29-12-2023T11:30:05 - [TEST_STEP][PASSED] - verifyElementClickable(findTestObject("Object Repository/Page_CCTV/Data Entries Option")): Object 'Object Repository/Page_CCTV/Data Entries Option' is clickable

29-12-2023T11:30:06 - [MESSAGE][PASSED] - Object 'Object Repository/Page_CCTV/Data Entries Option' is clickable

29-12-2023T11:30:06 - [TEST_STEP][PASSED] - selectOptionByValue(findTestObject("Object Repository/Page_CCTV/Data Entries Option"), "100", true): All options with value '100' are selected in object 'Object Repository/Page_CCTV/Data Entries Option'  using regular expression

29-12-2023T11:30:07 - [MESSAGE][PASSED] - All options with value '100' are selected in object 'Object Repository/Page_CCTV/Data Entries Option'  using regular expression

29-12-2023T11:30:07 - [TEST_STEP][PASSED] - navigateToUrl(baseUrl + "64fea065acbef66fd5476494", failureHandling): Navigate to 'https://monitoring.pssi-dev.kecilin.id/cctv/detail/64fea065acbef66fd5476494' successfully

29-12-2023T11:30:08 - [MESSAGE][PASSED] - Navigate to 'https://monitoring.pssi-dev.kecilin.id/cctv/detail/64fea065acbef66fd5476494' successfully

29-12-2023T11:30:08 - [TEST_STEP][PASSED] - if (verifyTextPresent("Stadion Gelora Bangkalan", false, failureHandling) && verifyTextPresent("Bangkalan, Jawa Timur", false, failureHandling)): Test passed because user successfully displayed CCTV Data from selected stadium

29-12-2023T11:30:08 - [MESSAGE][PASSED] - Text 'Stadion Gelora Bangkalan' is present on page 

29-12-2023T11:30:09 - [MESSAGE][PASSED] - Text 'Bangkalan, Jawa Timur' is present on page 

29-12-2023T11:30:09 - [TEST_STEP][PASSED] - markPassed("Test passed because user successfully displayed CCTV Data from selected stadium"): Test passed because user successfully displayed CCTV Data from selected stadium

29-12-2023T11:30:09 - [MESSAGE][PASSED] - Test passed because user successfully displayed CCTV Data from selected stadium

29-12-2023T11:30:09 - [TEST_STEP][PASSED] - breadcrumbClick(): null

29-12-2023T11:30:09 - [TEST_STEP][PASSED] - verifyElementClickable(findTestObject("Page_CCTV/Stadium Breadcrumb")): Object 'Object Repository/Page_CCTV/Stadium Breadcrumb' is clickable

29-12-2023T11:30:09 - [MESSAGE][PASSED] - Object 'Object Repository/Page_CCTV/Stadium Breadcrumb' is clickable

29-12-2023T11:30:09 - [TEST_STEP][PASSED] - click(findTestObject("Page_CCTV/Stadium Breadcrumb")): Object: 'Object Repository/Page_CCTV/Stadium Breadcrumb' is clicked on

29-12-2023T11:30:10 - [MESSAGE][PASSED] - Object: 'Object Repository/Page_CCTV/Stadium Breadcrumb' is clicked on

29-12-2023T11:30:10 - [TEST_STEP][PASSED] - navigateToUrl(baseUrl + "64fea04aacbef66fd547646c", failureHandling): Navigate to 'https://monitoring.pssi-dev.kecilin.id/cctv/detail/64fea04aacbef66fd547646c' successfully

29-12-2023T11:30:10 - [MESSAGE][PASSED] - Navigate to 'https://monitoring.pssi-dev.kecilin.id/cctv/detail/64fea04aacbef66fd547646c' successfully

29-12-2023T11:30:10 - [TEST_STEP][PASSED] - if (verifyTextPresent("Stadion Gelora Bung Tomo", false, failureHandling) && verifyTextPresent("Jawa timur", false, failureHandling)): Test passed because user successfully displayed CCTV Data from selected stadium

29-12-2023T11:30:11 - [MESSAGE][PASSED] - Text 'Stadion Gelora Bung Tomo' is present on page 

29-12-2023T11:30:11 - [MESSAGE][PASSED] - Text 'Jawa timur' is present on page 

29-12-2023T11:30:11 - [TEST_STEP][PASSED] - markPassed("Test passed because user successfully displayed CCTV Data from selected stadium"): Test passed because user successfully displayed CCTV Data from selected stadium

29-12-2023T11:30:11 - [MESSAGE][PASSED] - Test passed because user successfully displayed CCTV Data from selected stadium

29-12-2023T11:30:11 - [TEST_STEP][PASSED] - breadcrumbClick(): null

29-12-2023T11:30:11 - [TEST_STEP][PASSED] - verifyElementClickable(findTestObject("Page_CCTV/Stadium Breadcrumb")): Object 'Object Repository/Page_CCTV/Stadium Breadcrumb' is clickable

29-12-2023T11:30:12 - [MESSAGE][PASSED] - Object 'Object Repository/Page_CCTV/Stadium Breadcrumb' is clickable

29-12-2023T11:30:12 - [TEST_STEP][PASSED] - click(findTestObject("Page_CCTV/Stadium Breadcrumb")): Object: 'Object Repository/Page_CCTV/Stadium Breadcrumb' is clicked on

29-12-2023T11:30:12 - [MESSAGE][PASSED] - Object: 'Object Repository/Page_CCTV/Stadium Breadcrumb' is clicked on

29-12-2023T11:30:12 - [TEST_STEP][PASSED] - navigateToUrl(baseUrl + "651fc74ee8351d2a27c0b013", failureHandling): Navigate to 'https://monitoring.pssi-dev.kecilin.id/cctv/detail/651fc74ee8351d2a27c0b013' successfully

29-12-2023T11:30:13 - [MESSAGE][PASSED] - Navigate to 'https://monitoring.pssi-dev.kecilin.id/cctv/detail/651fc74ee8351d2a27c0b013' successfully

29-12-2023T11:30:13 - [TEST_STEP][PASSED] - if (verifyTextPresent("Stadium Teladan", false, failureHandling) && verifyTextPresent("Jalan Utara", false, failureHandling)): Test passed because user successfully displayed CCTV Data from selected stadium

29-12-2023T11:30:14 - [MESSAGE][PASSED] - Text 'Stadium Teladan' is present on page 

29-12-2023T11:30:14 - [MESSAGE][PASSED] - Text 'Jalan Utara' is present on page 

29-12-2023T11:30:14 - [TEST_STEP][PASSED] - markPassed("Test passed because user successfully displayed CCTV Data from selected stadium"): Test passed because user successfully displayed CCTV Data from selected stadium

29-12-2023T11:30:14 - [MESSAGE][PASSED] - Test passed because user successfully displayed CCTV Data from selected stadium

29-12-2023T11:30:14 - [TEST_STEP][PASSED] - breadcrumbClick(): null

29-12-2023T11:30:14 - [TEST_STEP][PASSED] - verifyElementClickable(findTestObject("Page_CCTV/Stadium Breadcrumb")): Object 'Object Repository/Page_CCTV/Stadium Breadcrumb' is clickable

29-12-2023T11:30:14 - [MESSAGE][PASSED] - Object 'Object Repository/Page_CCTV/Stadium Breadcrumb' is clickable

29-12-2023T11:30:14 - [TEST_STEP][PASSED] - click(findTestObject("Page_CCTV/Stadium Breadcrumb")): Object: 'Object Repository/Page_CCTV/Stadium Breadcrumb' is clicked on

29-12-2023T11:30:16 - [MESSAGE][PASSED] - Object: 'Object Repository/Page_CCTV/Stadium Breadcrumb' is clicked on

29-12-2023T11:30:16 - [TEST_STEP][PASSED] - navigateToUrl(baseUrl + "6503d9fc8b2999b8c86abf13", failureHandling): Navigate to 'https://monitoring.pssi-dev.kecilin.id/cctv/detail/6503d9fc8b2999b8c86abf13' successfully

29-12-2023T11:30:16 - [MESSAGE][PASSED] - Navigate to 'https://monitoring.pssi-dev.kecilin.id/cctv/detail/6503d9fc8b2999b8c86abf13' successfully

29-12-2023T11:30:16 - [TEST_STEP][PASSED] - if (verifyTextPresent("Stadion Surajaya", false, failureHandling) && verifyTextPresent("Jl. Raya Gresik - Babat, Deket Kulon", false, failureHandling)): Test passed because user successfully displayed CCTV Data from selected stadium

29-12-2023T11:30:17 - [MESSAGE][PASSED] - Text 'Stadion Surajaya' is present on page 

29-12-2023T11:30:17 - [MESSAGE][PASSED] - Text 'Jl. Raya Gresik - Babat, Deket Kulon' is present on page 

29-12-2023T11:30:17 - [TEST_STEP][PASSED] - markPassed("Test passed because user successfully displayed CCTV Data from selected stadium"): Test passed because user successfully displayed CCTV Data from selected stadium

29-12-2023T11:30:17 - [MESSAGE][PASSED] - Test passed because user successfully displayed CCTV Data from selected stadium

29-12-2023T11:30:17 - [TEST_STEP][PASSED] - breadcrumbClick(): null

29-12-2023T11:30:17 - [TEST_STEP][PASSED] - verifyElementClickable(findTestObject("Page_CCTV/Stadium Breadcrumb")): Object 'Object Repository/Page_CCTV/Stadium Breadcrumb' is clickable

29-12-2023T11:30:18 - [MESSAGE][PASSED] - Object 'Object Repository/Page_CCTV/Stadium Breadcrumb' is clickable

29-12-2023T11:30:18 - [TEST_STEP][PASSED] - click(findTestObject("Page_CCTV/Stadium Breadcrumb")): Object: 'Object Repository/Page_CCTV/Stadium Breadcrumb' is clicked on

29-12-2023T11:30:18 - [MESSAGE][PASSED] - Object: 'Object Repository/Page_CCTV/Stadium Breadcrumb' is clicked on

29-12-2023T11:30:18 - [TEST_STEP][PASSED] - navigateToUrl(baseUrl + "65015f469914027913bf9aed", failureHandling): Navigate to 'https://monitoring.pssi-dev.kecilin.id/cctv/detail/65015f469914027913bf9aed' successfully

29-12-2023T11:30:19 - [MESSAGE][PASSED] - Navigate to 'https://monitoring.pssi-dev.kecilin.id/cctv/detail/65015f469914027913bf9aed' successfully

29-12-2023T11:30:19 - [TEST_STEP][PASSED] - if (verifyTextPresent("Stadion Gajayana Malang", false, failureHandling) && verifyTextPresent("Malang, Jawa Timur", false, failureHandling)): Test passed because user successfully displayed CCTV Data from selected stadium

29-12-2023T11:30:19 - [MESSAGE][PASSED] - Text 'Stadion Gajayana Malang' is present on page 

29-12-2023T11:30:20 - [MESSAGE][PASSED] - Text 'Malang, Jawa Timur' is present on page 

29-12-2023T11:30:20 - [TEST_STEP][PASSED] - markPassed("Test passed because user successfully displayed CCTV Data from selected stadium"): Test passed because user successfully displayed CCTV Data from selected stadium

29-12-2023T11:30:20 - [MESSAGE][PASSED] - Test passed because user successfully displayed CCTV Data from selected stadium

29-12-2023T11:30:20 - [TEST_STEP][PASSED] - breadcrumbClick(): null

29-12-2023T11:30:20 - [TEST_STEP][PASSED] - verifyElementClickable(findTestObject("Page_CCTV/Stadium Breadcrumb")): Object 'Object Repository/Page_CCTV/Stadium Breadcrumb' is clickable

29-12-2023T11:30:20 - [MESSAGE][PASSED] - Object 'Object Repository/Page_CCTV/Stadium Breadcrumb' is clickable

29-12-2023T11:30:20 - [TEST_STEP][PASSED] - click(findTestObject("Page_CCTV/Stadium Breadcrumb")): Object: 'Object Repository/Page_CCTV/Stadium Breadcrumb' is clicked on

29-12-2023T11:30:21 - [MESSAGE][PASSED] - Object: 'Object Repository/Page_CCTV/Stadium Breadcrumb' is clicked on

29-12-2023T11:30:21 - [TEST_STEP][PASSED] - navigateToUrl(baseUrl + "650140a5acbef66fd5476771", failureHandling): Navigate to 'https://monitoring.pssi-dev.kecilin.id/cctv/detail/650140a5acbef66fd5476771' successfully

29-12-2023T11:30:21 - [MESSAGE][PASSED] - Navigate to 'https://monitoring.pssi-dev.kecilin.id/cctv/detail/650140a5acbef66fd5476771' successfully

29-12-2023T11:30:21 - [TEST_STEP][PASSED] - if (verifyTextPresent("Stadion Brawijaya Kediri", false, failureHandling) && verifyTextPresent("Kediri, Jawa Timur", false, failureHandling)): Test passed because user successfully displayed CCTV Data from selected stadium

29-12-2023T11:30:22 - [MESSAGE][PASSED] - Text 'Stadion Brawijaya Kediri' is present on page 

29-12-2023T11:30:22 - [MESSAGE][PASSED] - Text 'Kediri, Jawa Timur' is present on page 

29-12-2023T11:30:22 - [TEST_STEP][PASSED] - markPassed("Test passed because user successfully displayed CCTV Data from selected stadium"): Test passed because user successfully displayed CCTV Data from selected stadium

29-12-2023T11:30:22 - [MESSAGE][PASSED] - Test passed because user successfully displayed CCTV Data from selected stadium

29-12-2023T11:30:22 - [TEST_STEP][PASSED] - breadcrumbClick(): null

29-12-2023T11:30:22 - [TEST_STEP][PASSED] - verifyElementClickable(findTestObject("Page_CCTV/Stadium Breadcrumb")): Object 'Object Repository/Page_CCTV/Stadium Breadcrumb' is clickable

29-12-2023T11:30:23 - [MESSAGE][PASSED] - Object 'Object Repository/Page_CCTV/Stadium Breadcrumb' is clickable

29-12-2023T11:30:23 - [TEST_STEP][PASSED] - click(findTestObject("Page_CCTV/Stadium Breadcrumb")): Object: 'Object Repository/Page_CCTV/Stadium Breadcrumb' is clicked on

29-12-2023T11:30:23 - [MESSAGE][PASSED] - Object: 'Object Repository/Page_CCTV/Stadium Breadcrumb' is clicked on

29-12-2023T11:30:23 - [TEST_STEP][PASSED] - navigateToUrl(baseUrl + "65013f34c3de4ca4d18e0361", failureHandling): Navigate to 'https://monitoring.pssi-dev.kecilin.id/cctv/detail/65013f34c3de4ca4d18e0361' successfully

29-12-2023T11:30:24 - [MESSAGE][PASSED] - Navigate to 'https://monitoring.pssi-dev.kecilin.id/cctv/detail/65013f34c3de4ca4d18e0361' successfully

29-12-2023T11:30:24 - [TEST_STEP][PASSED] - if (verifyTextPresent("Stadion Gelora Delta", false, failureHandling) && verifyTextPresent("Sidoarjo, Jawa Timur", false, failureHandling)): Test passed because user successfully displayed CCTV Data from selected stadium

29-12-2023T11:30:24 - [MESSAGE][PASSED] - Text 'Stadion Gelora Delta' is present on page 

29-12-2023T11:30:25 - [MESSAGE][PASSED] - Text 'Sidoarjo, Jawa Timur' is present on page 

29-12-2023T11:30:25 - [TEST_STEP][PASSED] - markPassed("Test passed because user successfully displayed CCTV Data from selected stadium"): Test passed because user successfully displayed CCTV Data from selected stadium

29-12-2023T11:30:25 - [MESSAGE][PASSED] - Test passed because user successfully displayed CCTV Data from selected stadium

29-12-2023T11:30:25 - [TEST_STEP][PASSED] - breadcrumbClick(): null

29-12-2023T11:30:25 - [TEST_STEP][PASSED] - verifyElementClickable(findTestObject("Page_CCTV/Stadium Breadcrumb")): Object 'Object Repository/Page_CCTV/Stadium Breadcrumb' is clickable

29-12-2023T11:30:25 - [MESSAGE][PASSED] - Object 'Object Repository/Page_CCTV/Stadium Breadcrumb' is clickable

29-12-2023T11:30:25 - [TEST_STEP][PASSED] - click(findTestObject("Page_CCTV/Stadium Breadcrumb")): Object: 'Object Repository/Page_CCTV/Stadium Breadcrumb' is clicked on

29-12-2023T11:30:26 - [MESSAGE][PASSED] - Object: 'Object Repository/Page_CCTV/Stadium Breadcrumb' is clicked on

29-12-2023T11:30:26 - [TEST_STEP][PASSED] - navigateToUrl(baseUrl + "64fe9fe4acbef66fd5476434", failureHandling): Navigate to 'https://monitoring.pssi-dev.kecilin.id/cctv/detail/64fe9fe4acbef66fd5476434' successfully

29-12-2023T11:30:26 - [MESSAGE][PASSED] - Navigate to 'https://monitoring.pssi-dev.kecilin.id/cctv/detail/64fe9fe4acbef66fd5476434' successfully

29-12-2023T11:30:26 - [TEST_STEP][PASSED] - if (verifyTextPresent("Stadion Maguwoharjo Sleman", false, failureHandling) && verifyTextPresent("Sleman, Daerah Istimewa Yogyakarta", false, failureHandling)): Test passed because user successfully displayed CCTV Data from selected stadium

29-12-2023T11:30:27 - [MESSAGE][PASSED] - Text 'Stadion Maguwoharjo Sleman' is present on page 

29-12-2023T11:30:27 - [MESSAGE][PASSED] - Text 'Sleman, Daerah Istimewa Yogyakarta' is present on page 

29-12-2023T11:30:27 - [TEST_STEP][PASSED] - markPassed("Test passed because user successfully displayed CCTV Data from selected stadium"): Test passed because user successfully displayed CCTV Data from selected stadium

29-12-2023T11:30:27 - [MESSAGE][PASSED] - Test passed because user successfully displayed CCTV Data from selected stadium

29-12-2023T11:30:27 - [TEST_STEP][PASSED] - breadcrumbClick(): null

29-12-2023T11:30:27 - [TEST_STEP][PASSED] - verifyElementClickable(findTestObject("Page_CCTV/Stadium Breadcrumb")): Object 'Object Repository/Page_CCTV/Stadium Breadcrumb' is clickable

29-12-2023T11:30:27 - [MESSAGE][PASSED] - Object 'Object Repository/Page_CCTV/Stadium Breadcrumb' is clickable

29-12-2023T11:30:27 - [TEST_STEP][PASSED] - click(findTestObject("Page_CCTV/Stadium Breadcrumb")): Object: 'Object Repository/Page_CCTV/Stadium Breadcrumb' is clicked on

29-12-2023T11:30:28 - [MESSAGE][PASSED] - Object: 'Object Repository/Page_CCTV/Stadium Breadcrumb' is clicked on

29-12-2023T11:30:28 - [TEST_STEP][PASSED] - navigateToUrl(baseUrl + "64fe9fd0acbef66fd547641b", failureHandling): Navigate to 'https://monitoring.pssi-dev.kecilin.id/cctv/detail/64fe9fd0acbef66fd547641b' successfully

29-12-2023T11:30:29 - [MESSAGE][PASSED] - Navigate to 'https://monitoring.pssi-dev.kecilin.id/cctv/detail/64fe9fd0acbef66fd547641b' successfully

29-12-2023T11:30:29 - [TEST_STEP][PASSED] - if (verifyTextPresent("Stadion Manahan", false, failureHandling) && verifyTextPresent("Surakarta, Jawa Tengah", false, failureHandling)): Test passed because user successfully displayed CCTV Data from selected stadium

29-12-2023T11:30:29 - [MESSAGE][PASSED] - Text 'Stadion Manahan' is present on page 

29-12-2023T11:30:30 - [MESSAGE][PASSED] - Text 'Surakarta, Jawa Tengah' is present on page 

29-12-2023T11:30:30 - [TEST_STEP][PASSED] - markPassed("Test passed because user successfully displayed CCTV Data from selected stadium"): Test passed because user successfully displayed CCTV Data from selected stadium

29-12-2023T11:30:30 - [MESSAGE][PASSED] - Test passed because user successfully displayed CCTV Data from selected stadium

29-12-2023T11:30:30 - [TEST_STEP][PASSED] - breadcrumbClick(): null

29-12-2023T11:30:30 - [TEST_STEP][PASSED] - verifyElementClickable(findTestObject("Page_CCTV/Stadium Breadcrumb")): Object 'Object Repository/Page_CCTV/Stadium Breadcrumb' is clickable

29-12-2023T11:30:30 - [MESSAGE][PASSED] - Object 'Object Repository/Page_CCTV/Stadium Breadcrumb' is clickable

29-12-2023T11:30:30 - [TEST_STEP][PASSED] - click(findTestObject("Page_CCTV/Stadium Breadcrumb")): Object: 'Object Repository/Page_CCTV/Stadium Breadcrumb' is clicked on

29-12-2023T11:30:31 - [MESSAGE][PASSED] - Object: 'Object Repository/Page_CCTV/Stadium Breadcrumb' is clicked on

29-12-2023T11:30:31 - [TEST_STEP][PASSED] - navigateToUrl(baseUrl + "64fe98eeacbef66fd54761ca", failureHandling): Navigate to 'https://monitoring.pssi-dev.kecilin.id/cctv/detail/64fe98eeacbef66fd54761ca' successfully

29-12-2023T11:30:31 - [MESSAGE][PASSED] - Navigate to 'https://monitoring.pssi-dev.kecilin.id/cctv/detail/64fe98eeacbef66fd54761ca' successfully

29-12-2023T11:30:31 - [TEST_STEP][PASSED] - if (verifyTextPresent("Stadion Gelora Bandung Lautan Api", false, failureHandling) && verifyTextPresent("Gedebage, Kota Bandung", false, failureHandling)): Test passed because user successfully displayed CCTV Data from selected stadium

29-12-2023T11:30:32 - [MESSAGE][PASSED] - Text 'Stadion Gelora Bandung Lautan Api' is present on page 

29-12-2023T11:30:32 - [MESSAGE][PASSED] - Text 'Gedebage, Kota Bandung' is present on page 

29-12-2023T11:30:32 - [TEST_STEP][PASSED] - markPassed("Test passed because user successfully displayed CCTV Data from selected stadium"): Test passed because user successfully displayed CCTV Data from selected stadium

29-12-2023T11:30:32 - [MESSAGE][PASSED] - Test passed because user successfully displayed CCTV Data from selected stadium

29-12-2023T11:30:32 - [TEST_STEP][PASSED] - breadcrumbClick(): null

29-12-2023T11:30:32 - [TEST_STEP][PASSED] - verifyElementClickable(findTestObject("Page_CCTV/Stadium Breadcrumb")): Object 'Object Repository/Page_CCTV/Stadium Breadcrumb' is clickable

29-12-2023T11:30:32 - [MESSAGE][PASSED] - Object 'Object Repository/Page_CCTV/Stadium Breadcrumb' is clickable

29-12-2023T11:30:32 - [TEST_STEP][PASSED] - click(findTestObject("Page_CCTV/Stadium Breadcrumb")): Object: 'Object Repository/Page_CCTV/Stadium Breadcrumb' is clicked on

29-12-2023T11:30:33 - [MESSAGE][PASSED] - Object: 'Object Repository/Page_CCTV/Stadium Breadcrumb' is clicked on

29-12-2023T11:30:33 - [TEST_STEP][PASSED] - navigateToUrl(baseUrl + "64fe9700acbef66fd5476193", failureHandling): Navigate to 'https://monitoring.pssi-dev.kecilin.id/cctv/detail/64fe9700acbef66fd5476193' successfully

29-12-2023T11:30:33 - [MESSAGE][PASSED] - Navigate to 'https://monitoring.pssi-dev.kecilin.id/cctv/detail/64fe9700acbef66fd5476193' successfully

29-12-2023T11:30:34 - [TEST_STEP][PASSED] - if (verifyTextPresent("Stadion Si Jalak Harupat", false, failureHandling) && verifyTextPresent("Bandung, Jawa Barat 40911", false, failureHandling)): Test passed because user successfully displayed CCTV Data from selected stadium

29-12-2023T11:30:34 - [MESSAGE][PASSED] - Text 'Stadion Si Jalak Harupat' is present on page 

29-12-2023T11:30:35 - [MESSAGE][PASSED] - Text 'Bandung, Jawa Barat 40911' is present on page 

29-12-2023T11:30:35 - [TEST_STEP][PASSED] - markPassed("Test passed because user successfully displayed CCTV Data from selected stadium"): Test passed because user successfully displayed CCTV Data from selected stadium

29-12-2023T11:30:35 - [MESSAGE][PASSED] - Test passed because user successfully displayed CCTV Data from selected stadium

29-12-2023T11:30:35 - [TEST_STEP][PASSED] - breadcrumbClick(): null

29-12-2023T11:30:35 - [TEST_STEP][PASSED] - verifyElementClickable(findTestObject("Page_CCTV/Stadium Breadcrumb")): Object 'Object Repository/Page_CCTV/Stadium Breadcrumb' is clickable

29-12-2023T11:30:35 - [MESSAGE][PASSED] - Object 'Object Repository/Page_CCTV/Stadium Breadcrumb' is clickable

29-12-2023T11:30:35 - [TEST_STEP][PASSED] - click(findTestObject("Page_CCTV/Stadium Breadcrumb")): Object: 'Object Repository/Page_CCTV/Stadium Breadcrumb' is clicked on

29-12-2023T11:30:36 - [MESSAGE][PASSED] - Object: 'Object Repository/Page_CCTV/Stadium Breadcrumb' is clicked on

29-12-2023T11:30:36 - [TEST_STEP][PASSED] - navigateToUrl(baseUrl + "64fe92a6acbef66fd547616a", failureHandling): Navigate to 'https://monitoring.pssi-dev.kecilin.id/cctv/detail/64fe92a6acbef66fd547616a' successfully

29-12-2023T11:30:36 - [MESSAGE][PASSED] - Navigate to 'https://monitoring.pssi-dev.kecilin.id/cctv/detail/64fe92a6acbef66fd547616a' successfully

29-12-2023T11:30:36 - [TEST_STEP][PASSED] - if (verifyTextPresent("Stadion Patriot", false, failureHandling) && verifyTextPresent("Bekasi", false, failureHandling)): Test passed because user successfully displayed CCTV Data from selected stadium

29-12-2023T11:30:37 - [MESSAGE][PASSED] - Text 'Stadion Patriot' is present on page 

29-12-2023T11:30:37 - [MESSAGE][PASSED] - Text 'Bekasi' is present on page 

29-12-2023T11:30:37 - [TEST_STEP][PASSED] - markPassed("Test passed because user successfully displayed CCTV Data from selected stadium"): Test passed because user successfully displayed CCTV Data from selected stadium

29-12-2023T11:30:37 - [MESSAGE][PASSED] - Test passed because user successfully displayed CCTV Data from selected stadium

29-12-2023T11:30:37 - [TEST_STEP][PASSED] - breadcrumbClick(): null

29-12-2023T11:30:37 - [TEST_STEP][PASSED] - verifyElementClickable(findTestObject("Page_CCTV/Stadium Breadcrumb")): Object 'Object Repository/Page_CCTV/Stadium Breadcrumb' is clickable

29-12-2023T11:30:37 - [MESSAGE][PASSED] - Object 'Object Repository/Page_CCTV/Stadium Breadcrumb' is clickable

29-12-2023T11:30:37 - [TEST_STEP][PASSED] - click(findTestObject("Page_CCTV/Stadium Breadcrumb")): Object: 'Object Repository/Page_CCTV/Stadium Breadcrumb' is clicked on

29-12-2023T11:30:38 - [MESSAGE][PASSED] - Object: 'Object Repository/Page_CCTV/Stadium Breadcrumb' is clicked on

29-12-2023T11:30:38 - [TEST_STEP][PASSED] - navigateToUrl(baseUrl + "64fe9101acbef66fd5476111", failureHandling): Navigate to 'https://monitoring.pssi-dev.kecilin.id/cctv/detail/64fe9101acbef66fd5476111' successfully

29-12-2023T11:30:38 - [MESSAGE][PASSED] - Navigate to 'https://monitoring.pssi-dev.kecilin.id/cctv/detail/64fe9101acbef66fd5476111' successfully

29-12-2023T11:30:38 - [TEST_STEP][PASSED] - if (verifyTextPresent("Indomilk Arena Stadium", false, failureHandling) && verifyTextPresent("Kabupaten Tangerang, Banten", false, failureHandling)): Test passed because user successfully displayed CCTV Data from selected stadium

29-12-2023T11:30:39 - [MESSAGE][PASSED] - Text 'Indomilk Arena Stadium' is present on page 

29-12-2023T11:30:40 - [MESSAGE][PASSED] - Text 'Kabupaten Tangerang, Banten' is present on page 

29-12-2023T11:30:40 - [TEST_STEP][PASSED] - markPassed("Test passed because user successfully displayed CCTV Data from selected stadium"): Test passed because user successfully displayed CCTV Data from selected stadium

29-12-2023T11:30:40 - [MESSAGE][PASSED] - Test passed because user successfully displayed CCTV Data from selected stadium

29-12-2023T11:30:40 - [TEST_STEP][PASSED] - breadcrumbClick(): null

29-12-2023T11:30:40 - [TEST_STEP][PASSED] - verifyElementClickable(findTestObject("Page_CCTV/Stadium Breadcrumb")): Object 'Object Repository/Page_CCTV/Stadium Breadcrumb' is clickable

29-12-2023T11:30:40 - [MESSAGE][PASSED] - Object 'Object Repository/Page_CCTV/Stadium Breadcrumb' is clickable

29-12-2023T11:30:40 - [TEST_STEP][PASSED] - click(findTestObject("Page_CCTV/Stadium Breadcrumb")): Object: 'Object Repository/Page_CCTV/Stadium Breadcrumb' is clicked on

29-12-2023T11:30:41 - [MESSAGE][PASSED] - Object: 'Object Repository/Page_CCTV/Stadium Breadcrumb' is clicked on

29-12-2023T11:30:41 - [TEST_STEP][PASSED] - navigateToUrl(baseUrl + "64f19cd1cd8a9e11041e3929", failureHandling): Navigate to 'https://monitoring.pssi-dev.kecilin.id/cctv/detail/64f19cd1cd8a9e11041e3929' successfully

29-12-2023T11:30:41 - [MESSAGE][PASSED] - Navigate to 'https://monitoring.pssi-dev.kecilin.id/cctv/detail/64f19cd1cd8a9e11041e3929' successfully

29-12-2023T11:30:41 - [TEST_STEP][PASSED] - if (verifyTextPresent("Stadion Madya Gelora Bung Karno", false, failureHandling) && verifyTextPresent("Daerah Khusus Ibukota Jakarta", false, failureHandling)): Test passed because user successfully displayed CCTV Data from selected stadium

29-12-2023T11:30:42 - [MESSAGE][PASSED] - Text 'Stadion Madya Gelora Bung Karno' is present on page 

29-12-2023T11:30:42 - [MESSAGE][PASSED] - Text 'Daerah Khusus Ibukota Jakarta' is present on page 

29-12-2023T11:30:42 - [TEST_STEP][PASSED] - markPassed("Test passed because user successfully displayed CCTV Data from selected stadium"): Test passed because user successfully displayed CCTV Data from selected stadium

29-12-2023T11:30:42 - [MESSAGE][PASSED] - Test passed because user successfully displayed CCTV Data from selected stadium

29-12-2023T11:30:42 - [TEST_STEP][PASSED] - breadcrumbClick(): null

29-12-2023T11:30:42 - [TEST_STEP][PASSED] - verifyElementClickable(findTestObject("Page_CCTV/Stadium Breadcrumb")): Object 'Object Repository/Page_CCTV/Stadium Breadcrumb' is clickable

29-12-2023T11:30:43 - [MESSAGE][PASSED] - Object 'Object Repository/Page_CCTV/Stadium Breadcrumb' is clickable

29-12-2023T11:30:43 - [TEST_STEP][PASSED] - click(findTestObject("Page_CCTV/Stadium Breadcrumb")): Object: 'Object Repository/Page_CCTV/Stadium Breadcrumb' is clicked on

29-12-2023T11:30:43 - [MESSAGE][PASSED] - Object: 'Object Repository/Page_CCTV/Stadium Breadcrumb' is clicked on

29-12-2023T11:30:43 - [TEST_STEP][PASSED] - navigateToUrl(baseUrl + "64e781017d48807cc246b18f", failureHandling): Navigate to 'https://monitoring.pssi-dev.kecilin.id/cctv/detail/64e781017d48807cc246b18f' successfully

29-12-2023T11:30:44 - [MESSAGE][PASSED] - Navigate to 'https://monitoring.pssi-dev.kecilin.id/cctv/detail/64e781017d48807cc246b18f' successfully

29-12-2023T11:30:44 - [TEST_STEP][PASSED] - if (verifyTextPresent("Stadion Utama Gelora Bung Karno", false, failureHandling) && verifyTextPresent("Daerah Khusus Ibukota Jakarta", false, failureHandling)): Test passed because user successfully displayed CCTV Data from selected stadium

29-12-2023T11:30:44 - [MESSAGE][PASSED] - Text 'Stadion Utama Gelora Bung Karno' is present on page 

29-12-2023T11:30:45 - [MESSAGE][PASSED] - Text 'Daerah Khusus Ibukota Jakarta' is present on page 

29-12-2023T11:30:45 - [TEST_STEP][PASSED] - markPassed("Test passed because user successfully displayed CCTV Data from selected stadium"): Test passed because user successfully displayed CCTV Data from selected stadium

29-12-2023T11:30:45 - [MESSAGE][PASSED] - Test passed because user successfully displayed CCTV Data from selected stadium

29-12-2023T11:30:45 - [TEST_STEP][PASSED] - breadcrumbClick(): null

29-12-2023T11:30:45 - [TEST_STEP][PASSED] - verifyElementClickable(findTestObject("Page_CCTV/Stadium Breadcrumb")): Object 'Object Repository/Page_CCTV/Stadium Breadcrumb' is clickable

29-12-2023T11:30:45 - [MESSAGE][PASSED] - Object 'Object Repository/Page_CCTV/Stadium Breadcrumb' is clickable

29-12-2023T11:30:45 - [TEST_STEP][PASSED] - click(findTestObject("Page_CCTV/Stadium Breadcrumb")): Object: 'Object Repository/Page_CCTV/Stadium Breadcrumb' is clicked on

29-12-2023T11:30:46 - [MESSAGE][PASSED] - Object: 'Object Repository/Page_CCTV/Stadium Breadcrumb' is clicked on

29-12-2023T11:30:46 - [TEST_STEP][PASSED] - closeBrowser(): Browser is closed

29-12-2023T11:30:46 - [MESSAGE][PASSED] - Browser is closed]]></system-out>
         <system-err><![CDATA[]]></system-err>
      </testcase>
      <testcase name="Test Cases/Offline PSSI Dashboard Function/Create BE CCTV Data/View CCTV Table/PSSIViewCCTVData" time="6.817" classname="Test Cases/Offline PSSI Dashboard Function/Create BE CCTV Data/View CCTV Table/PSSIViewCCTVData" status="PASSED">
         <system-out><![CDATA[29-12-2023T11:30:46 - [TEST_CASE][PASSED] - Test Cases/Offline PSSI Dashboard Function/Create BE CCTV Data/View CCTV Table/PSSIViewCCTVData: Test Cases/Offline PSSI Dashboard Function/Create BE CCTV Data/View CCTV Table/PSSIViewCCTVData

29-12-2023T11:30:46 - [TEST_STEP][PASSED] - failureHandling = STOP_ON_FAILURE: null

29-12-2023T11:30:46 - [TEST_STEP][PASSED] - baseUrl = offline_pssi_dashboard_url: null

29-12-2023T11:30:46 - [TEST_STEP][PASSED] - callTestCase(findTestCase("Offline PSSI Dashboard Function/Create BE CCTV Data/View Stadium/PSSIViewStadiumData"), [:], failureHandling): Call Test Case 'Test Cases/Offline PSSI Dashboard Function/Create BE CCTV Data/View Stadium/PSSIViewStadiumData' successfully

29-12-2023T11:30:46 - [TEST_CASE][PASSED] - Test Cases/Offline PSSI Dashboard Function/Create BE CCTV Data/View Stadium/PSSIViewStadiumData: Test Cases/Offline PSSI Dashboard Function/Create BE CCTV Data/View Stadium/PSSIViewStadiumData

29-12-2023T11:30:46 - [TEST_STEP][PASSED] - failureHandling = STOP_ON_FAILURE: null

29-12-2023T11:30:46 - [TEST_STEP][PASSED] - baseUrl = offline_pssi_dashboard_url: null

29-12-2023T11:30:46 - [TEST_STEP][PASSED] - callTestCase(findTestCase("Offline PSSI Dashboard Function/Create BE CCTV Data/Sign In/PSSISignInValidData"), [:], failureHandling): Call Test Case 'Test Cases/Offline PSSI Dashboard Function/Create BE CCTV Data/Sign In/PSSISignInValidData' successfully

29-12-2023T11:30:46 - [TEST_CASE][PASSED] - Test Cases/Offline PSSI Dashboard Function/Create BE CCTV Data/Sign In/PSSISignInValidData: Test Cases/Offline PSSI Dashboard Function/Create BE CCTV Data/Sign In/PSSISignInValidData

29-12-2023T11:30:46 - [TEST_STEP][PASSED] - failureHandling = STOP_ON_FAILURE: null

29-12-2023T11:30:46 - [TEST_STEP][PASSED] - baseUrl = offline_pssi_dashboard_url: null

29-12-2023T11:30:46 - [TEST_STEP][PASSED] - openBrowser(""): Browser is opened with url: ''

29-12-2023T11:30:46 - [MESSAGE][INFO] - Starting 'Chrome' driver

29-12-2023T11:30:46 - [MESSAGE][INFO] - Action delay is set to 0 milliseconds

29-12-2023T11:30:47 - [MESSAGE][PASSED] - Browser is opened with url: ''

29-12-2023T11:30:47 - [TEST_STEP][PASSED] - navigateToUrl(baseUrl): Navigate to 'https://monitoring.pssi-dev.kecilin.id' successfully

29-12-2023T11:30:48 - [MESSAGE][PASSED] - Navigate to 'https://monitoring.pssi-dev.kecilin.id' successfully

29-12-2023T11:30:48 - [TEST_STEP][PASSED] - maximizeWindow(): Current window maximized

29-12-2023T11:30:49 - [MESSAGE][PASSED] - Current window maximized

29-12-2023T11:30:49 - [TEST_STEP][PASSED] - setText(findTestObject("Object Repository/Page_Login/input_email"), "superadmin@app.com"): Text 'superadmin@app.com' is set on object 'Object Repository/Page_Login/input_email'

29-12-2023T11:30:50 - [MESSAGE][PASSED] - Text 'superadmin@app.com' is set on object 'Object Repository/Page_Login/input_email'

29-12-2023T11:30:50 - [TEST_STEP][PASSED] - setEncryptedText(findTestObject("Object Repository/Page_Login/input_password"), "8SQVv/p9jVScEs4/2CZsLw=="): Text ****** has been set on object 'Object Repository/Page_Login/input_password'

29-12-2023T11:30:50 - [MESSAGE][PASSED] - Text ****** has been set on object 'Object Repository/Page_Login/input_password'

29-12-2023T11:30:50 - [TEST_STEP][PASSED] - click(findTestObject("Object Repository/Page_Login/button_Sign In")): Object: 'Object Repository/Page_Login/button_Sign In' is clicked on

29-12-2023T11:30:52 - [MESSAGE][PASSED] - Object: 'Object Repository/Page_Login/button_Sign In' is clicked on

29-12-2023T11:30:52 - [MESSAGE][PASSED] - Call Test Case 'Test Cases/Offline PSSI Dashboard Function/Create BE CCTV Data/Sign In/PSSISignInValidData' successfully

29-12-2023T11:30:52 - [TEST_STEP][PASSED] - navigateToUrl(baseUrl + "/cctv/stadion", failureHandling): Navigate to 'https://monitoring.pssi-dev.kecilin.id/cctv/stadion' successfully

29-12-2023T11:30:52 - [MESSAGE][PASSED] - Navigate to 'https://monitoring.pssi-dev.kecilin.id/cctv/stadion' successfully

29-12-2023T11:30:52 - [MESSAGE][PASSED] - Call Test Case 'Test Cases/Offline PSSI Dashboard Function/Create BE CCTV Data/View Stadium/PSSIViewStadiumData' successfully

29-12-2023T11:30:52 - [TEST_STEP][PASSED] - navigateToUrl(baseUrl + "/cctv/detail/64fea065acbef66fd5476494", failureHandling): Navigate to 'https://monitoring.pssi-dev.kecilin.id/cctv/detail/64fea065acbef66fd5476494' successfully

29-12-2023T11:30:53 - [MESSAGE][PASSED] - Navigate to 'https://monitoring.pssi-dev.kecilin.id/cctv/detail/64fea065acbef66fd5476494' successfully]]></system-out>
         <system-err><![CDATA[]]></system-err>
      </testcase>
      <testcase name="Test Cases/Offline PSSI Dashboard Function/Create BE CCTV Data/View CCTV Table/PSSIViewEmptyCCTVData" time="8.126" classname="Test Cases/Offline PSSI Dashboard Function/Create BE CCTV Data/View CCTV Table/PSSIViewEmptyCCTVData" status="FAILED">
         <failure type="FAILED" message="Test Cases/Offline PSSI Dashboard Function/Create BE CCTV Data/View CCTV Table/PSSIViewEmptyCCTVData FAILED.&#xa;Reason:&#xa;com.kms.katalon.core.exception.StepFailedException: Unable to verify text 'Showing 0 to 0 of 0 entries' is present &#xa;	at com.kms.katalon.core.webui.keyword.internal.WebUIKeywordMain.stepFailed(WebUIKeywordMain.groovy:64)&#xa;	at com.kms.katalon.core.webui.keyword.internal.WebUIKeywordMain.runKeyword(WebUIKeywordMain.groovy:26)&#xa;	at com.kms.katalon.core.webui.keyword.builtin.VerifyTextPresentKeyword.verifyTextPresent(VerifyTextPresentKeyword.groovy:83)&#xa;	at com.kms.katalon.core.webui.keyword.builtin.VerifyTextPresentKeyword.execute(VerifyTextPresentKeyword.groovy:68)&#xa;	at com.kms.katalon.core.keyword.internal.KeywordExecutor.executeKeywordForPlatform(KeywordExecutor.groovy:74)&#xa;	at com.kms.katalon.core.webui.keyword.WebUiBuiltInKeywords.verifyTextPresent(WebUiBuiltInKeywords.groovy:1762)&#xa;	at PSSIViewEmptyCCTVData.run(PSSIViewEmptyCCTVData:33)&#xa;	at com.kms.katalon.core.main.ScriptEngine.run(ScriptEngine.java:194)&#xa;	at com.kms.katalon.core.main.ScriptEngine.runScriptAsRawText(ScriptEngine.java:119)&#xa;	at com.kms.katalon.core.main.TestCaseExecutor.runScript(TestCaseExecutor.java:448)&#xa;	at com.kms.katalon.core.main.TestCaseExecutor.doExecute(TestCaseExecutor.java:439)&#xa;	at com.kms.katalon.core.main.TestCaseExecutor.processExecutionPhase(TestCaseExecutor.java:418)&#xa;	at com.kms.katalon.core.main.TestCaseExecutor.accessMainPhase(TestCaseExecutor.java:410)&#xa;	at com.kms.katalon.core.main.TestCaseExecutor.execute(TestCaseExecutor.java:285)&#xa;	at com.kms.katalon.core.common.CommonExecutor.accessTestCaseMainPhase(CommonExecutor.java:65)&#xa;	at com.kms.katalon.core.main.TestSuiteExecutor.accessTestSuiteMainPhase(TestSuiteExecutor.java:148)&#xa;	at com.kms.katalon.core.main.TestSuiteExecutor.execute(TestSuiteExecutor.java:106)&#xa;	at com.kms.katalon.core.main.TestCaseMain.startTestSuite(TestCaseMain.java:180)&#xa;	at TempTestSuite1703823543503.run(TempTestSuite1703823543503.groovy:36)&#xa;	at java.base/jdk.internal.reflect.NativeMethodAccessorImpl.invoke0(Native Method)&#xa;	at java.base/jdk.internal.reflect.NativeMethodAccessorImpl.invoke(NativeMethodAccessorImpl.java:77)&#xa;	at java.base/jdk.internal.reflect.DelegatingMethodAccessorImpl.invoke(DelegatingMethodAccessorImpl.java:43)&#xa;Caused by: com.kms.katalon.core.exception.StepFailedException: Text 'Showing 0 to 0 of 0 entries' is not present on page &#xa;	at com.kms.katalon.core.webui.keyword.internal.WebUIKeywordMain.stepFailed(WebUIKeywordMain.groovy:64)&#xa;	at com.kms.katalon.core.webui.keyword.builtin.VerifyTextPresentKeyword$_verifyTextPresent_closure1.doCall(VerifyTextPresentKeyword.groovy:79)&#xa;	at com.kms.katalon.core.webui.keyword.builtin.VerifyTextPresentKeyword$_verifyTextPresent_closure1.call(VerifyTextPresentKeyword.groovy)&#xa;	at com.kms.katalon.core.webui.keyword.internal.WebUIKeywordMain.runKeyword(WebUIKeywordMain.groovy:20)&#xa;	... 20 more&#xa;"/>
         <system-out><![CDATA[29-12-2023T11:30:53 - [TEST_CASE][FAILED] - Test Cases/Offline PSSI Dashboard Function/Create BE CCTV Data/View CCTV Table/PSSIViewEmptyCCTVData: Test Cases/Offline PSSI Dashboard Function/Create BE CCTV Data/View CCTV Table/PSSIViewEmptyCCTVData FAILED.
Reason:
com.kms.katalon.core.exception.StepFailedException: Unable to verify text 'Showing 0 to 0 of 0 entries' is present 
	at com.kms.katalon.core.webui.keyword.internal.WebUIKeywordMain.stepFailed(WebUIKeywordMain.groovy:64)
	at com.kms.katalon.core.webui.keyword.internal.WebUIKeywordMain.runKeyword(WebUIKeywordMain.groovy:26)
	at com.kms.katalon.core.webui.keyword.builtin.VerifyTextPresentKeyword.verifyTextPresent(VerifyTextPresentKeyword.groovy:83)
	at com.kms.katalon.core.webui.keyword.builtin.VerifyTextPresentKeyword.execute(VerifyTextPresentKeyword.groovy:68)
	at com.kms.katalon.core.keyword.internal.KeywordExecutor.executeKeywordForPlatform(KeywordExecutor.groovy:74)
	at com.kms.katalon.core.webui.keyword.WebUiBuiltInKeywords.verifyTextPresent(WebUiBuiltInKeywords.groovy:1762)
	at PSSIViewEmptyCCTVData.run(PSSIViewEmptyCCTVData:33)
	at com.kms.katalon.core.main.ScriptEngine.run(ScriptEngine.java:194)
	at com.kms.katalon.core.main.ScriptEngine.runScriptAsRawText(ScriptEngine.java:119)
	at com.kms.katalon.core.main.TestCaseExecutor.runScript(TestCaseExecutor.java:448)
	at com.kms.katalon.core.main.TestCaseExecutor.doExecute(TestCaseExecutor.java:439)
	at com.kms.katalon.core.main.TestCaseExecutor.processExecutionPhase(TestCaseExecutor.java:418)
	at com.kms.katalon.core.main.TestCaseExecutor.accessMainPhase(TestCaseExecutor.java:410)
	at com.kms.katalon.core.main.TestCaseExecutor.execute(TestCaseExecutor.java:285)
	at com.kms.katalon.core.common.CommonExecutor.accessTestCaseMainPhase(CommonExecutor.java:65)
	at com.kms.katalon.core.main.TestSuiteExecutor.accessTestSuiteMainPhase(TestSuiteExecutor.java:148)
	at com.kms.katalon.core.main.TestSuiteExecutor.execute(TestSuiteExecutor.java:106)
	at com.kms.katalon.core.main.TestCaseMain.startTestSuite(TestCaseMain.java:180)
	at TempTestSuite1703823543503.run(TempTestSuite1703823543503.groovy:36)
	at java.base/jdk.internal.reflect.NativeMethodAccessorImpl.invoke0(Native Method)
	at java.base/jdk.internal.reflect.NativeMethodAccessorImpl.invoke(NativeMethodAccessorImpl.java:77)
	at java.base/jdk.internal.reflect.DelegatingMethodAccessorImpl.invoke(DelegatingMethodAccessorImpl.java:43)
Caused by: com.kms.katalon.core.exception.StepFailedException: Text 'Showing 0 to 0 of 0 entries' is not present on page 
	at com.kms.katalon.core.webui.keyword.internal.WebUIKeywordMain.stepFailed(WebUIKeywordMain.groovy:64)
	at com.kms.katalon.core.webui.keyword.builtin.VerifyTextPresentKeyword$_verifyTextPresent_closure1.doCall(VerifyTextPresentKeyword.groovy:79)
	at com.kms.katalon.core.webui.keyword.builtin.VerifyTextPresentKeyword$_verifyTextPresent_closure1.call(VerifyTextPresentKeyword.groovy)
	at com.kms.katalon.core.webui.keyword.internal.WebUIKeywordMain.runKeyword(WebUIKeywordMain.groovy:20)
	... 20 more


29-12-2023T11:30:53 - [TEST_STEP][PASSED] - failureHandling = STOP_ON_FAILURE: null

29-12-2023T11:30:53 - [TEST_STEP][PASSED] - baseUrl = offline_pssi_dashboard_url: null

29-12-2023T11:30:53 - [TEST_STEP][PASSED] - callTestCase(findTestCase("Offline PSSI Dashboard Function/Create BE CCTV Data/View Stadium/PSSIViewStadiumData"), [:], failureHandling): Call Test Case 'Test Cases/Offline PSSI Dashboard Function/Create BE CCTV Data/View Stadium/PSSIViewStadiumData' successfully

29-12-2023T11:30:53 - [TEST_CASE][PASSED] - Test Cases/Offline PSSI Dashboard Function/Create BE CCTV Data/View Stadium/PSSIViewStadiumData: Test Cases/Offline PSSI Dashboard Function/Create BE CCTV Data/View Stadium/PSSIViewStadiumData

29-12-2023T11:30:53 - [TEST_STEP][PASSED] - failureHandling = STOP_ON_FAILURE: null

29-12-2023T11:30:53 - [TEST_STEP][PASSED] - baseUrl = offline_pssi_dashboard_url: null

29-12-2023T11:30:53 - [TEST_STEP][PASSED] - callTestCase(findTestCase("Offline PSSI Dashboard Function/Create BE CCTV Data/Sign In/PSSISignInValidData"), [:], failureHandling): Call Test Case 'Test Cases/Offline PSSI Dashboard Function/Create BE CCTV Data/Sign In/PSSISignInValidData' successfully

29-12-2023T11:30:53 - [TEST_CASE][PASSED] - Test Cases/Offline PSSI Dashboard Function/Create BE CCTV Data/Sign In/PSSISignInValidData: Test Cases/Offline PSSI Dashboard Function/Create BE CCTV Data/Sign In/PSSISignInValidData

29-12-2023T11:30:53 - [TEST_STEP][PASSED] - failureHandling = STOP_ON_FAILURE: null

29-12-2023T11:30:53 - [TEST_STEP][PASSED] - baseUrl = offline_pssi_dashboard_url: null

29-12-2023T11:30:53 - [TEST_STEP][PASSED] - openBrowser(""): Browser is opened with url: ''

29-12-2023T11:30:53 - [MESSAGE][WARNING] - A browser is already opened. Closing browser and opening a new one

29-12-2023T11:30:54 - [MESSAGE][INFO] - Starting 'Chrome' driver

29-12-2023T11:30:54 - [MESSAGE][INFO] - Action delay is set to 0 milliseconds

29-12-2023T11:30:55 - [MESSAGE][PASSED] - Browser is opened with url: ''

29-12-2023T11:30:55 - [TEST_STEP][PASSED] - navigateToUrl(baseUrl): Navigate to 'https://monitoring.pssi-dev.kecilin.id' successfully

29-12-2023T11:30:55 - [MESSAGE][PASSED] - Navigate to 'https://monitoring.pssi-dev.kecilin.id' successfully

29-12-2023T11:30:55 - [TEST_STEP][PASSED] - maximizeWindow(): Current window maximized

29-12-2023T11:30:56 - [MESSAGE][PASSED] - Current window maximized

29-12-2023T11:30:56 - [TEST_STEP][PASSED] - setText(findTestObject("Object Repository/Page_Login/input_email"), "superadmin@app.com"): Text 'superadmin@app.com' is set on object 'Object Repository/Page_Login/input_email'

29-12-2023T11:30:57 - [MESSAGE][PASSED] - Text 'superadmin@app.com' is set on object 'Object Repository/Page_Login/input_email'

29-12-2023T11:30:57 - [TEST_STEP][PASSED] - setEncryptedText(findTestObject("Object Repository/Page_Login/input_password"), "8SQVv/p9jVScEs4/2CZsLw=="): Text ****** has been set on object 'Object Repository/Page_Login/input_password'

29-12-2023T11:30:57 - [MESSAGE][PASSED] - Text ****** has been set on object 'Object Repository/Page_Login/input_password'

29-12-2023T11:30:57 - [TEST_STEP][PASSED] - click(findTestObject("Object Repository/Page_Login/button_Sign In")): Object: 'Object Repository/Page_Login/button_Sign In' is clicked on

29-12-2023T11:30:59 - [MESSAGE][PASSED] - Object: 'Object Repository/Page_Login/button_Sign In' is clicked on

29-12-2023T11:30:59 - [MESSAGE][PASSED] - Call Test Case 'Test Cases/Offline PSSI Dashboard Function/Create BE CCTV Data/Sign In/PSSISignInValidData' successfully

29-12-2023T11:30:59 - [TEST_STEP][PASSED] - navigateToUrl(baseUrl + "/cctv/stadion", failureHandling): Navigate to 'https://monitoring.pssi-dev.kecilin.id/cctv/stadion' successfully

29-12-2023T11:30:59 - [MESSAGE][PASSED] - Navigate to 'https://monitoring.pssi-dev.kecilin.id/cctv/stadion' successfully

29-12-2023T11:30:59 - [MESSAGE][PASSED] - Call Test Case 'Test Cases/Offline PSSI Dashboard Function/Create BE CCTV Data/View Stadium/PSSIViewStadiumData' successfully

29-12-2023T11:30:59 - [TEST_STEP][PASSED] - navigateToUrl(baseUrl + "/cctv/detail/64fea04aacbef66fd547646c", failureHandling): Navigate to 'https://monitoring.pssi-dev.kecilin.id/cctv/detail/64fea04aacbef66fd547646c' successfully

29-12-2023T11:31:00 - [MESSAGE][PASSED] - Navigate to 'https://monitoring.pssi-dev.kecilin.id/cctv/detail/64fea04aacbef66fd547646c' successfully

29-12-2023T11:31:00 - [TEST_STEP][PASSED] - if (verifyTextPresent("CCTV Data", false, failureHandling)): Unable to verify text 'Showing 0 to 0 of 0 entries' is present  (Root cause: com.kms.katalon.core.exception.StepFailedException: Unable to verify text 'Showing 0 to 0 of 0 entries' is present 
	at com.kms.katalon.core.webui.keyword.internal.WebUIKeywordMain.stepFailed(WebUIKeywordMain.groovy:64)
	at com.kms.katalon.core.webui.keyword.internal.WebUIKeywordMain.runKeyword(WebUIKeywordMain.groovy:26)
	at com.kms.katalon.core.webui.keyword.builtin.VerifyTextPresentKeyword.verifyTextPresent(VerifyTextPresentKeyword.groovy:83)
	at com.kms.katalon.core.webui.keyword.builtin.VerifyTextPresentKeyword.execute(VerifyTextPresentKeyword.groovy:68)
	at com.kms.katalon.core.keyword.internal.KeywordExecutor.executeKeywordForPlatform(KeywordExecutor.groovy:74)
	at com.kms.katalon.core.webui.keyword.WebUiBuiltInKeywords.verifyTextPresent(WebUiBuiltInKeywords.groovy:1762)
	at PSSIViewEmptyCCTVData.run(PSSIViewEmptyCCTVData:33)
	at com.kms.katalon.core.main.ScriptEngine.run(ScriptEngine.java:194)
	at com.kms.katalon.core.main.ScriptEngine.runScriptAsRawText(ScriptEngine.java:119)
	at com.kms.katalon.core.main.TestCaseExecutor.runScript(TestCaseExecutor.java:448)
	at com.kms.katalon.core.main.TestCaseExecutor.doExecute(TestCaseExecutor.java:439)
	at com.kms.katalon.core.main.TestCaseExecutor.processExecutionPhase(TestCaseExecutor.java:418)
	at com.kms.katalon.core.main.TestCaseExecutor.accessMainPhase(TestCaseExecutor.java:410)
	at com.kms.katalon.core.main.TestCaseExecutor.execute(TestCaseExecutor.java:285)
	at com.kms.katalon.core.common.CommonExecutor.accessTestCaseMainPhase(CommonExecutor.java:65)
	at com.kms.katalon.core.main.TestSuiteExecutor.accessTestSuiteMainPhase(TestSuiteExecutor.java:148)
	at com.kms.katalon.core.main.TestSuiteExecutor.execute(TestSuiteExecutor.java:106)
	at com.kms.katalon.core.main.TestCaseMain.startTestSuite(TestCaseMain.java:180)
	at TempTestSuite1703823543503.run(TempTestSuite1703823543503.groovy:36)
	at java.base/jdk.internal.reflect.NativeMethodAccessorImpl.invoke0(Native Method)
	at java.base/jdk.internal.reflect.NativeMethodAccessorImpl.invoke(NativeMethodAccessorImpl.java:77)
	at java.base/jdk.internal.reflect.DelegatingMethodAccessorImpl.invoke(DelegatingMethodAccessorImpl.java:43)
Caused by: com.kms.katalon.core.exception.StepFailedException: Text 'Showing 0 to 0 of 0 entries' is not present on page 
	at com.kms.katalon.core.webui.keyword.internal.WebUIKeywordMain.stepFailed(WebUIKeywordMain.groovy:64)
	at com.kms.katalon.core.webui.keyword.builtin.VerifyTextPresentKeyword$_verifyTextPresent_closure1.doCall(VerifyTextPresentKeyword.groovy:79)
	at com.kms.katalon.core.webui.keyword.builtin.VerifyTextPresentKeyword$_verifyTextPresent_closure1.call(VerifyTextPresentKeyword.groovy)
	at com.kms.katalon.core.webui.keyword.internal.WebUIKeywordMain.runKeyword(WebUIKeywordMain.groovy:20)
	... 20 more
)

29-12-2023T11:31:00 - [MESSAGE][PASSED] - Text 'CCTV Data' is present on page 

29-12-2023T11:31:00 - [TEST_STEP][FAILED] - if (verifyTextPresent("Showing 0 to 0 of 0 entries", false) && verifyTextPresent("No matching records found", false)): Unable to verify text 'Showing 0 to 0 of 0 entries' is present  (Root cause: com.kms.katalon.core.exception.StepFailedException: Unable to verify text 'Showing 0 to 0 of 0 entries' is present 
	at com.kms.katalon.core.webui.keyword.internal.WebUIKeywordMain.stepFailed(WebUIKeywordMain.groovy:64)
	at com.kms.katalon.core.webui.keyword.internal.WebUIKeywordMain.runKeyword(WebUIKeywordMain.groovy:26)
	at com.kms.katalon.core.webui.keyword.builtin.VerifyTextPresentKeyword.verifyTextPresent(VerifyTextPresentKeyword.groovy:83)
	at com.kms.katalon.core.webui.keyword.builtin.VerifyTextPresentKeyword.execute(VerifyTextPresentKeyword.groovy:68)
	at com.kms.katalon.core.keyword.internal.KeywordExecutor.executeKeywordForPlatform(KeywordExecutor.groovy:74)
	at com.kms.katalon.core.webui.keyword.WebUiBuiltInKeywords.verifyTextPresent(WebUiBuiltInKeywords.groovy:1762)
	at PSSIViewEmptyCCTVData.run(PSSIViewEmptyCCTVData:33)
	at com.kms.katalon.core.main.ScriptEngine.run(ScriptEngine.java:194)
	at com.kms.katalon.core.main.ScriptEngine.runScriptAsRawText(ScriptEngine.java:119)
	at com.kms.katalon.core.main.TestCaseExecutor.runScript(TestCaseExecutor.java:448)
	at com.kms.katalon.core.main.TestCaseExecutor.doExecute(TestCaseExecutor.java:439)
	at com.kms.katalon.core.main.TestCaseExecutor.processExecutionPhase(TestCaseExecutor.java:418)
	at com.kms.katalon.core.main.TestCaseExecutor.accessMainPhase(TestCaseExecutor.java:410)
	at com.kms.katalon.core.main.TestCaseExecutor.execute(TestCaseExecutor.java:285)
	at com.kms.katalon.core.common.CommonExecutor.accessTestCaseMainPhase(CommonExecutor.java:65)
	at com.kms.katalon.core.main.TestSuiteExecutor.accessTestSuiteMainPhase(TestSuiteExecutor.java:148)
	at com.kms.katalon.core.main.TestSuiteExecutor.execute(TestSuiteExecutor.java:106)
	at com.kms.katalon.core.main.TestCaseMain.startTestSuite(TestCaseMain.java:180)
	at TempTestSuite1703823543503.run(TempTestSuite1703823543503.groovy:36)
	at java.base/jdk.internal.reflect.NativeMethodAccessorImpl.invoke0(Native Method)
	at java.base/jdk.internal.reflect.NativeMethodAccessorImpl.invoke(NativeMethodAccessorImpl.java:77)
	at java.base/jdk.internal.reflect.DelegatingMethodAccessorImpl.invoke(DelegatingMethodAccessorImpl.java:43)
Caused by: com.kms.katalon.core.exception.StepFailedException: Text 'Showing 0 to 0 of 0 entries' is not present on page 
	at com.kms.katalon.core.webui.keyword.internal.WebUIKeywordMain.stepFailed(WebUIKeywordMain.groovy:64)
	at com.kms.katalon.core.webui.keyword.builtin.VerifyTextPresentKeyword$_verifyTextPresent_closure1.doCall(VerifyTextPresentKeyword.groovy:79)
	at com.kms.katalon.core.webui.keyword.builtin.VerifyTextPresentKeyword$_verifyTextPresent_closure1.call(VerifyTextPresentKeyword.groovy)
	at com.kms.katalon.core.webui.keyword.internal.WebUIKeywordMain.runKeyword(WebUIKeywordMain.groovy:20)
	... 20 more
)

29-12-2023T11:31:01 - [MESSAGE][FAILED] - Text 'Showing 0 to 0 of 0 entries' is not present on page  (Root cause: com.kms.katalon.core.exception.StepFailedException: Text 'Showing 0 to 0 of 0 entries' is not present on page 
	at com.kms.katalon.core.webui.keyword.internal.WebUIKeywordMain.stepFailed(WebUIKeywordMain.groovy:64)
	at com.kms.katalon.core.webui.keyword.builtin.VerifyTextPresentKeyword$_verifyTextPresent_closure1.doCall(VerifyTextPresentKeyword.groovy:79)
	at com.kms.katalon.core.webui.keyword.builtin.VerifyTextPresentKeyword$_verifyTextPresent_closure1.call(VerifyTextPresentKeyword.groovy)
	at com.kms.katalon.core.webui.keyword.internal.WebUIKeywordMain.runKeyword(WebUIKeywordMain.groovy:20)
	at com.kms.katalon.core.webui.keyword.builtin.VerifyTextPresentKeyword.verifyTextPresent(VerifyTextPresentKeyword.groovy:83)
	at com.kms.katalon.core.webui.keyword.builtin.VerifyTextPresentKeyword.execute(VerifyTextPresentKeyword.groovy:68)
	at com.kms.katalon.core.keyword.internal.KeywordExecutor.executeKeywordForPlatform(KeywordExecutor.groovy:74)
	at com.kms.katalon.core.webui.keyword.WebUiBuiltInKeywords.verifyTextPresent(WebUiBuiltInKeywords.groovy:1762)
	at PSSIViewEmptyCCTVData.run(PSSIViewEmptyCCTVData:33)
	at com.kms.katalon.core.main.ScriptEngine.run(ScriptEngine.java:194)
	at com.kms.katalon.core.main.ScriptEngine.runScriptAsRawText(ScriptEngine.java:119)
	at com.kms.katalon.core.main.TestCaseExecutor.runScript(TestCaseExecutor.java:448)
	at com.kms.katalon.core.main.TestCaseExecutor.doExecute(TestCaseExecutor.java:439)
	at com.kms.katalon.core.main.TestCaseExecutor.processExecutionPhase(TestCaseExecutor.java:418)
	at com.kms.katalon.core.main.TestCaseExecutor.accessMainPhase(TestCaseExecutor.java:410)
	at com.kms.katalon.core.main.TestCaseExecutor.execute(TestCaseExecutor.java:285)
	at com.kms.katalon.core.common.CommonExecutor.accessTestCaseMainPhase(CommonExecutor.java:65)
	at com.kms.katalon.core.main.TestSuiteExecutor.accessTestSuiteMainPhase(TestSuiteExecutor.java:148)
	at com.kms.katalon.core.main.TestSuiteExecutor.execute(TestSuiteExecutor.java:106)
	at com.kms.katalon.core.main.TestCaseMain.startTestSuite(TestCaseMain.java:180)
	at TempTestSuite1703823543503.run(TempTestSuite1703823543503.groovy:36)
	at java.base/jdk.internal.reflect.NativeMethodAccessorImpl.invoke0(Native Method)
	at java.base/jdk.internal.reflect.NativeMethodAccessorImpl.invoke(NativeMethodAccessorImpl.java:77)
	at java.base/jdk.internal.reflect.DelegatingMethodAccessorImpl.invoke(DelegatingMethodAccessorImpl.java:43)
)

29-12-2023T11:31:01 - [MESSAGE][FAILED] - Unable to verify text 'Showing 0 to 0 of 0 entries' is present  (Root cause: com.kms.katalon.core.exception.StepFailedException: Unable to verify text 'Showing 0 to 0 of 0 entries' is present 
	at com.kms.katalon.core.webui.keyword.internal.WebUIKeywordMain.stepFailed(WebUIKeywordMain.groovy:64)
	at com.kms.katalon.core.webui.keyword.internal.WebUIKeywordMain.runKeyword(WebUIKeywordMain.groovy:26)
	at com.kms.katalon.core.webui.keyword.builtin.VerifyTextPresentKeyword.verifyTextPresent(VerifyTextPresentKeyword.groovy:83)
	at com.kms.katalon.core.webui.keyword.builtin.VerifyTextPresentKeyword.execute(VerifyTextPresentKeyword.groovy:68)
	at com.kms.katalon.core.keyword.internal.KeywordExecutor.executeKeywordForPlatform(KeywordExecutor.groovy:74)
	at com.kms.katalon.core.webui.keyword.WebUiBuiltInKeywords.verifyTextPresent(WebUiBuiltInKeywords.groovy:1762)
	at PSSIViewEmptyCCTVData.run(PSSIViewEmptyCCTVData:33)
	at com.kms.katalon.core.main.ScriptEngine.run(ScriptEngine.java:194)
	at com.kms.katalon.core.main.ScriptEngine.runScriptAsRawText(ScriptEngine.java:119)
	at com.kms.katalon.core.main.TestCaseExecutor.runScript(TestCaseExecutor.java:448)
	at com.kms.katalon.core.main.TestCaseExecutor.doExecute(TestCaseExecutor.java:439)
	at com.kms.katalon.core.main.TestCaseExecutor.processExecutionPhase(TestCaseExecutor.java:418)
	at com.kms.katalon.core.main.TestCaseExecutor.accessMainPhase(TestCaseExecutor.java:410)
	at com.kms.katalon.core.main.TestCaseExecutor.execute(TestCaseExecutor.java:285)
	at com.kms.katalon.core.common.CommonExecutor.accessTestCaseMainPhase(CommonExecutor.java:65)
	at com.kms.katalon.core.main.TestSuiteExecutor.accessTestSuiteMainPhase(TestSuiteExecutor.java:148)
	at com.kms.katalon.core.main.TestSuiteExecutor.execute(TestSuiteExecutor.java:106)
	at com.kms.katalon.core.main.TestCaseMain.startTestSuite(TestCaseMain.java:180)
	at TempTestSuite1703823543503.run(TempTestSuite1703823543503.groovy:36)
	at java.base/jdk.internal.reflect.NativeMethodAccessorImpl.invoke0(Native Method)
	at java.base/jdk.internal.reflect.NativeMethodAccessorImpl.invoke(NativeMethodAccessorImpl.java:77)
	at java.base/jdk.internal.reflect.DelegatingMethodAccessorImpl.invoke(DelegatingMethodAccessorImpl.java:43)
Caused by: com.kms.katalon.core.exception.StepFailedException: Text 'Showing 0 to 0 of 0 entries' is not present on page 
	at com.kms.katalon.core.webui.keyword.internal.WebUIKeywordMain.stepFailed(WebUIKeywordMain.groovy:64)
	at com.kms.katalon.core.webui.keyword.builtin.VerifyTextPresentKeyword$_verifyTextPresent_closure1.doCall(VerifyTextPresentKeyword.groovy:79)
	at com.kms.katalon.core.webui.keyword.builtin.VerifyTextPresentKeyword$_verifyTextPresent_closure1.call(VerifyTextPresentKeyword.groovy)
	at com.kms.katalon.core.webui.keyword.internal.WebUIKeywordMain.runKeyword(WebUIKeywordMain.groovy:20)
	... 20 more
)
[[ATTACHMENT|C:\\Users\\USER\\git\\Kecilin-Automation-Test\\Reports\\20231229_111847\\Create BE CCTV Data\\View CCTV Table Test Suite\\20231229_111903\\1703824261306.png]]]]></system-out>
         <system-err><![CDATA[29-12-2023T11:30:53 - [TEST_CASE][FAILED] - Test Cases/Offline PSSI Dashboard Function/Create BE CCTV Data/View CCTV Table/PSSIViewEmptyCCTVData: Test Cases/Offline PSSI Dashboard Function/Create BE CCTV Data/View CCTV Table/PSSIViewEmptyCCTVData FAILED.
Reason:
com.kms.katalon.core.exception.StepFailedException: Unable to verify text 'Showing 0 to 0 of 0 entries' is present 
	at com.kms.katalon.core.webui.keyword.internal.WebUIKeywordMain.stepFailed(WebUIKeywordMain.groovy:64)
	at com.kms.katalon.core.webui.keyword.internal.WebUIKeywordMain.runKeyword(WebUIKeywordMain.groovy:26)
	at com.kms.katalon.core.webui.keyword.builtin.VerifyTextPresentKeyword.verifyTextPresent(VerifyTextPresentKeyword.groovy:83)
	at com.kms.katalon.core.webui.keyword.builtin.VerifyTextPresentKeyword.execute(VerifyTextPresentKeyword.groovy:68)
	at com.kms.katalon.core.keyword.internal.KeywordExecutor.executeKeywordForPlatform(KeywordExecutor.groovy:74)
	at com.kms.katalon.core.webui.keyword.WebUiBuiltInKeywords.verifyTextPresent(WebUiBuiltInKeywords.groovy:1762)
	at PSSIViewEmptyCCTVData.run(PSSIViewEmptyCCTVData:33)
	at com.kms.katalon.core.main.ScriptEngine.run(ScriptEngine.java:194)
	at com.kms.katalon.core.main.ScriptEngine.runScriptAsRawText(ScriptEngine.java:119)
	at com.kms.katalon.core.main.TestCaseExecutor.runScript(TestCaseExecutor.java:448)
	at com.kms.katalon.core.main.TestCaseExecutor.doExecute(TestCaseExecutor.java:439)
	at com.kms.katalon.core.main.TestCaseExecutor.processExecutionPhase(TestCaseExecutor.java:418)
	at com.kms.katalon.core.main.TestCaseExecutor.accessMainPhase(TestCaseExecutor.java:410)
	at com.kms.katalon.core.main.TestCaseExecutor.execute(TestCaseExecutor.java:285)
	at com.kms.katalon.core.common.CommonExecutor.accessTestCaseMainPhase(CommonExecutor.java:65)
	at com.kms.katalon.core.main.TestSuiteExecutor.accessTestSuiteMainPhase(TestSuiteExecutor.java:148)
	at com.kms.katalon.core.main.TestSuiteExecutor.execute(TestSuiteExecutor.java:106)
	at com.kms.katalon.core.main.TestCaseMain.startTestSuite(TestCaseMain.java:180)
	at TempTestSuite1703823543503.run(TempTestSuite1703823543503.groovy:36)
	at java.base/jdk.internal.reflect.NativeMethodAccessorImpl.invoke0(Native Method)
	at java.base/jdk.internal.reflect.NativeMethodAccessorImpl.invoke(NativeMethodAccessorImpl.java:77)
	at java.base/jdk.internal.reflect.DelegatingMethodAccessorImpl.invoke(DelegatingMethodAccessorImpl.java:43)
Caused by: com.kms.katalon.core.exception.StepFailedException: Text 'Showing 0 to 0 of 0 entries' is not present on page 
	at com.kms.katalon.core.webui.keyword.internal.WebUIKeywordMain.stepFailed(WebUIKeywordMain.groovy:64)
	at com.kms.katalon.core.webui.keyword.builtin.VerifyTextPresentKeyword$_verifyTextPresent_closure1.doCall(VerifyTextPresentKeyword.groovy:79)
	at com.kms.katalon.core.webui.keyword.builtin.VerifyTextPresentKeyword$_verifyTextPresent_closure1.call(VerifyTextPresentKeyword.groovy)
	at com.kms.katalon.core.webui.keyword.internal.WebUIKeywordMain.runKeyword(WebUIKeywordMain.groovy:20)
	... 20 more]]></system-err>
      </testcase>
      <system-out><![CDATA[29-12-2023T11:29:56 - [TEST_SUITE][FAILED] - View CCTV Table Test Suite: Test Cases/Offline PSSI Dashboard Function/Create BE CCTV Data/View CCTV Table/PSSIViewEmptyCCTVData FAILED.
Reason:
com.kms.katalon.core.exception.StepFailedException: Unable to verify text 'Showing 0 to 0 of 0 entries' is present 
	at com.kms.katalon.core.webui.keyword.internal.WebUIKeywordMain.stepFailed(WebUIKeywordMain.groovy:64)
	at com.kms.katalon.core.webui.keyword.internal.WebUIKeywordMain.runKeyword(WebUIKeywordMain.groovy:26)
	at com.kms.katalon.core.webui.keyword.builtin.VerifyTextPresentKeyword.verifyTextPresent(VerifyTextPresentKeyword.groovy:83)
	at com.kms.katalon.core.webui.keyword.builtin.VerifyTextPresentKeyword.execute(VerifyTextPresentKeyword.groovy:68)
	at com.kms.katalon.core.keyword.internal.KeywordExecutor.executeKeywordForPlatform(KeywordExecutor.groovy:74)
	at com.kms.katalon.core.webui.keyword.WebUiBuiltInKeywords.verifyTextPresent(WebUiBuiltInKeywords.groovy:1762)
	at PSSIViewEmptyCCTVData.run(PSSIViewEmptyCCTVData:33)
	at com.kms.katalon.core.main.ScriptEngine.run(ScriptEngine.java:194)
	at com.kms.katalon.core.main.ScriptEngine.runScriptAsRawText(ScriptEngine.java:119)
	at com.kms.katalon.core.main.TestCaseExecutor.runScript(TestCaseExecutor.java:448)
	at com.kms.katalon.core.main.TestCaseExecutor.doExecute(TestCaseExecutor.java:439)
	at com.kms.katalon.core.main.TestCaseExecutor.processExecutionPhase(TestCaseExecutor.java:418)
	at com.kms.katalon.core.main.TestCaseExecutor.accessMainPhase(TestCaseExecutor.java:410)
	at com.kms.katalon.core.main.TestCaseExecutor.execute(TestCaseExecutor.java:285)
	at com.kms.katalon.core.common.CommonExecutor.accessTestCaseMainPhase(CommonExecutor.java:65)
	at com.kms.katalon.core.main.TestSuiteExecutor.accessTestSuiteMainPhase(TestSuiteExecutor.java:148)
	at com.kms.katalon.core.main.TestSuiteExecutor.execute(TestSuiteExecutor.java:106)
	at com.kms.katalon.core.main.TestCaseMain.startTestSuite(TestCaseMain.java:180)
	at TempTestSuite1703823543503.run(TempTestSuite1703823543503.groovy:36)
	at java.base/jdk.internal.reflect.NativeMethodAccessorImpl.invoke0(Native Method)
	at java.base/jdk.internal.reflect.NativeMethodAccessorImpl.invoke(NativeMethodAccessorImpl.java:77)
	at java.base/jdk.internal.reflect.DelegatingMethodAccessorImpl.invoke(DelegatingMethodAccessorImpl.java:43)
Caused by: com.kms.katalon.core.exception.StepFailedException: Text 'Showing 0 to 0 of 0 entries' is not present on page 
	at com.kms.katalon.core.webui.keyword.internal.WebUIKeywordMain.stepFailed(WebUIKeywordMain.groovy:64)
	at com.kms.katalon.core.webui.keyword.builtin.VerifyTextPresentKeyword$_verifyTextPresent_closure1.doCall(VerifyTextPresentKeyword.groovy:79)
	at com.kms.katalon.core.webui.keyword.builtin.VerifyTextPresentKeyword$_verifyTextPresent_closure1.call(VerifyTextPresentKeyword.groovy)
	at com.kms.katalon.core.webui.keyword.internal.WebUIKeywordMain.runKeyword(WebUIKeywordMain.groovy:20)
	... 20 more]]></system-out>
      <system-err><![CDATA[29-12-2023T11:29:56 - [TEST_SUITE][FAILED] - View CCTV Table Test Suite: Test Cases/Offline PSSI Dashboard Function/Create BE CCTV Data/View CCTV Table/PSSIViewEmptyCCTVData FAILED.
Reason:
com.kms.katalon.core.exception.StepFailedException: Unable to verify text 'Showing 0 to 0 of 0 entries' is present 
	at com.kms.katalon.core.webui.keyword.internal.WebUIKeywordMain.stepFailed(WebUIKeywordMain.groovy:64)
	at com.kms.katalon.core.webui.keyword.internal.WebUIKeywordMain.runKeyword(WebUIKeywordMain.groovy:26)
	at com.kms.katalon.core.webui.keyword.builtin.VerifyTextPresentKeyword.verifyTextPresent(VerifyTextPresentKeyword.groovy:83)
	at com.kms.katalon.core.webui.keyword.builtin.VerifyTextPresentKeyword.execute(VerifyTextPresentKeyword.groovy:68)
	at com.kms.katalon.core.keyword.internal.KeywordExecutor.executeKeywordForPlatform(KeywordExecutor.groovy:74)
	at com.kms.katalon.core.webui.keyword.WebUiBuiltInKeywords.verifyTextPresent(WebUiBuiltInKeywords.groovy:1762)
	at PSSIViewEmptyCCTVData.run(PSSIViewEmptyCCTVData:33)
	at com.kms.katalon.core.main.ScriptEngine.run(ScriptEngine.java:194)
	at com.kms.katalon.core.main.ScriptEngine.runScriptAsRawText(ScriptEngine.java:119)
	at com.kms.katalon.core.main.TestCaseExecutor.runScript(TestCaseExecutor.java:448)
	at com.kms.katalon.core.main.TestCaseExecutor.doExecute(TestCaseExecutor.java:439)
	at com.kms.katalon.core.main.TestCaseExecutor.processExecutionPhase(TestCaseExecutor.java:418)
	at com.kms.katalon.core.main.TestCaseExecutor.accessMainPhase(TestCaseExecutor.java:410)
	at com.kms.katalon.core.main.TestCaseExecutor.execute(TestCaseExecutor.java:285)
	at com.kms.katalon.core.common.CommonExecutor.accessTestCaseMainPhase(CommonExecutor.java:65)
	at com.kms.katalon.core.main.TestSuiteExecutor.accessTestSuiteMainPhase(TestSuiteExecutor.java:148)
	at com.kms.katalon.core.main.TestSuiteExecutor.execute(TestSuiteExecutor.java:106)
	at com.kms.katalon.core.main.TestCaseMain.startTestSuite(TestCaseMain.java:180)
	at TempTestSuite1703823543503.run(TempTestSuite1703823543503.groovy:36)
	at java.base/jdk.internal.reflect.NativeMethodAccessorImpl.invoke0(Native Method)
	at java.base/jdk.internal.reflect.NativeMethodAccessorImpl.invoke(NativeMethodAccessorImpl.java:77)
	at java.base/jdk.internal.reflect.DelegatingMethodAccessorImpl.invoke(DelegatingMethodAccessorImpl.java:43)
Caused by: com.kms.katalon.core.exception.StepFailedException: Text 'Showing 0 to 0 of 0 entries' is not present on page 
	at com.kms.katalon.core.webui.keyword.internal.WebUIKeywordMain.stepFailed(WebUIKeywordMain.groovy:64)
	at com.kms.katalon.core.webui.keyword.builtin.VerifyTextPresentKeyword$_verifyTextPresent_closure1.doCall(VerifyTextPresentKeyword.groovy:79)
	at com.kms.katalon.core.webui.keyword.builtin.VerifyTextPresentKeyword$_verifyTextPresent_closure1.call(VerifyTextPresentKeyword.groovy)
	at com.kms.katalon.core.webui.keyword.internal.WebUIKeywordMain.runKeyword(WebUIKeywordMain.groovy:20)
	... 20 more]]></system-err>
   </testsuite>
   <testsuite name="View Stadium Test Suite" tests="1" failures="0" errors="0" time="8.688" skipped="0" timestamp="29-12-2023T11:31:22" hostname="USER - DESKTOP-HLRVE9S" id="Test Suites/Create BE CCTV Data/View Stadium Test Suite">
      <properties>
         <property name="deviceName" value=""/>
         <property name="devicePlatform" value=""/>
         <property name="logFolder" value="C:\\Users\\USER\\git\\Kecilin-Automation-Test\\Reports\\20231229_111847\\Create BE CCTV Data\\View Stadium Test Suite\\20231229_111905"/>
         <property name="logFiles" value="C:\\Users\\USER\\git\\Kecilin-Automation-Test\\Reports\\20231229_111847\\Create BE CCTV Data\\View Stadium Test Suite\\20231229_111905\\execution0.log"/>
         <property name="attachments" value=""/>
         <property name="hostName" value="USER - DESKTOP-HLRVE9S"/>
         <property name="os" value="Windows 10 64bit"/>
         <property name="katalonVersion" value="9.2.0.212"/>
         <property name="browser" value="Chrome 120.0.0.0"/>
         <property name="hostAddress" value="192.168.100.183"/>
         <property name="sessionId" value="31bdc840f2257efe9f8696ca730b93b0"/>
         <property name="seleniumVersion" value="3.141.59"/>
         <property name="proxyInformation" value="ProxyInformation { proxyOption=NO_PROXY, proxyServerType=HTTP, username=, password=********, proxyServerAddress=, proxyServerPort=0, executionList=&quot;&quot;, isApplyToDesiredCapabilities=true }"/>
         <property name="platform" value="Windows 10"/>
      </properties>
      <testcase name="Test Cases/Offline PSSI Dashboard Function/Create BE CCTV Data/View Stadium/PSSIViewStadiumData" time="8.423" classname="Test Cases/Offline PSSI Dashboard Function/Create BE CCTV Data/View Stadium/PSSIViewStadiumData" status="PASSED">
         <system-out><![CDATA[29-12-2023T11:31:22 - [TEST_CASE][PASSED] - Test Cases/Offline PSSI Dashboard Function/Create BE CCTV Data/View Stadium/PSSIViewStadiumData: Test Cases/Offline PSSI Dashboard Function/Create BE CCTV Data/View Stadium/PSSIViewStadiumData

29-12-2023T11:31:23 - [TEST_STEP][PASSED] - failureHandling = STOP_ON_FAILURE: null

29-12-2023T11:31:23 - [TEST_STEP][PASSED] - baseUrl = offline_pssi_dashboard_url: null

29-12-2023T11:31:23 - [TEST_STEP][PASSED] - callTestCase(findTestCase("Offline PSSI Dashboard Function/Create BE CCTV Data/Sign In/PSSISignInValidData"), [:], failureHandling): Call Test Case 'Test Cases/Offline PSSI Dashboard Function/Create BE CCTV Data/Sign In/PSSISignInValidData' successfully

29-12-2023T11:31:23 - [TEST_CASE][PASSED] - Test Cases/Offline PSSI Dashboard Function/Create BE CCTV Data/Sign In/PSSISignInValidData: Test Cases/Offline PSSI Dashboard Function/Create BE CCTV Data/Sign In/PSSISignInValidData

29-12-2023T11:31:23 - [TEST_STEP][PASSED] - failureHandling = STOP_ON_FAILURE: null

29-12-2023T11:31:23 - [TEST_STEP][PASSED] - baseUrl = offline_pssi_dashboard_url: null

29-12-2023T11:31:23 - [TEST_STEP][PASSED] - openBrowser(""): Browser is opened with url: ''

29-12-2023T11:31:24 - [MESSAGE][INFO] - Starting 'Chrome' driver

29-12-2023T11:31:24 - [MESSAGE][INFO] - Action delay is set to 0 milliseconds

29-12-2023T11:31:26 - [MESSAGE][PASSED] - Browser is opened with url: ''

29-12-2023T11:31:26 - [TEST_STEP][PASSED] - navigateToUrl(baseUrl): Navigate to 'https://monitoring.pssi-dev.kecilin.id' successfully

29-12-2023T11:31:27 - [MESSAGE][PASSED] - Navigate to 'https://monitoring.pssi-dev.kecilin.id' successfully

29-12-2023T11:31:27 - [TEST_STEP][PASSED] - maximizeWindow(): Current window maximized

29-12-2023T11:31:27 - [MESSAGE][PASSED] - Current window maximized

29-12-2023T11:31:27 - [TEST_STEP][PASSED] - setText(findTestObject("Object Repository/Page_Login/input_email"), "superadmin@app.com"): Text 'superadmin@app.com' is set on object 'Object Repository/Page_Login/input_email'

29-12-2023T11:31:28 - [MESSAGE][PASSED] - Text 'superadmin@app.com' is set on object 'Object Repository/Page_Login/input_email'

29-12-2023T11:31:28 - [TEST_STEP][PASSED] - setEncryptedText(findTestObject("Object Repository/Page_Login/input_password"), "8SQVv/p9jVScEs4/2CZsLw=="): Text ****** has been set on object 'Object Repository/Page_Login/input_password'

29-12-2023T11:31:29 - [MESSAGE][PASSED] - Text ****** has been set on object 'Object Repository/Page_Login/input_password'

29-12-2023T11:31:29 - [TEST_STEP][PASSED] - click(findTestObject("Object Repository/Page_Login/button_Sign In")): Object: 'Object Repository/Page_Login/button_Sign In' is clicked on

29-12-2023T11:31:30 - [MESSAGE][PASSED] - Object: 'Object Repository/Page_Login/button_Sign In' is clicked on

29-12-2023T11:31:30 - [MESSAGE][PASSED] - Call Test Case 'Test Cases/Offline PSSI Dashboard Function/Create BE CCTV Data/Sign In/PSSISignInValidData' successfully

29-12-2023T11:31:30 - [TEST_STEP][PASSED] - navigateToUrl(baseUrl + "/cctv/stadion", failureHandling): Navigate to 'https://monitoring.pssi-dev.kecilin.id/cctv/stadion' successfully

29-12-2023T11:31:31 - [MESSAGE][PASSED] - Navigate to 'https://monitoring.pssi-dev.kecilin.id/cctv/stadion' successfully]]></system-out>
         <system-err><![CDATA[]]></system-err>
      </testcase>
      <system-out><![CDATA[29-12-2023T11:31:22 - [TEST_SUITE][PASSED] - View Stadium Test Suite: Test Cases/Offline PSSI Dashboard Function/Create BE CCTV Data/View Stadium/PSSIViewStadiumData]]></system-out>
      <system-err><![CDATA[]]></system-err>
   </testsuite>
</testsuites>
