<?xml version="1.0" encoding="UTF-8"?>
<testsuites name="Create BE Account Management Test Suite Collection" time="1582.662" tests="19" failures="14" errors="1">
   <testsuite name="Add Account Test Suite" tests="6" failures="4" errors="0" time="447.934" skipped="0" timestamp="19-01-2024T11:18:49" hostname="USER - DESKTOP-HLRVE9S" id="Test Suites/Create BE Account Management/Add Account Test Suite">
      <properties>
         <property name="deviceName" value=""/>
         <property name="devicePlatform" value=""/>
         <property name="logFolder" value="C:\\Users\\USER\\git\\Kecilin-Automation-Test\\Reports\\20240119_111826\\Create BE Account Management\\Add Account Test Suite\\20240119_111827"/>
         <property name="logFiles" value="C:\\Users\\USER\\git\\Kecilin-Automation-Test\\Reports\\20240119_111826\\Create BE Account Management\\Add Account Test Suite\\20240119_111827\\execution0.log"/>
         <property name="attachments" value="C:\\Users\\USER\\git\\Kecilin-Automation-Test\\Reports\\20240119_111826\\Create BE Account Management\\Add Account Test Suite\\20240119_111827\\1705637953922.png, C:\\Users\\USER\\git\\Kecilin-Automation-Test\\Reports\\20240119_111826\\Create BE Account Management\\Add Account Test Suite\\20240119_111827\\1705637973410.png, C:\\Users\\USER\\git\\Kecilin-Automation-Test\\Reports\\20240119_111826\\Create BE Account Management\\Add Account Test Suite\\20240119_111827\\1705637992649.png, C:\\Users\\USER\\git\\Kecilin-Automation-Test\\Reports\\20240119_111826\\Create BE Account Management\\Add Account Test Suite\\20240119_111827\\1705638010668.png, C:\\Users\\USER\\git\\Kecilin-Automation-Test\\Reports\\20240119_111826\\Create BE Account Management\\Add Account Test Suite\\20240119_111827\\1705638025231.png, C:\\Users\\USER\\git\\Kecilin-Automation-Test\\Reports\\20240119_111826\\Create BE Account Management\\Add Account Test Suite\\20240119_111827\\1705638039128.png, C:\\Users\\USER\\git\\Kecilin-Automation-Test\\Reports\\20240119_111826\\Create BE Account Management\\Add Account Test Suite\\20240119_111827\\1705638052856.png, C:\\Users\\USER\\git\\Kecilin-Automation-Test\\Reports\\20240119_111826\\Create BE Account Management\\Add Account Test Suite\\20240119_111827\\1705638076061.png, C:\\Users\\USER\\git\\Kecilin-Automation-Test\\Reports\\20240119_111826\\Create BE Account Management\\Add Account Test Suite\\20240119_111827\\1705638122756.png, C:\\Users\\USER\\git\\Kecilin-Automation-Test\\Reports\\20240119_111826\\Create BE Account Management\\Add Account Test Suite\\20240119_111827\\1705638170416.png, C:\\Users\\USER\\git\\Kecilin-Automation-Test\\Reports\\20240119_111826\\Create BE Account Management\\Add Account Test Suite\\20240119_111827\\1705638217137.png, C:\\Users\\USER\\git\\Kecilin-Automation-Test\\Reports\\20240119_111826\\Create BE Account Management\\Add Account Test Suite\\20240119_111827\\1705638263849.png, C:\\Users\\USER\\git\\Kecilin-Automation-Test\\Reports\\20240119_111826\\Create BE Account Management\\Add Account Test Suite\\20240119_111827\\1705638296104.png, C:\\Users\\USER\\git\\Kecilin-Automation-Test\\Reports\\20240119_111826\\Create BE Account Management\\Add Account Test Suite\\20240119_111827\\1705638316125.png, C:\\Users\\USER\\git\\Kecilin-Automation-Test\\Reports\\20240119_111826\\Create BE Account Management\\Add Account Test Suite\\20240119_111827\\1705638336381.png, C:\\Users\\USER\\git\\Kecilin-Automation-Test\\Reports\\20240119_111826\\Create BE Account Management\\Add Account Test Suite\\20240119_111827\\1705638355365.png"/>
         <property name="hostName" value="USER - DESKTOP-HLRVE9S"/>
         <property name="os" value="Windows 10 64bit"/>
         <property name="katalonVersion" value="9.2.0.212"/>
         <property name="browser" value="Chrome 120.0.0.0"/>
         <property name="hostAddress" value="192.168.100.189"/>
         <property name="sessionId" value="ba839782a4b5b46d0a4a28a6465215b0"/>
         <property name="seleniumVersion" value="3.141.59"/>
         <property name="proxyInformation" value="ProxyInformation { proxyOption=NO_PROXY, proxyServerType=HTTP, username=, password=********, proxyServerAddress=, proxyServerPort=0, executionList=&quot;&quot;, isApplyToDesiredCapabilities=true }"/>
         <property name="platform" value="Windows 10"/>
      </properties>
      <testcase name="Test Cases/Offline PSSI Dashboard Function/Create BE Account Management/Add Account/Negative Test Case/PSSIAddAccountDuplicateEmail" time="18.086" classname="Test Cases/Offline PSSI Dashboard Function/Create BE Account Management/Add Account/Negative Test Case/PSSIAddAccountDuplicateEmail" status="FAILED">
         <failure type="FAILED" message="Test Cases/Offline PSSI Dashboard Function/Create BE Account Management/Add Account/Negative Test Case/PSSIAddAccountDuplicateEmail FAILED.&#xa;Reason:&#xa;com.kms.katalon.core.exception.StepFailedException: Unable to verify text 'duplicate' is present &#xa;	at com.kms.katalon.core.webui.keyword.internal.WebUIKeywordMain.stepFailed(WebUIKeywordMain.groovy:64)&#xa;	at com.kms.katalon.core.webui.keyword.internal.WebUIKeywordMain.runKeyword(WebUIKeywordMain.groovy:26)&#xa;	at com.kms.katalon.core.webui.keyword.builtin.VerifyTextPresentKeyword.verifyTextPresent(VerifyTextPresentKeyword.groovy:83)&#xa;	at com.kms.katalon.core.webui.keyword.builtin.VerifyTextPresentKeyword.execute(VerifyTextPresentKeyword.groovy:68)&#xa;	at com.kms.katalon.core.keyword.internal.KeywordExecutor.executeKeywordForPlatform(KeywordExecutor.groovy:74)&#xa;	at com.kms.katalon.core.webui.keyword.WebUiBuiltInKeywords.verifyTextPresent(WebUiBuiltInKeywords.groovy:1762)&#xa;	at PSSIAddAccountDuplicateEmail.run(PSSIAddAccountDuplicateEmail:54)&#xa;	at com.kms.katalon.core.main.ScriptEngine.run(ScriptEngine.java:194)&#xa;	at com.kms.katalon.core.main.ScriptEngine.runScriptAsRawText(ScriptEngine.java:119)&#xa;	at com.kms.katalon.core.main.TestCaseExecutor.runScript(TestCaseExecutor.java:448)&#xa;	at com.kms.katalon.core.main.TestCaseExecutor.doExecute(TestCaseExecutor.java:439)&#xa;	at com.kms.katalon.core.main.TestCaseExecutor.processExecutionPhase(TestCaseExecutor.java:418)&#xa;	at com.kms.katalon.core.main.TestCaseExecutor.accessMainPhase(TestCaseExecutor.java:410)&#xa;	at com.kms.katalon.core.main.TestCaseExecutor.execute(TestCaseExecutor.java:285)&#xa;	at com.kms.katalon.core.main.TestCaseExecutor.execute(TestCaseExecutor.java:369)&#xa;	at com.kms.katalon.core.main.TestCaseExecutor.execute(TestCaseExecutor.java:369)&#xa;	at com.kms.katalon.core.main.TestCaseExecutor.execute(TestCaseExecutor.java:369)&#xa;	at com.kms.katalon.core.common.CommonExecutor.accessTestCaseMainPhase(CommonExecutor.java:65)&#xa;	at com.kms.katalon.core.main.TestSuiteExecutor.accessTestSuiteMainPhase(TestSuiteExecutor.java:148)&#xa;	at com.kms.katalon.core.main.TestSuiteExecutor.execute(TestSuiteExecutor.java:106)&#xa;	at com.kms.katalon.core.main.TestCaseMain.startTestSuite(TestCaseMain.java:180)&#xa;	at TempTestSuite1705637907664.run(TempTestSuite1705637907664.groovy:36)&#xa;	at java.base/jdk.internal.reflect.NativeMethodAccessorImpl.invoke0(Native Method)&#xa;	at java.base/jdk.internal.reflect.NativeMethodAccessorImpl.invoke(NativeMethodAccessorImpl.java:77)&#xa;	at java.base/jdk.internal.reflect.DelegatingMethodAccessorImpl.invoke(DelegatingMethodAccessorImpl.java:43)&#xa;Caused by: com.kms.katalon.core.exception.StepFailedException: Text 'duplicate' is not present on page &#xa;	at com.kms.katalon.core.webui.keyword.internal.WebUIKeywordMain.stepFailed(WebUIKeywordMain.groovy:64)&#xa;	at com.kms.katalon.core.webui.keyword.builtin.VerifyTextPresentKeyword$_verifyTextPresent_closure1.doCall(VerifyTextPresentKeyword.groovy:79)&#xa;	at com.kms.katalon.core.webui.keyword.builtin.VerifyTextPresentKeyword$_verifyTextPresent_closure1.call(VerifyTextPresentKeyword.groovy)&#xa;	at com.kms.katalon.core.webui.keyword.internal.WebUIKeywordMain.runKeyword(WebUIKeywordMain.groovy:20)&#xa;	... 23 more&#xa;"/>
         <system-out><![CDATA[19-01-2024T11:19:52 - [TEST_CASE][FAILED] - Test Cases/Offline PSSI Dashboard Function/Create BE Account Management/Add Account/Negative Test Case/PSSIAddAccountDuplicateEmail: Test Cases/Offline PSSI Dashboard Function/Create BE Account Management/Add Account/Negative Test Case/PSSIAddAccountDuplicateEmail FAILED.
Reason:
com.kms.katalon.core.exception.StepFailedException: Unable to verify text 'duplicate' is present 
	at com.kms.katalon.core.webui.keyword.internal.WebUIKeywordMain.stepFailed(WebUIKeywordMain.groovy:64)
	at com.kms.katalon.core.webui.keyword.internal.WebUIKeywordMain.runKeyword(WebUIKeywordMain.groovy:26)
	at com.kms.katalon.core.webui.keyword.builtin.VerifyTextPresentKeyword.verifyTextPresent(VerifyTextPresentKeyword.groovy:83)
	at com.kms.katalon.core.webui.keyword.builtin.VerifyTextPresentKeyword.execute(VerifyTextPresentKeyword.groovy:68)
	at com.kms.katalon.core.keyword.internal.KeywordExecutor.executeKeywordForPlatform(KeywordExecutor.groovy:74)
	at com.kms.katalon.core.webui.keyword.WebUiBuiltInKeywords.verifyTextPresent(WebUiBuiltInKeywords.groovy:1762)
	at PSSIAddAccountDuplicateEmail.run(PSSIAddAccountDuplicateEmail:54)
	at com.kms.katalon.core.main.ScriptEngine.run(ScriptEngine.java:194)
	at com.kms.katalon.core.main.ScriptEngine.runScriptAsRawText(ScriptEngine.java:119)
	at com.kms.katalon.core.main.TestCaseExecutor.runScript(TestCaseExecutor.java:448)
	at com.kms.katalon.core.main.TestCaseExecutor.doExecute(TestCaseExecutor.java:439)
	at com.kms.katalon.core.main.TestCaseExecutor.processExecutionPhase(TestCaseExecutor.java:418)
	at com.kms.katalon.core.main.TestCaseExecutor.accessMainPhase(TestCaseExecutor.java:410)
	at com.kms.katalon.core.main.TestCaseExecutor.execute(TestCaseExecutor.java:285)
	at com.kms.katalon.core.main.TestCaseExecutor.execute(TestCaseExecutor.java:369)
	at com.kms.katalon.core.main.TestCaseExecutor.execute(TestCaseExecutor.java:369)
	at com.kms.katalon.core.main.TestCaseExecutor.execute(TestCaseExecutor.java:369)
	at com.kms.katalon.core.common.CommonExecutor.accessTestCaseMainPhase(CommonExecutor.java:65)
	at com.kms.katalon.core.main.TestSuiteExecutor.accessTestSuiteMainPhase(TestSuiteExecutor.java:148)
	at com.kms.katalon.core.main.TestSuiteExecutor.execute(TestSuiteExecutor.java:106)
	at com.kms.katalon.core.main.TestCaseMain.startTestSuite(TestCaseMain.java:180)
	at TempTestSuite1705637907664.run(TempTestSuite1705637907664.groovy:36)
	at java.base/jdk.internal.reflect.NativeMethodAccessorImpl.invoke0(Native Method)
	at java.base/jdk.internal.reflect.NativeMethodAccessorImpl.invoke(NativeMethodAccessorImpl.java:77)
	at java.base/jdk.internal.reflect.DelegatingMethodAccessorImpl.invoke(DelegatingMethodAccessorImpl.java:43)
Caused by: com.kms.katalon.core.exception.StepFailedException: Text 'duplicate' is not present on page 
	at com.kms.katalon.core.webui.keyword.internal.WebUIKeywordMain.stepFailed(WebUIKeywordMain.groovy:64)
	at com.kms.katalon.core.webui.keyword.builtin.VerifyTextPresentKeyword$_verifyTextPresent_closure1.doCall(VerifyTextPresentKeyword.groovy:79)
	at com.kms.katalon.core.webui.keyword.builtin.VerifyTextPresentKeyword$_verifyTextPresent_closure1.call(VerifyTextPresentKeyword.groovy)
	at com.kms.katalon.core.webui.keyword.internal.WebUIKeywordMain.runKeyword(WebUIKeywordMain.groovy:20)
	... 23 more


19-01-2024T11:19:52 - [TEST_STEP][PASSED] - failureHandling = STOP_ON_FAILURE: null

19-01-2024T11:19:52 - [TEST_STEP][PASSED] - baseUrl = offline_pssi_dashboard_url: null

19-01-2024T11:19:52 - [TEST_STEP][PASSED] - callTestCase(findTestCase("Offline PSSI Dashboard Function/Create BE Account Management/View Account Management/PSSIViewAccountManagement"), [:], failureHandling): Call Test Case 'Test Cases/Offline PSSI Dashboard Function/Create BE Account Management/View Account Management/PSSIViewAccountManagement' successfully

19-01-2024T11:19:53 - [TEST_CASE][PASSED] - Test Cases/Offline PSSI Dashboard Function/Create BE Account Management/View Account Management/PSSIViewAccountManagement: Test Cases/Offline PSSI Dashboard Function/Create BE Account Management/View Account Management/PSSIViewAccountManagement

19-01-2024T11:19:53 - [TEST_STEP][PASSED] - failureHandling = STOP_ON_FAILURE: null

19-01-2024T11:19:53 - [TEST_STEP][PASSED] - baseUrl = offline_pssi_dashboard_url: null

19-01-2024T11:19:53 - [TEST_STEP][PASSED] - callTestCase(findTestCase("Offline PSSI Dashboard Function/Sign In/PSSISignInValidData"), [:], failureHandling): Call Test Case 'Test Cases/Offline PSSI Dashboard Function/Sign In/PSSISignInValidData' successfully

19-01-2024T11:19:53 - [TEST_CASE][PASSED] - Test Cases/Offline PSSI Dashboard Function/Sign In/PSSISignInValidData: Test Cases/Offline PSSI Dashboard Function/Sign In/PSSISignInValidData

19-01-2024T11:19:53 - [TEST_STEP][PASSED] - failureHandling = STOP_ON_FAILURE: null

19-01-2024T11:19:53 - [TEST_STEP][PASSED] - baseUrl = offline_pssi_dashboard_url: null

19-01-2024T11:19:53 - [TEST_STEP][PASSED] - openBrowser(""): Browser is opened with url: ''

19-01-2024T11:19:53 - [MESSAGE][WARNING] - A browser is already opened. Closing browser and opening a new one

19-01-2024T11:19:53 - [MESSAGE][INFO] - Starting 'Chrome' driver

19-01-2024T11:19:53 - [MESSAGE][INFO] - User set preference: ['unhandledPromptBehaviour', 'ignore']

19-01-2024T11:19:53 - [MESSAGE][INFO] - User set preference: ['unexpectedAlertBehaviour', 'ignore']

19-01-2024T11:19:53 - [MESSAGE][INFO] - Action delay is set to 0 milliseconds

19-01-2024T11:19:54 - [MESSAGE][PASSED] - Browser is opened with url: ''

19-01-2024T11:19:54 - [TEST_STEP][PASSED] - navigateToUrl(baseUrl): Navigate to 'https://monitoring.pssi-dev.kecilin.id' successfully

19-01-2024T11:19:55 - [MESSAGE][PASSED] - Navigate to 'https://monitoring.pssi-dev.kecilin.id' successfully

19-01-2024T11:19:55 - [TEST_STEP][PASSED] - maximizeWindow(): Current window maximized

19-01-2024T11:19:55 - [MESSAGE][PASSED] - Current window maximized

19-01-2024T11:19:55 - [TEST_STEP][PASSED] - setText(findTestObject("Object Repository/Page_Login/input_email"), "superadmin@app.com"): Text 'superadmin@app.com' is set on object 'Object Repository/Page_Login/input_email'

19-01-2024T11:19:56 - [MESSAGE][PASSED] - Text 'superadmin@app.com' is set on object 'Object Repository/Page_Login/input_email'

19-01-2024T11:19:56 - [TEST_STEP][PASSED] - setEncryptedText(findTestObject("Object Repository/Page_Login/input_password"), "8SQVv/p9jVScEs4/2CZsLw=="): Text ****** has been set on object 'Object Repository/Page_Login/input_password'

19-01-2024T11:19:57 - [MESSAGE][PASSED] - Text ****** has been set on object 'Object Repository/Page_Login/input_password'

19-01-2024T11:19:57 - [TEST_STEP][PASSED] - click(findTestObject("Object Repository/Page_Login/button_Sign In")): Object: 'Object Repository/Page_Login/button_Sign In' is clicked on

19-01-2024T11:19:58 - [MESSAGE][PASSED] - Object: 'Object Repository/Page_Login/button_Sign In' is clicked on

19-01-2024T11:19:58 - [MESSAGE][PASSED] - Call Test Case 'Test Cases/Offline PSSI Dashboard Function/Sign In/PSSISignInValidData' successfully

19-01-2024T11:19:58 - [TEST_STEP][PASSED] - scrollToElement(findTestObject("Page_Dashboard/Account Management Sidebar"), 0): Scroll to object 'Object Repository/Page_Dashboard/Account Management Sidebar' successfully

19-01-2024T11:19:58 - [MESSAGE][WARNING] - Timeout '0' is invalid. Using default page load timeout: '1'

19-01-2024T11:20:01 - [MESSAGE][INFO] - Unable to find the element located by 'By.xpath: id("sidenav-collapse-main")/ul[@class="navbar-nav"]/li[@class="nav-item"]/a[@class="nav-link"][count(. | //a[@class = 'nav-link  ' and @href = '/accounts' and (text() = '
            
              
                
              
            
            Account Management
          ' or . = '
            
              
                
              
            
            Account Management
          ')]) = count(//a[@class = 'nav-link  ' and @href = '/accounts' and (text() = '
            
              
                
              
            
            Account Management
          ' or . = '
            
              
                
              
            
            Account Management
          ')])]'. Please recheck the objects properties to make sure the desired element is located. 

19-01-2024T11:20:01 - [MESSAGE][WARNING] - [SELF-HEALING] Failed to find element with id 'Object Repository/Page_Dashboard/Account Management Sidebar'. Try using Self-healing.

19-01-2024T11:20:01 - [MESSAGE][WARNING] - [SELF-HEALING] The current locator of test object 'Object Repository/Page_Dashboard/Account Management Sidebar' was broken. Propose an alternative one: '//div[@id='sidenav-collapse-main']/ul/li[12]/a'.

19-01-2024T11:20:01 - [MESSAGE][PASSED] - Scroll to object 'Object Repository/Page_Dashboard/Account Management Sidebar' successfully

19-01-2024T11:20:01 - [TEST_STEP][PASSED] - navigateToUrl(baseUrl + "/accounts", failureHandling): Navigate to 'https://monitoring.pssi-dev.kecilin.id/accounts' successfully

19-01-2024T11:20:02 - [MESSAGE][PASSED] - Navigate to 'https://monitoring.pssi-dev.kecilin.id/accounts' successfully

19-01-2024T11:20:02 - [MESSAGE][INFO] - 

19-01-2024T11:20:02 - [MESSAGE][INFO] - ===================== Self-healing Report ====================

19-01-2024T11:20:02 - [MESSAGE][INFO] - One of the failed test object locators has been recovered by Self-healing. Please refer to the Self-healing Insights tab for more details.

19-01-2024T11:20:02 - [MESSAGE][INFO] - To learn more about Self-healing, please read https://docs.katalon.com/katalon-studio/docs/self-healing.html

19-01-2024T11:20:02 - [MESSAGE][INFO] - ==============================================================

19-01-2024T11:20:02 - [MESSAGE][PASSED] - Call Test Case 'Test Cases/Offline PSSI Dashboard Function/Create BE Account Management/View Account Management/PSSIViewAccountManagement' successfully

19-01-2024T11:20:02 - [TEST_STEP][PASSED] - navigateToUrl(baseUrl + "/accounts/create", failureHandling): Navigate to 'https://monitoring.pssi-dev.kecilin.id/accounts/create' successfully

19-01-2024T11:20:02 - [MESSAGE][PASSED] - Navigate to 'https://monitoring.pssi-dev.kecilin.id/accounts/create' successfully

19-01-2024T11:20:02 - [TEST_STEP][PASSED] - verifyElementClickable(findTestObject("Page_Create Account/Name Field")): Object 'Object Repository/Page_Create Account/Name Field' is clickable

19-01-2024T11:20:03 - [MESSAGE][PASSED] - Object 'Object Repository/Page_Create Account/Name Field' is clickable

19-01-2024T11:20:03 - [TEST_STEP][PASSED] - setText(findTestObject("Page_Create Account/Name Field"), "eheheheheheh"): Text 'eheheheheheh' is set on object 'Object Repository/Page_Create Account/Name Field'

19-01-2024T11:20:03 - [MESSAGE][PASSED] - Text 'eheheheheheh' is set on object 'Object Repository/Page_Create Account/Name Field'

19-01-2024T11:20:03 - [TEST_STEP][PASSED] - verifyElementClickable(findTestObject("Page_Create Account/Email Field")): Object 'Object Repository/Page_Create Account/Email Field' is clickable

19-01-2024T11:20:04 - [MESSAGE][PASSED] - Object 'Object Repository/Page_Create Account/Email Field' is clickable

19-01-2024T11:20:04 - [TEST_STEP][PASSED] - setText(findTestObject("Page_Create Account/Email Field"), "superadmin@app.com"): Text 'superadmin@app.com' is set on object 'Object Repository/Page_Create Account/Email Field'

19-01-2024T11:20:05 - [MESSAGE][PASSED] - Text 'superadmin@app.com' is set on object 'Object Repository/Page_Create Account/Email Field'

19-01-2024T11:20:05 - [TEST_STEP][PASSED] - verifyElementClickable(findTestObject("Page_Create Account/Password Field")): Object 'Object Repository/Page_Create Account/Password Field' is clickable

19-01-2024T11:20:05 - [MESSAGE][PASSED] - Object 'Object Repository/Page_Create Account/Password Field' is clickable

19-01-2024T11:20:05 - [TEST_STEP][PASSED] - setText(findTestObject("Page_Create Account/Password Field"), "Password"): Text 'Password' is set on object 'Object Repository/Page_Create Account/Password Field'

19-01-2024T11:20:06 - [MESSAGE][PASSED] - Text 'Password' is set on object 'Object Repository/Page_Create Account/Password Field'

19-01-2024T11:20:06 - [TEST_STEP][PASSED] - verifyElementClickable(findTestObject("Page_Create Account/Role Selection")): Object 'Object Repository/Page_Create Account/Role Selection' is clickable

19-01-2024T11:20:06 - [MESSAGE][PASSED] - Object 'Object Repository/Page_Create Account/Role Selection' is clickable

19-01-2024T11:20:06 - [TEST_STEP][PASSED] - selectOptionByValue(findTestObject("Page_Create Account/Role Selection"), "Admin", true): All options with value 'Admin' are selected in object 'Object Repository/Page_Create Account/Role Selection'  using regular expression

19-01-2024T11:20:07 - [MESSAGE][PASSED] - All options with value 'Admin' are selected in object 'Object Repository/Page_Create Account/Role Selection'  using regular expression

19-01-2024T11:20:07 - [TEST_STEP][PASSED] - verifyElementClickable(findTestObject("Page_Create Account/Image Field")): Object 'Object Repository/Page_Create Account/Image Field' is clickable

19-01-2024T11:20:07 - [MESSAGE][PASSED] - Object 'Object Repository/Page_Create Account/Image Field' is clickable

19-01-2024T11:20:07 - [TEST_STEP][PASSED] - uploadFile(findTestObject("Page_Create Account/Image Field"), "C:\Users\USER\Downloads\unnamed (3).jpg"): File 'C:\Users\USER\Downloads\unnamed (3).jpg' sent to object: 'Object Repository/Page_Create Account/Image Field'

19-01-2024T11:20:08 - [MESSAGE][PASSED] - File 'C:\Users\USER\Downloads\unnamed (3).jpg' sent to object: 'Object Repository/Page_Create Account/Image Field'

19-01-2024T11:20:08 - [TEST_STEP][PASSED] - verifyElementClickable(findTestObject("Page_Create Account/Save Button")): Object 'Object Repository/Page_Create Account/Save Button' is clickable

19-01-2024T11:20:08 - [MESSAGE][PASSED] - Object 'Object Repository/Page_Create Account/Save Button' is clickable

19-01-2024T11:20:08 - [TEST_STEP][PASSED] - click(findTestObject("Page_Create Account/Save Button")): Object: 'Object Repository/Page_Create Account/Save Button' is clicked on

19-01-2024T11:20:09 - [MESSAGE][PASSED] - Object: 'Object Repository/Page_Create Account/Save Button' is clicked on

19-01-2024T11:20:09 - [TEST_STEP][PASSED] - verifyTextPresent("Create Account", false): Text 'Create Account' is present on page 

19-01-2024T11:20:10 - [MESSAGE][PASSED] - Text 'Create Account' is present on page 

19-01-2024T11:20:10 - [TEST_STEP][FAILED] - verifyTextPresent("duplicate", false): Unable to verify text 'duplicate' is present  (Root cause: com.kms.katalon.core.exception.StepFailedException: Unable to verify text 'duplicate' is present 
	at com.kms.katalon.core.webui.keyword.internal.WebUIKeywordMain.stepFailed(WebUIKeywordMain.groovy:64)
	at com.kms.katalon.core.webui.keyword.internal.WebUIKeywordMain.runKeyword(WebUIKeywordMain.groovy:26)
	at com.kms.katalon.core.webui.keyword.builtin.VerifyTextPresentKeyword.verifyTextPresent(VerifyTextPresentKeyword.groovy:83)
	at com.kms.katalon.core.webui.keyword.builtin.VerifyTextPresentKeyword.execute(VerifyTextPresentKeyword.groovy:68)
	at com.kms.katalon.core.keyword.internal.KeywordExecutor.executeKeywordForPlatform(KeywordExecutor.groovy:74)
	at com.kms.katalon.core.webui.keyword.WebUiBuiltInKeywords.verifyTextPresent(WebUiBuiltInKeywords.groovy:1762)
	at PSSIAddAccountDuplicateEmail.run(PSSIAddAccountDuplicateEmail:54)
	at com.kms.katalon.core.main.ScriptEngine.run(ScriptEngine.java:194)
	at com.kms.katalon.core.main.ScriptEngine.runScriptAsRawText(ScriptEngine.java:119)
	at com.kms.katalon.core.main.TestCaseExecutor.runScript(TestCaseExecutor.java:448)
	at com.kms.katalon.core.main.TestCaseExecutor.doExecute(TestCaseExecutor.java:439)
	at com.kms.katalon.core.main.TestCaseExecutor.processExecutionPhase(TestCaseExecutor.java:418)
	at com.kms.katalon.core.main.TestCaseExecutor.accessMainPhase(TestCaseExecutor.java:410)
	at com.kms.katalon.core.main.TestCaseExecutor.execute(TestCaseExecutor.java:285)
	at com.kms.katalon.core.main.TestCaseExecutor.execute(TestCaseExecutor.java:369)
	at com.kms.katalon.core.main.TestCaseExecutor.execute(TestCaseExecutor.java:369)
	at com.kms.katalon.core.main.TestCaseExecutor.execute(TestCaseExecutor.java:369)
	at com.kms.katalon.core.common.CommonExecutor.accessTestCaseMainPhase(CommonExecutor.java:65)
	at com.kms.katalon.core.main.TestSuiteExecutor.accessTestSuiteMainPhase(TestSuiteExecutor.java:148)
	at com.kms.katalon.core.main.TestSuiteExecutor.execute(TestSuiteExecutor.java:106)
	at com.kms.katalon.core.main.TestCaseMain.startTestSuite(TestCaseMain.java:180)
	at TempTestSuite1705637907664.run(TempTestSuite1705637907664.groovy:36)
	at java.base/jdk.internal.reflect.NativeMethodAccessorImpl.invoke0(Native Method)
	at java.base/jdk.internal.reflect.NativeMethodAccessorImpl.invoke(NativeMethodAccessorImpl.java:77)
	at java.base/jdk.internal.reflect.DelegatingMethodAccessorImpl.invoke(DelegatingMethodAccessorImpl.java:43)
Caused by: com.kms.katalon.core.exception.StepFailedException: Text 'duplicate' is not present on page 
	at com.kms.katalon.core.webui.keyword.internal.WebUIKeywordMain.stepFailed(WebUIKeywordMain.groovy:64)
	at com.kms.katalon.core.webui.keyword.builtin.VerifyTextPresentKeyword$_verifyTextPresent_closure1.doCall(VerifyTextPresentKeyword.groovy:79)
	at com.kms.katalon.core.webui.keyword.builtin.VerifyTextPresentKeyword$_verifyTextPresent_closure1.call(VerifyTextPresentKeyword.groovy)
	at com.kms.katalon.core.webui.keyword.internal.WebUIKeywordMain.runKeyword(WebUIKeywordMain.groovy:20)
	... 23 more
)

19-01-2024T11:20:10 - [MESSAGE][FAILED] - Text 'duplicate' is not present on page  (Root cause: com.kms.katalon.core.exception.StepFailedException: Text 'duplicate' is not present on page 
	at com.kms.katalon.core.webui.keyword.internal.WebUIKeywordMain.stepFailed(WebUIKeywordMain.groovy:64)
	at com.kms.katalon.core.webui.keyword.builtin.VerifyTextPresentKeyword$_verifyTextPresent_closure1.doCall(VerifyTextPresentKeyword.groovy:79)
	at com.kms.katalon.core.webui.keyword.builtin.VerifyTextPresentKeyword$_verifyTextPresent_closure1.call(VerifyTextPresentKeyword.groovy)
	at com.kms.katalon.core.webui.keyword.internal.WebUIKeywordMain.runKeyword(WebUIKeywordMain.groovy:20)
	at com.kms.katalon.core.webui.keyword.builtin.VerifyTextPresentKeyword.verifyTextPresent(VerifyTextPresentKeyword.groovy:83)
	at com.kms.katalon.core.webui.keyword.builtin.VerifyTextPresentKeyword.execute(VerifyTextPresentKeyword.groovy:68)
	at com.kms.katalon.core.keyword.internal.KeywordExecutor.executeKeywordForPlatform(KeywordExecutor.groovy:74)
	at com.kms.katalon.core.webui.keyword.WebUiBuiltInKeywords.verifyTextPresent(WebUiBuiltInKeywords.groovy:1762)
	at PSSIAddAccountDuplicateEmail.run(PSSIAddAccountDuplicateEmail:54)
	at com.kms.katalon.core.main.ScriptEngine.run(ScriptEngine.java:194)
	at com.kms.katalon.core.main.ScriptEngine.runScriptAsRawText(ScriptEngine.java:119)
	at com.kms.katalon.core.main.TestCaseExecutor.runScript(TestCaseExecutor.java:448)
	at com.kms.katalon.core.main.TestCaseExecutor.doExecute(TestCaseExecutor.java:439)
	at com.kms.katalon.core.main.TestCaseExecutor.processExecutionPhase(TestCaseExecutor.java:418)
	at com.kms.katalon.core.main.TestCaseExecutor.accessMainPhase(TestCaseExecutor.java:410)
	at com.kms.katalon.core.main.TestCaseExecutor.execute(TestCaseExecutor.java:285)
	at com.kms.katalon.core.main.TestCaseExecutor.execute(TestCaseExecutor.java:369)
	at com.kms.katalon.core.main.TestCaseExecutor.execute(TestCaseExecutor.java:369)
	at com.kms.katalon.core.main.TestCaseExecutor.execute(TestCaseExecutor.java:369)
	at com.kms.katalon.core.common.CommonExecutor.accessTestCaseMainPhase(CommonExecutor.java:65)
	at com.kms.katalon.core.main.TestSuiteExecutor.accessTestSuiteMainPhase(TestSuiteExecutor.java:148)
	at com.kms.katalon.core.main.TestSuiteExecutor.execute(TestSuiteExecutor.java:106)
	at com.kms.katalon.core.main.TestCaseMain.startTestSuite(TestCaseMain.java:180)
	at TempTestSuite1705637907664.run(TempTestSuite1705637907664.groovy:36)
	at java.base/jdk.internal.reflect.NativeMethodAccessorImpl.invoke0(Native Method)
	at java.base/jdk.internal.reflect.NativeMethodAccessorImpl.invoke(NativeMethodAccessorImpl.java:77)
	at java.base/jdk.internal.reflect.DelegatingMethodAccessorImpl.invoke(DelegatingMethodAccessorImpl.java:43)
)

19-01-2024T11:20:10 - [MESSAGE][FAILED] - Unable to verify text 'duplicate' is present  (Root cause: com.kms.katalon.core.exception.StepFailedException: Unable to verify text 'duplicate' is present 
	at com.kms.katalon.core.webui.keyword.internal.WebUIKeywordMain.stepFailed(WebUIKeywordMain.groovy:64)
	at com.kms.katalon.core.webui.keyword.internal.WebUIKeywordMain.runKeyword(WebUIKeywordMain.groovy:26)
	at com.kms.katalon.core.webui.keyword.builtin.VerifyTextPresentKeyword.verifyTextPresent(VerifyTextPresentKeyword.groovy:83)
	at com.kms.katalon.core.webui.keyword.builtin.VerifyTextPresentKeyword.execute(VerifyTextPresentKeyword.groovy:68)
	at com.kms.katalon.core.keyword.internal.KeywordExecutor.executeKeywordForPlatform(KeywordExecutor.groovy:74)
	at com.kms.katalon.core.webui.keyword.WebUiBuiltInKeywords.verifyTextPresent(WebUiBuiltInKeywords.groovy:1762)
	at PSSIAddAccountDuplicateEmail.run(PSSIAddAccountDuplicateEmail:54)
	at com.kms.katalon.core.main.ScriptEngine.run(ScriptEngine.java:194)
	at com.kms.katalon.core.main.ScriptEngine.runScriptAsRawText(ScriptEngine.java:119)
	at com.kms.katalon.core.main.TestCaseExecutor.runScript(TestCaseExecutor.java:448)
	at com.kms.katalon.core.main.TestCaseExecutor.doExecute(TestCaseExecutor.java:439)
	at com.kms.katalon.core.main.TestCaseExecutor.processExecutionPhase(TestCaseExecutor.java:418)
	at com.kms.katalon.core.main.TestCaseExecutor.accessMainPhase(TestCaseExecutor.java:410)
	at com.kms.katalon.core.main.TestCaseExecutor.execute(TestCaseExecutor.java:285)
	at com.kms.katalon.core.main.TestCaseExecutor.execute(TestCaseExecutor.java:369)
	at com.kms.katalon.core.main.TestCaseExecutor.execute(TestCaseExecutor.java:369)
	at com.kms.katalon.core.main.TestCaseExecutor.execute(TestCaseExecutor.java:369)
	at com.kms.katalon.core.common.CommonExecutor.accessTestCaseMainPhase(CommonExecutor.java:65)
	at com.kms.katalon.core.main.TestSuiteExecutor.accessTestSuiteMainPhase(TestSuiteExecutor.java:148)
	at com.kms.katalon.core.main.TestSuiteExecutor.execute(TestSuiteExecutor.java:106)
	at com.kms.katalon.core.main.TestCaseMain.startTestSuite(TestCaseMain.java:180)
	at TempTestSuite1705637907664.run(TempTestSuite1705637907664.groovy:36)
	at java.base/jdk.internal.reflect.NativeMethodAccessorImpl.invoke0(Native Method)
	at java.base/jdk.internal.reflect.NativeMethodAccessorImpl.invoke(NativeMethodAccessorImpl.java:77)
	at java.base/jdk.internal.reflect.DelegatingMethodAccessorImpl.invoke(DelegatingMethodAccessorImpl.java:43)
Caused by: com.kms.katalon.core.exception.StepFailedException: Text 'duplicate' is not present on page 
	at com.kms.katalon.core.webui.keyword.internal.WebUIKeywordMain.stepFailed(WebUIKeywordMain.groovy:64)
	at com.kms.katalon.core.webui.keyword.builtin.VerifyTextPresentKeyword$_verifyTextPresent_closure1.doCall(VerifyTextPresentKeyword.groovy:79)
	at com.kms.katalon.core.webui.keyword.builtin.VerifyTextPresentKeyword$_verifyTextPresent_closure1.call(VerifyTextPresentKeyword.groovy)
	at com.kms.katalon.core.webui.keyword.internal.WebUIKeywordMain.runKeyword(WebUIKeywordMain.groovy:20)
	... 23 more
)
[[ATTACHMENT|C:\\Users\\USER\\git\\Kecilin-Automation-Test\\Reports\\20240119_111826\\Create BE Account Management\\Add Account Test Suite\\20240119_111827\\1705638010668.png]]]]></system-out>
         <system-err><![CDATA[19-01-2024T11:19:52 - [TEST_CASE][FAILED] - Test Cases/Offline PSSI Dashboard Function/Create BE Account Management/Add Account/Negative Test Case/PSSIAddAccountDuplicateEmail: Test Cases/Offline PSSI Dashboard Function/Create BE Account Management/Add Account/Negative Test Case/PSSIAddAccountDuplicateEmail FAILED.
Reason:
com.kms.katalon.core.exception.StepFailedException: Unable to verify text 'duplicate' is present 
	at com.kms.katalon.core.webui.keyword.internal.WebUIKeywordMain.stepFailed(WebUIKeywordMain.groovy:64)
	at com.kms.katalon.core.webui.keyword.internal.WebUIKeywordMain.runKeyword(WebUIKeywordMain.groovy:26)
	at com.kms.katalon.core.webui.keyword.builtin.VerifyTextPresentKeyword.verifyTextPresent(VerifyTextPresentKeyword.groovy:83)
	at com.kms.katalon.core.webui.keyword.builtin.VerifyTextPresentKeyword.execute(VerifyTextPresentKeyword.groovy:68)
	at com.kms.katalon.core.keyword.internal.KeywordExecutor.executeKeywordForPlatform(KeywordExecutor.groovy:74)
	at com.kms.katalon.core.webui.keyword.WebUiBuiltInKeywords.verifyTextPresent(WebUiBuiltInKeywords.groovy:1762)
	at PSSIAddAccountDuplicateEmail.run(PSSIAddAccountDuplicateEmail:54)
	at com.kms.katalon.core.main.ScriptEngine.run(ScriptEngine.java:194)
	at com.kms.katalon.core.main.ScriptEngine.runScriptAsRawText(ScriptEngine.java:119)
	at com.kms.katalon.core.main.TestCaseExecutor.runScript(TestCaseExecutor.java:448)
	at com.kms.katalon.core.main.TestCaseExecutor.doExecute(TestCaseExecutor.java:439)
	at com.kms.katalon.core.main.TestCaseExecutor.processExecutionPhase(TestCaseExecutor.java:418)
	at com.kms.katalon.core.main.TestCaseExecutor.accessMainPhase(TestCaseExecutor.java:410)
	at com.kms.katalon.core.main.TestCaseExecutor.execute(TestCaseExecutor.java:285)
	at com.kms.katalon.core.main.TestCaseExecutor.execute(TestCaseExecutor.java:369)
	at com.kms.katalon.core.main.TestCaseExecutor.execute(TestCaseExecutor.java:369)
	at com.kms.katalon.core.main.TestCaseExecutor.execute(TestCaseExecutor.java:369)
	at com.kms.katalon.core.common.CommonExecutor.accessTestCaseMainPhase(CommonExecutor.java:65)
	at com.kms.katalon.core.main.TestSuiteExecutor.accessTestSuiteMainPhase(TestSuiteExecutor.java:148)
	at com.kms.katalon.core.main.TestSuiteExecutor.execute(TestSuiteExecutor.java:106)
	at com.kms.katalon.core.main.TestCaseMain.startTestSuite(TestCaseMain.java:180)
	at TempTestSuite1705637907664.run(TempTestSuite1705637907664.groovy:36)
	at java.base/jdk.internal.reflect.NativeMethodAccessorImpl.invoke0(Native Method)
	at java.base/jdk.internal.reflect.NativeMethodAccessorImpl.invoke(NativeMethodAccessorImpl.java:77)
	at java.base/jdk.internal.reflect.DelegatingMethodAccessorImpl.invoke(DelegatingMethodAccessorImpl.java:43)
Caused by: com.kms.katalon.core.exception.StepFailedException: Text 'duplicate' is not present on page 
	at com.kms.katalon.core.webui.keyword.internal.WebUIKeywordMain.stepFailed(WebUIKeywordMain.groovy:64)
	at com.kms.katalon.core.webui.keyword.builtin.VerifyTextPresentKeyword$_verifyTextPresent_closure1.doCall(VerifyTextPresentKeyword.groovy:79)
	at com.kms.katalon.core.webui.keyword.builtin.VerifyTextPresentKeyword$_verifyTextPresent_closure1.call(VerifyTextPresentKeyword.groovy)
	at com.kms.katalon.core.webui.keyword.internal.WebUIKeywordMain.runKeyword(WebUIKeywordMain.groovy:20)
	... 23 more]]></system-err>
      </testcase>
      <testcase name="Test Cases/Offline PSSI Dashboard Function/Create BE Account Management/Add Account/Negative Test Case/PSSIAddAccountEmptyMandatoryField" time="23.248" classname="Test Cases/Offline PSSI Dashboard Function/Create BE Account Management/Add Account/Negative Test Case/PSSIAddAccountEmptyMandatoryField" status="FAILED">
         <failure type="FAILED" message="Test Cases/Offline PSSI Dashboard Function/Create BE Account Management/Add Account/Negative Test Case/PSSIAddAccountEmptyMandatoryField FAILED.&#xa;Reason:&#xa;com.kms.katalon.core.exception.StepFailedException: Unable to verify text 'Invalid value' is not present &#xa;	at com.kms.katalon.core.webui.keyword.internal.WebUIKeywordMain.stepFailed(WebUIKeywordMain.groovy:64)&#xa;	at com.kms.katalon.core.webui.keyword.internal.WebUIKeywordMain.runKeyword(WebUIKeywordMain.groovy:26)&#xa;	at com.kms.katalon.core.webui.keyword.builtin.VerifyTextNotPresentKeyword.verifyTextNotPresent(VerifyTextNotPresentKeyword.groovy:82)&#xa;	at com.kms.katalon.core.webui.keyword.builtin.VerifyTextNotPresentKeyword.execute(VerifyTextNotPresentKeyword.groovy:68)&#xa;	at com.kms.katalon.core.keyword.internal.KeywordExecutor.executeKeywordForPlatform(KeywordExecutor.groovy:74)&#xa;	at com.kms.katalon.core.webui.keyword.WebUiBuiltInKeywords.verifyTextNotPresent(WebUiBuiltInKeywords.groovy:1795)&#xa;	at PSSIAddAccountEmptyMandatoryField.run(PSSIAddAccountEmptyMandatoryField:50)&#xa;	at com.kms.katalon.core.main.ScriptEngine.run(ScriptEngine.java:194)&#xa;	at com.kms.katalon.core.main.ScriptEngine.runScriptAsRawText(ScriptEngine.java:119)&#xa;	at com.kms.katalon.core.main.TestCaseExecutor.runScript(TestCaseExecutor.java:448)&#xa;	at com.kms.katalon.core.main.TestCaseExecutor.doExecute(TestCaseExecutor.java:439)&#xa;	at com.kms.katalon.core.main.TestCaseExecutor.processExecutionPhase(TestCaseExecutor.java:418)&#xa;	at com.kms.katalon.core.main.TestCaseExecutor.accessMainPhase(TestCaseExecutor.java:410)&#xa;	at com.kms.katalon.core.main.TestCaseExecutor.execute(TestCaseExecutor.java:285)&#xa;	at com.kms.katalon.core.main.TestCaseExecutor.execute(TestCaseExecutor.java:369)&#xa;	at com.kms.katalon.core.main.TestCaseExecutor.execute(TestCaseExecutor.java:369)&#xa;	at com.kms.katalon.core.main.TestCaseExecutor.execute(TestCaseExecutor.java:369)&#xa;	at com.kms.katalon.core.common.CommonExecutor.accessTestCaseMainPhase(CommonExecutor.java:65)&#xa;	at com.kms.katalon.core.main.TestSuiteExecutor.accessTestSuiteMainPhase(TestSuiteExecutor.java:148)&#xa;	at com.kms.katalon.core.main.TestSuiteExecutor.execute(TestSuiteExecutor.java:106)&#xa;	at com.kms.katalon.core.main.TestCaseMain.startTestSuite(TestCaseMain.java:180)&#xa;	at TempTestSuite1705637907664.run(TempTestSuite1705637907664.groovy:36)&#xa;	at java.base/jdk.internal.reflect.NativeMethodAccessorImpl.invoke0(Native Method)&#xa;	at java.base/jdk.internal.reflect.NativeMethodAccessorImpl.invoke(NativeMethodAccessorImpl.java:77)&#xa;	at java.base/jdk.internal.reflect.DelegatingMethodAccessorImpl.invoke(DelegatingMethodAccessorImpl.java:43)&#xa;Caused by: com.kms.katalon.core.exception.StepFailedException: Text 'Invalid value' is present on page &#xa;	at com.kms.katalon.core.webui.keyword.internal.WebUIKeywordMain.stepFailed(WebUIKeywordMain.groovy:64)&#xa;	at com.kms.katalon.core.webui.keyword.builtin.VerifyTextNotPresentKeyword$_verifyTextNotPresent_closure1.doCall(VerifyTextNotPresentKeyword.groovy:77)&#xa;	at com.kms.katalon.core.webui.keyword.builtin.VerifyTextNotPresentKeyword$_verifyTextNotPresent_closure1.call(VerifyTextNotPresentKeyword.groovy)&#xa;	at com.kms.katalon.core.webui.keyword.internal.WebUIKeywordMain.runKeyword(WebUIKeywordMain.groovy:20)&#xa;	... 23 more&#xa;"/>
         <system-out><![CDATA[19-01-2024T11:20:53 - [TEST_CASE][FAILED] - Test Cases/Offline PSSI Dashboard Function/Create BE Account Management/Add Account/Negative Test Case/PSSIAddAccountEmptyMandatoryField: Test Cases/Offline PSSI Dashboard Function/Create BE Account Management/Add Account/Negative Test Case/PSSIAddAccountEmptyMandatoryField FAILED.
Reason:
com.kms.katalon.core.exception.StepFailedException: Unable to verify text 'Invalid value' is not present 
	at com.kms.katalon.core.webui.keyword.internal.WebUIKeywordMain.stepFailed(WebUIKeywordMain.groovy:64)
	at com.kms.katalon.core.webui.keyword.internal.WebUIKeywordMain.runKeyword(WebUIKeywordMain.groovy:26)
	at com.kms.katalon.core.webui.keyword.builtin.VerifyTextNotPresentKeyword.verifyTextNotPresent(VerifyTextNotPresentKeyword.groovy:82)
	at com.kms.katalon.core.webui.keyword.builtin.VerifyTextNotPresentKeyword.execute(VerifyTextNotPresentKeyword.groovy:68)
	at com.kms.katalon.core.keyword.internal.KeywordExecutor.executeKeywordForPlatform(KeywordExecutor.groovy:74)
	at com.kms.katalon.core.webui.keyword.WebUiBuiltInKeywords.verifyTextNotPresent(WebUiBuiltInKeywords.groovy:1795)
	at PSSIAddAccountEmptyMandatoryField.run(PSSIAddAccountEmptyMandatoryField:50)
	at com.kms.katalon.core.main.ScriptEngine.run(ScriptEngine.java:194)
	at com.kms.katalon.core.main.ScriptEngine.runScriptAsRawText(ScriptEngine.java:119)
	at com.kms.katalon.core.main.TestCaseExecutor.runScript(TestCaseExecutor.java:448)
	at com.kms.katalon.core.main.TestCaseExecutor.doExecute(TestCaseExecutor.java:439)
	at com.kms.katalon.core.main.TestCaseExecutor.processExecutionPhase(TestCaseExecutor.java:418)
	at com.kms.katalon.core.main.TestCaseExecutor.accessMainPhase(TestCaseExecutor.java:410)
	at com.kms.katalon.core.main.TestCaseExecutor.execute(TestCaseExecutor.java:285)
	at com.kms.katalon.core.main.TestCaseExecutor.execute(TestCaseExecutor.java:369)
	at com.kms.katalon.core.main.TestCaseExecutor.execute(TestCaseExecutor.java:369)
	at com.kms.katalon.core.main.TestCaseExecutor.execute(TestCaseExecutor.java:369)
	at com.kms.katalon.core.common.CommonExecutor.accessTestCaseMainPhase(CommonExecutor.java:65)
	at com.kms.katalon.core.main.TestSuiteExecutor.accessTestSuiteMainPhase(TestSuiteExecutor.java:148)
	at com.kms.katalon.core.main.TestSuiteExecutor.execute(TestSuiteExecutor.java:106)
	at com.kms.katalon.core.main.TestCaseMain.startTestSuite(TestCaseMain.java:180)
	at TempTestSuite1705637907664.run(TempTestSuite1705637907664.groovy:36)
	at java.base/jdk.internal.reflect.NativeMethodAccessorImpl.invoke0(Native Method)
	at java.base/jdk.internal.reflect.NativeMethodAccessorImpl.invoke(NativeMethodAccessorImpl.java:77)
	at java.base/jdk.internal.reflect.DelegatingMethodAccessorImpl.invoke(DelegatingMethodAccessorImpl.java:43)
Caused by: com.kms.katalon.core.exception.StepFailedException: Text 'Invalid value' is present on page 
	at com.kms.katalon.core.webui.keyword.internal.WebUIKeywordMain.stepFailed(WebUIKeywordMain.groovy:64)
	at com.kms.katalon.core.webui.keyword.builtin.VerifyTextNotPresentKeyword$_verifyTextNotPresent_closure1.doCall(VerifyTextNotPresentKeyword.groovy:77)
	at com.kms.katalon.core.webui.keyword.builtin.VerifyTextNotPresentKeyword$_verifyTextNotPresent_closure1.call(VerifyTextNotPresentKeyword.groovy)
	at com.kms.katalon.core.webui.keyword.internal.WebUIKeywordMain.runKeyword(WebUIKeywordMain.groovy:20)
	... 23 more


19-01-2024T11:20:53 - [TEST_STEP][PASSED] - failureHandling = STOP_ON_FAILURE: null

19-01-2024T11:20:53 - [TEST_STEP][PASSED] - baseUrl = offline_pssi_dashboard_url: null

19-01-2024T11:20:53 - [TEST_STEP][PASSED] - callTestCase(findTestCase("Offline PSSI Dashboard Function/Create BE Account Management/View Account Management/PSSIViewAccountManagement"), [:], failureHandling): Call Test Case 'Test Cases/Offline PSSI Dashboard Function/Create BE Account Management/View Account Management/PSSIViewAccountManagement' successfully

19-01-2024T11:20:53 - [TEST_CASE][PASSED] - Test Cases/Offline PSSI Dashboard Function/Create BE Account Management/View Account Management/PSSIViewAccountManagement: Test Cases/Offline PSSI Dashboard Function/Create BE Account Management/View Account Management/PSSIViewAccountManagement

19-01-2024T11:20:53 - [TEST_STEP][PASSED] - failureHandling = STOP_ON_FAILURE: null

19-01-2024T11:20:53 - [TEST_STEP][PASSED] - baseUrl = offline_pssi_dashboard_url: null

19-01-2024T11:20:53 - [TEST_STEP][PASSED] - callTestCase(findTestCase("Offline PSSI Dashboard Function/Sign In/PSSISignInValidData"), [:], failureHandling): Call Test Case 'Test Cases/Offline PSSI Dashboard Function/Sign In/PSSISignInValidData' successfully

19-01-2024T11:20:53 - [TEST_CASE][PASSED] - Test Cases/Offline PSSI Dashboard Function/Sign In/PSSISignInValidData: Test Cases/Offline PSSI Dashboard Function/Sign In/PSSISignInValidData

19-01-2024T11:20:53 - [TEST_STEP][PASSED] - failureHandling = STOP_ON_FAILURE: null

19-01-2024T11:20:53 - [TEST_STEP][PASSED] - baseUrl = offline_pssi_dashboard_url: null

19-01-2024T11:20:53 - [TEST_STEP][PASSED] - openBrowser(""): Browser is opened with url: ''

19-01-2024T11:20:53 - [MESSAGE][WARNING] - A browser is already opened. Closing browser and opening a new one

19-01-2024T11:20:53 - [MESSAGE][INFO] - Starting 'Chrome' driver

19-01-2024T11:20:53 - [MESSAGE][INFO] - User set preference: ['unhandledPromptBehaviour', 'ignore']

19-01-2024T11:20:53 - [MESSAGE][INFO] - User set preference: ['unexpectedAlertBehaviour', 'ignore']

19-01-2024T11:20:53 - [MESSAGE][INFO] - Action delay is set to 0 milliseconds

19-01-2024T11:20:54 - [MESSAGE][PASSED] - Browser is opened with url: ''

19-01-2024T11:20:54 - [TEST_STEP][PASSED] - navigateToUrl(baseUrl): Navigate to 'https://monitoring.pssi-dev.kecilin.id' successfully

19-01-2024T11:20:55 - [MESSAGE][PASSED] - Navigate to 'https://monitoring.pssi-dev.kecilin.id' successfully

19-01-2024T11:20:55 - [TEST_STEP][PASSED] - maximizeWindow(): Current window maximized

19-01-2024T11:20:56 - [MESSAGE][PASSED] - Current window maximized

19-01-2024T11:20:56 - [TEST_STEP][PASSED] - setText(findTestObject("Object Repository/Page_Login/input_email"), "superadmin@app.com"): Text 'superadmin@app.com' is set on object 'Object Repository/Page_Login/input_email'

19-01-2024T11:20:56 - [MESSAGE][PASSED] - Text 'superadmin@app.com' is set on object 'Object Repository/Page_Login/input_email'

19-01-2024T11:20:56 - [TEST_STEP][PASSED] - setEncryptedText(findTestObject("Object Repository/Page_Login/input_password"), "8SQVv/p9jVScEs4/2CZsLw=="): Text ****** has been set on object 'Object Repository/Page_Login/input_password'

19-01-2024T11:20:57 - [MESSAGE][PASSED] - Text ****** has been set on object 'Object Repository/Page_Login/input_password'

19-01-2024T11:20:57 - [TEST_STEP][PASSED] - click(findTestObject("Object Repository/Page_Login/button_Sign In")): Object: 'Object Repository/Page_Login/button_Sign In' is clicked on

19-01-2024T11:21:03 - [MESSAGE][PASSED] - Object: 'Object Repository/Page_Login/button_Sign In' is clicked on

19-01-2024T11:21:03 - [MESSAGE][PASSED] - Call Test Case 'Test Cases/Offline PSSI Dashboard Function/Sign In/PSSISignInValidData' successfully

19-01-2024T11:21:03 - [TEST_STEP][PASSED] - scrollToElement(findTestObject("Page_Dashboard/Account Management Sidebar"), 0): Scroll to object 'Object Repository/Page_Dashboard/Account Management Sidebar' successfully

19-01-2024T11:21:03 - [MESSAGE][WARNING] - Timeout '0' is invalid. Using default page load timeout: '1'

19-01-2024T11:21:05 - [MESSAGE][INFO] - Unable to find the element located by 'By.xpath: id("sidenav-collapse-main")/ul[@class="navbar-nav"]/li[@class="nav-item"]/a[@class="nav-link"][count(. | //a[@class = 'nav-link  ' and @href = '/accounts' and (text() = '
            
              
                
              
            
            Account Management
          ' or . = '
            
              
                
              
            
            Account Management
          ')]) = count(//a[@class = 'nav-link  ' and @href = '/accounts' and (text() = '
            
              
                
              
            
            Account Management
          ' or . = '
            
              
                
              
            
            Account Management
          ')])]'. Please recheck the objects properties to make sure the desired element is located. 

19-01-2024T11:21:05 - [MESSAGE][WARNING] - [SELF-HEALING] Failed to find element with id 'Object Repository/Page_Dashboard/Account Management Sidebar'. Try using Self-healing.

19-01-2024T11:21:05 - [MESSAGE][WARNING] - [SELF-HEALING] The current locator of test object 'Object Repository/Page_Dashboard/Account Management Sidebar' was broken. Propose an alternative one: '//div[@id='sidenav-collapse-main']/ul/li[12]/a'.

19-01-2024T11:21:05 - [MESSAGE][PASSED] - Scroll to object 'Object Repository/Page_Dashboard/Account Management Sidebar' successfully

19-01-2024T11:21:05 - [TEST_STEP][PASSED] - navigateToUrl(baseUrl + "/accounts", failureHandling): Navigate to 'https://monitoring.pssi-dev.kecilin.id/accounts' successfully

19-01-2024T11:21:06 - [MESSAGE][PASSED] - Navigate to 'https://monitoring.pssi-dev.kecilin.id/accounts' successfully

19-01-2024T11:21:06 - [MESSAGE][INFO] - 

19-01-2024T11:21:06 - [MESSAGE][INFO] - ===================== Self-healing Report ====================

19-01-2024T11:21:06 - [MESSAGE][INFO] - One of the failed test object locators has been recovered by Self-healing. Please refer to the Self-healing Insights tab for more details.

19-01-2024T11:21:06 - [MESSAGE][INFO] - To learn more about Self-healing, please read https://docs.katalon.com/katalon-studio/docs/self-healing.html

19-01-2024T11:21:06 - [MESSAGE][INFO] - ==============================================================

19-01-2024T11:21:06 - [MESSAGE][PASSED] - Call Test Case 'Test Cases/Offline PSSI Dashboard Function/Create BE Account Management/View Account Management/PSSIViewAccountManagement' successfully

19-01-2024T11:21:06 - [TEST_STEP][PASSED] - navigateToUrl(baseUrl + "/accounts/create", failureHandling): Navigate to 'https://monitoring.pssi-dev.kecilin.id/accounts/create' successfully

19-01-2024T11:21:07 - [MESSAGE][PASSED] - Navigate to 'https://monitoring.pssi-dev.kecilin.id/accounts/create' successfully

19-01-2024T11:21:07 - [TEST_STEP][PASSED] - verifyElementClickable(findTestObject("Page_Create Account/Image Field")): Object 'Object Repository/Page_Create Account/Image Field' is clickable

19-01-2024T11:21:07 - [MESSAGE][PASSED] - Object 'Object Repository/Page_Create Account/Image Field' is clickable

19-01-2024T11:21:07 - [TEST_STEP][PASSED] - uploadFile(findTestObject("Page_Create Account/Image Field"), "C:\Users\USER\Downloads\unnamed (3).jpg"): File 'C:\Users\USER\Downloads\unnamed (3).jpg' sent to object: 'Object Repository/Page_Create Account/Image Field'

19-01-2024T11:21:08 - [MESSAGE][PASSED] - File 'C:\Users\USER\Downloads\unnamed (3).jpg' sent to object: 'Object Repository/Page_Create Account/Image Field'

19-01-2024T11:21:08 - [TEST_STEP][PASSED] - verifyElementClickable(findTestObject("Page_Create Account/Save Button")): Object 'Object Repository/Page_Create Account/Save Button' is clickable

19-01-2024T11:21:08 - [MESSAGE][PASSED] - Object 'Object Repository/Page_Create Account/Save Button' is clickable

19-01-2024T11:21:08 - [TEST_STEP][PASSED] - click(findTestObject("Page_Create Account/Save Button")): Object: 'Object Repository/Page_Create Account/Save Button' is clicked on

19-01-2024T11:21:13 - [MESSAGE][PASSED] - Object: 'Object Repository/Page_Create Account/Save Button' is clicked on

19-01-2024T11:21:13 - [TEST_STEP][PASSED] - verifyTextPresent("Create Account", false): Text 'Create Account' is present on page 

19-01-2024T11:21:14 - [MESSAGE][PASSED] - Text 'Create Account' is present on page 

19-01-2024T11:21:14 - [TEST_STEP][PASSED] - verifyTextPresent("Field Name is required", false): Text 'Field Name is required' is present on page 

19-01-2024T11:21:14 - [MESSAGE][PASSED] - Text 'Field Name is required' is present on page 

19-01-2024T11:21:14 - [TEST_STEP][PASSED] - verifyTextPresent("Field Email is required", false): Text 'Field Email is required' is present on page 

19-01-2024T11:21:15 - [MESSAGE][PASSED] - Text 'Field Email is required' is present on page 

19-01-2024T11:21:15 - [TEST_STEP][PASSED] - verifyTextPresent("Field Password is required", false): Text 'Field Password is required' is present on page 

19-01-2024T11:21:15 - [MESSAGE][PASSED] - Text 'Field Password is required' is present on page 

19-01-2024T11:21:15 - [TEST_STEP][FAILED] - verifyTextNotPresent("Invalid value", false): Unable to verify text 'Invalid value' is not present  (Root cause: com.kms.katalon.core.exception.StepFailedException: Unable to verify text 'Invalid value' is not present 
	at com.kms.katalon.core.webui.keyword.internal.WebUIKeywordMain.stepFailed(WebUIKeywordMain.groovy:64)
	at com.kms.katalon.core.webui.keyword.internal.WebUIKeywordMain.runKeyword(WebUIKeywordMain.groovy:26)
	at com.kms.katalon.core.webui.keyword.builtin.VerifyTextNotPresentKeyword.verifyTextNotPresent(VerifyTextNotPresentKeyword.groovy:82)
	at com.kms.katalon.core.webui.keyword.builtin.VerifyTextNotPresentKeyword.execute(VerifyTextNotPresentKeyword.groovy:68)
	at com.kms.katalon.core.keyword.internal.KeywordExecutor.executeKeywordForPlatform(KeywordExecutor.groovy:74)
	at com.kms.katalon.core.webui.keyword.WebUiBuiltInKeywords.verifyTextNotPresent(WebUiBuiltInKeywords.groovy:1795)
	at PSSIAddAccountEmptyMandatoryField.run(PSSIAddAccountEmptyMandatoryField:50)
	at com.kms.katalon.core.main.ScriptEngine.run(ScriptEngine.java:194)
	at com.kms.katalon.core.main.ScriptEngine.runScriptAsRawText(ScriptEngine.java:119)
	at com.kms.katalon.core.main.TestCaseExecutor.runScript(TestCaseExecutor.java:448)
	at com.kms.katalon.core.main.TestCaseExecutor.doExecute(TestCaseExecutor.java:439)
	at com.kms.katalon.core.main.TestCaseExecutor.processExecutionPhase(TestCaseExecutor.java:418)
	at com.kms.katalon.core.main.TestCaseExecutor.accessMainPhase(TestCaseExecutor.java:410)
	at com.kms.katalon.core.main.TestCaseExecutor.execute(TestCaseExecutor.java:285)
	at com.kms.katalon.core.main.TestCaseExecutor.execute(TestCaseExecutor.java:369)
	at com.kms.katalon.core.main.TestCaseExecutor.execute(TestCaseExecutor.java:369)
	at com.kms.katalon.core.main.TestCaseExecutor.execute(TestCaseExecutor.java:369)
	at com.kms.katalon.core.common.CommonExecutor.accessTestCaseMainPhase(CommonExecutor.java:65)
	at com.kms.katalon.core.main.TestSuiteExecutor.accessTestSuiteMainPhase(TestSuiteExecutor.java:148)
	at com.kms.katalon.core.main.TestSuiteExecutor.execute(TestSuiteExecutor.java:106)
	at com.kms.katalon.core.main.TestCaseMain.startTestSuite(TestCaseMain.java:180)
	at TempTestSuite1705637907664.run(TempTestSuite1705637907664.groovy:36)
	at java.base/jdk.internal.reflect.NativeMethodAccessorImpl.invoke0(Native Method)
	at java.base/jdk.internal.reflect.NativeMethodAccessorImpl.invoke(NativeMethodAccessorImpl.java:77)
	at java.base/jdk.internal.reflect.DelegatingMethodAccessorImpl.invoke(DelegatingMethodAccessorImpl.java:43)
Caused by: com.kms.katalon.core.exception.StepFailedException: Text 'Invalid value' is present on page 
	at com.kms.katalon.core.webui.keyword.internal.WebUIKeywordMain.stepFailed(WebUIKeywordMain.groovy:64)
	at com.kms.katalon.core.webui.keyword.builtin.VerifyTextNotPresentKeyword$_verifyTextNotPresent_closure1.doCall(VerifyTextNotPresentKeyword.groovy:77)
	at com.kms.katalon.core.webui.keyword.builtin.VerifyTextNotPresentKeyword$_verifyTextNotPresent_closure1.call(VerifyTextNotPresentKeyword.groovy)
	at com.kms.katalon.core.webui.keyword.internal.WebUIKeywordMain.runKeyword(WebUIKeywordMain.groovy:20)
	... 23 more
)

19-01-2024T11:21:16 - [MESSAGE][FAILED] - Text 'Invalid value' is present on page  (Root cause: com.kms.katalon.core.exception.StepFailedException: Text 'Invalid value' is present on page 
	at com.kms.katalon.core.webui.keyword.internal.WebUIKeywordMain.stepFailed(WebUIKeywordMain.groovy:64)
	at com.kms.katalon.core.webui.keyword.builtin.VerifyTextNotPresentKeyword$_verifyTextNotPresent_closure1.doCall(VerifyTextNotPresentKeyword.groovy:77)
	at com.kms.katalon.core.webui.keyword.builtin.VerifyTextNotPresentKeyword$_verifyTextNotPresent_closure1.call(VerifyTextNotPresentKeyword.groovy)
	at com.kms.katalon.core.webui.keyword.internal.WebUIKeywordMain.runKeyword(WebUIKeywordMain.groovy:20)
	at com.kms.katalon.core.webui.keyword.builtin.VerifyTextNotPresentKeyword.verifyTextNotPresent(VerifyTextNotPresentKeyword.groovy:82)
	at com.kms.katalon.core.webui.keyword.builtin.VerifyTextNotPresentKeyword.execute(VerifyTextNotPresentKeyword.groovy:68)
	at com.kms.katalon.core.keyword.internal.KeywordExecutor.executeKeywordForPlatform(KeywordExecutor.groovy:74)
	at com.kms.katalon.core.webui.keyword.WebUiBuiltInKeywords.verifyTextNotPresent(WebUiBuiltInKeywords.groovy:1795)
	at PSSIAddAccountEmptyMandatoryField.run(PSSIAddAccountEmptyMandatoryField:50)
	at com.kms.katalon.core.main.ScriptEngine.run(ScriptEngine.java:194)
	at com.kms.katalon.core.main.ScriptEngine.runScriptAsRawText(ScriptEngine.java:119)
	at com.kms.katalon.core.main.TestCaseExecutor.runScript(TestCaseExecutor.java:448)
	at com.kms.katalon.core.main.TestCaseExecutor.doExecute(TestCaseExecutor.java:439)
	at com.kms.katalon.core.main.TestCaseExecutor.processExecutionPhase(TestCaseExecutor.java:418)
	at com.kms.katalon.core.main.TestCaseExecutor.accessMainPhase(TestCaseExecutor.java:410)
	at com.kms.katalon.core.main.TestCaseExecutor.execute(TestCaseExecutor.java:285)
	at com.kms.katalon.core.main.TestCaseExecutor.execute(TestCaseExecutor.java:369)
	at com.kms.katalon.core.main.TestCaseExecutor.execute(TestCaseExecutor.java:369)
	at com.kms.katalon.core.main.TestCaseExecutor.execute(TestCaseExecutor.java:369)
	at com.kms.katalon.core.common.CommonExecutor.accessTestCaseMainPhase(CommonExecutor.java:65)
	at com.kms.katalon.core.main.TestSuiteExecutor.accessTestSuiteMainPhase(TestSuiteExecutor.java:148)
	at com.kms.katalon.core.main.TestSuiteExecutor.execute(TestSuiteExecutor.java:106)
	at com.kms.katalon.core.main.TestCaseMain.startTestSuite(TestCaseMain.java:180)
	at TempTestSuite1705637907664.run(TempTestSuite1705637907664.groovy:36)
	at java.base/jdk.internal.reflect.NativeMethodAccessorImpl.invoke0(Native Method)
	at java.base/jdk.internal.reflect.NativeMethodAccessorImpl.invoke(NativeMethodAccessorImpl.java:77)
	at java.base/jdk.internal.reflect.DelegatingMethodAccessorImpl.invoke(DelegatingMethodAccessorImpl.java:43)
)

19-01-2024T11:21:16 - [MESSAGE][FAILED] - Unable to verify text 'Invalid value' is not present  (Root cause: com.kms.katalon.core.exception.StepFailedException: Unable to verify text 'Invalid value' is not present 
	at com.kms.katalon.core.webui.keyword.internal.WebUIKeywordMain.stepFailed(WebUIKeywordMain.groovy:64)
	at com.kms.katalon.core.webui.keyword.internal.WebUIKeywordMain.runKeyword(WebUIKeywordMain.groovy:26)
	at com.kms.katalon.core.webui.keyword.builtin.VerifyTextNotPresentKeyword.verifyTextNotPresent(VerifyTextNotPresentKeyword.groovy:82)
	at com.kms.katalon.core.webui.keyword.builtin.VerifyTextNotPresentKeyword.execute(VerifyTextNotPresentKeyword.groovy:68)
	at com.kms.katalon.core.keyword.internal.KeywordExecutor.executeKeywordForPlatform(KeywordExecutor.groovy:74)
	at com.kms.katalon.core.webui.keyword.WebUiBuiltInKeywords.verifyTextNotPresent(WebUiBuiltInKeywords.groovy:1795)
	at PSSIAddAccountEmptyMandatoryField.run(PSSIAddAccountEmptyMandatoryField:50)
	at com.kms.katalon.core.main.ScriptEngine.run(ScriptEngine.java:194)
	at com.kms.katalon.core.main.ScriptEngine.runScriptAsRawText(ScriptEngine.java:119)
	at com.kms.katalon.core.main.TestCaseExecutor.runScript(TestCaseExecutor.java:448)
	at com.kms.katalon.core.main.TestCaseExecutor.doExecute(TestCaseExecutor.java:439)
	at com.kms.katalon.core.main.TestCaseExecutor.processExecutionPhase(TestCaseExecutor.java:418)
	at com.kms.katalon.core.main.TestCaseExecutor.accessMainPhase(TestCaseExecutor.java:410)
	at com.kms.katalon.core.main.TestCaseExecutor.execute(TestCaseExecutor.java:285)
	at com.kms.katalon.core.main.TestCaseExecutor.execute(TestCaseExecutor.java:369)
	at com.kms.katalon.core.main.TestCaseExecutor.execute(TestCaseExecutor.java:369)
	at com.kms.katalon.core.main.TestCaseExecutor.execute(TestCaseExecutor.java:369)
	at com.kms.katalon.core.common.CommonExecutor.accessTestCaseMainPhase(CommonExecutor.java:65)
	at com.kms.katalon.core.main.TestSuiteExecutor.accessTestSuiteMainPhase(TestSuiteExecutor.java:148)
	at com.kms.katalon.core.main.TestSuiteExecutor.execute(TestSuiteExecutor.java:106)
	at com.kms.katalon.core.main.TestCaseMain.startTestSuite(TestCaseMain.java:180)
	at TempTestSuite1705637907664.run(TempTestSuite1705637907664.groovy:36)
	at java.base/jdk.internal.reflect.NativeMethodAccessorImpl.invoke0(Native Method)
	at java.base/jdk.internal.reflect.NativeMethodAccessorImpl.invoke(NativeMethodAccessorImpl.java:77)
	at java.base/jdk.internal.reflect.DelegatingMethodAccessorImpl.invoke(DelegatingMethodAccessorImpl.java:43)
Caused by: com.kms.katalon.core.exception.StepFailedException: Text 'Invalid value' is present on page 
	at com.kms.katalon.core.webui.keyword.internal.WebUIKeywordMain.stepFailed(WebUIKeywordMain.groovy:64)
	at com.kms.katalon.core.webui.keyword.builtin.VerifyTextNotPresentKeyword$_verifyTextNotPresent_closure1.doCall(VerifyTextNotPresentKeyword.groovy:77)
	at com.kms.katalon.core.webui.keyword.builtin.VerifyTextNotPresentKeyword$_verifyTextNotPresent_closure1.call(VerifyTextNotPresentKeyword.groovy)
	at com.kms.katalon.core.webui.keyword.internal.WebUIKeywordMain.runKeyword(WebUIKeywordMain.groovy:20)
	... 23 more
)
[[ATTACHMENT|C:\\Users\\USER\\git\\Kecilin-Automation-Test\\Reports\\20240119_111826\\Create BE Account Management\\Add Account Test Suite\\20240119_111827\\1705638076061.png]]]]></system-out>
         <system-err><![CDATA[19-01-2024T11:20:53 - [TEST_CASE][FAILED] - Test Cases/Offline PSSI Dashboard Function/Create BE Account Management/Add Account/Negative Test Case/PSSIAddAccountEmptyMandatoryField: Test Cases/Offline PSSI Dashboard Function/Create BE Account Management/Add Account/Negative Test Case/PSSIAddAccountEmptyMandatoryField FAILED.
Reason:
com.kms.katalon.core.exception.StepFailedException: Unable to verify text 'Invalid value' is not present 
	at com.kms.katalon.core.webui.keyword.internal.WebUIKeywordMain.stepFailed(WebUIKeywordMain.groovy:64)
	at com.kms.katalon.core.webui.keyword.internal.WebUIKeywordMain.runKeyword(WebUIKeywordMain.groovy:26)
	at com.kms.katalon.core.webui.keyword.builtin.VerifyTextNotPresentKeyword.verifyTextNotPresent(VerifyTextNotPresentKeyword.groovy:82)
	at com.kms.katalon.core.webui.keyword.builtin.VerifyTextNotPresentKeyword.execute(VerifyTextNotPresentKeyword.groovy:68)
	at com.kms.katalon.core.keyword.internal.KeywordExecutor.executeKeywordForPlatform(KeywordExecutor.groovy:74)
	at com.kms.katalon.core.webui.keyword.WebUiBuiltInKeywords.verifyTextNotPresent(WebUiBuiltInKeywords.groovy:1795)
	at PSSIAddAccountEmptyMandatoryField.run(PSSIAddAccountEmptyMandatoryField:50)
	at com.kms.katalon.core.main.ScriptEngine.run(ScriptEngine.java:194)
	at com.kms.katalon.core.main.ScriptEngine.runScriptAsRawText(ScriptEngine.java:119)
	at com.kms.katalon.core.main.TestCaseExecutor.runScript(TestCaseExecutor.java:448)
	at com.kms.katalon.core.main.TestCaseExecutor.doExecute(TestCaseExecutor.java:439)
	at com.kms.katalon.core.main.TestCaseExecutor.processExecutionPhase(TestCaseExecutor.java:418)
	at com.kms.katalon.core.main.TestCaseExecutor.accessMainPhase(TestCaseExecutor.java:410)
	at com.kms.katalon.core.main.TestCaseExecutor.execute(TestCaseExecutor.java:285)
	at com.kms.katalon.core.main.TestCaseExecutor.execute(TestCaseExecutor.java:369)
	at com.kms.katalon.core.main.TestCaseExecutor.execute(TestCaseExecutor.java:369)
	at com.kms.katalon.core.main.TestCaseExecutor.execute(TestCaseExecutor.java:369)
	at com.kms.katalon.core.common.CommonExecutor.accessTestCaseMainPhase(CommonExecutor.java:65)
	at com.kms.katalon.core.main.TestSuiteExecutor.accessTestSuiteMainPhase(TestSuiteExecutor.java:148)
	at com.kms.katalon.core.main.TestSuiteExecutor.execute(TestSuiteExecutor.java:106)
	at com.kms.katalon.core.main.TestCaseMain.startTestSuite(TestCaseMain.java:180)
	at TempTestSuite1705637907664.run(TempTestSuite1705637907664.groovy:36)
	at java.base/jdk.internal.reflect.NativeMethodAccessorImpl.invoke0(Native Method)
	at java.base/jdk.internal.reflect.NativeMethodAccessorImpl.invoke(NativeMethodAccessorImpl.java:77)
	at java.base/jdk.internal.reflect.DelegatingMethodAccessorImpl.invoke(DelegatingMethodAccessorImpl.java:43)
Caused by: com.kms.katalon.core.exception.StepFailedException: Text 'Invalid value' is present on page 
	at com.kms.katalon.core.webui.keyword.internal.WebUIKeywordMain.stepFailed(WebUIKeywordMain.groovy:64)
	at com.kms.katalon.core.webui.keyword.builtin.VerifyTextNotPresentKeyword$_verifyTextNotPresent_closure1.doCall(VerifyTextNotPresentKeyword.groovy:77)
	at com.kms.katalon.core.webui.keyword.builtin.VerifyTextNotPresentKeyword$_verifyTextNotPresent_closure1.call(VerifyTextNotPresentKeyword.groovy)
	at com.kms.katalon.core.webui.keyword.internal.WebUIKeywordMain.runKeyword(WebUIKeywordMain.groovy:20)
	... 23 more]]></system-err>
      </testcase>
      <testcase name="Test Cases/Offline PSSI Dashboard Function/Create BE Account Management/Add Account/Negative Test Case/PSSIAddAccountExceedMaxChar" time="46.693" classname="Test Cases/Offline PSSI Dashboard Function/Create BE Account Management/Add Account/Negative Test Case/PSSIAddAccountExceedMaxChar" status="FAILED">
         <failure type="FAILED" message="Test Cases/Offline PSSI Dashboard Function/Create BE Account Management/Add Account/Negative Test Case/PSSIAddAccountExceedMaxChar FAILED.&#xa;Reason:&#xa;com.kms.katalon.core.exception.StepFailedException: Unable to verify text 'Invalid value' is present &#xa;	at com.kms.katalon.core.webui.keyword.internal.WebUIKeywordMain.stepFailed(WebUIKeywordMain.groovy:64)&#xa;	at com.kms.katalon.core.webui.keyword.internal.WebUIKeywordMain.runKeyword(WebUIKeywordMain.groovy:26)&#xa;	at com.kms.katalon.core.webui.keyword.builtin.VerifyTextPresentKeyword.verifyTextPresent(VerifyTextPresentKeyword.groovy:83)&#xa;	at com.kms.katalon.core.webui.keyword.builtin.VerifyTextPresentKeyword.execute(VerifyTextPresentKeyword.groovy:68)&#xa;	at com.kms.katalon.core.keyword.internal.KeywordExecutor.executeKeywordForPlatform(KeywordExecutor.groovy:74)&#xa;	at com.kms.katalon.core.webui.keyword.WebUiBuiltInKeywords.verifyTextPresent(WebUiBuiltInKeywords.groovy:1762)&#xa;	at PSSIAddAccountExceedMaxChar.run(PSSIAddAccountExceedMaxChar:89)&#xa;	at com.kms.katalon.core.main.ScriptEngine.run(ScriptEngine.java:194)&#xa;	at com.kms.katalon.core.main.ScriptEngine.runScriptAsRawText(ScriptEngine.java:119)&#xa;	at com.kms.katalon.core.main.TestCaseExecutor.runScript(TestCaseExecutor.java:448)&#xa;	at com.kms.katalon.core.main.TestCaseExecutor.doExecute(TestCaseExecutor.java:439)&#xa;	at com.kms.katalon.core.main.TestCaseExecutor.processExecutionPhase(TestCaseExecutor.java:418)&#xa;	at com.kms.katalon.core.main.TestCaseExecutor.accessMainPhase(TestCaseExecutor.java:410)&#xa;	at com.kms.katalon.core.main.TestCaseExecutor.execute(TestCaseExecutor.java:285)&#xa;	at com.kms.katalon.core.main.TestCaseExecutor.execute(TestCaseExecutor.java:369)&#xa;	at com.kms.katalon.core.main.TestCaseExecutor.execute(TestCaseExecutor.java:369)&#xa;	at com.kms.katalon.core.main.TestCaseExecutor.execute(TestCaseExecutor.java:369)&#xa;	at com.kms.katalon.core.common.CommonExecutor.accessTestCaseMainPhase(CommonExecutor.java:65)&#xa;	at com.kms.katalon.core.main.TestSuiteExecutor.accessTestSuiteMainPhase(TestSuiteExecutor.java:148)&#xa;	at com.kms.katalon.core.main.TestSuiteExecutor.execute(TestSuiteExecutor.java:106)&#xa;	at com.kms.katalon.core.main.TestCaseMain.startTestSuite(TestCaseMain.java:180)&#xa;	at TempTestSuite1705637907664.run(TempTestSuite1705637907664.groovy:36)&#xa;	at java.base/jdk.internal.reflect.NativeMethodAccessorImpl.invoke0(Native Method)&#xa;	at java.base/jdk.internal.reflect.NativeMethodAccessorImpl.invoke(NativeMethodAccessorImpl.java:77)&#xa;	at java.base/jdk.internal.reflect.DelegatingMethodAccessorImpl.invoke(DelegatingMethodAccessorImpl.java:43)&#xa;Caused by: com.kms.katalon.core.exception.StepFailedException: Text 'Invalid value' is not present on page &#xa;	at com.kms.katalon.core.webui.keyword.internal.WebUIKeywordMain.stepFailed(WebUIKeywordMain.groovy:64)&#xa;	at com.kms.katalon.core.webui.keyword.builtin.VerifyTextPresentKeyword$_verifyTextPresent_closure1.doCall(VerifyTextPresentKeyword.groovy:79)&#xa;	at com.kms.katalon.core.webui.keyword.builtin.VerifyTextPresentKeyword$_verifyTextPresent_closure1.call(VerifyTextPresentKeyword.groovy)&#xa;	at com.kms.katalon.core.webui.keyword.internal.WebUIKeywordMain.runKeyword(WebUIKeywordMain.groovy:20)&#xa;	... 23 more&#xa;"/>
         <system-out><![CDATA[19-01-2024T11:23:37 - [TEST_CASE][FAILED] - Test Cases/Offline PSSI Dashboard Function/Create BE Account Management/Add Account/Negative Test Case/PSSIAddAccountExceedMaxChar: Test Cases/Offline PSSI Dashboard Function/Create BE Account Management/Add Account/Negative Test Case/PSSIAddAccountExceedMaxChar FAILED.
Reason:
com.kms.katalon.core.exception.StepFailedException: Unable to verify text 'Invalid value' is present 
	at com.kms.katalon.core.webui.keyword.internal.WebUIKeywordMain.stepFailed(WebUIKeywordMain.groovy:64)
	at com.kms.katalon.core.webui.keyword.internal.WebUIKeywordMain.runKeyword(WebUIKeywordMain.groovy:26)
	at com.kms.katalon.core.webui.keyword.builtin.VerifyTextPresentKeyword.verifyTextPresent(VerifyTextPresentKeyword.groovy:83)
	at com.kms.katalon.core.webui.keyword.builtin.VerifyTextPresentKeyword.execute(VerifyTextPresentKeyword.groovy:68)
	at com.kms.katalon.core.keyword.internal.KeywordExecutor.executeKeywordForPlatform(KeywordExecutor.groovy:74)
	at com.kms.katalon.core.webui.keyword.WebUiBuiltInKeywords.verifyTextPresent(WebUiBuiltInKeywords.groovy:1762)
	at PSSIAddAccountExceedMaxChar.run(PSSIAddAccountExceedMaxChar:89)
	at com.kms.katalon.core.main.ScriptEngine.run(ScriptEngine.java:194)
	at com.kms.katalon.core.main.ScriptEngine.runScriptAsRawText(ScriptEngine.java:119)
	at com.kms.katalon.core.main.TestCaseExecutor.runScript(TestCaseExecutor.java:448)
	at com.kms.katalon.core.main.TestCaseExecutor.doExecute(TestCaseExecutor.java:439)
	at com.kms.katalon.core.main.TestCaseExecutor.processExecutionPhase(TestCaseExecutor.java:418)
	at com.kms.katalon.core.main.TestCaseExecutor.accessMainPhase(TestCaseExecutor.java:410)
	at com.kms.katalon.core.main.TestCaseExecutor.execute(TestCaseExecutor.java:285)
	at com.kms.katalon.core.main.TestCaseExecutor.execute(TestCaseExecutor.java:369)
	at com.kms.katalon.core.main.TestCaseExecutor.execute(TestCaseExecutor.java:369)
	at com.kms.katalon.core.main.TestCaseExecutor.execute(TestCaseExecutor.java:369)
	at com.kms.katalon.core.common.CommonExecutor.accessTestCaseMainPhase(CommonExecutor.java:65)
	at com.kms.katalon.core.main.TestSuiteExecutor.accessTestSuiteMainPhase(TestSuiteExecutor.java:148)
	at com.kms.katalon.core.main.TestSuiteExecutor.execute(TestSuiteExecutor.java:106)
	at com.kms.katalon.core.main.TestCaseMain.startTestSuite(TestCaseMain.java:180)
	at TempTestSuite1705637907664.run(TempTestSuite1705637907664.groovy:36)
	at java.base/jdk.internal.reflect.NativeMethodAccessorImpl.invoke0(Native Method)
	at java.base/jdk.internal.reflect.NativeMethodAccessorImpl.invoke(NativeMethodAccessorImpl.java:77)
	at java.base/jdk.internal.reflect.DelegatingMethodAccessorImpl.invoke(DelegatingMethodAccessorImpl.java:43)
Caused by: com.kms.katalon.core.exception.StepFailedException: Text 'Invalid value' is not present on page 
	at com.kms.katalon.core.webui.keyword.internal.WebUIKeywordMain.stepFailed(WebUIKeywordMain.groovy:64)
	at com.kms.katalon.core.webui.keyword.builtin.VerifyTextPresentKeyword$_verifyTextPresent_closure1.doCall(VerifyTextPresentKeyword.groovy:79)
	at com.kms.katalon.core.webui.keyword.builtin.VerifyTextPresentKeyword$_verifyTextPresent_closure1.call(VerifyTextPresentKeyword.groovy)
	at com.kms.katalon.core.webui.keyword.internal.WebUIKeywordMain.runKeyword(WebUIKeywordMain.groovy:20)
	... 23 more


19-01-2024T11:23:37 - [TEST_STEP][PASSED] - failureHandling = STOP_ON_FAILURE: null

19-01-2024T11:23:37 - [TEST_STEP][PASSED] - baseUrl = offline_pssi_dashboard_url: null

19-01-2024T11:23:37 - [TEST_STEP][PASSED] - callTestCase(findTestCase("Offline PSSI Dashboard Function/Create BE Account Management/View Account Management/PSSIViewAccountManagement"), [:], failureHandling): Call Test Case 'Test Cases/Offline PSSI Dashboard Function/Create BE Account Management/View Account Management/PSSIViewAccountManagement' successfully

19-01-2024T11:23:37 - [TEST_CASE][PASSED] - Test Cases/Offline PSSI Dashboard Function/Create BE Account Management/View Account Management/PSSIViewAccountManagement: Test Cases/Offline PSSI Dashboard Function/Create BE Account Management/View Account Management/PSSIViewAccountManagement

19-01-2024T11:23:37 - [TEST_STEP][PASSED] - failureHandling = STOP_ON_FAILURE: null

19-01-2024T11:23:37 - [TEST_STEP][PASSED] - baseUrl = offline_pssi_dashboard_url: null

19-01-2024T11:23:37 - [TEST_STEP][PASSED] - callTestCase(findTestCase("Offline PSSI Dashboard Function/Sign In/PSSISignInValidData"), [:], failureHandling): Call Test Case 'Test Cases/Offline PSSI Dashboard Function/Sign In/PSSISignInValidData' successfully

19-01-2024T11:23:37 - [TEST_CASE][PASSED] - Test Cases/Offline PSSI Dashboard Function/Sign In/PSSISignInValidData: Test Cases/Offline PSSI Dashboard Function/Sign In/PSSISignInValidData

19-01-2024T11:23:37 - [TEST_STEP][PASSED] - failureHandling = STOP_ON_FAILURE: null

19-01-2024T11:23:37 - [TEST_STEP][PASSED] - baseUrl = offline_pssi_dashboard_url: null

19-01-2024T11:23:37 - [TEST_STEP][PASSED] - openBrowser(""): Browser is opened with url: ''

19-01-2024T11:23:37 - [MESSAGE][WARNING] - A browser is already opened. Closing browser and opening a new one

19-01-2024T11:23:37 - [MESSAGE][INFO] - Starting 'Chrome' driver

19-01-2024T11:23:37 - [MESSAGE][INFO] - User set preference: ['unhandledPromptBehaviour', 'ignore']

19-01-2024T11:23:37 - [MESSAGE][INFO] - User set preference: ['unexpectedAlertBehaviour', 'ignore']

19-01-2024T11:23:38 - [MESSAGE][INFO] - Action delay is set to 0 milliseconds

19-01-2024T11:23:39 - [MESSAGE][PASSED] - Browser is opened with url: ''

19-01-2024T11:23:39 - [TEST_STEP][PASSED] - navigateToUrl(baseUrl): Navigate to 'https://monitoring.pssi-dev.kecilin.id' successfully

19-01-2024T11:23:39 - [MESSAGE][PASSED] - Navigate to 'https://monitoring.pssi-dev.kecilin.id' successfully

19-01-2024T11:23:39 - [TEST_STEP][PASSED] - maximizeWindow(): Current window maximized

19-01-2024T11:23:40 - [MESSAGE][PASSED] - Current window maximized

19-01-2024T11:23:40 - [TEST_STEP][PASSED] - setText(findTestObject("Object Repository/Page_Login/input_email"), "superadmin@app.com"): Text 'superadmin@app.com' is set on object 'Object Repository/Page_Login/input_email'

19-01-2024T11:23:40 - [MESSAGE][PASSED] - Text 'superadmin@app.com' is set on object 'Object Repository/Page_Login/input_email'

19-01-2024T11:23:40 - [TEST_STEP][PASSED] - setEncryptedText(findTestObject("Object Repository/Page_Login/input_password"), "8SQVv/p9jVScEs4/2CZsLw=="): Text ****** has been set on object 'Object Repository/Page_Login/input_password'

19-01-2024T11:23:41 - [MESSAGE][PASSED] - Text ****** has been set on object 'Object Repository/Page_Login/input_password'

19-01-2024T11:23:41 - [TEST_STEP][PASSED] - click(findTestObject("Object Repository/Page_Login/button_Sign In")): Object: 'Object Repository/Page_Login/button_Sign In' is clicked on

19-01-2024T11:23:43 - [MESSAGE][PASSED] - Object: 'Object Repository/Page_Login/button_Sign In' is clicked on

19-01-2024T11:23:43 - [MESSAGE][PASSED] - Call Test Case 'Test Cases/Offline PSSI Dashboard Function/Sign In/PSSISignInValidData' successfully

19-01-2024T11:23:43 - [TEST_STEP][PASSED] - scrollToElement(findTestObject("Page_Dashboard/Account Management Sidebar"), 0): Scroll to object 'Object Repository/Page_Dashboard/Account Management Sidebar' successfully

19-01-2024T11:23:43 - [MESSAGE][WARNING] - Timeout '0' is invalid. Using default page load timeout: '1'

19-01-2024T11:23:45 - [MESSAGE][INFO] - Unable to find the element located by 'By.xpath: id("sidenav-collapse-main")/ul[@class="navbar-nav"]/li[@class="nav-item"]/a[@class="nav-link"][count(. | //a[@class = 'nav-link  ' and @href = '/accounts' and (text() = '
            
              
                
              
            
            Account Management
          ' or . = '
            
              
                
              
            
            Account Management
          ')]) = count(//a[@class = 'nav-link  ' and @href = '/accounts' and (text() = '
            
              
                
              
            
            Account Management
          ' or . = '
            
              
                
              
            
            Account Management
          ')])]'. Please recheck the objects properties to make sure the desired element is located. 

19-01-2024T11:23:45 - [MESSAGE][WARNING] - [SELF-HEALING] Failed to find element with id 'Object Repository/Page_Dashboard/Account Management Sidebar'. Try using Self-healing.

19-01-2024T11:23:45 - [MESSAGE][WARNING] - [SELF-HEALING] The current locator of test object 'Object Repository/Page_Dashboard/Account Management Sidebar' was broken. Propose an alternative one: '//div[@id='sidenav-collapse-main']/ul/li[12]/a'.

19-01-2024T11:23:45 - [MESSAGE][PASSED] - Scroll to object 'Object Repository/Page_Dashboard/Account Management Sidebar' successfully

19-01-2024T11:23:45 - [TEST_STEP][PASSED] - navigateToUrl(baseUrl + "/accounts", failureHandling): Navigate to 'https://monitoring.pssi-dev.kecilin.id/accounts' successfully

19-01-2024T11:23:46 - [MESSAGE][PASSED] - Navigate to 'https://monitoring.pssi-dev.kecilin.id/accounts' successfully

19-01-2024T11:23:46 - [MESSAGE][INFO] - 

19-01-2024T11:23:46 - [MESSAGE][INFO] - ===================== Self-healing Report ====================

19-01-2024T11:23:46 - [MESSAGE][INFO] - One of the failed test object locators has been recovered by Self-healing. Please refer to the Self-healing Insights tab for more details.

19-01-2024T11:23:46 - [MESSAGE][INFO] - To learn more about Self-healing, please read https://docs.katalon.com/katalon-studio/docs/self-healing.html

19-01-2024T11:23:46 - [MESSAGE][INFO] - ==============================================================

19-01-2024T11:23:46 - [MESSAGE][PASSED] - Call Test Case 'Test Cases/Offline PSSI Dashboard Function/Create BE Account Management/View Account Management/PSSIViewAccountManagement' successfully

19-01-2024T11:23:46 - [TEST_STEP][PASSED] - navigateToUrl(baseUrl + "/accounts/create", failureHandling): Navigate to 'https://monitoring.pssi-dev.kecilin.id/accounts/create' successfully

19-01-2024T11:23:46 - [MESSAGE][PASSED] - Navigate to 'https://monitoring.pssi-dev.kecilin.id/accounts/create' successfully

19-01-2024T11:23:46 - [TEST_STEP][PASSED] - verifyElementClickable(findTestObject("Page_Create Account/Name Field")): Object 'Object Repository/Page_Create Account/Name Field' is clickable

19-01-2024T11:23:47 - [MESSAGE][PASSED] - Object 'Object Repository/Page_Create Account/Name Field' is clickable

19-01-2024T11:23:47 - [TEST_STEP][PASSED] - setText(findTestObject("Page_Create Account/Name Field"), "superadmin brisuperadmin brisuperadmin brisuperadmin brisuperadmin brisuperadmin brisuperadmin brisuperadmin brisuperadmin brisuperadmin brisuperadmin brisuperadmin brisuperadmin brisuperadmin brisuperadmin brisuperadmin brisuperadmin brisuperadmin brisiii"): Text 'superadmin brisuperadmin brisuperadmin brisuperadmin brisuperadmin brisuperadmin brisuperadmin brisuperadmin brisuperadmin brisuperadmin brisuperadmin brisuperadmin brisuperadmin brisuperadmin brisuperadmin brisuperadmin brisuperadmin brisuperadmin brisiii' is set on object 'Object Repository/Page_Create Account/Name Field'

19-01-2024T11:23:48 - [MESSAGE][PASSED] - Text 'superadmin brisuperadmin brisuperadmin brisuperadmin brisuperadmin brisuperadmin brisuperadmin brisuperadmin brisuperadmin brisuperadmin brisuperadmin brisuperadmin brisuperadmin brisuperadmin brisuperadmin brisuperadmin brisuperadmin brisuperadmin brisiii' is set on object 'Object Repository/Page_Create Account/Name Field'

19-01-2024T11:23:48 - [TEST_STEP][PASSED] - verifyElementClickable(findTestObject("Page_Create Account/Email Field")): Object 'Object Repository/Page_Create Account/Email Field' is clickable

19-01-2024T11:23:49 - [MESSAGE][PASSED] - Object 'Object Repository/Page_Create Account/Email Field' is clickable

19-01-2024T11:23:49 - [TEST_STEP][PASSED] - setText(findTestObject("Page_Create Account/Email Field"), "vieweruser@yopmail.com"): Text 'vieweruser@yopmail.com' is set on object 'Object Repository/Page_Create Account/Email Field'

19-01-2024T11:23:49 - [MESSAGE][PASSED] - Text 'vieweruser@yopmail.com' is set on object 'Object Repository/Page_Create Account/Email Field'

19-01-2024T11:23:49 - [TEST_STEP][PASSED] - verifyElementClickable(findTestObject("Page_Create Account/Password Field")): Object 'Object Repository/Page_Create Account/Password Field' is clickable

19-01-2024T11:23:50 - [MESSAGE][PASSED] - Object 'Object Repository/Page_Create Account/Password Field' is clickable

19-01-2024T11:23:50 - [TEST_STEP][PASSED] - setText(findTestObject("Page_Create Account/Password Field"), "Password"): Text 'Password' is set on object 'Object Repository/Page_Create Account/Password Field'

19-01-2024T11:23:50 - [MESSAGE][PASSED] - Text 'Password' is set on object 'Object Repository/Page_Create Account/Password Field'

19-01-2024T11:23:50 - [TEST_STEP][PASSED] - verifyElementClickable(findTestObject("Page_Create Account/Role Selection")): Object 'Object Repository/Page_Create Account/Role Selection' is clickable

19-01-2024T11:23:51 - [MESSAGE][PASSED] - Object 'Object Repository/Page_Create Account/Role Selection' is clickable

19-01-2024T11:23:51 - [TEST_STEP][PASSED] - selectOptionByValue(findTestObject("Page_Create Account/Role Selection"), "Admin", true): All options with value 'Admin' are selected in object 'Object Repository/Page_Create Account/Role Selection'  using regular expression

19-01-2024T11:23:52 - [MESSAGE][PASSED] - All options with value 'Admin' are selected in object 'Object Repository/Page_Create Account/Role Selection'  using regular expression

19-01-2024T11:23:52 - [TEST_STEP][PASSED] - verifyElementClickable(findTestObject("Page_Create Account/Save Button")): Object 'Object Repository/Page_Create Account/Save Button' is clickable

19-01-2024T11:23:52 - [MESSAGE][PASSED] - Object 'Object Repository/Page_Create Account/Save Button' is clickable

19-01-2024T11:23:52 - [TEST_STEP][PASSED] - click(findTestObject("Page_Create Account/Save Button")): Object: 'Object Repository/Page_Create Account/Save Button' is clicked on

19-01-2024T11:23:53 - [MESSAGE][PASSED] - Object: 'Object Repository/Page_Create Account/Save Button' is clicked on

19-01-2024T11:23:53 - [TEST_STEP][PASSED] - verifyTextPresent("Create Account", false): Text 'Create Account' is present on page 

19-01-2024T11:23:54 - [MESSAGE][PASSED] - Text 'Create Account' is present on page 

19-01-2024T11:23:54 - [TEST_STEP][PASSED] - verifyTextPresent("Invalid value", false): Text 'Invalid value' is present on page 

19-01-2024T11:23:54 - [MESSAGE][PASSED] - Text 'Invalid value' is present on page 

19-01-2024T11:23:54 - [TEST_STEP][PASSED] - verifyElementClickable(findTestObject("Page_Create Account/Name Field")): Object 'Object Repository/Page_Create Account/Name Field' is clickable

19-01-2024T11:23:56 - [MESSAGE][INFO] - Unable to find the element located by 'By.xpath: id("name")[count(. | //input[@type = 'text' and @class = 'form-control ' and @id = 'name' and @name = 'name' and @placeholder = 'Nama']) = count(//input[@type = 'text' and @class = 'form-control ' and @id = 'name' and @name = 'name' and @placeholder = 'Nama'])]'. Please recheck the objects properties to make sure the desired element is located. 

19-01-2024T11:23:56 - [MESSAGE][WARNING] - [SELF-HEALING] Failed to find element with id 'Object Repository/Page_Create Account/Name Field'. Try using Self-healing.

19-01-2024T11:23:57 - [MESSAGE][WARNING] - [SELF-HEALING] The current locator of test object 'Object Repository/Page_Create Account/Name Field' was broken. Propose an alternative one: '//input[@id='name']'.

19-01-2024T11:23:57 - [MESSAGE][PASSED] - Object 'Object Repository/Page_Create Account/Name Field' is clickable

19-01-2024T11:23:57 - [TEST_STEP][PASSED] - setText(findTestObject("Page_Create Account/Name Field"), "superadmin"): Text 'superadmin' is set on object 'Object Repository/Page_Create Account/Name Field'

19-01-2024T11:23:59 - [MESSAGE][INFO] - Unable to find the element located by 'By.xpath: id("name")[count(. | //input[@type = 'text' and @class = 'form-control ' and @id = 'name' and @name = 'name' and @placeholder = 'Nama']) = count(//input[@type = 'text' and @class = 'form-control ' and @id = 'name' and @name = 'name' and @placeholder = 'Nama'])]'. Please recheck the objects properties to make sure the desired element is located. 

19-01-2024T11:23:59 - [MESSAGE][WARNING] - [SELF-HEALING] Failed to find element with id 'Object Repository/Page_Create Account/Name Field'. Try using Self-healing.

19-01-2024T11:23:59 - [MESSAGE][WARNING] - [SELF-HEALING] The current locator of test object 'Object Repository/Page_Create Account/Name Field' was broken. Propose an alternative one: '//input[@id='name']'.

19-01-2024T11:24:02 - [MESSAGE][INFO] - Unable to find the element located by 'By.xpath: id("name")[count(. | //input[@type = 'text' and @class = 'form-control ' and @id = 'name' and @name = 'name' and @placeholder = 'Nama']) = count(//input[@type = 'text' and @class = 'form-control ' and @id = 'name' and @name = 'name' and @placeholder = 'Nama'])]'. Please recheck the objects properties to make sure the desired element is located. 

19-01-2024T11:24:02 - [MESSAGE][WARNING] - [SELF-HEALING] Failed to find element with id 'Object Repository/Page_Create Account/Name Field'. Try using Self-healing.

19-01-2024T11:24:02 - [MESSAGE][WARNING] - [SELF-HEALING] The current locator of test object 'Object Repository/Page_Create Account/Name Field' was broken. Propose an alternative one: '//input[@id='name']'.

19-01-2024T11:24:02 - [MESSAGE][PASSED] - Text 'superadmin' is set on object 'Object Repository/Page_Create Account/Name Field'

19-01-2024T11:24:02 - [TEST_STEP][PASSED] - verifyElementClickable(findTestObject("Page_Create Account/Email Field")): Object 'Object Repository/Page_Create Account/Email Field' is clickable

19-01-2024T11:24:02 - [MESSAGE][PASSED] - Object 'Object Repository/Page_Create Account/Email Field' is clickable

19-01-2024T11:24:02 - [TEST_STEP][PASSED] - setText(findTestObject("Page_Create Account/Email Field"), "superadminbrisuperadminbrisuperadminbrisuperadminbrisuperadminbrisuperadminbrisuperadminbrisuperadminbrisuperadminbrisuperadminbrisuperadminbrisuperadminbrisuperadminbrisuperadminbrisuperadminbrisuperadminbrisuperadminsahskljagsaslssssbrisuperadminaa@y.com"): Text 'superadminbrisuperadminbrisuperadminbrisuperadminbrisuperadminbrisuperadminbrisuperadminbrisuperadminbrisuperadminbrisuperadminbrisuperadminbrisuperadminbrisuperadminbrisuperadminbrisuperadminbrisuperadminbrisuperadminsahskljagsaslssssbrisuperadminaa@y.com' is set on object 'Object Repository/Page_Create Account/Email Field'

19-01-2024T11:24:03 - [MESSAGE][PASSED] - Text 'superadminbrisuperadminbrisuperadminbrisuperadminbrisuperadminbrisuperadminbrisuperadminbrisuperadminbrisuperadminbrisuperadminbrisuperadminbrisuperadminbrisuperadminbrisuperadminbrisuperadminbrisuperadminbrisuperadminsahskljagsaslssssbrisuperadminaa@y.com' is set on object 'Object Repository/Page_Create Account/Email Field'

19-01-2024T11:24:03 - [TEST_STEP][PASSED] - verifyElementClickable(findTestObject("Page_Create Account/Password Field")): Object 'Object Repository/Page_Create Account/Password Field' is clickable

19-01-2024T11:24:04 - [MESSAGE][PASSED] - Object 'Object Repository/Page_Create Account/Password Field' is clickable

19-01-2024T11:24:04 - [TEST_STEP][PASSED] - setText(findTestObject("Page_Create Account/Password Field"), "Password"): Text 'Password' is set on object 'Object Repository/Page_Create Account/Password Field'

19-01-2024T11:24:05 - [MESSAGE][PASSED] - Text 'Password' is set on object 'Object Repository/Page_Create Account/Password Field'

19-01-2024T11:24:05 - [TEST_STEP][PASSED] - verifyElementClickable(findTestObject("Page_Create Account/Role Selection")): Object 'Object Repository/Page_Create Account/Role Selection' is clickable

19-01-2024T11:24:05 - [MESSAGE][PASSED] - Object 'Object Repository/Page_Create Account/Role Selection' is clickable

19-01-2024T11:24:05 - [TEST_STEP][PASSED] - selectOptionByValue(findTestObject("Page_Create Account/Role Selection"), "Admin", true): All options with value 'Admin' are selected in object 'Object Repository/Page_Create Account/Role Selection'  using regular expression

19-01-2024T11:24:06 - [MESSAGE][PASSED] - All options with value 'Admin' are selected in object 'Object Repository/Page_Create Account/Role Selection'  using regular expression

19-01-2024T11:24:06 - [TEST_STEP][PASSED] - verifyElementClickable(findTestObject("Page_Create Account/Save Button")): Object 'Object Repository/Page_Create Account/Save Button' is clickable

19-01-2024T11:24:06 - [MESSAGE][PASSED] - Object 'Object Repository/Page_Create Account/Save Button' is clickable

19-01-2024T11:24:06 - [TEST_STEP][PASSED] - click(findTestObject("Page_Create Account/Save Button")): Object: 'Object Repository/Page_Create Account/Save Button' is clicked on

19-01-2024T11:24:07 - [MESSAGE][PASSED] - Object: 'Object Repository/Page_Create Account/Save Button' is clicked on

19-01-2024T11:24:07 - [TEST_STEP][PASSED] - verifyTextPresent("Create Account", false): Text 'Create Account' is present on page 

19-01-2024T11:24:08 - [MESSAGE][PASSED] - Text 'Create Account' is present on page 

19-01-2024T11:24:08 - [TEST_STEP][PASSED] - verifyTextPresent("Invalid value", false): Text 'Invalid value' is present on page 

19-01-2024T11:24:08 - [MESSAGE][PASSED] - Text 'Invalid value' is present on page 

19-01-2024T11:24:08 - [TEST_STEP][PASSED] - clearText(findTestObject("Page_Create Account/Password Field")): Text of object 'Object Repository/Page_Create Account/Password Field' is cleared

19-01-2024T11:24:08 - [MESSAGE][PASSED] - Text of object 'Object Repository/Page_Create Account/Password Field' is cleared

19-01-2024T11:24:08 - [TEST_STEP][PASSED] - verifyElementClickable(findTestObject("Page_Create Account/Email Field")): Object 'Object Repository/Page_Create Account/Email Field' is clickable

19-01-2024T11:24:10 - [MESSAGE][INFO] - Unable to find the element located by 'By.xpath: id("email")[count(. | //input[@type = 'email' and @class = 'form-control ' and @id = 'email' and @name = 'email' and @placeholder = 'Email']) = count(//input[@type = 'email' and @class = 'form-control ' and @id = 'email' and @name = 'email' and @placeholder = 'Email'])]'. Please recheck the objects properties to make sure the desired element is located. 

19-01-2024T11:24:10 - [MESSAGE][WARNING] - [SELF-HEALING] Failed to find element with id 'Object Repository/Page_Create Account/Email Field'. Try using Self-healing.

19-01-2024T11:24:11 - [MESSAGE][WARNING] - [SELF-HEALING] The current locator of test object 'Object Repository/Page_Create Account/Email Field' was broken. Propose an alternative one: '//input[@id='email']'.

19-01-2024T11:24:11 - [MESSAGE][PASSED] - Object 'Object Repository/Page_Create Account/Email Field' is clickable

19-01-2024T11:24:11 - [TEST_STEP][PASSED] - clearText(findTestObject("Page_Create Account/Email Field")): Text of object 'Object Repository/Page_Create Account/Email Field' is cleared

19-01-2024T11:24:13 - [MESSAGE][INFO] - Unable to find the element located by 'By.xpath: id("email")[count(. | //input[@type = 'email' and @class = 'form-control ' and @id = 'email' and @name = 'email' and @placeholder = 'Email']) = count(//input[@type = 'email' and @class = 'form-control ' and @id = 'email' and @name = 'email' and @placeholder = 'Email'])]'. Please recheck the objects properties to make sure the desired element is located. 

19-01-2024T11:24:13 - [MESSAGE][WARNING] - [SELF-HEALING] Failed to find element with id 'Object Repository/Page_Create Account/Email Field'. Try using Self-healing.

19-01-2024T11:24:13 - [MESSAGE][WARNING] - [SELF-HEALING] The current locator of test object 'Object Repository/Page_Create Account/Email Field' was broken. Propose an alternative one: '//input[@id='email']'.

19-01-2024T11:24:13 - [MESSAGE][PASSED] - Text of object 'Object Repository/Page_Create Account/Email Field' is cleared

19-01-2024T11:24:13 - [TEST_STEP][PASSED] - setText(findTestObject("Page_Create Account/Email Field"), "hagsjhgs@y.com"): Text 'hagsjhgs@y.com' is set on object 'Object Repository/Page_Create Account/Email Field'

19-01-2024T11:24:15 - [MESSAGE][INFO] - Unable to find the element located by 'By.xpath: id("email")[count(. | //input[@type = 'email' and @class = 'form-control ' and @id = 'email' and @name = 'email' and @placeholder = 'Email']) = count(//input[@type = 'email' and @class = 'form-control ' and @id = 'email' and @name = 'email' and @placeholder = 'Email'])]'. Please recheck the objects properties to make sure the desired element is located. 

19-01-2024T11:24:15 - [MESSAGE][WARNING] - [SELF-HEALING] Failed to find element with id 'Object Repository/Page_Create Account/Email Field'. Try using Self-healing.

19-01-2024T11:24:16 - [MESSAGE][WARNING] - [SELF-HEALING] The current locator of test object 'Object Repository/Page_Create Account/Email Field' was broken. Propose an alternative one: '//input[@id='email']'.

19-01-2024T11:24:18 - [MESSAGE][INFO] - Unable to find the element located by 'By.xpath: id("email")[count(. | //input[@type = 'email' and @class = 'form-control ' and @id = 'email' and @name = 'email' and @placeholder = 'Email']) = count(//input[@type = 'email' and @class = 'form-control ' and @id = 'email' and @name = 'email' and @placeholder = 'Email'])]'. Please recheck the objects properties to make sure the desired element is located. 

19-01-2024T11:24:18 - [MESSAGE][WARNING] - [SELF-HEALING] Failed to find element with id 'Object Repository/Page_Create Account/Email Field'. Try using Self-healing.

19-01-2024T11:24:18 - [MESSAGE][WARNING] - [SELF-HEALING] The current locator of test object 'Object Repository/Page_Create Account/Email Field' was broken. Propose an alternative one: '//input[@id='email']'.

19-01-2024T11:24:18 - [MESSAGE][PASSED] - Text 'hagsjhgs@y.com' is set on object 'Object Repository/Page_Create Account/Email Field'

19-01-2024T11:24:18 - [TEST_STEP][PASSED] - verifyElementClickable(findTestObject("Page_Create Account/Password Field")): Object 'Object Repository/Page_Create Account/Password Field' is clickable

19-01-2024T11:24:19 - [MESSAGE][PASSED] - Object 'Object Repository/Page_Create Account/Password Field' is clickable

19-01-2024T11:24:19 - [TEST_STEP][PASSED] - setText(findTestObject("Page_Create Account/Password Field"), "superadminbrisuperadminbrisuperadminbrisuperadminbrisuperadminbrisuperadminbrisuperadminbrisuperadminbrisuperadminbrisuperadminbrisuperadminbrisuperadminbrisuperadminbrisuperadminbrisuperadminbrisuperadminbrisuperadminsahskljagsaslssssbrisuperadminaa@y.com"): Text 'superadminbrisuperadminbrisuperadminbrisuperadminbrisuperadminbrisuperadminbrisuperadminbrisuperadminbrisuperadminbrisuperadminbrisuperadminbrisuperadminbrisuperadminbrisuperadminbrisuperadminbrisuperadminbrisuperadminsahskljagsaslssssbrisuperadminaa@y.com' is set on object 'Object Repository/Page_Create Account/Password Field'

19-01-2024T11:24:20 - [MESSAGE][PASSED] - Text 'superadminbrisuperadminbrisuperadminbrisuperadminbrisuperadminbrisuperadminbrisuperadminbrisuperadminbrisuperadminbrisuperadminbrisuperadminbrisuperadminbrisuperadminbrisuperadminbrisuperadminbrisuperadminbrisuperadminsahskljagsaslssssbrisuperadminaa@y.com' is set on object 'Object Repository/Page_Create Account/Password Field'

19-01-2024T11:24:20 - [TEST_STEP][PASSED] - verifyElementClickable(findTestObject("Page_Create Account/Role Selection")): Object 'Object Repository/Page_Create Account/Role Selection' is clickable

19-01-2024T11:24:20 - [MESSAGE][PASSED] - Object 'Object Repository/Page_Create Account/Role Selection' is clickable

19-01-2024T11:24:20 - [TEST_STEP][PASSED] - selectOptionByValue(findTestObject("Page_Create Account/Role Selection"), "Admin", true): All options with value 'Admin' are selected in object 'Object Repository/Page_Create Account/Role Selection'  using regular expression

19-01-2024T11:24:21 - [MESSAGE][PASSED] - All options with value 'Admin' are selected in object 'Object Repository/Page_Create Account/Role Selection'  using regular expression

19-01-2024T11:24:21 - [TEST_STEP][PASSED] - verifyElementClickable(findTestObject("Page_Create Account/Save Button")): Object 'Object Repository/Page_Create Account/Save Button' is clickable

19-01-2024T11:24:22 - [MESSAGE][PASSED] - Object 'Object Repository/Page_Create Account/Save Button' is clickable

19-01-2024T11:24:22 - [TEST_STEP][PASSED] - click(findTestObject("Page_Create Account/Save Button")): Object: 'Object Repository/Page_Create Account/Save Button' is clicked on

19-01-2024T11:24:22 - [MESSAGE][PASSED] - Object: 'Object Repository/Page_Create Account/Save Button' is clicked on

19-01-2024T11:24:22 - [TEST_STEP][PASSED] - verifyTextPresent("Create Account", false): Text 'Create Account' is present on page 

19-01-2024T11:24:23 - [MESSAGE][PASSED] - Text 'Create Account' is present on page 

19-01-2024T11:24:23 - [TEST_STEP][FAILED] - verifyTextPresent("Invalid value", false): Unable to verify text 'Invalid value' is present  (Root cause: com.kms.katalon.core.exception.StepFailedException: Unable to verify text 'Invalid value' is present 
	at com.kms.katalon.core.webui.keyword.internal.WebUIKeywordMain.stepFailed(WebUIKeywordMain.groovy:64)
	at com.kms.katalon.core.webui.keyword.internal.WebUIKeywordMain.runKeyword(WebUIKeywordMain.groovy:26)
	at com.kms.katalon.core.webui.keyword.builtin.VerifyTextPresentKeyword.verifyTextPresent(VerifyTextPresentKeyword.groovy:83)
	at com.kms.katalon.core.webui.keyword.builtin.VerifyTextPresentKeyword.execute(VerifyTextPresentKeyword.groovy:68)
	at com.kms.katalon.core.keyword.internal.KeywordExecutor.executeKeywordForPlatform(KeywordExecutor.groovy:74)
	at com.kms.katalon.core.webui.keyword.WebUiBuiltInKeywords.verifyTextPresent(WebUiBuiltInKeywords.groovy:1762)
	at PSSIAddAccountExceedMaxChar.run(PSSIAddAccountExceedMaxChar:89)
	at com.kms.katalon.core.main.ScriptEngine.run(ScriptEngine.java:194)
	at com.kms.katalon.core.main.ScriptEngine.runScriptAsRawText(ScriptEngine.java:119)
	at com.kms.katalon.core.main.TestCaseExecutor.runScript(TestCaseExecutor.java:448)
	at com.kms.katalon.core.main.TestCaseExecutor.doExecute(TestCaseExecutor.java:439)
	at com.kms.katalon.core.main.TestCaseExecutor.processExecutionPhase(TestCaseExecutor.java:418)
	at com.kms.katalon.core.main.TestCaseExecutor.accessMainPhase(TestCaseExecutor.java:410)
	at com.kms.katalon.core.main.TestCaseExecutor.execute(TestCaseExecutor.java:285)
	at com.kms.katalon.core.main.TestCaseExecutor.execute(TestCaseExecutor.java:369)
	at com.kms.katalon.core.main.TestCaseExecutor.execute(TestCaseExecutor.java:369)
	at com.kms.katalon.core.main.TestCaseExecutor.execute(TestCaseExecutor.java:369)
	at com.kms.katalon.core.common.CommonExecutor.accessTestCaseMainPhase(CommonExecutor.java:65)
	at com.kms.katalon.core.main.TestSuiteExecutor.accessTestSuiteMainPhase(TestSuiteExecutor.java:148)
	at com.kms.katalon.core.main.TestSuiteExecutor.execute(TestSuiteExecutor.java:106)
	at com.kms.katalon.core.main.TestCaseMain.startTestSuite(TestCaseMain.java:180)
	at TempTestSuite1705637907664.run(TempTestSuite1705637907664.groovy:36)
	at java.base/jdk.internal.reflect.NativeMethodAccessorImpl.invoke0(Native Method)
	at java.base/jdk.internal.reflect.NativeMethodAccessorImpl.invoke(NativeMethodAccessorImpl.java:77)
	at java.base/jdk.internal.reflect.DelegatingMethodAccessorImpl.invoke(DelegatingMethodAccessorImpl.java:43)
Caused by: com.kms.katalon.core.exception.StepFailedException: Text 'Invalid value' is not present on page 
	at com.kms.katalon.core.webui.keyword.internal.WebUIKeywordMain.stepFailed(WebUIKeywordMain.groovy:64)
	at com.kms.katalon.core.webui.keyword.builtin.VerifyTextPresentKeyword$_verifyTextPresent_closure1.doCall(VerifyTextPresentKeyword.groovy:79)
	at com.kms.katalon.core.webui.keyword.builtin.VerifyTextPresentKeyword$_verifyTextPresent_closure1.call(VerifyTextPresentKeyword.groovy)
	at com.kms.katalon.core.webui.keyword.internal.WebUIKeywordMain.runKeyword(WebUIKeywordMain.groovy:20)
	... 23 more
)

19-01-2024T11:24:23 - [MESSAGE][FAILED] - Text 'Invalid value' is not present on page  (Root cause: com.kms.katalon.core.exception.StepFailedException: Text 'Invalid value' is not present on page 
	at com.kms.katalon.core.webui.keyword.internal.WebUIKeywordMain.stepFailed(WebUIKeywordMain.groovy:64)
	at com.kms.katalon.core.webui.keyword.builtin.VerifyTextPresentKeyword$_verifyTextPresent_closure1.doCall(VerifyTextPresentKeyword.groovy:79)
	at com.kms.katalon.core.webui.keyword.builtin.VerifyTextPresentKeyword$_verifyTextPresent_closure1.call(VerifyTextPresentKeyword.groovy)
	at com.kms.katalon.core.webui.keyword.internal.WebUIKeywordMain.runKeyword(WebUIKeywordMain.groovy:20)
	at com.kms.katalon.core.webui.keyword.builtin.VerifyTextPresentKeyword.verifyTextPresent(VerifyTextPresentKeyword.groovy:83)
	at com.kms.katalon.core.webui.keyword.builtin.VerifyTextPresentKeyword.execute(VerifyTextPresentKeyword.groovy:68)
	at com.kms.katalon.core.keyword.internal.KeywordExecutor.executeKeywordForPlatform(KeywordExecutor.groovy:74)
	at com.kms.katalon.core.webui.keyword.WebUiBuiltInKeywords.verifyTextPresent(WebUiBuiltInKeywords.groovy:1762)
	at PSSIAddAccountExceedMaxChar.run(PSSIAddAccountExceedMaxChar:89)
	at com.kms.katalon.core.main.ScriptEngine.run(ScriptEngine.java:194)
	at com.kms.katalon.core.main.ScriptEngine.runScriptAsRawText(ScriptEngine.java:119)
	at com.kms.katalon.core.main.TestCaseExecutor.runScript(TestCaseExecutor.java:448)
	at com.kms.katalon.core.main.TestCaseExecutor.doExecute(TestCaseExecutor.java:439)
	at com.kms.katalon.core.main.TestCaseExecutor.processExecutionPhase(TestCaseExecutor.java:418)
	at com.kms.katalon.core.main.TestCaseExecutor.accessMainPhase(TestCaseExecutor.java:410)
	at com.kms.katalon.core.main.TestCaseExecutor.execute(TestCaseExecutor.java:285)
	at com.kms.katalon.core.main.TestCaseExecutor.execute(TestCaseExecutor.java:369)
	at com.kms.katalon.core.main.TestCaseExecutor.execute(TestCaseExecutor.java:369)
	at com.kms.katalon.core.main.TestCaseExecutor.execute(TestCaseExecutor.java:369)
	at com.kms.katalon.core.common.CommonExecutor.accessTestCaseMainPhase(CommonExecutor.java:65)
	at com.kms.katalon.core.main.TestSuiteExecutor.accessTestSuiteMainPhase(TestSuiteExecutor.java:148)
	at com.kms.katalon.core.main.TestSuiteExecutor.execute(TestSuiteExecutor.java:106)
	at com.kms.katalon.core.main.TestCaseMain.startTestSuite(TestCaseMain.java:180)
	at TempTestSuite1705637907664.run(TempTestSuite1705637907664.groovy:36)
	at java.base/jdk.internal.reflect.NativeMethodAccessorImpl.invoke0(Native Method)
	at java.base/jdk.internal.reflect.NativeMethodAccessorImpl.invoke(NativeMethodAccessorImpl.java:77)
	at java.base/jdk.internal.reflect.DelegatingMethodAccessorImpl.invoke(DelegatingMethodAccessorImpl.java:43)
)

19-01-2024T11:24:24 - [MESSAGE][FAILED] - Unable to verify text 'Invalid value' is present  (Root cause: com.kms.katalon.core.exception.StepFailedException: Unable to verify text 'Invalid value' is present 
	at com.kms.katalon.core.webui.keyword.internal.WebUIKeywordMain.stepFailed(WebUIKeywordMain.groovy:64)
	at com.kms.katalon.core.webui.keyword.internal.WebUIKeywordMain.runKeyword(WebUIKeywordMain.groovy:26)
	at com.kms.katalon.core.webui.keyword.builtin.VerifyTextPresentKeyword.verifyTextPresent(VerifyTextPresentKeyword.groovy:83)
	at com.kms.katalon.core.webui.keyword.builtin.VerifyTextPresentKeyword.execute(VerifyTextPresentKeyword.groovy:68)
	at com.kms.katalon.core.keyword.internal.KeywordExecutor.executeKeywordForPlatform(KeywordExecutor.groovy:74)
	at com.kms.katalon.core.webui.keyword.WebUiBuiltInKeywords.verifyTextPresent(WebUiBuiltInKeywords.groovy:1762)
	at PSSIAddAccountExceedMaxChar.run(PSSIAddAccountExceedMaxChar:89)
	at com.kms.katalon.core.main.ScriptEngine.run(ScriptEngine.java:194)
	at com.kms.katalon.core.main.ScriptEngine.runScriptAsRawText(ScriptEngine.java:119)
	at com.kms.katalon.core.main.TestCaseExecutor.runScript(TestCaseExecutor.java:448)
	at com.kms.katalon.core.main.TestCaseExecutor.doExecute(TestCaseExecutor.java:439)
	at com.kms.katalon.core.main.TestCaseExecutor.processExecutionPhase(TestCaseExecutor.java:418)
	at com.kms.katalon.core.main.TestCaseExecutor.accessMainPhase(TestCaseExecutor.java:410)
	at com.kms.katalon.core.main.TestCaseExecutor.execute(TestCaseExecutor.java:285)
	at com.kms.katalon.core.main.TestCaseExecutor.execute(TestCaseExecutor.java:369)
	at com.kms.katalon.core.main.TestCaseExecutor.execute(TestCaseExecutor.java:369)
	at com.kms.katalon.core.main.TestCaseExecutor.execute(TestCaseExecutor.java:369)
	at com.kms.katalon.core.common.CommonExecutor.accessTestCaseMainPhase(CommonExecutor.java:65)
	at com.kms.katalon.core.main.TestSuiteExecutor.accessTestSuiteMainPhase(TestSuiteExecutor.java:148)
	at com.kms.katalon.core.main.TestSuiteExecutor.execute(TestSuiteExecutor.java:106)
	at com.kms.katalon.core.main.TestCaseMain.startTestSuite(TestCaseMain.java:180)
	at TempTestSuite1705637907664.run(TempTestSuite1705637907664.groovy:36)
	at java.base/jdk.internal.reflect.NativeMethodAccessorImpl.invoke0(Native Method)
	at java.base/jdk.internal.reflect.NativeMethodAccessorImpl.invoke(NativeMethodAccessorImpl.java:77)
	at java.base/jdk.internal.reflect.DelegatingMethodAccessorImpl.invoke(DelegatingMethodAccessorImpl.java:43)
Caused by: com.kms.katalon.core.exception.StepFailedException: Text 'Invalid value' is not present on page 
	at com.kms.katalon.core.webui.keyword.internal.WebUIKeywordMain.stepFailed(WebUIKeywordMain.groovy:64)
	at com.kms.katalon.core.webui.keyword.builtin.VerifyTextPresentKeyword$_verifyTextPresent_closure1.doCall(VerifyTextPresentKeyword.groovy:79)
	at com.kms.katalon.core.webui.keyword.builtin.VerifyTextPresentKeyword$_verifyTextPresent_closure1.call(VerifyTextPresentKeyword.groovy)
	at com.kms.katalon.core.webui.keyword.internal.WebUIKeywordMain.runKeyword(WebUIKeywordMain.groovy:20)
	... 23 more
)
[[ATTACHMENT|C:\\Users\\USER\\git\\Kecilin-Automation-Test\\Reports\\20240119_111826\\Create BE Account Management\\Add Account Test Suite\\20240119_111827\\1705638263849.png]]]]></system-out>
         <system-err><![CDATA[19-01-2024T11:23:37 - [TEST_CASE][FAILED] - Test Cases/Offline PSSI Dashboard Function/Create BE Account Management/Add Account/Negative Test Case/PSSIAddAccountExceedMaxChar: Test Cases/Offline PSSI Dashboard Function/Create BE Account Management/Add Account/Negative Test Case/PSSIAddAccountExceedMaxChar FAILED.
Reason:
com.kms.katalon.core.exception.StepFailedException: Unable to verify text 'Invalid value' is present 
	at com.kms.katalon.core.webui.keyword.internal.WebUIKeywordMain.stepFailed(WebUIKeywordMain.groovy:64)
	at com.kms.katalon.core.webui.keyword.internal.WebUIKeywordMain.runKeyword(WebUIKeywordMain.groovy:26)
	at com.kms.katalon.core.webui.keyword.builtin.VerifyTextPresentKeyword.verifyTextPresent(VerifyTextPresentKeyword.groovy:83)
	at com.kms.katalon.core.webui.keyword.builtin.VerifyTextPresentKeyword.execute(VerifyTextPresentKeyword.groovy:68)
	at com.kms.katalon.core.keyword.internal.KeywordExecutor.executeKeywordForPlatform(KeywordExecutor.groovy:74)
	at com.kms.katalon.core.webui.keyword.WebUiBuiltInKeywords.verifyTextPresent(WebUiBuiltInKeywords.groovy:1762)
	at PSSIAddAccountExceedMaxChar.run(PSSIAddAccountExceedMaxChar:89)
	at com.kms.katalon.core.main.ScriptEngine.run(ScriptEngine.java:194)
	at com.kms.katalon.core.main.ScriptEngine.runScriptAsRawText(ScriptEngine.java:119)
	at com.kms.katalon.core.main.TestCaseExecutor.runScript(TestCaseExecutor.java:448)
	at com.kms.katalon.core.main.TestCaseExecutor.doExecute(TestCaseExecutor.java:439)
	at com.kms.katalon.core.main.TestCaseExecutor.processExecutionPhase(TestCaseExecutor.java:418)
	at com.kms.katalon.core.main.TestCaseExecutor.accessMainPhase(TestCaseExecutor.java:410)
	at com.kms.katalon.core.main.TestCaseExecutor.execute(TestCaseExecutor.java:285)
	at com.kms.katalon.core.main.TestCaseExecutor.execute(TestCaseExecutor.java:369)
	at com.kms.katalon.core.main.TestCaseExecutor.execute(TestCaseExecutor.java:369)
	at com.kms.katalon.core.main.TestCaseExecutor.execute(TestCaseExecutor.java:369)
	at com.kms.katalon.core.common.CommonExecutor.accessTestCaseMainPhase(CommonExecutor.java:65)
	at com.kms.katalon.core.main.TestSuiteExecutor.accessTestSuiteMainPhase(TestSuiteExecutor.java:148)
	at com.kms.katalon.core.main.TestSuiteExecutor.execute(TestSuiteExecutor.java:106)
	at com.kms.katalon.core.main.TestCaseMain.startTestSuite(TestCaseMain.java:180)
	at TempTestSuite1705637907664.run(TempTestSuite1705637907664.groovy:36)
	at java.base/jdk.internal.reflect.NativeMethodAccessorImpl.invoke0(Native Method)
	at java.base/jdk.internal.reflect.NativeMethodAccessorImpl.invoke(NativeMethodAccessorImpl.java:77)
	at java.base/jdk.internal.reflect.DelegatingMethodAccessorImpl.invoke(DelegatingMethodAccessorImpl.java:43)
Caused by: com.kms.katalon.core.exception.StepFailedException: Text 'Invalid value' is not present on page 
	at com.kms.katalon.core.webui.keyword.internal.WebUIKeywordMain.stepFailed(WebUIKeywordMain.groovy:64)
	at com.kms.katalon.core.webui.keyword.builtin.VerifyTextPresentKeyword$_verifyTextPresent_closure1.doCall(VerifyTextPresentKeyword.groovy:79)
	at com.kms.katalon.core.webui.keyword.builtin.VerifyTextPresentKeyword$_verifyTextPresent_closure1.call(VerifyTextPresentKeyword.groovy)
	at com.kms.katalon.core.webui.keyword.internal.WebUIKeywordMain.runKeyword(WebUIKeywordMain.groovy:20)
	... 23 more]]></system-err>
      </testcase>
      <testcase name="Test Cases/Offline PSSI Dashboard Function/Create BE Account Management/Add Account/Negative Test Case/PSSIAddAccountInvalidEmailFormat" time="12.863" classname="Test Cases/Offline PSSI Dashboard Function/Create BE Account Management/Add Account/Negative Test Case/PSSIAddAccountInvalidEmailFormat" status="PASSED">
         <system-out><![CDATA[19-01-2024T11:24:24 - [TEST_CASE][PASSED] - Test Cases/Offline PSSI Dashboard Function/Create BE Account Management/Add Account/Negative Test Case/PSSIAddAccountInvalidEmailFormat: Test Cases/Offline PSSI Dashboard Function/Create BE Account Management/Add Account/Negative Test Case/PSSIAddAccountInvalidEmailFormat

19-01-2024T11:24:24 - [TEST_STEP][PASSED] - failureHandling = STOP_ON_FAILURE: null

19-01-2024T11:24:24 - [TEST_STEP][PASSED] - baseUrl = offline_pssi_dashboard_url: null

19-01-2024T11:24:24 - [TEST_STEP][PASSED] - callTestCase(findTestCase("Offline PSSI Dashboard Function/Create BE Account Management/View Account Management/PSSIViewAccountManagement"), [:], failureHandling): Call Test Case 'Test Cases/Offline PSSI Dashboard Function/Create BE Account Management/View Account Management/PSSIViewAccountManagement' successfully

19-01-2024T11:24:24 - [TEST_CASE][PASSED] - Test Cases/Offline PSSI Dashboard Function/Create BE Account Management/View Account Management/PSSIViewAccountManagement: Test Cases/Offline PSSI Dashboard Function/Create BE Account Management/View Account Management/PSSIViewAccountManagement

19-01-2024T11:24:24 - [TEST_STEP][PASSED] - failureHandling = STOP_ON_FAILURE: null

19-01-2024T11:24:24 - [TEST_STEP][PASSED] - baseUrl = offline_pssi_dashboard_url: null

19-01-2024T11:24:24 - [TEST_STEP][PASSED] - callTestCase(findTestCase("Offline PSSI Dashboard Function/Sign In/PSSISignInValidData"), [:], failureHandling): Call Test Case 'Test Cases/Offline PSSI Dashboard Function/Sign In/PSSISignInValidData' successfully

19-01-2024T11:24:24 - [TEST_CASE][PASSED] - Test Cases/Offline PSSI Dashboard Function/Sign In/PSSISignInValidData: Test Cases/Offline PSSI Dashboard Function/Sign In/PSSISignInValidData

19-01-2024T11:24:24 - [TEST_STEP][PASSED] - failureHandling = STOP_ON_FAILURE: null

19-01-2024T11:24:24 - [TEST_STEP][PASSED] - baseUrl = offline_pssi_dashboard_url: null

19-01-2024T11:24:24 - [TEST_STEP][PASSED] - openBrowser(""): Browser is opened with url: ''

19-01-2024T11:24:24 - [MESSAGE][WARNING] - A browser is already opened. Closing browser and opening a new one

19-01-2024T11:24:24 - [MESSAGE][INFO] - Starting 'Chrome' driver

19-01-2024T11:24:24 - [MESSAGE][INFO] - User set preference: ['unhandledPromptBehaviour', 'ignore']

19-01-2024T11:24:24 - [MESSAGE][INFO] - User set preference: ['unexpectedAlertBehaviour', 'ignore']

19-01-2024T11:24:24 - [MESSAGE][INFO] - Action delay is set to 0 milliseconds

19-01-2024T11:24:25 - [MESSAGE][PASSED] - Browser is opened with url: ''

19-01-2024T11:24:25 - [TEST_STEP][PASSED] - navigateToUrl(baseUrl): Navigate to 'https://monitoring.pssi-dev.kecilin.id' successfully

19-01-2024T11:24:27 - [MESSAGE][PASSED] - Navigate to 'https://monitoring.pssi-dev.kecilin.id' successfully

19-01-2024T11:24:27 - [TEST_STEP][PASSED] - maximizeWindow(): Current window maximized

19-01-2024T11:24:27 - [MESSAGE][PASSED] - Current window maximized

19-01-2024T11:24:27 - [TEST_STEP][PASSED] - setText(findTestObject("Object Repository/Page_Login/input_email"), "superadmin@app.com"): Text 'superadmin@app.com' is set on object 'Object Repository/Page_Login/input_email'

19-01-2024T11:24:27 - [MESSAGE][PASSED] - Text 'superadmin@app.com' is set on object 'Object Repository/Page_Login/input_email'

19-01-2024T11:24:27 - [TEST_STEP][PASSED] - setEncryptedText(findTestObject("Object Repository/Page_Login/input_password"), "8SQVv/p9jVScEs4/2CZsLw=="): Text ****** has been set on object 'Object Repository/Page_Login/input_password'

19-01-2024T11:24:28 - [MESSAGE][PASSED] - Text ****** has been set on object 'Object Repository/Page_Login/input_password'

19-01-2024T11:24:28 - [TEST_STEP][PASSED] - click(findTestObject("Object Repository/Page_Login/button_Sign In")): Object: 'Object Repository/Page_Login/button_Sign In' is clicked on

19-01-2024T11:24:29 - [MESSAGE][PASSED] - Object: 'Object Repository/Page_Login/button_Sign In' is clicked on

19-01-2024T11:24:29 - [MESSAGE][PASSED] - Call Test Case 'Test Cases/Offline PSSI Dashboard Function/Sign In/PSSISignInValidData' successfully

19-01-2024T11:24:29 - [TEST_STEP][PASSED] - scrollToElement(findTestObject("Page_Dashboard/Account Management Sidebar"), 0): Scroll to object 'Object Repository/Page_Dashboard/Account Management Sidebar' successfully

19-01-2024T11:24:29 - [MESSAGE][WARNING] - Timeout '0' is invalid. Using default page load timeout: '1'

19-01-2024T11:24:31 - [MESSAGE][INFO] - Unable to find the element located by 'By.xpath: id("sidenav-collapse-main")/ul[@class="navbar-nav"]/li[@class="nav-item"]/a[@class="nav-link"][count(. | //a[@class = 'nav-link  ' and @href = '/accounts' and (text() = '
            
              
                
              
            
            Account Management
          ' or . = '
            
              
                
              
            
            Account Management
          ')]) = count(//a[@class = 'nav-link  ' and @href = '/accounts' and (text() = '
            
              
                
              
            
            Account Management
          ' or . = '
            
              
                
              
            
            Account Management
          ')])]'. Please recheck the objects properties to make sure the desired element is located. 

19-01-2024T11:24:31 - [MESSAGE][WARNING] - [SELF-HEALING] Failed to find element with id 'Object Repository/Page_Dashboard/Account Management Sidebar'. Try using Self-healing.

19-01-2024T11:24:31 - [MESSAGE][WARNING] - [SELF-HEALING] The current locator of test object 'Object Repository/Page_Dashboard/Account Management Sidebar' was broken. Propose an alternative one: '//div[@id='sidenav-collapse-main']/ul/li[12]/a'.

19-01-2024T11:24:31 - [MESSAGE][PASSED] - Scroll to object 'Object Repository/Page_Dashboard/Account Management Sidebar' successfully

19-01-2024T11:24:31 - [TEST_STEP][PASSED] - navigateToUrl(baseUrl + "/accounts", failureHandling): Navigate to 'https://monitoring.pssi-dev.kecilin.id/accounts' successfully

19-01-2024T11:24:32 - [MESSAGE][PASSED] - Navigate to 'https://monitoring.pssi-dev.kecilin.id/accounts' successfully

19-01-2024T11:24:32 - [MESSAGE][INFO] - 

19-01-2024T11:24:32 - [MESSAGE][INFO] - ===================== Self-healing Report ====================

19-01-2024T11:24:32 - [MESSAGE][INFO] - One of the failed test object locators has been recovered by Self-healing. Please refer to the Self-healing Insights tab for more details.

19-01-2024T11:24:32 - [MESSAGE][INFO] - To learn more about Self-healing, please read https://docs.katalon.com/katalon-studio/docs/self-healing.html

19-01-2024T11:24:32 - [MESSAGE][INFO] - ==============================================================

19-01-2024T11:24:32 - [MESSAGE][PASSED] - Call Test Case 'Test Cases/Offline PSSI Dashboard Function/Create BE Account Management/View Account Management/PSSIViewAccountManagement' successfully

19-01-2024T11:24:32 - [TEST_STEP][PASSED] - navigateToUrl(baseUrl + "/accounts/create", failureHandling): Navigate to 'https://monitoring.pssi-dev.kecilin.id/accounts/create' successfully

19-01-2024T11:24:32 - [MESSAGE][PASSED] - Navigate to 'https://monitoring.pssi-dev.kecilin.id/accounts/create' successfully

19-01-2024T11:24:32 - [TEST_STEP][PASSED] - verifyElementClickable(findTestObject("Page_Create Account/Email Field")): Object 'Object Repository/Page_Create Account/Email Field' is clickable

19-01-2024T11:24:33 - [MESSAGE][PASSED] - Object 'Object Repository/Page_Create Account/Email Field' is clickable

19-01-2024T11:24:33 - [TEST_STEP][PASSED] - setText(findTestObject("Page_Create Account/Email Field"), "vieweruser@a"): Text 'vieweruser@a' is set on object 'Object Repository/Page_Create Account/Email Field'

19-01-2024T11:24:34 - [MESSAGE][PASSED] - Text 'vieweruser@a' is set on object 'Object Repository/Page_Create Account/Email Field'

19-01-2024T11:24:34 - [TEST_STEP][PASSED] - verifyElementClickable(findTestObject("Page_Create Account/Password Field")): Object 'Object Repository/Page_Create Account/Password Field' is clickable

19-01-2024T11:24:34 - [MESSAGE][PASSED] - Object 'Object Repository/Page_Create Account/Password Field' is clickable

19-01-2024T11:24:34 - [TEST_STEP][PASSED] - verifyElementClickable(findTestObject("Page_Create Account/Save Button")): Object 'Object Repository/Page_Create Account/Save Button' is clickable

19-01-2024T11:24:34 - [MESSAGE][PASSED] - Object 'Object Repository/Page_Create Account/Save Button' is clickable

19-01-2024T11:24:34 - [TEST_STEP][PASSED] - click(findTestObject("Page_Create Account/Save Button")): Object: 'Object Repository/Page_Create Account/Save Button' is clicked on

19-01-2024T11:24:35 - [MESSAGE][PASSED] - Object: 'Object Repository/Page_Create Account/Save Button' is clicked on

19-01-2024T11:24:35 - [TEST_STEP][PASSED] - verifyTextPresent("Create Account", false): Text 'Create Account' is present on page 

19-01-2024T11:24:36 - [MESSAGE][PASSED] - Text 'Create Account' is present on page 

19-01-2024T11:24:36 - [TEST_STEP][PASSED] - verifyTextPresent("Invalid value", false): Text 'Invalid value' is present on page 

19-01-2024T11:24:36 - [MESSAGE][PASSED] - Text 'Invalid value' is present on page 

19-01-2024T11:24:36 - [TEST_STEP][PASSED] - closeBrowser(): Browser is closed

19-01-2024T11:24:36 - [MESSAGE][PASSED] - Browser is closed]]></system-out>
         <system-err><![CDATA[]]></system-err>
      </testcase>
      <testcase name="Test Cases/Offline PSSI Dashboard Function/Create BE Account Management/Add Account/Negative Test Case/PSSIAddAccountInvalidPicFormat" time="18.976" classname="Test Cases/Offline PSSI Dashboard Function/Create BE Account Management/Add Account/Negative Test Case/PSSIAddAccountInvalidPicFormat" status="FAILED">
         <failure type="FAILED" message="Test Cases/Offline PSSI Dashboard Function/Create BE Account Management/Add Account/Negative Test Case/PSSIAddAccountInvalidPicFormat FAILED.&#xa;Reason:&#xa;com.kms.katalon.core.exception.StepFailedException: Unable to verify text 'Invalid picture format' is present &#xa;	at com.kms.katalon.core.webui.keyword.internal.WebUIKeywordMain.stepFailed(WebUIKeywordMain.groovy:64)&#xa;	at com.kms.katalon.core.webui.keyword.internal.WebUIKeywordMain.runKeyword(WebUIKeywordMain.groovy:26)&#xa;	at com.kms.katalon.core.webui.keyword.builtin.VerifyTextPresentKeyword.verifyTextPresent(VerifyTextPresentKeyword.groovy:83)&#xa;	at com.kms.katalon.core.webui.keyword.builtin.VerifyTextPresentKeyword.execute(VerifyTextPresentKeyword.groovy:68)&#xa;	at com.kms.katalon.core.keyword.internal.KeywordExecutor.executeKeywordForPlatform(KeywordExecutor.groovy:74)&#xa;	at com.kms.katalon.core.webui.keyword.WebUiBuiltInKeywords.verifyTextPresent(WebUiBuiltInKeywords.groovy:1762)&#xa;	at PSSIAddAccountInvalidPicFormat.run(PSSIAddAccountInvalidPicFormat:54)&#xa;	at com.kms.katalon.core.main.ScriptEngine.run(ScriptEngine.java:194)&#xa;	at com.kms.katalon.core.main.ScriptEngine.runScriptAsRawText(ScriptEngine.java:119)&#xa;	at com.kms.katalon.core.main.TestCaseExecutor.runScript(TestCaseExecutor.java:448)&#xa;	at com.kms.katalon.core.main.TestCaseExecutor.doExecute(TestCaseExecutor.java:439)&#xa;	at com.kms.katalon.core.main.TestCaseExecutor.processExecutionPhase(TestCaseExecutor.java:418)&#xa;	at com.kms.katalon.core.main.TestCaseExecutor.accessMainPhase(TestCaseExecutor.java:410)&#xa;	at com.kms.katalon.core.main.TestCaseExecutor.execute(TestCaseExecutor.java:285)&#xa;	at com.kms.katalon.core.main.TestCaseExecutor.execute(TestCaseExecutor.java:369)&#xa;	at com.kms.katalon.core.main.TestCaseExecutor.execute(TestCaseExecutor.java:369)&#xa;	at com.kms.katalon.core.main.TestCaseExecutor.execute(TestCaseExecutor.java:369)&#xa;	at com.kms.katalon.core.common.CommonExecutor.accessTestCaseMainPhase(CommonExecutor.java:65)&#xa;	at com.kms.katalon.core.main.TestSuiteExecutor.accessTestSuiteMainPhase(TestSuiteExecutor.java:148)&#xa;	at com.kms.katalon.core.main.TestSuiteExecutor.execute(TestSuiteExecutor.java:106)&#xa;	at com.kms.katalon.core.main.TestCaseMain.startTestSuite(TestCaseMain.java:180)&#xa;	at TempTestSuite1705637907664.run(TempTestSuite1705637907664.groovy:36)&#xa;	at java.base/jdk.internal.reflect.NativeMethodAccessorImpl.invoke0(Native Method)&#xa;	at java.base/jdk.internal.reflect.NativeMethodAccessorImpl.invoke(NativeMethodAccessorImpl.java:77)&#xa;	at java.base/jdk.internal.reflect.DelegatingMethodAccessorImpl.invoke(DelegatingMethodAccessorImpl.java:43)&#xa;Caused by: com.kms.katalon.core.exception.StepFailedException: Text 'Invalid picture format' is not present on page &#xa;	at com.kms.katalon.core.webui.keyword.internal.WebUIKeywordMain.stepFailed(WebUIKeywordMain.groovy:64)&#xa;	at com.kms.katalon.core.webui.keyword.builtin.VerifyTextPresentKeyword$_verifyTextPresent_closure1.doCall(VerifyTextPresentKeyword.groovy:79)&#xa;	at com.kms.katalon.core.webui.keyword.builtin.VerifyTextPresentKeyword$_verifyTextPresent_closure1.call(VerifyTextPresentKeyword.groovy)&#xa;	at com.kms.katalon.core.webui.keyword.internal.WebUIKeywordMain.runKeyword(WebUIKeywordMain.groovy:20)&#xa;	... 23 more&#xa;"/>
         <system-out><![CDATA[19-01-2024T11:25:36 - [TEST_CASE][FAILED] - Test Cases/Offline PSSI Dashboard Function/Create BE Account Management/Add Account/Negative Test Case/PSSIAddAccountInvalidPicFormat: Test Cases/Offline PSSI Dashboard Function/Create BE Account Management/Add Account/Negative Test Case/PSSIAddAccountInvalidPicFormat FAILED.
Reason:
com.kms.katalon.core.exception.StepFailedException: Unable to verify text 'Invalid picture format' is present 
	at com.kms.katalon.core.webui.keyword.internal.WebUIKeywordMain.stepFailed(WebUIKeywordMain.groovy:64)
	at com.kms.katalon.core.webui.keyword.internal.WebUIKeywordMain.runKeyword(WebUIKeywordMain.groovy:26)
	at com.kms.katalon.core.webui.keyword.builtin.VerifyTextPresentKeyword.verifyTextPresent(VerifyTextPresentKeyword.groovy:83)
	at com.kms.katalon.core.webui.keyword.builtin.VerifyTextPresentKeyword.execute(VerifyTextPresentKeyword.groovy:68)
	at com.kms.katalon.core.keyword.internal.KeywordExecutor.executeKeywordForPlatform(KeywordExecutor.groovy:74)
	at com.kms.katalon.core.webui.keyword.WebUiBuiltInKeywords.verifyTextPresent(WebUiBuiltInKeywords.groovy:1762)
	at PSSIAddAccountInvalidPicFormat.run(PSSIAddAccountInvalidPicFormat:54)
	at com.kms.katalon.core.main.ScriptEngine.run(ScriptEngine.java:194)
	at com.kms.katalon.core.main.ScriptEngine.runScriptAsRawText(ScriptEngine.java:119)
	at com.kms.katalon.core.main.TestCaseExecutor.runScript(TestCaseExecutor.java:448)
	at com.kms.katalon.core.main.TestCaseExecutor.doExecute(TestCaseExecutor.java:439)
	at com.kms.katalon.core.main.TestCaseExecutor.processExecutionPhase(TestCaseExecutor.java:418)
	at com.kms.katalon.core.main.TestCaseExecutor.accessMainPhase(TestCaseExecutor.java:410)
	at com.kms.katalon.core.main.TestCaseExecutor.execute(TestCaseExecutor.java:285)
	at com.kms.katalon.core.main.TestCaseExecutor.execute(TestCaseExecutor.java:369)
	at com.kms.katalon.core.main.TestCaseExecutor.execute(TestCaseExecutor.java:369)
	at com.kms.katalon.core.main.TestCaseExecutor.execute(TestCaseExecutor.java:369)
	at com.kms.katalon.core.common.CommonExecutor.accessTestCaseMainPhase(CommonExecutor.java:65)
	at com.kms.katalon.core.main.TestSuiteExecutor.accessTestSuiteMainPhase(TestSuiteExecutor.java:148)
	at com.kms.katalon.core.main.TestSuiteExecutor.execute(TestSuiteExecutor.java:106)
	at com.kms.katalon.core.main.TestCaseMain.startTestSuite(TestCaseMain.java:180)
	at TempTestSuite1705637907664.run(TempTestSuite1705637907664.groovy:36)
	at java.base/jdk.internal.reflect.NativeMethodAccessorImpl.invoke0(Native Method)
	at java.base/jdk.internal.reflect.NativeMethodAccessorImpl.invoke(NativeMethodAccessorImpl.java:77)
	at java.base/jdk.internal.reflect.DelegatingMethodAccessorImpl.invoke(DelegatingMethodAccessorImpl.java:43)
Caused by: com.kms.katalon.core.exception.StepFailedException: Text 'Invalid picture format' is not present on page 
	at com.kms.katalon.core.webui.keyword.internal.WebUIKeywordMain.stepFailed(WebUIKeywordMain.groovy:64)
	at com.kms.katalon.core.webui.keyword.builtin.VerifyTextPresentKeyword$_verifyTextPresent_closure1.doCall(VerifyTextPresentKeyword.groovy:79)
	at com.kms.katalon.core.webui.keyword.builtin.VerifyTextPresentKeyword$_verifyTextPresent_closure1.call(VerifyTextPresentKeyword.groovy)
	at com.kms.katalon.core.webui.keyword.internal.WebUIKeywordMain.runKeyword(WebUIKeywordMain.groovy:20)
	... 23 more


19-01-2024T11:25:36 - [TEST_STEP][PASSED] - failureHandling = STOP_ON_FAILURE: null

19-01-2024T11:25:36 - [TEST_STEP][PASSED] - baseUrl = offline_pssi_dashboard_url: null

19-01-2024T11:25:36 - [TEST_STEP][PASSED] - callTestCase(findTestCase("Offline PSSI Dashboard Function/Create BE Account Management/View Account Management/PSSIViewAccountManagement"), [:], failureHandling): Call Test Case 'Test Cases/Offline PSSI Dashboard Function/Create BE Account Management/View Account Management/PSSIViewAccountManagement' successfully

19-01-2024T11:25:36 - [TEST_CASE][PASSED] - Test Cases/Offline PSSI Dashboard Function/Create BE Account Management/View Account Management/PSSIViewAccountManagement: Test Cases/Offline PSSI Dashboard Function/Create BE Account Management/View Account Management/PSSIViewAccountManagement

19-01-2024T11:25:36 - [TEST_STEP][PASSED] - failureHandling = STOP_ON_FAILURE: null

19-01-2024T11:25:36 - [TEST_STEP][PASSED] - baseUrl = offline_pssi_dashboard_url: null

19-01-2024T11:25:36 - [TEST_STEP][PASSED] - callTestCase(findTestCase("Offline PSSI Dashboard Function/Sign In/PSSISignInValidData"), [:], failureHandling): Call Test Case 'Test Cases/Offline PSSI Dashboard Function/Sign In/PSSISignInValidData' successfully

19-01-2024T11:25:36 - [TEST_CASE][PASSED] - Test Cases/Offline PSSI Dashboard Function/Sign In/PSSISignInValidData: Test Cases/Offline PSSI Dashboard Function/Sign In/PSSISignInValidData

19-01-2024T11:25:36 - [TEST_STEP][PASSED] - failureHandling = STOP_ON_FAILURE: null

19-01-2024T11:25:36 - [TEST_STEP][PASSED] - baseUrl = offline_pssi_dashboard_url: null

19-01-2024T11:25:36 - [TEST_STEP][PASSED] - openBrowser(""): Browser is opened with url: ''

19-01-2024T11:25:36 - [MESSAGE][WARNING] - A browser is already opened. Closing browser and opening a new one

19-01-2024T11:25:37 - [MESSAGE][INFO] - Starting 'Chrome' driver

19-01-2024T11:25:37 - [MESSAGE][INFO] - User set preference: ['unhandledPromptBehaviour', 'ignore']

19-01-2024T11:25:37 - [MESSAGE][INFO] - User set preference: ['unexpectedAlertBehaviour', 'ignore']

19-01-2024T11:25:37 - [MESSAGE][INFO] - Action delay is set to 0 milliseconds

19-01-2024T11:25:38 - [MESSAGE][PASSED] - Browser is opened with url: ''

19-01-2024T11:25:38 - [TEST_STEP][PASSED] - navigateToUrl(baseUrl): Navigate to 'https://monitoring.pssi-dev.kecilin.id' successfully

19-01-2024T11:25:39 - [MESSAGE][PASSED] - Navigate to 'https://monitoring.pssi-dev.kecilin.id' successfully

19-01-2024T11:25:39 - [TEST_STEP][PASSED] - maximizeWindow(): Current window maximized

19-01-2024T11:25:39 - [MESSAGE][PASSED] - Current window maximized

19-01-2024T11:25:39 - [TEST_STEP][PASSED] - setText(findTestObject("Object Repository/Page_Login/input_email"), "superadmin@app.com"): Text 'superadmin@app.com' is set on object 'Object Repository/Page_Login/input_email'

19-01-2024T11:25:40 - [MESSAGE][PASSED] - Text 'superadmin@app.com' is set on object 'Object Repository/Page_Login/input_email'

19-01-2024T11:25:40 - [TEST_STEP][PASSED] - setEncryptedText(findTestObject("Object Repository/Page_Login/input_password"), "8SQVv/p9jVScEs4/2CZsLw=="): Text ****** has been set on object 'Object Repository/Page_Login/input_password'

19-01-2024T11:25:40 - [MESSAGE][PASSED] - Text ****** has been set on object 'Object Repository/Page_Login/input_password'

19-01-2024T11:25:40 - [TEST_STEP][PASSED] - click(findTestObject("Object Repository/Page_Login/button_Sign In")): Object: 'Object Repository/Page_Login/button_Sign In' is clicked on

19-01-2024T11:25:42 - [MESSAGE][PASSED] - Object: 'Object Repository/Page_Login/button_Sign In' is clicked on

19-01-2024T11:25:42 - [MESSAGE][PASSED] - Call Test Case 'Test Cases/Offline PSSI Dashboard Function/Sign In/PSSISignInValidData' successfully

19-01-2024T11:25:42 - [TEST_STEP][PASSED] - scrollToElement(findTestObject("Page_Dashboard/Account Management Sidebar"), 0): Scroll to object 'Object Repository/Page_Dashboard/Account Management Sidebar' successfully

19-01-2024T11:25:42 - [MESSAGE][WARNING] - Timeout '0' is invalid. Using default page load timeout: '1'

19-01-2024T11:25:44 - [MESSAGE][INFO] - Unable to find the element located by 'By.xpath: id("sidenav-collapse-main")/ul[@class="navbar-nav"]/li[@class="nav-item"]/a[@class="nav-link"][count(. | //a[@class = 'nav-link  ' and @href = '/accounts' and (text() = '
            
              
                
              
            
            Account Management
          ' or . = '
            
              
                
              
            
            Account Management
          ')]) = count(//a[@class = 'nav-link  ' and @href = '/accounts' and (text() = '
            
              
                
              
            
            Account Management
          ' or . = '
            
              
                
              
            
            Account Management
          ')])]'. Please recheck the objects properties to make sure the desired element is located. 

19-01-2024T11:25:44 - [MESSAGE][WARNING] - [SELF-HEALING] Failed to find element with id 'Object Repository/Page_Dashboard/Account Management Sidebar'. Try using Self-healing.

19-01-2024T11:25:45 - [MESSAGE][WARNING] - [SELF-HEALING] The current locator of test object 'Object Repository/Page_Dashboard/Account Management Sidebar' was broken. Propose an alternative one: '//div[@id='sidenav-collapse-main']/ul/li[12]/a'.

19-01-2024T11:25:45 - [MESSAGE][PASSED] - Scroll to object 'Object Repository/Page_Dashboard/Account Management Sidebar' successfully

19-01-2024T11:25:45 - [TEST_STEP][PASSED] - navigateToUrl(baseUrl + "/accounts", failureHandling): Navigate to 'https://monitoring.pssi-dev.kecilin.id/accounts' successfully

19-01-2024T11:25:45 - [MESSAGE][PASSED] - Navigate to 'https://monitoring.pssi-dev.kecilin.id/accounts' successfully

19-01-2024T11:25:45 - [MESSAGE][INFO] - 

19-01-2024T11:25:45 - [MESSAGE][INFO] - ===================== Self-healing Report ====================

19-01-2024T11:25:45 - [MESSAGE][INFO] - One of the failed test object locators has been recovered by Self-healing. Please refer to the Self-healing Insights tab for more details.

19-01-2024T11:25:45 - [MESSAGE][INFO] - To learn more about Self-healing, please read https://docs.katalon.com/katalon-studio/docs/self-healing.html

19-01-2024T11:25:45 - [MESSAGE][INFO] - ==============================================================

19-01-2024T11:25:45 - [MESSAGE][PASSED] - Call Test Case 'Test Cases/Offline PSSI Dashboard Function/Create BE Account Management/View Account Management/PSSIViewAccountManagement' successfully

19-01-2024T11:25:45 - [TEST_STEP][PASSED] - navigateToUrl(baseUrl + "/accounts/create", failureHandling): Navigate to 'https://monitoring.pssi-dev.kecilin.id/accounts/create' successfully

19-01-2024T11:25:46 - [MESSAGE][PASSED] - Navigate to 'https://monitoring.pssi-dev.kecilin.id/accounts/create' successfully

19-01-2024T11:25:46 - [TEST_STEP][PASSED] - verifyElementClickable(findTestObject("Page_Create Account/Name Field")): Object 'Object Repository/Page_Create Account/Name Field' is clickable

19-01-2024T11:25:46 - [MESSAGE][PASSED] - Object 'Object Repository/Page_Create Account/Name Field' is clickable

19-01-2024T11:25:46 - [TEST_STEP][PASSED] - setText(findTestObject("Page_Create Account/Name Field"), "tes pic ngaco1"): Text 'tes pic ngaco1' is set on object 'Object Repository/Page_Create Account/Name Field'

19-01-2024T11:25:47 - [MESSAGE][PASSED] - Text 'tes pic ngaco1' is set on object 'Object Repository/Page_Create Account/Name Field'

19-01-2024T11:25:47 - [TEST_STEP][PASSED] - verifyElementClickable(findTestObject("Page_Create Account/Email Field")): Object 'Object Repository/Page_Create Account/Email Field' is clickable

19-01-2024T11:25:47 - [MESSAGE][PASSED] - Object 'Object Repository/Page_Create Account/Email Field' is clickable

19-01-2024T11:25:47 - [TEST_STEP][PASSED] - setText(findTestObject("Page_Create Account/Email Field"), "tespicngaco1@ngaco.com"): Text 'tespicngaco1@ngaco.com' is set on object 'Object Repository/Page_Create Account/Email Field'

19-01-2024T11:25:48 - [MESSAGE][PASSED] - Text 'tespicngaco1@ngaco.com' is set on object 'Object Repository/Page_Create Account/Email Field'

19-01-2024T11:25:48 - [TEST_STEP][PASSED] - verifyElementClickable(findTestObject("Page_Create Account/Password Field")): Object 'Object Repository/Page_Create Account/Password Field' is clickable

19-01-2024T11:25:48 - [MESSAGE][PASSED] - Object 'Object Repository/Page_Create Account/Password Field' is clickable

19-01-2024T11:25:48 - [TEST_STEP][PASSED] - setText(findTestObject("Page_Create Account/Password Field"), "Password"): Text 'Password' is set on object 'Object Repository/Page_Create Account/Password Field'

19-01-2024T11:25:49 - [MESSAGE][PASSED] - Text 'Password' is set on object 'Object Repository/Page_Create Account/Password Field'

19-01-2024T11:25:49 - [TEST_STEP][PASSED] - verifyElementClickable(findTestObject("Page_Create Account/Role Selection")): Object 'Object Repository/Page_Create Account/Role Selection' is clickable

19-01-2024T11:25:49 - [MESSAGE][PASSED] - Object 'Object Repository/Page_Create Account/Role Selection' is clickable

19-01-2024T11:25:49 - [TEST_STEP][PASSED] - selectOptionByValue(findTestObject("Page_Create Account/Role Selection"), "Admin", true): All options with value 'Admin' are selected in object 'Object Repository/Page_Create Account/Role Selection'  using regular expression

19-01-2024T11:25:50 - [MESSAGE][PASSED] - All options with value 'Admin' are selected in object 'Object Repository/Page_Create Account/Role Selection'  using regular expression

19-01-2024T11:25:50 - [TEST_STEP][PASSED] - verifyElementClickable(findTestObject("Page_Create Account/Image Field")): Object 'Object Repository/Page_Create Account/Image Field' is clickable

19-01-2024T11:25:51 - [MESSAGE][PASSED] - Object 'Object Repository/Page_Create Account/Image Field' is clickable

19-01-2024T11:25:51 - [TEST_STEP][PASSED] - uploadFile(findTestObject("Page_Create Account/Image Field"), "C:\Users\USER\Downloads\BlueStacksInstaller_5.20.0.1037_native.exe"): File 'C:\Users\USER\Downloads\BlueStacksInstaller_5.20.0.1037_native.exe' sent to object: 'Object Repository/Page_Create Account/Image Field'

19-01-2024T11:25:51 - [MESSAGE][PASSED] - File 'C:\Users\USER\Downloads\BlueStacksInstaller_5.20.0.1037_native.exe' sent to object: 'Object Repository/Page_Create Account/Image Field'

19-01-2024T11:25:51 - [TEST_STEP][PASSED] - verifyElementClickable(findTestObject("Page_Create Account/Save Button")): Object 'Object Repository/Page_Create Account/Save Button' is clickable

19-01-2024T11:25:51 - [MESSAGE][PASSED] - Object 'Object Repository/Page_Create Account/Save Button' is clickable

19-01-2024T11:25:51 - [TEST_STEP][PASSED] - click(findTestObject("Page_Create Account/Save Button")): Object: 'Object Repository/Page_Create Account/Save Button' is clicked on

19-01-2024T11:25:54 - [MESSAGE][PASSED] - Object: 'Object Repository/Page_Create Account/Save Button' is clicked on

19-01-2024T11:25:54 - [TEST_STEP][PASSED] - verifyTextPresent("Create Account", false): Text 'Create Account' is present on page 

19-01-2024T11:25:54 - [MESSAGE][PASSED] - Text 'Create Account' is present on page 

19-01-2024T11:25:54 - [TEST_STEP][FAILED] - verifyTextPresent("Invalid picture format", false): Unable to verify text 'Invalid picture format' is present  (Root cause: com.kms.katalon.core.exception.StepFailedException: Unable to verify text 'Invalid picture format' is present 
	at com.kms.katalon.core.webui.keyword.internal.WebUIKeywordMain.stepFailed(WebUIKeywordMain.groovy:64)
	at com.kms.katalon.core.webui.keyword.internal.WebUIKeywordMain.runKeyword(WebUIKeywordMain.groovy:26)
	at com.kms.katalon.core.webui.keyword.builtin.VerifyTextPresentKeyword.verifyTextPresent(VerifyTextPresentKeyword.groovy:83)
	at com.kms.katalon.core.webui.keyword.builtin.VerifyTextPresentKeyword.execute(VerifyTextPresentKeyword.groovy:68)
	at com.kms.katalon.core.keyword.internal.KeywordExecutor.executeKeywordForPlatform(KeywordExecutor.groovy:74)
	at com.kms.katalon.core.webui.keyword.WebUiBuiltInKeywords.verifyTextPresent(WebUiBuiltInKeywords.groovy:1762)
	at PSSIAddAccountInvalidPicFormat.run(PSSIAddAccountInvalidPicFormat:54)
	at com.kms.katalon.core.main.ScriptEngine.run(ScriptEngine.java:194)
	at com.kms.katalon.core.main.ScriptEngine.runScriptAsRawText(ScriptEngine.java:119)
	at com.kms.katalon.core.main.TestCaseExecutor.runScript(TestCaseExecutor.java:448)
	at com.kms.katalon.core.main.TestCaseExecutor.doExecute(TestCaseExecutor.java:439)
	at com.kms.katalon.core.main.TestCaseExecutor.processExecutionPhase(TestCaseExecutor.java:418)
	at com.kms.katalon.core.main.TestCaseExecutor.accessMainPhase(TestCaseExecutor.java:410)
	at com.kms.katalon.core.main.TestCaseExecutor.execute(TestCaseExecutor.java:285)
	at com.kms.katalon.core.main.TestCaseExecutor.execute(TestCaseExecutor.java:369)
	at com.kms.katalon.core.main.TestCaseExecutor.execute(TestCaseExecutor.java:369)
	at com.kms.katalon.core.main.TestCaseExecutor.execute(TestCaseExecutor.java:369)
	at com.kms.katalon.core.common.CommonExecutor.accessTestCaseMainPhase(CommonExecutor.java:65)
	at com.kms.katalon.core.main.TestSuiteExecutor.accessTestSuiteMainPhase(TestSuiteExecutor.java:148)
	at com.kms.katalon.core.main.TestSuiteExecutor.execute(TestSuiteExecutor.java:106)
	at com.kms.katalon.core.main.TestCaseMain.startTestSuite(TestCaseMain.java:180)
	at TempTestSuite1705637907664.run(TempTestSuite1705637907664.groovy:36)
	at java.base/jdk.internal.reflect.NativeMethodAccessorImpl.invoke0(Native Method)
	at java.base/jdk.internal.reflect.NativeMethodAccessorImpl.invoke(NativeMethodAccessorImpl.java:77)
	at java.base/jdk.internal.reflect.DelegatingMethodAccessorImpl.invoke(DelegatingMethodAccessorImpl.java:43)
Caused by: com.kms.katalon.core.exception.StepFailedException: Text 'Invalid picture format' is not present on page 
	at com.kms.katalon.core.webui.keyword.internal.WebUIKeywordMain.stepFailed(WebUIKeywordMain.groovy:64)
	at com.kms.katalon.core.webui.keyword.builtin.VerifyTextPresentKeyword$_verifyTextPresent_closure1.doCall(VerifyTextPresentKeyword.groovy:79)
	at com.kms.katalon.core.webui.keyword.builtin.VerifyTextPresentKeyword$_verifyTextPresent_closure1.call(VerifyTextPresentKeyword.groovy)
	at com.kms.katalon.core.webui.keyword.internal.WebUIKeywordMain.runKeyword(WebUIKeywordMain.groovy:20)
	... 23 more
)

19-01-2024T11:25:55 - [MESSAGE][FAILED] - Text 'Invalid picture format' is not present on page  (Root cause: com.kms.katalon.core.exception.StepFailedException: Text 'Invalid picture format' is not present on page 
	at com.kms.katalon.core.webui.keyword.internal.WebUIKeywordMain.stepFailed(WebUIKeywordMain.groovy:64)
	at com.kms.katalon.core.webui.keyword.builtin.VerifyTextPresentKeyword$_verifyTextPresent_closure1.doCall(VerifyTextPresentKeyword.groovy:79)
	at com.kms.katalon.core.webui.keyword.builtin.VerifyTextPresentKeyword$_verifyTextPresent_closure1.call(VerifyTextPresentKeyword.groovy)
	at com.kms.katalon.core.webui.keyword.internal.WebUIKeywordMain.runKeyword(WebUIKeywordMain.groovy:20)
	at com.kms.katalon.core.webui.keyword.builtin.VerifyTextPresentKeyword.verifyTextPresent(VerifyTextPresentKeyword.groovy:83)
	at com.kms.katalon.core.webui.keyword.builtin.VerifyTextPresentKeyword.execute(VerifyTextPresentKeyword.groovy:68)
	at com.kms.katalon.core.keyword.internal.KeywordExecutor.executeKeywordForPlatform(KeywordExecutor.groovy:74)
	at com.kms.katalon.core.webui.keyword.WebUiBuiltInKeywords.verifyTextPresent(WebUiBuiltInKeywords.groovy:1762)
	at PSSIAddAccountInvalidPicFormat.run(PSSIAddAccountInvalidPicFormat:54)
	at com.kms.katalon.core.main.ScriptEngine.run(ScriptEngine.java:194)
	at com.kms.katalon.core.main.ScriptEngine.runScriptAsRawText(ScriptEngine.java:119)
	at com.kms.katalon.core.main.TestCaseExecutor.runScript(TestCaseExecutor.java:448)
	at com.kms.katalon.core.main.TestCaseExecutor.doExecute(TestCaseExecutor.java:439)
	at com.kms.katalon.core.main.TestCaseExecutor.processExecutionPhase(TestCaseExecutor.java:418)
	at com.kms.katalon.core.main.TestCaseExecutor.accessMainPhase(TestCaseExecutor.java:410)
	at com.kms.katalon.core.main.TestCaseExecutor.execute(TestCaseExecutor.java:285)
	at com.kms.katalon.core.main.TestCaseExecutor.execute(TestCaseExecutor.java:369)
	at com.kms.katalon.core.main.TestCaseExecutor.execute(TestCaseExecutor.java:369)
	at com.kms.katalon.core.main.TestCaseExecutor.execute(TestCaseExecutor.java:369)
	at com.kms.katalon.core.common.CommonExecutor.accessTestCaseMainPhase(CommonExecutor.java:65)
	at com.kms.katalon.core.main.TestSuiteExecutor.accessTestSuiteMainPhase(TestSuiteExecutor.java:148)
	at com.kms.katalon.core.main.TestSuiteExecutor.execute(TestSuiteExecutor.java:106)
	at com.kms.katalon.core.main.TestCaseMain.startTestSuite(TestCaseMain.java:180)
	at TempTestSuite1705637907664.run(TempTestSuite1705637907664.groovy:36)
	at java.base/jdk.internal.reflect.NativeMethodAccessorImpl.invoke0(Native Method)
	at java.base/jdk.internal.reflect.NativeMethodAccessorImpl.invoke(NativeMethodAccessorImpl.java:77)
	at java.base/jdk.internal.reflect.DelegatingMethodAccessorImpl.invoke(DelegatingMethodAccessorImpl.java:43)
)

19-01-2024T11:25:55 - [MESSAGE][FAILED] - Unable to verify text 'Invalid picture format' is present  (Root cause: com.kms.katalon.core.exception.StepFailedException: Unable to verify text 'Invalid picture format' is present 
	at com.kms.katalon.core.webui.keyword.internal.WebUIKeywordMain.stepFailed(WebUIKeywordMain.groovy:64)
	at com.kms.katalon.core.webui.keyword.internal.WebUIKeywordMain.runKeyword(WebUIKeywordMain.groovy:26)
	at com.kms.katalon.core.webui.keyword.builtin.VerifyTextPresentKeyword.verifyTextPresent(VerifyTextPresentKeyword.groovy:83)
	at com.kms.katalon.core.webui.keyword.builtin.VerifyTextPresentKeyword.execute(VerifyTextPresentKeyword.groovy:68)
	at com.kms.katalon.core.keyword.internal.KeywordExecutor.executeKeywordForPlatform(KeywordExecutor.groovy:74)
	at com.kms.katalon.core.webui.keyword.WebUiBuiltInKeywords.verifyTextPresent(WebUiBuiltInKeywords.groovy:1762)
	at PSSIAddAccountInvalidPicFormat.run(PSSIAddAccountInvalidPicFormat:54)
	at com.kms.katalon.core.main.ScriptEngine.run(ScriptEngine.java:194)
	at com.kms.katalon.core.main.ScriptEngine.runScriptAsRawText(ScriptEngine.java:119)
	at com.kms.katalon.core.main.TestCaseExecutor.runScript(TestCaseExecutor.java:448)
	at com.kms.katalon.core.main.TestCaseExecutor.doExecute(TestCaseExecutor.java:439)
	at com.kms.katalon.core.main.TestCaseExecutor.processExecutionPhase(TestCaseExecutor.java:418)
	at com.kms.katalon.core.main.TestCaseExecutor.accessMainPhase(TestCaseExecutor.java:410)
	at com.kms.katalon.core.main.TestCaseExecutor.execute(TestCaseExecutor.java:285)
	at com.kms.katalon.core.main.TestCaseExecutor.execute(TestCaseExecutor.java:369)
	at com.kms.katalon.core.main.TestCaseExecutor.execute(TestCaseExecutor.java:369)
	at com.kms.katalon.core.main.TestCaseExecutor.execute(TestCaseExecutor.java:369)
	at com.kms.katalon.core.common.CommonExecutor.accessTestCaseMainPhase(CommonExecutor.java:65)
	at com.kms.katalon.core.main.TestSuiteExecutor.accessTestSuiteMainPhase(TestSuiteExecutor.java:148)
	at com.kms.katalon.core.main.TestSuiteExecutor.execute(TestSuiteExecutor.java:106)
	at com.kms.katalon.core.main.TestCaseMain.startTestSuite(TestCaseMain.java:180)
	at TempTestSuite1705637907664.run(TempTestSuite1705637907664.groovy:36)
	at java.base/jdk.internal.reflect.NativeMethodAccessorImpl.invoke0(Native Method)
	at java.base/jdk.internal.reflect.NativeMethodAccessorImpl.invoke(NativeMethodAccessorImpl.java:77)
	at java.base/jdk.internal.reflect.DelegatingMethodAccessorImpl.invoke(DelegatingMethodAccessorImpl.java:43)
Caused by: com.kms.katalon.core.exception.StepFailedException: Text 'Invalid picture format' is not present on page 
	at com.kms.katalon.core.webui.keyword.internal.WebUIKeywordMain.stepFailed(WebUIKeywordMain.groovy:64)
	at com.kms.katalon.core.webui.keyword.builtin.VerifyTextPresentKeyword$_verifyTextPresent_closure1.doCall(VerifyTextPresentKeyword.groovy:79)
	at com.kms.katalon.core.webui.keyword.builtin.VerifyTextPresentKeyword$_verifyTextPresent_closure1.call(VerifyTextPresentKeyword.groovy)
	at com.kms.katalon.core.webui.keyword.internal.WebUIKeywordMain.runKeyword(WebUIKeywordMain.groovy:20)
	... 23 more
)
[[ATTACHMENT|C:\\Users\\USER\\git\\Kecilin-Automation-Test\\Reports\\20240119_111826\\Create BE Account Management\\Add Account Test Suite\\20240119_111827\\1705638355365.png]]]]></system-out>
         <system-err><![CDATA[19-01-2024T11:25:36 - [TEST_CASE][FAILED] - Test Cases/Offline PSSI Dashboard Function/Create BE Account Management/Add Account/Negative Test Case/PSSIAddAccountInvalidPicFormat: Test Cases/Offline PSSI Dashboard Function/Create BE Account Management/Add Account/Negative Test Case/PSSIAddAccountInvalidPicFormat FAILED.
Reason:
com.kms.katalon.core.exception.StepFailedException: Unable to verify text 'Invalid picture format' is present 
	at com.kms.katalon.core.webui.keyword.internal.WebUIKeywordMain.stepFailed(WebUIKeywordMain.groovy:64)
	at com.kms.katalon.core.webui.keyword.internal.WebUIKeywordMain.runKeyword(WebUIKeywordMain.groovy:26)
	at com.kms.katalon.core.webui.keyword.builtin.VerifyTextPresentKeyword.verifyTextPresent(VerifyTextPresentKeyword.groovy:83)
	at com.kms.katalon.core.webui.keyword.builtin.VerifyTextPresentKeyword.execute(VerifyTextPresentKeyword.groovy:68)
	at com.kms.katalon.core.keyword.internal.KeywordExecutor.executeKeywordForPlatform(KeywordExecutor.groovy:74)
	at com.kms.katalon.core.webui.keyword.WebUiBuiltInKeywords.verifyTextPresent(WebUiBuiltInKeywords.groovy:1762)
	at PSSIAddAccountInvalidPicFormat.run(PSSIAddAccountInvalidPicFormat:54)
	at com.kms.katalon.core.main.ScriptEngine.run(ScriptEngine.java:194)
	at com.kms.katalon.core.main.ScriptEngine.runScriptAsRawText(ScriptEngine.java:119)
	at com.kms.katalon.core.main.TestCaseExecutor.runScript(TestCaseExecutor.java:448)
	at com.kms.katalon.core.main.TestCaseExecutor.doExecute(TestCaseExecutor.java:439)
	at com.kms.katalon.core.main.TestCaseExecutor.processExecutionPhase(TestCaseExecutor.java:418)
	at com.kms.katalon.core.main.TestCaseExecutor.accessMainPhase(TestCaseExecutor.java:410)
	at com.kms.katalon.core.main.TestCaseExecutor.execute(TestCaseExecutor.java:285)
	at com.kms.katalon.core.main.TestCaseExecutor.execute(TestCaseExecutor.java:369)
	at com.kms.katalon.core.main.TestCaseExecutor.execute(TestCaseExecutor.java:369)
	at com.kms.katalon.core.main.TestCaseExecutor.execute(TestCaseExecutor.java:369)
	at com.kms.katalon.core.common.CommonExecutor.accessTestCaseMainPhase(CommonExecutor.java:65)
	at com.kms.katalon.core.main.TestSuiteExecutor.accessTestSuiteMainPhase(TestSuiteExecutor.java:148)
	at com.kms.katalon.core.main.TestSuiteExecutor.execute(TestSuiteExecutor.java:106)
	at com.kms.katalon.core.main.TestCaseMain.startTestSuite(TestCaseMain.java:180)
	at TempTestSuite1705637907664.run(TempTestSuite1705637907664.groovy:36)
	at java.base/jdk.internal.reflect.NativeMethodAccessorImpl.invoke0(Native Method)
	at java.base/jdk.internal.reflect.NativeMethodAccessorImpl.invoke(NativeMethodAccessorImpl.java:77)
	at java.base/jdk.internal.reflect.DelegatingMethodAccessorImpl.invoke(DelegatingMethodAccessorImpl.java:43)
Caused by: com.kms.katalon.core.exception.StepFailedException: Text 'Invalid picture format' is not present on page 
	at com.kms.katalon.core.webui.keyword.internal.WebUIKeywordMain.stepFailed(WebUIKeywordMain.groovy:64)
	at com.kms.katalon.core.webui.keyword.builtin.VerifyTextPresentKeyword$_verifyTextPresent_closure1.doCall(VerifyTextPresentKeyword.groovy:79)
	at com.kms.katalon.core.webui.keyword.builtin.VerifyTextPresentKeyword$_verifyTextPresent_closure1.call(VerifyTextPresentKeyword.groovy)
	at com.kms.katalon.core.webui.keyword.internal.WebUIKeywordMain.runKeyword(WebUIKeywordMain.groovy:20)
	... 23 more]]></system-err>
      </testcase>
      <testcase name="Test Cases/Offline PSSI Dashboard Function/Create BE Account Management/Add Account/Positive Test Case/PSSIAddAccountValidData" time="21.677" classname="Test Cases/Offline PSSI Dashboard Function/Create BE Account Management/Add Account/Positive Test Case/PSSIAddAccountValidData" status="PASSED">
         <system-out><![CDATA[19-01-2024T11:25:55 - [TEST_CASE][PASSED] - Test Cases/Offline PSSI Dashboard Function/Create BE Account Management/Add Account/Positive Test Case/PSSIAddAccountValidData: Test Cases/Offline PSSI Dashboard Function/Create BE Account Management/Add Account/Positive Test Case/PSSIAddAccountValidData

19-01-2024T11:25:56 - [TEST_STEP][PASSED] - failureHandling = STOP_ON_FAILURE: null

19-01-2024T11:25:56 - [TEST_STEP][PASSED] - baseUrl = offline_pssi_dashboard_url: null

19-01-2024T11:25:56 - [TEST_STEP][PASSED] - callTestCase(findTestCase("Offline PSSI Dashboard Function/Create BE Account Management/View Account Management/PSSIViewAccountManagement"), [:], failureHandling): Call Test Case 'Test Cases/Offline PSSI Dashboard Function/Create BE Account Management/View Account Management/PSSIViewAccountManagement' successfully

19-01-2024T11:25:56 - [TEST_CASE][PASSED] - Test Cases/Offline PSSI Dashboard Function/Create BE Account Management/View Account Management/PSSIViewAccountManagement: Test Cases/Offline PSSI Dashboard Function/Create BE Account Management/View Account Management/PSSIViewAccountManagement

19-01-2024T11:25:56 - [TEST_STEP][PASSED] - failureHandling = STOP_ON_FAILURE: null

19-01-2024T11:25:56 - [TEST_STEP][PASSED] - baseUrl = offline_pssi_dashboard_url: null

19-01-2024T11:25:56 - [TEST_STEP][PASSED] - callTestCase(findTestCase("Offline PSSI Dashboard Function/Sign In/PSSISignInValidData"), [:], failureHandling): Call Test Case 'Test Cases/Offline PSSI Dashboard Function/Sign In/PSSISignInValidData' successfully

19-01-2024T11:25:56 - [TEST_CASE][PASSED] - Test Cases/Offline PSSI Dashboard Function/Sign In/PSSISignInValidData: Test Cases/Offline PSSI Dashboard Function/Sign In/PSSISignInValidData

19-01-2024T11:25:56 - [TEST_STEP][PASSED] - failureHandling = STOP_ON_FAILURE: null

19-01-2024T11:25:56 - [TEST_STEP][PASSED] - baseUrl = offline_pssi_dashboard_url: null

19-01-2024T11:25:56 - [TEST_STEP][PASSED] - openBrowser(""): Browser is opened with url: ''

19-01-2024T11:25:56 - [MESSAGE][WARNING] - A browser is already opened. Closing browser and opening a new one

19-01-2024T11:25:56 - [MESSAGE][INFO] - Starting 'Chrome' driver

19-01-2024T11:25:56 - [MESSAGE][INFO] - User set preference: ['unhandledPromptBehaviour', 'ignore']

19-01-2024T11:25:56 - [MESSAGE][INFO] - User set preference: ['unexpectedAlertBehaviour', 'ignore']

19-01-2024T11:25:56 - [MESSAGE][INFO] - Action delay is set to 0 milliseconds

19-01-2024T11:25:57 - [MESSAGE][PASSED] - Browser is opened with url: ''

19-01-2024T11:25:57 - [TEST_STEP][PASSED] - navigateToUrl(baseUrl): Navigate to 'https://monitoring.pssi-dev.kecilin.id' successfully

19-01-2024T11:25:58 - [MESSAGE][PASSED] - Navigate to 'https://monitoring.pssi-dev.kecilin.id' successfully

19-01-2024T11:25:58 - [TEST_STEP][PASSED] - maximizeWindow(): Current window maximized

19-01-2024T11:25:59 - [MESSAGE][PASSED] - Current window maximized

19-01-2024T11:25:59 - [TEST_STEP][PASSED] - setText(findTestObject("Object Repository/Page_Login/input_email"), "superadmin@app.com"): Text 'superadmin@app.com' is set on object 'Object Repository/Page_Login/input_email'

19-01-2024T11:25:59 - [MESSAGE][PASSED] - Text 'superadmin@app.com' is set on object 'Object Repository/Page_Login/input_email'

19-01-2024T11:25:59 - [TEST_STEP][PASSED] - setEncryptedText(findTestObject("Object Repository/Page_Login/input_password"), "8SQVv/p9jVScEs4/2CZsLw=="): Text ****** has been set on object 'Object Repository/Page_Login/input_password'

19-01-2024T11:26:00 - [MESSAGE][PASSED] - Text ****** has been set on object 'Object Repository/Page_Login/input_password'

19-01-2024T11:26:00 - [TEST_STEP][PASSED] - click(findTestObject("Object Repository/Page_Login/button_Sign In")): Object: 'Object Repository/Page_Login/button_Sign In' is clicked on

19-01-2024T11:26:02 - [MESSAGE][PASSED] - Object: 'Object Repository/Page_Login/button_Sign In' is clicked on

19-01-2024T11:26:02 - [MESSAGE][PASSED] - Call Test Case 'Test Cases/Offline PSSI Dashboard Function/Sign In/PSSISignInValidData' successfully

19-01-2024T11:26:02 - [TEST_STEP][PASSED] - scrollToElement(findTestObject("Page_Dashboard/Account Management Sidebar"), 0): Scroll to object 'Object Repository/Page_Dashboard/Account Management Sidebar' successfully

19-01-2024T11:26:02 - [MESSAGE][WARNING] - Timeout '0' is invalid. Using default page load timeout: '1'

19-01-2024T11:26:04 - [MESSAGE][INFO] - Unable to find the element located by 'By.xpath: id("sidenav-collapse-main")/ul[@class="navbar-nav"]/li[@class="nav-item"]/a[@class="nav-link"][count(. | //a[@class = 'nav-link  ' and @href = '/accounts' and (text() = '
            
              
                
              
            
            Account Management
          ' or . = '
            
              
                
              
            
            Account Management
          ')]) = count(//a[@class = 'nav-link  ' and @href = '/accounts' and (text() = '
            
              
                
              
            
            Account Management
          ' or . = '
            
              
                
              
            
            Account Management
          ')])]'. Please recheck the objects properties to make sure the desired element is located. 

19-01-2024T11:26:04 - [MESSAGE][WARNING] - [SELF-HEALING] Failed to find element with id 'Object Repository/Page_Dashboard/Account Management Sidebar'. Try using Self-healing.

19-01-2024T11:26:04 - [MESSAGE][WARNING] - [SELF-HEALING] The current locator of test object 'Object Repository/Page_Dashboard/Account Management Sidebar' was broken. Propose an alternative one: '//div[@id='sidenav-collapse-main']/ul/li[12]/a'.

19-01-2024T11:26:04 - [MESSAGE][PASSED] - Scroll to object 'Object Repository/Page_Dashboard/Account Management Sidebar' successfully

19-01-2024T11:26:04 - [TEST_STEP][PASSED] - navigateToUrl(baseUrl + "/accounts", failureHandling): Navigate to 'https://monitoring.pssi-dev.kecilin.id/accounts' successfully

19-01-2024T11:26:05 - [MESSAGE][PASSED] - Navigate to 'https://monitoring.pssi-dev.kecilin.id/accounts' successfully

19-01-2024T11:26:05 - [MESSAGE][INFO] - 

19-01-2024T11:26:05 - [MESSAGE][INFO] - ===================== Self-healing Report ====================

19-01-2024T11:26:05 - [MESSAGE][INFO] - One of the failed test object locators has been recovered by Self-healing. Please refer to the Self-healing Insights tab for more details.

19-01-2024T11:26:05 - [MESSAGE][INFO] - To learn more about Self-healing, please read https://docs.katalon.com/katalon-studio/docs/self-healing.html

19-01-2024T11:26:05 - [MESSAGE][INFO] - ==============================================================

19-01-2024T11:26:05 - [MESSAGE][PASSED] - Call Test Case 'Test Cases/Offline PSSI Dashboard Function/Create BE Account Management/View Account Management/PSSIViewAccountManagement' successfully

19-01-2024T11:26:05 - [TEST_STEP][PASSED] - navigateToUrl(baseUrl + "/accounts/create", failureHandling): Navigate to 'https://monitoring.pssi-dev.kecilin.id/accounts/create' successfully

19-01-2024T11:26:06 - [MESSAGE][PASSED] - Navigate to 'https://monitoring.pssi-dev.kecilin.id/accounts/create' successfully

19-01-2024T11:26:06 - [TEST_STEP][PASSED] - verifyElementClickable(findTestObject("Page_Create Account/Name Field")): Object 'Object Repository/Page_Create Account/Name Field' is clickable

19-01-2024T11:26:06 - [MESSAGE][PASSED] - Object 'Object Repository/Page_Create Account/Name Field' is clickable

19-01-2024T11:26:06 - [TEST_STEP][PASSED] - setText(findTestObject("Page_Create Account/Name Field"), "hehehe"): Text 'hehehe' is set on object 'Object Repository/Page_Create Account/Name Field'

19-01-2024T11:26:07 - [MESSAGE][PASSED] - Text 'hehehe' is set on object 'Object Repository/Page_Create Account/Name Field'

19-01-2024T11:26:07 - [TEST_STEP][PASSED] - verifyElementClickable(findTestObject("Page_Create Account/Email Field")): Object 'Object Repository/Page_Create Account/Email Field' is clickable

19-01-2024T11:26:07 - [MESSAGE][PASSED] - Object 'Object Repository/Page_Create Account/Email Field' is clickable

19-01-2024T11:26:07 - [TEST_STEP][PASSED] - setText(findTestObject("Page_Create Account/Email Field"), "hehehe1@yoo.com"): Text 'hehehe1@yoo.com' is set on object 'Object Repository/Page_Create Account/Email Field'

19-01-2024T11:26:08 - [MESSAGE][PASSED] - Text 'hehehe1@yoo.com' is set on object 'Object Repository/Page_Create Account/Email Field'

19-01-2024T11:26:08 - [TEST_STEP][PASSED] - verifyElementClickable(findTestObject("Page_Create Account/Password Field")): Object 'Object Repository/Page_Create Account/Password Field' is clickable

19-01-2024T11:26:08 - [MESSAGE][PASSED] - Object 'Object Repository/Page_Create Account/Password Field' is clickable

19-01-2024T11:26:08 - [TEST_STEP][PASSED] - setText(findTestObject("Page_Create Account/Password Field"), "Password"): Text 'Password' is set on object 'Object Repository/Page_Create Account/Password Field'

19-01-2024T11:26:09 - [MESSAGE][PASSED] - Text 'Password' is set on object 'Object Repository/Page_Create Account/Password Field'

19-01-2024T11:26:09 - [TEST_STEP][PASSED] - verifyElementClickable(findTestObject("Page_Create Account/Role Selection")): Object 'Object Repository/Page_Create Account/Role Selection' is clickable

19-01-2024T11:26:09 - [MESSAGE][PASSED] - Object 'Object Repository/Page_Create Account/Role Selection' is clickable

19-01-2024T11:26:09 - [TEST_STEP][PASSED] - selectOptionByValue(findTestObject("Page_Create Account/Role Selection"), "Admin", true): All options with value 'Admin' are selected in object 'Object Repository/Page_Create Account/Role Selection'  using regular expression

19-01-2024T11:26:10 - [MESSAGE][PASSED] - All options with value 'Admin' are selected in object 'Object Repository/Page_Create Account/Role Selection'  using regular expression

19-01-2024T11:26:10 - [TEST_STEP][PASSED] - verifyElementClickable(findTestObject("Page_Create Account/Image Field")): Object 'Object Repository/Page_Create Account/Image Field' is clickable

19-01-2024T11:26:11 - [MESSAGE][PASSED] - Object 'Object Repository/Page_Create Account/Image Field' is clickable

19-01-2024T11:26:11 - [TEST_STEP][PASSED] - uploadFile(findTestObject("Page_Create Account/Image Field"), "C:\Users\USER\Downloads\unnamed (3).jpg"): File 'C:\Users\USER\Downloads\unnamed (3).jpg' sent to object: 'Object Repository/Page_Create Account/Image Field'

19-01-2024T11:26:11 - [MESSAGE][PASSED] - File 'C:\Users\USER\Downloads\unnamed (3).jpg' sent to object: 'Object Repository/Page_Create Account/Image Field'

19-01-2024T11:26:11 - [TEST_STEP][PASSED] - verifyElementClickable(findTestObject("Page_Create Account/Save Button")): Object 'Object Repository/Page_Create Account/Save Button' is clickable

19-01-2024T11:26:11 - [MESSAGE][PASSED] - Object 'Object Repository/Page_Create Account/Save Button' is clickable

19-01-2024T11:26:11 - [TEST_STEP][PASSED] - click(findTestObject("Page_Create Account/Save Button")): Object: 'Object Repository/Page_Create Account/Save Button' is clicked on

19-01-2024T11:26:13 - [MESSAGE][PASSED] - Object: 'Object Repository/Page_Create Account/Save Button' is clicked on

19-01-2024T11:26:13 - [TEST_STEP][PASSED] - verifyTextPresent("Add New", false): Text 'Add New' is present on page 

19-01-2024T11:26:14 - [MESSAGE][PASSED] - Text 'Add New' is present on page 

19-01-2024T11:26:14 - [TEST_STEP][PASSED] - verifyTextPresent("Status", false): Text 'Status' is present on page 

19-01-2024T11:26:15 - [MESSAGE][PASSED] - Text 'Status' is present on page 

19-01-2024T11:26:15 - [TEST_STEP][PASSED] - verifyTextPresent("Action", false): Text 'Action' is present on page 

19-01-2024T11:26:15 - [MESSAGE][PASSED] - Text 'Action' is present on page 

19-01-2024T11:26:15 - [TEST_STEP][PASSED] - verifyTextPresent("entries", false): Text 'entries' is present on page 

19-01-2024T11:26:16 - [MESSAGE][PASSED] - Text 'entries' is present on page 

19-01-2024T11:26:16 - [TEST_STEP][PASSED] - verifyTextPresent("hehehe", false): Text 'hehehe' is present on page 

19-01-2024T11:26:16 - [MESSAGE][PASSED] - Text 'hehehe' is present on page 

19-01-2024T11:26:16 - [TEST_STEP][PASSED] - closeBrowser(): Browser is closed

19-01-2024T11:26:17 - [MESSAGE][PASSED] - Browser is closed]]></system-out>
         <system-err><![CDATA[]]></system-err>
      </testcase>
      <system-out><![CDATA[19-01-2024T11:18:49 - [TEST_SUITE][FAILED] - Add Account Test Suite: Test Cases/Offline PSSI Dashboard Function/Create BE Account Management/Add Account/Negative Test Case/PSSIAddAccountDuplicateEmail FAILED.
Reason:
com.kms.katalon.core.exception.StepFailedException: Unable to verify text 'duplicate' is present 
	at com.kms.katalon.core.webui.keyword.internal.WebUIKeywordMain.stepFailed(WebUIKeywordMain.groovy:64)
	at com.kms.katalon.core.webui.keyword.internal.WebUIKeywordMain.runKeyword(WebUIKeywordMain.groovy:26)
	at com.kms.katalon.core.webui.keyword.builtin.VerifyTextPresentKeyword.verifyTextPresent(VerifyTextPresentKeyword.groovy:83)
	at com.kms.katalon.core.webui.keyword.builtin.VerifyTextPresentKeyword.execute(VerifyTextPresentKeyword.groovy:68)
	at com.kms.katalon.core.keyword.internal.KeywordExecutor.executeKeywordForPlatform(KeywordExecutor.groovy:74)
	at com.kms.katalon.core.webui.keyword.WebUiBuiltInKeywords.verifyTextPresent(WebUiBuiltInKeywords.groovy:1762)
	at PSSIAddAccountDuplicateEmail.run(PSSIAddAccountDuplicateEmail:54)
	at com.kms.katalon.core.main.ScriptEngine.run(ScriptEngine.java:194)
	at com.kms.katalon.core.main.ScriptEngine.runScriptAsRawText(ScriptEngine.java:119)
	at com.kms.katalon.core.main.TestCaseExecutor.runScript(TestCaseExecutor.java:448)
	at com.kms.katalon.core.main.TestCaseExecutor.doExecute(TestCaseExecutor.java:439)
	at com.kms.katalon.core.main.TestCaseExecutor.processExecutionPhase(TestCaseExecutor.java:418)
	at com.kms.katalon.core.main.TestCaseExecutor.accessMainPhase(TestCaseExecutor.java:410)
	at com.kms.katalon.core.main.TestCaseExecutor.execute(TestCaseExecutor.java:285)
	at com.kms.katalon.core.common.CommonExecutor.accessTestCaseMainPhase(CommonExecutor.java:65)
	at com.kms.katalon.core.main.TestSuiteExecutor.accessTestSuiteMainPhase(TestSuiteExecutor.java:148)
	at com.kms.katalon.core.main.TestSuiteExecutor.execute(TestSuiteExecutor.java:106)
	at com.kms.katalon.core.main.TestCaseMain.startTestSuite(TestCaseMain.java:180)
	at TempTestSuite1705637907664.run(TempTestSuite1705637907664.groovy:36)
	at java.base/jdk.internal.reflect.NativeMethodAccessorImpl.invoke0(Native Method)
	at java.base/jdk.internal.reflect.NativeMethodAccessorImpl.invoke(NativeMethodAccessorImpl.java:77)
	at java.base/jdk.internal.reflect.DelegatingMethodAccessorImpl.invoke(DelegatingMethodAccessorImpl.java:43)
Caused by: com.kms.katalon.core.exception.StepFailedException: Text 'duplicate' is not present on page 
	at com.kms.katalon.core.webui.keyword.internal.WebUIKeywordMain.stepFailed(WebUIKeywordMain.groovy:64)
	at com.kms.katalon.core.webui.keyword.builtin.VerifyTextPresentKeyword$_verifyTextPresent_closure1.doCall(VerifyTextPresentKeyword.groovy:79)
	at com.kms.katalon.core.webui.keyword.builtin.VerifyTextPresentKeyword$_verifyTextPresent_closure1.call(VerifyTextPresentKeyword.groovy)
	at com.kms.katalon.core.webui.keyword.internal.WebUIKeywordMain.runKeyword(WebUIKeywordMain.groovy:20)
	... 20 more]]></system-out>
      <system-err><![CDATA[19-01-2024T11:18:49 - [TEST_SUITE][FAILED] - Add Account Test Suite: Test Cases/Offline PSSI Dashboard Function/Create BE Account Management/Add Account/Negative Test Case/PSSIAddAccountDuplicateEmail FAILED.
Reason:
com.kms.katalon.core.exception.StepFailedException: Unable to verify text 'duplicate' is present 
	at com.kms.katalon.core.webui.keyword.internal.WebUIKeywordMain.stepFailed(WebUIKeywordMain.groovy:64)
	at com.kms.katalon.core.webui.keyword.internal.WebUIKeywordMain.runKeyword(WebUIKeywordMain.groovy:26)
	at com.kms.katalon.core.webui.keyword.builtin.VerifyTextPresentKeyword.verifyTextPresent(VerifyTextPresentKeyword.groovy:83)
	at com.kms.katalon.core.webui.keyword.builtin.VerifyTextPresentKeyword.execute(VerifyTextPresentKeyword.groovy:68)
	at com.kms.katalon.core.keyword.internal.KeywordExecutor.executeKeywordForPlatform(KeywordExecutor.groovy:74)
	at com.kms.katalon.core.webui.keyword.WebUiBuiltInKeywords.verifyTextPresent(WebUiBuiltInKeywords.groovy:1762)
	at PSSIAddAccountDuplicateEmail.run(PSSIAddAccountDuplicateEmail:54)
	at com.kms.katalon.core.main.ScriptEngine.run(ScriptEngine.java:194)
	at com.kms.katalon.core.main.ScriptEngine.runScriptAsRawText(ScriptEngine.java:119)
	at com.kms.katalon.core.main.TestCaseExecutor.runScript(TestCaseExecutor.java:448)
	at com.kms.katalon.core.main.TestCaseExecutor.doExecute(TestCaseExecutor.java:439)
	at com.kms.katalon.core.main.TestCaseExecutor.processExecutionPhase(TestCaseExecutor.java:418)
	at com.kms.katalon.core.main.TestCaseExecutor.accessMainPhase(TestCaseExecutor.java:410)
	at com.kms.katalon.core.main.TestCaseExecutor.execute(TestCaseExecutor.java:285)
	at com.kms.katalon.core.common.CommonExecutor.accessTestCaseMainPhase(CommonExecutor.java:65)
	at com.kms.katalon.core.main.TestSuiteExecutor.accessTestSuiteMainPhase(TestSuiteExecutor.java:148)
	at com.kms.katalon.core.main.TestSuiteExecutor.execute(TestSuiteExecutor.java:106)
	at com.kms.katalon.core.main.TestCaseMain.startTestSuite(TestCaseMain.java:180)
	at TempTestSuite1705637907664.run(TempTestSuite1705637907664.groovy:36)
	at java.base/jdk.internal.reflect.NativeMethodAccessorImpl.invoke0(Native Method)
	at java.base/jdk.internal.reflect.NativeMethodAccessorImpl.invoke(NativeMethodAccessorImpl.java:77)
	at java.base/jdk.internal.reflect.DelegatingMethodAccessorImpl.invoke(DelegatingMethodAccessorImpl.java:43)
Caused by: com.kms.katalon.core.exception.StepFailedException: Text 'duplicate' is not present on page 
	at com.kms.katalon.core.webui.keyword.internal.WebUIKeywordMain.stepFailed(WebUIKeywordMain.groovy:64)
	at com.kms.katalon.core.webui.keyword.builtin.VerifyTextPresentKeyword$_verifyTextPresent_closure1.doCall(VerifyTextPresentKeyword.groovy:79)
	at com.kms.katalon.core.webui.keyword.builtin.VerifyTextPresentKeyword$_verifyTextPresent_closure1.call(VerifyTextPresentKeyword.groovy)
	at com.kms.katalon.core.webui.keyword.internal.WebUIKeywordMain.runKeyword(WebUIKeywordMain.groovy:20)
	... 20 more]]></system-err>
   </testsuite>
   <testsuite name="Breadcrumb Navigation Test Suite" tests="2" failures="1" errors="1" time="94.586" skipped="0" timestamp="19-01-2024T11:26:51" hostname="USER - DESKTOP-HLRVE9S" id="Test Suites/Create BE Account Management/Breadcrumb Navigation Test Suite">
      <properties>
         <property name="deviceName" value=""/>
         <property name="devicePlatform" value=""/>
         <property name="logFolder" value="C:\\Users\\USER\\git\\Kecilin-Automation-Test\\Reports\\20240119_111826\\Create BE Account Management\\Breadcrumb Navigation Test Suite\\20240119_111829"/>
         <property name="logFiles" value="C:\\Users\\USER\\git\\Kecilin-Automation-Test\\Reports\\20240119_111826\\Create BE Account Management\\Breadcrumb Navigation Test Suite\\20240119_111829\\execution0.log"/>
         <property name="attachments" value="C:\\Users\\USER\\git\\Kecilin-Automation-Test\\Reports\\20240119_111826\\Create BE Account Management\\Breadcrumb Navigation Test Suite\\20240119_111829\\1705638476409.png, C:\\Users\\USER\\git\\Kecilin-Automation-Test\\Reports\\20240119_111826\\Create BE Account Management\\Breadcrumb Navigation Test Suite\\20240119_111829\\1705638487074.png, C:\\Users\\USER\\git\\Kecilin-Automation-Test\\Reports\\20240119_111826\\Create BE Account Management\\Breadcrumb Navigation Test Suite\\20240119_111829\\1705638496666.png, C:\\Users\\USER\\git\\Kecilin-Automation-Test\\Reports\\20240119_111826\\Create BE Account Management\\Breadcrumb Navigation Test Suite\\20240119_111829\\1705638506156.png"/>
         <property name="hostName" value="USER - DESKTOP-HLRVE9S"/>
         <property name="os" value="Windows 10 64bit"/>
         <property name="katalonVersion" value="9.2.0.212"/>
         <property name="browser" value="Chrome 120.0.0.0"/>
         <property name="hostAddress" value="192.168.100.189"/>
         <property name="sessionId" value="c700c30c1ae5a70d805a7d267ce6a50c"/>
         <property name="seleniumVersion" value="3.141.59"/>
         <property name="proxyInformation" value="ProxyInformation { proxyOption=NO_PROXY, proxyServerType=HTTP, username=, password=********, proxyServerAddress=, proxyServerPort=0, executionList=&quot;&quot;, isApplyToDesiredCapabilities=true }"/>
         <property name="platform" value="Windows 10"/>
      </properties>
      <testcase name="Test Cases/Offline PSSI Dashboard Function/Create BE Account Management/Breadcrumb Navigation/PSSIBreadcrumbInAddAccountPage" time="10.739" classname="Test Cases/Offline PSSI Dashboard Function/Create BE Account Management/Breadcrumb Navigation/PSSIBreadcrumbInAddAccountPage" status="ERROR">
         <error type="ERROR" message="Test Cases/Offline PSSI Dashboard Function/Create BE Account Management/Breadcrumb Navigation/PSSIBreadcrumbInAddAccountPage FAILED.&#xa;Reason:&#xa;groovy.lang.MissingMethodException: No signature of method: static com.kms.katalon.core.webui.keyword.WebUiBuiltInKeywords.scrollToElement() is applicable for argument types: (String, Integer) values: [Page_Account Management/Account Management Sidebar, 0]&#xa;Possible solutions: scrollToElement(com.kms.katalon.core.testobject.TestObject, int), scrollToElement(com.kms.katalon.core.testobject.TestObject, int, com.kms.katalon.core.model.FailureHandling)&#xa;	at PSSIBreadcrumbInAddAccountPage.run(PSSIBreadcrumbInAddAccountPage:29)&#xa;	at com.kms.katalon.core.main.ScriptEngine.run(ScriptEngine.java:194)&#xa;	at com.kms.katalon.core.main.ScriptEngine.runScriptAsRawText(ScriptEngine.java:119)&#xa;	at com.kms.katalon.core.main.TestCaseExecutor.runScript(TestCaseExecutor.java:448)&#xa;	at com.kms.katalon.core.main.TestCaseExecutor.doExecute(TestCaseExecutor.java:439)&#xa;	at com.kms.katalon.core.main.TestCaseExecutor.processExecutionPhase(TestCaseExecutor.java:418)&#xa;	at com.kms.katalon.core.main.TestCaseExecutor.accessMainPhase(TestCaseExecutor.java:410)&#xa;	at com.kms.katalon.core.main.TestCaseExecutor.execute(TestCaseExecutor.java:285)&#xa;	at com.kms.katalon.core.main.TestCaseExecutor.execute(TestCaseExecutor.java:369)&#xa;	at com.kms.katalon.core.main.TestCaseExecutor.execute(TestCaseExecutor.java:369)&#xa;	at com.kms.katalon.core.main.TestCaseExecutor.execute(TestCaseExecutor.java:369)&#xa;	at com.kms.katalon.core.common.CommonExecutor.accessTestCaseMainPhase(CommonExecutor.java:65)&#xa;	at com.kms.katalon.core.main.TestSuiteExecutor.accessTestSuiteMainPhase(TestSuiteExecutor.java:148)&#xa;	at com.kms.katalon.core.main.TestSuiteExecutor.execute(TestSuiteExecutor.java:106)&#xa;	at com.kms.katalon.core.main.TestCaseMain.startTestSuite(TestCaseMain.java:180)&#xa;	at TempTestSuite1705637909848.run(TempTestSuite1705637909848.groovy:36)&#xa;	at java.base/jdk.internal.reflect.NativeMethodAccessorImpl.invoke0(Native Method)&#xa;	at java.base/jdk.internal.reflect.NativeMethodAccessorImpl.invoke(NativeMethodAccessorImpl.java:77)&#xa;	at java.base/jdk.internal.reflect.DelegatingMethodAccessorImpl.invoke(DelegatingMethodAccessorImpl.java:43)&#xa;"/>
         <system-out><![CDATA[19-01-2024T11:27:34 - [TEST_CASE][ERROR] - Test Cases/Offline PSSI Dashboard Function/Create BE Account Management/Breadcrumb Navigation/PSSIBreadcrumbInAddAccountPage: Test Cases/Offline PSSI Dashboard Function/Create BE Account Management/Breadcrumb Navigation/PSSIBreadcrumbInAddAccountPage FAILED.
Reason:
groovy.lang.MissingMethodException: No signature of method: static com.kms.katalon.core.webui.keyword.WebUiBuiltInKeywords.scrollToElement() is applicable for argument types: (String, Integer) values: [Page_Account Management/Account Management Sidebar, 0]
Possible solutions: scrollToElement(com.kms.katalon.core.testobject.TestObject, int), scrollToElement(com.kms.katalon.core.testobject.TestObject, int, com.kms.katalon.core.model.FailureHandling)
	at PSSIBreadcrumbInAddAccountPage.run(PSSIBreadcrumbInAddAccountPage:29)
	at com.kms.katalon.core.main.ScriptEngine.run(ScriptEngine.java:194)
	at com.kms.katalon.core.main.ScriptEngine.runScriptAsRawText(ScriptEngine.java:119)
	at com.kms.katalon.core.main.TestCaseExecutor.runScript(TestCaseExecutor.java:448)
	at com.kms.katalon.core.main.TestCaseExecutor.doExecute(TestCaseExecutor.java:439)
	at com.kms.katalon.core.main.TestCaseExecutor.processExecutionPhase(TestCaseExecutor.java:418)
	at com.kms.katalon.core.main.TestCaseExecutor.accessMainPhase(TestCaseExecutor.java:410)
	at com.kms.katalon.core.main.TestCaseExecutor.execute(TestCaseExecutor.java:285)
	at com.kms.katalon.core.main.TestCaseExecutor.execute(TestCaseExecutor.java:369)
	at com.kms.katalon.core.main.TestCaseExecutor.execute(TestCaseExecutor.java:369)
	at com.kms.katalon.core.main.TestCaseExecutor.execute(TestCaseExecutor.java:369)
	at com.kms.katalon.core.common.CommonExecutor.accessTestCaseMainPhase(CommonExecutor.java:65)
	at com.kms.katalon.core.main.TestSuiteExecutor.accessTestSuiteMainPhase(TestSuiteExecutor.java:148)
	at com.kms.katalon.core.main.TestSuiteExecutor.execute(TestSuiteExecutor.java:106)
	at com.kms.katalon.core.main.TestCaseMain.startTestSuite(TestCaseMain.java:180)
	at TempTestSuite1705637909848.run(TempTestSuite1705637909848.groovy:36)
	at java.base/jdk.internal.reflect.NativeMethodAccessorImpl.invoke0(Native Method)
	at java.base/jdk.internal.reflect.NativeMethodAccessorImpl.invoke(NativeMethodAccessorImpl.java:77)
	at java.base/jdk.internal.reflect.DelegatingMethodAccessorImpl.invoke(DelegatingMethodAccessorImpl.java:43)


19-01-2024T11:27:34 - [TEST_STEP][PASSED] - failureHandling = STOP_ON_FAILURE: null

19-01-2024T11:27:34 - [TEST_STEP][PASSED] - baseUrl = offline_pssi_dashboard_url: null

19-01-2024T11:27:34 - [TEST_STEP][PASSED] - callTestCase(findTestCase("Offline PSSI Dashboard Function/Create BE Account Management/View Account Management/PSSIViewAccountManagement"), [:], failureHandling): Call Test Case 'Test Cases/Offline PSSI Dashboard Function/Create BE Account Management/View Account Management/PSSIViewAccountManagement' successfully

19-01-2024T11:27:34 - [TEST_CASE][PASSED] - Test Cases/Offline PSSI Dashboard Function/Create BE Account Management/View Account Management/PSSIViewAccountManagement: Test Cases/Offline PSSI Dashboard Function/Create BE Account Management/View Account Management/PSSIViewAccountManagement

19-01-2024T11:27:34 - [TEST_STEP][PASSED] - failureHandling = STOP_ON_FAILURE: null

19-01-2024T11:27:34 - [TEST_STEP][PASSED] - baseUrl = offline_pssi_dashboard_url: null

19-01-2024T11:27:34 - [TEST_STEP][PASSED] - callTestCase(findTestCase("Offline PSSI Dashboard Function/Sign In/PSSISignInValidData"), [:], failureHandling): Call Test Case 'Test Cases/Offline PSSI Dashboard Function/Sign In/PSSISignInValidData' successfully

19-01-2024T11:27:35 - [TEST_CASE][PASSED] - Test Cases/Offline PSSI Dashboard Function/Sign In/PSSISignInValidData: Test Cases/Offline PSSI Dashboard Function/Sign In/PSSISignInValidData

19-01-2024T11:27:35 - [TEST_STEP][PASSED] - failureHandling = STOP_ON_FAILURE: null

19-01-2024T11:27:35 - [TEST_STEP][PASSED] - baseUrl = offline_pssi_dashboard_url: null

19-01-2024T11:27:35 - [TEST_STEP][PASSED] - openBrowser(""): Browser is opened with url: ''

19-01-2024T11:27:35 - [MESSAGE][WARNING] - A browser is already opened. Closing browser and opening a new one

19-01-2024T11:27:36 - [MESSAGE][INFO] - Starting 'Chrome' driver

19-01-2024T11:27:36 - [MESSAGE][INFO] - User set preference: ['unhandledPromptBehaviour', 'ignore']

19-01-2024T11:27:36 - [MESSAGE][INFO] - User set preference: ['unexpectedAlertBehaviour', 'ignore']

19-01-2024T11:27:36 - [MESSAGE][INFO] - Action delay is set to 0 milliseconds

19-01-2024T11:27:37 - [MESSAGE][PASSED] - Browser is opened with url: ''

19-01-2024T11:27:37 - [TEST_STEP][PASSED] - navigateToUrl(baseUrl): Navigate to 'https://monitoring.pssi-dev.kecilin.id' successfully

19-01-2024T11:27:38 - [MESSAGE][PASSED] - Navigate to 'https://monitoring.pssi-dev.kecilin.id' successfully

19-01-2024T11:27:38 - [TEST_STEP][PASSED] - maximizeWindow(): Current window maximized

19-01-2024T11:27:38 - [MESSAGE][PASSED] - Current window maximized

19-01-2024T11:27:38 - [TEST_STEP][PASSED] - setText(findTestObject("Object Repository/Page_Login/input_email"), "superadmin@app.com"): Text 'superadmin@app.com' is set on object 'Object Repository/Page_Login/input_email'

19-01-2024T11:27:39 - [MESSAGE][PASSED] - Text 'superadmin@app.com' is set on object 'Object Repository/Page_Login/input_email'

19-01-2024T11:27:39 - [TEST_STEP][PASSED] - setEncryptedText(findTestObject("Object Repository/Page_Login/input_password"), "8SQVv/p9jVScEs4/2CZsLw=="): Text ****** has been set on object 'Object Repository/Page_Login/input_password'

19-01-2024T11:27:40 - [MESSAGE][PASSED] - Text ****** has been set on object 'Object Repository/Page_Login/input_password'

19-01-2024T11:27:40 - [TEST_STEP][PASSED] - click(findTestObject("Object Repository/Page_Login/button_Sign In")): Object: 'Object Repository/Page_Login/button_Sign In' is clicked on

19-01-2024T11:27:42 - [MESSAGE][PASSED] - Object: 'Object Repository/Page_Login/button_Sign In' is clicked on

19-01-2024T11:27:42 - [MESSAGE][PASSED] - Call Test Case 'Test Cases/Offline PSSI Dashboard Function/Sign In/PSSISignInValidData' successfully

19-01-2024T11:27:42 - [TEST_STEP][PASSED] - scrollToElement(findTestObject("Page_Dashboard/Account Management Sidebar"), 0): Scroll to object 'Object Repository/Page_Dashboard/Account Management Sidebar' successfully

19-01-2024T11:27:42 - [MESSAGE][WARNING] - Timeout '0' is invalid. Using default page load timeout: '1'

19-01-2024T11:27:44 - [MESSAGE][INFO] - Unable to find the element located by 'By.xpath: id("sidenav-collapse-main")/ul[@class="navbar-nav"]/li[@class="nav-item"]/a[@class="nav-link"][count(. | //a[@class = 'nav-link  ' and @href = '/accounts' and (text() = '
            
              
                
              
            
            Account Management
          ' or . = '
            
              
                
              
            
            Account Management
          ')]) = count(//a[@class = 'nav-link  ' and @href = '/accounts' and (text() = '
            
              
                
              
            
            Account Management
          ' or . = '
            
              
                
              
            
            Account Management
          ')])]'. Please recheck the objects properties to make sure the desired element is located. 

19-01-2024T11:27:44 - [MESSAGE][WARNING] - [SELF-HEALING] Failed to find element with id 'Object Repository/Page_Dashboard/Account Management Sidebar'. Try using Self-healing.

19-01-2024T11:27:44 - [MESSAGE][WARNING] - [SELF-HEALING] The current locator of test object 'Object Repository/Page_Dashboard/Account Management Sidebar' was broken. Propose an alternative one: '//div[@id='sidenav-collapse-main']/ul/li[12]/a'.

19-01-2024T11:27:44 - [MESSAGE][PASSED] - Scroll to object 'Object Repository/Page_Dashboard/Account Management Sidebar' successfully

19-01-2024T11:27:44 - [TEST_STEP][PASSED] - navigateToUrl(baseUrl + "/accounts", failureHandling): Navigate to 'https://monitoring.pssi-dev.kecilin.id/accounts' successfully

19-01-2024T11:27:45 - [MESSAGE][PASSED] - Navigate to 'https://monitoring.pssi-dev.kecilin.id/accounts' successfully

19-01-2024T11:27:45 - [MESSAGE][INFO] - 

19-01-2024T11:27:45 - [MESSAGE][INFO] - ===================== Self-healing Report ====================

19-01-2024T11:27:45 - [MESSAGE][INFO] - One of the failed test object locators has been recovered by Self-healing. Please refer to the Self-healing Insights tab for more details.

19-01-2024T11:27:45 - [MESSAGE][INFO] - To learn more about Self-healing, please read https://docs.katalon.com/katalon-studio/docs/self-healing.html

19-01-2024T11:27:45 - [MESSAGE][INFO] - ==============================================================

19-01-2024T11:27:45 - [MESSAGE][PASSED] - Call Test Case 'Test Cases/Offline PSSI Dashboard Function/Create BE Account Management/View Account Management/PSSIViewAccountManagement' successfully

19-01-2024T11:27:45 - [TEST_STEP][ERROR] - scrollToElement("Page_Account Management/Account Management Sidebar", 0): Test Cases/Offline PSSI Dashboard Function/Create BE Account Management/Breadcrumb Navigation/PSSIBreadcrumbInAddAccountPage FAILED.
Reason:
groovy.lang.MissingMethodException: No signature of method: static com.kms.katalon.core.webui.keyword.WebUiBuiltInKeywords.scrollToElement() is applicable for argument types: (String, Integer) values: [Page_Account Management/Account Management Sidebar, 0]
Possible solutions: scrollToElement(com.kms.katalon.core.testobject.TestObject, int), scrollToElement(com.kms.katalon.core.testobject.TestObject, int, com.kms.katalon.core.model.FailureHandling)
	at PSSIBreadcrumbInAddAccountPage.run(PSSIBreadcrumbInAddAccountPage:29)
	at com.kms.katalon.core.main.ScriptEngine.run(ScriptEngine.java:194)
	at com.kms.katalon.core.main.ScriptEngine.runScriptAsRawText(ScriptEngine.java:119)
	at com.kms.katalon.core.main.TestCaseExecutor.runScript(TestCaseExecutor.java:448)
	at com.kms.katalon.core.main.TestCaseExecutor.doExecute(TestCaseExecutor.java:439)
	at com.kms.katalon.core.main.TestCaseExecutor.processExecutionPhase(TestCaseExecutor.java:418)
	at com.kms.katalon.core.main.TestCaseExecutor.accessMainPhase(TestCaseExecutor.java:410)
	at com.kms.katalon.core.main.TestCaseExecutor.execute(TestCaseExecutor.java:285)
	at com.kms.katalon.core.main.TestCaseExecutor.execute(TestCaseExecutor.java:369)
	at com.kms.katalon.core.main.TestCaseExecutor.execute(TestCaseExecutor.java:369)
	at com.kms.katalon.core.main.TestCaseExecutor.execute(TestCaseExecutor.java:369)
	at com.kms.katalon.core.common.CommonExecutor.accessTestCaseMainPhase(CommonExecutor.java:65)
	at com.kms.katalon.core.main.TestSuiteExecutor.accessTestSuiteMainPhase(TestSuiteExecutor.java:148)
	at com.kms.katalon.core.main.TestSuiteExecutor.execute(TestSuiteExecutor.java:106)
	at com.kms.katalon.core.main.TestCaseMain.startTestSuite(TestCaseMain.java:180)
	at TempTestSuite1705637909848.run(TempTestSuite1705637909848.groovy:36)
	at java.base/jdk.internal.reflect.NativeMethodAccessorImpl.invoke0(Native Method)
	at java.base/jdk.internal.reflect.NativeMethodAccessorImpl.invoke(NativeMethodAccessorImpl.java:77)
	at java.base/jdk.internal.reflect.DelegatingMethodAccessorImpl.invoke(DelegatingMethodAccessorImpl.java:43)


19-01-2024T11:27:45 - [MESSAGE][ERROR] - Test Cases/Offline PSSI Dashboard Function/Create BE Account Management/Breadcrumb Navigation/PSSIBreadcrumbInAddAccountPage FAILED.
Reason:
groovy.lang.MissingMethodException: No signature of method: static com.kms.katalon.core.webui.keyword.WebUiBuiltInKeywords.scrollToElement() is applicable for argument types: (String, Integer) values: [Page_Account Management/Account Management Sidebar, 0]
Possible solutions: scrollToElement(com.kms.katalon.core.testobject.TestObject, int), scrollToElement(com.kms.katalon.core.testobject.TestObject, int, com.kms.katalon.core.model.FailureHandling)
	at PSSIBreadcrumbInAddAccountPage.run(PSSIBreadcrumbInAddAccountPage:29)
	at com.kms.katalon.core.main.ScriptEngine.run(ScriptEngine.java:194)
	at com.kms.katalon.core.main.ScriptEngine.runScriptAsRawText(ScriptEngine.java:119)
	at com.kms.katalon.core.main.TestCaseExecutor.runScript(TestCaseExecutor.java:448)
	at com.kms.katalon.core.main.TestCaseExecutor.doExecute(TestCaseExecutor.java:439)
	at com.kms.katalon.core.main.TestCaseExecutor.processExecutionPhase(TestCaseExecutor.java:418)
	at com.kms.katalon.core.main.TestCaseExecutor.accessMainPhase(TestCaseExecutor.java:410)
	at com.kms.katalon.core.main.TestCaseExecutor.execute(TestCaseExecutor.java:285)
	at com.kms.katalon.core.main.TestCaseExecutor.execute(TestCaseExecutor.java:369)
	at com.kms.katalon.core.main.TestCaseExecutor.execute(TestCaseExecutor.java:369)
	at com.kms.katalon.core.main.TestCaseExecutor.execute(TestCaseExecutor.java:369)
	at com.kms.katalon.core.common.CommonExecutor.accessTestCaseMainPhase(CommonExecutor.java:65)
	at com.kms.katalon.core.main.TestSuiteExecutor.accessTestSuiteMainPhase(TestSuiteExecutor.java:148)
	at com.kms.katalon.core.main.TestSuiteExecutor.execute(TestSuiteExecutor.java:106)
	at com.kms.katalon.core.main.TestCaseMain.startTestSuite(TestCaseMain.java:180)
	at TempTestSuite1705637909848.run(TempTestSuite1705637909848.groovy:36)
	at java.base/jdk.internal.reflect.NativeMethodAccessorImpl.invoke0(Native Method)
	at java.base/jdk.internal.reflect.NativeMethodAccessorImpl.invoke(NativeMethodAccessorImpl.java:77)
	at java.base/jdk.internal.reflect.DelegatingMethodAccessorImpl.invoke(DelegatingMethodAccessorImpl.java:43)]]></system-out>
         <system-err><![CDATA[19-01-2024T11:27:34 - [TEST_CASE][ERROR] - Test Cases/Offline PSSI Dashboard Function/Create BE Account Management/Breadcrumb Navigation/PSSIBreadcrumbInAddAccountPage: Test Cases/Offline PSSI Dashboard Function/Create BE Account Management/Breadcrumb Navigation/PSSIBreadcrumbInAddAccountPage FAILED.
Reason:
groovy.lang.MissingMethodException: No signature of method: static com.kms.katalon.core.webui.keyword.WebUiBuiltInKeywords.scrollToElement() is applicable for argument types: (String, Integer) values: [Page_Account Management/Account Management Sidebar, 0]
Possible solutions: scrollToElement(com.kms.katalon.core.testobject.TestObject, int), scrollToElement(com.kms.katalon.core.testobject.TestObject, int, com.kms.katalon.core.model.FailureHandling)
	at PSSIBreadcrumbInAddAccountPage.run(PSSIBreadcrumbInAddAccountPage:29)
	at com.kms.katalon.core.main.ScriptEngine.run(ScriptEngine.java:194)
	at com.kms.katalon.core.main.ScriptEngine.runScriptAsRawText(ScriptEngine.java:119)
	at com.kms.katalon.core.main.TestCaseExecutor.runScript(TestCaseExecutor.java:448)
	at com.kms.katalon.core.main.TestCaseExecutor.doExecute(TestCaseExecutor.java:439)
	at com.kms.katalon.core.main.TestCaseExecutor.processExecutionPhase(TestCaseExecutor.java:418)
	at com.kms.katalon.core.main.TestCaseExecutor.accessMainPhase(TestCaseExecutor.java:410)
	at com.kms.katalon.core.main.TestCaseExecutor.execute(TestCaseExecutor.java:285)
	at com.kms.katalon.core.main.TestCaseExecutor.execute(TestCaseExecutor.java:369)
	at com.kms.katalon.core.main.TestCaseExecutor.execute(TestCaseExecutor.java:369)
	at com.kms.katalon.core.main.TestCaseExecutor.execute(TestCaseExecutor.java:369)
	at com.kms.katalon.core.common.CommonExecutor.accessTestCaseMainPhase(CommonExecutor.java:65)
	at com.kms.katalon.core.main.TestSuiteExecutor.accessTestSuiteMainPhase(TestSuiteExecutor.java:148)
	at com.kms.katalon.core.main.TestSuiteExecutor.execute(TestSuiteExecutor.java:106)
	at com.kms.katalon.core.main.TestCaseMain.startTestSuite(TestCaseMain.java:180)
	at TempTestSuite1705637909848.run(TempTestSuite1705637909848.groovy:36)
	at java.base/jdk.internal.reflect.NativeMethodAccessorImpl.invoke0(Native Method)
	at java.base/jdk.internal.reflect.NativeMethodAccessorImpl.invoke(NativeMethodAccessorImpl.java:77)
	at java.base/jdk.internal.reflect.DelegatingMethodAccessorImpl.invoke(DelegatingMethodAccessorImpl.java:43)]]></system-err>
      </testcase>
      <testcase name="Test Cases/Offline PSSI Dashboard Function/Create BE Account Management/Breadcrumb Navigation/PSSIBreadcrumbInEditAccountPage" time="9.489" classname="Test Cases/Offline PSSI Dashboard Function/Create BE Account Management/Breadcrumb Navigation/PSSIBreadcrumbInEditAccountPage" status="FAILED">
         <failure type="FAILED" message="Test Cases/Offline PSSI Dashboard Function/Create BE Account Management/Breadcrumb Navigation/PSSIBreadcrumbInEditAccountPage FAILED.&#xa;Reason:&#xa;com.kms.katalon.core.exception.StepFailedException: Unable to verify object is present&#xa;	at com.kms.katalon.core.webui.keyword.internal.WebUIKeywordMain.stepFailed(WebUIKeywordMain.groovy:64)&#xa;	at com.kms.katalon.core.webui.keyword.internal.WebUIKeywordMain.runKeyword(WebUIKeywordMain.groovy:26)&#xa;	at com.kms.katalon.core.webui.keyword.builtin.VerifyElementPresentKeyword.verifyElementPresent(VerifyElementPresentKeyword.groovy:92)&#xa;	at com.kms.katalon.core.webui.keyword.builtin.VerifyElementPresentKeyword.execute(VerifyElementPresentKeyword.groovy:68)&#xa;	at com.kms.katalon.core.keyword.internal.KeywordExecutor.executeKeywordForPlatform(KeywordExecutor.groovy:74)&#xa;	at com.kms.katalon.core.webui.keyword.WebUiBuiltInKeywords.verifyElementPresent(WebUiBuiltInKeywords.groovy:1487)&#xa;	at PSSIBreadcrumbInEditAccountPage.run(PSSIBreadcrumbInEditAccountPage:34)&#xa;	at com.kms.katalon.core.main.ScriptEngine.run(ScriptEngine.java:194)&#xa;	at com.kms.katalon.core.main.ScriptEngine.runScriptAsRawText(ScriptEngine.java:119)&#xa;	at com.kms.katalon.core.main.TestCaseExecutor.runScript(TestCaseExecutor.java:448)&#xa;	at com.kms.katalon.core.main.TestCaseExecutor.doExecute(TestCaseExecutor.java:439)&#xa;	at com.kms.katalon.core.main.TestCaseExecutor.processExecutionPhase(TestCaseExecutor.java:418)&#xa;	at com.kms.katalon.core.main.TestCaseExecutor.accessMainPhase(TestCaseExecutor.java:410)&#xa;	at com.kms.katalon.core.main.TestCaseExecutor.execute(TestCaseExecutor.java:285)&#xa;	at com.kms.katalon.core.main.TestCaseExecutor.execute(TestCaseExecutor.java:369)&#xa;	at com.kms.katalon.core.main.TestCaseExecutor.execute(TestCaseExecutor.java:369)&#xa;	at com.kms.katalon.core.main.TestCaseExecutor.execute(TestCaseExecutor.java:369)&#xa;	at com.kms.katalon.core.common.CommonExecutor.accessTestCaseMainPhase(CommonExecutor.java:65)&#xa;	at com.kms.katalon.core.main.TestSuiteExecutor.accessTestSuiteMainPhase(TestSuiteExecutor.java:148)&#xa;	at com.kms.katalon.core.main.TestSuiteExecutor.execute(TestSuiteExecutor.java:106)&#xa;	at com.kms.katalon.core.main.TestCaseMain.startTestSuite(TestCaseMain.java:180)&#xa;	at TempTestSuite1705637909848.run(TempTestSuite1705637909848.groovy:36)&#xa;	at java.base/jdk.internal.reflect.NativeMethodAccessorImpl.invoke0(Native Method)&#xa;	at java.base/jdk.internal.reflect.NativeMethodAccessorImpl.invoke(NativeMethodAccessorImpl.java:77)&#xa;	at java.base/jdk.internal.reflect.DelegatingMethodAccessorImpl.invoke(DelegatingMethodAccessorImpl.java:43)&#xa;Caused by: java.lang.IllegalArgumentException: Object is null&#xa;	at com.kms.katalon.core.helper.KeywordHelper.checkTestObjectParameter(KeywordHelper.java:33)&#xa;	at com.kms.katalon.core.webui.keyword.builtin.VerifyElementPresentKeyword$_verifyElementPresent_closure1.doCall(VerifyElementPresentKeyword.groovy:76)&#xa;	at com.kms.katalon.core.webui.keyword.builtin.VerifyElementPresentKeyword$_verifyElementPresent_closure1.call(VerifyElementPresentKeyword.groovy)&#xa;	at com.kms.katalon.core.webui.keyword.internal.WebUIKeywordMain.runKeyword(WebUIKeywordMain.groovy:20)&#xa;	... 23 more&#xa;"/>
         <system-out><![CDATA[19-01-2024T11:28:16 - [TEST_CASE][FAILED] - Test Cases/Offline PSSI Dashboard Function/Create BE Account Management/Breadcrumb Navigation/PSSIBreadcrumbInEditAccountPage: Test Cases/Offline PSSI Dashboard Function/Create BE Account Management/Breadcrumb Navigation/PSSIBreadcrumbInEditAccountPage FAILED.
Reason:
com.kms.katalon.core.exception.StepFailedException: Unable to verify object is present
	at com.kms.katalon.core.webui.keyword.internal.WebUIKeywordMain.stepFailed(WebUIKeywordMain.groovy:64)
	at com.kms.katalon.core.webui.keyword.internal.WebUIKeywordMain.runKeyword(WebUIKeywordMain.groovy:26)
	at com.kms.katalon.core.webui.keyword.builtin.VerifyElementPresentKeyword.verifyElementPresent(VerifyElementPresentKeyword.groovy:92)
	at com.kms.katalon.core.webui.keyword.builtin.VerifyElementPresentKeyword.execute(VerifyElementPresentKeyword.groovy:68)
	at com.kms.katalon.core.keyword.internal.KeywordExecutor.executeKeywordForPlatform(KeywordExecutor.groovy:74)
	at com.kms.katalon.core.webui.keyword.WebUiBuiltInKeywords.verifyElementPresent(WebUiBuiltInKeywords.groovy:1487)
	at PSSIBreadcrumbInEditAccountPage.run(PSSIBreadcrumbInEditAccountPage:34)
	at com.kms.katalon.core.main.ScriptEngine.run(ScriptEngine.java:194)
	at com.kms.katalon.core.main.ScriptEngine.runScriptAsRawText(ScriptEngine.java:119)
	at com.kms.katalon.core.main.TestCaseExecutor.runScript(TestCaseExecutor.java:448)
	at com.kms.katalon.core.main.TestCaseExecutor.doExecute(TestCaseExecutor.java:439)
	at com.kms.katalon.core.main.TestCaseExecutor.processExecutionPhase(TestCaseExecutor.java:418)
	at com.kms.katalon.core.main.TestCaseExecutor.accessMainPhase(TestCaseExecutor.java:410)
	at com.kms.katalon.core.main.TestCaseExecutor.execute(TestCaseExecutor.java:285)
	at com.kms.katalon.core.main.TestCaseExecutor.execute(TestCaseExecutor.java:369)
	at com.kms.katalon.core.main.TestCaseExecutor.execute(TestCaseExecutor.java:369)
	at com.kms.katalon.core.main.TestCaseExecutor.execute(TestCaseExecutor.java:369)
	at com.kms.katalon.core.common.CommonExecutor.accessTestCaseMainPhase(CommonExecutor.java:65)
	at com.kms.katalon.core.main.TestSuiteExecutor.accessTestSuiteMainPhase(TestSuiteExecutor.java:148)
	at com.kms.katalon.core.main.TestSuiteExecutor.execute(TestSuiteExecutor.java:106)
	at com.kms.katalon.core.main.TestCaseMain.startTestSuite(TestCaseMain.java:180)
	at TempTestSuite1705637909848.run(TempTestSuite1705637909848.groovy:36)
	at java.base/jdk.internal.reflect.NativeMethodAccessorImpl.invoke0(Native Method)
	at java.base/jdk.internal.reflect.NativeMethodAccessorImpl.invoke(NativeMethodAccessorImpl.java:77)
	at java.base/jdk.internal.reflect.DelegatingMethodAccessorImpl.invoke(DelegatingMethodAccessorImpl.java:43)
Caused by: java.lang.IllegalArgumentException: Object is null
	at com.kms.katalon.core.helper.KeywordHelper.checkTestObjectParameter(KeywordHelper.java:33)
	at com.kms.katalon.core.webui.keyword.builtin.VerifyElementPresentKeyword$_verifyElementPresent_closure1.doCall(VerifyElementPresentKeyword.groovy:76)
	at com.kms.katalon.core.webui.keyword.builtin.VerifyElementPresentKeyword$_verifyElementPresent_closure1.call(VerifyElementPresentKeyword.groovy)
	at com.kms.katalon.core.webui.keyword.internal.WebUIKeywordMain.runKeyword(WebUIKeywordMain.groovy:20)
	... 23 more


19-01-2024T11:28:16 - [TEST_STEP][PASSED] - failureHandling = STOP_ON_FAILURE: null

19-01-2024T11:28:16 - [TEST_STEP][PASSED] - baseUrl = offline_pssi_dashboard_url: null

19-01-2024T11:28:16 - [TEST_STEP][PASSED] - callTestCase(findTestCase("Offline PSSI Dashboard Function/Create BE Account Management/View Account Management/PSSIViewAccountManagement"), [:], failureHandling): Call Test Case 'Test Cases/Offline PSSI Dashboard Function/Create BE Account Management/View Account Management/PSSIViewAccountManagement' successfully

19-01-2024T11:28:16 - [TEST_CASE][PASSED] - Test Cases/Offline PSSI Dashboard Function/Create BE Account Management/View Account Management/PSSIViewAccountManagement: Test Cases/Offline PSSI Dashboard Function/Create BE Account Management/View Account Management/PSSIViewAccountManagement

19-01-2024T11:28:16 - [TEST_STEP][PASSED] - failureHandling = STOP_ON_FAILURE: null

19-01-2024T11:28:16 - [TEST_STEP][PASSED] - baseUrl = offline_pssi_dashboard_url: null

19-01-2024T11:28:16 - [TEST_STEP][PASSED] - callTestCase(findTestCase("Offline PSSI Dashboard Function/Sign In/PSSISignInValidData"), [:], failureHandling): Call Test Case 'Test Cases/Offline PSSI Dashboard Function/Sign In/PSSISignInValidData' successfully

19-01-2024T11:28:17 - [TEST_CASE][PASSED] - Test Cases/Offline PSSI Dashboard Function/Sign In/PSSISignInValidData: Test Cases/Offline PSSI Dashboard Function/Sign In/PSSISignInValidData

19-01-2024T11:28:17 - [TEST_STEP][PASSED] - failureHandling = STOP_ON_FAILURE: null

19-01-2024T11:28:17 - [TEST_STEP][PASSED] - baseUrl = offline_pssi_dashboard_url: null

19-01-2024T11:28:17 - [TEST_STEP][PASSED] - openBrowser(""): Browser is opened with url: ''

19-01-2024T11:28:17 - [MESSAGE][WARNING] - A browser is already opened. Closing browser and opening a new one

19-01-2024T11:28:17 - [MESSAGE][INFO] - Starting 'Chrome' driver

19-01-2024T11:28:17 - [MESSAGE][INFO] - User set preference: ['unhandledPromptBehaviour', 'ignore']

19-01-2024T11:28:17 - [MESSAGE][INFO] - User set preference: ['unexpectedAlertBehaviour', 'ignore']

19-01-2024T11:28:17 - [MESSAGE][INFO] - Action delay is set to 0 milliseconds

19-01-2024T11:28:18 - [MESSAGE][PASSED] - Browser is opened with url: ''

19-01-2024T11:28:18 - [TEST_STEP][PASSED] - navigateToUrl(baseUrl): Navigate to 'https://monitoring.pssi-dev.kecilin.id' successfully

19-01-2024T11:28:19 - [MESSAGE][PASSED] - Navigate to 'https://monitoring.pssi-dev.kecilin.id' successfully

19-01-2024T11:28:19 - [TEST_STEP][PASSED] - maximizeWindow(): Current window maximized

19-01-2024T11:28:19 - [MESSAGE][PASSED] - Current window maximized

19-01-2024T11:28:19 - [TEST_STEP][PASSED] - setText(findTestObject("Object Repository/Page_Login/input_email"), "superadmin@app.com"): Text 'superadmin@app.com' is set on object 'Object Repository/Page_Login/input_email'

19-01-2024T11:28:20 - [MESSAGE][PASSED] - Text 'superadmin@app.com' is set on object 'Object Repository/Page_Login/input_email'

19-01-2024T11:28:20 - [TEST_STEP][PASSED] - setEncryptedText(findTestObject("Object Repository/Page_Login/input_password"), "8SQVv/p9jVScEs4/2CZsLw=="): Text ****** has been set on object 'Object Repository/Page_Login/input_password'

19-01-2024T11:28:20 - [MESSAGE][PASSED] - Text ****** has been set on object 'Object Repository/Page_Login/input_password'

19-01-2024T11:28:20 - [TEST_STEP][PASSED] - click(findTestObject("Object Repository/Page_Login/button_Sign In")): Object: 'Object Repository/Page_Login/button_Sign In' is clicked on

19-01-2024T11:28:22 - [MESSAGE][PASSED] - Object: 'Object Repository/Page_Login/button_Sign In' is clicked on

19-01-2024T11:28:22 - [MESSAGE][PASSED] - Call Test Case 'Test Cases/Offline PSSI Dashboard Function/Sign In/PSSISignInValidData' successfully

19-01-2024T11:28:22 - [TEST_STEP][PASSED] - scrollToElement(findTestObject("Page_Dashboard/Account Management Sidebar"), 0): Scroll to object 'Object Repository/Page_Dashboard/Account Management Sidebar' successfully

19-01-2024T11:28:22 - [MESSAGE][WARNING] - Timeout '0' is invalid. Using default page load timeout: '1'

19-01-2024T11:28:24 - [MESSAGE][INFO] - Unable to find the element located by 'By.xpath: id("sidenav-collapse-main")/ul[@class="navbar-nav"]/li[@class="nav-item"]/a[@class="nav-link"][count(. | //a[@class = 'nav-link  ' and @href = '/accounts' and (text() = '
            
              
                
              
            
            Account Management
          ' or . = '
            
              
                
              
            
            Account Management
          ')]) = count(//a[@class = 'nav-link  ' and @href = '/accounts' and (text() = '
            
              
                
              
            
            Account Management
          ' or . = '
            
              
                
              
            
            Account Management
          ')])]'. Please recheck the objects properties to make sure the desired element is located. 

19-01-2024T11:28:24 - [MESSAGE][WARNING] - [SELF-HEALING] Failed to find element with id 'Object Repository/Page_Dashboard/Account Management Sidebar'. Try using Self-healing.

19-01-2024T11:28:25 - [MESSAGE][WARNING] - [SELF-HEALING] The current locator of test object 'Object Repository/Page_Dashboard/Account Management Sidebar' was broken. Propose an alternative one: '//div[@id='sidenav-collapse-main']/ul/li[12]/a'.

19-01-2024T11:28:25 - [MESSAGE][PASSED] - Scroll to object 'Object Repository/Page_Dashboard/Account Management Sidebar' successfully

19-01-2024T11:28:25 - [TEST_STEP][PASSED] - navigateToUrl(baseUrl + "/accounts", failureHandling): Navigate to 'https://monitoring.pssi-dev.kecilin.id/accounts' successfully

19-01-2024T11:28:25 - [MESSAGE][PASSED] - Navigate to 'https://monitoring.pssi-dev.kecilin.id/accounts' successfully

19-01-2024T11:28:25 - [MESSAGE][INFO] - 

19-01-2024T11:28:25 - [MESSAGE][INFO] - ===================== Self-healing Report ====================

19-01-2024T11:28:25 - [MESSAGE][INFO] - One of the failed test object locators has been recovered by Self-healing. Please refer to the Self-healing Insights tab for more details.

19-01-2024T11:28:25 - [MESSAGE][INFO] - To learn more about Self-healing, please read https://docs.katalon.com/katalon-studio/docs/self-healing.html

19-01-2024T11:28:25 - [MESSAGE][INFO] - ==============================================================

19-01-2024T11:28:25 - [MESSAGE][PASSED] - Call Test Case 'Test Cases/Offline PSSI Dashboard Function/Create BE Account Management/View Account Management/PSSIViewAccountManagement' successfully

19-01-2024T11:28:25 - [TEST_STEP][PASSED] - navigateToUrl(baseUrl + "/accounts/edit/652c095d63d9d69bc80121ca", failureHandling): Navigate to 'https://monitoring.pssi-dev.kecilin.id/accounts/edit/652c095d63d9d69bc80121ca' successfully

19-01-2024T11:28:26 - [MESSAGE][PASSED] - Navigate to 'https://monitoring.pssi-dev.kecilin.id/accounts/edit/652c095d63d9d69bc80121ca' successfully

19-01-2024T11:28:26 - [TEST_STEP][FAILED] - verifyElementPresent(findTestObject("Page_Account Management Add Account/Account Management Breadcrumb"), 0, failureHandling): Unable to verify object is present (Root cause: com.kms.katalon.core.exception.StepFailedException: Unable to verify object is present
	at com.kms.katalon.core.webui.keyword.internal.WebUIKeywordMain.stepFailed(WebUIKeywordMain.groovy:64)
	at com.kms.katalon.core.webui.keyword.internal.WebUIKeywordMain.runKeyword(WebUIKeywordMain.groovy:26)
	at com.kms.katalon.core.webui.keyword.builtin.VerifyElementPresentKeyword.verifyElementPresent(VerifyElementPresentKeyword.groovy:92)
	at com.kms.katalon.core.webui.keyword.builtin.VerifyElementPresentKeyword.execute(VerifyElementPresentKeyword.groovy:68)
	at com.kms.katalon.core.keyword.internal.KeywordExecutor.executeKeywordForPlatform(KeywordExecutor.groovy:74)
	at com.kms.katalon.core.webui.keyword.WebUiBuiltInKeywords.verifyElementPresent(WebUiBuiltInKeywords.groovy:1487)
	at PSSIBreadcrumbInEditAccountPage.run(PSSIBreadcrumbInEditAccountPage:34)
	at com.kms.katalon.core.main.ScriptEngine.run(ScriptEngine.java:194)
	at com.kms.katalon.core.main.ScriptEngine.runScriptAsRawText(ScriptEngine.java:119)
	at com.kms.katalon.core.main.TestCaseExecutor.runScript(TestCaseExecutor.java:448)
	at com.kms.katalon.core.main.TestCaseExecutor.doExecute(TestCaseExecutor.java:439)
	at com.kms.katalon.core.main.TestCaseExecutor.processExecutionPhase(TestCaseExecutor.java:418)
	at com.kms.katalon.core.main.TestCaseExecutor.accessMainPhase(TestCaseExecutor.java:410)
	at com.kms.katalon.core.main.TestCaseExecutor.execute(TestCaseExecutor.java:285)
	at com.kms.katalon.core.main.TestCaseExecutor.execute(TestCaseExecutor.java:369)
	at com.kms.katalon.core.main.TestCaseExecutor.execute(TestCaseExecutor.java:369)
	at com.kms.katalon.core.main.TestCaseExecutor.execute(TestCaseExecutor.java:369)
	at com.kms.katalon.core.common.CommonExecutor.accessTestCaseMainPhase(CommonExecutor.java:65)
	at com.kms.katalon.core.main.TestSuiteExecutor.accessTestSuiteMainPhase(TestSuiteExecutor.java:148)
	at com.kms.katalon.core.main.TestSuiteExecutor.execute(TestSuiteExecutor.java:106)
	at com.kms.katalon.core.main.TestCaseMain.startTestSuite(TestCaseMain.java:180)
	at TempTestSuite1705637909848.run(TempTestSuite1705637909848.groovy:36)
	at java.base/jdk.internal.reflect.NativeMethodAccessorImpl.invoke0(Native Method)
	at java.base/jdk.internal.reflect.NativeMethodAccessorImpl.invoke(NativeMethodAccessorImpl.java:77)
	at java.base/jdk.internal.reflect.DelegatingMethodAccessorImpl.invoke(DelegatingMethodAccessorImpl.java:43)
Caused by: java.lang.IllegalArgumentException: Object is null
	at com.kms.katalon.core.helper.KeywordHelper.checkTestObjectParameter(KeywordHelper.java:33)
	at com.kms.katalon.core.webui.keyword.builtin.VerifyElementPresentKeyword$_verifyElementPresent_closure1.doCall(VerifyElementPresentKeyword.groovy:76)
	at com.kms.katalon.core.webui.keyword.builtin.VerifyElementPresentKeyword$_verifyElementPresent_closure1.call(VerifyElementPresentKeyword.groovy)
	at com.kms.katalon.core.webui.keyword.internal.WebUIKeywordMain.runKeyword(WebUIKeywordMain.groovy:20)
	at com.kms.katalon.core.webui.keyword.builtin.VerifyElementPresentKeyword.verifyElementPresent(VerifyElementPresentKeyword.groovy:92)
	at com.kms.katalon.core.webui.keyword.builtin.VerifyElementPresentKeyword.execute(VerifyElementPresentKeyword.groovy:68)
	at com.kms.katalon.core.keyword.internal.KeywordExecutor.executeKeywordForPlatform(KeywordExecutor.groovy:74)
	at com.kms.katalon.core.webui.keyword.WebUiBuiltInKeywords.verifyElementPresent(WebUiBuiltInKeywords.groovy:1487)
	at Script1705557593902.run(Script1705557593902.groovy:34)
	... 18 more
)

19-01-2024T11:28:26 - [MESSAGE][WARNING] - Test object with id 'Object Repository/Page_Account Management Add Account/Account Management Breadcrumb' does not exist

19-01-2024T11:28:26 - [MESSAGE][WARNING] - Test object with id 'Object Repository/' does not exist

19-01-2024T11:28:26 - [MESSAGE][FAILED] - Unable to verify object is present (Root cause: com.kms.katalon.core.exception.StepFailedException: Unable to verify object is present
	at com.kms.katalon.core.webui.keyword.internal.WebUIKeywordMain.stepFailed(WebUIKeywordMain.groovy:64)
	at com.kms.katalon.core.webui.keyword.internal.WebUIKeywordMain.runKeyword(WebUIKeywordMain.groovy:26)
	at com.kms.katalon.core.webui.keyword.builtin.VerifyElementPresentKeyword.verifyElementPresent(VerifyElementPresentKeyword.groovy:92)
	at com.kms.katalon.core.webui.keyword.builtin.VerifyElementPresentKeyword.execute(VerifyElementPresentKeyword.groovy:68)
	at com.kms.katalon.core.keyword.internal.KeywordExecutor.executeKeywordForPlatform(KeywordExecutor.groovy:74)
	at com.kms.katalon.core.webui.keyword.WebUiBuiltInKeywords.verifyElementPresent(WebUiBuiltInKeywords.groovy:1487)
	at PSSIBreadcrumbInEditAccountPage.run(PSSIBreadcrumbInEditAccountPage:34)
	at com.kms.katalon.core.main.ScriptEngine.run(ScriptEngine.java:194)
	at com.kms.katalon.core.main.ScriptEngine.runScriptAsRawText(ScriptEngine.java:119)
	at com.kms.katalon.core.main.TestCaseExecutor.runScript(TestCaseExecutor.java:448)
	at com.kms.katalon.core.main.TestCaseExecutor.doExecute(TestCaseExecutor.java:439)
	at com.kms.katalon.core.main.TestCaseExecutor.processExecutionPhase(TestCaseExecutor.java:418)
	at com.kms.katalon.core.main.TestCaseExecutor.accessMainPhase(TestCaseExecutor.java:410)
	at com.kms.katalon.core.main.TestCaseExecutor.execute(TestCaseExecutor.java:285)
	at com.kms.katalon.core.main.TestCaseExecutor.execute(TestCaseExecutor.java:369)
	at com.kms.katalon.core.main.TestCaseExecutor.execute(TestCaseExecutor.java:369)
	at com.kms.katalon.core.main.TestCaseExecutor.execute(TestCaseExecutor.java:369)
	at com.kms.katalon.core.common.CommonExecutor.accessTestCaseMainPhase(CommonExecutor.java:65)
	at com.kms.katalon.core.main.TestSuiteExecutor.accessTestSuiteMainPhase(TestSuiteExecutor.java:148)
	at com.kms.katalon.core.main.TestSuiteExecutor.execute(TestSuiteExecutor.java:106)
	at com.kms.katalon.core.main.TestCaseMain.startTestSuite(TestCaseMain.java:180)
	at TempTestSuite1705637909848.run(TempTestSuite1705637909848.groovy:36)
	at java.base/jdk.internal.reflect.NativeMethodAccessorImpl.invoke0(Native Method)
	at java.base/jdk.internal.reflect.NativeMethodAccessorImpl.invoke(NativeMethodAccessorImpl.java:77)
	at java.base/jdk.internal.reflect.DelegatingMethodAccessorImpl.invoke(DelegatingMethodAccessorImpl.java:43)
Caused by: java.lang.IllegalArgumentException: Object is null
	at com.kms.katalon.core.helper.KeywordHelper.checkTestObjectParameter(KeywordHelper.java:33)
	at com.kms.katalon.core.webui.keyword.builtin.VerifyElementPresentKeyword$_verifyElementPresent_closure1.doCall(VerifyElementPresentKeyword.groovy:76)
	at com.kms.katalon.core.webui.keyword.builtin.VerifyElementPresentKeyword$_verifyElementPresent_closure1.call(VerifyElementPresentKeyword.groovy)
	at com.kms.katalon.core.webui.keyword.internal.WebUIKeywordMain.runKeyword(WebUIKeywordMain.groovy:20)
	at com.kms.katalon.core.webui.keyword.builtin.VerifyElementPresentKeyword.verifyElementPresent(VerifyElementPresentKeyword.groovy:92)
	at com.kms.katalon.core.webui.keyword.builtin.VerifyElementPresentKeyword.execute(VerifyElementPresentKeyword.groovy:68)
	at com.kms.katalon.core.keyword.internal.KeywordExecutor.executeKeywordForPlatform(KeywordExecutor.groovy:74)
	at com.kms.katalon.core.webui.keyword.WebUiBuiltInKeywords.verifyElementPresent(WebUiBuiltInKeywords.groovy:1487)
	at Script1705557593902.run(Script1705557593902.groovy:34)
	... 18 more
)
[[ATTACHMENT|C:\\Users\\USER\\git\\Kecilin-Automation-Test\\Reports\\20240119_111826\\Create BE Account Management\\Breadcrumb Navigation Test Suite\\20240119_111829\\1705638506156.png]]]]></system-out>
         <system-err><![CDATA[19-01-2024T11:28:16 - [TEST_CASE][FAILED] - Test Cases/Offline PSSI Dashboard Function/Create BE Account Management/Breadcrumb Navigation/PSSIBreadcrumbInEditAccountPage: Test Cases/Offline PSSI Dashboard Function/Create BE Account Management/Breadcrumb Navigation/PSSIBreadcrumbInEditAccountPage FAILED.
Reason:
com.kms.katalon.core.exception.StepFailedException: Unable to verify object is present
	at com.kms.katalon.core.webui.keyword.internal.WebUIKeywordMain.stepFailed(WebUIKeywordMain.groovy:64)
	at com.kms.katalon.core.webui.keyword.internal.WebUIKeywordMain.runKeyword(WebUIKeywordMain.groovy:26)
	at com.kms.katalon.core.webui.keyword.builtin.VerifyElementPresentKeyword.verifyElementPresent(VerifyElementPresentKeyword.groovy:92)
	at com.kms.katalon.core.webui.keyword.builtin.VerifyElementPresentKeyword.execute(VerifyElementPresentKeyword.groovy:68)
	at com.kms.katalon.core.keyword.internal.KeywordExecutor.executeKeywordForPlatform(KeywordExecutor.groovy:74)
	at com.kms.katalon.core.webui.keyword.WebUiBuiltInKeywords.verifyElementPresent(WebUiBuiltInKeywords.groovy:1487)
	at PSSIBreadcrumbInEditAccountPage.run(PSSIBreadcrumbInEditAccountPage:34)
	at com.kms.katalon.core.main.ScriptEngine.run(ScriptEngine.java:194)
	at com.kms.katalon.core.main.ScriptEngine.runScriptAsRawText(ScriptEngine.java:119)
	at com.kms.katalon.core.main.TestCaseExecutor.runScript(TestCaseExecutor.java:448)
	at com.kms.katalon.core.main.TestCaseExecutor.doExecute(TestCaseExecutor.java:439)
	at com.kms.katalon.core.main.TestCaseExecutor.processExecutionPhase(TestCaseExecutor.java:418)
	at com.kms.katalon.core.main.TestCaseExecutor.accessMainPhase(TestCaseExecutor.java:410)
	at com.kms.katalon.core.main.TestCaseExecutor.execute(TestCaseExecutor.java:285)
	at com.kms.katalon.core.main.TestCaseExecutor.execute(TestCaseExecutor.java:369)
	at com.kms.katalon.core.main.TestCaseExecutor.execute(TestCaseExecutor.java:369)
	at com.kms.katalon.core.main.TestCaseExecutor.execute(TestCaseExecutor.java:369)
	at com.kms.katalon.core.common.CommonExecutor.accessTestCaseMainPhase(CommonExecutor.java:65)
	at com.kms.katalon.core.main.TestSuiteExecutor.accessTestSuiteMainPhase(TestSuiteExecutor.java:148)
	at com.kms.katalon.core.main.TestSuiteExecutor.execute(TestSuiteExecutor.java:106)
	at com.kms.katalon.core.main.TestCaseMain.startTestSuite(TestCaseMain.java:180)
	at TempTestSuite1705637909848.run(TempTestSuite1705637909848.groovy:36)
	at java.base/jdk.internal.reflect.NativeMethodAccessorImpl.invoke0(Native Method)
	at java.base/jdk.internal.reflect.NativeMethodAccessorImpl.invoke(NativeMethodAccessorImpl.java:77)
	at java.base/jdk.internal.reflect.DelegatingMethodAccessorImpl.invoke(DelegatingMethodAccessorImpl.java:43)
Caused by: java.lang.IllegalArgumentException: Object is null
	at com.kms.katalon.core.helper.KeywordHelper.checkTestObjectParameter(KeywordHelper.java:33)
	at com.kms.katalon.core.webui.keyword.builtin.VerifyElementPresentKeyword$_verifyElementPresent_closure1.doCall(VerifyElementPresentKeyword.groovy:76)
	at com.kms.katalon.core.webui.keyword.builtin.VerifyElementPresentKeyword$_verifyElementPresent_closure1.call(VerifyElementPresentKeyword.groovy)
	at com.kms.katalon.core.webui.keyword.internal.WebUIKeywordMain.runKeyword(WebUIKeywordMain.groovy:20)
	... 23 more]]></system-err>
      </testcase>
      <system-out><![CDATA[19-01-2024T11:26:51 - [TEST_SUITE][ERROR] - Breadcrumb Navigation Test Suite: Test Cases/Offline PSSI Dashboard Function/Create BE Account Management/Breadcrumb Navigation/PSSIBreadcrumbInAddAccountPage FAILED.
Reason:
groovy.lang.MissingMethodException: No signature of method: static com.kms.katalon.core.webui.keyword.WebUiBuiltInKeywords.scrollToElement() is applicable for argument types: (String, Integer) values: [Page_Account Management/Account Management Sidebar, 0]
Possible solutions: scrollToElement(com.kms.katalon.core.testobject.TestObject, int), scrollToElement(com.kms.katalon.core.testobject.TestObject, int, com.kms.katalon.core.model.FailureHandling)
	at PSSIBreadcrumbInAddAccountPage.run(PSSIBreadcrumbInAddAccountPage:29)
	at com.kms.katalon.core.main.ScriptEngine.run(ScriptEngine.java:194)
	at com.kms.katalon.core.main.ScriptEngine.runScriptAsRawText(ScriptEngine.java:119)
	at com.kms.katalon.core.main.TestCaseExecutor.runScript(TestCaseExecutor.java:448)
	at com.kms.katalon.core.main.TestCaseExecutor.doExecute(TestCaseExecutor.java:439)
	at com.kms.katalon.core.main.TestCaseExecutor.processExecutionPhase(TestCaseExecutor.java:418)
	at com.kms.katalon.core.main.TestCaseExecutor.accessMainPhase(TestCaseExecutor.java:410)
	at com.kms.katalon.core.main.TestCaseExecutor.execute(TestCaseExecutor.java:285)
	at com.kms.katalon.core.common.CommonExecutor.accessTestCaseMainPhase(CommonExecutor.java:65)
	at com.kms.katalon.core.main.TestSuiteExecutor.accessTestSuiteMainPhase(TestSuiteExecutor.java:148)
	at com.kms.katalon.core.main.TestSuiteExecutor.execute(TestSuiteExecutor.java:106)
	at com.kms.katalon.core.main.TestCaseMain.startTestSuite(TestCaseMain.java:180)
	at TempTestSuite1705637909848.run(TempTestSuite1705637909848.groovy:36)
	at java.base/jdk.internal.reflect.NativeMethodAccessorImpl.invoke0(Native Method)
	at java.base/jdk.internal.reflect.NativeMethodAccessorImpl.invoke(NativeMethodAccessorImpl.java:77)
	at java.base/jdk.internal.reflect.DelegatingMethodAccessorImpl.invoke(DelegatingMethodAccessorImpl.java:43)]]></system-out>
      <system-err><![CDATA[19-01-2024T11:26:51 - [TEST_SUITE][ERROR] - Breadcrumb Navigation Test Suite: Test Cases/Offline PSSI Dashboard Function/Create BE Account Management/Breadcrumb Navigation/PSSIBreadcrumbInAddAccountPage FAILED.
Reason:
groovy.lang.MissingMethodException: No signature of method: static com.kms.katalon.core.webui.keyword.WebUiBuiltInKeywords.scrollToElement() is applicable for argument types: (String, Integer) values: [Page_Account Management/Account Management Sidebar, 0]
Possible solutions: scrollToElement(com.kms.katalon.core.testobject.TestObject, int), scrollToElement(com.kms.katalon.core.testobject.TestObject, int, com.kms.katalon.core.model.FailureHandling)
	at PSSIBreadcrumbInAddAccountPage.run(PSSIBreadcrumbInAddAccountPage:29)
	at com.kms.katalon.core.main.ScriptEngine.run(ScriptEngine.java:194)
	at com.kms.katalon.core.main.ScriptEngine.runScriptAsRawText(ScriptEngine.java:119)
	at com.kms.katalon.core.main.TestCaseExecutor.runScript(TestCaseExecutor.java:448)
	at com.kms.katalon.core.main.TestCaseExecutor.doExecute(TestCaseExecutor.java:439)
	at com.kms.katalon.core.main.TestCaseExecutor.processExecutionPhase(TestCaseExecutor.java:418)
	at com.kms.katalon.core.main.TestCaseExecutor.accessMainPhase(TestCaseExecutor.java:410)
	at com.kms.katalon.core.main.TestCaseExecutor.execute(TestCaseExecutor.java:285)
	at com.kms.katalon.core.common.CommonExecutor.accessTestCaseMainPhase(CommonExecutor.java:65)
	at com.kms.katalon.core.main.TestSuiteExecutor.accessTestSuiteMainPhase(TestSuiteExecutor.java:148)
	at com.kms.katalon.core.main.TestSuiteExecutor.execute(TestSuiteExecutor.java:106)
	at com.kms.katalon.core.main.TestCaseMain.startTestSuite(TestCaseMain.java:180)
	at TempTestSuite1705637909848.run(TempTestSuite1705637909848.groovy:36)
	at java.base/jdk.internal.reflect.NativeMethodAccessorImpl.invoke0(Native Method)
	at java.base/jdk.internal.reflect.NativeMethodAccessorImpl.invoke(NativeMethodAccessorImpl.java:77)
	at java.base/jdk.internal.reflect.DelegatingMethodAccessorImpl.invoke(DelegatingMethodAccessorImpl.java:43)]]></system-err>
   </testsuite>
   <testsuite name="Data Entries and Pages Test Suite" tests="1" failures="0" errors="0" time="23.053" skipped="0" timestamp="19-01-2024T11:28:56" hostname="USER - DESKTOP-HLRVE9S" id="Test Suites/Create BE Account Management/Data Entries and Pages Test Suite">
      <properties>
         <property name="deviceName" value=""/>
         <property name="devicePlatform" value=""/>
         <property name="logFolder" value="C:\\Users\\USER\\git\\Kecilin-Automation-Test\\Reports\\20240119_111826\\Create BE Account Management\\Data Entries and Pages Test Suite\\20240119_111831"/>
         <property name="logFiles" value="C:\\Users\\USER\\git\\Kecilin-Automation-Test\\Reports\\20240119_111826\\Create BE Account Management\\Data Entries and Pages Test Suite\\20240119_111831\\execution0.log"/>
         <property name="attachments" value=""/>
         <property name="hostName" value="USER - DESKTOP-HLRVE9S"/>
         <property name="os" value="Windows 10 64bit"/>
         <property name="katalonVersion" value="9.2.0.212"/>
         <property name="browser" value="Chrome 120.0.0.0"/>
         <property name="hostAddress" value="192.168.100.189"/>
         <property name="sessionId" value="92fd0987122ca70e8c7d0fe4d99216ed"/>
         <property name="seleniumVersion" value="3.141.59"/>
         <property name="proxyInformation" value="ProxyInformation { proxyOption=NO_PROXY, proxyServerType=HTTP, username=, password=********, proxyServerAddress=, proxyServerPort=0, executionList=&quot;&quot;, isApplyToDesiredCapabilities=true }"/>
         <property name="platform" value="Windows 10"/>
      </properties>
      <testcase name="Test Cases/Offline PSSI Dashboard Function/Create BE Account Management/Data Entries and Pages/PSSIAccountManagementEntriesAndPages" time="22.427" classname="Test Cases/Offline PSSI Dashboard Function/Create BE Account Management/Data Entries and Pages/PSSIAccountManagementEntriesAndPages" status="PASSED">
         <system-out><![CDATA[19-01-2024T11:28:57 - [TEST_CASE][PASSED] - Test Cases/Offline PSSI Dashboard Function/Create BE Account Management/Data Entries and Pages/PSSIAccountManagementEntriesAndPages: Test Cases/Offline PSSI Dashboard Function/Create BE Account Management/Data Entries and Pages/PSSIAccountManagementEntriesAndPages

19-01-2024T11:28:57 - [TEST_STEP][PASSED] - failureHandling = STOP_ON_FAILURE: null

19-01-2024T11:28:57 - [TEST_STEP][PASSED] - baseUrl = offline_pssi_dashboard_url: null

19-01-2024T11:28:59 - [TEST_STEP][PASSED] - callTestCase(findTestCase("Offline PSSI Dashboard Function/Create BE Account Management/View Account Management/PSSIViewAccountManagement"), [:], failureHandling): Call Test Case 'Test Cases/Offline PSSI Dashboard Function/Create BE Account Management/View Account Management/PSSIViewAccountManagement' successfully

19-01-2024T11:28:59 - [TEST_CASE][PASSED] - Test Cases/Offline PSSI Dashboard Function/Create BE Account Management/View Account Management/PSSIViewAccountManagement: Test Cases/Offline PSSI Dashboard Function/Create BE Account Management/View Account Management/PSSIViewAccountManagement

19-01-2024T11:28:59 - [TEST_STEP][PASSED] - failureHandling = STOP_ON_FAILURE: null

19-01-2024T11:28:59 - [TEST_STEP][PASSED] - baseUrl = offline_pssi_dashboard_url: null

19-01-2024T11:28:59 - [TEST_STEP][PASSED] - callTestCase(findTestCase("Offline PSSI Dashboard Function/Sign In/PSSISignInValidData"), [:], failureHandling): Call Test Case 'Test Cases/Offline PSSI Dashboard Function/Sign In/PSSISignInValidData' successfully

19-01-2024T11:29:00 - [TEST_CASE][PASSED] - Test Cases/Offline PSSI Dashboard Function/Sign In/PSSISignInValidData: Test Cases/Offline PSSI Dashboard Function/Sign In/PSSISignInValidData

19-01-2024T11:29:00 - [TEST_STEP][PASSED] - failureHandling = STOP_ON_FAILURE: null

19-01-2024T11:29:00 - [TEST_STEP][PASSED] - baseUrl = offline_pssi_dashboard_url: null

19-01-2024T11:29:00 - [TEST_STEP][PASSED] - openBrowser(""): Browser is opened with url: ''

19-01-2024T11:29:00 - [MESSAGE][INFO] - Starting 'Chrome' driver

19-01-2024T11:29:00 - [MESSAGE][INFO] - User set preference: ['unhandledPromptBehaviour', 'ignore']

19-01-2024T11:29:00 - [MESSAGE][INFO] - User set preference: ['unexpectedAlertBehaviour', 'ignore']

19-01-2024T11:29:00 - [MESSAGE][INFO] - Action delay is set to 0 milliseconds

19-01-2024T11:29:03 - [MESSAGE][PASSED] - Browser is opened with url: ''

19-01-2024T11:29:03 - [TEST_STEP][PASSED] - navigateToUrl(baseUrl): Navigate to 'https://monitoring.pssi-dev.kecilin.id' successfully

19-01-2024T11:29:05 - [MESSAGE][PASSED] - Navigate to 'https://monitoring.pssi-dev.kecilin.id' successfully

19-01-2024T11:29:05 - [TEST_STEP][PASSED] - maximizeWindow(): Current window maximized

19-01-2024T11:29:05 - [MESSAGE][PASSED] - Current window maximized

19-01-2024T11:29:05 - [TEST_STEP][PASSED] - setText(findTestObject("Object Repository/Page_Login/input_email"), "superadmin@app.com"): Text 'superadmin@app.com' is set on object 'Object Repository/Page_Login/input_email'

19-01-2024T11:29:06 - [MESSAGE][PASSED] - Text 'superadmin@app.com' is set on object 'Object Repository/Page_Login/input_email'

19-01-2024T11:29:06 - [TEST_STEP][PASSED] - setEncryptedText(findTestObject("Object Repository/Page_Login/input_password"), "8SQVv/p9jVScEs4/2CZsLw=="): Text ****** has been set on object 'Object Repository/Page_Login/input_password'

19-01-2024T11:29:06 - [MESSAGE][PASSED] - Text ****** has been set on object 'Object Repository/Page_Login/input_password'

19-01-2024T11:29:06 - [TEST_STEP][PASSED] - click(findTestObject("Object Repository/Page_Login/button_Sign In")): Object: 'Object Repository/Page_Login/button_Sign In' is clicked on

19-01-2024T11:29:08 - [MESSAGE][PASSED] - Object: 'Object Repository/Page_Login/button_Sign In' is clicked on

19-01-2024T11:29:08 - [MESSAGE][PASSED] - Call Test Case 'Test Cases/Offline PSSI Dashboard Function/Sign In/PSSISignInValidData' successfully

19-01-2024T11:29:08 - [TEST_STEP][PASSED] - scrollToElement(findTestObject("Page_Dashboard/Account Management Sidebar"), 0): Scroll to object 'Object Repository/Page_Dashboard/Account Management Sidebar' successfully

19-01-2024T11:29:08 - [MESSAGE][WARNING] - Timeout '0' is invalid. Using default page load timeout: '1'

19-01-2024T11:29:11 - [MESSAGE][INFO] - Unable to find the element located by 'By.xpath: id("sidenav-collapse-main")/ul[@class="navbar-nav"]/li[@class="nav-item"]/a[@class="nav-link"][count(. | //a[@class = 'nav-link  ' and @href = '/accounts' and (text() = '
            
              
                
              
            
            Account Management
          ' or . = '
            
              
                
              
            
            Account Management
          ')]) = count(//a[@class = 'nav-link  ' and @href = '/accounts' and (text() = '
            
              
                
              
            
            Account Management
          ' or . = '
            
              
                
              
            
            Account Management
          ')])]'. Please recheck the objects properties to make sure the desired element is located. 

19-01-2024T11:29:11 - [MESSAGE][WARNING] - [SELF-HEALING] Failed to find element with id 'Object Repository/Page_Dashboard/Account Management Sidebar'. Try using Self-healing.

19-01-2024T11:29:11 - [MESSAGE][WARNING] - [SELF-HEALING] The current locator of test object 'Object Repository/Page_Dashboard/Account Management Sidebar' was broken. Propose an alternative one: '//div[@id='sidenav-collapse-main']/ul/li[12]/a'.

19-01-2024T11:29:11 - [MESSAGE][PASSED] - Scroll to object 'Object Repository/Page_Dashboard/Account Management Sidebar' successfully

19-01-2024T11:29:11 - [TEST_STEP][PASSED] - navigateToUrl(baseUrl + "/accounts", failureHandling): Navigate to 'https://monitoring.pssi-dev.kecilin.id/accounts' successfully

19-01-2024T11:29:12 - [MESSAGE][PASSED] - Navigate to 'https://monitoring.pssi-dev.kecilin.id/accounts' successfully

19-01-2024T11:29:12 - [MESSAGE][INFO] - 

19-01-2024T11:29:12 - [MESSAGE][INFO] - ===================== Self-healing Report ====================

19-01-2024T11:29:12 - [MESSAGE][INFO] - One of the failed test object locators has been recovered by Self-healing. Please refer to the Self-healing Insights tab for more details.

19-01-2024T11:29:12 - [MESSAGE][INFO] - To learn more about Self-healing, please read https://docs.katalon.com/katalon-studio/docs/self-healing.html

19-01-2024T11:29:12 - [MESSAGE][INFO] - ==============================================================

19-01-2024T11:29:12 - [MESSAGE][PASSED] - Call Test Case 'Test Cases/Offline PSSI Dashboard Function/Create BE Account Management/View Account Management/PSSIViewAccountManagement' successfully

19-01-2024T11:29:12 - [TEST_STEP][PASSED] - verifyElementClickable(findTestObject("Object Repository/Page_CCTV/Data Entries Option")): Object 'Object Repository/Page_CCTV/Data Entries Option' is clickable

19-01-2024T11:29:12 - [MESSAGE][PASSED] - Object 'Object Repository/Page_CCTV/Data Entries Option' is clickable

19-01-2024T11:29:12 - [TEST_STEP][PASSED] - selectOptionByValue(findTestObject("Object Repository/Page_CCTV/Data Entries Option"), "100", true): All options with value '100' are selected in object 'Object Repository/Page_CCTV/Data Entries Option'  using regular expression

19-01-2024T11:29:14 - [MESSAGE][PASSED] - All options with value '100' are selected in object 'Object Repository/Page_CCTV/Data Entries Option'  using regular expression

19-01-2024T11:29:14 - [TEST_STEP][PASSED] - scrollToElement(findTestObject("Page_CCTV/page 1"), 1): Scroll to object 'Object Repository/Page_CCTV/page 1' successfully

19-01-2024T11:29:14 - [MESSAGE][PASSED] - Scroll to object 'Object Repository/Page_CCTV/page 1' successfully

19-01-2024T11:29:14 - [TEST_STEP][PASSED] - page1Object = findTestObject("Object Repository/Page_CCTV/page 1"): null

19-01-2024T11:29:14 - [TEST_STEP][PASSED] - page1Object.addProperty("css", EQUALS, "li.paginate_button.page-item.active > a.page-link"): null

19-01-2024T11:29:14 - [TEST_STEP][PASSED] - is1Active = verifyElementPresent(page1Object, 3): Object 'Object Repository/Page_CCTV/page 1' is present

19-01-2024T11:29:15 - [MESSAGE][PASSED] - Object 'Object Repository/Page_CCTV/page 1' is present

19-01-2024T11:29:15 - [TEST_STEP][PASSED] - if (is1Active): Test passed because user still on page 1

19-01-2024T11:29:15 - [TEST_STEP][PASSED] - markPassed("Test passed because user still on page 1"): Test passed because user still on page 1

19-01-2024T11:29:15 - [MESSAGE][PASSED] - Test passed because user still on page 1

19-01-2024T11:29:15 - [TEST_STEP][PASSED] - scrollToElement(findTestObject("Page_CCTV//Data Entries Option"), 1): Scroll to object 'Object Repository/Page_CCTV//Data Entries Option' successfully

19-01-2024T11:29:15 - [MESSAGE][PASSED] - Scroll to object 'Object Repository/Page_CCTV//Data Entries Option' successfully

19-01-2024T11:29:15 - [TEST_STEP][PASSED] - verifyElementClickable(findTestObject("Object Repository/Page_CCTV/Data Entries Option")): Object 'Object Repository/Page_CCTV/Data Entries Option' is clickable

19-01-2024T11:29:15 - [MESSAGE][PASSED] - Object 'Object Repository/Page_CCTV/Data Entries Option' is clickable

19-01-2024T11:29:15 - [TEST_STEP][PASSED] - selectOptionByValue(findTestObject("Object Repository/Page_CCTV/Data Entries Option"), "10", true): All options with value '10' are selected in object 'Object Repository/Page_CCTV/Data Entries Option'  using regular expression

19-01-2024T11:29:17 - [MESSAGE][PASSED] - All options with value '10' are selected in object 'Object Repository/Page_CCTV/Data Entries Option'  using regular expression

19-01-2024T11:29:17 - [TEST_STEP][PASSED] - scrollToElement(findTestObject("Page_CCTV/page 2"), 1): Scroll to object 'Object Repository/Page_CCTV/page 2' successfully

19-01-2024T11:29:17 - [MESSAGE][PASSED] - Scroll to object 'Object Repository/Page_CCTV/page 2' successfully

19-01-2024T11:29:17 - [TEST_STEP][PASSED] - click(findTestObject("Object Repository/Page_CCTV/page 2")): Object: 'Object Repository/Page_CCTV/page 2' is clicked on

19-01-2024T11:29:18 - [MESSAGE][PASSED] - Object: 'Object Repository/Page_CCTV/page 2' is clicked on

19-01-2024T11:29:18 - [TEST_STEP][PASSED] - page2Object = findTestObject("Object Repository/Page_CCTV/page 2"): null

19-01-2024T11:29:18 - [TEST_STEP][PASSED] - page2Object.addProperty("css", EQUALS, "li.paginate_button.page-item.active > a.page-link"): null

19-01-2024T11:29:18 - [TEST_STEP][PASSED] - is2Active = verifyElementPresent(page2Object, 3): Object 'Object Repository/Page_CCTV/page 2' is present

19-01-2024T11:29:19 - [MESSAGE][PASSED] - Object 'Object Repository/Page_CCTV/page 2' is present

19-01-2024T11:29:19 - [TEST_STEP][PASSED] - if (is2Active): Test passed because user still on page 2

19-01-2024T11:29:19 - [TEST_STEP][PASSED] - markPassed("Test passed because user still on page 2"): Test passed because user still on page 2

19-01-2024T11:29:19 - [MESSAGE][PASSED] - Test passed because user still on page 2

19-01-2024T11:29:19 - [TEST_STEP][PASSED] - closeBrowser(): Browser is closed

19-01-2024T11:29:19 - [MESSAGE][PASSED] - Browser is closed]]></system-out>
         <system-err><![CDATA[]]></system-err>
      </testcase>
      <system-out><![CDATA[19-01-2024T11:28:56 - [TEST_SUITE][PASSED] - Data Entries and Pages Test Suite: Test Cases/Offline PSSI Dashboard Function/Create BE Account Management/Data Entries and Pages/PSSIAccountManagementEntriesAndPages]]></system-out>
      <system-err><![CDATA[]]></system-err>
   </testsuite>
   <testsuite name="Delete Account Test Suite" tests="3" failures="3" errors="0" time="170.598" skipped="0" timestamp="19-01-2024T11:29:41" hostname="USER - DESKTOP-HLRVE9S" id="Test Suites/Create BE Account Management/Delete Account Test Suite">
      <properties>
         <property name="deviceName" value=""/>
         <property name="devicePlatform" value=""/>
         <property name="logFolder" value="C:\\Users\\USER\\git\\Kecilin-Automation-Test\\Reports\\20240119_111826\\Create BE Account Management\\Delete Account Test Suite\\20240119_111833"/>
         <property name="logFiles" value="C:\\Users\\USER\\git\\Kecilin-Automation-Test\\Reports\\20240119_111826\\Create BE Account Management\\Delete Account Test Suite\\20240119_111833\\execution0.log"/>
         <property name="attachments" value="C:\\Users\\USER\\git\\Kecilin-Automation-Test\\Reports\\20240119_111826\\Create BE Account Management\\Delete Account Test Suite\\20240119_111833\\1705638601615.png, C:\\Users\\USER\\git\\Kecilin-Automation-Test\\Reports\\20240119_111826\\Create BE Account Management\\Delete Account Test Suite\\20240119_111833\\1705638616404.png, C:\\Users\\USER\\git\\Kecilin-Automation-Test\\Reports\\20240119_111826\\Create BE Account Management\\Delete Account Test Suite\\20240119_111833\\1705638632667.png, C:\\Users\\USER\\git\\Kecilin-Automation-Test\\Reports\\20240119_111826\\Create BE Account Management\\Delete Account Test Suite\\20240119_111833\\1705638650262.png, C:\\Users\\USER\\git\\Kecilin-Automation-Test\\Reports\\20240119_111826\\Create BE Account Management\\Delete Account Test Suite\\20240119_111833\\1705638664839.png, C:\\Users\\USER\\git\\Kecilin-Automation-Test\\Reports\\20240119_111826\\Create BE Account Management\\Delete Account Test Suite\\20240119_111833\\1705638678192.png, C:\\Users\\USER\\git\\Kecilin-Automation-Test\\Reports\\20240119_111826\\Create BE Account Management\\Delete Account Test Suite\\20240119_111833\\1705638691828.png, C:\\Users\\USER\\git\\Kecilin-Automation-Test\\Reports\\20240119_111826\\Create BE Account Management\\Delete Account Test Suite\\20240119_111833\\1705638705145.png, C:\\Users\\USER\\git\\Kecilin-Automation-Test\\Reports\\20240119_111826\\Create BE Account Management\\Delete Account Test Suite\\20240119_111833\\1705638716157.png, C:\\Users\\USER\\git\\Kecilin-Automation-Test\\Reports\\20240119_111826\\Create BE Account Management\\Delete Account Test Suite\\20240119_111833\\1705638716442.png, C:\\Users\\USER\\git\\Kecilin-Automation-Test\\Reports\\20240119_111826\\Create BE Account Management\\Delete Account Test Suite\\20240119_111833\\1705638728032.png, C:\\Users\\USER\\git\\Kecilin-Automation-Test\\Reports\\20240119_111826\\Create BE Account Management\\Delete Account Test Suite\\20240119_111833\\1705638728437.png, C:\\Users\\USER\\git\\Kecilin-Automation-Test\\Reports\\20240119_111826\\Create BE Account Management\\Delete Account Test Suite\\20240119_111833\\1705638739653.png, C:\\Users\\USER\\git\\Kecilin-Automation-Test\\Reports\\20240119_111826\\Create BE Account Management\\Delete Account Test Suite\\20240119_111833\\1705638739850.png, C:\\Users\\USER\\git\\Kecilin-Automation-Test\\Reports\\20240119_111826\\Create BE Account Management\\Delete Account Test Suite\\20240119_111833\\1705638751339.png, C:\\Users\\USER\\git\\Kecilin-Automation-Test\\Reports\\20240119_111826\\Create BE Account Management\\Delete Account Test Suite\\20240119_111833\\1705638751540.png"/>
         <property name="hostName" value="USER - DESKTOP-HLRVE9S"/>
         <property name="os" value="Windows 10 64bit"/>
         <property name="katalonVersion" value="9.2.0.212"/>
         <property name="browser" value="Chrome 120.0.0.0"/>
         <property name="hostAddress" value="192.168.100.189"/>
         <property name="sessionId" value="a6e502be27ace5392bc8d93e8504630c"/>
         <property name="seleniumVersion" value="3.141.59"/>
         <property name="proxyInformation" value="ProxyInformation { proxyOption=NO_PROXY, proxyServerType=HTTP, username=, password=********, proxyServerAddress=, proxyServerPort=0, executionList=&quot;&quot;, isApplyToDesiredCapabilities=true }"/>
         <property name="platform" value="Windows 10"/>
      </properties>
      <testcase name="Test Cases/Offline PSSI Dashboard Function/Create BE Account Management/Delete Account/Negative Test Case/PSSICancelDeleteAccount" time="17.438" classname="Test Cases/Offline PSSI Dashboard Function/Create BE Account Management/Delete Account/Negative Test Case/PSSICancelDeleteAccount" status="FAILED">
         <failure type="FAILED" message="Test Cases/Offline PSSI Dashboard Function/Create BE Account Management/Delete Account/Negative Test Case/PSSICancelDeleteAccount FAILED.&#xa;Reason:&#xa;com.kms.katalon.core.exception.StepFailedException: Unable to verify text 'viewer8' is present &#xa;	at com.kms.katalon.core.webui.keyword.internal.WebUIKeywordMain.stepFailed(WebUIKeywordMain.groovy:64)&#xa;	at com.kms.katalon.core.webui.keyword.internal.WebUIKeywordMain.runKeyword(WebUIKeywordMain.groovy:26)&#xa;	at com.kms.katalon.core.webui.keyword.builtin.VerifyTextPresentKeyword.verifyTextPresent(VerifyTextPresentKeyword.groovy:83)&#xa;	at com.kms.katalon.core.webui.keyword.builtin.VerifyTextPresentKeyword.execute(VerifyTextPresentKeyword.groovy:68)&#xa;	at com.kms.katalon.core.keyword.internal.KeywordExecutor.executeKeywordForPlatform(KeywordExecutor.groovy:74)&#xa;	at com.kms.katalon.core.webui.keyword.WebUiBuiltInKeywords.verifyTextPresent(WebUiBuiltInKeywords.groovy:1762)&#xa;	at PSSICancelDeleteAccount.run(PSSICancelDeleteAccount:44)&#xa;	at com.kms.katalon.core.main.ScriptEngine.run(ScriptEngine.java:194)&#xa;	at com.kms.katalon.core.main.ScriptEngine.runScriptAsRawText(ScriptEngine.java:119)&#xa;	at com.kms.katalon.core.main.TestCaseExecutor.runScript(TestCaseExecutor.java:448)&#xa;	at com.kms.katalon.core.main.TestCaseExecutor.doExecute(TestCaseExecutor.java:439)&#xa;	at com.kms.katalon.core.main.TestCaseExecutor.processExecutionPhase(TestCaseExecutor.java:418)&#xa;	at com.kms.katalon.core.main.TestCaseExecutor.accessMainPhase(TestCaseExecutor.java:410)&#xa;	at com.kms.katalon.core.main.TestCaseExecutor.execute(TestCaseExecutor.java:285)&#xa;	at com.kms.katalon.core.main.TestCaseExecutor.execute(TestCaseExecutor.java:369)&#xa;	at com.kms.katalon.core.main.TestCaseExecutor.execute(TestCaseExecutor.java:369)&#xa;	at com.kms.katalon.core.main.TestCaseExecutor.execute(TestCaseExecutor.java:369)&#xa;	at com.kms.katalon.core.common.CommonExecutor.accessTestCaseMainPhase(CommonExecutor.java:65)&#xa;	at com.kms.katalon.core.main.TestSuiteExecutor.accessTestSuiteMainPhase(TestSuiteExecutor.java:148)&#xa;	at com.kms.katalon.core.main.TestSuiteExecutor.execute(TestSuiteExecutor.java:106)&#xa;	at com.kms.katalon.core.main.TestCaseMain.startTestSuite(TestCaseMain.java:180)&#xa;	at TempTestSuite1705637913228.run(TempTestSuite1705637913228.groovy:36)&#xa;	at java.base/jdk.internal.reflect.NativeMethodAccessorImpl.invoke0(Native Method)&#xa;	at java.base/jdk.internal.reflect.NativeMethodAccessorImpl.invoke(NativeMethodAccessorImpl.java:77)&#xa;	at java.base/jdk.internal.reflect.DelegatingMethodAccessorImpl.invoke(DelegatingMethodAccessorImpl.java:43)&#xa;Caused by: com.kms.katalon.core.exception.StepFailedException: Text 'viewer8' is not present on page &#xa;	at com.kms.katalon.core.webui.keyword.internal.WebUIKeywordMain.stepFailed(WebUIKeywordMain.groovy:64)&#xa;	at com.kms.katalon.core.webui.keyword.builtin.VerifyTextPresentKeyword$_verifyTextPresent_closure1.doCall(VerifyTextPresentKeyword.groovy:79)&#xa;	at com.kms.katalon.core.webui.keyword.builtin.VerifyTextPresentKeyword$_verifyTextPresent_closure1.call(VerifyTextPresentKeyword.groovy)&#xa;	at com.kms.katalon.core.webui.keyword.internal.WebUIKeywordMain.runKeyword(WebUIKeywordMain.groovy:20)&#xa;	... 23 more&#xa;"/>
         <system-out><![CDATA[19-01-2024T11:30:33 - [TEST_CASE][FAILED] - Test Cases/Offline PSSI Dashboard Function/Create BE Account Management/Delete Account/Negative Test Case/PSSICancelDeleteAccount: Test Cases/Offline PSSI Dashboard Function/Create BE Account Management/Delete Account/Negative Test Case/PSSICancelDeleteAccount FAILED.
Reason:
com.kms.katalon.core.exception.StepFailedException: Unable to verify text 'viewer8' is present 
	at com.kms.katalon.core.webui.keyword.internal.WebUIKeywordMain.stepFailed(WebUIKeywordMain.groovy:64)
	at com.kms.katalon.core.webui.keyword.internal.WebUIKeywordMain.runKeyword(WebUIKeywordMain.groovy:26)
	at com.kms.katalon.core.webui.keyword.builtin.VerifyTextPresentKeyword.verifyTextPresent(VerifyTextPresentKeyword.groovy:83)
	at com.kms.katalon.core.webui.keyword.builtin.VerifyTextPresentKeyword.execute(VerifyTextPresentKeyword.groovy:68)
	at com.kms.katalon.core.keyword.internal.KeywordExecutor.executeKeywordForPlatform(KeywordExecutor.groovy:74)
	at com.kms.katalon.core.webui.keyword.WebUiBuiltInKeywords.verifyTextPresent(WebUiBuiltInKeywords.groovy:1762)
	at PSSICancelDeleteAccount.run(PSSICancelDeleteAccount:44)
	at com.kms.katalon.core.main.ScriptEngine.run(ScriptEngine.java:194)
	at com.kms.katalon.core.main.ScriptEngine.runScriptAsRawText(ScriptEngine.java:119)
	at com.kms.katalon.core.main.TestCaseExecutor.runScript(TestCaseExecutor.java:448)
	at com.kms.katalon.core.main.TestCaseExecutor.doExecute(TestCaseExecutor.java:439)
	at com.kms.katalon.core.main.TestCaseExecutor.processExecutionPhase(TestCaseExecutor.java:418)
	at com.kms.katalon.core.main.TestCaseExecutor.accessMainPhase(TestCaseExecutor.java:410)
	at com.kms.katalon.core.main.TestCaseExecutor.execute(TestCaseExecutor.java:285)
	at com.kms.katalon.core.main.TestCaseExecutor.execute(TestCaseExecutor.java:369)
	at com.kms.katalon.core.main.TestCaseExecutor.execute(TestCaseExecutor.java:369)
	at com.kms.katalon.core.main.TestCaseExecutor.execute(TestCaseExecutor.java:369)
	at com.kms.katalon.core.common.CommonExecutor.accessTestCaseMainPhase(CommonExecutor.java:65)
	at com.kms.katalon.core.main.TestSuiteExecutor.accessTestSuiteMainPhase(TestSuiteExecutor.java:148)
	at com.kms.katalon.core.main.TestSuiteExecutor.execute(TestSuiteExecutor.java:106)
	at com.kms.katalon.core.main.TestCaseMain.startTestSuite(TestCaseMain.java:180)
	at TempTestSuite1705637913228.run(TempTestSuite1705637913228.groovy:36)
	at java.base/jdk.internal.reflect.NativeMethodAccessorImpl.invoke0(Native Method)
	at java.base/jdk.internal.reflect.NativeMethodAccessorImpl.invoke(NativeMethodAccessorImpl.java:77)
	at java.base/jdk.internal.reflect.DelegatingMethodAccessorImpl.invoke(DelegatingMethodAccessorImpl.java:43)
Caused by: com.kms.katalon.core.exception.StepFailedException: Text 'viewer8' is not present on page 
	at com.kms.katalon.core.webui.keyword.internal.WebUIKeywordMain.stepFailed(WebUIKeywordMain.groovy:64)
	at com.kms.katalon.core.webui.keyword.builtin.VerifyTextPresentKeyword$_verifyTextPresent_closure1.doCall(VerifyTextPresentKeyword.groovy:79)
	at com.kms.katalon.core.webui.keyword.builtin.VerifyTextPresentKeyword$_verifyTextPresent_closure1.call(VerifyTextPresentKeyword.groovy)
	at com.kms.katalon.core.webui.keyword.internal.WebUIKeywordMain.runKeyword(WebUIKeywordMain.groovy:20)
	... 23 more


19-01-2024T11:30:33 - [TEST_STEP][PASSED] - failureHandling = STOP_ON_FAILURE: null

19-01-2024T11:30:33 - [TEST_STEP][PASSED] - baseUrl = offline_pssi_dashboard_url: null

19-01-2024T11:30:33 - [TEST_STEP][PASSED] - callTestCase(findTestCase("Offline PSSI Dashboard Function/Create BE Account Management/View Account Management/PSSIViewAccountManagement"), [:], failureHandling): Call Test Case 'Test Cases/Offline PSSI Dashboard Function/Create BE Account Management/View Account Management/PSSIViewAccountManagement' successfully

19-01-2024T11:30:33 - [TEST_CASE][PASSED] - Test Cases/Offline PSSI Dashboard Function/Create BE Account Management/View Account Management/PSSIViewAccountManagement: Test Cases/Offline PSSI Dashboard Function/Create BE Account Management/View Account Management/PSSIViewAccountManagement

19-01-2024T11:30:33 - [TEST_STEP][PASSED] - failureHandling = STOP_ON_FAILURE: null

19-01-2024T11:30:33 - [TEST_STEP][PASSED] - baseUrl = offline_pssi_dashboard_url: null

19-01-2024T11:30:33 - [TEST_STEP][PASSED] - callTestCase(findTestCase("Offline PSSI Dashboard Function/Sign In/PSSISignInValidData"), [:], failureHandling): Call Test Case 'Test Cases/Offline PSSI Dashboard Function/Sign In/PSSISignInValidData' successfully

19-01-2024T11:30:33 - [TEST_CASE][PASSED] - Test Cases/Offline PSSI Dashboard Function/Sign In/PSSISignInValidData: Test Cases/Offline PSSI Dashboard Function/Sign In/PSSISignInValidData

19-01-2024T11:30:33 - [TEST_STEP][PASSED] - failureHandling = STOP_ON_FAILURE: null

19-01-2024T11:30:33 - [TEST_STEP][PASSED] - baseUrl = offline_pssi_dashboard_url: null

19-01-2024T11:30:33 - [TEST_STEP][PASSED] - openBrowser(""): Browser is opened with url: ''

19-01-2024T11:30:33 - [MESSAGE][WARNING] - A browser is already opened. Closing browser and opening a new one

19-01-2024T11:30:35 - [MESSAGE][INFO] - Starting 'Chrome' driver

19-01-2024T11:30:35 - [MESSAGE][INFO] - User set preference: ['unhandledPromptBehaviour', 'ignore']

19-01-2024T11:30:35 - [MESSAGE][INFO] - User set preference: ['unexpectedAlertBehaviour', 'ignore']

19-01-2024T11:30:35 - [MESSAGE][INFO] - Action delay is set to 0 milliseconds

19-01-2024T11:30:37 - [MESSAGE][PASSED] - Browser is opened with url: ''

19-01-2024T11:30:37 - [TEST_STEP][PASSED] - navigateToUrl(baseUrl): Navigate to 'https://monitoring.pssi-dev.kecilin.id' successfully

19-01-2024T11:30:38 - [MESSAGE][PASSED] - Navigate to 'https://monitoring.pssi-dev.kecilin.id' successfully

19-01-2024T11:30:39 - [TEST_STEP][PASSED] - maximizeWindow(): Current window maximized

19-01-2024T11:30:39 - [MESSAGE][PASSED] - Current window maximized

19-01-2024T11:30:39 - [TEST_STEP][PASSED] - setText(findTestObject("Object Repository/Page_Login/input_email"), "superadmin@app.com"): Text 'superadmin@app.com' is set on object 'Object Repository/Page_Login/input_email'

19-01-2024T11:30:40 - [MESSAGE][PASSED] - Text 'superadmin@app.com' is set on object 'Object Repository/Page_Login/input_email'

19-01-2024T11:30:40 - [TEST_STEP][PASSED] - setEncryptedText(findTestObject("Object Repository/Page_Login/input_password"), "8SQVv/p9jVScEs4/2CZsLw=="): Text ****** has been set on object 'Object Repository/Page_Login/input_password'

19-01-2024T11:30:40 - [MESSAGE][PASSED] - Text ****** has been set on object 'Object Repository/Page_Login/input_password'

19-01-2024T11:30:40 - [TEST_STEP][PASSED] - click(findTestObject("Object Repository/Page_Login/button_Sign In")): Object: 'Object Repository/Page_Login/button_Sign In' is clicked on

19-01-2024T11:30:42 - [MESSAGE][PASSED] - Object: 'Object Repository/Page_Login/button_Sign In' is clicked on

19-01-2024T11:30:42 - [MESSAGE][PASSED] - Call Test Case 'Test Cases/Offline PSSI Dashboard Function/Sign In/PSSISignInValidData' successfully

19-01-2024T11:30:42 - [TEST_STEP][PASSED] - scrollToElement(findTestObject("Page_Dashboard/Account Management Sidebar"), 0): Scroll to object 'Object Repository/Page_Dashboard/Account Management Sidebar' successfully

19-01-2024T11:30:42 - [MESSAGE][WARNING] - Timeout '0' is invalid. Using default page load timeout: '1'

19-01-2024T11:30:44 - [MESSAGE][INFO] - Unable to find the element located by 'By.xpath: id("sidenav-collapse-main")/ul[@class="navbar-nav"]/li[@class="nav-item"]/a[@class="nav-link"][count(. | //a[@class = 'nav-link  ' and @href = '/accounts' and (text() = '
            
              
                
              
            
            Account Management
          ' or . = '
            
              
                
              
            
            Account Management
          ')]) = count(//a[@class = 'nav-link  ' and @href = '/accounts' and (text() = '
            
              
                
              
            
            Account Management
          ' or . = '
            
              
                
              
            
            Account Management
          ')])]'. Please recheck the objects properties to make sure the desired element is located. 

19-01-2024T11:30:44 - [MESSAGE][WARNING] - [SELF-HEALING] Failed to find element with id 'Object Repository/Page_Dashboard/Account Management Sidebar'. Try using Self-healing.

19-01-2024T11:30:44 - [MESSAGE][WARNING] - [SELF-HEALING] The current locator of test object 'Object Repository/Page_Dashboard/Account Management Sidebar' was broken. Propose an alternative one: '//div[@id='sidenav-collapse-main']/ul/li[12]/a'.

19-01-2024T11:30:44 - [MESSAGE][PASSED] - Scroll to object 'Object Repository/Page_Dashboard/Account Management Sidebar' successfully

19-01-2024T11:30:44 - [TEST_STEP][PASSED] - navigateToUrl(baseUrl + "/accounts", failureHandling): Navigate to 'https://monitoring.pssi-dev.kecilin.id/accounts' successfully

19-01-2024T11:30:45 - [MESSAGE][PASSED] - Navigate to 'https://monitoring.pssi-dev.kecilin.id/accounts' successfully

19-01-2024T11:30:45 - [MESSAGE][INFO] - 

19-01-2024T11:30:45 - [MESSAGE][INFO] - ===================== Self-healing Report ====================

19-01-2024T11:30:45 - [MESSAGE][INFO] - One of the failed test object locators has been recovered by Self-healing. Please refer to the Self-healing Insights tab for more details.

19-01-2024T11:30:45 - [MESSAGE][INFO] - To learn more about Self-healing, please read https://docs.katalon.com/katalon-studio/docs/self-healing.html

19-01-2024T11:30:45 - [MESSAGE][INFO] - ==============================================================

19-01-2024T11:30:45 - [MESSAGE][PASSED] - Call Test Case 'Test Cases/Offline PSSI Dashboard Function/Create BE Account Management/View Account Management/PSSIViewAccountManagement' successfully

19-01-2024T11:30:45 - [TEST_STEP][PASSED] - click(findTestObject("Page_Account Management/button delete viewer8")): Object: 'Object Repository/Page_Account Management/button delete viewer8' is clicked on

19-01-2024T11:30:46 - [MESSAGE][PASSED] - Object: 'Object Repository/Page_Account Management/button delete viewer8' is clicked on

19-01-2024T11:30:46 - [TEST_STEP][PASSED] - verifyElementClickable(findTestObject("Page_Account Management/Cancel Button pop up")): Object 'Object Repository/Page_Account Management/Cancel Button pop up' is clickable

19-01-2024T11:30:46 - [MESSAGE][PASSED] - Object 'Object Repository/Page_Account Management/Cancel Button pop up' is clickable

19-01-2024T11:30:46 - [TEST_STEP][PASSED] - click(findTestObject("Page_Account Management/Cancel Button pop up")): Object: 'Object Repository/Page_Account Management/Cancel Button pop up' is clicked on

19-01-2024T11:30:47 - [MESSAGE][PASSED] - Object: 'Object Repository/Page_Account Management/Cancel Button pop up' is clicked on

19-01-2024T11:30:47 - [TEST_STEP][PASSED] - verifyTextPresent("Add New", false): Text 'Add New' is present on page 

19-01-2024T11:30:48 - [MESSAGE][PASSED] - Text 'Add New' is present on page 

19-01-2024T11:30:48 - [TEST_STEP][PASSED] - verifyTextPresent("Status", false): Text 'Status' is present on page 

19-01-2024T11:30:48 - [MESSAGE][PASSED] - Text 'Status' is present on page 

19-01-2024T11:30:48 - [TEST_STEP][PASSED] - verifyTextPresent("Action", false): Text 'Action' is present on page 

19-01-2024T11:30:49 - [MESSAGE][PASSED] - Text 'Action' is present on page 

19-01-2024T11:30:49 - [TEST_STEP][PASSED] - verifyTextPresent("entries", false): Text 'entries' is present on page 

19-01-2024T11:30:49 - [MESSAGE][PASSED] - Text 'entries' is present on page 

19-01-2024T11:30:49 - [TEST_STEP][FAILED] - verifyTextPresent("viewer8", false): Unable to verify text 'viewer8' is present  (Root cause: com.kms.katalon.core.exception.StepFailedException: Unable to verify text 'viewer8' is present 
	at com.kms.katalon.core.webui.keyword.internal.WebUIKeywordMain.stepFailed(WebUIKeywordMain.groovy:64)
	at com.kms.katalon.core.webui.keyword.internal.WebUIKeywordMain.runKeyword(WebUIKeywordMain.groovy:26)
	at com.kms.katalon.core.webui.keyword.builtin.VerifyTextPresentKeyword.verifyTextPresent(VerifyTextPresentKeyword.groovy:83)
	at com.kms.katalon.core.webui.keyword.builtin.VerifyTextPresentKeyword.execute(VerifyTextPresentKeyword.groovy:68)
	at com.kms.katalon.core.keyword.internal.KeywordExecutor.executeKeywordForPlatform(KeywordExecutor.groovy:74)
	at com.kms.katalon.core.webui.keyword.WebUiBuiltInKeywords.verifyTextPresent(WebUiBuiltInKeywords.groovy:1762)
	at PSSICancelDeleteAccount.run(PSSICancelDeleteAccount:44)
	at com.kms.katalon.core.main.ScriptEngine.run(ScriptEngine.java:194)
	at com.kms.katalon.core.main.ScriptEngine.runScriptAsRawText(ScriptEngine.java:119)
	at com.kms.katalon.core.main.TestCaseExecutor.runScript(TestCaseExecutor.java:448)
	at com.kms.katalon.core.main.TestCaseExecutor.doExecute(TestCaseExecutor.java:439)
	at com.kms.katalon.core.main.TestCaseExecutor.processExecutionPhase(TestCaseExecutor.java:418)
	at com.kms.katalon.core.main.TestCaseExecutor.accessMainPhase(TestCaseExecutor.java:410)
	at com.kms.katalon.core.main.TestCaseExecutor.execute(TestCaseExecutor.java:285)
	at com.kms.katalon.core.main.TestCaseExecutor.execute(TestCaseExecutor.java:369)
	at com.kms.katalon.core.main.TestCaseExecutor.execute(TestCaseExecutor.java:369)
	at com.kms.katalon.core.main.TestCaseExecutor.execute(TestCaseExecutor.java:369)
	at com.kms.katalon.core.common.CommonExecutor.accessTestCaseMainPhase(CommonExecutor.java:65)
	at com.kms.katalon.core.main.TestSuiteExecutor.accessTestSuiteMainPhase(TestSuiteExecutor.java:148)
	at com.kms.katalon.core.main.TestSuiteExecutor.execute(TestSuiteExecutor.java:106)
	at com.kms.katalon.core.main.TestCaseMain.startTestSuite(TestCaseMain.java:180)
	at TempTestSuite1705637913228.run(TempTestSuite1705637913228.groovy:36)
	at java.base/jdk.internal.reflect.NativeMethodAccessorImpl.invoke0(Native Method)
	at java.base/jdk.internal.reflect.NativeMethodAccessorImpl.invoke(NativeMethodAccessorImpl.java:77)
	at java.base/jdk.internal.reflect.DelegatingMethodAccessorImpl.invoke(DelegatingMethodAccessorImpl.java:43)
Caused by: com.kms.katalon.core.exception.StepFailedException: Text 'viewer8' is not present on page 
	at com.kms.katalon.core.webui.keyword.internal.WebUIKeywordMain.stepFailed(WebUIKeywordMain.groovy:64)
	at com.kms.katalon.core.webui.keyword.builtin.VerifyTextPresentKeyword$_verifyTextPresent_closure1.doCall(VerifyTextPresentKeyword.groovy:79)
	at com.kms.katalon.core.webui.keyword.builtin.VerifyTextPresentKeyword$_verifyTextPresent_closure1.call(VerifyTextPresentKeyword.groovy)
	at com.kms.katalon.core.webui.keyword.internal.WebUIKeywordMain.runKeyword(WebUIKeywordMain.groovy:20)
	... 23 more
)

19-01-2024T11:30:50 - [MESSAGE][FAILED] - Text 'viewer8' is not present on page  (Root cause: com.kms.katalon.core.exception.StepFailedException: Text 'viewer8' is not present on page 
	at com.kms.katalon.core.webui.keyword.internal.WebUIKeywordMain.stepFailed(WebUIKeywordMain.groovy:64)
	at com.kms.katalon.core.webui.keyword.builtin.VerifyTextPresentKeyword$_verifyTextPresent_closure1.doCall(VerifyTextPresentKeyword.groovy:79)
	at com.kms.katalon.core.webui.keyword.builtin.VerifyTextPresentKeyword$_verifyTextPresent_closure1.call(VerifyTextPresentKeyword.groovy)
	at com.kms.katalon.core.webui.keyword.internal.WebUIKeywordMain.runKeyword(WebUIKeywordMain.groovy:20)
	at com.kms.katalon.core.webui.keyword.builtin.VerifyTextPresentKeyword.verifyTextPresent(VerifyTextPresentKeyword.groovy:83)
	at com.kms.katalon.core.webui.keyword.builtin.VerifyTextPresentKeyword.execute(VerifyTextPresentKeyword.groovy:68)
	at com.kms.katalon.core.keyword.internal.KeywordExecutor.executeKeywordForPlatform(KeywordExecutor.groovy:74)
	at com.kms.katalon.core.webui.keyword.WebUiBuiltInKeywords.verifyTextPresent(WebUiBuiltInKeywords.groovy:1762)
	at PSSICancelDeleteAccount.run(PSSICancelDeleteAccount:44)
	at com.kms.katalon.core.main.ScriptEngine.run(ScriptEngine.java:194)
	at com.kms.katalon.core.main.ScriptEngine.runScriptAsRawText(ScriptEngine.java:119)
	at com.kms.katalon.core.main.TestCaseExecutor.runScript(TestCaseExecutor.java:448)
	at com.kms.katalon.core.main.TestCaseExecutor.doExecute(TestCaseExecutor.java:439)
	at com.kms.katalon.core.main.TestCaseExecutor.processExecutionPhase(TestCaseExecutor.java:418)
	at com.kms.katalon.core.main.TestCaseExecutor.accessMainPhase(TestCaseExecutor.java:410)
	at com.kms.katalon.core.main.TestCaseExecutor.execute(TestCaseExecutor.java:285)
	at com.kms.katalon.core.main.TestCaseExecutor.execute(TestCaseExecutor.java:369)
	at com.kms.katalon.core.main.TestCaseExecutor.execute(TestCaseExecutor.java:369)
	at com.kms.katalon.core.main.TestCaseExecutor.execute(TestCaseExecutor.java:369)
	at com.kms.katalon.core.common.CommonExecutor.accessTestCaseMainPhase(CommonExecutor.java:65)
	at com.kms.katalon.core.main.TestSuiteExecutor.accessTestSuiteMainPhase(TestSuiteExecutor.java:148)
	at com.kms.katalon.core.main.TestSuiteExecutor.execute(TestSuiteExecutor.java:106)
	at com.kms.katalon.core.main.TestCaseMain.startTestSuite(TestCaseMain.java:180)
	at TempTestSuite1705637913228.run(TempTestSuite1705637913228.groovy:36)
	at java.base/jdk.internal.reflect.NativeMethodAccessorImpl.invoke0(Native Method)
	at java.base/jdk.internal.reflect.NativeMethodAccessorImpl.invoke(NativeMethodAccessorImpl.java:77)
	at java.base/jdk.internal.reflect.DelegatingMethodAccessorImpl.invoke(DelegatingMethodAccessorImpl.java:43)
)

19-01-2024T11:30:50 - [MESSAGE][FAILED] - Unable to verify text 'viewer8' is present  (Root cause: com.kms.katalon.core.exception.StepFailedException: Unable to verify text 'viewer8' is present 
	at com.kms.katalon.core.webui.keyword.internal.WebUIKeywordMain.stepFailed(WebUIKeywordMain.groovy:64)
	at com.kms.katalon.core.webui.keyword.internal.WebUIKeywordMain.runKeyword(WebUIKeywordMain.groovy:26)
	at com.kms.katalon.core.webui.keyword.builtin.VerifyTextPresentKeyword.verifyTextPresent(VerifyTextPresentKeyword.groovy:83)
	at com.kms.katalon.core.webui.keyword.builtin.VerifyTextPresentKeyword.execute(VerifyTextPresentKeyword.groovy:68)
	at com.kms.katalon.core.keyword.internal.KeywordExecutor.executeKeywordForPlatform(KeywordExecutor.groovy:74)
	at com.kms.katalon.core.webui.keyword.WebUiBuiltInKeywords.verifyTextPresent(WebUiBuiltInKeywords.groovy:1762)
	at PSSICancelDeleteAccount.run(PSSICancelDeleteAccount:44)
	at com.kms.katalon.core.main.ScriptEngine.run(ScriptEngine.java:194)
	at com.kms.katalon.core.main.ScriptEngine.runScriptAsRawText(ScriptEngine.java:119)
	at com.kms.katalon.core.main.TestCaseExecutor.runScript(TestCaseExecutor.java:448)
	at com.kms.katalon.core.main.TestCaseExecutor.doExecute(TestCaseExecutor.java:439)
	at com.kms.katalon.core.main.TestCaseExecutor.processExecutionPhase(TestCaseExecutor.java:418)
	at com.kms.katalon.core.main.TestCaseExecutor.accessMainPhase(TestCaseExecutor.java:410)
	at com.kms.katalon.core.main.TestCaseExecutor.execute(TestCaseExecutor.java:285)
	at com.kms.katalon.core.main.TestCaseExecutor.execute(TestCaseExecutor.java:369)
	at com.kms.katalon.core.main.TestCaseExecutor.execute(TestCaseExecutor.java:369)
	at com.kms.katalon.core.main.TestCaseExecutor.execute(TestCaseExecutor.java:369)
	at com.kms.katalon.core.common.CommonExecutor.accessTestCaseMainPhase(CommonExecutor.java:65)
	at com.kms.katalon.core.main.TestSuiteExecutor.accessTestSuiteMainPhase(TestSuiteExecutor.java:148)
	at com.kms.katalon.core.main.TestSuiteExecutor.execute(TestSuiteExecutor.java:106)
	at com.kms.katalon.core.main.TestCaseMain.startTestSuite(TestCaseMain.java:180)
	at TempTestSuite1705637913228.run(TempTestSuite1705637913228.groovy:36)
	at java.base/jdk.internal.reflect.NativeMethodAccessorImpl.invoke0(Native Method)
	at java.base/jdk.internal.reflect.NativeMethodAccessorImpl.invoke(NativeMethodAccessorImpl.java:77)
	at java.base/jdk.internal.reflect.DelegatingMethodAccessorImpl.invoke(DelegatingMethodAccessorImpl.java:43)
Caused by: com.kms.katalon.core.exception.StepFailedException: Text 'viewer8' is not present on page 
	at com.kms.katalon.core.webui.keyword.internal.WebUIKeywordMain.stepFailed(WebUIKeywordMain.groovy:64)
	at com.kms.katalon.core.webui.keyword.builtin.VerifyTextPresentKeyword$_verifyTextPresent_closure1.doCall(VerifyTextPresentKeyword.groovy:79)
	at com.kms.katalon.core.webui.keyword.builtin.VerifyTextPresentKeyword$_verifyTextPresent_closure1.call(VerifyTextPresentKeyword.groovy)
	at com.kms.katalon.core.webui.keyword.internal.WebUIKeywordMain.runKeyword(WebUIKeywordMain.groovy:20)
	... 23 more
)
[[ATTACHMENT|C:\\Users\\USER\\git\\Kecilin-Automation-Test\\Reports\\20240119_111826\\Create BE Account Management\\Delete Account Test Suite\\20240119_111833\\1705638650262.png]]]]></system-out>
         <system-err><![CDATA[19-01-2024T11:30:33 - [TEST_CASE][FAILED] - Test Cases/Offline PSSI Dashboard Function/Create BE Account Management/Delete Account/Negative Test Case/PSSICancelDeleteAccount: Test Cases/Offline PSSI Dashboard Function/Create BE Account Management/Delete Account/Negative Test Case/PSSICancelDeleteAccount FAILED.
Reason:
com.kms.katalon.core.exception.StepFailedException: Unable to verify text 'viewer8' is present 
	at com.kms.katalon.core.webui.keyword.internal.WebUIKeywordMain.stepFailed(WebUIKeywordMain.groovy:64)
	at com.kms.katalon.core.webui.keyword.internal.WebUIKeywordMain.runKeyword(WebUIKeywordMain.groovy:26)
	at com.kms.katalon.core.webui.keyword.builtin.VerifyTextPresentKeyword.verifyTextPresent(VerifyTextPresentKeyword.groovy:83)
	at com.kms.katalon.core.webui.keyword.builtin.VerifyTextPresentKeyword.execute(VerifyTextPresentKeyword.groovy:68)
	at com.kms.katalon.core.keyword.internal.KeywordExecutor.executeKeywordForPlatform(KeywordExecutor.groovy:74)
	at com.kms.katalon.core.webui.keyword.WebUiBuiltInKeywords.verifyTextPresent(WebUiBuiltInKeywords.groovy:1762)
	at PSSICancelDeleteAccount.run(PSSICancelDeleteAccount:44)
	at com.kms.katalon.core.main.ScriptEngine.run(ScriptEngine.java:194)
	at com.kms.katalon.core.main.ScriptEngine.runScriptAsRawText(ScriptEngine.java:119)
	at com.kms.katalon.core.main.TestCaseExecutor.runScript(TestCaseExecutor.java:448)
	at com.kms.katalon.core.main.TestCaseExecutor.doExecute(TestCaseExecutor.java:439)
	at com.kms.katalon.core.main.TestCaseExecutor.processExecutionPhase(TestCaseExecutor.java:418)
	at com.kms.katalon.core.main.TestCaseExecutor.accessMainPhase(TestCaseExecutor.java:410)
	at com.kms.katalon.core.main.TestCaseExecutor.execute(TestCaseExecutor.java:285)
	at com.kms.katalon.core.main.TestCaseExecutor.execute(TestCaseExecutor.java:369)
	at com.kms.katalon.core.main.TestCaseExecutor.execute(TestCaseExecutor.java:369)
	at com.kms.katalon.core.main.TestCaseExecutor.execute(TestCaseExecutor.java:369)
	at com.kms.katalon.core.common.CommonExecutor.accessTestCaseMainPhase(CommonExecutor.java:65)
	at com.kms.katalon.core.main.TestSuiteExecutor.accessTestSuiteMainPhase(TestSuiteExecutor.java:148)
	at com.kms.katalon.core.main.TestSuiteExecutor.execute(TestSuiteExecutor.java:106)
	at com.kms.katalon.core.main.TestCaseMain.startTestSuite(TestCaseMain.java:180)
	at TempTestSuite1705637913228.run(TempTestSuite1705637913228.groovy:36)
	at java.base/jdk.internal.reflect.NativeMethodAccessorImpl.invoke0(Native Method)
	at java.base/jdk.internal.reflect.NativeMethodAccessorImpl.invoke(NativeMethodAccessorImpl.java:77)
	at java.base/jdk.internal.reflect.DelegatingMethodAccessorImpl.invoke(DelegatingMethodAccessorImpl.java:43)
Caused by: com.kms.katalon.core.exception.StepFailedException: Text 'viewer8' is not present on page 
	at com.kms.katalon.core.webui.keyword.internal.WebUIKeywordMain.stepFailed(WebUIKeywordMain.groovy:64)
	at com.kms.katalon.core.webui.keyword.builtin.VerifyTextPresentKeyword$_verifyTextPresent_closure1.doCall(VerifyTextPresentKeyword.groovy:79)
	at com.kms.katalon.core.webui.keyword.builtin.VerifyTextPresentKeyword$_verifyTextPresent_closure1.call(VerifyTextPresentKeyword.groovy)
	at com.kms.katalon.core.webui.keyword.internal.WebUIKeywordMain.runKeyword(WebUIKeywordMain.groovy:20)
	... 23 more]]></system-err>
      </testcase>
      <testcase name="Test Cases/Offline PSSI Dashboard Function/Create BE Account Management/Delete Account/Negative Test Case/PSSICloseDeleteBox" time="13.332" classname="Test Cases/Offline PSSI Dashboard Function/Create BE Account Management/Delete Account/Negative Test Case/PSSICloseDeleteBox" status="FAILED">
         <failure type="FAILED" message="Test Cases/Offline PSSI Dashboard Function/Create BE Account Management/Delete Account/Negative Test Case/PSSICloseDeleteBox FAILED.&#xa;Reason:&#xa;com.kms.katalon.core.exception.StepFailedException: Unable to verify text 'viewer8' is present &#xa;	at com.kms.katalon.core.webui.keyword.internal.WebUIKeywordMain.stepFailed(WebUIKeywordMain.groovy:64)&#xa;	at com.kms.katalon.core.webui.keyword.internal.WebUIKeywordMain.runKeyword(WebUIKeywordMain.groovy:26)&#xa;	at com.kms.katalon.core.webui.keyword.builtin.VerifyTextPresentKeyword.verifyTextPresent(VerifyTextPresentKeyword.groovy:83)&#xa;	at com.kms.katalon.core.webui.keyword.builtin.VerifyTextPresentKeyword.execute(VerifyTextPresentKeyword.groovy:68)&#xa;	at com.kms.katalon.core.keyword.internal.KeywordExecutor.executeKeywordForPlatform(KeywordExecutor.groovy:74)&#xa;	at com.kms.katalon.core.webui.keyword.WebUiBuiltInKeywords.verifyTextPresent(WebUiBuiltInKeywords.groovy:1762)&#xa;	at PSSICloseDeleteBox.verifyStillOnPage(PSSICloseDeleteBox:66)&#xa;	at PSSICloseDeleteBox.run(PSSICloseDeleteBox:38)&#xa;	at com.kms.katalon.core.main.ScriptEngine.run(ScriptEngine.java:194)&#xa;	at com.kms.katalon.core.main.ScriptEngine.runScriptAsRawText(ScriptEngine.java:119)&#xa;	at com.kms.katalon.core.main.TestCaseExecutor.runScript(TestCaseExecutor.java:448)&#xa;	at com.kms.katalon.core.main.TestCaseExecutor.doExecute(TestCaseExecutor.java:439)&#xa;	at com.kms.katalon.core.main.TestCaseExecutor.processExecutionPhase(TestCaseExecutor.java:418)&#xa;	at com.kms.katalon.core.main.TestCaseExecutor.accessMainPhase(TestCaseExecutor.java:410)&#xa;	at com.kms.katalon.core.main.TestCaseExecutor.execute(TestCaseExecutor.java:285)&#xa;	at com.kms.katalon.core.main.TestCaseExecutor.execute(TestCaseExecutor.java:369)&#xa;	at com.kms.katalon.core.main.TestCaseExecutor.execute(TestCaseExecutor.java:369)&#xa;	at com.kms.katalon.core.main.TestCaseExecutor.execute(TestCaseExecutor.java:369)&#xa;	at com.kms.katalon.core.common.CommonExecutor.accessTestCaseMainPhase(CommonExecutor.java:65)&#xa;	at com.kms.katalon.core.main.TestSuiteExecutor.accessTestSuiteMainPhase(TestSuiteExecutor.java:148)&#xa;	at com.kms.katalon.core.main.TestSuiteExecutor.execute(TestSuiteExecutor.java:106)&#xa;	at com.kms.katalon.core.main.TestCaseMain.startTestSuite(TestCaseMain.java:180)&#xa;	at TempTestSuite1705637913228.run(TempTestSuite1705637913228.groovy:36)&#xa;	at java.base/jdk.internal.reflect.NativeMethodAccessorImpl.invoke0(Native Method)&#xa;	at java.base/jdk.internal.reflect.NativeMethodAccessorImpl.invoke(NativeMethodAccessorImpl.java:77)&#xa;	at java.base/jdk.internal.reflect.DelegatingMethodAccessorImpl.invoke(DelegatingMethodAccessorImpl.java:43)&#xa;Caused by: com.kms.katalon.core.exception.StepFailedException: Text 'viewer8' is not present on page &#xa;	at com.kms.katalon.core.webui.keyword.internal.WebUIKeywordMain.stepFailed(WebUIKeywordMain.groovy:64)&#xa;	at com.kms.katalon.core.webui.keyword.builtin.VerifyTextPresentKeyword$_verifyTextPresent_closure1.doCall(VerifyTextPresentKeyword.groovy:79)&#xa;	at com.kms.katalon.core.webui.keyword.builtin.VerifyTextPresentKeyword$_verifyTextPresent_closure1.call(VerifyTextPresentKeyword.groovy)&#xa;	at com.kms.katalon.core.webui.keyword.internal.WebUIKeywordMain.runKeyword(WebUIKeywordMain.groovy:20)&#xa;	... 24 more&#xa;"/>
         <system-out><![CDATA[19-01-2024T11:31:32 - [TEST_CASE][FAILED] - Test Cases/Offline PSSI Dashboard Function/Create BE Account Management/Delete Account/Negative Test Case/PSSICloseDeleteBox: Test Cases/Offline PSSI Dashboard Function/Create BE Account Management/Delete Account/Negative Test Case/PSSICloseDeleteBox FAILED.
Reason:
com.kms.katalon.core.exception.StepFailedException: Unable to verify text 'viewer8' is present 
	at com.kms.katalon.core.webui.keyword.internal.WebUIKeywordMain.stepFailed(WebUIKeywordMain.groovy:64)
	at com.kms.katalon.core.webui.keyword.internal.WebUIKeywordMain.runKeyword(WebUIKeywordMain.groovy:26)
	at com.kms.katalon.core.webui.keyword.builtin.VerifyTextPresentKeyword.verifyTextPresent(VerifyTextPresentKeyword.groovy:83)
	at com.kms.katalon.core.webui.keyword.builtin.VerifyTextPresentKeyword.execute(VerifyTextPresentKeyword.groovy:68)
	at com.kms.katalon.core.keyword.internal.KeywordExecutor.executeKeywordForPlatform(KeywordExecutor.groovy:74)
	at com.kms.katalon.core.webui.keyword.WebUiBuiltInKeywords.verifyTextPresent(WebUiBuiltInKeywords.groovy:1762)
	at PSSICloseDeleteBox.verifyStillOnPage(PSSICloseDeleteBox:66)
	at PSSICloseDeleteBox.run(PSSICloseDeleteBox:38)
	at com.kms.katalon.core.main.ScriptEngine.run(ScriptEngine.java:194)
	at com.kms.katalon.core.main.ScriptEngine.runScriptAsRawText(ScriptEngine.java:119)
	at com.kms.katalon.core.main.TestCaseExecutor.runScript(TestCaseExecutor.java:448)
	at com.kms.katalon.core.main.TestCaseExecutor.doExecute(TestCaseExecutor.java:439)
	at com.kms.katalon.core.main.TestCaseExecutor.processExecutionPhase(TestCaseExecutor.java:418)
	at com.kms.katalon.core.main.TestCaseExecutor.accessMainPhase(TestCaseExecutor.java:410)
	at com.kms.katalon.core.main.TestCaseExecutor.execute(TestCaseExecutor.java:285)
	at com.kms.katalon.core.main.TestCaseExecutor.execute(TestCaseExecutor.java:369)
	at com.kms.katalon.core.main.TestCaseExecutor.execute(TestCaseExecutor.java:369)
	at com.kms.katalon.core.main.TestCaseExecutor.execute(TestCaseExecutor.java:369)
	at com.kms.katalon.core.common.CommonExecutor.accessTestCaseMainPhase(CommonExecutor.java:65)
	at com.kms.katalon.core.main.TestSuiteExecutor.accessTestSuiteMainPhase(TestSuiteExecutor.java:148)
	at com.kms.katalon.core.main.TestSuiteExecutor.execute(TestSuiteExecutor.java:106)
	at com.kms.katalon.core.main.TestCaseMain.startTestSuite(TestCaseMain.java:180)
	at TempTestSuite1705637913228.run(TempTestSuite1705637913228.groovy:36)
	at java.base/jdk.internal.reflect.NativeMethodAccessorImpl.invoke0(Native Method)
	at java.base/jdk.internal.reflect.NativeMethodAccessorImpl.invoke(NativeMethodAccessorImpl.java:77)
	at java.base/jdk.internal.reflect.DelegatingMethodAccessorImpl.invoke(DelegatingMethodAccessorImpl.java:43)
Caused by: com.kms.katalon.core.exception.StepFailedException: Text 'viewer8' is not present on page 
	at com.kms.katalon.core.webui.keyword.internal.WebUIKeywordMain.stepFailed(WebUIKeywordMain.groovy:64)
	at com.kms.katalon.core.webui.keyword.builtin.VerifyTextPresentKeyword$_verifyTextPresent_closure1.doCall(VerifyTextPresentKeyword.groovy:79)
	at com.kms.katalon.core.webui.keyword.builtin.VerifyTextPresentKeyword$_verifyTextPresent_closure1.call(VerifyTextPresentKeyword.groovy)
	at com.kms.katalon.core.webui.keyword.internal.WebUIKeywordMain.runKeyword(WebUIKeywordMain.groovy:20)
	... 24 more


19-01-2024T11:31:32 - [TEST_STEP][PASSED] - failureHandling = STOP_ON_FAILURE: null

19-01-2024T11:31:32 - [TEST_STEP][PASSED] - baseUrl = offline_pssi_dashboard_url: null

19-01-2024T11:31:32 - [TEST_STEP][PASSED] - callTestCase(findTestCase("Offline PSSI Dashboard Function/Create BE Account Management/View Account Management/PSSIViewAccountManagement"), [:], failureHandling): Call Test Case 'Test Cases/Offline PSSI Dashboard Function/Create BE Account Management/View Account Management/PSSIViewAccountManagement' successfully

19-01-2024T11:31:32 - [TEST_CASE][PASSED] - Test Cases/Offline PSSI Dashboard Function/Create BE Account Management/View Account Management/PSSIViewAccountManagement: Test Cases/Offline PSSI Dashboard Function/Create BE Account Management/View Account Management/PSSIViewAccountManagement

19-01-2024T11:31:32 - [TEST_STEP][PASSED] - failureHandling = STOP_ON_FAILURE: null

19-01-2024T11:31:32 - [TEST_STEP][PASSED] - baseUrl = offline_pssi_dashboard_url: null

19-01-2024T11:31:32 - [TEST_STEP][PASSED] - callTestCase(findTestCase("Offline PSSI Dashboard Function/Sign In/PSSISignInValidData"), [:], failureHandling): Call Test Case 'Test Cases/Offline PSSI Dashboard Function/Sign In/PSSISignInValidData' successfully

19-01-2024T11:31:32 - [TEST_CASE][PASSED] - Test Cases/Offline PSSI Dashboard Function/Sign In/PSSISignInValidData: Test Cases/Offline PSSI Dashboard Function/Sign In/PSSISignInValidData

19-01-2024T11:31:32 - [TEST_STEP][PASSED] - failureHandling = STOP_ON_FAILURE: null

19-01-2024T11:31:32 - [TEST_STEP][PASSED] - baseUrl = offline_pssi_dashboard_url: null

19-01-2024T11:31:32 - [TEST_STEP][PASSED] - openBrowser(""): Browser is opened with url: ''

19-01-2024T11:31:32 - [MESSAGE][WARNING] - A browser is already opened. Closing browser and opening a new one

19-01-2024T11:31:32 - [MESSAGE][INFO] - Starting 'Chrome' driver

19-01-2024T11:31:32 - [MESSAGE][INFO] - User set preference: ['unhandledPromptBehaviour', 'ignore']

19-01-2024T11:31:32 - [MESSAGE][INFO] - User set preference: ['unexpectedAlertBehaviour', 'ignore']

19-01-2024T11:31:32 - [MESSAGE][INFO] - Action delay is set to 0 milliseconds

19-01-2024T11:31:33 - [MESSAGE][PASSED] - Browser is opened with url: ''

19-01-2024T11:31:33 - [TEST_STEP][PASSED] - navigateToUrl(baseUrl): Navigate to 'https://monitoring.pssi-dev.kecilin.id' successfully

19-01-2024T11:31:34 - [MESSAGE][PASSED] - Navigate to 'https://monitoring.pssi-dev.kecilin.id' successfully

19-01-2024T11:31:34 - [TEST_STEP][PASSED] - maximizeWindow(): Current window maximized

19-01-2024T11:31:34 - [MESSAGE][PASSED] - Current window maximized

19-01-2024T11:31:34 - [TEST_STEP][PASSED] - setText(findTestObject("Object Repository/Page_Login/input_email"), "superadmin@app.com"): Text 'superadmin@app.com' is set on object 'Object Repository/Page_Login/input_email'

19-01-2024T11:31:35 - [MESSAGE][PASSED] - Text 'superadmin@app.com' is set on object 'Object Repository/Page_Login/input_email'

19-01-2024T11:31:35 - [TEST_STEP][PASSED] - setEncryptedText(findTestObject("Object Repository/Page_Login/input_password"), "8SQVv/p9jVScEs4/2CZsLw=="): Text ****** has been set on object 'Object Repository/Page_Login/input_password'

19-01-2024T11:31:36 - [MESSAGE][PASSED] - Text ****** has been set on object 'Object Repository/Page_Login/input_password'

19-01-2024T11:31:36 - [TEST_STEP][PASSED] - click(findTestObject("Object Repository/Page_Login/button_Sign In")): Object: 'Object Repository/Page_Login/button_Sign In' is clicked on

19-01-2024T11:31:37 - [MESSAGE][PASSED] - Object: 'Object Repository/Page_Login/button_Sign In' is clicked on

19-01-2024T11:31:37 - [MESSAGE][PASSED] - Call Test Case 'Test Cases/Offline PSSI Dashboard Function/Sign In/PSSISignInValidData' successfully

19-01-2024T11:31:37 - [TEST_STEP][PASSED] - scrollToElement(findTestObject("Page_Dashboard/Account Management Sidebar"), 0): Scroll to object 'Object Repository/Page_Dashboard/Account Management Sidebar' successfully

19-01-2024T11:31:38 - [MESSAGE][WARNING] - Timeout '0' is invalid. Using default page load timeout: '1'

19-01-2024T11:31:40 - [MESSAGE][INFO] - Unable to find the element located by 'By.xpath: id("sidenav-collapse-main")/ul[@class="navbar-nav"]/li[@class="nav-item"]/a[@class="nav-link"][count(. | //a[@class = 'nav-link  ' and @href = '/accounts' and (text() = '
            
              
                
              
            
            Account Management
          ' or . = '
            
              
                
              
            
            Account Management
          ')]) = count(//a[@class = 'nav-link  ' and @href = '/accounts' and (text() = '
            
              
                
              
            
            Account Management
          ' or . = '
            
              
                
              
            
            Account Management
          ')])]'. Please recheck the objects properties to make sure the desired element is located. 

19-01-2024T11:31:40 - [MESSAGE][WARNING] - [SELF-HEALING] Failed to find element with id 'Object Repository/Page_Dashboard/Account Management Sidebar'. Try using Self-healing.

19-01-2024T11:31:40 - [MESSAGE][WARNING] - [SELF-HEALING] The current locator of test object 'Object Repository/Page_Dashboard/Account Management Sidebar' was broken. Propose an alternative one: '//div[@id='sidenav-collapse-main']/ul/li[12]/a'.

19-01-2024T11:31:40 - [MESSAGE][PASSED] - Scroll to object 'Object Repository/Page_Dashboard/Account Management Sidebar' successfully

19-01-2024T11:31:40 - [TEST_STEP][PASSED] - navigateToUrl(baseUrl + "/accounts", failureHandling): Navigate to 'https://monitoring.pssi-dev.kecilin.id/accounts' successfully

19-01-2024T11:31:40 - [MESSAGE][PASSED] - Navigate to 'https://monitoring.pssi-dev.kecilin.id/accounts' successfully

19-01-2024T11:31:40 - [MESSAGE][INFO] - 

19-01-2024T11:31:40 - [MESSAGE][INFO] - ===================== Self-healing Report ====================

19-01-2024T11:31:40 - [MESSAGE][INFO] - One of the failed test object locators has been recovered by Self-healing. Please refer to the Self-healing Insights tab for more details.

19-01-2024T11:31:40 - [MESSAGE][INFO] - To learn more about Self-healing, please read https://docs.katalon.com/katalon-studio/docs/self-healing.html

19-01-2024T11:31:40 - [MESSAGE][INFO] - ==============================================================

19-01-2024T11:31:40 - [MESSAGE][PASSED] - Call Test Case 'Test Cases/Offline PSSI Dashboard Function/Create BE Account Management/View Account Management/PSSIViewAccountManagement' successfully

19-01-2024T11:31:40 - [TEST_STEP][PASSED] - click(findTestObject("Page_Account Management/button delete viewer8")): Object: 'Object Repository/Page_Account Management/button delete viewer8' is clicked on

19-01-2024T11:31:41 - [MESSAGE][PASSED] - Object: 'Object Repository/Page_Account Management/button delete viewer8' is clicked on

19-01-2024T11:31:41 - [TEST_STEP][PASSED] - clickOffset(findTestObject("Page_Account Management/Cancel Button pop up"), 100, 100): Object: 'Object Repository/Page_Account Management/Cancel Button pop up' is clicked on using offset x=100 and y=100

19-01-2024T11:31:42 - [MESSAGE][PASSED] - Object: 'Object Repository/Page_Account Management/Cancel Button pop up' is clicked on using offset x=100 and y=100

19-01-2024T11:31:42 - [TEST_STEP][PASSED] - verifyStillOnPage(): null

19-01-2024T11:31:42 - [TEST_STEP][PASSED] - verifyTextPresent("Add New", false): Text 'Add New' is present on page 

19-01-2024T11:31:43 - [MESSAGE][PASSED] - Text 'Add New' is present on page 

19-01-2024T11:31:43 - [TEST_STEP][PASSED] - verifyTextPresent("Status", false): Text 'Status' is present on page 

19-01-2024T11:31:43 - [MESSAGE][PASSED] - Text 'Status' is present on page 

19-01-2024T11:31:43 - [TEST_STEP][PASSED] - verifyTextPresent("Action", false): Text 'Action' is present on page 

19-01-2024T11:31:44 - [MESSAGE][PASSED] - Text 'Action' is present on page 

19-01-2024T11:31:44 - [TEST_STEP][PASSED] - verifyTextPresent("entries", false): Text 'entries' is present on page 

19-01-2024T11:31:44 - [MESSAGE][PASSED] - Text 'entries' is present on page 

19-01-2024T11:31:44 - [TEST_STEP][FAILED] - verifyTextPresent("viewer8", false): Unable to verify text 'viewer8' is present  (Root cause: com.kms.katalon.core.exception.StepFailedException: Unable to verify text 'viewer8' is present 
	at com.kms.katalon.core.webui.keyword.internal.WebUIKeywordMain.stepFailed(WebUIKeywordMain.groovy:64)
	at com.kms.katalon.core.webui.keyword.internal.WebUIKeywordMain.runKeyword(WebUIKeywordMain.groovy:26)
	at com.kms.katalon.core.webui.keyword.builtin.VerifyTextPresentKeyword.verifyTextPresent(VerifyTextPresentKeyword.groovy:83)
	at com.kms.katalon.core.webui.keyword.builtin.VerifyTextPresentKeyword.execute(VerifyTextPresentKeyword.groovy:68)
	at com.kms.katalon.core.keyword.internal.KeywordExecutor.executeKeywordForPlatform(KeywordExecutor.groovy:74)
	at com.kms.katalon.core.webui.keyword.WebUiBuiltInKeywords.verifyTextPresent(WebUiBuiltInKeywords.groovy:1762)
	at PSSICloseDeleteBox.verifyStillOnPage(PSSICloseDeleteBox:66)
	at PSSICloseDeleteBox.run(PSSICloseDeleteBox:38)
	at com.kms.katalon.core.main.ScriptEngine.run(ScriptEngine.java:194)
	at com.kms.katalon.core.main.ScriptEngine.runScriptAsRawText(ScriptEngine.java:119)
	at com.kms.katalon.core.main.TestCaseExecutor.runScript(TestCaseExecutor.java:448)
	at com.kms.katalon.core.main.TestCaseExecutor.doExecute(TestCaseExecutor.java:439)
	at com.kms.katalon.core.main.TestCaseExecutor.processExecutionPhase(TestCaseExecutor.java:418)
	at com.kms.katalon.core.main.TestCaseExecutor.accessMainPhase(TestCaseExecutor.java:410)
	at com.kms.katalon.core.main.TestCaseExecutor.execute(TestCaseExecutor.java:285)
	at com.kms.katalon.core.main.TestCaseExecutor.execute(TestCaseExecutor.java:369)
	at com.kms.katalon.core.main.TestCaseExecutor.execute(TestCaseExecutor.java:369)
	at com.kms.katalon.core.main.TestCaseExecutor.execute(TestCaseExecutor.java:369)
	at com.kms.katalon.core.common.CommonExecutor.accessTestCaseMainPhase(CommonExecutor.java:65)
	at com.kms.katalon.core.main.TestSuiteExecutor.accessTestSuiteMainPhase(TestSuiteExecutor.java:148)
	at com.kms.katalon.core.main.TestSuiteExecutor.execute(TestSuiteExecutor.java:106)
	at com.kms.katalon.core.main.TestCaseMain.startTestSuite(TestCaseMain.java:180)
	at TempTestSuite1705637913228.run(TempTestSuite1705637913228.groovy:36)
	at java.base/jdk.internal.reflect.NativeMethodAccessorImpl.invoke0(Native Method)
	at java.base/jdk.internal.reflect.NativeMethodAccessorImpl.invoke(NativeMethodAccessorImpl.java:77)
	at java.base/jdk.internal.reflect.DelegatingMethodAccessorImpl.invoke(DelegatingMethodAccessorImpl.java:43)
Caused by: com.kms.katalon.core.exception.StepFailedException: Text 'viewer8' is not present on page 
	at com.kms.katalon.core.webui.keyword.internal.WebUIKeywordMain.stepFailed(WebUIKeywordMain.groovy:64)
	at com.kms.katalon.core.webui.keyword.builtin.VerifyTextPresentKeyword$_verifyTextPresent_closure1.doCall(VerifyTextPresentKeyword.groovy:79)
	at com.kms.katalon.core.webui.keyword.builtin.VerifyTextPresentKeyword$_verifyTextPresent_closure1.call(VerifyTextPresentKeyword.groovy)
	at com.kms.katalon.core.webui.keyword.internal.WebUIKeywordMain.runKeyword(WebUIKeywordMain.groovy:20)
	... 24 more
)

19-01-2024T11:31:45 - [MESSAGE][FAILED] - Text 'viewer8' is not present on page  (Root cause: com.kms.katalon.core.exception.StepFailedException: Text 'viewer8' is not present on page 
	at com.kms.katalon.core.webui.keyword.internal.WebUIKeywordMain.stepFailed(WebUIKeywordMain.groovy:64)
	at com.kms.katalon.core.webui.keyword.builtin.VerifyTextPresentKeyword$_verifyTextPresent_closure1.doCall(VerifyTextPresentKeyword.groovy:79)
	at com.kms.katalon.core.webui.keyword.builtin.VerifyTextPresentKeyword$_verifyTextPresent_closure1.call(VerifyTextPresentKeyword.groovy)
	at com.kms.katalon.core.webui.keyword.internal.WebUIKeywordMain.runKeyword(WebUIKeywordMain.groovy:20)
	at com.kms.katalon.core.webui.keyword.builtin.VerifyTextPresentKeyword.verifyTextPresent(VerifyTextPresentKeyword.groovy:83)
	at com.kms.katalon.core.webui.keyword.builtin.VerifyTextPresentKeyword.execute(VerifyTextPresentKeyword.groovy:68)
	at com.kms.katalon.core.keyword.internal.KeywordExecutor.executeKeywordForPlatform(KeywordExecutor.groovy:74)
	at com.kms.katalon.core.webui.keyword.WebUiBuiltInKeywords.verifyTextPresent(WebUiBuiltInKeywords.groovy:1762)
	at PSSICloseDeleteBox.verifyStillOnPage(PSSICloseDeleteBox:66)
	at PSSICloseDeleteBox.run(PSSICloseDeleteBox:38)
	at com.kms.katalon.core.main.ScriptEngine.run(ScriptEngine.java:194)
	at com.kms.katalon.core.main.ScriptEngine.runScriptAsRawText(ScriptEngine.java:119)
	at com.kms.katalon.core.main.TestCaseExecutor.runScript(TestCaseExecutor.java:448)
	at com.kms.katalon.core.main.TestCaseExecutor.doExecute(TestCaseExecutor.java:439)
	at com.kms.katalon.core.main.TestCaseExecutor.processExecutionPhase(TestCaseExecutor.java:418)
	at com.kms.katalon.core.main.TestCaseExecutor.accessMainPhase(TestCaseExecutor.java:410)
	at com.kms.katalon.core.main.TestCaseExecutor.execute(TestCaseExecutor.java:285)
	at com.kms.katalon.core.main.TestCaseExecutor.execute(TestCaseExecutor.java:369)
	at com.kms.katalon.core.main.TestCaseExecutor.execute(TestCaseExecutor.java:369)
	at com.kms.katalon.core.main.TestCaseExecutor.execute(TestCaseExecutor.java:369)
	at com.kms.katalon.core.common.CommonExecutor.accessTestCaseMainPhase(CommonExecutor.java:65)
	at com.kms.katalon.core.main.TestSuiteExecutor.accessTestSuiteMainPhase(TestSuiteExecutor.java:148)
	at com.kms.katalon.core.main.TestSuiteExecutor.execute(TestSuiteExecutor.java:106)
	at com.kms.katalon.core.main.TestCaseMain.startTestSuite(TestCaseMain.java:180)
	at TempTestSuite1705637913228.run(TempTestSuite1705637913228.groovy:36)
	at java.base/jdk.internal.reflect.NativeMethodAccessorImpl.invoke0(Native Method)
	at java.base/jdk.internal.reflect.NativeMethodAccessorImpl.invoke(NativeMethodAccessorImpl.java:77)
	at java.base/jdk.internal.reflect.DelegatingMethodAccessorImpl.invoke(DelegatingMethodAccessorImpl.java:43)
)

19-01-2024T11:31:45 - [MESSAGE][FAILED] - Unable to verify text 'viewer8' is present  (Root cause: com.kms.katalon.core.exception.StepFailedException: Unable to verify text 'viewer8' is present 
	at com.kms.katalon.core.webui.keyword.internal.WebUIKeywordMain.stepFailed(WebUIKeywordMain.groovy:64)
	at com.kms.katalon.core.webui.keyword.internal.WebUIKeywordMain.runKeyword(WebUIKeywordMain.groovy:26)
	at com.kms.katalon.core.webui.keyword.builtin.VerifyTextPresentKeyword.verifyTextPresent(VerifyTextPresentKeyword.groovy:83)
	at com.kms.katalon.core.webui.keyword.builtin.VerifyTextPresentKeyword.execute(VerifyTextPresentKeyword.groovy:68)
	at com.kms.katalon.core.keyword.internal.KeywordExecutor.executeKeywordForPlatform(KeywordExecutor.groovy:74)
	at com.kms.katalon.core.webui.keyword.WebUiBuiltInKeywords.verifyTextPresent(WebUiBuiltInKeywords.groovy:1762)
	at PSSICloseDeleteBox.verifyStillOnPage(PSSICloseDeleteBox:66)
	at PSSICloseDeleteBox.run(PSSICloseDeleteBox:38)
	at com.kms.katalon.core.main.ScriptEngine.run(ScriptEngine.java:194)
	at com.kms.katalon.core.main.ScriptEngine.runScriptAsRawText(ScriptEngine.java:119)
	at com.kms.katalon.core.main.TestCaseExecutor.runScript(TestCaseExecutor.java:448)
	at com.kms.katalon.core.main.TestCaseExecutor.doExecute(TestCaseExecutor.java:439)
	at com.kms.katalon.core.main.TestCaseExecutor.processExecutionPhase(TestCaseExecutor.java:418)
	at com.kms.katalon.core.main.TestCaseExecutor.accessMainPhase(TestCaseExecutor.java:410)
	at com.kms.katalon.core.main.TestCaseExecutor.execute(TestCaseExecutor.java:285)
	at com.kms.katalon.core.main.TestCaseExecutor.execute(TestCaseExecutor.java:369)
	at com.kms.katalon.core.main.TestCaseExecutor.execute(TestCaseExecutor.java:369)
	at com.kms.katalon.core.main.TestCaseExecutor.execute(TestCaseExecutor.java:369)
	at com.kms.katalon.core.common.CommonExecutor.accessTestCaseMainPhase(CommonExecutor.java:65)
	at com.kms.katalon.core.main.TestSuiteExecutor.accessTestSuiteMainPhase(TestSuiteExecutor.java:148)
	at com.kms.katalon.core.main.TestSuiteExecutor.execute(TestSuiteExecutor.java:106)
	at com.kms.katalon.core.main.TestCaseMain.startTestSuite(TestCaseMain.java:180)
	at TempTestSuite1705637913228.run(TempTestSuite1705637913228.groovy:36)
	at java.base/jdk.internal.reflect.NativeMethodAccessorImpl.invoke0(Native Method)
	at java.base/jdk.internal.reflect.NativeMethodAccessorImpl.invoke(NativeMethodAccessorImpl.java:77)
	at java.base/jdk.internal.reflect.DelegatingMethodAccessorImpl.invoke(DelegatingMethodAccessorImpl.java:43)
Caused by: com.kms.katalon.core.exception.StepFailedException: Text 'viewer8' is not present on page 
	at com.kms.katalon.core.webui.keyword.internal.WebUIKeywordMain.stepFailed(WebUIKeywordMain.groovy:64)
	at com.kms.katalon.core.webui.keyword.builtin.VerifyTextPresentKeyword$_verifyTextPresent_closure1.doCall(VerifyTextPresentKeyword.groovy:79)
	at com.kms.katalon.core.webui.keyword.builtin.VerifyTextPresentKeyword$_verifyTextPresent_closure1.call(VerifyTextPresentKeyword.groovy)
	at com.kms.katalon.core.webui.keyword.internal.WebUIKeywordMain.runKeyword(WebUIKeywordMain.groovy:20)
	... 24 more
)
[[ATTACHMENT|C:\\Users\\USER\\git\\Kecilin-Automation-Test\\Reports\\20240119_111826\\Create BE Account Management\\Delete Account Test Suite\\20240119_111833\\1705638705145.png]]]]></system-out>
         <system-err><![CDATA[19-01-2024T11:31:32 - [TEST_CASE][FAILED] - Test Cases/Offline PSSI Dashboard Function/Create BE Account Management/Delete Account/Negative Test Case/PSSICloseDeleteBox: Test Cases/Offline PSSI Dashboard Function/Create BE Account Management/Delete Account/Negative Test Case/PSSICloseDeleteBox FAILED.
Reason:
com.kms.katalon.core.exception.StepFailedException: Unable to verify text 'viewer8' is present 
	at com.kms.katalon.core.webui.keyword.internal.WebUIKeywordMain.stepFailed(WebUIKeywordMain.groovy:64)
	at com.kms.katalon.core.webui.keyword.internal.WebUIKeywordMain.runKeyword(WebUIKeywordMain.groovy:26)
	at com.kms.katalon.core.webui.keyword.builtin.VerifyTextPresentKeyword.verifyTextPresent(VerifyTextPresentKeyword.groovy:83)
	at com.kms.katalon.core.webui.keyword.builtin.VerifyTextPresentKeyword.execute(VerifyTextPresentKeyword.groovy:68)
	at com.kms.katalon.core.keyword.internal.KeywordExecutor.executeKeywordForPlatform(KeywordExecutor.groovy:74)
	at com.kms.katalon.core.webui.keyword.WebUiBuiltInKeywords.verifyTextPresent(WebUiBuiltInKeywords.groovy:1762)
	at PSSICloseDeleteBox.verifyStillOnPage(PSSICloseDeleteBox:66)
	at PSSICloseDeleteBox.run(PSSICloseDeleteBox:38)
	at com.kms.katalon.core.main.ScriptEngine.run(ScriptEngine.java:194)
	at com.kms.katalon.core.main.ScriptEngine.runScriptAsRawText(ScriptEngine.java:119)
	at com.kms.katalon.core.main.TestCaseExecutor.runScript(TestCaseExecutor.java:448)
	at com.kms.katalon.core.main.TestCaseExecutor.doExecute(TestCaseExecutor.java:439)
	at com.kms.katalon.core.main.TestCaseExecutor.processExecutionPhase(TestCaseExecutor.java:418)
	at com.kms.katalon.core.main.TestCaseExecutor.accessMainPhase(TestCaseExecutor.java:410)
	at com.kms.katalon.core.main.TestCaseExecutor.execute(TestCaseExecutor.java:285)
	at com.kms.katalon.core.main.TestCaseExecutor.execute(TestCaseExecutor.java:369)
	at com.kms.katalon.core.main.TestCaseExecutor.execute(TestCaseExecutor.java:369)
	at com.kms.katalon.core.main.TestCaseExecutor.execute(TestCaseExecutor.java:369)
	at com.kms.katalon.core.common.CommonExecutor.accessTestCaseMainPhase(CommonExecutor.java:65)
	at com.kms.katalon.core.main.TestSuiteExecutor.accessTestSuiteMainPhase(TestSuiteExecutor.java:148)
	at com.kms.katalon.core.main.TestSuiteExecutor.execute(TestSuiteExecutor.java:106)
	at com.kms.katalon.core.main.TestCaseMain.startTestSuite(TestCaseMain.java:180)
	at TempTestSuite1705637913228.run(TempTestSuite1705637913228.groovy:36)
	at java.base/jdk.internal.reflect.NativeMethodAccessorImpl.invoke0(Native Method)
	at java.base/jdk.internal.reflect.NativeMethodAccessorImpl.invoke(NativeMethodAccessorImpl.java:77)
	at java.base/jdk.internal.reflect.DelegatingMethodAccessorImpl.invoke(DelegatingMethodAccessorImpl.java:43)
Caused by: com.kms.katalon.core.exception.StepFailedException: Text 'viewer8' is not present on page 
	at com.kms.katalon.core.webui.keyword.internal.WebUIKeywordMain.stepFailed(WebUIKeywordMain.groovy:64)
	at com.kms.katalon.core.webui.keyword.builtin.VerifyTextPresentKeyword$_verifyTextPresent_closure1.doCall(VerifyTextPresentKeyword.groovy:79)
	at com.kms.katalon.core.webui.keyword.builtin.VerifyTextPresentKeyword$_verifyTextPresent_closure1.call(VerifyTextPresentKeyword.groovy)
	at com.kms.katalon.core.webui.keyword.internal.WebUIKeywordMain.runKeyword(WebUIKeywordMain.groovy:20)
	... 24 more]]></system-err>
      </testcase>
      <testcase name="Test Cases/Offline PSSI Dashboard Function/Create BE Account Management/Delete Account/Positive Test Case/PSSIDeleteAccount" time="11.708" classname="Test Cases/Offline PSSI Dashboard Function/Create BE Account Management/Delete Account/Positive Test Case/PSSIDeleteAccount" status="FAILED">
         <failure type="FAILED" message="Test Cases/Offline PSSI Dashboard Function/Create BE Account Management/Delete Account/Positive Test Case/PSSIDeleteAccount FAILED.&#xa;Reason:&#xa;com.kms.katalon.core.exception.StepFailedException: Unable to verify object 'Object Repository/Page_Account Management/Account Management Sidebar' to be NOT clickable&#xa;	at com.kms.katalon.core.webui.keyword.internal.WebUIKeywordMain.stepFailed(WebUIKeywordMain.groovy:64)&#xa;	at com.kms.katalon.core.webui.keyword.internal.WebUIKeywordMain.runKeyword(WebUIKeywordMain.groovy:26)&#xa;	at com.kms.katalon.core.webui.keyword.builtin.VerifyElementNotClickableKeyword.verifyElementNotClickable(VerifyElementNotClickableKeyword.groovy:96)&#xa;	at com.kms.katalon.core.webui.keyword.builtin.VerifyElementNotClickableKeyword.execute(VerifyElementNotClickableKeyword.groovy:67)&#xa;	at com.kms.katalon.core.keyword.internal.KeywordExecutor.executeKeywordForPlatform(KeywordExecutor.groovy:74)&#xa;	at com.kms.katalon.core.webui.keyword.WebUiBuiltInKeywords.verifyElementNotClickable(WebUiBuiltInKeywords.groovy:634)&#xa;	at PSSIDeleteAccount.run(PSSIDeleteAccount:33)&#xa;	at com.kms.katalon.core.main.ScriptEngine.run(ScriptEngine.java:194)&#xa;	at com.kms.katalon.core.main.ScriptEngine.runScriptAsRawText(ScriptEngine.java:119)&#xa;	at com.kms.katalon.core.main.TestCaseExecutor.runScript(TestCaseExecutor.java:448)&#xa;	at com.kms.katalon.core.main.TestCaseExecutor.doExecute(TestCaseExecutor.java:439)&#xa;	at com.kms.katalon.core.main.TestCaseExecutor.processExecutionPhase(TestCaseExecutor.java:418)&#xa;	at com.kms.katalon.core.main.TestCaseExecutor.accessMainPhase(TestCaseExecutor.java:410)&#xa;	at com.kms.katalon.core.main.TestCaseExecutor.execute(TestCaseExecutor.java:285)&#xa;	at com.kms.katalon.core.main.TestCaseExecutor.execute(TestCaseExecutor.java:369)&#xa;	at com.kms.katalon.core.main.TestCaseExecutor.execute(TestCaseExecutor.java:369)&#xa;	at com.kms.katalon.core.main.TestCaseExecutor.execute(TestCaseExecutor.java:369)&#xa;	at com.kms.katalon.core.common.CommonExecutor.accessTestCaseMainPhase(CommonExecutor.java:65)&#xa;	at com.kms.katalon.core.main.TestSuiteExecutor.accessTestSuiteMainPhase(TestSuiteExecutor.java:148)&#xa;	at com.kms.katalon.core.main.TestSuiteExecutor.execute(TestSuiteExecutor.java:106)&#xa;	at com.kms.katalon.core.main.TestCaseMain.startTestSuite(TestCaseMain.java:180)&#xa;	at TempTestSuite1705637913228.run(TempTestSuite1705637913228.groovy:36)&#xa;	at java.base/jdk.internal.reflect.NativeMethodAccessorImpl.invoke0(Native Method)&#xa;	at java.base/jdk.internal.reflect.NativeMethodAccessorImpl.invoke(NativeMethodAccessorImpl.java:77)&#xa;	at java.base/jdk.internal.reflect.DelegatingMethodAccessorImpl.invoke(DelegatingMethodAccessorImpl.java:43)&#xa;Caused by: com.kms.katalon.core.exception.StepFailedException: Object 'Object Repository/Page_Account Management/Account Management Sidebar' is clickable&#xa;	at com.kms.katalon.core.webui.keyword.internal.WebUIKeywordMain.stepFailed(WebUIKeywordMain.groovy:64)&#xa;	at com.kms.katalon.core.webui.keyword.builtin.VerifyElementNotClickableKeyword$_verifyElementNotClickable_closure1.doCall(VerifyElementNotClickableKeyword.groovy:80)&#xa;	at com.kms.katalon.core.webui.keyword.builtin.VerifyElementNotClickableKeyword$_verifyElementNotClickable_closure1.call(VerifyElementNotClickableKeyword.groovy)&#xa;	at com.kms.katalon.core.webui.keyword.internal.WebUIKeywordMain.runKeyword(WebUIKeywordMain.groovy:20)&#xa;	... 23 more&#xa;"/>
         <system-out><![CDATA[19-01-2024T11:32:20 - [TEST_CASE][FAILED] - Test Cases/Offline PSSI Dashboard Function/Create BE Account Management/Delete Account/Positive Test Case/PSSIDeleteAccount: Test Cases/Offline PSSI Dashboard Function/Create BE Account Management/Delete Account/Positive Test Case/PSSIDeleteAccount FAILED.
Reason:
com.kms.katalon.core.exception.StepFailedException: Unable to verify object 'Object Repository/Page_Account Management/Account Management Sidebar' to be NOT clickable
	at com.kms.katalon.core.webui.keyword.internal.WebUIKeywordMain.stepFailed(WebUIKeywordMain.groovy:64)
	at com.kms.katalon.core.webui.keyword.internal.WebUIKeywordMain.runKeyword(WebUIKeywordMain.groovy:26)
	at com.kms.katalon.core.webui.keyword.builtin.VerifyElementNotClickableKeyword.verifyElementNotClickable(VerifyElementNotClickableKeyword.groovy:96)
	at com.kms.katalon.core.webui.keyword.builtin.VerifyElementNotClickableKeyword.execute(VerifyElementNotClickableKeyword.groovy:67)
	at com.kms.katalon.core.keyword.internal.KeywordExecutor.executeKeywordForPlatform(KeywordExecutor.groovy:74)
	at com.kms.katalon.core.webui.keyword.WebUiBuiltInKeywords.verifyElementNotClickable(WebUiBuiltInKeywords.groovy:634)
	at PSSIDeleteAccount.run(PSSIDeleteAccount:33)
	at com.kms.katalon.core.main.ScriptEngine.run(ScriptEngine.java:194)
	at com.kms.katalon.core.main.ScriptEngine.runScriptAsRawText(ScriptEngine.java:119)
	at com.kms.katalon.core.main.TestCaseExecutor.runScript(TestCaseExecutor.java:448)
	at com.kms.katalon.core.main.TestCaseExecutor.doExecute(TestCaseExecutor.java:439)
	at com.kms.katalon.core.main.TestCaseExecutor.processExecutionPhase(TestCaseExecutor.java:418)
	at com.kms.katalon.core.main.TestCaseExecutor.accessMainPhase(TestCaseExecutor.java:410)
	at com.kms.katalon.core.main.TestCaseExecutor.execute(TestCaseExecutor.java:285)
	at com.kms.katalon.core.main.TestCaseExecutor.execute(TestCaseExecutor.java:369)
	at com.kms.katalon.core.main.TestCaseExecutor.execute(TestCaseExecutor.java:369)
	at com.kms.katalon.core.main.TestCaseExecutor.execute(TestCaseExecutor.java:369)
	at com.kms.katalon.core.common.CommonExecutor.accessTestCaseMainPhase(CommonExecutor.java:65)
	at com.kms.katalon.core.main.TestSuiteExecutor.accessTestSuiteMainPhase(TestSuiteExecutor.java:148)
	at com.kms.katalon.core.main.TestSuiteExecutor.execute(TestSuiteExecutor.java:106)
	at com.kms.katalon.core.main.TestCaseMain.startTestSuite(TestCaseMain.java:180)
	at TempTestSuite1705637913228.run(TempTestSuite1705637913228.groovy:36)
	at java.base/jdk.internal.reflect.NativeMethodAccessorImpl.invoke0(Native Method)
	at java.base/jdk.internal.reflect.NativeMethodAccessorImpl.invoke(NativeMethodAccessorImpl.java:77)
	at java.base/jdk.internal.reflect.DelegatingMethodAccessorImpl.invoke(DelegatingMethodAccessorImpl.java:43)
Caused by: com.kms.katalon.core.exception.StepFailedException: Object 'Object Repository/Page_Account Management/Account Management Sidebar' is clickable
	at com.kms.katalon.core.webui.keyword.internal.WebUIKeywordMain.stepFailed(WebUIKeywordMain.groovy:64)
	at com.kms.katalon.core.webui.keyword.builtin.VerifyElementNotClickableKeyword$_verifyElementNotClickable_closure1.doCall(VerifyElementNotClickableKeyword.groovy:80)
	at com.kms.katalon.core.webui.keyword.builtin.VerifyElementNotClickableKeyword$_verifyElementNotClickable_closure1.call(VerifyElementNotClickableKeyword.groovy)
	at com.kms.katalon.core.webui.keyword.internal.WebUIKeywordMain.runKeyword(WebUIKeywordMain.groovy:20)
	... 23 more


19-01-2024T11:32:20 - [TEST_STEP][PASSED] - failureHandling = STOP_ON_FAILURE: null

19-01-2024T11:32:20 - [TEST_STEP][PASSED] - baseUrl = offline_pssi_dashboard_url: null

19-01-2024T11:32:20 - [TEST_STEP][PASSED] - callTestCase(findTestCase("Offline PSSI Dashboard Function/Create BE Account Management/View Account Management/PSSIViewAccountManagement"), [:], failureHandling): Call Test Case 'Test Cases/Offline PSSI Dashboard Function/Create BE Account Management/View Account Management/PSSIViewAccountManagement' successfully

19-01-2024T11:32:20 - [TEST_CASE][PASSED] - Test Cases/Offline PSSI Dashboard Function/Create BE Account Management/View Account Management/PSSIViewAccountManagement: Test Cases/Offline PSSI Dashboard Function/Create BE Account Management/View Account Management/PSSIViewAccountManagement

19-01-2024T11:32:20 - [TEST_STEP][PASSED] - failureHandling = STOP_ON_FAILURE: null

19-01-2024T11:32:20 - [TEST_STEP][PASSED] - baseUrl = offline_pssi_dashboard_url: null

19-01-2024T11:32:20 - [TEST_STEP][PASSED] - callTestCase(findTestCase("Offline PSSI Dashboard Function/Sign In/PSSISignInValidData"), [:], failureHandling): Call Test Case 'Test Cases/Offline PSSI Dashboard Function/Sign In/PSSISignInValidData' successfully

19-01-2024T11:32:20 - [TEST_CASE][PASSED] - Test Cases/Offline PSSI Dashboard Function/Sign In/PSSISignInValidData: Test Cases/Offline PSSI Dashboard Function/Sign In/PSSISignInValidData

19-01-2024T11:32:20 - [TEST_STEP][PASSED] - failureHandling = STOP_ON_FAILURE: null

19-01-2024T11:32:20 - [TEST_STEP][PASSED] - baseUrl = offline_pssi_dashboard_url: null

19-01-2024T11:32:20 - [TEST_STEP][PASSED] - openBrowser(""): Browser is opened with url: ''

19-01-2024T11:32:20 - [MESSAGE][WARNING] - A browser is already opened. Closing browser and opening a new one

19-01-2024T11:32:20 - [MESSAGE][INFO] - Starting 'Chrome' driver

19-01-2024T11:32:20 - [MESSAGE][INFO] - User set preference: ['unhandledPromptBehaviour', 'ignore']

19-01-2024T11:32:20 - [MESSAGE][INFO] - User set preference: ['unexpectedAlertBehaviour', 'ignore']

19-01-2024T11:32:20 - [MESSAGE][INFO] - Action delay is set to 0 milliseconds

19-01-2024T11:32:21 - [MESSAGE][PASSED] - Browser is opened with url: ''

19-01-2024T11:32:21 - [TEST_STEP][PASSED] - navigateToUrl(baseUrl): Navigate to 'https://monitoring.pssi-dev.kecilin.id' successfully

19-01-2024T11:32:22 - [MESSAGE][PASSED] - Navigate to 'https://monitoring.pssi-dev.kecilin.id' successfully

19-01-2024T11:32:22 - [TEST_STEP][PASSED] - maximizeWindow(): Current window maximized

19-01-2024T11:32:22 - [MESSAGE][PASSED] - Current window maximized

19-01-2024T11:32:22 - [TEST_STEP][PASSED] - setText(findTestObject("Object Repository/Page_Login/input_email"), "superadmin@app.com"): Text 'superadmin@app.com' is set on object 'Object Repository/Page_Login/input_email'

19-01-2024T11:32:23 - [MESSAGE][PASSED] - Text 'superadmin@app.com' is set on object 'Object Repository/Page_Login/input_email'

19-01-2024T11:32:23 - [TEST_STEP][PASSED] - setEncryptedText(findTestObject("Object Repository/Page_Login/input_password"), "8SQVv/p9jVScEs4/2CZsLw=="): Text ****** has been set on object 'Object Repository/Page_Login/input_password'

19-01-2024T11:32:23 - [MESSAGE][PASSED] - Text ****** has been set on object 'Object Repository/Page_Login/input_password'

19-01-2024T11:32:23 - [TEST_STEP][PASSED] - click(findTestObject("Object Repository/Page_Login/button_Sign In")): Object: 'Object Repository/Page_Login/button_Sign In' is clicked on

19-01-2024T11:32:26 - [MESSAGE][PASSED] - Object: 'Object Repository/Page_Login/button_Sign In' is clicked on

19-01-2024T11:32:26 - [MESSAGE][PASSED] - Call Test Case 'Test Cases/Offline PSSI Dashboard Function/Sign In/PSSISignInValidData' successfully

19-01-2024T11:32:26 - [TEST_STEP][PASSED] - scrollToElement(findTestObject("Page_Dashboard/Account Management Sidebar"), 0): Scroll to object 'Object Repository/Page_Dashboard/Account Management Sidebar' successfully

19-01-2024T11:32:26 - [MESSAGE][WARNING] - Timeout '0' is invalid. Using default page load timeout: '1'

19-01-2024T11:32:28 - [MESSAGE][INFO] - Unable to find the element located by 'By.xpath: id("sidenav-collapse-main")/ul[@class="navbar-nav"]/li[@class="nav-item"]/a[@class="nav-link"][count(. | //a[@class = 'nav-link  ' and @href = '/accounts' and (text() = '
            
              
                
              
            
            Account Management
          ' or . = '
            
              
                
              
            
            Account Management
          ')]) = count(//a[@class = 'nav-link  ' and @href = '/accounts' and (text() = '
            
              
                
              
            
            Account Management
          ' or . = '
            
              
                
              
            
            Account Management
          ')])]'. Please recheck the objects properties to make sure the desired element is located. 

19-01-2024T11:32:28 - [MESSAGE][WARNING] - [SELF-HEALING] Failed to find element with id 'Object Repository/Page_Dashboard/Account Management Sidebar'. Try using Self-healing.

19-01-2024T11:32:29 - [MESSAGE][WARNING] - [SELF-HEALING] The current locator of test object 'Object Repository/Page_Dashboard/Account Management Sidebar' was broken. Propose an alternative one: '//div[@id='sidenav-collapse-main']/ul/li[12]/a'.

19-01-2024T11:32:29 - [MESSAGE][PASSED] - Scroll to object 'Object Repository/Page_Dashboard/Account Management Sidebar' successfully

19-01-2024T11:32:29 - [TEST_STEP][PASSED] - navigateToUrl(baseUrl + "/accounts", failureHandling): Navigate to 'https://monitoring.pssi-dev.kecilin.id/accounts' successfully

19-01-2024T11:32:29 - [MESSAGE][PASSED] - Navigate to 'https://monitoring.pssi-dev.kecilin.id/accounts' successfully

19-01-2024T11:32:29 - [MESSAGE][INFO] - 

19-01-2024T11:32:29 - [MESSAGE][INFO] - ===================== Self-healing Report ====================

19-01-2024T11:32:29 - [MESSAGE][INFO] - One of the failed test object locators has been recovered by Self-healing. Please refer to the Self-healing Insights tab for more details.

19-01-2024T11:32:29 - [MESSAGE][INFO] - To learn more about Self-healing, please read https://docs.katalon.com/katalon-studio/docs/self-healing.html

19-01-2024T11:32:29 - [MESSAGE][INFO] - ==============================================================

19-01-2024T11:32:29 - [MESSAGE][PASSED] - Call Test Case 'Test Cases/Offline PSSI Dashboard Function/Create BE Account Management/View Account Management/PSSIViewAccountManagement' successfully

19-01-2024T11:32:29 - [TEST_STEP][PASSED] - click(findTestObject("Page_Account Management/button delete viewer8")): Object: 'Object Repository/Page_Account Management/button delete viewer8' is clicked on

19-01-2024T11:32:30 - [MESSAGE][PASSED] - Object: 'Object Repository/Page_Account Management/button delete viewer8' is clicked on

19-01-2024T11:32:30 - [TEST_STEP][FAILED] - verifyElementNotClickable(findTestObject("Page_Account Management/Account Management Sidebar")): Unable to verify object 'Object Repository/Page_Account Management/Account Management Sidebar' to be NOT clickable (Root cause: com.kms.katalon.core.exception.StepFailedException: Unable to verify object 'Object Repository/Page_Account Management/Account Management Sidebar' to be NOT clickable
	at com.kms.katalon.core.webui.keyword.internal.WebUIKeywordMain.stepFailed(WebUIKeywordMain.groovy:64)
	at com.kms.katalon.core.webui.keyword.internal.WebUIKeywordMain.runKeyword(WebUIKeywordMain.groovy:26)
	at com.kms.katalon.core.webui.keyword.builtin.VerifyElementNotClickableKeyword.verifyElementNotClickable(VerifyElementNotClickableKeyword.groovy:96)
	at com.kms.katalon.core.webui.keyword.builtin.VerifyElementNotClickableKeyword.execute(VerifyElementNotClickableKeyword.groovy:67)
	at com.kms.katalon.core.keyword.internal.KeywordExecutor.executeKeywordForPlatform(KeywordExecutor.groovy:74)
	at com.kms.katalon.core.webui.keyword.WebUiBuiltInKeywords.verifyElementNotClickable(WebUiBuiltInKeywords.groovy:634)
	at PSSIDeleteAccount.run(PSSIDeleteAccount:33)
	at com.kms.katalon.core.main.ScriptEngine.run(ScriptEngine.java:194)
	at com.kms.katalon.core.main.ScriptEngine.runScriptAsRawText(ScriptEngine.java:119)
	at com.kms.katalon.core.main.TestCaseExecutor.runScript(TestCaseExecutor.java:448)
	at com.kms.katalon.core.main.TestCaseExecutor.doExecute(TestCaseExecutor.java:439)
	at com.kms.katalon.core.main.TestCaseExecutor.processExecutionPhase(TestCaseExecutor.java:418)
	at com.kms.katalon.core.main.TestCaseExecutor.accessMainPhase(TestCaseExecutor.java:410)
	at com.kms.katalon.core.main.TestCaseExecutor.execute(TestCaseExecutor.java:285)
	at com.kms.katalon.core.main.TestCaseExecutor.execute(TestCaseExecutor.java:369)
	at com.kms.katalon.core.main.TestCaseExecutor.execute(TestCaseExecutor.java:369)
	at com.kms.katalon.core.main.TestCaseExecutor.execute(TestCaseExecutor.java:369)
	at com.kms.katalon.core.common.CommonExecutor.accessTestCaseMainPhase(CommonExecutor.java:65)
	at com.kms.katalon.core.main.TestSuiteExecutor.accessTestSuiteMainPhase(TestSuiteExecutor.java:148)
	at com.kms.katalon.core.main.TestSuiteExecutor.execute(TestSuiteExecutor.java:106)
	at com.kms.katalon.core.main.TestCaseMain.startTestSuite(TestCaseMain.java:180)
	at TempTestSuite1705637913228.run(TempTestSuite1705637913228.groovy:36)
	at java.base/jdk.internal.reflect.NativeMethodAccessorImpl.invoke0(Native Method)
	at java.base/jdk.internal.reflect.NativeMethodAccessorImpl.invoke(NativeMethodAccessorImpl.java:77)
	at java.base/jdk.internal.reflect.DelegatingMethodAccessorImpl.invoke(DelegatingMethodAccessorImpl.java:43)
Caused by: com.kms.katalon.core.exception.StepFailedException: Object 'Object Repository/Page_Account Management/Account Management Sidebar' is clickable
	at com.kms.katalon.core.webui.keyword.internal.WebUIKeywordMain.stepFailed(WebUIKeywordMain.groovy:64)
	at com.kms.katalon.core.webui.keyword.builtin.VerifyElementNotClickableKeyword$_verifyElementNotClickable_closure1.doCall(VerifyElementNotClickableKeyword.groovy:80)
	at com.kms.katalon.core.webui.keyword.builtin.VerifyElementNotClickableKeyword$_verifyElementNotClickable_closure1.call(VerifyElementNotClickableKeyword.groovy)
	at com.kms.katalon.core.webui.keyword.internal.WebUIKeywordMain.runKeyword(WebUIKeywordMain.groovy:20)
	... 23 more
)

19-01-2024T11:32:31 - [MESSAGE][FAILED] - Object 'Object Repository/Page_Account Management/Account Management Sidebar' is clickable (Root cause: com.kms.katalon.core.exception.StepFailedException: Object 'Object Repository/Page_Account Management/Account Management Sidebar' is clickable
	at com.kms.katalon.core.webui.keyword.internal.WebUIKeywordMain.stepFailed(WebUIKeywordMain.groovy:64)
	at com.kms.katalon.core.webui.keyword.builtin.VerifyElementNotClickableKeyword$_verifyElementNotClickable_closure1.doCall(VerifyElementNotClickableKeyword.groovy:80)
	at com.kms.katalon.core.webui.keyword.builtin.VerifyElementNotClickableKeyword$_verifyElementNotClickable_closure1.call(VerifyElementNotClickableKeyword.groovy)
	at com.kms.katalon.core.webui.keyword.internal.WebUIKeywordMain.runKeyword(WebUIKeywordMain.groovy:20)
	at com.kms.katalon.core.webui.keyword.builtin.VerifyElementNotClickableKeyword.verifyElementNotClickable(VerifyElementNotClickableKeyword.groovy:96)
	at com.kms.katalon.core.webui.keyword.builtin.VerifyElementNotClickableKeyword.execute(VerifyElementNotClickableKeyword.groovy:67)
	at com.kms.katalon.core.keyword.internal.KeywordExecutor.executeKeywordForPlatform(KeywordExecutor.groovy:74)
	at com.kms.katalon.core.webui.keyword.WebUiBuiltInKeywords.verifyElementNotClickable(WebUiBuiltInKeywords.groovy:634)
	at PSSIDeleteAccount.run(PSSIDeleteAccount:33)
	at com.kms.katalon.core.main.ScriptEngine.run(ScriptEngine.java:194)
	at com.kms.katalon.core.main.ScriptEngine.runScriptAsRawText(ScriptEngine.java:119)
	at com.kms.katalon.core.main.TestCaseExecutor.runScript(TestCaseExecutor.java:448)
	at com.kms.katalon.core.main.TestCaseExecutor.doExecute(TestCaseExecutor.java:439)
	at com.kms.katalon.core.main.TestCaseExecutor.processExecutionPhase(TestCaseExecutor.java:418)
	at com.kms.katalon.core.main.TestCaseExecutor.accessMainPhase(TestCaseExecutor.java:410)
	at com.kms.katalon.core.main.TestCaseExecutor.execute(TestCaseExecutor.java:285)
	at com.kms.katalon.core.main.TestCaseExecutor.execute(TestCaseExecutor.java:369)
	at com.kms.katalon.core.main.TestCaseExecutor.execute(TestCaseExecutor.java:369)
	at com.kms.katalon.core.main.TestCaseExecutor.execute(TestCaseExecutor.java:369)
	at com.kms.katalon.core.common.CommonExecutor.accessTestCaseMainPhase(CommonExecutor.java:65)
	at com.kms.katalon.core.main.TestSuiteExecutor.accessTestSuiteMainPhase(TestSuiteExecutor.java:148)
	at com.kms.katalon.core.main.TestSuiteExecutor.execute(TestSuiteExecutor.java:106)
	at com.kms.katalon.core.main.TestCaseMain.startTestSuite(TestCaseMain.java:180)
	at TempTestSuite1705637913228.run(TempTestSuite1705637913228.groovy:36)
	at java.base/jdk.internal.reflect.NativeMethodAccessorImpl.invoke0(Native Method)
	at java.base/jdk.internal.reflect.NativeMethodAccessorImpl.invoke(NativeMethodAccessorImpl.java:77)
	at java.base/jdk.internal.reflect.DelegatingMethodAccessorImpl.invoke(DelegatingMethodAccessorImpl.java:43)
)
[[ATTACHMENT|C:\\Users\\USER\\git\\Kecilin-Automation-Test\\Reports\\20240119_111826\\Create BE Account Management\\Delete Account Test Suite\\20240119_111833\\1705638751339.png]]

19-01-2024T11:32:31 - [MESSAGE][FAILED] - Unable to verify object 'Object Repository/Page_Account Management/Account Management Sidebar' to be NOT clickable (Root cause: com.kms.katalon.core.exception.StepFailedException: Unable to verify object 'Object Repository/Page_Account Management/Account Management Sidebar' to be NOT clickable
	at com.kms.katalon.core.webui.keyword.internal.WebUIKeywordMain.stepFailed(WebUIKeywordMain.groovy:64)
	at com.kms.katalon.core.webui.keyword.internal.WebUIKeywordMain.runKeyword(WebUIKeywordMain.groovy:26)
	at com.kms.katalon.core.webui.keyword.builtin.VerifyElementNotClickableKeyword.verifyElementNotClickable(VerifyElementNotClickableKeyword.groovy:96)
	at com.kms.katalon.core.webui.keyword.builtin.VerifyElementNotClickableKeyword.execute(VerifyElementNotClickableKeyword.groovy:67)
	at com.kms.katalon.core.keyword.internal.KeywordExecutor.executeKeywordForPlatform(KeywordExecutor.groovy:74)
	at com.kms.katalon.core.webui.keyword.WebUiBuiltInKeywords.verifyElementNotClickable(WebUiBuiltInKeywords.groovy:634)
	at PSSIDeleteAccount.run(PSSIDeleteAccount:33)
	at com.kms.katalon.core.main.ScriptEngine.run(ScriptEngine.java:194)
	at com.kms.katalon.core.main.ScriptEngine.runScriptAsRawText(ScriptEngine.java:119)
	at com.kms.katalon.core.main.TestCaseExecutor.runScript(TestCaseExecutor.java:448)
	at com.kms.katalon.core.main.TestCaseExecutor.doExecute(TestCaseExecutor.java:439)
	at com.kms.katalon.core.main.TestCaseExecutor.processExecutionPhase(TestCaseExecutor.java:418)
	at com.kms.katalon.core.main.TestCaseExecutor.accessMainPhase(TestCaseExecutor.java:410)
	at com.kms.katalon.core.main.TestCaseExecutor.execute(TestCaseExecutor.java:285)
	at com.kms.katalon.core.main.TestCaseExecutor.execute(TestCaseExecutor.java:369)
	at com.kms.katalon.core.main.TestCaseExecutor.execute(TestCaseExecutor.java:369)
	at com.kms.katalon.core.main.TestCaseExecutor.execute(TestCaseExecutor.java:369)
	at com.kms.katalon.core.common.CommonExecutor.accessTestCaseMainPhase(CommonExecutor.java:65)
	at com.kms.katalon.core.main.TestSuiteExecutor.accessTestSuiteMainPhase(TestSuiteExecutor.java:148)
	at com.kms.katalon.core.main.TestSuiteExecutor.execute(TestSuiteExecutor.java:106)
	at com.kms.katalon.core.main.TestCaseMain.startTestSuite(TestCaseMain.java:180)
	at TempTestSuite1705637913228.run(TempTestSuite1705637913228.groovy:36)
	at java.base/jdk.internal.reflect.NativeMethodAccessorImpl.invoke0(Native Method)
	at java.base/jdk.internal.reflect.NativeMethodAccessorImpl.invoke(NativeMethodAccessorImpl.java:77)
	at java.base/jdk.internal.reflect.DelegatingMethodAccessorImpl.invoke(DelegatingMethodAccessorImpl.java:43)
Caused by: com.kms.katalon.core.exception.StepFailedException: Object 'Object Repository/Page_Account Management/Account Management Sidebar' is clickable
	at com.kms.katalon.core.webui.keyword.internal.WebUIKeywordMain.stepFailed(WebUIKeywordMain.groovy:64)
	at com.kms.katalon.core.webui.keyword.builtin.VerifyElementNotClickableKeyword$_verifyElementNotClickable_closure1.doCall(VerifyElementNotClickableKeyword.groovy:80)
	at com.kms.katalon.core.webui.keyword.builtin.VerifyElementNotClickableKeyword$_verifyElementNotClickable_closure1.call(VerifyElementNotClickableKeyword.groovy)
	at com.kms.katalon.core.webui.keyword.internal.WebUIKeywordMain.runKeyword(WebUIKeywordMain.groovy:20)
	... 23 more
)
[[ATTACHMENT|C:\\Users\\USER\\git\\Kecilin-Automation-Test\\Reports\\20240119_111826\\Create BE Account Management\\Delete Account Test Suite\\20240119_111833\\1705638751540.png]]]]></system-out>
         <system-err><![CDATA[19-01-2024T11:32:20 - [TEST_CASE][FAILED] - Test Cases/Offline PSSI Dashboard Function/Create BE Account Management/Delete Account/Positive Test Case/PSSIDeleteAccount: Test Cases/Offline PSSI Dashboard Function/Create BE Account Management/Delete Account/Positive Test Case/PSSIDeleteAccount FAILED.
Reason:
com.kms.katalon.core.exception.StepFailedException: Unable to verify object 'Object Repository/Page_Account Management/Account Management Sidebar' to be NOT clickable
	at com.kms.katalon.core.webui.keyword.internal.WebUIKeywordMain.stepFailed(WebUIKeywordMain.groovy:64)
	at com.kms.katalon.core.webui.keyword.internal.WebUIKeywordMain.runKeyword(WebUIKeywordMain.groovy:26)
	at com.kms.katalon.core.webui.keyword.builtin.VerifyElementNotClickableKeyword.verifyElementNotClickable(VerifyElementNotClickableKeyword.groovy:96)
	at com.kms.katalon.core.webui.keyword.builtin.VerifyElementNotClickableKeyword.execute(VerifyElementNotClickableKeyword.groovy:67)
	at com.kms.katalon.core.keyword.internal.KeywordExecutor.executeKeywordForPlatform(KeywordExecutor.groovy:74)
	at com.kms.katalon.core.webui.keyword.WebUiBuiltInKeywords.verifyElementNotClickable(WebUiBuiltInKeywords.groovy:634)
	at PSSIDeleteAccount.run(PSSIDeleteAccount:33)
	at com.kms.katalon.core.main.ScriptEngine.run(ScriptEngine.java:194)
	at com.kms.katalon.core.main.ScriptEngine.runScriptAsRawText(ScriptEngine.java:119)
	at com.kms.katalon.core.main.TestCaseExecutor.runScript(TestCaseExecutor.java:448)
	at com.kms.katalon.core.main.TestCaseExecutor.doExecute(TestCaseExecutor.java:439)
	at com.kms.katalon.core.main.TestCaseExecutor.processExecutionPhase(TestCaseExecutor.java:418)
	at com.kms.katalon.core.main.TestCaseExecutor.accessMainPhase(TestCaseExecutor.java:410)
	at com.kms.katalon.core.main.TestCaseExecutor.execute(TestCaseExecutor.java:285)
	at com.kms.katalon.core.main.TestCaseExecutor.execute(TestCaseExecutor.java:369)
	at com.kms.katalon.core.main.TestCaseExecutor.execute(TestCaseExecutor.java:369)
	at com.kms.katalon.core.main.TestCaseExecutor.execute(TestCaseExecutor.java:369)
	at com.kms.katalon.core.common.CommonExecutor.accessTestCaseMainPhase(CommonExecutor.java:65)
	at com.kms.katalon.core.main.TestSuiteExecutor.accessTestSuiteMainPhase(TestSuiteExecutor.java:148)
	at com.kms.katalon.core.main.TestSuiteExecutor.execute(TestSuiteExecutor.java:106)
	at com.kms.katalon.core.main.TestCaseMain.startTestSuite(TestCaseMain.java:180)
	at TempTestSuite1705637913228.run(TempTestSuite1705637913228.groovy:36)
	at java.base/jdk.internal.reflect.NativeMethodAccessorImpl.invoke0(Native Method)
	at java.base/jdk.internal.reflect.NativeMethodAccessorImpl.invoke(NativeMethodAccessorImpl.java:77)
	at java.base/jdk.internal.reflect.DelegatingMethodAccessorImpl.invoke(DelegatingMethodAccessorImpl.java:43)
Caused by: com.kms.katalon.core.exception.StepFailedException: Object 'Object Repository/Page_Account Management/Account Management Sidebar' is clickable
	at com.kms.katalon.core.webui.keyword.internal.WebUIKeywordMain.stepFailed(WebUIKeywordMain.groovy:64)
	at com.kms.katalon.core.webui.keyword.builtin.VerifyElementNotClickableKeyword$_verifyElementNotClickable_closure1.doCall(VerifyElementNotClickableKeyword.groovy:80)
	at com.kms.katalon.core.webui.keyword.builtin.VerifyElementNotClickableKeyword$_verifyElementNotClickable_closure1.call(VerifyElementNotClickableKeyword.groovy)
	at com.kms.katalon.core.webui.keyword.internal.WebUIKeywordMain.runKeyword(WebUIKeywordMain.groovy:20)
	... 23 more]]></system-err>
      </testcase>
      <system-out><![CDATA[19-01-2024T11:29:41 - [TEST_SUITE][FAILED] - Delete Account Test Suite: Test Cases/Offline PSSI Dashboard Function/Create BE Account Management/Delete Account/Negative Test Case/PSSICancelDeleteAccount FAILED.
Reason:
com.kms.katalon.core.exception.StepFailedException: Unable to verify text 'viewer8' is present 
	at com.kms.katalon.core.webui.keyword.internal.WebUIKeywordMain.stepFailed(WebUIKeywordMain.groovy:64)
	at com.kms.katalon.core.webui.keyword.internal.WebUIKeywordMain.runKeyword(WebUIKeywordMain.groovy:26)
	at com.kms.katalon.core.webui.keyword.builtin.VerifyTextPresentKeyword.verifyTextPresent(VerifyTextPresentKeyword.groovy:83)
	at com.kms.katalon.core.webui.keyword.builtin.VerifyTextPresentKeyword.execute(VerifyTextPresentKeyword.groovy:68)
	at com.kms.katalon.core.keyword.internal.KeywordExecutor.executeKeywordForPlatform(KeywordExecutor.groovy:74)
	at com.kms.katalon.core.webui.keyword.WebUiBuiltInKeywords.verifyTextPresent(WebUiBuiltInKeywords.groovy:1762)
	at PSSICancelDeleteAccount.run(PSSICancelDeleteAccount:44)
	at com.kms.katalon.core.main.ScriptEngine.run(ScriptEngine.java:194)
	at com.kms.katalon.core.main.ScriptEngine.runScriptAsRawText(ScriptEngine.java:119)
	at com.kms.katalon.core.main.TestCaseExecutor.runScript(TestCaseExecutor.java:448)
	at com.kms.katalon.core.main.TestCaseExecutor.doExecute(TestCaseExecutor.java:439)
	at com.kms.katalon.core.main.TestCaseExecutor.processExecutionPhase(TestCaseExecutor.java:418)
	at com.kms.katalon.core.main.TestCaseExecutor.accessMainPhase(TestCaseExecutor.java:410)
	at com.kms.katalon.core.main.TestCaseExecutor.execute(TestCaseExecutor.java:285)
	at com.kms.katalon.core.common.CommonExecutor.accessTestCaseMainPhase(CommonExecutor.java:65)
	at com.kms.katalon.core.main.TestSuiteExecutor.accessTestSuiteMainPhase(TestSuiteExecutor.java:148)
	at com.kms.katalon.core.main.TestSuiteExecutor.execute(TestSuiteExecutor.java:106)
	at com.kms.katalon.core.main.TestCaseMain.startTestSuite(TestCaseMain.java:180)
	at TempTestSuite1705637913228.run(TempTestSuite1705637913228.groovy:36)
	at java.base/jdk.internal.reflect.NativeMethodAccessorImpl.invoke0(Native Method)
	at java.base/jdk.internal.reflect.NativeMethodAccessorImpl.invoke(NativeMethodAccessorImpl.java:77)
	at java.base/jdk.internal.reflect.DelegatingMethodAccessorImpl.invoke(DelegatingMethodAccessorImpl.java:43)
Caused by: com.kms.katalon.core.exception.StepFailedException: Text 'viewer8' is not present on page 
	at com.kms.katalon.core.webui.keyword.internal.WebUIKeywordMain.stepFailed(WebUIKeywordMain.groovy:64)
	at com.kms.katalon.core.webui.keyword.builtin.VerifyTextPresentKeyword$_verifyTextPresent_closure1.doCall(VerifyTextPresentKeyword.groovy:79)
	at com.kms.katalon.core.webui.keyword.builtin.VerifyTextPresentKeyword$_verifyTextPresent_closure1.call(VerifyTextPresentKeyword.groovy)
	at com.kms.katalon.core.webui.keyword.internal.WebUIKeywordMain.runKeyword(WebUIKeywordMain.groovy:20)
	... 20 more]]></system-out>
      <system-err><![CDATA[19-01-2024T11:29:41 - [TEST_SUITE][FAILED] - Delete Account Test Suite: Test Cases/Offline PSSI Dashboard Function/Create BE Account Management/Delete Account/Negative Test Case/PSSICancelDeleteAccount FAILED.
Reason:
com.kms.katalon.core.exception.StepFailedException: Unable to verify text 'viewer8' is present 
	at com.kms.katalon.core.webui.keyword.internal.WebUIKeywordMain.stepFailed(WebUIKeywordMain.groovy:64)
	at com.kms.katalon.core.webui.keyword.internal.WebUIKeywordMain.runKeyword(WebUIKeywordMain.groovy:26)
	at com.kms.katalon.core.webui.keyword.builtin.VerifyTextPresentKeyword.verifyTextPresent(VerifyTextPresentKeyword.groovy:83)
	at com.kms.katalon.core.webui.keyword.builtin.VerifyTextPresentKeyword.execute(VerifyTextPresentKeyword.groovy:68)
	at com.kms.katalon.core.keyword.internal.KeywordExecutor.executeKeywordForPlatform(KeywordExecutor.groovy:74)
	at com.kms.katalon.core.webui.keyword.WebUiBuiltInKeywords.verifyTextPresent(WebUiBuiltInKeywords.groovy:1762)
	at PSSICancelDeleteAccount.run(PSSICancelDeleteAccount:44)
	at com.kms.katalon.core.main.ScriptEngine.run(ScriptEngine.java:194)
	at com.kms.katalon.core.main.ScriptEngine.runScriptAsRawText(ScriptEngine.java:119)
	at com.kms.katalon.core.main.TestCaseExecutor.runScript(TestCaseExecutor.java:448)
	at com.kms.katalon.core.main.TestCaseExecutor.doExecute(TestCaseExecutor.java:439)
	at com.kms.katalon.core.main.TestCaseExecutor.processExecutionPhase(TestCaseExecutor.java:418)
	at com.kms.katalon.core.main.TestCaseExecutor.accessMainPhase(TestCaseExecutor.java:410)
	at com.kms.katalon.core.main.TestCaseExecutor.execute(TestCaseExecutor.java:285)
	at com.kms.katalon.core.common.CommonExecutor.accessTestCaseMainPhase(CommonExecutor.java:65)
	at com.kms.katalon.core.main.TestSuiteExecutor.accessTestSuiteMainPhase(TestSuiteExecutor.java:148)
	at com.kms.katalon.core.main.TestSuiteExecutor.execute(TestSuiteExecutor.java:106)
	at com.kms.katalon.core.main.TestCaseMain.startTestSuite(TestCaseMain.java:180)
	at TempTestSuite1705637913228.run(TempTestSuite1705637913228.groovy:36)
	at java.base/jdk.internal.reflect.NativeMethodAccessorImpl.invoke0(Native Method)
	at java.base/jdk.internal.reflect.NativeMethodAccessorImpl.invoke(NativeMethodAccessorImpl.java:77)
	at java.base/jdk.internal.reflect.DelegatingMethodAccessorImpl.invoke(DelegatingMethodAccessorImpl.java:43)
Caused by: com.kms.katalon.core.exception.StepFailedException: Text 'viewer8' is not present on page 
	at com.kms.katalon.core.webui.keyword.internal.WebUIKeywordMain.stepFailed(WebUIKeywordMain.groovy:64)
	at com.kms.katalon.core.webui.keyword.builtin.VerifyTextPresentKeyword$_verifyTextPresent_closure1.doCall(VerifyTextPresentKeyword.groovy:79)
	at com.kms.katalon.core.webui.keyword.builtin.VerifyTextPresentKeyword$_verifyTextPresent_closure1.call(VerifyTextPresentKeyword.groovy)
	at com.kms.katalon.core.webui.keyword.internal.WebUIKeywordMain.runKeyword(WebUIKeywordMain.groovy:20)
	... 20 more]]></system-err>
   </testsuite>
   <testsuite name="Edit Account Test Suite" tests="6" failures="6" errors="0" time="681.233" skipped="0" timestamp="19-01-2024T11:32:58" hostname="USER - DESKTOP-HLRVE9S" id="Test Suites/Create BE Account Management/Edit Account Test Suite">
      <properties>
         <property name="deviceName" value=""/>
         <property name="devicePlatform" value=""/>
         <property name="logFolder" value="C:\\Users\\USER\\git\\Kecilin-Automation-Test\\Reports\\20240119_111826\\Create BE Account Management\\Edit Account Test Suite\\20240119_111835"/>
         <property name="logFiles" value="C:\\Users\\USER\\git\\Kecilin-Automation-Test\\Reports\\20240119_111826\\Create BE Account Management\\Edit Account Test Suite\\20240119_111835\\execution0.log"/>
         <property name="attachments" value="C:\\Users\\USER\\git\\Kecilin-Automation-Test\\Reports\\20240119_111826\\Create BE Account Management\\Edit Account Test Suite\\20240119_111835\\1705638814131.png, C:\\Users\\USER\\git\\Kecilin-Automation-Test\\Reports\\20240119_111826\\Create BE Account Management\\Edit Account Test Suite\\20240119_111835\\1705638814369.png, C:\\Users\\USER\\git\\Kecilin-Automation-Test\\Reports\\20240119_111826\\Create BE Account Management\\Edit Account Test Suite\\20240119_111835\\1705638846519.png, C:\\Users\\USER\\git\\Kecilin-Automation-Test\\Reports\\20240119_111826\\Create BE Account Management\\Edit Account Test Suite\\20240119_111835\\1705638846740.png, C:\\Users\\USER\\git\\Kecilin-Automation-Test\\Reports\\20240119_111826\\Create BE Account Management\\Edit Account Test Suite\\20240119_111835\\1705638877617.png, C:\\Users\\USER\\git\\Kecilin-Automation-Test\\Reports\\20240119_111826\\Create BE Account Management\\Edit Account Test Suite\\20240119_111835\\1705638877792.png, C:\\Users\\USER\\git\\Kecilin-Automation-Test\\Reports\\20240119_111826\\Create BE Account Management\\Edit Account Test Suite\\20240119_111835\\1705638909014.png, C:\\Users\\USER\\git\\Kecilin-Automation-Test\\Reports\\20240119_111826\\Create BE Account Management\\Edit Account Test Suite\\20240119_111835\\1705638909203.png, C:\\Users\\USER\\git\\Kecilin-Automation-Test\\Reports\\20240119_111826\\Create BE Account Management\\Edit Account Test Suite\\20240119_111835\\1705638926259.png, C:\\Users\\USER\\git\\Kecilin-Automation-Test\\Reports\\20240119_111826\\Create BE Account Management\\Edit Account Test Suite\\20240119_111835\\1705638943754.png, C:\\Users\\USER\\git\\Kecilin-Automation-Test\\Reports\\20240119_111826\\Create BE Account Management\\Edit Account Test Suite\\20240119_111835\\1705638961883.png, C:\\Users\\USER\\git\\Kecilin-Automation-Test\\Reports\\20240119_111826\\Create BE Account Management\\Edit Account Test Suite\\20240119_111835\\1705638980208.png, C:\\Users\\USER\\git\\Kecilin-Automation-Test\\Reports\\20240119_111826\\Create BE Account Management\\Edit Account Test Suite\\20240119_111835\\1705639012396.png, C:\\Users\\USER\\git\\Kecilin-Automation-Test\\Reports\\20240119_111826\\Create BE Account Management\\Edit Account Test Suite\\20240119_111835\\1705639012589.png, C:\\Users\\USER\\git\\Kecilin-Automation-Test\\Reports\\20240119_111826\\Create BE Account Management\\Edit Account Test Suite\\20240119_111835\\1705639045925.png, C:\\Users\\USER\\git\\Kecilin-Automation-Test\\Reports\\20240119_111826\\Create BE Account Management\\Edit Account Test Suite\\20240119_111835\\1705639046115.png, C:\\Users\\USER\\git\\Kecilin-Automation-Test\\Reports\\20240119_111826\\Create BE Account Management\\Edit Account Test Suite\\20240119_111835\\1705639078385.png, C:\\Users\\USER\\git\\Kecilin-Automation-Test\\Reports\\20240119_111826\\Create BE Account Management\\Edit Account Test Suite\\20240119_111835\\1705639078573.png, C:\\Users\\USER\\git\\Kecilin-Automation-Test\\Reports\\20240119_111826\\Create BE Account Management\\Edit Account Test Suite\\20240119_111835\\1705639110909.png, C:\\Users\\USER\\git\\Kecilin-Automation-Test\\Reports\\20240119_111826\\Create BE Account Management\\Edit Account Test Suite\\20240119_111835\\1705639111145.png, C:\\Users\\USER\\git\\Kecilin-Automation-Test\\Reports\\20240119_111826\\Create BE Account Management\\Edit Account Test Suite\\20240119_111835\\1705639134953.png, C:\\Users\\USER\\git\\Kecilin-Automation-Test\\Reports\\20240119_111826\\Create BE Account Management\\Edit Account Test Suite\\20240119_111835\\1705639135129.png, C:\\Users\\USER\\git\\Kecilin-Automation-Test\\Reports\\20240119_111826\\Create BE Account Management\\Edit Account Test Suite\\20240119_111835\\1705639159004.png, C:\\Users\\USER\\git\\Kecilin-Automation-Test\\Reports\\20240119_111826\\Create BE Account Management\\Edit Account Test Suite\\20240119_111835\\1705639159238.png, C:\\Users\\USER\\git\\Kecilin-Automation-Test\\Reports\\20240119_111826\\Create BE Account Management\\Edit Account Test Suite\\20240119_111835\\1705639183475.png, C:\\Users\\USER\\git\\Kecilin-Automation-Test\\Reports\\20240119_111826\\Create BE Account Management\\Edit Account Test Suite\\20240119_111835\\1705639183676.png, C:\\Users\\USER\\git\\Kecilin-Automation-Test\\Reports\\20240119_111826\\Create BE Account Management\\Edit Account Test Suite\\20240119_111835\\1705639218554.png, C:\\Users\\USER\\git\\Kecilin-Automation-Test\\Reports\\20240119_111826\\Create BE Account Management\\Edit Account Test Suite\\20240119_111835\\1705639218732.png, C:\\Users\\USER\\git\\Kecilin-Automation-Test\\Reports\\20240119_111826\\Create BE Account Management\\Edit Account Test Suite\\20240119_111835\\1705639249940.png, C:\\Users\\USER\\git\\Kecilin-Automation-Test\\Reports\\20240119_111826\\Create BE Account Management\\Edit Account Test Suite\\20240119_111835\\1705639250183.png, C:\\Users\\USER\\git\\Kecilin-Automation-Test\\Reports\\20240119_111826\\Create BE Account Management\\Edit Account Test Suite\\20240119_111835\\1705639282030.png, C:\\Users\\USER\\git\\Kecilin-Automation-Test\\Reports\\20240119_111826\\Create BE Account Management\\Edit Account Test Suite\\20240119_111835\\1705639282228.png, C:\\Users\\USER\\git\\Kecilin-Automation-Test\\Reports\\20240119_111826\\Create BE Account Management\\Edit Account Test Suite\\20240119_111835\\1705639314933.png, C:\\Users\\USER\\git\\Kecilin-Automation-Test\\Reports\\20240119_111826\\Create BE Account Management\\Edit Account Test Suite\\20240119_111835\\1705639315178.png, C:\\Users\\USER\\git\\Kecilin-Automation-Test\\Reports\\20240119_111826\\Create BE Account Management\\Edit Account Test Suite\\20240119_111835\\1705639346046.png, C:\\Users\\USER\\git\\Kecilin-Automation-Test\\Reports\\20240119_111826\\Create BE Account Management\\Edit Account Test Suite\\20240119_111835\\1705639346210.png, C:\\Users\\USER\\git\\Kecilin-Automation-Test\\Reports\\20240119_111826\\Create BE Account Management\\Edit Account Test Suite\\20240119_111835\\1705639367752.png, C:\\Users\\USER\\git\\Kecilin-Automation-Test\\Reports\\20240119_111826\\Create BE Account Management\\Edit Account Test Suite\\20240119_111835\\1705639388607.png, C:\\Users\\USER\\git\\Kecilin-Automation-Test\\Reports\\20240119_111826\\Create BE Account Management\\Edit Account Test Suite\\20240119_111835\\1705639410662.png, C:\\Users\\USER\\git\\Kecilin-Automation-Test\\Reports\\20240119_111826\\Create BE Account Management\\Edit Account Test Suite\\20240119_111835\\1705639459562.png"/>
         <property name="hostName" value="USER - DESKTOP-HLRVE9S"/>
         <property name="os" value="Windows 10 64bit"/>
         <property name="katalonVersion" value="9.2.0.212"/>
         <property name="browser" value="Chrome 120.0.0.0"/>
         <property name="hostAddress" value="192.168.100.189"/>
         <property name="sessionId" value="85b16bf4b98a84ed3db711d3046cdb65"/>
         <property name="seleniumVersion" value="3.141.59"/>
         <property name="proxyInformation" value="ProxyInformation { proxyOption=NO_PROXY, proxyServerType=HTTP, username=, password=********, proxyServerAddress=, proxyServerPort=0, executionList=&quot;&quot;, isApplyToDesiredCapabilities=true }"/>
         <property name="platform" value="Windows 10"/>
      </properties>
      <testcase name="Test Cases/Offline PSSI Dashboard Function/Create BE Account Management/Edit Account/Negative Test Case/PSSIEditAccountDuplicateEmail" time="31.43" classname="Test Cases/Offline PSSI Dashboard Function/Create BE Account Management/Edit Account/Negative Test Case/PSSIEditAccountDuplicateEmail" status="FAILED">
         <failure type="FAILED" message="Test Cases/Offline PSSI Dashboard Function/Create BE Account Management/Edit Account/Negative Test Case/PSSIEditAccountDuplicateEmail FAILED.&#xa;Reason:&#xa;com.kms.katalon.core.exception.StepFailedException: Unable to verify object 'Object Repository/Page_Create Account/Password Field' to be clickable&#xa;	at com.kms.katalon.core.webui.keyword.internal.WebUIKeywordMain.stepFailed(WebUIKeywordMain.groovy:64)&#xa;	at com.kms.katalon.core.webui.keyword.internal.WebUIKeywordMain.runKeyword(WebUIKeywordMain.groovy:26)&#xa;	at com.kms.katalon.core.webui.keyword.builtin.VerifyElementClickableKeyword.verifyElementClickable(VerifyElementClickableKeyword.groovy:96)&#xa;	at com.kms.katalon.core.webui.keyword.builtin.VerifyElementClickableKeyword.execute(VerifyElementClickableKeyword.groovy:67)&#xa;	at com.kms.katalon.core.keyword.internal.KeywordExecutor.executeKeywordForPlatform(KeywordExecutor.groovy:74)&#xa;	at com.kms.katalon.core.webui.keyword.WebUiBuiltInKeywords.verifyElementClickable(WebUiBuiltInKeywords.groovy:605)&#xa;	at PSSIEditAccountDuplicateEmail.run(PSSIEditAccountDuplicateEmail:37)&#xa;	at com.kms.katalon.core.main.ScriptEngine.run(ScriptEngine.java:194)&#xa;	at com.kms.katalon.core.main.ScriptEngine.runScriptAsRawText(ScriptEngine.java:119)&#xa;	at com.kms.katalon.core.main.TestCaseExecutor.runScript(TestCaseExecutor.java:448)&#xa;	at com.kms.katalon.core.main.TestCaseExecutor.doExecute(TestCaseExecutor.java:439)&#xa;	at com.kms.katalon.core.main.TestCaseExecutor.processExecutionPhase(TestCaseExecutor.java:418)&#xa;	at com.kms.katalon.core.main.TestCaseExecutor.accessMainPhase(TestCaseExecutor.java:410)&#xa;	at com.kms.katalon.core.main.TestCaseExecutor.execute(TestCaseExecutor.java:285)&#xa;	at com.kms.katalon.core.main.TestCaseExecutor.execute(TestCaseExecutor.java:369)&#xa;	at com.kms.katalon.core.main.TestCaseExecutor.execute(TestCaseExecutor.java:369)&#xa;	at com.kms.katalon.core.main.TestCaseExecutor.execute(TestCaseExecutor.java:369)&#xa;	at com.kms.katalon.core.common.CommonExecutor.accessTestCaseMainPhase(CommonExecutor.java:65)&#xa;	at com.kms.katalon.core.main.TestSuiteExecutor.accessTestSuiteMainPhase(TestSuiteExecutor.java:148)&#xa;	at com.kms.katalon.core.main.TestSuiteExecutor.execute(TestSuiteExecutor.java:106)&#xa;	at com.kms.katalon.core.main.TestCaseMain.startTestSuite(TestCaseMain.java:180)&#xa;	at TempTestSuite1705637915236.run(TempTestSuite1705637915236.groovy:36)&#xa;	at java.base/jdk.internal.reflect.NativeMethodAccessorImpl.invoke0(Native Method)&#xa;	at java.base/jdk.internal.reflect.NativeMethodAccessorImpl.invoke(NativeMethodAccessorImpl.java:77)&#xa;	at java.base/jdk.internal.reflect.DelegatingMethodAccessorImpl.invoke(DelegatingMethodAccessorImpl.java:43)&#xa;Caused by: com.kms.katalon.core.exception.StepFailedException: Web element with id: 'Object Repository/Page_Create Account/Password Field' located by 'id(&quot;password&quot;)[count(. | //input[@type = 'text' and @class = 'form-control ' and @id = 'password' and @name = 'password' and @placeholder = 'Password']) = count(//input[@type = 'text' and @class = 'form-control ' and @id = 'password' and @name = 'password' and @placeholder = 'Password'])]' not found&#xa;	at com.kms.katalon.core.webui.keyword.internal.WebUIKeywordMain.stepFailed(WebUIKeywordMain.groovy:64)&#xa;	at com.kms.katalon.core.webui.keyword.builtin.VerifyElementClickableKeyword$_verifyElementClickable_closure1.doCall(VerifyElementClickableKeyword.groovy:88)&#xa;	at com.kms.katalon.core.webui.keyword.builtin.VerifyElementClickableKeyword$_verifyElementClickable_closure1.call(VerifyElementClickableKeyword.groovy)&#xa;	at com.kms.katalon.core.webui.keyword.internal.WebUIKeywordMain.runKeyword(WebUIKeywordMain.groovy:20)&#xa;	... 23 more&#xa;"/>
         <system-out><![CDATA[19-01-2024T11:34:37 - [TEST_CASE][FAILED] - Test Cases/Offline PSSI Dashboard Function/Create BE Account Management/Edit Account/Negative Test Case/PSSIEditAccountDuplicateEmail: Test Cases/Offline PSSI Dashboard Function/Create BE Account Management/Edit Account/Negative Test Case/PSSIEditAccountDuplicateEmail FAILED.
Reason:
com.kms.katalon.core.exception.StepFailedException: Unable to verify object 'Object Repository/Page_Create Account/Password Field' to be clickable
	at com.kms.katalon.core.webui.keyword.internal.WebUIKeywordMain.stepFailed(WebUIKeywordMain.groovy:64)
	at com.kms.katalon.core.webui.keyword.internal.WebUIKeywordMain.runKeyword(WebUIKeywordMain.groovy:26)
	at com.kms.katalon.core.webui.keyword.builtin.VerifyElementClickableKeyword.verifyElementClickable(VerifyElementClickableKeyword.groovy:96)
	at com.kms.katalon.core.webui.keyword.builtin.VerifyElementClickableKeyword.execute(VerifyElementClickableKeyword.groovy:67)
	at com.kms.katalon.core.keyword.internal.KeywordExecutor.executeKeywordForPlatform(KeywordExecutor.groovy:74)
	at com.kms.katalon.core.webui.keyword.WebUiBuiltInKeywords.verifyElementClickable(WebUiBuiltInKeywords.groovy:605)
	at PSSIEditAccountDuplicateEmail.run(PSSIEditAccountDuplicateEmail:37)
	at com.kms.katalon.core.main.ScriptEngine.run(ScriptEngine.java:194)
	at com.kms.katalon.core.main.ScriptEngine.runScriptAsRawText(ScriptEngine.java:119)
	at com.kms.katalon.core.main.TestCaseExecutor.runScript(TestCaseExecutor.java:448)
	at com.kms.katalon.core.main.TestCaseExecutor.doExecute(TestCaseExecutor.java:439)
	at com.kms.katalon.core.main.TestCaseExecutor.processExecutionPhase(TestCaseExecutor.java:418)
	at com.kms.katalon.core.main.TestCaseExecutor.accessMainPhase(TestCaseExecutor.java:410)
	at com.kms.katalon.core.main.TestCaseExecutor.execute(TestCaseExecutor.java:285)
	at com.kms.katalon.core.main.TestCaseExecutor.execute(TestCaseExecutor.java:369)
	at com.kms.katalon.core.main.TestCaseExecutor.execute(TestCaseExecutor.java:369)
	at com.kms.katalon.core.main.TestCaseExecutor.execute(TestCaseExecutor.java:369)
	at com.kms.katalon.core.common.CommonExecutor.accessTestCaseMainPhase(CommonExecutor.java:65)
	at com.kms.katalon.core.main.TestSuiteExecutor.accessTestSuiteMainPhase(TestSuiteExecutor.java:148)
	at com.kms.katalon.core.main.TestSuiteExecutor.execute(TestSuiteExecutor.java:106)
	at com.kms.katalon.core.main.TestCaseMain.startTestSuite(TestCaseMain.java:180)
	at TempTestSuite1705637915236.run(TempTestSuite1705637915236.groovy:36)
	at java.base/jdk.internal.reflect.NativeMethodAccessorImpl.invoke0(Native Method)
	at java.base/jdk.internal.reflect.NativeMethodAccessorImpl.invoke(NativeMethodAccessorImpl.java:77)
	at java.base/jdk.internal.reflect.DelegatingMethodAccessorImpl.invoke(DelegatingMethodAccessorImpl.java:43)
Caused by: com.kms.katalon.core.exception.StepFailedException: Web element with id: 'Object Repository/Page_Create Account/Password Field' located by 'id("password")[count(. | //input[@type = 'text' and @class = 'form-control ' and @id = 'password' and @name = 'password' and @placeholder = 'Password']) = count(//input[@type = 'text' and @class = 'form-control ' and @id = 'password' and @name = 'password' and @placeholder = 'Password'])]' not found
	at com.kms.katalon.core.webui.keyword.internal.WebUIKeywordMain.stepFailed(WebUIKeywordMain.groovy:64)
	at com.kms.katalon.core.webui.keyword.builtin.VerifyElementClickableKeyword$_verifyElementClickable_closure1.doCall(VerifyElementClickableKeyword.groovy:88)
	at com.kms.katalon.core.webui.keyword.builtin.VerifyElementClickableKeyword$_verifyElementClickable_closure1.call(VerifyElementClickableKeyword.groovy)
	at com.kms.katalon.core.webui.keyword.internal.WebUIKeywordMain.runKeyword(WebUIKeywordMain.groovy:20)
	... 23 more


19-01-2024T11:34:38 - [TEST_STEP][PASSED] - failureHandling = STOP_ON_FAILURE: null

19-01-2024T11:34:38 - [TEST_STEP][PASSED] - baseUrl = offline_pssi_dashboard_url: null

19-01-2024T11:34:38 - [TEST_STEP][PASSED] - callTestCase(findTestCase("Offline PSSI Dashboard Function/Create BE Account Management/View Account Management/PSSIViewAccountManagement"), [:], failureHandling): Call Test Case 'Test Cases/Offline PSSI Dashboard Function/Create BE Account Management/View Account Management/PSSIViewAccountManagement' successfully

19-01-2024T11:34:38 - [TEST_CASE][PASSED] - Test Cases/Offline PSSI Dashboard Function/Create BE Account Management/View Account Management/PSSIViewAccountManagement: Test Cases/Offline PSSI Dashboard Function/Create BE Account Management/View Account Management/PSSIViewAccountManagement

19-01-2024T11:34:38 - [TEST_STEP][PASSED] - failureHandling = STOP_ON_FAILURE: null

19-01-2024T11:34:38 - [TEST_STEP][PASSED] - baseUrl = offline_pssi_dashboard_url: null

19-01-2024T11:34:38 - [TEST_STEP][PASSED] - callTestCase(findTestCase("Offline PSSI Dashboard Function/Sign In/PSSISignInValidData"), [:], failureHandling): Call Test Case 'Test Cases/Offline PSSI Dashboard Function/Sign In/PSSISignInValidData' successfully

19-01-2024T11:34:38 - [TEST_CASE][PASSED] - Test Cases/Offline PSSI Dashboard Function/Sign In/PSSISignInValidData: Test Cases/Offline PSSI Dashboard Function/Sign In/PSSISignInValidData

19-01-2024T11:34:38 - [TEST_STEP][PASSED] - failureHandling = STOP_ON_FAILURE: null

19-01-2024T11:34:38 - [TEST_STEP][PASSED] - baseUrl = offline_pssi_dashboard_url: null

19-01-2024T11:34:38 - [TEST_STEP][PASSED] - openBrowser(""): Browser is opened with url: ''

19-01-2024T11:34:38 - [MESSAGE][WARNING] - A browser is already opened. Closing browser and opening a new one

19-01-2024T11:34:38 - [MESSAGE][INFO] - Starting 'Chrome' driver

19-01-2024T11:34:38 - [MESSAGE][INFO] - User set preference: ['unhandledPromptBehaviour', 'ignore']

19-01-2024T11:34:38 - [MESSAGE][INFO] - User set preference: ['unexpectedAlertBehaviour', 'ignore']

19-01-2024T11:34:38 - [MESSAGE][INFO] - Action delay is set to 0 milliseconds

19-01-2024T11:34:39 - [MESSAGE][PASSED] - Browser is opened with url: ''

19-01-2024T11:34:39 - [TEST_STEP][PASSED] - navigateToUrl(baseUrl): Navigate to 'https://monitoring.pssi-dev.kecilin.id' successfully

19-01-2024T11:34:40 - [MESSAGE][PASSED] - Navigate to 'https://monitoring.pssi-dev.kecilin.id' successfully

19-01-2024T11:34:40 - [TEST_STEP][PASSED] - maximizeWindow(): Current window maximized

19-01-2024T11:34:40 - [MESSAGE][PASSED] - Current window maximized

19-01-2024T11:34:40 - [TEST_STEP][PASSED] - setText(findTestObject("Object Repository/Page_Login/input_email"), "superadmin@app.com"): Text 'superadmin@app.com' is set on object 'Object Repository/Page_Login/input_email'

19-01-2024T11:34:41 - [MESSAGE][PASSED] - Text 'superadmin@app.com' is set on object 'Object Repository/Page_Login/input_email'

19-01-2024T11:34:41 - [TEST_STEP][PASSED] - setEncryptedText(findTestObject("Object Repository/Page_Login/input_password"), "8SQVv/p9jVScEs4/2CZsLw=="): Text ****** has been set on object 'Object Repository/Page_Login/input_password'

19-01-2024T11:34:41 - [MESSAGE][PASSED] - Text ****** has been set on object 'Object Repository/Page_Login/input_password'

19-01-2024T11:34:41 - [TEST_STEP][PASSED] - click(findTestObject("Object Repository/Page_Login/button_Sign In")): Object: 'Object Repository/Page_Login/button_Sign In' is clicked on

19-01-2024T11:34:43 - [MESSAGE][PASSED] - Object: 'Object Repository/Page_Login/button_Sign In' is clicked on

19-01-2024T11:34:43 - [MESSAGE][PASSED] - Call Test Case 'Test Cases/Offline PSSI Dashboard Function/Sign In/PSSISignInValidData' successfully

19-01-2024T11:34:43 - [TEST_STEP][PASSED] - scrollToElement(findTestObject("Page_Dashboard/Account Management Sidebar"), 0): Scroll to object 'Object Repository/Page_Dashboard/Account Management Sidebar' successfully

19-01-2024T11:34:43 - [MESSAGE][WARNING] - Timeout '0' is invalid. Using default page load timeout: '1'

19-01-2024T11:34:46 - [MESSAGE][INFO] - Unable to find the element located by 'By.xpath: id("sidenav-collapse-main")/ul[@class="navbar-nav"]/li[@class="nav-item"]/a[@class="nav-link"][count(. | //a[@class = 'nav-link  ' and @href = '/accounts' and (text() = '
            
              
                
              
            
            Account Management
          ' or . = '
            
              
                
              
            
            Account Management
          ')]) = count(//a[@class = 'nav-link  ' and @href = '/accounts' and (text() = '
            
              
                
              
            
            Account Management
          ' or . = '
            
              
                
              
            
            Account Management
          ')])]'. Please recheck the objects properties to make sure the desired element is located. 

19-01-2024T11:34:46 - [MESSAGE][WARNING] - [SELF-HEALING] Failed to find element with id 'Object Repository/Page_Dashboard/Account Management Sidebar'. Try using Self-healing.

19-01-2024T11:34:46 - [MESSAGE][WARNING] - [SELF-HEALING] The current locator of test object 'Object Repository/Page_Dashboard/Account Management Sidebar' was broken. Propose an alternative one: '//div[@id='sidenav-collapse-main']/ul/li[12]/a'.

19-01-2024T11:34:46 - [MESSAGE][PASSED] - Scroll to object 'Object Repository/Page_Dashboard/Account Management Sidebar' successfully

19-01-2024T11:34:46 - [TEST_STEP][PASSED] - navigateToUrl(baseUrl + "/accounts", failureHandling): Navigate to 'https://monitoring.pssi-dev.kecilin.id/accounts' successfully

19-01-2024T11:34:46 - [MESSAGE][PASSED] - Navigate to 'https://monitoring.pssi-dev.kecilin.id/accounts' successfully

19-01-2024T11:34:46 - [MESSAGE][INFO] - 

19-01-2024T11:34:46 - [MESSAGE][INFO] - ===================== Self-healing Report ====================

19-01-2024T11:34:46 - [MESSAGE][INFO] - One of the failed test object locators has been recovered by Self-healing. Please refer to the Self-healing Insights tab for more details.

19-01-2024T11:34:46 - [MESSAGE][INFO] - To learn more about Self-healing, please read https://docs.katalon.com/katalon-studio/docs/self-healing.html

19-01-2024T11:34:46 - [MESSAGE][INFO] - ==============================================================

19-01-2024T11:34:46 - [MESSAGE][PASSED] - Call Test Case 'Test Cases/Offline PSSI Dashboard Function/Create BE Account Management/View Account Management/PSSIViewAccountManagement' successfully

19-01-2024T11:34:46 - [TEST_STEP][PASSED] - navigateToUrl(baseUrl + "/accounts/edit/652c095d63d9d69bc80121ca", failureHandling): Navigate to 'https://monitoring.pssi-dev.kecilin.id/accounts/edit/652c095d63d9d69bc80121ca' successfully

19-01-2024T11:34:47 - [MESSAGE][PASSED] - Navigate to 'https://monitoring.pssi-dev.kecilin.id/accounts/edit/652c095d63d9d69bc80121ca' successfully

19-01-2024T11:34:47 - [TEST_STEP][PASSED] - verifyElementClickable(findTestObject("Page_Create Account/Name Field")): Object 'Object Repository/Page_Create Account/Name Field' is clickable

19-01-2024T11:34:49 - [MESSAGE][INFO] - Unable to find the element located by 'By.xpath: id("name")[count(. | //input[@type = 'text' and @class = 'form-control ' and @id = 'name' and @name = 'name' and @placeholder = 'Nama']) = count(//input[@type = 'text' and @class = 'form-control ' and @id = 'name' and @name = 'name' and @placeholder = 'Nama'])]'. Please recheck the objects properties to make sure the desired element is located. 

19-01-2024T11:34:49 - [MESSAGE][WARNING] - [SELF-HEALING] Failed to find element with id 'Object Repository/Page_Create Account/Name Field'. Try using Self-healing.

19-01-2024T11:34:50 - [MESSAGE][WARNING] - [SELF-HEALING] The current locator of test object 'Object Repository/Page_Create Account/Name Field' was broken. Propose an alternative one: '//input[@id='name']'.

19-01-2024T11:34:50 - [MESSAGE][PASSED] - Object 'Object Repository/Page_Create Account/Name Field' is clickable

19-01-2024T11:34:50 - [TEST_STEP][PASSED] - setText(findTestObject("Page_Create Account/Name Field"), "eheheheheheh"): Text 'eheheheheheh' is set on object 'Object Repository/Page_Create Account/Name Field'

19-01-2024T11:34:52 - [MESSAGE][INFO] - Unable to find the element located by 'By.xpath: id("name")[count(. | //input[@type = 'text' and @class = 'form-control ' and @id = 'name' and @name = 'name' and @placeholder = 'Nama']) = count(//input[@type = 'text' and @class = 'form-control ' and @id = 'name' and @name = 'name' and @placeholder = 'Nama'])]'. Please recheck the objects properties to make sure the desired element is located. 

19-01-2024T11:34:52 - [MESSAGE][WARNING] - [SELF-HEALING] Failed to find element with id 'Object Repository/Page_Create Account/Name Field'. Try using Self-healing.

19-01-2024T11:34:52 - [MESSAGE][WARNING] - [SELF-HEALING] The current locator of test object 'Object Repository/Page_Create Account/Name Field' was broken. Propose an alternative one: '//input[@id='name']'.

19-01-2024T11:34:54 - [MESSAGE][INFO] - Unable to find the element located by 'By.xpath: id("name")[count(. | //input[@type = 'text' and @class = 'form-control ' and @id = 'name' and @name = 'name' and @placeholder = 'Nama']) = count(//input[@type = 'text' and @class = 'form-control ' and @id = 'name' and @name = 'name' and @placeholder = 'Nama'])]'. Please recheck the objects properties to make sure the desired element is located. 

19-01-2024T11:34:54 - [MESSAGE][WARNING] - [SELF-HEALING] Failed to find element with id 'Object Repository/Page_Create Account/Name Field'. Try using Self-healing.

19-01-2024T11:34:55 - [MESSAGE][WARNING] - [SELF-HEALING] The current locator of test object 'Object Repository/Page_Create Account/Name Field' was broken. Propose an alternative one: '//input[@id='name']'.

19-01-2024T11:34:55 - [MESSAGE][PASSED] - Text 'eheheheheheh' is set on object 'Object Repository/Page_Create Account/Name Field'

19-01-2024T11:34:55 - [TEST_STEP][PASSED] - verifyElementClickable(findTestObject("Page_Create Account/Email Field")): Object 'Object Repository/Page_Create Account/Email Field' is clickable

19-01-2024T11:34:57 - [MESSAGE][INFO] - Unable to find the element located by 'By.xpath: id("email")[count(. | //input[@type = 'email' and @class = 'form-control ' and @id = 'email' and @name = 'email' and @placeholder = 'Email']) = count(//input[@type = 'email' and @class = 'form-control ' and @id = 'email' and @name = 'email' and @placeholder = 'Email'])]'. Please recheck the objects properties to make sure the desired element is located. 

19-01-2024T11:34:57 - [MESSAGE][WARNING] - [SELF-HEALING] Failed to find element with id 'Object Repository/Page_Create Account/Email Field'. Try using Self-healing.

19-01-2024T11:34:57 - [MESSAGE][WARNING] - [SELF-HEALING] The current locator of test object 'Object Repository/Page_Create Account/Email Field' was broken. Propose an alternative one: '//input[@id='email']'.

19-01-2024T11:34:57 - [MESSAGE][PASSED] - Object 'Object Repository/Page_Create Account/Email Field' is clickable

19-01-2024T11:34:57 - [TEST_STEP][PASSED] - setText(findTestObject("Page_Create Account/Email Field"), "superadmin@app.com"): Text 'superadmin@app.com' is set on object 'Object Repository/Page_Create Account/Email Field'

19-01-2024T11:34:59 - [MESSAGE][INFO] - Unable to find the element located by 'By.xpath: id("email")[count(. | //input[@type = 'email' and @class = 'form-control ' and @id = 'email' and @name = 'email' and @placeholder = 'Email']) = count(//input[@type = 'email' and @class = 'form-control ' and @id = 'email' and @name = 'email' and @placeholder = 'Email'])]'. Please recheck the objects properties to make sure the desired element is located. 

19-01-2024T11:34:59 - [MESSAGE][WARNING] - [SELF-HEALING] Failed to find element with id 'Object Repository/Page_Create Account/Email Field'. Try using Self-healing.

19-01-2024T11:35:00 - [MESSAGE][WARNING] - [SELF-HEALING] The current locator of test object 'Object Repository/Page_Create Account/Email Field' was broken. Propose an alternative one: '//input[@id='email']'.

19-01-2024T11:35:02 - [MESSAGE][INFO] - Unable to find the element located by 'By.xpath: id("email")[count(. | //input[@type = 'email' and @class = 'form-control ' and @id = 'email' and @name = 'email' and @placeholder = 'Email']) = count(//input[@type = 'email' and @class = 'form-control ' and @id = 'email' and @name = 'email' and @placeholder = 'Email'])]'. Please recheck the objects properties to make sure the desired element is located. 

19-01-2024T11:35:02 - [MESSAGE][WARNING] - [SELF-HEALING] Failed to find element with id 'Object Repository/Page_Create Account/Email Field'. Try using Self-healing.

19-01-2024T11:35:02 - [MESSAGE][WARNING] - [SELF-HEALING] The current locator of test object 'Object Repository/Page_Create Account/Email Field' was broken. Propose an alternative one: '//input[@id='email']'.

19-01-2024T11:35:02 - [MESSAGE][PASSED] - Text 'superadmin@app.com' is set on object 'Object Repository/Page_Create Account/Email Field'

19-01-2024T11:35:02 - [TEST_STEP][FAILED] - verifyElementClickable(findTestObject("Page_Create Account/Password Field")): Unable to verify object 'Object Repository/Page_Create Account/Password Field' to be clickable (Root cause: com.kms.katalon.core.exception.StepFailedException: Unable to verify object 'Object Repository/Page_Create Account/Password Field' to be clickable
	at com.kms.katalon.core.webui.keyword.internal.WebUIKeywordMain.stepFailed(WebUIKeywordMain.groovy:64)
	at com.kms.katalon.core.webui.keyword.internal.WebUIKeywordMain.runKeyword(WebUIKeywordMain.groovy:26)
	at com.kms.katalon.core.webui.keyword.builtin.VerifyElementClickableKeyword.verifyElementClickable(VerifyElementClickableKeyword.groovy:96)
	at com.kms.katalon.core.webui.keyword.builtin.VerifyElementClickableKeyword.execute(VerifyElementClickableKeyword.groovy:67)
	at com.kms.katalon.core.keyword.internal.KeywordExecutor.executeKeywordForPlatform(KeywordExecutor.groovy:74)
	at com.kms.katalon.core.webui.keyword.WebUiBuiltInKeywords.verifyElementClickable(WebUiBuiltInKeywords.groovy:605)
	at PSSIEditAccountDuplicateEmail.run(PSSIEditAccountDuplicateEmail:37)
	at com.kms.katalon.core.main.ScriptEngine.run(ScriptEngine.java:194)
	at com.kms.katalon.core.main.ScriptEngine.runScriptAsRawText(ScriptEngine.java:119)
	at com.kms.katalon.core.main.TestCaseExecutor.runScript(TestCaseExecutor.java:448)
	at com.kms.katalon.core.main.TestCaseExecutor.doExecute(TestCaseExecutor.java:439)
	at com.kms.katalon.core.main.TestCaseExecutor.processExecutionPhase(TestCaseExecutor.java:418)
	at com.kms.katalon.core.main.TestCaseExecutor.accessMainPhase(TestCaseExecutor.java:410)
	at com.kms.katalon.core.main.TestCaseExecutor.execute(TestCaseExecutor.java:285)
	at com.kms.katalon.core.main.TestCaseExecutor.execute(TestCaseExecutor.java:369)
	at com.kms.katalon.core.main.TestCaseExecutor.execute(TestCaseExecutor.java:369)
	at com.kms.katalon.core.main.TestCaseExecutor.execute(TestCaseExecutor.java:369)
	at com.kms.katalon.core.common.CommonExecutor.accessTestCaseMainPhase(CommonExecutor.java:65)
	at com.kms.katalon.core.main.TestSuiteExecutor.accessTestSuiteMainPhase(TestSuiteExecutor.java:148)
	at com.kms.katalon.core.main.TestSuiteExecutor.execute(TestSuiteExecutor.java:106)
	at com.kms.katalon.core.main.TestCaseMain.startTestSuite(TestCaseMain.java:180)
	at TempTestSuite1705637915236.run(TempTestSuite1705637915236.groovy:36)
	at java.base/jdk.internal.reflect.NativeMethodAccessorImpl.invoke0(Native Method)
	at java.base/jdk.internal.reflect.NativeMethodAccessorImpl.invoke(NativeMethodAccessorImpl.java:77)
	at java.base/jdk.internal.reflect.DelegatingMethodAccessorImpl.invoke(DelegatingMethodAccessorImpl.java:43)
Caused by: com.kms.katalon.core.exception.StepFailedException: Web element with id: 'Object Repository/Page_Create Account/Password Field' located by 'id("password")[count(. | //input[@type = 'text' and @class = 'form-control ' and @id = 'password' and @name = 'password' and @placeholder = 'Password']) = count(//input[@type = 'text' and @class = 'form-control ' and @id = 'password' and @name = 'password' and @placeholder = 'Password'])]' not found
	at com.kms.katalon.core.webui.keyword.internal.WebUIKeywordMain.stepFailed(WebUIKeywordMain.groovy:64)
	at com.kms.katalon.core.webui.keyword.builtin.VerifyElementClickableKeyword$_verifyElementClickable_closure1.doCall(VerifyElementClickableKeyword.groovy:88)
	at com.kms.katalon.core.webui.keyword.builtin.VerifyElementClickableKeyword$_verifyElementClickable_closure1.call(VerifyElementClickableKeyword.groovy)
	at com.kms.katalon.core.webui.keyword.internal.WebUIKeywordMain.runKeyword(WebUIKeywordMain.groovy:20)
	... 23 more
)

19-01-2024T11:35:04 - [MESSAGE][INFO] - Unable to find the element located by 'By.xpath: id("password")[count(. | //input[@type = 'text' and @class = 'form-control ' and @id = 'password' and @name = 'password' and @placeholder = 'Password']) = count(//input[@type = 'text' and @class = 'form-control ' and @id = 'password' and @name = 'password' and @placeholder = 'Password'])]'. Please recheck the objects properties to make sure the desired element is located. 

19-01-2024T11:35:04 - [MESSAGE][WARNING] - [SELF-HEALING] Failed to find element with id 'Object Repository/Page_Create Account/Password Field'. Try using Self-healing.

19-01-2024T11:35:06 - [MESSAGE][INFO] - Unable to find the element located by 'By.xpath: //input[@id='password']'. Please recheck the objects properties to make sure the desired element is located. 

19-01-2024T11:35:06 - [MESSAGE][INFO] - [SELF-HEALING] Failed Locator: '//input[@id='password']'.

19-01-2024T11:35:06 - [MESSAGE][INFO] - [SELF-HEALING] Failed Locator: '//div[3]/input'.

19-01-2024T11:35:07 - [MESSAGE][INFO] - [SELF-HEALING] Failed Locator: '//input[@type = 'text' and @id = 'password' and @name = 'password' and @placeholder = 'Password']'.

19-01-2024T11:35:07 - [MESSAGE][INFO] - [SELF-HEALING] Failed Locator: '//input[@id='password']'.

19-01-2024T11:35:07 - [MESSAGE][INFO] - [SELF-HEALING] Failed Locator: '//div[3]/input'.

19-01-2024T11:35:07 - [MESSAGE][INFO] - [SELF-HEALING] Failed Locator: '//input[@type = 'text' and @id = 'password' and @name = 'password' and @placeholder = 'Password']'.

19-01-2024T11:35:09 - [MESSAGE][INFO] - Unable to find the element located by 'By.cssSelector: #password'. Please recheck the objects properties to make sure the desired element is located. 

19-01-2024T11:35:09 - [MESSAGE][FAILED] - Web element with id: 'Object Repository/Page_Create Account/Password Field' located by 'id("password")[count(. | //input[@type = 'text' and @class = 'form-control ' and @id = 'password' and @name = 'password' and @placeholder = 'Password']) = count(//input[@type = 'text' and @class = 'form-control ' and @id = 'password' and @name = 'password' and @placeholder = 'Password'])]' not found (Root cause: com.kms.katalon.core.exception.StepFailedException: Web element with id: 'Object Repository/Page_Create Account/Password Field' located by 'id("password")[count(. | //input[@type = 'text' and @class = 'form-control ' and @id = 'password' and @name = 'password' and @placeholder = 'Password']) = count(//input[@type = 'text' and @class = 'form-control ' and @id = 'password' and @name = 'password' and @placeholder = 'Password'])]' not found
	at com.kms.katalon.core.webui.keyword.internal.WebUIKeywordMain.stepFailed(WebUIKeywordMain.groovy:64)
	at com.kms.katalon.core.webui.keyword.builtin.VerifyElementClickableKeyword$_verifyElementClickable_closure1.doCall(VerifyElementClickableKeyword.groovy:88)
	at com.kms.katalon.core.webui.keyword.builtin.VerifyElementClickableKeyword$_verifyElementClickable_closure1.call(VerifyElementClickableKeyword.groovy)
	at com.kms.katalon.core.webui.keyword.internal.WebUIKeywordMain.runKeyword(WebUIKeywordMain.groovy:20)
	at com.kms.katalon.core.webui.keyword.builtin.VerifyElementClickableKeyword.verifyElementClickable(VerifyElementClickableKeyword.groovy:96)
	at com.kms.katalon.core.webui.keyword.builtin.VerifyElementClickableKeyword.execute(VerifyElementClickableKeyword.groovy:67)
	at com.kms.katalon.core.keyword.internal.KeywordExecutor.executeKeywordForPlatform(KeywordExecutor.groovy:74)
	at com.kms.katalon.core.webui.keyword.WebUiBuiltInKeywords.verifyElementClickable(WebUiBuiltInKeywords.groovy:605)
	at PSSIEditAccountDuplicateEmail.run(PSSIEditAccountDuplicateEmail:37)
	at com.kms.katalon.core.main.ScriptEngine.run(ScriptEngine.java:194)
	at com.kms.katalon.core.main.ScriptEngine.runScriptAsRawText(ScriptEngine.java:119)
	at com.kms.katalon.core.main.TestCaseExecutor.runScript(TestCaseExecutor.java:448)
	at com.kms.katalon.core.main.TestCaseExecutor.doExecute(TestCaseExecutor.java:439)
	at com.kms.katalon.core.main.TestCaseExecutor.processExecutionPhase(TestCaseExecutor.java:418)
	at com.kms.katalon.core.main.TestCaseExecutor.accessMainPhase(TestCaseExecutor.java:410)
	at com.kms.katalon.core.main.TestCaseExecutor.execute(TestCaseExecutor.java:285)
	at com.kms.katalon.core.main.TestCaseExecutor.execute(TestCaseExecutor.java:369)
	at com.kms.katalon.core.main.TestCaseExecutor.execute(TestCaseExecutor.java:369)
	at com.kms.katalon.core.main.TestCaseExecutor.execute(TestCaseExecutor.java:369)
	at com.kms.katalon.core.common.CommonExecutor.accessTestCaseMainPhase(CommonExecutor.java:65)
	at com.kms.katalon.core.main.TestSuiteExecutor.accessTestSuiteMainPhase(TestSuiteExecutor.java:148)
	at com.kms.katalon.core.main.TestSuiteExecutor.execute(TestSuiteExecutor.java:106)
	at com.kms.katalon.core.main.TestCaseMain.startTestSuite(TestCaseMain.java:180)
	at TempTestSuite1705637915236.run(TempTestSuite1705637915236.groovy:36)
	at java.base/jdk.internal.reflect.NativeMethodAccessorImpl.invoke0(Native Method)
	at java.base/jdk.internal.reflect.NativeMethodAccessorImpl.invoke(NativeMethodAccessorImpl.java:77)
	at java.base/jdk.internal.reflect.DelegatingMethodAccessorImpl.invoke(DelegatingMethodAccessorImpl.java:43)
)
[[ATTACHMENT|C:\\Users\\USER\\git\\Kecilin-Automation-Test\\Reports\\20240119_111826\\Create BE Account Management\\Edit Account Test Suite\\20240119_111835\\1705638909014.png]]

19-01-2024T11:35:09 - [MESSAGE][FAILED] - Unable to verify object 'Object Repository/Page_Create Account/Password Field' to be clickable (Root cause: com.kms.katalon.core.exception.StepFailedException: Unable to verify object 'Object Repository/Page_Create Account/Password Field' to be clickable
	at com.kms.katalon.core.webui.keyword.internal.WebUIKeywordMain.stepFailed(WebUIKeywordMain.groovy:64)
	at com.kms.katalon.core.webui.keyword.internal.WebUIKeywordMain.runKeyword(WebUIKeywordMain.groovy:26)
	at com.kms.katalon.core.webui.keyword.builtin.VerifyElementClickableKeyword.verifyElementClickable(VerifyElementClickableKeyword.groovy:96)
	at com.kms.katalon.core.webui.keyword.builtin.VerifyElementClickableKeyword.execute(VerifyElementClickableKeyword.groovy:67)
	at com.kms.katalon.core.keyword.internal.KeywordExecutor.executeKeywordForPlatform(KeywordExecutor.groovy:74)
	at com.kms.katalon.core.webui.keyword.WebUiBuiltInKeywords.verifyElementClickable(WebUiBuiltInKeywords.groovy:605)
	at PSSIEditAccountDuplicateEmail.run(PSSIEditAccountDuplicateEmail:37)
	at com.kms.katalon.core.main.ScriptEngine.run(ScriptEngine.java:194)
	at com.kms.katalon.core.main.ScriptEngine.runScriptAsRawText(ScriptEngine.java:119)
	at com.kms.katalon.core.main.TestCaseExecutor.runScript(TestCaseExecutor.java:448)
	at com.kms.katalon.core.main.TestCaseExecutor.doExecute(TestCaseExecutor.java:439)
	at com.kms.katalon.core.main.TestCaseExecutor.processExecutionPhase(TestCaseExecutor.java:418)
	at com.kms.katalon.core.main.TestCaseExecutor.accessMainPhase(TestCaseExecutor.java:410)
	at com.kms.katalon.core.main.TestCaseExecutor.execute(TestCaseExecutor.java:285)
	at com.kms.katalon.core.main.TestCaseExecutor.execute(TestCaseExecutor.java:369)
	at com.kms.katalon.core.main.TestCaseExecutor.execute(TestCaseExecutor.java:369)
	at com.kms.katalon.core.main.TestCaseExecutor.execute(TestCaseExecutor.java:369)
	at com.kms.katalon.core.common.CommonExecutor.accessTestCaseMainPhase(CommonExecutor.java:65)
	at com.kms.katalon.core.main.TestSuiteExecutor.accessTestSuiteMainPhase(TestSuiteExecutor.java:148)
	at com.kms.katalon.core.main.TestSuiteExecutor.execute(TestSuiteExecutor.java:106)
	at com.kms.katalon.core.main.TestCaseMain.startTestSuite(TestCaseMain.java:180)
	at TempTestSuite1705637915236.run(TempTestSuite1705637915236.groovy:36)
	at java.base/jdk.internal.reflect.NativeMethodAccessorImpl.invoke0(Native Method)
	at java.base/jdk.internal.reflect.NativeMethodAccessorImpl.invoke(NativeMethodAccessorImpl.java:77)
	at java.base/jdk.internal.reflect.DelegatingMethodAccessorImpl.invoke(DelegatingMethodAccessorImpl.java:43)
Caused by: com.kms.katalon.core.exception.StepFailedException: Web element with id: 'Object Repository/Page_Create Account/Password Field' located by 'id("password")[count(. | //input[@type = 'text' and @class = 'form-control ' and @id = 'password' and @name = 'password' and @placeholder = 'Password']) = count(//input[@type = 'text' and @class = 'form-control ' and @id = 'password' and @name = 'password' and @placeholder = 'Password'])]' not found
	at com.kms.katalon.core.webui.keyword.internal.WebUIKeywordMain.stepFailed(WebUIKeywordMain.groovy:64)
	at com.kms.katalon.core.webui.keyword.builtin.VerifyElementClickableKeyword$_verifyElementClickable_closure1.doCall(VerifyElementClickableKeyword.groovy:88)
	at com.kms.katalon.core.webui.keyword.builtin.VerifyElementClickableKeyword$_verifyElementClickable_closure1.call(VerifyElementClickableKeyword.groovy)
	at com.kms.katalon.core.webui.keyword.internal.WebUIKeywordMain.runKeyword(WebUIKeywordMain.groovy:20)
	... 23 more
)
[[ATTACHMENT|C:\\Users\\USER\\git\\Kecilin-Automation-Test\\Reports\\20240119_111826\\Create BE Account Management\\Edit Account Test Suite\\20240119_111835\\1705638909203.png]]]]></system-out>
         <system-err><![CDATA[19-01-2024T11:34:37 - [TEST_CASE][FAILED] - Test Cases/Offline PSSI Dashboard Function/Create BE Account Management/Edit Account/Negative Test Case/PSSIEditAccountDuplicateEmail: Test Cases/Offline PSSI Dashboard Function/Create BE Account Management/Edit Account/Negative Test Case/PSSIEditAccountDuplicateEmail FAILED.
Reason:
com.kms.katalon.core.exception.StepFailedException: Unable to verify object 'Object Repository/Page_Create Account/Password Field' to be clickable
	at com.kms.katalon.core.webui.keyword.internal.WebUIKeywordMain.stepFailed(WebUIKeywordMain.groovy:64)
	at com.kms.katalon.core.webui.keyword.internal.WebUIKeywordMain.runKeyword(WebUIKeywordMain.groovy:26)
	at com.kms.katalon.core.webui.keyword.builtin.VerifyElementClickableKeyword.verifyElementClickable(VerifyElementClickableKeyword.groovy:96)
	at com.kms.katalon.core.webui.keyword.builtin.VerifyElementClickableKeyword.execute(VerifyElementClickableKeyword.groovy:67)
	at com.kms.katalon.core.keyword.internal.KeywordExecutor.executeKeywordForPlatform(KeywordExecutor.groovy:74)
	at com.kms.katalon.core.webui.keyword.WebUiBuiltInKeywords.verifyElementClickable(WebUiBuiltInKeywords.groovy:605)
	at PSSIEditAccountDuplicateEmail.run(PSSIEditAccountDuplicateEmail:37)
	at com.kms.katalon.core.main.ScriptEngine.run(ScriptEngine.java:194)
	at com.kms.katalon.core.main.ScriptEngine.runScriptAsRawText(ScriptEngine.java:119)
	at com.kms.katalon.core.main.TestCaseExecutor.runScript(TestCaseExecutor.java:448)
	at com.kms.katalon.core.main.TestCaseExecutor.doExecute(TestCaseExecutor.java:439)
	at com.kms.katalon.core.main.TestCaseExecutor.processExecutionPhase(TestCaseExecutor.java:418)
	at com.kms.katalon.core.main.TestCaseExecutor.accessMainPhase(TestCaseExecutor.java:410)
	at com.kms.katalon.core.main.TestCaseExecutor.execute(TestCaseExecutor.java:285)
	at com.kms.katalon.core.main.TestCaseExecutor.execute(TestCaseExecutor.java:369)
	at com.kms.katalon.core.main.TestCaseExecutor.execute(TestCaseExecutor.java:369)
	at com.kms.katalon.core.main.TestCaseExecutor.execute(TestCaseExecutor.java:369)
	at com.kms.katalon.core.common.CommonExecutor.accessTestCaseMainPhase(CommonExecutor.java:65)
	at com.kms.katalon.core.main.TestSuiteExecutor.accessTestSuiteMainPhase(TestSuiteExecutor.java:148)
	at com.kms.katalon.core.main.TestSuiteExecutor.execute(TestSuiteExecutor.java:106)
	at com.kms.katalon.core.main.TestCaseMain.startTestSuite(TestCaseMain.java:180)
	at TempTestSuite1705637915236.run(TempTestSuite1705637915236.groovy:36)
	at java.base/jdk.internal.reflect.NativeMethodAccessorImpl.invoke0(Native Method)
	at java.base/jdk.internal.reflect.NativeMethodAccessorImpl.invoke(NativeMethodAccessorImpl.java:77)
	at java.base/jdk.internal.reflect.DelegatingMethodAccessorImpl.invoke(DelegatingMethodAccessorImpl.java:43)
Caused by: com.kms.katalon.core.exception.StepFailedException: Web element with id: 'Object Repository/Page_Create Account/Password Field' located by 'id("password")[count(. | //input[@type = 'text' and @class = 'form-control ' and @id = 'password' and @name = 'password' and @placeholder = 'Password']) = count(//input[@type = 'text' and @class = 'form-control ' and @id = 'password' and @name = 'password' and @placeholder = 'Password'])]' not found
	at com.kms.katalon.core.webui.keyword.internal.WebUIKeywordMain.stepFailed(WebUIKeywordMain.groovy:64)
	at com.kms.katalon.core.webui.keyword.builtin.VerifyElementClickableKeyword$_verifyElementClickable_closure1.doCall(VerifyElementClickableKeyword.groovy:88)
	at com.kms.katalon.core.webui.keyword.builtin.VerifyElementClickableKeyword$_verifyElementClickable_closure1.call(VerifyElementClickableKeyword.groovy)
	at com.kms.katalon.core.webui.keyword.internal.WebUIKeywordMain.runKeyword(WebUIKeywordMain.groovy:20)
	... 23 more]]></system-err>
      </testcase>
      <testcase name="Test Cases/Offline PSSI Dashboard Function/Create BE Account Management/Edit Account/Negative Test Case/PSSIEditAccountEmptyMandatoryField" time="18.408" classname="Test Cases/Offline PSSI Dashboard Function/Create BE Account Management/Edit Account/Negative Test Case/PSSIEditAccountEmptyMandatoryField" status="FAILED">
         <failure type="FAILED" message="Test Cases/Offline PSSI Dashboard Function/Create BE Account Management/Edit Account/Negative Test Case/PSSIEditAccountEmptyMandatoryField FAILED.&#xa;Reason:&#xa;com.kms.katalon.core.exception.StepFailedException: Unable to verify text 'Create Account' is present &#xa;	at com.kms.katalon.core.webui.keyword.internal.WebUIKeywordMain.stepFailed(WebUIKeywordMain.groovy:64)&#xa;	at com.kms.katalon.core.webui.keyword.internal.WebUIKeywordMain.runKeyword(WebUIKeywordMain.groovy:26)&#xa;	at com.kms.katalon.core.webui.keyword.builtin.VerifyTextPresentKeyword.verifyTextPresent(VerifyTextPresentKeyword.groovy:83)&#xa;	at com.kms.katalon.core.webui.keyword.builtin.VerifyTextPresentKeyword.execute(VerifyTextPresentKeyword.groovy:68)&#xa;	at com.kms.katalon.core.keyword.internal.KeywordExecutor.executeKeywordForPlatform(KeywordExecutor.groovy:74)&#xa;	at com.kms.katalon.core.webui.keyword.WebUiBuiltInKeywords.verifyTextPresent(WebUiBuiltInKeywords.groovy:1762)&#xa;	at PSSIEditAccountEmptyMandatoryField.run(PSSIEditAccountEmptyMandatoryField:42)&#xa;	at com.kms.katalon.core.main.ScriptEngine.run(ScriptEngine.java:194)&#xa;	at com.kms.katalon.core.main.ScriptEngine.runScriptAsRawText(ScriptEngine.java:119)&#xa;	at com.kms.katalon.core.main.TestCaseExecutor.runScript(TestCaseExecutor.java:448)&#xa;	at com.kms.katalon.core.main.TestCaseExecutor.doExecute(TestCaseExecutor.java:439)&#xa;	at com.kms.katalon.core.main.TestCaseExecutor.processExecutionPhase(TestCaseExecutor.java:418)&#xa;	at com.kms.katalon.core.main.TestCaseExecutor.accessMainPhase(TestCaseExecutor.java:410)&#xa;	at com.kms.katalon.core.main.TestCaseExecutor.execute(TestCaseExecutor.java:285)&#xa;	at com.kms.katalon.core.main.TestCaseExecutor.execute(TestCaseExecutor.java:369)&#xa;	at com.kms.katalon.core.main.TestCaseExecutor.execute(TestCaseExecutor.java:369)&#xa;	at com.kms.katalon.core.main.TestCaseExecutor.execute(TestCaseExecutor.java:369)&#xa;	at com.kms.katalon.core.common.CommonExecutor.accessTestCaseMainPhase(CommonExecutor.java:65)&#xa;	at com.kms.katalon.core.main.TestSuiteExecutor.accessTestSuiteMainPhase(TestSuiteExecutor.java:148)&#xa;	at com.kms.katalon.core.main.TestSuiteExecutor.execute(TestSuiteExecutor.java:106)&#xa;	at com.kms.katalon.core.main.TestCaseMain.startTestSuite(TestCaseMain.java:180)&#xa;	at TempTestSuite1705637915236.run(TempTestSuite1705637915236.groovy:36)&#xa;	at java.base/jdk.internal.reflect.NativeMethodAccessorImpl.invoke0(Native Method)&#xa;	at java.base/jdk.internal.reflect.NativeMethodAccessorImpl.invoke(NativeMethodAccessorImpl.java:77)&#xa;	at java.base/jdk.internal.reflect.DelegatingMethodAccessorImpl.invoke(DelegatingMethodAccessorImpl.java:43)&#xa;Caused by: com.kms.katalon.core.exception.StepFailedException: Text 'Create Account' is not present on page &#xa;	at com.kms.katalon.core.webui.keyword.internal.WebUIKeywordMain.stepFailed(WebUIKeywordMain.groovy:64)&#xa;	at com.kms.katalon.core.webui.keyword.builtin.VerifyTextPresentKeyword$_verifyTextPresent_closure1.doCall(VerifyTextPresentKeyword.groovy:79)&#xa;	at com.kms.katalon.core.webui.keyword.builtin.VerifyTextPresentKeyword$_verifyTextPresent_closure1.call(VerifyTextPresentKeyword.groovy)&#xa;	at com.kms.katalon.core.webui.keyword.internal.WebUIKeywordMain.runKeyword(WebUIKeywordMain.groovy:20)&#xa;	... 23 more&#xa;"/>
         <system-out><![CDATA[19-01-2024T11:36:02 - [TEST_CASE][FAILED] - Test Cases/Offline PSSI Dashboard Function/Create BE Account Management/Edit Account/Negative Test Case/PSSIEditAccountEmptyMandatoryField: Test Cases/Offline PSSI Dashboard Function/Create BE Account Management/Edit Account/Negative Test Case/PSSIEditAccountEmptyMandatoryField FAILED.
Reason:
com.kms.katalon.core.exception.StepFailedException: Unable to verify text 'Create Account' is present 
	at com.kms.katalon.core.webui.keyword.internal.WebUIKeywordMain.stepFailed(WebUIKeywordMain.groovy:64)
	at com.kms.katalon.core.webui.keyword.internal.WebUIKeywordMain.runKeyword(WebUIKeywordMain.groovy:26)
	at com.kms.katalon.core.webui.keyword.builtin.VerifyTextPresentKeyword.verifyTextPresent(VerifyTextPresentKeyword.groovy:83)
	at com.kms.katalon.core.webui.keyword.builtin.VerifyTextPresentKeyword.execute(VerifyTextPresentKeyword.groovy:68)
	at com.kms.katalon.core.keyword.internal.KeywordExecutor.executeKeywordForPlatform(KeywordExecutor.groovy:74)
	at com.kms.katalon.core.webui.keyword.WebUiBuiltInKeywords.verifyTextPresent(WebUiBuiltInKeywords.groovy:1762)
	at PSSIEditAccountEmptyMandatoryField.run(PSSIEditAccountEmptyMandatoryField:42)
	at com.kms.katalon.core.main.ScriptEngine.run(ScriptEngine.java:194)
	at com.kms.katalon.core.main.ScriptEngine.runScriptAsRawText(ScriptEngine.java:119)
	at com.kms.katalon.core.main.TestCaseExecutor.runScript(TestCaseExecutor.java:448)
	at com.kms.katalon.core.main.TestCaseExecutor.doExecute(TestCaseExecutor.java:439)
	at com.kms.katalon.core.main.TestCaseExecutor.processExecutionPhase(TestCaseExecutor.java:418)
	at com.kms.katalon.core.main.TestCaseExecutor.accessMainPhase(TestCaseExecutor.java:410)
	at com.kms.katalon.core.main.TestCaseExecutor.execute(TestCaseExecutor.java:285)
	at com.kms.katalon.core.main.TestCaseExecutor.execute(TestCaseExecutor.java:369)
	at com.kms.katalon.core.main.TestCaseExecutor.execute(TestCaseExecutor.java:369)
	at com.kms.katalon.core.main.TestCaseExecutor.execute(TestCaseExecutor.java:369)
	at com.kms.katalon.core.common.CommonExecutor.accessTestCaseMainPhase(CommonExecutor.java:65)
	at com.kms.katalon.core.main.TestSuiteExecutor.accessTestSuiteMainPhase(TestSuiteExecutor.java:148)
	at com.kms.katalon.core.main.TestSuiteExecutor.execute(TestSuiteExecutor.java:106)
	at com.kms.katalon.core.main.TestCaseMain.startTestSuite(TestCaseMain.java:180)
	at TempTestSuite1705637915236.run(TempTestSuite1705637915236.groovy:36)
	at java.base/jdk.internal.reflect.NativeMethodAccessorImpl.invoke0(Native Method)
	at java.base/jdk.internal.reflect.NativeMethodAccessorImpl.invoke(NativeMethodAccessorImpl.java:77)
	at java.base/jdk.internal.reflect.DelegatingMethodAccessorImpl.invoke(DelegatingMethodAccessorImpl.java:43)
Caused by: com.kms.katalon.core.exception.StepFailedException: Text 'Create Account' is not present on page 
	at com.kms.katalon.core.webui.keyword.internal.WebUIKeywordMain.stepFailed(WebUIKeywordMain.groovy:64)
	at com.kms.katalon.core.webui.keyword.builtin.VerifyTextPresentKeyword$_verifyTextPresent_closure1.doCall(VerifyTextPresentKeyword.groovy:79)
	at com.kms.katalon.core.webui.keyword.builtin.VerifyTextPresentKeyword$_verifyTextPresent_closure1.call(VerifyTextPresentKeyword.groovy)
	at com.kms.katalon.core.webui.keyword.internal.WebUIKeywordMain.runKeyword(WebUIKeywordMain.groovy:20)
	... 23 more


19-01-2024T11:36:02 - [TEST_STEP][PASSED] - failureHandling = STOP_ON_FAILURE: null

19-01-2024T11:36:02 - [TEST_STEP][PASSED] - baseUrl = offline_pssi_dashboard_url: null

19-01-2024T11:36:02 - [TEST_STEP][PASSED] - callTestCase(findTestCase("Offline PSSI Dashboard Function/Create BE Account Management/View Account Management/PSSIViewAccountManagement"), [:], failureHandling): Call Test Case 'Test Cases/Offline PSSI Dashboard Function/Create BE Account Management/View Account Management/PSSIViewAccountManagement' successfully

19-01-2024T11:36:02 - [TEST_CASE][PASSED] - Test Cases/Offline PSSI Dashboard Function/Create BE Account Management/View Account Management/PSSIViewAccountManagement: Test Cases/Offline PSSI Dashboard Function/Create BE Account Management/View Account Management/PSSIViewAccountManagement

19-01-2024T11:36:02 - [TEST_STEP][PASSED] - failureHandling = STOP_ON_FAILURE: null

19-01-2024T11:36:02 - [TEST_STEP][PASSED] - baseUrl = offline_pssi_dashboard_url: null

19-01-2024T11:36:02 - [TEST_STEP][PASSED] - callTestCase(findTestCase("Offline PSSI Dashboard Function/Sign In/PSSISignInValidData"), [:], failureHandling): Call Test Case 'Test Cases/Offline PSSI Dashboard Function/Sign In/PSSISignInValidData' successfully

19-01-2024T11:36:02 - [TEST_CASE][PASSED] - Test Cases/Offline PSSI Dashboard Function/Sign In/PSSISignInValidData: Test Cases/Offline PSSI Dashboard Function/Sign In/PSSISignInValidData

19-01-2024T11:36:02 - [TEST_STEP][PASSED] - failureHandling = STOP_ON_FAILURE: null

19-01-2024T11:36:02 - [TEST_STEP][PASSED] - baseUrl = offline_pssi_dashboard_url: null

19-01-2024T11:36:02 - [TEST_STEP][PASSED] - openBrowser(""): Browser is opened with url: ''

19-01-2024T11:36:02 - [MESSAGE][WARNING] - A browser is already opened. Closing browser and opening a new one

19-01-2024T11:36:02 - [MESSAGE][INFO] - Starting 'Chrome' driver

19-01-2024T11:36:02 - [MESSAGE][INFO] - User set preference: ['unhandledPromptBehaviour', 'ignore']

19-01-2024T11:36:02 - [MESSAGE][INFO] - User set preference: ['unexpectedAlertBehaviour', 'ignore']

19-01-2024T11:36:02 - [MESSAGE][INFO] - Action delay is set to 0 milliseconds

19-01-2024T11:36:03 - [MESSAGE][PASSED] - Browser is opened with url: ''

19-01-2024T11:36:03 - [TEST_STEP][PASSED] - navigateToUrl(baseUrl): Navigate to 'https://monitoring.pssi-dev.kecilin.id' successfully

19-01-2024T11:36:04 - [MESSAGE][PASSED] - Navigate to 'https://monitoring.pssi-dev.kecilin.id' successfully

19-01-2024T11:36:04 - [TEST_STEP][PASSED] - maximizeWindow(): Current window maximized

19-01-2024T11:36:04 - [MESSAGE][PASSED] - Current window maximized

19-01-2024T11:36:04 - [TEST_STEP][PASSED] - setText(findTestObject("Object Repository/Page_Login/input_email"), "superadmin@app.com"): Text 'superadmin@app.com' is set on object 'Object Repository/Page_Login/input_email'

19-01-2024T11:36:05 - [MESSAGE][PASSED] - Text 'superadmin@app.com' is set on object 'Object Repository/Page_Login/input_email'

19-01-2024T11:36:05 - [TEST_STEP][PASSED] - setEncryptedText(findTestObject("Object Repository/Page_Login/input_password"), "8SQVv/p9jVScEs4/2CZsLw=="): Text ****** has been set on object 'Object Repository/Page_Login/input_password'

19-01-2024T11:36:06 - [MESSAGE][PASSED] - Text ****** has been set on object 'Object Repository/Page_Login/input_password'

19-01-2024T11:36:06 - [TEST_STEP][PASSED] - click(findTestObject("Object Repository/Page_Login/button_Sign In")): Object: 'Object Repository/Page_Login/button_Sign In' is clicked on

19-01-2024T11:36:08 - [MESSAGE][PASSED] - Object: 'Object Repository/Page_Login/button_Sign In' is clicked on

19-01-2024T11:36:08 - [MESSAGE][PASSED] - Call Test Case 'Test Cases/Offline PSSI Dashboard Function/Sign In/PSSISignInValidData' successfully

19-01-2024T11:36:08 - [TEST_STEP][PASSED] - scrollToElement(findTestObject("Page_Dashboard/Account Management Sidebar"), 0): Scroll to object 'Object Repository/Page_Dashboard/Account Management Sidebar' successfully

19-01-2024T11:36:08 - [MESSAGE][WARNING] - Timeout '0' is invalid. Using default page load timeout: '1'

19-01-2024T11:36:10 - [MESSAGE][INFO] - Unable to find the element located by 'By.xpath: id("sidenav-collapse-main")/ul[@class="navbar-nav"]/li[@class="nav-item"]/a[@class="nav-link"][count(. | //a[@class = 'nav-link  ' and @href = '/accounts' and (text() = '
            
              
                
              
            
            Account Management
          ' or . = '
            
              
                
              
            
            Account Management
          ')]) = count(//a[@class = 'nav-link  ' and @href = '/accounts' and (text() = '
            
              
                
              
            
            Account Management
          ' or . = '
            
              
                
              
            
            Account Management
          ')])]'. Please recheck the objects properties to make sure the desired element is located. 

19-01-2024T11:36:10 - [MESSAGE][WARNING] - [SELF-HEALING] Failed to find element with id 'Object Repository/Page_Dashboard/Account Management Sidebar'. Try using Self-healing.

19-01-2024T11:36:10 - [MESSAGE][WARNING] - [SELF-HEALING] The current locator of test object 'Object Repository/Page_Dashboard/Account Management Sidebar' was broken. Propose an alternative one: '//div[@id='sidenav-collapse-main']/ul/li[12]/a'.

19-01-2024T11:36:10 - [MESSAGE][PASSED] - Scroll to object 'Object Repository/Page_Dashboard/Account Management Sidebar' successfully

19-01-2024T11:36:10 - [TEST_STEP][PASSED] - navigateToUrl(baseUrl + "/accounts", failureHandling): Navigate to 'https://monitoring.pssi-dev.kecilin.id/accounts' successfully

19-01-2024T11:36:11 - [MESSAGE][PASSED] - Navigate to 'https://monitoring.pssi-dev.kecilin.id/accounts' successfully

19-01-2024T11:36:11 - [MESSAGE][INFO] - 

19-01-2024T11:36:11 - [MESSAGE][INFO] - ===================== Self-healing Report ====================

19-01-2024T11:36:11 - [MESSAGE][INFO] - One of the failed test object locators has been recovered by Self-healing. Please refer to the Self-healing Insights tab for more details.

19-01-2024T11:36:11 - [MESSAGE][INFO] - To learn more about Self-healing, please read https://docs.katalon.com/katalon-studio/docs/self-healing.html

19-01-2024T11:36:11 - [MESSAGE][INFO] - ==============================================================

19-01-2024T11:36:11 - [MESSAGE][PASSED] - Call Test Case 'Test Cases/Offline PSSI Dashboard Function/Create BE Account Management/View Account Management/PSSIViewAccountManagement' successfully

19-01-2024T11:36:11 - [TEST_STEP][PASSED] - navigateToUrl(baseUrl + "/accounts/edit/652c095d63d9d69bc80121ca", failureHandling): Navigate to 'https://monitoring.pssi-dev.kecilin.id/accounts/edit/652c095d63d9d69bc80121ca' successfully

19-01-2024T11:36:11 - [MESSAGE][PASSED] - Navigate to 'https://monitoring.pssi-dev.kecilin.id/accounts/edit/652c095d63d9d69bc80121ca' successfully

19-01-2024T11:36:11 - [TEST_STEP][PASSED] - verifyElementClickable(findTestObject("Page_Create Account/Image Field")): Object 'Object Repository/Page_Create Account/Image Field' is clickable

19-01-2024T11:36:14 - [MESSAGE][INFO] - Unable to find the element located by 'By.xpath: id("image")[count(. | //input[@type = 'file' and @class = 'form-control' and @id = 'image' and @name = 'image' and @accept = 'image/png, image/jpg, image/jpeg']) = count(//input[@type = 'file' and @class = 'form-control' and @id = 'image' and @name = 'image' and @accept = 'image/png, image/jpg, image/jpeg'])]'. Please recheck the objects properties to make sure the desired element is located. 

19-01-2024T11:36:14 - [MESSAGE][WARNING] - [SELF-HEALING] Failed to find element with id 'Object Repository/Page_Create Account/Image Field'. Try using Self-healing.

19-01-2024T11:36:14 - [MESSAGE][WARNING] - [SELF-HEALING] The current locator of test object 'Object Repository/Page_Create Account/Image Field' was broken. Propose an alternative one: '//input[@id='image']'.

19-01-2024T11:36:14 - [MESSAGE][PASSED] - Object 'Object Repository/Page_Create Account/Image Field' is clickable

19-01-2024T11:36:14 - [TEST_STEP][PASSED] - uploadFile(findTestObject("Page_Create Account/Image Field"), "C:\Users\USER\Downloads\unnamed (3).jpg"): File 'C:\Users\USER\Downloads\unnamed (3).jpg' sent to object: 'Object Repository/Page_Create Account/Image Field'

19-01-2024T11:36:16 - [MESSAGE][INFO] - Unable to find the element located by 'By.xpath: id("image")[count(. | //input[@type = 'file' and @class = 'form-control' and @id = 'image' and @name = 'image' and @accept = 'image/png, image/jpg, image/jpeg']) = count(//input[@type = 'file' and @class = 'form-control' and @id = 'image' and @name = 'image' and @accept = 'image/png, image/jpg, image/jpeg'])]'. Please recheck the objects properties to make sure the desired element is located. 

19-01-2024T11:36:16 - [MESSAGE][WARNING] - [SELF-HEALING] Failed to find element with id 'Object Repository/Page_Create Account/Image Field'. Try using Self-healing.

19-01-2024T11:36:16 - [MESSAGE][WARNING] - [SELF-HEALING] The current locator of test object 'Object Repository/Page_Create Account/Image Field' was broken. Propose an alternative one: '//input[@id='image']'.

19-01-2024T11:36:16 - [MESSAGE][PASSED] - File 'C:\Users\USER\Downloads\unnamed (3).jpg' sent to object: 'Object Repository/Page_Create Account/Image Field'

19-01-2024T11:36:16 - [TEST_STEP][PASSED] - verifyElementClickable(findTestObject("Page_Create Account/Save Button")): Object 'Object Repository/Page_Create Account/Save Button' is clickable

19-01-2024T11:36:17 - [MESSAGE][PASSED] - Object 'Object Repository/Page_Create Account/Save Button' is clickable

19-01-2024T11:36:17 - [TEST_STEP][PASSED] - click(findTestObject("Page_Create Account/Save Button")): Object: 'Object Repository/Page_Create Account/Save Button' is clicked on

19-01-2024T11:36:19 - [MESSAGE][PASSED] - Object: 'Object Repository/Page_Create Account/Save Button' is clicked on

19-01-2024T11:36:19 - [TEST_STEP][FAILED] - verifyTextPresent("Create Account", false): Unable to verify text 'Create Account' is present  (Root cause: com.kms.katalon.core.exception.StepFailedException: Unable to verify text 'Create Account' is present 
	at com.kms.katalon.core.webui.keyword.internal.WebUIKeywordMain.stepFailed(WebUIKeywordMain.groovy:64)
	at com.kms.katalon.core.webui.keyword.internal.WebUIKeywordMain.runKeyword(WebUIKeywordMain.groovy:26)
	at com.kms.katalon.core.webui.keyword.builtin.VerifyTextPresentKeyword.verifyTextPresent(VerifyTextPresentKeyword.groovy:83)
	at com.kms.katalon.core.webui.keyword.builtin.VerifyTextPresentKeyword.execute(VerifyTextPresentKeyword.groovy:68)
	at com.kms.katalon.core.keyword.internal.KeywordExecutor.executeKeywordForPlatform(KeywordExecutor.groovy:74)
	at com.kms.katalon.core.webui.keyword.WebUiBuiltInKeywords.verifyTextPresent(WebUiBuiltInKeywords.groovy:1762)
	at PSSIEditAccountEmptyMandatoryField.run(PSSIEditAccountEmptyMandatoryField:42)
	at com.kms.katalon.core.main.ScriptEngine.run(ScriptEngine.java:194)
	at com.kms.katalon.core.main.ScriptEngine.runScriptAsRawText(ScriptEngine.java:119)
	at com.kms.katalon.core.main.TestCaseExecutor.runScript(TestCaseExecutor.java:448)
	at com.kms.katalon.core.main.TestCaseExecutor.doExecute(TestCaseExecutor.java:439)
	at com.kms.katalon.core.main.TestCaseExecutor.processExecutionPhase(TestCaseExecutor.java:418)
	at com.kms.katalon.core.main.TestCaseExecutor.accessMainPhase(TestCaseExecutor.java:410)
	at com.kms.katalon.core.main.TestCaseExecutor.execute(TestCaseExecutor.java:285)
	at com.kms.katalon.core.main.TestCaseExecutor.execute(TestCaseExecutor.java:369)
	at com.kms.katalon.core.main.TestCaseExecutor.execute(TestCaseExecutor.java:369)
	at com.kms.katalon.core.main.TestCaseExecutor.execute(TestCaseExecutor.java:369)
	at com.kms.katalon.core.common.CommonExecutor.accessTestCaseMainPhase(CommonExecutor.java:65)
	at com.kms.katalon.core.main.TestSuiteExecutor.accessTestSuiteMainPhase(TestSuiteExecutor.java:148)
	at com.kms.katalon.core.main.TestSuiteExecutor.execute(TestSuiteExecutor.java:106)
	at com.kms.katalon.core.main.TestCaseMain.startTestSuite(TestCaseMain.java:180)
	at TempTestSuite1705637915236.run(TempTestSuite1705637915236.groovy:36)
	at java.base/jdk.internal.reflect.NativeMethodAccessorImpl.invoke0(Native Method)
	at java.base/jdk.internal.reflect.NativeMethodAccessorImpl.invoke(NativeMethodAccessorImpl.java:77)
	at java.base/jdk.internal.reflect.DelegatingMethodAccessorImpl.invoke(DelegatingMethodAccessorImpl.java:43)
Caused by: com.kms.katalon.core.exception.StepFailedException: Text 'Create Account' is not present on page 
	at com.kms.katalon.core.webui.keyword.internal.WebUIKeywordMain.stepFailed(WebUIKeywordMain.groovy:64)
	at com.kms.katalon.core.webui.keyword.builtin.VerifyTextPresentKeyword$_verifyTextPresent_closure1.doCall(VerifyTextPresentKeyword.groovy:79)
	at com.kms.katalon.core.webui.keyword.builtin.VerifyTextPresentKeyword$_verifyTextPresent_closure1.call(VerifyTextPresentKeyword.groovy)
	at com.kms.katalon.core.webui.keyword.internal.WebUIKeywordMain.runKeyword(WebUIKeywordMain.groovy:20)
	... 23 more
)

19-01-2024T11:36:20 - [MESSAGE][FAILED] - Text 'Create Account' is not present on page  (Root cause: com.kms.katalon.core.exception.StepFailedException: Text 'Create Account' is not present on page 
	at com.kms.katalon.core.webui.keyword.internal.WebUIKeywordMain.stepFailed(WebUIKeywordMain.groovy:64)
	at com.kms.katalon.core.webui.keyword.builtin.VerifyTextPresentKeyword$_verifyTextPresent_closure1.doCall(VerifyTextPresentKeyword.groovy:79)
	at com.kms.katalon.core.webui.keyword.builtin.VerifyTextPresentKeyword$_verifyTextPresent_closure1.call(VerifyTextPresentKeyword.groovy)
	at com.kms.katalon.core.webui.keyword.internal.WebUIKeywordMain.runKeyword(WebUIKeywordMain.groovy:20)
	at com.kms.katalon.core.webui.keyword.builtin.VerifyTextPresentKeyword.verifyTextPresent(VerifyTextPresentKeyword.groovy:83)
	at com.kms.katalon.core.webui.keyword.builtin.VerifyTextPresentKeyword.execute(VerifyTextPresentKeyword.groovy:68)
	at com.kms.katalon.core.keyword.internal.KeywordExecutor.executeKeywordForPlatform(KeywordExecutor.groovy:74)
	at com.kms.katalon.core.webui.keyword.WebUiBuiltInKeywords.verifyTextPresent(WebUiBuiltInKeywords.groovy:1762)
	at PSSIEditAccountEmptyMandatoryField.run(PSSIEditAccountEmptyMandatoryField:42)
	at com.kms.katalon.core.main.ScriptEngine.run(ScriptEngine.java:194)
	at com.kms.katalon.core.main.ScriptEngine.runScriptAsRawText(ScriptEngine.java:119)
	at com.kms.katalon.core.main.TestCaseExecutor.runScript(TestCaseExecutor.java:448)
	at com.kms.katalon.core.main.TestCaseExecutor.doExecute(TestCaseExecutor.java:439)
	at com.kms.katalon.core.main.TestCaseExecutor.processExecutionPhase(TestCaseExecutor.java:418)
	at com.kms.katalon.core.main.TestCaseExecutor.accessMainPhase(TestCaseExecutor.java:410)
	at com.kms.katalon.core.main.TestCaseExecutor.execute(TestCaseExecutor.java:285)
	at com.kms.katalon.core.main.TestCaseExecutor.execute(TestCaseExecutor.java:369)
	at com.kms.katalon.core.main.TestCaseExecutor.execute(TestCaseExecutor.java:369)
	at com.kms.katalon.core.main.TestCaseExecutor.execute(TestCaseExecutor.java:369)
	at com.kms.katalon.core.common.CommonExecutor.accessTestCaseMainPhase(CommonExecutor.java:65)
	at com.kms.katalon.core.main.TestSuiteExecutor.accessTestSuiteMainPhase(TestSuiteExecutor.java:148)
	at com.kms.katalon.core.main.TestSuiteExecutor.execute(TestSuiteExecutor.java:106)
	at com.kms.katalon.core.main.TestCaseMain.startTestSuite(TestCaseMain.java:180)
	at TempTestSuite1705637915236.run(TempTestSuite1705637915236.groovy:36)
	at java.base/jdk.internal.reflect.NativeMethodAccessorImpl.invoke0(Native Method)
	at java.base/jdk.internal.reflect.NativeMethodAccessorImpl.invoke(NativeMethodAccessorImpl.java:77)
	at java.base/jdk.internal.reflect.DelegatingMethodAccessorImpl.invoke(DelegatingMethodAccessorImpl.java:43)
)

19-01-2024T11:36:20 - [MESSAGE][FAILED] - Unable to verify text 'Create Account' is present  (Root cause: com.kms.katalon.core.exception.StepFailedException: Unable to verify text 'Create Account' is present 
	at com.kms.katalon.core.webui.keyword.internal.WebUIKeywordMain.stepFailed(WebUIKeywordMain.groovy:64)
	at com.kms.katalon.core.webui.keyword.internal.WebUIKeywordMain.runKeyword(WebUIKeywordMain.groovy:26)
	at com.kms.katalon.core.webui.keyword.builtin.VerifyTextPresentKeyword.verifyTextPresent(VerifyTextPresentKeyword.groovy:83)
	at com.kms.katalon.core.webui.keyword.builtin.VerifyTextPresentKeyword.execute(VerifyTextPresentKeyword.groovy:68)
	at com.kms.katalon.core.keyword.internal.KeywordExecutor.executeKeywordForPlatform(KeywordExecutor.groovy:74)
	at com.kms.katalon.core.webui.keyword.WebUiBuiltInKeywords.verifyTextPresent(WebUiBuiltInKeywords.groovy:1762)
	at PSSIEditAccountEmptyMandatoryField.run(PSSIEditAccountEmptyMandatoryField:42)
	at com.kms.katalon.core.main.ScriptEngine.run(ScriptEngine.java:194)
	at com.kms.katalon.core.main.ScriptEngine.runScriptAsRawText(ScriptEngine.java:119)
	at com.kms.katalon.core.main.TestCaseExecutor.runScript(TestCaseExecutor.java:448)
	at com.kms.katalon.core.main.TestCaseExecutor.doExecute(TestCaseExecutor.java:439)
	at com.kms.katalon.core.main.TestCaseExecutor.processExecutionPhase(TestCaseExecutor.java:418)
	at com.kms.katalon.core.main.TestCaseExecutor.accessMainPhase(TestCaseExecutor.java:410)
	at com.kms.katalon.core.main.TestCaseExecutor.execute(TestCaseExecutor.java:285)
	at com.kms.katalon.core.main.TestCaseExecutor.execute(TestCaseExecutor.java:369)
	at com.kms.katalon.core.main.TestCaseExecutor.execute(TestCaseExecutor.java:369)
	at com.kms.katalon.core.main.TestCaseExecutor.execute(TestCaseExecutor.java:369)
	at com.kms.katalon.core.common.CommonExecutor.accessTestCaseMainPhase(CommonExecutor.java:65)
	at com.kms.katalon.core.main.TestSuiteExecutor.accessTestSuiteMainPhase(TestSuiteExecutor.java:148)
	at com.kms.katalon.core.main.TestSuiteExecutor.execute(TestSuiteExecutor.java:106)
	at com.kms.katalon.core.main.TestCaseMain.startTestSuite(TestCaseMain.java:180)
	at TempTestSuite1705637915236.run(TempTestSuite1705637915236.groovy:36)
	at java.base/jdk.internal.reflect.NativeMethodAccessorImpl.invoke0(Native Method)
	at java.base/jdk.internal.reflect.NativeMethodAccessorImpl.invoke(NativeMethodAccessorImpl.java:77)
	at java.base/jdk.internal.reflect.DelegatingMethodAccessorImpl.invoke(DelegatingMethodAccessorImpl.java:43)
Caused by: com.kms.katalon.core.exception.StepFailedException: Text 'Create Account' is not present on page 
	at com.kms.katalon.core.webui.keyword.internal.WebUIKeywordMain.stepFailed(WebUIKeywordMain.groovy:64)
	at com.kms.katalon.core.webui.keyword.builtin.VerifyTextPresentKeyword$_verifyTextPresent_closure1.doCall(VerifyTextPresentKeyword.groovy:79)
	at com.kms.katalon.core.webui.keyword.builtin.VerifyTextPresentKeyword$_verifyTextPresent_closure1.call(VerifyTextPresentKeyword.groovy)
	at com.kms.katalon.core.webui.keyword.internal.WebUIKeywordMain.runKeyword(WebUIKeywordMain.groovy:20)
	... 23 more
)
[[ATTACHMENT|C:\\Users\\USER\\git\\Kecilin-Automation-Test\\Reports\\20240119_111826\\Create BE Account Management\\Edit Account Test Suite\\20240119_111835\\1705638980208.png]]]]></system-out>
         <system-err><![CDATA[19-01-2024T11:36:02 - [TEST_CASE][FAILED] - Test Cases/Offline PSSI Dashboard Function/Create BE Account Management/Edit Account/Negative Test Case/PSSIEditAccountEmptyMandatoryField: Test Cases/Offline PSSI Dashboard Function/Create BE Account Management/Edit Account/Negative Test Case/PSSIEditAccountEmptyMandatoryField FAILED.
Reason:
com.kms.katalon.core.exception.StepFailedException: Unable to verify text 'Create Account' is present 
	at com.kms.katalon.core.webui.keyword.internal.WebUIKeywordMain.stepFailed(WebUIKeywordMain.groovy:64)
	at com.kms.katalon.core.webui.keyword.internal.WebUIKeywordMain.runKeyword(WebUIKeywordMain.groovy:26)
	at com.kms.katalon.core.webui.keyword.builtin.VerifyTextPresentKeyword.verifyTextPresent(VerifyTextPresentKeyword.groovy:83)
	at com.kms.katalon.core.webui.keyword.builtin.VerifyTextPresentKeyword.execute(VerifyTextPresentKeyword.groovy:68)
	at com.kms.katalon.core.keyword.internal.KeywordExecutor.executeKeywordForPlatform(KeywordExecutor.groovy:74)
	at com.kms.katalon.core.webui.keyword.WebUiBuiltInKeywords.verifyTextPresent(WebUiBuiltInKeywords.groovy:1762)
	at PSSIEditAccountEmptyMandatoryField.run(PSSIEditAccountEmptyMandatoryField:42)
	at com.kms.katalon.core.main.ScriptEngine.run(ScriptEngine.java:194)
	at com.kms.katalon.core.main.ScriptEngine.runScriptAsRawText(ScriptEngine.java:119)
	at com.kms.katalon.core.main.TestCaseExecutor.runScript(TestCaseExecutor.java:448)
	at com.kms.katalon.core.main.TestCaseExecutor.doExecute(TestCaseExecutor.java:439)
	at com.kms.katalon.core.main.TestCaseExecutor.processExecutionPhase(TestCaseExecutor.java:418)
	at com.kms.katalon.core.main.TestCaseExecutor.accessMainPhase(TestCaseExecutor.java:410)
	at com.kms.katalon.core.main.TestCaseExecutor.execute(TestCaseExecutor.java:285)
	at com.kms.katalon.core.main.TestCaseExecutor.execute(TestCaseExecutor.java:369)
	at com.kms.katalon.core.main.TestCaseExecutor.execute(TestCaseExecutor.java:369)
	at com.kms.katalon.core.main.TestCaseExecutor.execute(TestCaseExecutor.java:369)
	at com.kms.katalon.core.common.CommonExecutor.accessTestCaseMainPhase(CommonExecutor.java:65)
	at com.kms.katalon.core.main.TestSuiteExecutor.accessTestSuiteMainPhase(TestSuiteExecutor.java:148)
	at com.kms.katalon.core.main.TestSuiteExecutor.execute(TestSuiteExecutor.java:106)
	at com.kms.katalon.core.main.TestCaseMain.startTestSuite(TestCaseMain.java:180)
	at TempTestSuite1705637915236.run(TempTestSuite1705637915236.groovy:36)
	at java.base/jdk.internal.reflect.NativeMethodAccessorImpl.invoke0(Native Method)
	at java.base/jdk.internal.reflect.NativeMethodAccessorImpl.invoke(NativeMethodAccessorImpl.java:77)
	at java.base/jdk.internal.reflect.DelegatingMethodAccessorImpl.invoke(DelegatingMethodAccessorImpl.java:43)
Caused by: com.kms.katalon.core.exception.StepFailedException: Text 'Create Account' is not present on page 
	at com.kms.katalon.core.webui.keyword.internal.WebUIKeywordMain.stepFailed(WebUIKeywordMain.groovy:64)
	at com.kms.katalon.core.webui.keyword.builtin.VerifyTextPresentKeyword$_verifyTextPresent_closure1.doCall(VerifyTextPresentKeyword.groovy:79)
	at com.kms.katalon.core.webui.keyword.builtin.VerifyTextPresentKeyword$_verifyTextPresent_closure1.call(VerifyTextPresentKeyword.groovy)
	at com.kms.katalon.core.webui.keyword.internal.WebUIKeywordMain.runKeyword(WebUIKeywordMain.groovy:20)
	... 23 more]]></system-err>
      </testcase>
      <testcase name="Test Cases/Offline PSSI Dashboard Function/Create BE Account Management/Edit Account/Negative Test Case/PSSIEditAccountExceedMaxChar" time="32.546" classname="Test Cases/Offline PSSI Dashboard Function/Create BE Account Management/Edit Account/Negative Test Case/PSSIEditAccountExceedMaxChar" status="FAILED">
         <failure type="FAILED" message="Test Cases/Offline PSSI Dashboard Function/Create BE Account Management/Edit Account/Negative Test Case/PSSIEditAccountExceedMaxChar FAILED.&#xa;Reason:&#xa;com.kms.katalon.core.exception.StepFailedException: Unable to verify object 'Object Repository/Page_Create Account/Password Field' to be clickable&#xa;	at com.kms.katalon.core.webui.keyword.internal.WebUIKeywordMain.stepFailed(WebUIKeywordMain.groovy:64)&#xa;	at com.kms.katalon.core.webui.keyword.internal.WebUIKeywordMain.runKeyword(WebUIKeywordMain.groovy:26)&#xa;	at com.kms.katalon.core.webui.keyword.builtin.VerifyElementClickableKeyword.verifyElementClickable(VerifyElementClickableKeyword.groovy:96)&#xa;	at com.kms.katalon.core.webui.keyword.builtin.VerifyElementClickableKeyword.execute(VerifyElementClickableKeyword.groovy:67)&#xa;	at com.kms.katalon.core.keyword.internal.KeywordExecutor.executeKeywordForPlatform(KeywordExecutor.groovy:74)&#xa;	at com.kms.katalon.core.webui.keyword.WebUiBuiltInKeywords.verifyElementClickable(WebUiBuiltInKeywords.groovy:605)&#xa;	at PSSIEditAccountExceedMaxChar.run(PSSIEditAccountExceedMaxChar:36)&#xa;	at com.kms.katalon.core.main.ScriptEngine.run(ScriptEngine.java:194)&#xa;	at com.kms.katalon.core.main.ScriptEngine.runScriptAsRawText(ScriptEngine.java:119)&#xa;	at com.kms.katalon.core.main.TestCaseExecutor.runScript(TestCaseExecutor.java:448)&#xa;	at com.kms.katalon.core.main.TestCaseExecutor.doExecute(TestCaseExecutor.java:439)&#xa;	at com.kms.katalon.core.main.TestCaseExecutor.processExecutionPhase(TestCaseExecutor.java:418)&#xa;	at com.kms.katalon.core.main.TestCaseExecutor.accessMainPhase(TestCaseExecutor.java:410)&#xa;	at com.kms.katalon.core.main.TestCaseExecutor.execute(TestCaseExecutor.java:285)&#xa;	at com.kms.katalon.core.main.TestCaseExecutor.execute(TestCaseExecutor.java:369)&#xa;	at com.kms.katalon.core.main.TestCaseExecutor.execute(TestCaseExecutor.java:369)&#xa;	at com.kms.katalon.core.main.TestCaseExecutor.execute(TestCaseExecutor.java:369)&#xa;	at com.kms.katalon.core.common.CommonExecutor.accessTestCaseMainPhase(CommonExecutor.java:65)&#xa;	at com.kms.katalon.core.main.TestSuiteExecutor.accessTestSuiteMainPhase(TestSuiteExecutor.java:148)&#xa;	at com.kms.katalon.core.main.TestSuiteExecutor.execute(TestSuiteExecutor.java:106)&#xa;	at com.kms.katalon.core.main.TestCaseMain.startTestSuite(TestCaseMain.java:180)&#xa;	at TempTestSuite1705637915236.run(TempTestSuite1705637915236.groovy:36)&#xa;	at java.base/jdk.internal.reflect.NativeMethodAccessorImpl.invoke0(Native Method)&#xa;	at java.base/jdk.internal.reflect.NativeMethodAccessorImpl.invoke(NativeMethodAccessorImpl.java:77)&#xa;	at java.base/jdk.internal.reflect.DelegatingMethodAccessorImpl.invoke(DelegatingMethodAccessorImpl.java:43)&#xa;Caused by: com.kms.katalon.core.exception.StepFailedException: Web element with id: 'Object Repository/Page_Create Account/Password Field' located by 'id(&quot;password&quot;)[count(. | //input[@type = 'text' and @class = 'form-control ' and @id = 'password' and @name = 'password' and @placeholder = 'Password']) = count(//input[@type = 'text' and @class = 'form-control ' and @id = 'password' and @name = 'password' and @placeholder = 'Password'])]' not found&#xa;	at com.kms.katalon.core.webui.keyword.internal.WebUIKeywordMain.stepFailed(WebUIKeywordMain.groovy:64)&#xa;	at com.kms.katalon.core.webui.keyword.builtin.VerifyElementClickableKeyword$_verifyElementClickable_closure1.doCall(VerifyElementClickableKeyword.groovy:88)&#xa;	at com.kms.katalon.core.webui.keyword.builtin.VerifyElementClickableKeyword$_verifyElementClickable_closure1.call(VerifyElementClickableKeyword.groovy)&#xa;	at com.kms.katalon.core.webui.keyword.internal.WebUIKeywordMain.runKeyword(WebUIKeywordMain.groovy:20)&#xa;	... 23 more&#xa;"/>
         <system-out><![CDATA[19-01-2024T11:37:58 - [TEST_CASE][FAILED] - Test Cases/Offline PSSI Dashboard Function/Create BE Account Management/Edit Account/Negative Test Case/PSSIEditAccountExceedMaxChar: Test Cases/Offline PSSI Dashboard Function/Create BE Account Management/Edit Account/Negative Test Case/PSSIEditAccountExceedMaxChar FAILED.
Reason:
com.kms.katalon.core.exception.StepFailedException: Unable to verify object 'Object Repository/Page_Create Account/Password Field' to be clickable
	at com.kms.katalon.core.webui.keyword.internal.WebUIKeywordMain.stepFailed(WebUIKeywordMain.groovy:64)
	at com.kms.katalon.core.webui.keyword.internal.WebUIKeywordMain.runKeyword(WebUIKeywordMain.groovy:26)
	at com.kms.katalon.core.webui.keyword.builtin.VerifyElementClickableKeyword.verifyElementClickable(VerifyElementClickableKeyword.groovy:96)
	at com.kms.katalon.core.webui.keyword.builtin.VerifyElementClickableKeyword.execute(VerifyElementClickableKeyword.groovy:67)
	at com.kms.katalon.core.keyword.internal.KeywordExecutor.executeKeywordForPlatform(KeywordExecutor.groovy:74)
	at com.kms.katalon.core.webui.keyword.WebUiBuiltInKeywords.verifyElementClickable(WebUiBuiltInKeywords.groovy:605)
	at PSSIEditAccountExceedMaxChar.run(PSSIEditAccountExceedMaxChar:36)
	at com.kms.katalon.core.main.ScriptEngine.run(ScriptEngine.java:194)
	at com.kms.katalon.core.main.ScriptEngine.runScriptAsRawText(ScriptEngine.java:119)
	at com.kms.katalon.core.main.TestCaseExecutor.runScript(TestCaseExecutor.java:448)
	at com.kms.katalon.core.main.TestCaseExecutor.doExecute(TestCaseExecutor.java:439)
	at com.kms.katalon.core.main.TestCaseExecutor.processExecutionPhase(TestCaseExecutor.java:418)
	at com.kms.katalon.core.main.TestCaseExecutor.accessMainPhase(TestCaseExecutor.java:410)
	at com.kms.katalon.core.main.TestCaseExecutor.execute(TestCaseExecutor.java:285)
	at com.kms.katalon.core.main.TestCaseExecutor.execute(TestCaseExecutor.java:369)
	at com.kms.katalon.core.main.TestCaseExecutor.execute(TestCaseExecutor.java:369)
	at com.kms.katalon.core.main.TestCaseExecutor.execute(TestCaseExecutor.java:369)
	at com.kms.katalon.core.common.CommonExecutor.accessTestCaseMainPhase(CommonExecutor.java:65)
	at com.kms.katalon.core.main.TestSuiteExecutor.accessTestSuiteMainPhase(TestSuiteExecutor.java:148)
	at com.kms.katalon.core.main.TestSuiteExecutor.execute(TestSuiteExecutor.java:106)
	at com.kms.katalon.core.main.TestCaseMain.startTestSuite(TestCaseMain.java:180)
	at TempTestSuite1705637915236.run(TempTestSuite1705637915236.groovy:36)
	at java.base/jdk.internal.reflect.NativeMethodAccessorImpl.invoke0(Native Method)
	at java.base/jdk.internal.reflect.NativeMethodAccessorImpl.invoke(NativeMethodAccessorImpl.java:77)
	at java.base/jdk.internal.reflect.DelegatingMethodAccessorImpl.invoke(DelegatingMethodAccessorImpl.java:43)
Caused by: com.kms.katalon.core.exception.StepFailedException: Web element with id: 'Object Repository/Page_Create Account/Password Field' located by 'id("password")[count(. | //input[@type = 'text' and @class = 'form-control ' and @id = 'password' and @name = 'password' and @placeholder = 'Password']) = count(//input[@type = 'text' and @class = 'form-control ' and @id = 'password' and @name = 'password' and @placeholder = 'Password'])]' not found
	at com.kms.katalon.core.webui.keyword.internal.WebUIKeywordMain.stepFailed(WebUIKeywordMain.groovy:64)
	at com.kms.katalon.core.webui.keyword.builtin.VerifyElementClickableKeyword$_verifyElementClickable_closure1.doCall(VerifyElementClickableKeyword.groovy:88)
	at com.kms.katalon.core.webui.keyword.builtin.VerifyElementClickableKeyword$_verifyElementClickable_closure1.call(VerifyElementClickableKeyword.groovy)
	at com.kms.katalon.core.webui.keyword.internal.WebUIKeywordMain.runKeyword(WebUIKeywordMain.groovy:20)
	... 23 more


19-01-2024T11:37:58 - [TEST_STEP][PASSED] - failureHandling = STOP_ON_FAILURE: null

19-01-2024T11:37:58 - [TEST_STEP][PASSED] - baseUrl = offline_pssi_dashboard_url: null

19-01-2024T11:37:58 - [TEST_STEP][PASSED] - callTestCase(findTestCase("Offline PSSI Dashboard Function/Create BE Account Management/View Account Management/PSSIViewAccountManagement"), [:], failureHandling): Call Test Case 'Test Cases/Offline PSSI Dashboard Function/Create BE Account Management/View Account Management/PSSIViewAccountManagement' successfully

19-01-2024T11:37:58 - [TEST_CASE][PASSED] - Test Cases/Offline PSSI Dashboard Function/Create BE Account Management/View Account Management/PSSIViewAccountManagement: Test Cases/Offline PSSI Dashboard Function/Create BE Account Management/View Account Management/PSSIViewAccountManagement

19-01-2024T11:37:58 - [TEST_STEP][PASSED] - failureHandling = STOP_ON_FAILURE: null

19-01-2024T11:37:58 - [TEST_STEP][PASSED] - baseUrl = offline_pssi_dashboard_url: null

19-01-2024T11:37:58 - [TEST_STEP][PASSED] - callTestCase(findTestCase("Offline PSSI Dashboard Function/Sign In/PSSISignInValidData"), [:], failureHandling): Call Test Case 'Test Cases/Offline PSSI Dashboard Function/Sign In/PSSISignInValidData' successfully

19-01-2024T11:37:58 - [TEST_CASE][PASSED] - Test Cases/Offline PSSI Dashboard Function/Sign In/PSSISignInValidData: Test Cases/Offline PSSI Dashboard Function/Sign In/PSSISignInValidData

19-01-2024T11:37:58 - [TEST_STEP][PASSED] - failureHandling = STOP_ON_FAILURE: null

19-01-2024T11:37:58 - [TEST_STEP][PASSED] - baseUrl = offline_pssi_dashboard_url: null

19-01-2024T11:37:58 - [TEST_STEP][PASSED] - openBrowser(""): Browser is opened with url: ''

19-01-2024T11:37:58 - [MESSAGE][WARNING] - A browser is already opened. Closing browser and opening a new one

19-01-2024T11:37:59 - [MESSAGE][INFO] - Starting 'Chrome' driver

19-01-2024T11:37:59 - [MESSAGE][INFO] - User set preference: ['unhandledPromptBehaviour', 'ignore']

19-01-2024T11:37:59 - [MESSAGE][INFO] - User set preference: ['unexpectedAlertBehaviour', 'ignore']

19-01-2024T11:37:59 - [MESSAGE][INFO] - Action delay is set to 0 milliseconds

19-01-2024T11:38:00 - [MESSAGE][PASSED] - Browser is opened with url: ''

19-01-2024T11:38:00 - [TEST_STEP][PASSED] - navigateToUrl(baseUrl): Navigate to 'https://monitoring.pssi-dev.kecilin.id' successfully

19-01-2024T11:38:01 - [MESSAGE][PASSED] - Navigate to 'https://monitoring.pssi-dev.kecilin.id' successfully

19-01-2024T11:38:01 - [TEST_STEP][PASSED] - maximizeWindow(): Current window maximized

19-01-2024T11:38:01 - [MESSAGE][PASSED] - Current window maximized

19-01-2024T11:38:01 - [TEST_STEP][PASSED] - setText(findTestObject("Object Repository/Page_Login/input_email"), "superadmin@app.com"): Text 'superadmin@app.com' is set on object 'Object Repository/Page_Login/input_email'

19-01-2024T11:38:02 - [MESSAGE][PASSED] - Text 'superadmin@app.com' is set on object 'Object Repository/Page_Login/input_email'

19-01-2024T11:38:02 - [TEST_STEP][PASSED] - setEncryptedText(findTestObject("Object Repository/Page_Login/input_password"), "8SQVv/p9jVScEs4/2CZsLw=="): Text ****** has been set on object 'Object Repository/Page_Login/input_password'

19-01-2024T11:38:02 - [MESSAGE][PASSED] - Text ****** has been set on object 'Object Repository/Page_Login/input_password'

19-01-2024T11:38:02 - [TEST_STEP][PASSED] - click(findTestObject("Object Repository/Page_Login/button_Sign In")): Object: 'Object Repository/Page_Login/button_Sign In' is clicked on

19-01-2024T11:38:04 - [MESSAGE][PASSED] - Object: 'Object Repository/Page_Login/button_Sign In' is clicked on

19-01-2024T11:38:04 - [MESSAGE][PASSED] - Call Test Case 'Test Cases/Offline PSSI Dashboard Function/Sign In/PSSISignInValidData' successfully

19-01-2024T11:38:04 - [TEST_STEP][PASSED] - scrollToElement(findTestObject("Page_Dashboard/Account Management Sidebar"), 0): Scroll to object 'Object Repository/Page_Dashboard/Account Management Sidebar' successfully

19-01-2024T11:38:04 - [MESSAGE][WARNING] - Timeout '0' is invalid. Using default page load timeout: '1'

19-01-2024T11:38:07 - [MESSAGE][INFO] - Unable to find the element located by 'By.xpath: id("sidenav-collapse-main")/ul[@class="navbar-nav"]/li[@class="nav-item"]/a[@class="nav-link"][count(. | //a[@class = 'nav-link  ' and @href = '/accounts' and (text() = '
            
              
                
              
            
            Account Management
          ' or . = '
            
              
                
              
            
            Account Management
          ')]) = count(//a[@class = 'nav-link  ' and @href = '/accounts' and (text() = '
            
              
                
              
            
            Account Management
          ' or . = '
            
              
                
              
            
            Account Management
          ')])]'. Please recheck the objects properties to make sure the desired element is located. 

19-01-2024T11:38:07 - [MESSAGE][WARNING] - [SELF-HEALING] Failed to find element with id 'Object Repository/Page_Dashboard/Account Management Sidebar'. Try using Self-healing.

19-01-2024T11:38:07 - [MESSAGE][WARNING] - [SELF-HEALING] The current locator of test object 'Object Repository/Page_Dashboard/Account Management Sidebar' was broken. Propose an alternative one: '//div[@id='sidenav-collapse-main']/ul/li[12]/a'.

19-01-2024T11:38:07 - [MESSAGE][PASSED] - Scroll to object 'Object Repository/Page_Dashboard/Account Management Sidebar' successfully

19-01-2024T11:38:07 - [TEST_STEP][PASSED] - navigateToUrl(baseUrl + "/accounts", failureHandling): Navigate to 'https://monitoring.pssi-dev.kecilin.id/accounts' successfully

19-01-2024T11:38:08 - [MESSAGE][PASSED] - Navigate to 'https://monitoring.pssi-dev.kecilin.id/accounts' successfully

19-01-2024T11:38:08 - [MESSAGE][INFO] - 

19-01-2024T11:38:08 - [MESSAGE][INFO] - ===================== Self-healing Report ====================

19-01-2024T11:38:08 - [MESSAGE][INFO] - One of the failed test object locators has been recovered by Self-healing. Please refer to the Self-healing Insights tab for more details.

19-01-2024T11:38:08 - [MESSAGE][INFO] - To learn more about Self-healing, please read https://docs.katalon.com/katalon-studio/docs/self-healing.html

19-01-2024T11:38:08 - [MESSAGE][INFO] - ==============================================================

19-01-2024T11:38:08 - [MESSAGE][PASSED] - Call Test Case 'Test Cases/Offline PSSI Dashboard Function/Create BE Account Management/View Account Management/PSSIViewAccountManagement' successfully

19-01-2024T11:38:08 - [TEST_STEP][PASSED] - navigateToUrl(baseUrl + "/accounts/edit/652c095d63d9d69bc80121ca", failureHandling): Navigate to 'https://monitoring.pssi-dev.kecilin.id/accounts/edit/652c095d63d9d69bc80121ca' successfully

19-01-2024T11:38:08 - [MESSAGE][PASSED] - Navigate to 'https://monitoring.pssi-dev.kecilin.id/accounts/edit/652c095d63d9d69bc80121ca' successfully

19-01-2024T11:38:08 - [TEST_STEP][PASSED] - verifyElementClickable(findTestObject("Page_Create Account/Name Field")): Object 'Object Repository/Page_Create Account/Name Field' is clickable

19-01-2024T11:38:10 - [MESSAGE][INFO] - Unable to find the element located by 'By.xpath: id("name")[count(. | //input[@type = 'text' and @class = 'form-control ' and @id = 'name' and @name = 'name' and @placeholder = 'Nama']) = count(//input[@type = 'text' and @class = 'form-control ' and @id = 'name' and @name = 'name' and @placeholder = 'Nama'])]'. Please recheck the objects properties to make sure the desired element is located. 

19-01-2024T11:38:10 - [MESSAGE][WARNING] - [SELF-HEALING] Failed to find element with id 'Object Repository/Page_Create Account/Name Field'. Try using Self-healing.

19-01-2024T11:38:11 - [MESSAGE][WARNING] - [SELF-HEALING] The current locator of test object 'Object Repository/Page_Create Account/Name Field' was broken. Propose an alternative one: '//input[@id='name']'.

19-01-2024T11:38:11 - [MESSAGE][PASSED] - Object 'Object Repository/Page_Create Account/Name Field' is clickable

19-01-2024T11:38:11 - [TEST_STEP][PASSED] - setText(findTestObject("Page_Create Account/Name Field"), "superadmin brisuperadmin brisuperadmin brisuperadmin brisuperadmin brisuperadmin brisuperadmin brisuperadmin brisuperadmin brisuperadmin brisuperadmin brisuperadmin brisuperadmin brisuperadmin brisuperadmin brisuperadmin brisuperadmin brisuperadmin brisiii"): Text 'superadmin brisuperadmin brisuperadmin brisuperadmin brisuperadmin brisuperadmin brisuperadmin brisuperadmin brisuperadmin brisuperadmin brisuperadmin brisuperadmin brisuperadmin brisuperadmin brisuperadmin brisuperadmin brisuperadmin brisuperadmin brisiii' is set on object 'Object Repository/Page_Create Account/Name Field'

19-01-2024T11:38:13 - [MESSAGE][INFO] - Unable to find the element located by 'By.xpath: id("name")[count(. | //input[@type = 'text' and @class = 'form-control ' and @id = 'name' and @name = 'name' and @placeholder = 'Nama']) = count(//input[@type = 'text' and @class = 'form-control ' and @id = 'name' and @name = 'name' and @placeholder = 'Nama'])]'. Please recheck the objects properties to make sure the desired element is located. 

19-01-2024T11:38:13 - [MESSAGE][WARNING] - [SELF-HEALING] Failed to find element with id 'Object Repository/Page_Create Account/Name Field'. Try using Self-healing.

19-01-2024T11:38:13 - [MESSAGE][WARNING] - [SELF-HEALING] The current locator of test object 'Object Repository/Page_Create Account/Name Field' was broken. Propose an alternative one: '//input[@id='name']'.

19-01-2024T11:38:15 - [MESSAGE][INFO] - Unable to find the element located by 'By.xpath: id("name")[count(. | //input[@type = 'text' and @class = 'form-control ' and @id = 'name' and @name = 'name' and @placeholder = 'Nama']) = count(//input[@type = 'text' and @class = 'form-control ' and @id = 'name' and @name = 'name' and @placeholder = 'Nama'])]'. Please recheck the objects properties to make sure the desired element is located. 

19-01-2024T11:38:15 - [MESSAGE][WARNING] - [SELF-HEALING] Failed to find element with id 'Object Repository/Page_Create Account/Name Field'. Try using Self-healing.

19-01-2024T11:38:16 - [MESSAGE][WARNING] - [SELF-HEALING] The current locator of test object 'Object Repository/Page_Create Account/Name Field' was broken. Propose an alternative one: '//input[@id='name']'.

19-01-2024T11:38:17 - [MESSAGE][PASSED] - Text 'superadmin brisuperadmin brisuperadmin brisuperadmin brisuperadmin brisuperadmin brisuperadmin brisuperadmin brisuperadmin brisuperadmin brisuperadmin brisuperadmin brisuperadmin brisuperadmin brisuperadmin brisuperadmin brisuperadmin brisuperadmin brisiii' is set on object 'Object Repository/Page_Create Account/Name Field'

19-01-2024T11:38:17 - [TEST_STEP][PASSED] - verifyElementClickable(findTestObject("Page_Create Account/Email Field")): Object 'Object Repository/Page_Create Account/Email Field' is clickable

19-01-2024T11:38:19 - [MESSAGE][INFO] - Unable to find the element located by 'By.xpath: id("email")[count(. | //input[@type = 'email' and @class = 'form-control ' and @id = 'email' and @name = 'email' and @placeholder = 'Email']) = count(//input[@type = 'email' and @class = 'form-control ' and @id = 'email' and @name = 'email' and @placeholder = 'Email'])]'. Please recheck the objects properties to make sure the desired element is located. 

19-01-2024T11:38:19 - [MESSAGE][WARNING] - [SELF-HEALING] Failed to find element with id 'Object Repository/Page_Create Account/Email Field'. Try using Self-healing.

19-01-2024T11:38:19 - [MESSAGE][WARNING] - [SELF-HEALING] The current locator of test object 'Object Repository/Page_Create Account/Email Field' was broken. Propose an alternative one: '//input[@id='email']'.

19-01-2024T11:38:19 - [MESSAGE][PASSED] - Object 'Object Repository/Page_Create Account/Email Field' is clickable

19-01-2024T11:38:19 - [TEST_STEP][PASSED] - setText(findTestObject("Page_Create Account/Email Field"), "vieweruser@yopmail.com"): Text 'vieweruser@yopmail.com' is set on object 'Object Repository/Page_Create Account/Email Field'

19-01-2024T11:38:21 - [MESSAGE][INFO] - Unable to find the element located by 'By.xpath: id("email")[count(. | //input[@type = 'email' and @class = 'form-control ' and @id = 'email' and @name = 'email' and @placeholder = 'Email']) = count(//input[@type = 'email' and @class = 'form-control ' and @id = 'email' and @name = 'email' and @placeholder = 'Email'])]'. Please recheck the objects properties to make sure the desired element is located. 

19-01-2024T11:38:21 - [MESSAGE][WARNING] - [SELF-HEALING] Failed to find element with id 'Object Repository/Page_Create Account/Email Field'. Try using Self-healing.

19-01-2024T11:38:22 - [MESSAGE][WARNING] - [SELF-HEALING] The current locator of test object 'Object Repository/Page_Create Account/Email Field' was broken. Propose an alternative one: '//input[@id='email']'.

19-01-2024T11:38:24 - [MESSAGE][INFO] - Unable to find the element located by 'By.xpath: id("email")[count(. | //input[@type = 'email' and @class = 'form-control ' and @id = 'email' and @name = 'email' and @placeholder = 'Email']) = count(//input[@type = 'email' and @class = 'form-control ' and @id = 'email' and @name = 'email' and @placeholder = 'Email'])]'. Please recheck the objects properties to make sure the desired element is located. 

19-01-2024T11:38:24 - [MESSAGE][WARNING] - [SELF-HEALING] Failed to find element with id 'Object Repository/Page_Create Account/Email Field'. Try using Self-healing.

19-01-2024T11:38:24 - [MESSAGE][WARNING] - [SELF-HEALING] The current locator of test object 'Object Repository/Page_Create Account/Email Field' was broken. Propose an alternative one: '//input[@id='email']'.

19-01-2024T11:38:24 - [MESSAGE][PASSED] - Text 'vieweruser@yopmail.com' is set on object 'Object Repository/Page_Create Account/Email Field'

19-01-2024T11:38:24 - [TEST_STEP][FAILED] - verifyElementClickable(findTestObject("Page_Create Account/Password Field")): Unable to verify object 'Object Repository/Page_Create Account/Password Field' to be clickable (Root cause: com.kms.katalon.core.exception.StepFailedException: Unable to verify object 'Object Repository/Page_Create Account/Password Field' to be clickable
	at com.kms.katalon.core.webui.keyword.internal.WebUIKeywordMain.stepFailed(WebUIKeywordMain.groovy:64)
	at com.kms.katalon.core.webui.keyword.internal.WebUIKeywordMain.runKeyword(WebUIKeywordMain.groovy:26)
	at com.kms.katalon.core.webui.keyword.builtin.VerifyElementClickableKeyword.verifyElementClickable(VerifyElementClickableKeyword.groovy:96)
	at com.kms.katalon.core.webui.keyword.builtin.VerifyElementClickableKeyword.execute(VerifyElementClickableKeyword.groovy:67)
	at com.kms.katalon.core.keyword.internal.KeywordExecutor.executeKeywordForPlatform(KeywordExecutor.groovy:74)
	at com.kms.katalon.core.webui.keyword.WebUiBuiltInKeywords.verifyElementClickable(WebUiBuiltInKeywords.groovy:605)
	at PSSIEditAccountExceedMaxChar.run(PSSIEditAccountExceedMaxChar:36)
	at com.kms.katalon.core.main.ScriptEngine.run(ScriptEngine.java:194)
	at com.kms.katalon.core.main.ScriptEngine.runScriptAsRawText(ScriptEngine.java:119)
	at com.kms.katalon.core.main.TestCaseExecutor.runScript(TestCaseExecutor.java:448)
	at com.kms.katalon.core.main.TestCaseExecutor.doExecute(TestCaseExecutor.java:439)
	at com.kms.katalon.core.main.TestCaseExecutor.processExecutionPhase(TestCaseExecutor.java:418)
	at com.kms.katalon.core.main.TestCaseExecutor.accessMainPhase(TestCaseExecutor.java:410)
	at com.kms.katalon.core.main.TestCaseExecutor.execute(TestCaseExecutor.java:285)
	at com.kms.katalon.core.main.TestCaseExecutor.execute(TestCaseExecutor.java:369)
	at com.kms.katalon.core.main.TestCaseExecutor.execute(TestCaseExecutor.java:369)
	at com.kms.katalon.core.main.TestCaseExecutor.execute(TestCaseExecutor.java:369)
	at com.kms.katalon.core.common.CommonExecutor.accessTestCaseMainPhase(CommonExecutor.java:65)
	at com.kms.katalon.core.main.TestSuiteExecutor.accessTestSuiteMainPhase(TestSuiteExecutor.java:148)
	at com.kms.katalon.core.main.TestSuiteExecutor.execute(TestSuiteExecutor.java:106)
	at com.kms.katalon.core.main.TestCaseMain.startTestSuite(TestCaseMain.java:180)
	at TempTestSuite1705637915236.run(TempTestSuite1705637915236.groovy:36)
	at java.base/jdk.internal.reflect.NativeMethodAccessorImpl.invoke0(Native Method)
	at java.base/jdk.internal.reflect.NativeMethodAccessorImpl.invoke(NativeMethodAccessorImpl.java:77)
	at java.base/jdk.internal.reflect.DelegatingMethodAccessorImpl.invoke(DelegatingMethodAccessorImpl.java:43)
Caused by: com.kms.katalon.core.exception.StepFailedException: Web element with id: 'Object Repository/Page_Create Account/Password Field' located by 'id("password")[count(. | //input[@type = 'text' and @class = 'form-control ' and @id = 'password' and @name = 'password' and @placeholder = 'Password']) = count(//input[@type = 'text' and @class = 'form-control ' and @id = 'password' and @name = 'password' and @placeholder = 'Password'])]' not found
	at com.kms.katalon.core.webui.keyword.internal.WebUIKeywordMain.stepFailed(WebUIKeywordMain.groovy:64)
	at com.kms.katalon.core.webui.keyword.builtin.VerifyElementClickableKeyword$_verifyElementClickable_closure1.doCall(VerifyElementClickableKeyword.groovy:88)
	at com.kms.katalon.core.webui.keyword.builtin.VerifyElementClickableKeyword$_verifyElementClickable_closure1.call(VerifyElementClickableKeyword.groovy)
	at com.kms.katalon.core.webui.keyword.internal.WebUIKeywordMain.runKeyword(WebUIKeywordMain.groovy:20)
	... 23 more
)

19-01-2024T11:38:26 - [MESSAGE][INFO] - Unable to find the element located by 'By.xpath: id("password")[count(. | //input[@type = 'text' and @class = 'form-control ' and @id = 'password' and @name = 'password' and @placeholder = 'Password']) = count(//input[@type = 'text' and @class = 'form-control ' and @id = 'password' and @name = 'password' and @placeholder = 'Password'])]'. Please recheck the objects properties to make sure the desired element is located. 

19-01-2024T11:38:26 - [MESSAGE][WARNING] - [SELF-HEALING] Failed to find element with id 'Object Repository/Page_Create Account/Password Field'. Try using Self-healing.

19-01-2024T11:38:28 - [MESSAGE][INFO] - Unable to find the element located by 'By.xpath: //input[@id='password']'. Please recheck the objects properties to make sure the desired element is located. 

19-01-2024T11:38:28 - [MESSAGE][INFO] - [SELF-HEALING] Failed Locator: '//input[@id='password']'.

19-01-2024T11:38:28 - [MESSAGE][INFO] - [SELF-HEALING] Failed Locator: '//div[3]/input'.

19-01-2024T11:38:28 - [MESSAGE][INFO] - [SELF-HEALING] Failed Locator: '//input[@type = 'text' and @id = 'password' and @name = 'password' and @placeholder = 'Password']'.

19-01-2024T11:38:29 - [MESSAGE][INFO] - [SELF-HEALING] Failed Locator: '//input[@id='password']'.

19-01-2024T11:38:29 - [MESSAGE][INFO] - [SELF-HEALING] Failed Locator: '//div[3]/input'.

19-01-2024T11:38:29 - [MESSAGE][INFO] - [SELF-HEALING] Failed Locator: '//input[@type = 'text' and @id = 'password' and @name = 'password' and @placeholder = 'Password']'.

19-01-2024T11:38:30 - [MESSAGE][INFO] - Unable to find the element located by 'By.cssSelector: #password'. Please recheck the objects properties to make sure the desired element is located. 

19-01-2024T11:38:31 - [MESSAGE][FAILED] - Web element with id: 'Object Repository/Page_Create Account/Password Field' located by 'id("password")[count(. | //input[@type = 'text' and @class = 'form-control ' and @id = 'password' and @name = 'password' and @placeholder = 'Password']) = count(//input[@type = 'text' and @class = 'form-control ' and @id = 'password' and @name = 'password' and @placeholder = 'Password'])]' not found (Root cause: com.kms.katalon.core.exception.StepFailedException: Web element with id: 'Object Repository/Page_Create Account/Password Field' located by 'id("password")[count(. | //input[@type = 'text' and @class = 'form-control ' and @id = 'password' and @name = 'password' and @placeholder = 'Password']) = count(//input[@type = 'text' and @class = 'form-control ' and @id = 'password' and @name = 'password' and @placeholder = 'Password'])]' not found
	at com.kms.katalon.core.webui.keyword.internal.WebUIKeywordMain.stepFailed(WebUIKeywordMain.groovy:64)
	at com.kms.katalon.core.webui.keyword.builtin.VerifyElementClickableKeyword$_verifyElementClickable_closure1.doCall(VerifyElementClickableKeyword.groovy:88)
	at com.kms.katalon.core.webui.keyword.builtin.VerifyElementClickableKeyword$_verifyElementClickable_closure1.call(VerifyElementClickableKeyword.groovy)
	at com.kms.katalon.core.webui.keyword.internal.WebUIKeywordMain.runKeyword(WebUIKeywordMain.groovy:20)
	at com.kms.katalon.core.webui.keyword.builtin.VerifyElementClickableKeyword.verifyElementClickable(VerifyElementClickableKeyword.groovy:96)
	at com.kms.katalon.core.webui.keyword.builtin.VerifyElementClickableKeyword.execute(VerifyElementClickableKeyword.groovy:67)
	at com.kms.katalon.core.keyword.internal.KeywordExecutor.executeKeywordForPlatform(KeywordExecutor.groovy:74)
	at com.kms.katalon.core.webui.keyword.WebUiBuiltInKeywords.verifyElementClickable(WebUiBuiltInKeywords.groovy:605)
	at PSSIEditAccountExceedMaxChar.run(PSSIEditAccountExceedMaxChar:36)
	at com.kms.katalon.core.main.ScriptEngine.run(ScriptEngine.java:194)
	at com.kms.katalon.core.main.ScriptEngine.runScriptAsRawText(ScriptEngine.java:119)
	at com.kms.katalon.core.main.TestCaseExecutor.runScript(TestCaseExecutor.java:448)
	at com.kms.katalon.core.main.TestCaseExecutor.doExecute(TestCaseExecutor.java:439)
	at com.kms.katalon.core.main.TestCaseExecutor.processExecutionPhase(TestCaseExecutor.java:418)
	at com.kms.katalon.core.main.TestCaseExecutor.accessMainPhase(TestCaseExecutor.java:410)
	at com.kms.katalon.core.main.TestCaseExecutor.execute(TestCaseExecutor.java:285)
	at com.kms.katalon.core.main.TestCaseExecutor.execute(TestCaseExecutor.java:369)
	at com.kms.katalon.core.main.TestCaseExecutor.execute(TestCaseExecutor.java:369)
	at com.kms.katalon.core.main.TestCaseExecutor.execute(TestCaseExecutor.java:369)
	at com.kms.katalon.core.common.CommonExecutor.accessTestCaseMainPhase(CommonExecutor.java:65)
	at com.kms.katalon.core.main.TestSuiteExecutor.accessTestSuiteMainPhase(TestSuiteExecutor.java:148)
	at com.kms.katalon.core.main.TestSuiteExecutor.execute(TestSuiteExecutor.java:106)
	at com.kms.katalon.core.main.TestCaseMain.startTestSuite(TestCaseMain.java:180)
	at TempTestSuite1705637915236.run(TempTestSuite1705637915236.groovy:36)
	at java.base/jdk.internal.reflect.NativeMethodAccessorImpl.invoke0(Native Method)
	at java.base/jdk.internal.reflect.NativeMethodAccessorImpl.invoke(NativeMethodAccessorImpl.java:77)
	at java.base/jdk.internal.reflect.DelegatingMethodAccessorImpl.invoke(DelegatingMethodAccessorImpl.java:43)
)
[[ATTACHMENT|C:\\Users\\USER\\git\\Kecilin-Automation-Test\\Reports\\20240119_111826\\Create BE Account Management\\Edit Account Test Suite\\20240119_111835\\1705639110909.png]]

19-01-2024T11:38:31 - [MESSAGE][FAILED] - Unable to verify object 'Object Repository/Page_Create Account/Password Field' to be clickable (Root cause: com.kms.katalon.core.exception.StepFailedException: Unable to verify object 'Object Repository/Page_Create Account/Password Field' to be clickable
	at com.kms.katalon.core.webui.keyword.internal.WebUIKeywordMain.stepFailed(WebUIKeywordMain.groovy:64)
	at com.kms.katalon.core.webui.keyword.internal.WebUIKeywordMain.runKeyword(WebUIKeywordMain.groovy:26)
	at com.kms.katalon.core.webui.keyword.builtin.VerifyElementClickableKeyword.verifyElementClickable(VerifyElementClickableKeyword.groovy:96)
	at com.kms.katalon.core.webui.keyword.builtin.VerifyElementClickableKeyword.execute(VerifyElementClickableKeyword.groovy:67)
	at com.kms.katalon.core.keyword.internal.KeywordExecutor.executeKeywordForPlatform(KeywordExecutor.groovy:74)
	at com.kms.katalon.core.webui.keyword.WebUiBuiltInKeywords.verifyElementClickable(WebUiBuiltInKeywords.groovy:605)
	at PSSIEditAccountExceedMaxChar.run(PSSIEditAccountExceedMaxChar:36)
	at com.kms.katalon.core.main.ScriptEngine.run(ScriptEngine.java:194)
	at com.kms.katalon.core.main.ScriptEngine.runScriptAsRawText(ScriptEngine.java:119)
	at com.kms.katalon.core.main.TestCaseExecutor.runScript(TestCaseExecutor.java:448)
	at com.kms.katalon.core.main.TestCaseExecutor.doExecute(TestCaseExecutor.java:439)
	at com.kms.katalon.core.main.TestCaseExecutor.processExecutionPhase(TestCaseExecutor.java:418)
	at com.kms.katalon.core.main.TestCaseExecutor.accessMainPhase(TestCaseExecutor.java:410)
	at com.kms.katalon.core.main.TestCaseExecutor.execute(TestCaseExecutor.java:285)
	at com.kms.katalon.core.main.TestCaseExecutor.execute(TestCaseExecutor.java:369)
	at com.kms.katalon.core.main.TestCaseExecutor.execute(TestCaseExecutor.java:369)
	at com.kms.katalon.core.main.TestCaseExecutor.execute(TestCaseExecutor.java:369)
	at com.kms.katalon.core.common.CommonExecutor.accessTestCaseMainPhase(CommonExecutor.java:65)
	at com.kms.katalon.core.main.TestSuiteExecutor.accessTestSuiteMainPhase(TestSuiteExecutor.java:148)
	at com.kms.katalon.core.main.TestSuiteExecutor.execute(TestSuiteExecutor.java:106)
	at com.kms.katalon.core.main.TestCaseMain.startTestSuite(TestCaseMain.java:180)
	at TempTestSuite1705637915236.run(TempTestSuite1705637915236.groovy:36)
	at java.base/jdk.internal.reflect.NativeMethodAccessorImpl.invoke0(Native Method)
	at java.base/jdk.internal.reflect.NativeMethodAccessorImpl.invoke(NativeMethodAccessorImpl.java:77)
	at java.base/jdk.internal.reflect.DelegatingMethodAccessorImpl.invoke(DelegatingMethodAccessorImpl.java:43)
Caused by: com.kms.katalon.core.exception.StepFailedException: Web element with id: 'Object Repository/Page_Create Account/Password Field' located by 'id("password")[count(. | //input[@type = 'text' and @class = 'form-control ' and @id = 'password' and @name = 'password' and @placeholder = 'Password']) = count(//input[@type = 'text' and @class = 'form-control ' and @id = 'password' and @name = 'password' and @placeholder = 'Password'])]' not found
	at com.kms.katalon.core.webui.keyword.internal.WebUIKeywordMain.stepFailed(WebUIKeywordMain.groovy:64)
	at com.kms.katalon.core.webui.keyword.builtin.VerifyElementClickableKeyword$_verifyElementClickable_closure1.doCall(VerifyElementClickableKeyword.groovy:88)
	at com.kms.katalon.core.webui.keyword.builtin.VerifyElementClickableKeyword$_verifyElementClickable_closure1.call(VerifyElementClickableKeyword.groovy)
	at com.kms.katalon.core.webui.keyword.internal.WebUIKeywordMain.runKeyword(WebUIKeywordMain.groovy:20)
	... 23 more
)
[[ATTACHMENT|C:\\Users\\USER\\git\\Kecilin-Automation-Test\\Reports\\20240119_111826\\Create BE Account Management\\Edit Account Test Suite\\20240119_111835\\1705639111145.png]]]]></system-out>
         <system-err><![CDATA[19-01-2024T11:37:58 - [TEST_CASE][FAILED] - Test Cases/Offline PSSI Dashboard Function/Create BE Account Management/Edit Account/Negative Test Case/PSSIEditAccountExceedMaxChar: Test Cases/Offline PSSI Dashboard Function/Create BE Account Management/Edit Account/Negative Test Case/PSSIEditAccountExceedMaxChar FAILED.
Reason:
com.kms.katalon.core.exception.StepFailedException: Unable to verify object 'Object Repository/Page_Create Account/Password Field' to be clickable
	at com.kms.katalon.core.webui.keyword.internal.WebUIKeywordMain.stepFailed(WebUIKeywordMain.groovy:64)
	at com.kms.katalon.core.webui.keyword.internal.WebUIKeywordMain.runKeyword(WebUIKeywordMain.groovy:26)
	at com.kms.katalon.core.webui.keyword.builtin.VerifyElementClickableKeyword.verifyElementClickable(VerifyElementClickableKeyword.groovy:96)
	at com.kms.katalon.core.webui.keyword.builtin.VerifyElementClickableKeyword.execute(VerifyElementClickableKeyword.groovy:67)
	at com.kms.katalon.core.keyword.internal.KeywordExecutor.executeKeywordForPlatform(KeywordExecutor.groovy:74)
	at com.kms.katalon.core.webui.keyword.WebUiBuiltInKeywords.verifyElementClickable(WebUiBuiltInKeywords.groovy:605)
	at PSSIEditAccountExceedMaxChar.run(PSSIEditAccountExceedMaxChar:36)
	at com.kms.katalon.core.main.ScriptEngine.run(ScriptEngine.java:194)
	at com.kms.katalon.core.main.ScriptEngine.runScriptAsRawText(ScriptEngine.java:119)
	at com.kms.katalon.core.main.TestCaseExecutor.runScript(TestCaseExecutor.java:448)
	at com.kms.katalon.core.main.TestCaseExecutor.doExecute(TestCaseExecutor.java:439)
	at com.kms.katalon.core.main.TestCaseExecutor.processExecutionPhase(TestCaseExecutor.java:418)
	at com.kms.katalon.core.main.TestCaseExecutor.accessMainPhase(TestCaseExecutor.java:410)
	at com.kms.katalon.core.main.TestCaseExecutor.execute(TestCaseExecutor.java:285)
	at com.kms.katalon.core.main.TestCaseExecutor.execute(TestCaseExecutor.java:369)
	at com.kms.katalon.core.main.TestCaseExecutor.execute(TestCaseExecutor.java:369)
	at com.kms.katalon.core.main.TestCaseExecutor.execute(TestCaseExecutor.java:369)
	at com.kms.katalon.core.common.CommonExecutor.accessTestCaseMainPhase(CommonExecutor.java:65)
	at com.kms.katalon.core.main.TestSuiteExecutor.accessTestSuiteMainPhase(TestSuiteExecutor.java:148)
	at com.kms.katalon.core.main.TestSuiteExecutor.execute(TestSuiteExecutor.java:106)
	at com.kms.katalon.core.main.TestCaseMain.startTestSuite(TestCaseMain.java:180)
	at TempTestSuite1705637915236.run(TempTestSuite1705637915236.groovy:36)
	at java.base/jdk.internal.reflect.NativeMethodAccessorImpl.invoke0(Native Method)
	at java.base/jdk.internal.reflect.NativeMethodAccessorImpl.invoke(NativeMethodAccessorImpl.java:77)
	at java.base/jdk.internal.reflect.DelegatingMethodAccessorImpl.invoke(DelegatingMethodAccessorImpl.java:43)
Caused by: com.kms.katalon.core.exception.StepFailedException: Web element with id: 'Object Repository/Page_Create Account/Password Field' located by 'id("password")[count(. | //input[@type = 'text' and @class = 'form-control ' and @id = 'password' and @name = 'password' and @placeholder = 'Password']) = count(//input[@type = 'text' and @class = 'form-control ' and @id = 'password' and @name = 'password' and @placeholder = 'Password'])]' not found
	at com.kms.katalon.core.webui.keyword.internal.WebUIKeywordMain.stepFailed(WebUIKeywordMain.groovy:64)
	at com.kms.katalon.core.webui.keyword.builtin.VerifyElementClickableKeyword$_verifyElementClickable_closure1.doCall(VerifyElementClickableKeyword.groovy:88)
	at com.kms.katalon.core.webui.keyword.builtin.VerifyElementClickableKeyword$_verifyElementClickable_closure1.call(VerifyElementClickableKeyword.groovy)
	at com.kms.katalon.core.webui.keyword.internal.WebUIKeywordMain.runKeyword(WebUIKeywordMain.groovy:20)
	... 23 more]]></system-err>
      </testcase>
      <testcase name="Test Cases/Offline PSSI Dashboard Function/Create BE Account Management/Edit Account/Negative Test Case/PSSIEditAccountInvalidEmailFormat" time="35.041" classname="Test Cases/Offline PSSI Dashboard Function/Create BE Account Management/Edit Account/Negative Test Case/PSSIEditAccountInvalidEmailFormat" status="FAILED">
         <failure type="FAILED" message="Test Cases/Offline PSSI Dashboard Function/Create BE Account Management/Edit Account/Negative Test Case/PSSIEditAccountInvalidEmailFormat FAILED.&#xa;Reason:&#xa;com.kms.katalon.core.exception.StepFailedException: Unable to verify object 'Object Repository/Page_Create Account/Password Field' to be clickable&#xa;	at com.kms.katalon.core.webui.keyword.internal.WebUIKeywordMain.stepFailed(WebUIKeywordMain.groovy:64)&#xa;	at com.kms.katalon.core.webui.keyword.internal.WebUIKeywordMain.runKeyword(WebUIKeywordMain.groovy:26)&#xa;	at com.kms.katalon.core.webui.keyword.builtin.VerifyElementClickableKeyword.verifyElementClickable(VerifyElementClickableKeyword.groovy:96)&#xa;	at com.kms.katalon.core.webui.keyword.builtin.VerifyElementClickableKeyword.execute(VerifyElementClickableKeyword.groovy:67)&#xa;	at com.kms.katalon.core.keyword.internal.KeywordExecutor.executeKeywordForPlatform(KeywordExecutor.groovy:74)&#xa;	at com.kms.katalon.core.webui.keyword.WebUiBuiltInKeywords.verifyElementClickable(WebUiBuiltInKeywords.groovy:605)&#xa;	at PSSIEditAccountInvalidEmailFormat.run(PSSIEditAccountInvalidEmailFormat:37)&#xa;	at com.kms.katalon.core.main.ScriptEngine.run(ScriptEngine.java:194)&#xa;	at com.kms.katalon.core.main.ScriptEngine.runScriptAsRawText(ScriptEngine.java:119)&#xa;	at com.kms.katalon.core.main.TestCaseExecutor.runScript(TestCaseExecutor.java:448)&#xa;	at com.kms.katalon.core.main.TestCaseExecutor.doExecute(TestCaseExecutor.java:439)&#xa;	at com.kms.katalon.core.main.TestCaseExecutor.processExecutionPhase(TestCaseExecutor.java:418)&#xa;	at com.kms.katalon.core.main.TestCaseExecutor.accessMainPhase(TestCaseExecutor.java:410)&#xa;	at com.kms.katalon.core.main.TestCaseExecutor.execute(TestCaseExecutor.java:285)&#xa;	at com.kms.katalon.core.main.TestCaseExecutor.execute(TestCaseExecutor.java:369)&#xa;	at com.kms.katalon.core.main.TestCaseExecutor.execute(TestCaseExecutor.java:369)&#xa;	at com.kms.katalon.core.main.TestCaseExecutor.execute(TestCaseExecutor.java:369)&#xa;	at com.kms.katalon.core.common.CommonExecutor.accessTestCaseMainPhase(CommonExecutor.java:65)&#xa;	at com.kms.katalon.core.main.TestSuiteExecutor.accessTestSuiteMainPhase(TestSuiteExecutor.java:148)&#xa;	at com.kms.katalon.core.main.TestSuiteExecutor.execute(TestSuiteExecutor.java:106)&#xa;	at com.kms.katalon.core.main.TestCaseMain.startTestSuite(TestCaseMain.java:180)&#xa;	at TempTestSuite1705637915236.run(TempTestSuite1705637915236.groovy:36)&#xa;	at java.base/jdk.internal.reflect.NativeMethodAccessorImpl.invoke0(Native Method)&#xa;	at java.base/jdk.internal.reflect.NativeMethodAccessorImpl.invoke(NativeMethodAccessorImpl.java:77)&#xa;	at java.base/jdk.internal.reflect.DelegatingMethodAccessorImpl.invoke(DelegatingMethodAccessorImpl.java:43)&#xa;Caused by: com.kms.katalon.core.exception.StepFailedException: Web element with id: 'Object Repository/Page_Create Account/Password Field' located by 'id(&quot;password&quot;)[count(. | //input[@type = 'text' and @class = 'form-control ' and @id = 'password' and @name = 'password' and @placeholder = 'Password']) = count(//input[@type = 'text' and @class = 'form-control ' and @id = 'password' and @name = 'password' and @placeholder = 'Password'])]' not found&#xa;	at com.kms.katalon.core.webui.keyword.internal.WebUIKeywordMain.stepFailed(WebUIKeywordMain.groovy:64)&#xa;	at com.kms.katalon.core.webui.keyword.builtin.VerifyElementClickableKeyword$_verifyElementClickable_closure1.doCall(VerifyElementClickableKeyword.groovy:88)&#xa;	at com.kms.katalon.core.webui.keyword.builtin.VerifyElementClickableKeyword$_verifyElementClickable_closure1.call(VerifyElementClickableKeyword.groovy)&#xa;	at com.kms.katalon.core.webui.keyword.internal.WebUIKeywordMain.runKeyword(WebUIKeywordMain.groovy:20)&#xa;	... 23 more&#xa;"/>
         <system-out><![CDATA[19-01-2024T11:39:43 - [TEST_CASE][FAILED] - Test Cases/Offline PSSI Dashboard Function/Create BE Account Management/Edit Account/Negative Test Case/PSSIEditAccountInvalidEmailFormat: Test Cases/Offline PSSI Dashboard Function/Create BE Account Management/Edit Account/Negative Test Case/PSSIEditAccountInvalidEmailFormat FAILED.
Reason:
com.kms.katalon.core.exception.StepFailedException: Unable to verify object 'Object Repository/Page_Create Account/Password Field' to be clickable
	at com.kms.katalon.core.webui.keyword.internal.WebUIKeywordMain.stepFailed(WebUIKeywordMain.groovy:64)
	at com.kms.katalon.core.webui.keyword.internal.WebUIKeywordMain.runKeyword(WebUIKeywordMain.groovy:26)
	at com.kms.katalon.core.webui.keyword.builtin.VerifyElementClickableKeyword.verifyElementClickable(VerifyElementClickableKeyword.groovy:96)
	at com.kms.katalon.core.webui.keyword.builtin.VerifyElementClickableKeyword.execute(VerifyElementClickableKeyword.groovy:67)
	at com.kms.katalon.core.keyword.internal.KeywordExecutor.executeKeywordForPlatform(KeywordExecutor.groovy:74)
	at com.kms.katalon.core.webui.keyword.WebUiBuiltInKeywords.verifyElementClickable(WebUiBuiltInKeywords.groovy:605)
	at PSSIEditAccountInvalidEmailFormat.run(PSSIEditAccountInvalidEmailFormat:37)
	at com.kms.katalon.core.main.ScriptEngine.run(ScriptEngine.java:194)
	at com.kms.katalon.core.main.ScriptEngine.runScriptAsRawText(ScriptEngine.java:119)
	at com.kms.katalon.core.main.TestCaseExecutor.runScript(TestCaseExecutor.java:448)
	at com.kms.katalon.core.main.TestCaseExecutor.doExecute(TestCaseExecutor.java:439)
	at com.kms.katalon.core.main.TestCaseExecutor.processExecutionPhase(TestCaseExecutor.java:418)
	at com.kms.katalon.core.main.TestCaseExecutor.accessMainPhase(TestCaseExecutor.java:410)
	at com.kms.katalon.core.main.TestCaseExecutor.execute(TestCaseExecutor.java:285)
	at com.kms.katalon.core.main.TestCaseExecutor.execute(TestCaseExecutor.java:369)
	at com.kms.katalon.core.main.TestCaseExecutor.execute(TestCaseExecutor.java:369)
	at com.kms.katalon.core.main.TestCaseExecutor.execute(TestCaseExecutor.java:369)
	at com.kms.katalon.core.common.CommonExecutor.accessTestCaseMainPhase(CommonExecutor.java:65)
	at com.kms.katalon.core.main.TestSuiteExecutor.accessTestSuiteMainPhase(TestSuiteExecutor.java:148)
	at com.kms.katalon.core.main.TestSuiteExecutor.execute(TestSuiteExecutor.java:106)
	at com.kms.katalon.core.main.TestCaseMain.startTestSuite(TestCaseMain.java:180)
	at TempTestSuite1705637915236.run(TempTestSuite1705637915236.groovy:36)
	at java.base/jdk.internal.reflect.NativeMethodAccessorImpl.invoke0(Native Method)
	at java.base/jdk.internal.reflect.NativeMethodAccessorImpl.invoke(NativeMethodAccessorImpl.java:77)
	at java.base/jdk.internal.reflect.DelegatingMethodAccessorImpl.invoke(DelegatingMethodAccessorImpl.java:43)
Caused by: com.kms.katalon.core.exception.StepFailedException: Web element with id: 'Object Repository/Page_Create Account/Password Field' located by 'id("password")[count(. | //input[@type = 'text' and @class = 'form-control ' and @id = 'password' and @name = 'password' and @placeholder = 'Password']) = count(//input[@type = 'text' and @class = 'form-control ' and @id = 'password' and @name = 'password' and @placeholder = 'Password'])]' not found
	at com.kms.katalon.core.webui.keyword.internal.WebUIKeywordMain.stepFailed(WebUIKeywordMain.groovy:64)
	at com.kms.katalon.core.webui.keyword.builtin.VerifyElementClickableKeyword$_verifyElementClickable_closure1.doCall(VerifyElementClickableKeyword.groovy:88)
	at com.kms.katalon.core.webui.keyword.builtin.VerifyElementClickableKeyword$_verifyElementClickable_closure1.call(VerifyElementClickableKeyword.groovy)
	at com.kms.katalon.core.webui.keyword.internal.WebUIKeywordMain.runKeyword(WebUIKeywordMain.groovy:20)
	... 23 more


19-01-2024T11:39:43 - [TEST_STEP][PASSED] - failureHandling = STOP_ON_FAILURE: null

19-01-2024T11:39:43 - [TEST_STEP][PASSED] - baseUrl = offline_pssi_dashboard_url: null

19-01-2024T11:39:43 - [TEST_STEP][PASSED] - callTestCase(findTestCase("Offline PSSI Dashboard Function/Create BE Account Management/View Account Management/PSSIViewAccountManagement"), [:], failureHandling): Call Test Case 'Test Cases/Offline PSSI Dashboard Function/Create BE Account Management/View Account Management/PSSIViewAccountManagement' successfully

19-01-2024T11:39:43 - [TEST_CASE][PASSED] - Test Cases/Offline PSSI Dashboard Function/Create BE Account Management/View Account Management/PSSIViewAccountManagement: Test Cases/Offline PSSI Dashboard Function/Create BE Account Management/View Account Management/PSSIViewAccountManagement

19-01-2024T11:39:43 - [TEST_STEP][PASSED] - failureHandling = STOP_ON_FAILURE: null

19-01-2024T11:39:43 - [TEST_STEP][PASSED] - baseUrl = offline_pssi_dashboard_url: null

19-01-2024T11:39:43 - [TEST_STEP][PASSED] - callTestCase(findTestCase("Offline PSSI Dashboard Function/Sign In/PSSISignInValidData"), [:], failureHandling): Call Test Case 'Test Cases/Offline PSSI Dashboard Function/Sign In/PSSISignInValidData' successfully

19-01-2024T11:39:44 - [TEST_CASE][PASSED] - Test Cases/Offline PSSI Dashboard Function/Sign In/PSSISignInValidData: Test Cases/Offline PSSI Dashboard Function/Sign In/PSSISignInValidData

19-01-2024T11:39:44 - [TEST_STEP][PASSED] - failureHandling = STOP_ON_FAILURE: null

19-01-2024T11:39:44 - [TEST_STEP][PASSED] - baseUrl = offline_pssi_dashboard_url: null

19-01-2024T11:39:44 - [TEST_STEP][PASSED] - openBrowser(""): Browser is opened with url: ''

19-01-2024T11:39:44 - [MESSAGE][WARNING] - A browser is already opened. Closing browser and opening a new one

19-01-2024T11:39:44 - [MESSAGE][INFO] - Starting 'Chrome' driver

19-01-2024T11:39:44 - [MESSAGE][INFO] - User set preference: ['unhandledPromptBehaviour', 'ignore']

19-01-2024T11:39:44 - [MESSAGE][INFO] - User set preference: ['unexpectedAlertBehaviour', 'ignore']

19-01-2024T11:39:44 - [MESSAGE][INFO] - Action delay is set to 0 milliseconds

19-01-2024T11:39:45 - [MESSAGE][PASSED] - Browser is opened with url: ''

19-01-2024T11:39:45 - [TEST_STEP][PASSED] - navigateToUrl(baseUrl): Navigate to 'https://monitoring.pssi-dev.kecilin.id' successfully

19-01-2024T11:39:56 - [MESSAGE][PASSED] - Navigate to 'https://monitoring.pssi-dev.kecilin.id' successfully

19-01-2024T11:39:56 - [TEST_STEP][PASSED] - maximizeWindow(): Current window maximized

19-01-2024T11:39:56 - [MESSAGE][PASSED] - Current window maximized

19-01-2024T11:39:56 - [TEST_STEP][PASSED] - setText(findTestObject("Object Repository/Page_Login/input_email"), "superadmin@app.com"): Text 'superadmin@app.com' is set on object 'Object Repository/Page_Login/input_email'

19-01-2024T11:39:57 - [MESSAGE][PASSED] - Text 'superadmin@app.com' is set on object 'Object Repository/Page_Login/input_email'

19-01-2024T11:39:57 - [TEST_STEP][PASSED] - setEncryptedText(findTestObject("Object Repository/Page_Login/input_password"), "8SQVv/p9jVScEs4/2CZsLw=="): Text ****** has been set on object 'Object Repository/Page_Login/input_password'

19-01-2024T11:39:57 - [MESSAGE][PASSED] - Text ****** has been set on object 'Object Repository/Page_Login/input_password'

19-01-2024T11:39:57 - [TEST_STEP][PASSED] - click(findTestObject("Object Repository/Page_Login/button_Sign In")): Object: 'Object Repository/Page_Login/button_Sign In' is clicked on

19-01-2024T11:39:59 - [MESSAGE][PASSED] - Object: 'Object Repository/Page_Login/button_Sign In' is clicked on

19-01-2024T11:39:59 - [MESSAGE][PASSED] - Call Test Case 'Test Cases/Offline PSSI Dashboard Function/Sign In/PSSISignInValidData' successfully

19-01-2024T11:39:59 - [TEST_STEP][PASSED] - scrollToElement(findTestObject("Page_Dashboard/Account Management Sidebar"), 0): Scroll to object 'Object Repository/Page_Dashboard/Account Management Sidebar' successfully

19-01-2024T11:39:59 - [MESSAGE][WARNING] - Timeout '0' is invalid. Using default page load timeout: '1'

19-01-2024T11:40:01 - [MESSAGE][INFO] - Unable to find the element located by 'By.xpath: id("sidenav-collapse-main")/ul[@class="navbar-nav"]/li[@class="nav-item"]/a[@class="nav-link"][count(. | //a[@class = 'nav-link  ' and @href = '/accounts' and (text() = '
            
              
                
              
            
            Account Management
          ' or . = '
            
              
                
              
            
            Account Management
          ')]) = count(//a[@class = 'nav-link  ' and @href = '/accounts' and (text() = '
            
              
                
              
            
            Account Management
          ' or . = '
            
              
                
              
            
            Account Management
          ')])]'. Please recheck the objects properties to make sure the desired element is located. 

19-01-2024T11:40:01 - [MESSAGE][WARNING] - [SELF-HEALING] Failed to find element with id 'Object Repository/Page_Dashboard/Account Management Sidebar'. Try using Self-healing.

19-01-2024T11:40:02 - [MESSAGE][WARNING] - [SELF-HEALING] The current locator of test object 'Object Repository/Page_Dashboard/Account Management Sidebar' was broken. Propose an alternative one: '//div[@id='sidenav-collapse-main']/ul/li[12]/a'.

19-01-2024T11:40:02 - [MESSAGE][PASSED] - Scroll to object 'Object Repository/Page_Dashboard/Account Management Sidebar' successfully

19-01-2024T11:40:02 - [TEST_STEP][PASSED] - navigateToUrl(baseUrl + "/accounts", failureHandling): Navigate to 'https://monitoring.pssi-dev.kecilin.id/accounts' successfully

19-01-2024T11:40:02 - [MESSAGE][PASSED] - Navigate to 'https://monitoring.pssi-dev.kecilin.id/accounts' successfully

19-01-2024T11:40:02 - [MESSAGE][INFO] - 

19-01-2024T11:40:02 - [MESSAGE][INFO] - ===================== Self-healing Report ====================

19-01-2024T11:40:02 - [MESSAGE][INFO] - One of the failed test object locators has been recovered by Self-healing. Please refer to the Self-healing Insights tab for more details.

19-01-2024T11:40:02 - [MESSAGE][INFO] - To learn more about Self-healing, please read https://docs.katalon.com/katalon-studio/docs/self-healing.html

19-01-2024T11:40:02 - [MESSAGE][INFO] - ==============================================================

19-01-2024T11:40:02 - [MESSAGE][PASSED] - Call Test Case 'Test Cases/Offline PSSI Dashboard Function/Create BE Account Management/View Account Management/PSSIViewAccountManagement' successfully

19-01-2024T11:40:02 - [TEST_STEP][PASSED] - navigateToUrl(baseUrl + "/accounts/edit/652c095d63d9d69bc80121ca", failureHandling): Navigate to 'https://monitoring.pssi-dev.kecilin.id/accounts/edit/652c095d63d9d69bc80121ca' successfully

19-01-2024T11:40:04 - [MESSAGE][PASSED] - Navigate to 'https://monitoring.pssi-dev.kecilin.id/accounts/edit/652c095d63d9d69bc80121ca' successfully

19-01-2024T11:40:04 - [TEST_STEP][PASSED] - verifyElementClickable(findTestObject("Page_Create Account/Email Field")): Object 'Object Repository/Page_Create Account/Email Field' is clickable

19-01-2024T11:40:06 - [MESSAGE][INFO] - Unable to find the element located by 'By.xpath: id("email")[count(. | //input[@type = 'email' and @class = 'form-control ' and @id = 'email' and @name = 'email' and @placeholder = 'Email']) = count(//input[@type = 'email' and @class = 'form-control ' and @id = 'email' and @name = 'email' and @placeholder = 'Email'])]'. Please recheck the objects properties to make sure the desired element is located. 

19-01-2024T11:40:06 - [MESSAGE][WARNING] - [SELF-HEALING] Failed to find element with id 'Object Repository/Page_Create Account/Email Field'. Try using Self-healing.

19-01-2024T11:40:06 - [MESSAGE][WARNING] - [SELF-HEALING] The current locator of test object 'Object Repository/Page_Create Account/Email Field' was broken. Propose an alternative one: '//input[@id='email']'.

19-01-2024T11:40:06 - [MESSAGE][PASSED] - Object 'Object Repository/Page_Create Account/Email Field' is clickable

19-01-2024T11:40:06 - [TEST_STEP][PASSED] - setText(findTestObject("Page_Create Account/Email Field"), "vieweruser@a"): Text 'vieweruser@a' is set on object 'Object Repository/Page_Create Account/Email Field'

19-01-2024T11:40:09 - [MESSAGE][INFO] - Unable to find the element located by 'By.xpath: id("email")[count(. | //input[@type = 'email' and @class = 'form-control ' and @id = 'email' and @name = 'email' and @placeholder = 'Email']) = count(//input[@type = 'email' and @class = 'form-control ' and @id = 'email' and @name = 'email' and @placeholder = 'Email'])]'. Please recheck the objects properties to make sure the desired element is located. 

19-01-2024T11:40:09 - [MESSAGE][WARNING] - [SELF-HEALING] Failed to find element with id 'Object Repository/Page_Create Account/Email Field'. Try using Self-healing.

19-01-2024T11:40:09 - [MESSAGE][WARNING] - [SELF-HEALING] The current locator of test object 'Object Repository/Page_Create Account/Email Field' was broken. Propose an alternative one: '//input[@id='email']'.

19-01-2024T11:40:11 - [MESSAGE][INFO] - Unable to find the element located by 'By.xpath: id("email")[count(. | //input[@type = 'email' and @class = 'form-control ' and @id = 'email' and @name = 'email' and @placeholder = 'Email']) = count(//input[@type = 'email' and @class = 'form-control ' and @id = 'email' and @name = 'email' and @placeholder = 'Email'])]'. Please recheck the objects properties to make sure the desired element is located. 

19-01-2024T11:40:11 - [MESSAGE][WARNING] - [SELF-HEALING] Failed to find element with id 'Object Repository/Page_Create Account/Email Field'. Try using Self-healing.

19-01-2024T11:40:12 - [MESSAGE][WARNING] - [SELF-HEALING] The current locator of test object 'Object Repository/Page_Create Account/Email Field' was broken. Propose an alternative one: '//input[@id='email']'.

19-01-2024T11:40:12 - [MESSAGE][PASSED] - Text 'vieweruser@a' is set on object 'Object Repository/Page_Create Account/Email Field'

19-01-2024T11:40:12 - [TEST_STEP][FAILED] - verifyElementClickable(findTestObject("Page_Create Account/Password Field")): Unable to verify object 'Object Repository/Page_Create Account/Password Field' to be clickable (Root cause: com.kms.katalon.core.exception.StepFailedException: Unable to verify object 'Object Repository/Page_Create Account/Password Field' to be clickable
	at com.kms.katalon.core.webui.keyword.internal.WebUIKeywordMain.stepFailed(WebUIKeywordMain.groovy:64)
	at com.kms.katalon.core.webui.keyword.internal.WebUIKeywordMain.runKeyword(WebUIKeywordMain.groovy:26)
	at com.kms.katalon.core.webui.keyword.builtin.VerifyElementClickableKeyword.verifyElementClickable(VerifyElementClickableKeyword.groovy:96)
	at com.kms.katalon.core.webui.keyword.builtin.VerifyElementClickableKeyword.execute(VerifyElementClickableKeyword.groovy:67)
	at com.kms.katalon.core.keyword.internal.KeywordExecutor.executeKeywordForPlatform(KeywordExecutor.groovy:74)
	at com.kms.katalon.core.webui.keyword.WebUiBuiltInKeywords.verifyElementClickable(WebUiBuiltInKeywords.groovy:605)
	at PSSIEditAccountInvalidEmailFormat.run(PSSIEditAccountInvalidEmailFormat:37)
	at com.kms.katalon.core.main.ScriptEngine.run(ScriptEngine.java:194)
	at com.kms.katalon.core.main.ScriptEngine.runScriptAsRawText(ScriptEngine.java:119)
	at com.kms.katalon.core.main.TestCaseExecutor.runScript(TestCaseExecutor.java:448)
	at com.kms.katalon.core.main.TestCaseExecutor.doExecute(TestCaseExecutor.java:439)
	at com.kms.katalon.core.main.TestCaseExecutor.processExecutionPhase(TestCaseExecutor.java:418)
	at com.kms.katalon.core.main.TestCaseExecutor.accessMainPhase(TestCaseExecutor.java:410)
	at com.kms.katalon.core.main.TestCaseExecutor.execute(TestCaseExecutor.java:285)
	at com.kms.katalon.core.main.TestCaseExecutor.execute(TestCaseExecutor.java:369)
	at com.kms.katalon.core.main.TestCaseExecutor.execute(TestCaseExecutor.java:369)
	at com.kms.katalon.core.main.TestCaseExecutor.execute(TestCaseExecutor.java:369)
	at com.kms.katalon.core.common.CommonExecutor.accessTestCaseMainPhase(CommonExecutor.java:65)
	at com.kms.katalon.core.main.TestSuiteExecutor.accessTestSuiteMainPhase(TestSuiteExecutor.java:148)
	at com.kms.katalon.core.main.TestSuiteExecutor.execute(TestSuiteExecutor.java:106)
	at com.kms.katalon.core.main.TestCaseMain.startTestSuite(TestCaseMain.java:180)
	at TempTestSuite1705637915236.run(TempTestSuite1705637915236.groovy:36)
	at java.base/jdk.internal.reflect.NativeMethodAccessorImpl.invoke0(Native Method)
	at java.base/jdk.internal.reflect.NativeMethodAccessorImpl.invoke(NativeMethodAccessorImpl.java:77)
	at java.base/jdk.internal.reflect.DelegatingMethodAccessorImpl.invoke(DelegatingMethodAccessorImpl.java:43)
Caused by: com.kms.katalon.core.exception.StepFailedException: Web element with id: 'Object Repository/Page_Create Account/Password Field' located by 'id("password")[count(. | //input[@type = 'text' and @class = 'form-control ' and @id = 'password' and @name = 'password' and @placeholder = 'Password']) = count(//input[@type = 'text' and @class = 'form-control ' and @id = 'password' and @name = 'password' and @placeholder = 'Password'])]' not found
	at com.kms.katalon.core.webui.keyword.internal.WebUIKeywordMain.stepFailed(WebUIKeywordMain.groovy:64)
	at com.kms.katalon.core.webui.keyword.builtin.VerifyElementClickableKeyword$_verifyElementClickable_closure1.doCall(VerifyElementClickableKeyword.groovy:88)
	at com.kms.katalon.core.webui.keyword.builtin.VerifyElementClickableKeyword$_verifyElementClickable_closure1.call(VerifyElementClickableKeyword.groovy)
	at com.kms.katalon.core.webui.keyword.internal.WebUIKeywordMain.runKeyword(WebUIKeywordMain.groovy:20)
	... 23 more
)

19-01-2024T11:40:14 - [MESSAGE][INFO] - Unable to find the element located by 'By.xpath: id("password")[count(. | //input[@type = 'text' and @class = 'form-control ' and @id = 'password' and @name = 'password' and @placeholder = 'Password']) = count(//input[@type = 'text' and @class = 'form-control ' and @id = 'password' and @name = 'password' and @placeholder = 'Password'])]'. Please recheck the objects properties to make sure the desired element is located. 

19-01-2024T11:40:14 - [MESSAGE][WARNING] - [SELF-HEALING] Failed to find element with id 'Object Repository/Page_Create Account/Password Field'. Try using Self-healing.

19-01-2024T11:40:15 - [MESSAGE][INFO] - Unable to find the element located by 'By.xpath: //input[@id='password']'. Please recheck the objects properties to make sure the desired element is located. 

19-01-2024T11:40:15 - [MESSAGE][INFO] - [SELF-HEALING] Failed Locator: '//input[@id='password']'.

19-01-2024T11:40:16 - [MESSAGE][INFO] - [SELF-HEALING] Failed Locator: '//div[3]/input'.

19-01-2024T11:40:16 - [MESSAGE][INFO] - [SELF-HEALING] Failed Locator: '//input[@type = 'text' and @id = 'password' and @name = 'password' and @placeholder = 'Password']'.

19-01-2024T11:40:16 - [MESSAGE][INFO] - [SELF-HEALING] Failed Locator: '//input[@id='password']'.

19-01-2024T11:40:16 - [MESSAGE][INFO] - [SELF-HEALING] Failed Locator: '//div[3]/input'.

19-01-2024T11:40:17 - [MESSAGE][INFO] - [SELF-HEALING] Failed Locator: '//input[@type = 'text' and @id = 'password' and @name = 'password' and @placeholder = 'Password']'.

19-01-2024T11:40:18 - [MESSAGE][INFO] - Unable to find the element located by 'By.cssSelector: #password'. Please recheck the objects properties to make sure the desired element is located. 

19-01-2024T11:40:18 - [MESSAGE][FAILED] - Web element with id: 'Object Repository/Page_Create Account/Password Field' located by 'id("password")[count(. | //input[@type = 'text' and @class = 'form-control ' and @id = 'password' and @name = 'password' and @placeholder = 'Password']) = count(//input[@type = 'text' and @class = 'form-control ' and @id = 'password' and @name = 'password' and @placeholder = 'Password'])]' not found (Root cause: com.kms.katalon.core.exception.StepFailedException: Web element with id: 'Object Repository/Page_Create Account/Password Field' located by 'id("password")[count(. | //input[@type = 'text' and @class = 'form-control ' and @id = 'password' and @name = 'password' and @placeholder = 'Password']) = count(//input[@type = 'text' and @class = 'form-control ' and @id = 'password' and @name = 'password' and @placeholder = 'Password'])]' not found
	at com.kms.katalon.core.webui.keyword.internal.WebUIKeywordMain.stepFailed(WebUIKeywordMain.groovy:64)
	at com.kms.katalon.core.webui.keyword.builtin.VerifyElementClickableKeyword$_verifyElementClickable_closure1.doCall(VerifyElementClickableKeyword.groovy:88)
	at com.kms.katalon.core.webui.keyword.builtin.VerifyElementClickableKeyword$_verifyElementClickable_closure1.call(VerifyElementClickableKeyword.groovy)
	at com.kms.katalon.core.webui.keyword.internal.WebUIKeywordMain.runKeyword(WebUIKeywordMain.groovy:20)
	at com.kms.katalon.core.webui.keyword.builtin.VerifyElementClickableKeyword.verifyElementClickable(VerifyElementClickableKeyword.groovy:96)
	at com.kms.katalon.core.webui.keyword.builtin.VerifyElementClickableKeyword.execute(VerifyElementClickableKeyword.groovy:67)
	at com.kms.katalon.core.keyword.internal.KeywordExecutor.executeKeywordForPlatform(KeywordExecutor.groovy:74)
	at com.kms.katalon.core.webui.keyword.WebUiBuiltInKeywords.verifyElementClickable(WebUiBuiltInKeywords.groovy:605)
	at PSSIEditAccountInvalidEmailFormat.run(PSSIEditAccountInvalidEmailFormat:37)
	at com.kms.katalon.core.main.ScriptEngine.run(ScriptEngine.java:194)
	at com.kms.katalon.core.main.ScriptEngine.runScriptAsRawText(ScriptEngine.java:119)
	at com.kms.katalon.core.main.TestCaseExecutor.runScript(TestCaseExecutor.java:448)
	at com.kms.katalon.core.main.TestCaseExecutor.doExecute(TestCaseExecutor.java:439)
	at com.kms.katalon.core.main.TestCaseExecutor.processExecutionPhase(TestCaseExecutor.java:418)
	at com.kms.katalon.core.main.TestCaseExecutor.accessMainPhase(TestCaseExecutor.java:410)
	at com.kms.katalon.core.main.TestCaseExecutor.execute(TestCaseExecutor.java:285)
	at com.kms.katalon.core.main.TestCaseExecutor.execute(TestCaseExecutor.java:369)
	at com.kms.katalon.core.main.TestCaseExecutor.execute(TestCaseExecutor.java:369)
	at com.kms.katalon.core.main.TestCaseExecutor.execute(TestCaseExecutor.java:369)
	at com.kms.katalon.core.common.CommonExecutor.accessTestCaseMainPhase(CommonExecutor.java:65)
	at com.kms.katalon.core.main.TestSuiteExecutor.accessTestSuiteMainPhase(TestSuiteExecutor.java:148)
	at com.kms.katalon.core.main.TestSuiteExecutor.execute(TestSuiteExecutor.java:106)
	at com.kms.katalon.core.main.TestCaseMain.startTestSuite(TestCaseMain.java:180)
	at TempTestSuite1705637915236.run(TempTestSuite1705637915236.groovy:36)
	at java.base/jdk.internal.reflect.NativeMethodAccessorImpl.invoke0(Native Method)
	at java.base/jdk.internal.reflect.NativeMethodAccessorImpl.invoke(NativeMethodAccessorImpl.java:77)
	at java.base/jdk.internal.reflect.DelegatingMethodAccessorImpl.invoke(DelegatingMethodAccessorImpl.java:43)
)
[[ATTACHMENT|C:\\Users\\USER\\git\\Kecilin-Automation-Test\\Reports\\20240119_111826\\Create BE Account Management\\Edit Account Test Suite\\20240119_111835\\1705639218554.png]]

19-01-2024T11:40:18 - [MESSAGE][FAILED] - Unable to verify object 'Object Repository/Page_Create Account/Password Field' to be clickable (Root cause: com.kms.katalon.core.exception.StepFailedException: Unable to verify object 'Object Repository/Page_Create Account/Password Field' to be clickable
	at com.kms.katalon.core.webui.keyword.internal.WebUIKeywordMain.stepFailed(WebUIKeywordMain.groovy:64)
	at com.kms.katalon.core.webui.keyword.internal.WebUIKeywordMain.runKeyword(WebUIKeywordMain.groovy:26)
	at com.kms.katalon.core.webui.keyword.builtin.VerifyElementClickableKeyword.verifyElementClickable(VerifyElementClickableKeyword.groovy:96)
	at com.kms.katalon.core.webui.keyword.builtin.VerifyElementClickableKeyword.execute(VerifyElementClickableKeyword.groovy:67)
	at com.kms.katalon.core.keyword.internal.KeywordExecutor.executeKeywordForPlatform(KeywordExecutor.groovy:74)
	at com.kms.katalon.core.webui.keyword.WebUiBuiltInKeywords.verifyElementClickable(WebUiBuiltInKeywords.groovy:605)
	at PSSIEditAccountInvalidEmailFormat.run(PSSIEditAccountInvalidEmailFormat:37)
	at com.kms.katalon.core.main.ScriptEngine.run(ScriptEngine.java:194)
	at com.kms.katalon.core.main.ScriptEngine.runScriptAsRawText(ScriptEngine.java:119)
	at com.kms.katalon.core.main.TestCaseExecutor.runScript(TestCaseExecutor.java:448)
	at com.kms.katalon.core.main.TestCaseExecutor.doExecute(TestCaseExecutor.java:439)
	at com.kms.katalon.core.main.TestCaseExecutor.processExecutionPhase(TestCaseExecutor.java:418)
	at com.kms.katalon.core.main.TestCaseExecutor.accessMainPhase(TestCaseExecutor.java:410)
	at com.kms.katalon.core.main.TestCaseExecutor.execute(TestCaseExecutor.java:285)
	at com.kms.katalon.core.main.TestCaseExecutor.execute(TestCaseExecutor.java:369)
	at com.kms.katalon.core.main.TestCaseExecutor.execute(TestCaseExecutor.java:369)
	at com.kms.katalon.core.main.TestCaseExecutor.execute(TestCaseExecutor.java:369)
	at com.kms.katalon.core.common.CommonExecutor.accessTestCaseMainPhase(CommonExecutor.java:65)
	at com.kms.katalon.core.main.TestSuiteExecutor.accessTestSuiteMainPhase(TestSuiteExecutor.java:148)
	at com.kms.katalon.core.main.TestSuiteExecutor.execute(TestSuiteExecutor.java:106)
	at com.kms.katalon.core.main.TestCaseMain.startTestSuite(TestCaseMain.java:180)
	at TempTestSuite1705637915236.run(TempTestSuite1705637915236.groovy:36)
	at java.base/jdk.internal.reflect.NativeMethodAccessorImpl.invoke0(Native Method)
	at java.base/jdk.internal.reflect.NativeMethodAccessorImpl.invoke(NativeMethodAccessorImpl.java:77)
	at java.base/jdk.internal.reflect.DelegatingMethodAccessorImpl.invoke(DelegatingMethodAccessorImpl.java:43)
Caused by: com.kms.katalon.core.exception.StepFailedException: Web element with id: 'Object Repository/Page_Create Account/Password Field' located by 'id("password")[count(. | //input[@type = 'text' and @class = 'form-control ' and @id = 'password' and @name = 'password' and @placeholder = 'Password']) = count(//input[@type = 'text' and @class = 'form-control ' and @id = 'password' and @name = 'password' and @placeholder = 'Password'])]' not found
	at com.kms.katalon.core.webui.keyword.internal.WebUIKeywordMain.stepFailed(WebUIKeywordMain.groovy:64)
	at com.kms.katalon.core.webui.keyword.builtin.VerifyElementClickableKeyword$_verifyElementClickable_closure1.doCall(VerifyElementClickableKeyword.groovy:88)
	at com.kms.katalon.core.webui.keyword.builtin.VerifyElementClickableKeyword$_verifyElementClickable_closure1.call(VerifyElementClickableKeyword.groovy)
	at com.kms.katalon.core.webui.keyword.internal.WebUIKeywordMain.runKeyword(WebUIKeywordMain.groovy:20)
	... 23 more
)
[[ATTACHMENT|C:\\Users\\USER\\git\\Kecilin-Automation-Test\\Reports\\20240119_111826\\Create BE Account Management\\Edit Account Test Suite\\20240119_111835\\1705639218732.png]]]]></system-out>
         <system-err><![CDATA[19-01-2024T11:39:43 - [TEST_CASE][FAILED] - Test Cases/Offline PSSI Dashboard Function/Create BE Account Management/Edit Account/Negative Test Case/PSSIEditAccountInvalidEmailFormat: Test Cases/Offline PSSI Dashboard Function/Create BE Account Management/Edit Account/Negative Test Case/PSSIEditAccountInvalidEmailFormat FAILED.
Reason:
com.kms.katalon.core.exception.StepFailedException: Unable to verify object 'Object Repository/Page_Create Account/Password Field' to be clickable
	at com.kms.katalon.core.webui.keyword.internal.WebUIKeywordMain.stepFailed(WebUIKeywordMain.groovy:64)
	at com.kms.katalon.core.webui.keyword.internal.WebUIKeywordMain.runKeyword(WebUIKeywordMain.groovy:26)
	at com.kms.katalon.core.webui.keyword.builtin.VerifyElementClickableKeyword.verifyElementClickable(VerifyElementClickableKeyword.groovy:96)
	at com.kms.katalon.core.webui.keyword.builtin.VerifyElementClickableKeyword.execute(VerifyElementClickableKeyword.groovy:67)
	at com.kms.katalon.core.keyword.internal.KeywordExecutor.executeKeywordForPlatform(KeywordExecutor.groovy:74)
	at com.kms.katalon.core.webui.keyword.WebUiBuiltInKeywords.verifyElementClickable(WebUiBuiltInKeywords.groovy:605)
	at PSSIEditAccountInvalidEmailFormat.run(PSSIEditAccountInvalidEmailFormat:37)
	at com.kms.katalon.core.main.ScriptEngine.run(ScriptEngine.java:194)
	at com.kms.katalon.core.main.ScriptEngine.runScriptAsRawText(ScriptEngine.java:119)
	at com.kms.katalon.core.main.TestCaseExecutor.runScript(TestCaseExecutor.java:448)
	at com.kms.katalon.core.main.TestCaseExecutor.doExecute(TestCaseExecutor.java:439)
	at com.kms.katalon.core.main.TestCaseExecutor.processExecutionPhase(TestCaseExecutor.java:418)
	at com.kms.katalon.core.main.TestCaseExecutor.accessMainPhase(TestCaseExecutor.java:410)
	at com.kms.katalon.core.main.TestCaseExecutor.execute(TestCaseExecutor.java:285)
	at com.kms.katalon.core.main.TestCaseExecutor.execute(TestCaseExecutor.java:369)
	at com.kms.katalon.core.main.TestCaseExecutor.execute(TestCaseExecutor.java:369)
	at com.kms.katalon.core.main.TestCaseExecutor.execute(TestCaseExecutor.java:369)
	at com.kms.katalon.core.common.CommonExecutor.accessTestCaseMainPhase(CommonExecutor.java:65)
	at com.kms.katalon.core.main.TestSuiteExecutor.accessTestSuiteMainPhase(TestSuiteExecutor.java:148)
	at com.kms.katalon.core.main.TestSuiteExecutor.execute(TestSuiteExecutor.java:106)
	at com.kms.katalon.core.main.TestCaseMain.startTestSuite(TestCaseMain.java:180)
	at TempTestSuite1705637915236.run(TempTestSuite1705637915236.groovy:36)
	at java.base/jdk.internal.reflect.NativeMethodAccessorImpl.invoke0(Native Method)
	at java.base/jdk.internal.reflect.NativeMethodAccessorImpl.invoke(NativeMethodAccessorImpl.java:77)
	at java.base/jdk.internal.reflect.DelegatingMethodAccessorImpl.invoke(DelegatingMethodAccessorImpl.java:43)
Caused by: com.kms.katalon.core.exception.StepFailedException: Web element with id: 'Object Repository/Page_Create Account/Password Field' located by 'id("password")[count(. | //input[@type = 'text' and @class = 'form-control ' and @id = 'password' and @name = 'password' and @placeholder = 'Password']) = count(//input[@type = 'text' and @class = 'form-control ' and @id = 'password' and @name = 'password' and @placeholder = 'Password'])]' not found
	at com.kms.katalon.core.webui.keyword.internal.WebUIKeywordMain.stepFailed(WebUIKeywordMain.groovy:64)
	at com.kms.katalon.core.webui.keyword.builtin.VerifyElementClickableKeyword$_verifyElementClickable_closure1.doCall(VerifyElementClickableKeyword.groovy:88)
	at com.kms.katalon.core.webui.keyword.builtin.VerifyElementClickableKeyword$_verifyElementClickable_closure1.call(VerifyElementClickableKeyword.groovy)
	at com.kms.katalon.core.webui.keyword.internal.WebUIKeywordMain.runKeyword(WebUIKeywordMain.groovy:20)
	... 23 more]]></system-err>
      </testcase>
      <testcase name="Test Cases/Offline PSSI Dashboard Function/Create BE Account Management/Edit Account/Negative Test Case/PSSIEditAccountInvalidPicFormat" time="31.007" classname="Test Cases/Offline PSSI Dashboard Function/Create BE Account Management/Edit Account/Negative Test Case/PSSIEditAccountInvalidPicFormat" status="FAILED">
         <failure type="FAILED" message="Test Cases/Offline PSSI Dashboard Function/Create BE Account Management/Edit Account/Negative Test Case/PSSIEditAccountInvalidPicFormat FAILED.&#xa;Reason:&#xa;com.kms.katalon.core.exception.StepFailedException: Unable to verify object 'Object Repository/Page_Create Account/Password Field' to be clickable&#xa;	at com.kms.katalon.core.webui.keyword.internal.WebUIKeywordMain.stepFailed(WebUIKeywordMain.groovy:64)&#xa;	at com.kms.katalon.core.webui.keyword.internal.WebUIKeywordMain.runKeyword(WebUIKeywordMain.groovy:26)&#xa;	at com.kms.katalon.core.webui.keyword.builtin.VerifyElementClickableKeyword.verifyElementClickable(VerifyElementClickableKeyword.groovy:96)&#xa;	at com.kms.katalon.core.webui.keyword.builtin.VerifyElementClickableKeyword.execute(VerifyElementClickableKeyword.groovy:67)&#xa;	at com.kms.katalon.core.keyword.internal.KeywordExecutor.executeKeywordForPlatform(KeywordExecutor.groovy:74)&#xa;	at com.kms.katalon.core.webui.keyword.WebUiBuiltInKeywords.verifyElementClickable(WebUiBuiltInKeywords.groovy:605)&#xa;	at PSSIEditAccountInvalidPicFormat.run(PSSIEditAccountInvalidPicFormat:37)&#xa;	at com.kms.katalon.core.main.ScriptEngine.run(ScriptEngine.java:194)&#xa;	at com.kms.katalon.core.main.ScriptEngine.runScriptAsRawText(ScriptEngine.java:119)&#xa;	at com.kms.katalon.core.main.TestCaseExecutor.runScript(TestCaseExecutor.java:448)&#xa;	at com.kms.katalon.core.main.TestCaseExecutor.doExecute(TestCaseExecutor.java:439)&#xa;	at com.kms.katalon.core.main.TestCaseExecutor.processExecutionPhase(TestCaseExecutor.java:418)&#xa;	at com.kms.katalon.core.main.TestCaseExecutor.accessMainPhase(TestCaseExecutor.java:410)&#xa;	at com.kms.katalon.core.main.TestCaseExecutor.execute(TestCaseExecutor.java:285)&#xa;	at com.kms.katalon.core.main.TestCaseExecutor.execute(TestCaseExecutor.java:369)&#xa;	at com.kms.katalon.core.main.TestCaseExecutor.execute(TestCaseExecutor.java:369)&#xa;	at com.kms.katalon.core.main.TestCaseExecutor.execute(TestCaseExecutor.java:369)&#xa;	at com.kms.katalon.core.common.CommonExecutor.accessTestCaseMainPhase(CommonExecutor.java:65)&#xa;	at com.kms.katalon.core.main.TestSuiteExecutor.accessTestSuiteMainPhase(TestSuiteExecutor.java:148)&#xa;	at com.kms.katalon.core.main.TestSuiteExecutor.execute(TestSuiteExecutor.java:106)&#xa;	at com.kms.katalon.core.main.TestCaseMain.startTestSuite(TestCaseMain.java:180)&#xa;	at TempTestSuite1705637915236.run(TempTestSuite1705637915236.groovy:36)&#xa;	at java.base/jdk.internal.reflect.NativeMethodAccessorImpl.invoke0(Native Method)&#xa;	at java.base/jdk.internal.reflect.NativeMethodAccessorImpl.invoke(NativeMethodAccessorImpl.java:77)&#xa;	at java.base/jdk.internal.reflect.DelegatingMethodAccessorImpl.invoke(DelegatingMethodAccessorImpl.java:43)&#xa;Caused by: com.kms.katalon.core.exception.StepFailedException: Web element with id: 'Object Repository/Page_Create Account/Password Field' located by 'id(&quot;password&quot;)[count(. | //input[@type = 'text' and @class = 'form-control ' and @id = 'password' and @name = 'password' and @placeholder = 'Password']) = count(//input[@type = 'text' and @class = 'form-control ' and @id = 'password' and @name = 'password' and @placeholder = 'Password'])]' not found&#xa;	at com.kms.katalon.core.webui.keyword.internal.WebUIKeywordMain.stepFailed(WebUIKeywordMain.groovy:64)&#xa;	at com.kms.katalon.core.webui.keyword.builtin.VerifyElementClickableKeyword$_verifyElementClickable_closure1.doCall(VerifyElementClickableKeyword.groovy:88)&#xa;	at com.kms.katalon.core.webui.keyword.builtin.VerifyElementClickableKeyword$_verifyElementClickable_closure1.call(VerifyElementClickableKeyword.groovy)&#xa;	at com.kms.katalon.core.webui.keyword.internal.WebUIKeywordMain.runKeyword(WebUIKeywordMain.groovy:20)&#xa;	... 23 more&#xa;"/>
         <system-out><![CDATA[19-01-2024T11:41:55 - [TEST_CASE][FAILED] - Test Cases/Offline PSSI Dashboard Function/Create BE Account Management/Edit Account/Negative Test Case/PSSIEditAccountInvalidPicFormat: Test Cases/Offline PSSI Dashboard Function/Create BE Account Management/Edit Account/Negative Test Case/PSSIEditAccountInvalidPicFormat FAILED.
Reason:
com.kms.katalon.core.exception.StepFailedException: Unable to verify object 'Object Repository/Page_Create Account/Password Field' to be clickable
	at com.kms.katalon.core.webui.keyword.internal.WebUIKeywordMain.stepFailed(WebUIKeywordMain.groovy:64)
	at com.kms.katalon.core.webui.keyword.internal.WebUIKeywordMain.runKeyword(WebUIKeywordMain.groovy:26)
	at com.kms.katalon.core.webui.keyword.builtin.VerifyElementClickableKeyword.verifyElementClickable(VerifyElementClickableKeyword.groovy:96)
	at com.kms.katalon.core.webui.keyword.builtin.VerifyElementClickableKeyword.execute(VerifyElementClickableKeyword.groovy:67)
	at com.kms.katalon.core.keyword.internal.KeywordExecutor.executeKeywordForPlatform(KeywordExecutor.groovy:74)
	at com.kms.katalon.core.webui.keyword.WebUiBuiltInKeywords.verifyElementClickable(WebUiBuiltInKeywords.groovy:605)
	at PSSIEditAccountInvalidPicFormat.run(PSSIEditAccountInvalidPicFormat:37)
	at com.kms.katalon.core.main.ScriptEngine.run(ScriptEngine.java:194)
	at com.kms.katalon.core.main.ScriptEngine.runScriptAsRawText(ScriptEngine.java:119)
	at com.kms.katalon.core.main.TestCaseExecutor.runScript(TestCaseExecutor.java:448)
	at com.kms.katalon.core.main.TestCaseExecutor.doExecute(TestCaseExecutor.java:439)
	at com.kms.katalon.core.main.TestCaseExecutor.processExecutionPhase(TestCaseExecutor.java:418)
	at com.kms.katalon.core.main.TestCaseExecutor.accessMainPhase(TestCaseExecutor.java:410)
	at com.kms.katalon.core.main.TestCaseExecutor.execute(TestCaseExecutor.java:285)
	at com.kms.katalon.core.main.TestCaseExecutor.execute(TestCaseExecutor.java:369)
	at com.kms.katalon.core.main.TestCaseExecutor.execute(TestCaseExecutor.java:369)
	at com.kms.katalon.core.main.TestCaseExecutor.execute(TestCaseExecutor.java:369)
	at com.kms.katalon.core.common.CommonExecutor.accessTestCaseMainPhase(CommonExecutor.java:65)
	at com.kms.katalon.core.main.TestSuiteExecutor.accessTestSuiteMainPhase(TestSuiteExecutor.java:148)
	at com.kms.katalon.core.main.TestSuiteExecutor.execute(TestSuiteExecutor.java:106)
	at com.kms.katalon.core.main.TestCaseMain.startTestSuite(TestCaseMain.java:180)
	at TempTestSuite1705637915236.run(TempTestSuite1705637915236.groovy:36)
	at java.base/jdk.internal.reflect.NativeMethodAccessorImpl.invoke0(Native Method)
	at java.base/jdk.internal.reflect.NativeMethodAccessorImpl.invoke(NativeMethodAccessorImpl.java:77)
	at java.base/jdk.internal.reflect.DelegatingMethodAccessorImpl.invoke(DelegatingMethodAccessorImpl.java:43)
Caused by: com.kms.katalon.core.exception.StepFailedException: Web element with id: 'Object Repository/Page_Create Account/Password Field' located by 'id("password")[count(. | //input[@type = 'text' and @class = 'form-control ' and @id = 'password' and @name = 'password' and @placeholder = 'Password']) = count(//input[@type = 'text' and @class = 'form-control ' and @id = 'password' and @name = 'password' and @placeholder = 'Password'])]' not found
	at com.kms.katalon.core.webui.keyword.internal.WebUIKeywordMain.stepFailed(WebUIKeywordMain.groovy:64)
	at com.kms.katalon.core.webui.keyword.builtin.VerifyElementClickableKeyword$_verifyElementClickable_closure1.doCall(VerifyElementClickableKeyword.groovy:88)
	at com.kms.katalon.core.webui.keyword.builtin.VerifyElementClickableKeyword$_verifyElementClickable_closure1.call(VerifyElementClickableKeyword.groovy)
	at com.kms.katalon.core.webui.keyword.internal.WebUIKeywordMain.runKeyword(WebUIKeywordMain.groovy:20)
	... 23 more


19-01-2024T11:41:55 - [TEST_STEP][PASSED] - failureHandling = STOP_ON_FAILURE: null

19-01-2024T11:41:55 - [TEST_STEP][PASSED] - baseUrl = offline_pssi_dashboard_url: null

19-01-2024T11:41:55 - [TEST_STEP][PASSED] - callTestCase(findTestCase("Offline PSSI Dashboard Function/Create BE Account Management/View Account Management/PSSIViewAccountManagement"), [:], failureHandling): Call Test Case 'Test Cases/Offline PSSI Dashboard Function/Create BE Account Management/View Account Management/PSSIViewAccountManagement' successfully

19-01-2024T11:41:55 - [TEST_CASE][PASSED] - Test Cases/Offline PSSI Dashboard Function/Create BE Account Management/View Account Management/PSSIViewAccountManagement: Test Cases/Offline PSSI Dashboard Function/Create BE Account Management/View Account Management/PSSIViewAccountManagement

19-01-2024T11:41:55 - [TEST_STEP][PASSED] - failureHandling = STOP_ON_FAILURE: null

19-01-2024T11:41:55 - [TEST_STEP][PASSED] - baseUrl = offline_pssi_dashboard_url: null

19-01-2024T11:41:55 - [TEST_STEP][PASSED] - callTestCase(findTestCase("Offline PSSI Dashboard Function/Sign In/PSSISignInValidData"), [:], failureHandling): Call Test Case 'Test Cases/Offline PSSI Dashboard Function/Sign In/PSSISignInValidData' successfully

19-01-2024T11:41:55 - [TEST_CASE][PASSED] - Test Cases/Offline PSSI Dashboard Function/Sign In/PSSISignInValidData: Test Cases/Offline PSSI Dashboard Function/Sign In/PSSISignInValidData

19-01-2024T11:41:55 - [TEST_STEP][PASSED] - failureHandling = STOP_ON_FAILURE: null

19-01-2024T11:41:55 - [TEST_STEP][PASSED] - baseUrl = offline_pssi_dashboard_url: null

19-01-2024T11:41:55 - [TEST_STEP][PASSED] - openBrowser(""): Browser is opened with url: ''

19-01-2024T11:41:55 - [MESSAGE][WARNING] - A browser is already opened. Closing browser and opening a new one

19-01-2024T11:41:55 - [MESSAGE][INFO] - Starting 'Chrome' driver

19-01-2024T11:41:55 - [MESSAGE][INFO] - User set preference: ['unhandledPromptBehaviour', 'ignore']

19-01-2024T11:41:55 - [MESSAGE][INFO] - User set preference: ['unexpectedAlertBehaviour', 'ignore']

19-01-2024T11:41:55 - [MESSAGE][INFO] - Action delay is set to 0 milliseconds

19-01-2024T11:41:56 - [MESSAGE][PASSED] - Browser is opened with url: ''

19-01-2024T11:41:56 - [TEST_STEP][PASSED] - navigateToUrl(baseUrl): Navigate to 'https://monitoring.pssi-dev.kecilin.id' successfully

19-01-2024T11:41:58 - [MESSAGE][PASSED] - Navigate to 'https://monitoring.pssi-dev.kecilin.id' successfully

19-01-2024T11:41:58 - [TEST_STEP][PASSED] - maximizeWindow(): Current window maximized

19-01-2024T11:41:58 - [MESSAGE][PASSED] - Current window maximized

19-01-2024T11:41:58 - [TEST_STEP][PASSED] - setText(findTestObject("Object Repository/Page_Login/input_email"), "superadmin@app.com"): Text 'superadmin@app.com' is set on object 'Object Repository/Page_Login/input_email'

19-01-2024T11:41:59 - [MESSAGE][PASSED] - Text 'superadmin@app.com' is set on object 'Object Repository/Page_Login/input_email'

19-01-2024T11:41:59 - [TEST_STEP][PASSED] - setEncryptedText(findTestObject("Object Repository/Page_Login/input_password"), "8SQVv/p9jVScEs4/2CZsLw=="): Text ****** has been set on object 'Object Repository/Page_Login/input_password'

19-01-2024T11:41:59 - [MESSAGE][PASSED] - Text ****** has been set on object 'Object Repository/Page_Login/input_password'

19-01-2024T11:41:59 - [TEST_STEP][PASSED] - click(findTestObject("Object Repository/Page_Login/button_Sign In")): Object: 'Object Repository/Page_Login/button_Sign In' is clicked on

19-01-2024T11:42:01 - [MESSAGE][PASSED] - Object: 'Object Repository/Page_Login/button_Sign In' is clicked on

19-01-2024T11:42:01 - [MESSAGE][PASSED] - Call Test Case 'Test Cases/Offline PSSI Dashboard Function/Sign In/PSSISignInValidData' successfully

19-01-2024T11:42:01 - [TEST_STEP][PASSED] - scrollToElement(findTestObject("Page_Dashboard/Account Management Sidebar"), 0): Scroll to object 'Object Repository/Page_Dashboard/Account Management Sidebar' successfully

19-01-2024T11:42:01 - [MESSAGE][WARNING] - Timeout '0' is invalid. Using default page load timeout: '1'

19-01-2024T11:42:03 - [MESSAGE][INFO] - Unable to find the element located by 'By.xpath: id("sidenav-collapse-main")/ul[@class="navbar-nav"]/li[@class="nav-item"]/a[@class="nav-link"][count(. | //a[@class = 'nav-link  ' and @href = '/accounts' and (text() = '
            
              
                
              
            
            Account Management
          ' or . = '
            
              
                
              
            
            Account Management
          ')]) = count(//a[@class = 'nav-link  ' and @href = '/accounts' and (text() = '
            
              
                
              
            
            Account Management
          ' or . = '
            
              
                
              
            
            Account Management
          ')])]'. Please recheck the objects properties to make sure the desired element is located. 

19-01-2024T11:42:03 - [MESSAGE][WARNING] - [SELF-HEALING] Failed to find element with id 'Object Repository/Page_Dashboard/Account Management Sidebar'. Try using Self-healing.

19-01-2024T11:42:03 - [MESSAGE][WARNING] - [SELF-HEALING] The current locator of test object 'Object Repository/Page_Dashboard/Account Management Sidebar' was broken. Propose an alternative one: '//div[@id='sidenav-collapse-main']/ul/li[12]/a'.

19-01-2024T11:42:03 - [MESSAGE][PASSED] - Scroll to object 'Object Repository/Page_Dashboard/Account Management Sidebar' successfully

19-01-2024T11:42:03 - [TEST_STEP][PASSED] - navigateToUrl(baseUrl + "/accounts", failureHandling): Navigate to 'https://monitoring.pssi-dev.kecilin.id/accounts' successfully

19-01-2024T11:42:04 - [MESSAGE][PASSED] - Navigate to 'https://monitoring.pssi-dev.kecilin.id/accounts' successfully

19-01-2024T11:42:04 - [MESSAGE][INFO] - 

19-01-2024T11:42:04 - [MESSAGE][INFO] - ===================== Self-healing Report ====================

19-01-2024T11:42:04 - [MESSAGE][INFO] - One of the failed test object locators has been recovered by Self-healing. Please refer to the Self-healing Insights tab for more details.

19-01-2024T11:42:04 - [MESSAGE][INFO] - To learn more about Self-healing, please read https://docs.katalon.com/katalon-studio/docs/self-healing.html

19-01-2024T11:42:04 - [MESSAGE][INFO] - ==============================================================

19-01-2024T11:42:04 - [MESSAGE][PASSED] - Call Test Case 'Test Cases/Offline PSSI Dashboard Function/Create BE Account Management/View Account Management/PSSIViewAccountManagement' successfully

19-01-2024T11:42:04 - [TEST_STEP][PASSED] - navigateToUrl(baseUrl + "/accounts/edit/652c095d63d9d69bc80121ca", failureHandling): Navigate to 'https://monitoring.pssi-dev.kecilin.id/accounts/edit/652c095d63d9d69bc80121ca' successfully

19-01-2024T11:42:04 - [MESSAGE][PASSED] - Navigate to 'https://monitoring.pssi-dev.kecilin.id/accounts/edit/652c095d63d9d69bc80121ca' successfully

19-01-2024T11:42:04 - [TEST_STEP][PASSED] - verifyElementClickable(findTestObject("Page_Create Account/Name Field")): Object 'Object Repository/Page_Create Account/Name Field' is clickable

19-01-2024T11:42:06 - [MESSAGE][INFO] - Unable to find the element located by 'By.xpath: id("name")[count(. | //input[@type = 'text' and @class = 'form-control ' and @id = 'name' and @name = 'name' and @placeholder = 'Nama']) = count(//input[@type = 'text' and @class = 'form-control ' and @id = 'name' and @name = 'name' and @placeholder = 'Nama'])]'. Please recheck the objects properties to make sure the desired element is located. 

19-01-2024T11:42:06 - [MESSAGE][WARNING] - [SELF-HEALING] Failed to find element with id 'Object Repository/Page_Create Account/Name Field'. Try using Self-healing.

19-01-2024T11:42:07 - [MESSAGE][WARNING] - [SELF-HEALING] The current locator of test object 'Object Repository/Page_Create Account/Name Field' was broken. Propose an alternative one: '//input[@id='name']'.

19-01-2024T11:42:07 - [MESSAGE][PASSED] - Object 'Object Repository/Page_Create Account/Name Field' is clickable

19-01-2024T11:42:07 - [TEST_STEP][PASSED] - setText(findTestObject("Page_Create Account/Name Field"), "tes pic ngaco10"): Text 'tes pic ngaco10' is set on object 'Object Repository/Page_Create Account/Name Field'

19-01-2024T11:42:09 - [MESSAGE][INFO] - Unable to find the element located by 'By.xpath: id("name")[count(. | //input[@type = 'text' and @class = 'form-control ' and @id = 'name' and @name = 'name' and @placeholder = 'Nama']) = count(//input[@type = 'text' and @class = 'form-control ' and @id = 'name' and @name = 'name' and @placeholder = 'Nama'])]'. Please recheck the objects properties to make sure the desired element is located. 

19-01-2024T11:42:09 - [MESSAGE][WARNING] - [SELF-HEALING] Failed to find element with id 'Object Repository/Page_Create Account/Name Field'. Try using Self-healing.

19-01-2024T11:42:09 - [MESSAGE][WARNING] - [SELF-HEALING] The current locator of test object 'Object Repository/Page_Create Account/Name Field' was broken. Propose an alternative one: '//input[@id='name']'.

19-01-2024T11:42:11 - [MESSAGE][INFO] - Unable to find the element located by 'By.xpath: id("name")[count(. | //input[@type = 'text' and @class = 'form-control ' and @id = 'name' and @name = 'name' and @placeholder = 'Nama']) = count(//input[@type = 'text' and @class = 'form-control ' and @id = 'name' and @name = 'name' and @placeholder = 'Nama'])]'. Please recheck the objects properties to make sure the desired element is located. 

19-01-2024T11:42:11 - [MESSAGE][WARNING] - [SELF-HEALING] Failed to find element with id 'Object Repository/Page_Create Account/Name Field'. Try using Self-healing.

19-01-2024T11:42:12 - [MESSAGE][WARNING] - [SELF-HEALING] The current locator of test object 'Object Repository/Page_Create Account/Name Field' was broken. Propose an alternative one: '//input[@id='name']'.

19-01-2024T11:42:12 - [MESSAGE][PASSED] - Text 'tes pic ngaco10' is set on object 'Object Repository/Page_Create Account/Name Field'

19-01-2024T11:42:12 - [TEST_STEP][PASSED] - verifyElementClickable(findTestObject("Page_Create Account/Email Field")): Object 'Object Repository/Page_Create Account/Email Field' is clickable

19-01-2024T11:42:14 - [MESSAGE][INFO] - Unable to find the element located by 'By.xpath: id("email")[count(. | //input[@type = 'email' and @class = 'form-control ' and @id = 'email' and @name = 'email' and @placeholder = 'Email']) = count(//input[@type = 'email' and @class = 'form-control ' and @id = 'email' and @name = 'email' and @placeholder = 'Email'])]'. Please recheck the objects properties to make sure the desired element is located. 

19-01-2024T11:42:14 - [MESSAGE][WARNING] - [SELF-HEALING] Failed to find element with id 'Object Repository/Page_Create Account/Email Field'. Try using Self-healing.

19-01-2024T11:42:14 - [MESSAGE][WARNING] - [SELF-HEALING] The current locator of test object 'Object Repository/Page_Create Account/Email Field' was broken. Propose an alternative one: '//input[@id='email']'.

19-01-2024T11:42:14 - [MESSAGE][PASSED] - Object 'Object Repository/Page_Create Account/Email Field' is clickable

19-01-2024T11:42:14 - [TEST_STEP][PASSED] - setText(findTestObject("Page_Create Account/Email Field"), "tespicngaco91@ngaco.com"): Text 'tespicngaco91@ngaco.com' is set on object 'Object Repository/Page_Create Account/Email Field'

19-01-2024T11:42:16 - [MESSAGE][INFO] - Unable to find the element located by 'By.xpath: id("email")[count(. | //input[@type = 'email' and @class = 'form-control ' and @id = 'email' and @name = 'email' and @placeholder = 'Email']) = count(//input[@type = 'email' and @class = 'form-control ' and @id = 'email' and @name = 'email' and @placeholder = 'Email'])]'. Please recheck the objects properties to make sure the desired element is located. 

19-01-2024T11:42:16 - [MESSAGE][WARNING] - [SELF-HEALING] Failed to find element with id 'Object Repository/Page_Create Account/Email Field'. Try using Self-healing.

19-01-2024T11:42:17 - [MESSAGE][WARNING] - [SELF-HEALING] The current locator of test object 'Object Repository/Page_Create Account/Email Field' was broken. Propose an alternative one: '//input[@id='email']'.

19-01-2024T11:42:19 - [MESSAGE][INFO] - Unable to find the element located by 'By.xpath: id("email")[count(. | //input[@type = 'email' and @class = 'form-control ' and @id = 'email' and @name = 'email' and @placeholder = 'Email']) = count(//input[@type = 'email' and @class = 'form-control ' and @id = 'email' and @name = 'email' and @placeholder = 'Email'])]'. Please recheck the objects properties to make sure the desired element is located. 

19-01-2024T11:42:19 - [MESSAGE][WARNING] - [SELF-HEALING] Failed to find element with id 'Object Repository/Page_Create Account/Email Field'. Try using Self-healing.

19-01-2024T11:42:19 - [MESSAGE][WARNING] - [SELF-HEALING] The current locator of test object 'Object Repository/Page_Create Account/Email Field' was broken. Propose an alternative one: '//input[@id='email']'.

19-01-2024T11:42:19 - [MESSAGE][PASSED] - Text 'tespicngaco91@ngaco.com' is set on object 'Object Repository/Page_Create Account/Email Field'

19-01-2024T11:42:19 - [TEST_STEP][FAILED] - verifyElementClickable(findTestObject("Page_Create Account/Password Field")): Unable to verify object 'Object Repository/Page_Create Account/Password Field' to be clickable (Root cause: com.kms.katalon.core.exception.StepFailedException: Unable to verify object 'Object Repository/Page_Create Account/Password Field' to be clickable
	at com.kms.katalon.core.webui.keyword.internal.WebUIKeywordMain.stepFailed(WebUIKeywordMain.groovy:64)
	at com.kms.katalon.core.webui.keyword.internal.WebUIKeywordMain.runKeyword(WebUIKeywordMain.groovy:26)
	at com.kms.katalon.core.webui.keyword.builtin.VerifyElementClickableKeyword.verifyElementClickable(VerifyElementClickableKeyword.groovy:96)
	at com.kms.katalon.core.webui.keyword.builtin.VerifyElementClickableKeyword.execute(VerifyElementClickableKeyword.groovy:67)
	at com.kms.katalon.core.keyword.internal.KeywordExecutor.executeKeywordForPlatform(KeywordExecutor.groovy:74)
	at com.kms.katalon.core.webui.keyword.WebUiBuiltInKeywords.verifyElementClickable(WebUiBuiltInKeywords.groovy:605)
	at PSSIEditAccountInvalidPicFormat.run(PSSIEditAccountInvalidPicFormat:37)
	at com.kms.katalon.core.main.ScriptEngine.run(ScriptEngine.java:194)
	at com.kms.katalon.core.main.ScriptEngine.runScriptAsRawText(ScriptEngine.java:119)
	at com.kms.katalon.core.main.TestCaseExecutor.runScript(TestCaseExecutor.java:448)
	at com.kms.katalon.core.main.TestCaseExecutor.doExecute(TestCaseExecutor.java:439)
	at com.kms.katalon.core.main.TestCaseExecutor.processExecutionPhase(TestCaseExecutor.java:418)
	at com.kms.katalon.core.main.TestCaseExecutor.accessMainPhase(TestCaseExecutor.java:410)
	at com.kms.katalon.core.main.TestCaseExecutor.execute(TestCaseExecutor.java:285)
	at com.kms.katalon.core.main.TestCaseExecutor.execute(TestCaseExecutor.java:369)
	at com.kms.katalon.core.main.TestCaseExecutor.execute(TestCaseExecutor.java:369)
	at com.kms.katalon.core.main.TestCaseExecutor.execute(TestCaseExecutor.java:369)
	at com.kms.katalon.core.common.CommonExecutor.accessTestCaseMainPhase(CommonExecutor.java:65)
	at com.kms.katalon.core.main.TestSuiteExecutor.accessTestSuiteMainPhase(TestSuiteExecutor.java:148)
	at com.kms.katalon.core.main.TestSuiteExecutor.execute(TestSuiteExecutor.java:106)
	at com.kms.katalon.core.main.TestCaseMain.startTestSuite(TestCaseMain.java:180)
	at TempTestSuite1705637915236.run(TempTestSuite1705637915236.groovy:36)
	at java.base/jdk.internal.reflect.NativeMethodAccessorImpl.invoke0(Native Method)
	at java.base/jdk.internal.reflect.NativeMethodAccessorImpl.invoke(NativeMethodAccessorImpl.java:77)
	at java.base/jdk.internal.reflect.DelegatingMethodAccessorImpl.invoke(DelegatingMethodAccessorImpl.java:43)
Caused by: com.kms.katalon.core.exception.StepFailedException: Web element with id: 'Object Repository/Page_Create Account/Password Field' located by 'id("password")[count(. | //input[@type = 'text' and @class = 'form-control ' and @id = 'password' and @name = 'password' and @placeholder = 'Password']) = count(//input[@type = 'text' and @class = 'form-control ' and @id = 'password' and @name = 'password' and @placeholder = 'Password'])]' not found
	at com.kms.katalon.core.webui.keyword.internal.WebUIKeywordMain.stepFailed(WebUIKeywordMain.groovy:64)
	at com.kms.katalon.core.webui.keyword.builtin.VerifyElementClickableKeyword$_verifyElementClickable_closure1.doCall(VerifyElementClickableKeyword.groovy:88)
	at com.kms.katalon.core.webui.keyword.builtin.VerifyElementClickableKeyword$_verifyElementClickable_closure1.call(VerifyElementClickableKeyword.groovy)
	at com.kms.katalon.core.webui.keyword.internal.WebUIKeywordMain.runKeyword(WebUIKeywordMain.groovy:20)
	... 23 more
)

19-01-2024T11:42:21 - [MESSAGE][INFO] - Unable to find the element located by 'By.xpath: id("password")[count(. | //input[@type = 'text' and @class = 'form-control ' and @id = 'password' and @name = 'password' and @placeholder = 'Password']) = count(//input[@type = 'text' and @class = 'form-control ' and @id = 'password' and @name = 'password' and @placeholder = 'Password'])]'. Please recheck the objects properties to make sure the desired element is located. 

19-01-2024T11:42:21 - [MESSAGE][WARNING] - [SELF-HEALING] Failed to find element with id 'Object Repository/Page_Create Account/Password Field'. Try using Self-healing.

19-01-2024T11:42:23 - [MESSAGE][INFO] - Unable to find the element located by 'By.xpath: //input[@id='password']'. Please recheck the objects properties to make sure the desired element is located. 

19-01-2024T11:42:23 - [MESSAGE][INFO] - [SELF-HEALING] Failed Locator: '//input[@id='password']'.

19-01-2024T11:42:23 - [MESSAGE][INFO] - [SELF-HEALING] Failed Locator: '//div[3]/input'.

19-01-2024T11:42:24 - [MESSAGE][INFO] - [SELF-HEALING] Failed Locator: '//input[@type = 'text' and @id = 'password' and @name = 'password' and @placeholder = 'Password']'.

19-01-2024T11:42:24 - [MESSAGE][INFO] - [SELF-HEALING] Failed Locator: '//input[@id='password']'.

19-01-2024T11:42:24 - [MESSAGE][INFO] - [SELF-HEALING] Failed Locator: '//div[3]/input'.

19-01-2024T11:42:24 - [MESSAGE][INFO] - [SELF-HEALING] Failed Locator: '//input[@type = 'text' and @id = 'password' and @name = 'password' and @placeholder = 'Password']'.

19-01-2024T11:42:26 - [MESSAGE][INFO] - Unable to find the element located by 'By.cssSelector: #password'. Please recheck the objects properties to make sure the desired element is located. 

19-01-2024T11:42:26 - [MESSAGE][FAILED] - Web element with id: 'Object Repository/Page_Create Account/Password Field' located by 'id("password")[count(. | //input[@type = 'text' and @class = 'form-control ' and @id = 'password' and @name = 'password' and @placeholder = 'Password']) = count(//input[@type = 'text' and @class = 'form-control ' and @id = 'password' and @name = 'password' and @placeholder = 'Password'])]' not found (Root cause: com.kms.katalon.core.exception.StepFailedException: Web element with id: 'Object Repository/Page_Create Account/Password Field' located by 'id("password")[count(. | //input[@type = 'text' and @class = 'form-control ' and @id = 'password' and @name = 'password' and @placeholder = 'Password']) = count(//input[@type = 'text' and @class = 'form-control ' and @id = 'password' and @name = 'password' and @placeholder = 'Password'])]' not found
	at com.kms.katalon.core.webui.keyword.internal.WebUIKeywordMain.stepFailed(WebUIKeywordMain.groovy:64)
	at com.kms.katalon.core.webui.keyword.builtin.VerifyElementClickableKeyword$_verifyElementClickable_closure1.doCall(VerifyElementClickableKeyword.groovy:88)
	at com.kms.katalon.core.webui.keyword.builtin.VerifyElementClickableKeyword$_verifyElementClickable_closure1.call(VerifyElementClickableKeyword.groovy)
	at com.kms.katalon.core.webui.keyword.internal.WebUIKeywordMain.runKeyword(WebUIKeywordMain.groovy:20)
	at com.kms.katalon.core.webui.keyword.builtin.VerifyElementClickableKeyword.verifyElementClickable(VerifyElementClickableKeyword.groovy:96)
	at com.kms.katalon.core.webui.keyword.builtin.VerifyElementClickableKeyword.execute(VerifyElementClickableKeyword.groovy:67)
	at com.kms.katalon.core.keyword.internal.KeywordExecutor.executeKeywordForPlatform(KeywordExecutor.groovy:74)
	at com.kms.katalon.core.webui.keyword.WebUiBuiltInKeywords.verifyElementClickable(WebUiBuiltInKeywords.groovy:605)
	at PSSIEditAccountInvalidPicFormat.run(PSSIEditAccountInvalidPicFormat:37)
	at com.kms.katalon.core.main.ScriptEngine.run(ScriptEngine.java:194)
	at com.kms.katalon.core.main.ScriptEngine.runScriptAsRawText(ScriptEngine.java:119)
	at com.kms.katalon.core.main.TestCaseExecutor.runScript(TestCaseExecutor.java:448)
	at com.kms.katalon.core.main.TestCaseExecutor.doExecute(TestCaseExecutor.java:439)
	at com.kms.katalon.core.main.TestCaseExecutor.processExecutionPhase(TestCaseExecutor.java:418)
	at com.kms.katalon.core.main.TestCaseExecutor.accessMainPhase(TestCaseExecutor.java:410)
	at com.kms.katalon.core.main.TestCaseExecutor.execute(TestCaseExecutor.java:285)
	at com.kms.katalon.core.main.TestCaseExecutor.execute(TestCaseExecutor.java:369)
	at com.kms.katalon.core.main.TestCaseExecutor.execute(TestCaseExecutor.java:369)
	at com.kms.katalon.core.main.TestCaseExecutor.execute(TestCaseExecutor.java:369)
	at com.kms.katalon.core.common.CommonExecutor.accessTestCaseMainPhase(CommonExecutor.java:65)
	at com.kms.katalon.core.main.TestSuiteExecutor.accessTestSuiteMainPhase(TestSuiteExecutor.java:148)
	at com.kms.katalon.core.main.TestSuiteExecutor.execute(TestSuiteExecutor.java:106)
	at com.kms.katalon.core.main.TestCaseMain.startTestSuite(TestCaseMain.java:180)
	at TempTestSuite1705637915236.run(TempTestSuite1705637915236.groovy:36)
	at java.base/jdk.internal.reflect.NativeMethodAccessorImpl.invoke0(Native Method)
	at java.base/jdk.internal.reflect.NativeMethodAccessorImpl.invoke(NativeMethodAccessorImpl.java:77)
	at java.base/jdk.internal.reflect.DelegatingMethodAccessorImpl.invoke(DelegatingMethodAccessorImpl.java:43)
)
[[ATTACHMENT|C:\\Users\\USER\\git\\Kecilin-Automation-Test\\Reports\\20240119_111826\\Create BE Account Management\\Edit Account Test Suite\\20240119_111835\\1705639346046.png]]

19-01-2024T11:42:26 - [MESSAGE][FAILED] - Unable to verify object 'Object Repository/Page_Create Account/Password Field' to be clickable (Root cause: com.kms.katalon.core.exception.StepFailedException: Unable to verify object 'Object Repository/Page_Create Account/Password Field' to be clickable
	at com.kms.katalon.core.webui.keyword.internal.WebUIKeywordMain.stepFailed(WebUIKeywordMain.groovy:64)
	at com.kms.katalon.core.webui.keyword.internal.WebUIKeywordMain.runKeyword(WebUIKeywordMain.groovy:26)
	at com.kms.katalon.core.webui.keyword.builtin.VerifyElementClickableKeyword.verifyElementClickable(VerifyElementClickableKeyword.groovy:96)
	at com.kms.katalon.core.webui.keyword.builtin.VerifyElementClickableKeyword.execute(VerifyElementClickableKeyword.groovy:67)
	at com.kms.katalon.core.keyword.internal.KeywordExecutor.executeKeywordForPlatform(KeywordExecutor.groovy:74)
	at com.kms.katalon.core.webui.keyword.WebUiBuiltInKeywords.verifyElementClickable(WebUiBuiltInKeywords.groovy:605)
	at PSSIEditAccountInvalidPicFormat.run(PSSIEditAccountInvalidPicFormat:37)
	at com.kms.katalon.core.main.ScriptEngine.run(ScriptEngine.java:194)
	at com.kms.katalon.core.main.ScriptEngine.runScriptAsRawText(ScriptEngine.java:119)
	at com.kms.katalon.core.main.TestCaseExecutor.runScript(TestCaseExecutor.java:448)
	at com.kms.katalon.core.main.TestCaseExecutor.doExecute(TestCaseExecutor.java:439)
	at com.kms.katalon.core.main.TestCaseExecutor.processExecutionPhase(TestCaseExecutor.java:418)
	at com.kms.katalon.core.main.TestCaseExecutor.accessMainPhase(TestCaseExecutor.java:410)
	at com.kms.katalon.core.main.TestCaseExecutor.execute(TestCaseExecutor.java:285)
	at com.kms.katalon.core.main.TestCaseExecutor.execute(TestCaseExecutor.java:369)
	at com.kms.katalon.core.main.TestCaseExecutor.execute(TestCaseExecutor.java:369)
	at com.kms.katalon.core.main.TestCaseExecutor.execute(TestCaseExecutor.java:369)
	at com.kms.katalon.core.common.CommonExecutor.accessTestCaseMainPhase(CommonExecutor.java:65)
	at com.kms.katalon.core.main.TestSuiteExecutor.accessTestSuiteMainPhase(TestSuiteExecutor.java:148)
	at com.kms.katalon.core.main.TestSuiteExecutor.execute(TestSuiteExecutor.java:106)
	at com.kms.katalon.core.main.TestCaseMain.startTestSuite(TestCaseMain.java:180)
	at TempTestSuite1705637915236.run(TempTestSuite1705637915236.groovy:36)
	at java.base/jdk.internal.reflect.NativeMethodAccessorImpl.invoke0(Native Method)
	at java.base/jdk.internal.reflect.NativeMethodAccessorImpl.invoke(NativeMethodAccessorImpl.java:77)
	at java.base/jdk.internal.reflect.DelegatingMethodAccessorImpl.invoke(DelegatingMethodAccessorImpl.java:43)
Caused by: com.kms.katalon.core.exception.StepFailedException: Web element with id: 'Object Repository/Page_Create Account/Password Field' located by 'id("password")[count(. | //input[@type = 'text' and @class = 'form-control ' and @id = 'password' and @name = 'password' and @placeholder = 'Password']) = count(//input[@type = 'text' and @class = 'form-control ' and @id = 'password' and @name = 'password' and @placeholder = 'Password'])]' not found
	at com.kms.katalon.core.webui.keyword.internal.WebUIKeywordMain.stepFailed(WebUIKeywordMain.groovy:64)
	at com.kms.katalon.core.webui.keyword.builtin.VerifyElementClickableKeyword$_verifyElementClickable_closure1.doCall(VerifyElementClickableKeyword.groovy:88)
	at com.kms.katalon.core.webui.keyword.builtin.VerifyElementClickableKeyword$_verifyElementClickable_closure1.call(VerifyElementClickableKeyword.groovy)
	at com.kms.katalon.core.webui.keyword.internal.WebUIKeywordMain.runKeyword(WebUIKeywordMain.groovy:20)
	... 23 more
)
[[ATTACHMENT|C:\\Users\\USER\\git\\Kecilin-Automation-Test\\Reports\\20240119_111826\\Create BE Account Management\\Edit Account Test Suite\\20240119_111835\\1705639346210.png]]]]></system-out>
         <system-err><![CDATA[19-01-2024T11:41:55 - [TEST_CASE][FAILED] - Test Cases/Offline PSSI Dashboard Function/Create BE Account Management/Edit Account/Negative Test Case/PSSIEditAccountInvalidPicFormat: Test Cases/Offline PSSI Dashboard Function/Create BE Account Management/Edit Account/Negative Test Case/PSSIEditAccountInvalidPicFormat FAILED.
Reason:
com.kms.katalon.core.exception.StepFailedException: Unable to verify object 'Object Repository/Page_Create Account/Password Field' to be clickable
	at com.kms.katalon.core.webui.keyword.internal.WebUIKeywordMain.stepFailed(WebUIKeywordMain.groovy:64)
	at com.kms.katalon.core.webui.keyword.internal.WebUIKeywordMain.runKeyword(WebUIKeywordMain.groovy:26)
	at com.kms.katalon.core.webui.keyword.builtin.VerifyElementClickableKeyword.verifyElementClickable(VerifyElementClickableKeyword.groovy:96)
	at com.kms.katalon.core.webui.keyword.builtin.VerifyElementClickableKeyword.execute(VerifyElementClickableKeyword.groovy:67)
	at com.kms.katalon.core.keyword.internal.KeywordExecutor.executeKeywordForPlatform(KeywordExecutor.groovy:74)
	at com.kms.katalon.core.webui.keyword.WebUiBuiltInKeywords.verifyElementClickable(WebUiBuiltInKeywords.groovy:605)
	at PSSIEditAccountInvalidPicFormat.run(PSSIEditAccountInvalidPicFormat:37)
	at com.kms.katalon.core.main.ScriptEngine.run(ScriptEngine.java:194)
	at com.kms.katalon.core.main.ScriptEngine.runScriptAsRawText(ScriptEngine.java:119)
	at com.kms.katalon.core.main.TestCaseExecutor.runScript(TestCaseExecutor.java:448)
	at com.kms.katalon.core.main.TestCaseExecutor.doExecute(TestCaseExecutor.java:439)
	at com.kms.katalon.core.main.TestCaseExecutor.processExecutionPhase(TestCaseExecutor.java:418)
	at com.kms.katalon.core.main.TestCaseExecutor.accessMainPhase(TestCaseExecutor.java:410)
	at com.kms.katalon.core.main.TestCaseExecutor.execute(TestCaseExecutor.java:285)
	at com.kms.katalon.core.main.TestCaseExecutor.execute(TestCaseExecutor.java:369)
	at com.kms.katalon.core.main.TestCaseExecutor.execute(TestCaseExecutor.java:369)
	at com.kms.katalon.core.main.TestCaseExecutor.execute(TestCaseExecutor.java:369)
	at com.kms.katalon.core.common.CommonExecutor.accessTestCaseMainPhase(CommonExecutor.java:65)
	at com.kms.katalon.core.main.TestSuiteExecutor.accessTestSuiteMainPhase(TestSuiteExecutor.java:148)
	at com.kms.katalon.core.main.TestSuiteExecutor.execute(TestSuiteExecutor.java:106)
	at com.kms.katalon.core.main.TestCaseMain.startTestSuite(TestCaseMain.java:180)
	at TempTestSuite1705637915236.run(TempTestSuite1705637915236.groovy:36)
	at java.base/jdk.internal.reflect.NativeMethodAccessorImpl.invoke0(Native Method)
	at java.base/jdk.internal.reflect.NativeMethodAccessorImpl.invoke(NativeMethodAccessorImpl.java:77)
	at java.base/jdk.internal.reflect.DelegatingMethodAccessorImpl.invoke(DelegatingMethodAccessorImpl.java:43)
Caused by: com.kms.katalon.core.exception.StepFailedException: Web element with id: 'Object Repository/Page_Create Account/Password Field' located by 'id("password")[count(. | //input[@type = 'text' and @class = 'form-control ' and @id = 'password' and @name = 'password' and @placeholder = 'Password']) = count(//input[@type = 'text' and @class = 'form-control ' and @id = 'password' and @name = 'password' and @placeholder = 'Password'])]' not found
	at com.kms.katalon.core.webui.keyword.internal.WebUIKeywordMain.stepFailed(WebUIKeywordMain.groovy:64)
	at com.kms.katalon.core.webui.keyword.builtin.VerifyElementClickableKeyword$_verifyElementClickable_closure1.doCall(VerifyElementClickableKeyword.groovy:88)
	at com.kms.katalon.core.webui.keyword.builtin.VerifyElementClickableKeyword$_verifyElementClickable_closure1.call(VerifyElementClickableKeyword.groovy)
	at com.kms.katalon.core.webui.keyword.internal.WebUIKeywordMain.runKeyword(WebUIKeywordMain.groovy:20)
	... 23 more]]></system-err>
      </testcase>
      <testcase name="Test Cases/Offline PSSI Dashboard Function/Create BE Account Management/Edit Account/Positive Test Case/PSSIEditAccountValidData" time="48.841" classname="Test Cases/Offline PSSI Dashboard Function/Create BE Account Management/Edit Account/Positive Test Case/PSSIEditAccountValidData" status="FAILED">
         <failure type="FAILED" message="Test Cases/Offline PSSI Dashboard Function/Create BE Account Management/Edit Account/Positive Test Case/PSSIEditAccountValidData FAILED.&#xa;Reason:&#xa;com.kms.katalon.core.exception.StepFailedException: Unable to clear text of object 'Object Repository/Page_Create Account/Password Field'&#xa;	at com.kms.katalon.core.webui.keyword.internal.WebUIKeywordMain.stepFailed(WebUIKeywordMain.groovy:64)&#xa;	at com.kms.katalon.core.webui.keyword.internal.WebUIKeywordMain.runKeyword(WebUIKeywordMain.groovy:42)&#xa;	at com.kms.katalon.core.webui.keyword.builtin.ClearTextKeyword.clearText(ClearTextKeyword.groovy:61)&#xa;	at com.kms.katalon.core.webui.keyword.builtin.ClearTextKeyword.execute(ClearTextKeyword.groovy:34)&#xa;	at com.kms.katalon.core.keyword.internal.KeywordExecutor.executeKeywordForPlatform(KeywordExecutor.groovy:74)&#xa;	at com.kms.katalon.core.webui.keyword.WebUiBuiltInKeywords.clearText(WebUiBuiltInKeywords.groovy:4989)&#xa;	at PSSIEditAccountValidData.run(PSSIEditAccountValidData:35)&#xa;	at com.kms.katalon.core.main.ScriptEngine.run(ScriptEngine.java:194)&#xa;	at com.kms.katalon.core.main.ScriptEngine.runScriptAsRawText(ScriptEngine.java:119)&#xa;	at com.kms.katalon.core.main.TestCaseExecutor.runScript(TestCaseExecutor.java:448)&#xa;	at com.kms.katalon.core.main.TestCaseExecutor.doExecute(TestCaseExecutor.java:439)&#xa;	at com.kms.katalon.core.main.TestCaseExecutor.processExecutionPhase(TestCaseExecutor.java:418)&#xa;	at com.kms.katalon.core.main.TestCaseExecutor.accessMainPhase(TestCaseExecutor.java:410)&#xa;	at com.kms.katalon.core.main.TestCaseExecutor.execute(TestCaseExecutor.java:285)&#xa;	at com.kms.katalon.core.main.TestCaseExecutor.execute(TestCaseExecutor.java:369)&#xa;	at com.kms.katalon.core.main.TestCaseExecutor.execute(TestCaseExecutor.java:369)&#xa;	at com.kms.katalon.core.main.TestCaseExecutor.execute(TestCaseExecutor.java:369)&#xa;	at com.kms.katalon.core.common.CommonExecutor.accessTestCaseMainPhase(CommonExecutor.java:65)&#xa;	at com.kms.katalon.core.main.TestSuiteExecutor.accessTestSuiteMainPhase(TestSuiteExecutor.java:148)&#xa;	at com.kms.katalon.core.main.TestSuiteExecutor.execute(TestSuiteExecutor.java:106)&#xa;	at com.kms.katalon.core.main.TestCaseMain.startTestSuite(TestCaseMain.java:180)&#xa;	at TempTestSuite1705637915236.run(TempTestSuite1705637915236.groovy:36)&#xa;	at java.base/jdk.internal.reflect.NativeMethodAccessorImpl.invoke0(Native Method)&#xa;	at java.base/jdk.internal.reflect.NativeMethodAccessorImpl.invoke(NativeMethodAccessorImpl.java:77)&#xa;	at java.base/jdk.internal.reflect.DelegatingMethodAccessorImpl.invoke(DelegatingMethodAccessorImpl.java:43)&#xa;Caused by: com.kms.katalon.core.webui.exception.WebElementNotFoundException: Web element with id: 'Object Repository/Page_Create Account/Password Field' located by 'id(&quot;password&quot;)[count(. | //input[@type = 'text' and @class = 'form-control ' and @id = 'password' and @name = 'password' and @placeholder = 'Password']) = count(//input[@type = 'text' and @class = 'form-control ' and @id = 'password' and @name = 'password' and @placeholder = 'Password'])]' not found&#xa;	at com.kms.katalon.core.webui.common.WebUiCommonHelper.findWebElement(WebUiCommonHelper.java:1379)&#xa;	at com.kms.katalon.core.webui.keyword.internal.WebUIAbstractKeyword.findWebElement(WebUIAbstractKeyword.groovy:27)&#xa;	at com.kms.katalon.core.webui.keyword.internal.WebUIAbstractKeyword.findWebElement(WebUIAbstractKeyword.groovy:26)&#xa;	at com.kms.katalon.core.webui.keyword.builtin.ClearTextKeyword$_clearText_closure1.doCall(ClearTextKeyword.groovy:44)&#xa;	at com.kms.katalon.core.webui.keyword.builtin.ClearTextKeyword$_clearText_closure1.call(ClearTextKeyword.groovy)&#xa;	at com.kms.katalon.core.webui.keyword.internal.WebUIKeywordMain.runKeyword(WebUIKeywordMain.groovy:33)&#xa;	... 23 more&#xa;"/>
         <system-out><![CDATA[19-01-2024T11:43:30 - [TEST_CASE][FAILED] - Test Cases/Offline PSSI Dashboard Function/Create BE Account Management/Edit Account/Positive Test Case/PSSIEditAccountValidData: Test Cases/Offline PSSI Dashboard Function/Create BE Account Management/Edit Account/Positive Test Case/PSSIEditAccountValidData FAILED.
Reason:
com.kms.katalon.core.exception.StepFailedException: Unable to clear text of object 'Object Repository/Page_Create Account/Password Field'
	at com.kms.katalon.core.webui.keyword.internal.WebUIKeywordMain.stepFailed(WebUIKeywordMain.groovy:64)
	at com.kms.katalon.core.webui.keyword.internal.WebUIKeywordMain.runKeyword(WebUIKeywordMain.groovy:42)
	at com.kms.katalon.core.webui.keyword.builtin.ClearTextKeyword.clearText(ClearTextKeyword.groovy:61)
	at com.kms.katalon.core.webui.keyword.builtin.ClearTextKeyword.execute(ClearTextKeyword.groovy:34)
	at com.kms.katalon.core.keyword.internal.KeywordExecutor.executeKeywordForPlatform(KeywordExecutor.groovy:74)
	at com.kms.katalon.core.webui.keyword.WebUiBuiltInKeywords.clearText(WebUiBuiltInKeywords.groovy:4989)
	at PSSIEditAccountValidData.run(PSSIEditAccountValidData:35)
	at com.kms.katalon.core.main.ScriptEngine.run(ScriptEngine.java:194)
	at com.kms.katalon.core.main.ScriptEngine.runScriptAsRawText(ScriptEngine.java:119)
	at com.kms.katalon.core.main.TestCaseExecutor.runScript(TestCaseExecutor.java:448)
	at com.kms.katalon.core.main.TestCaseExecutor.doExecute(TestCaseExecutor.java:439)
	at com.kms.katalon.core.main.TestCaseExecutor.processExecutionPhase(TestCaseExecutor.java:418)
	at com.kms.katalon.core.main.TestCaseExecutor.accessMainPhase(TestCaseExecutor.java:410)
	at com.kms.katalon.core.main.TestCaseExecutor.execute(TestCaseExecutor.java:285)
	at com.kms.katalon.core.main.TestCaseExecutor.execute(TestCaseExecutor.java:369)
	at com.kms.katalon.core.main.TestCaseExecutor.execute(TestCaseExecutor.java:369)
	at com.kms.katalon.core.main.TestCaseExecutor.execute(TestCaseExecutor.java:369)
	at com.kms.katalon.core.common.CommonExecutor.accessTestCaseMainPhase(CommonExecutor.java:65)
	at com.kms.katalon.core.main.TestSuiteExecutor.accessTestSuiteMainPhase(TestSuiteExecutor.java:148)
	at com.kms.katalon.core.main.TestSuiteExecutor.execute(TestSuiteExecutor.java:106)
	at com.kms.katalon.core.main.TestCaseMain.startTestSuite(TestCaseMain.java:180)
	at TempTestSuite1705637915236.run(TempTestSuite1705637915236.groovy:36)
	at java.base/jdk.internal.reflect.NativeMethodAccessorImpl.invoke0(Native Method)
	at java.base/jdk.internal.reflect.NativeMethodAccessorImpl.invoke(NativeMethodAccessorImpl.java:77)
	at java.base/jdk.internal.reflect.DelegatingMethodAccessorImpl.invoke(DelegatingMethodAccessorImpl.java:43)
Caused by: com.kms.katalon.core.webui.exception.WebElementNotFoundException: Web element with id: 'Object Repository/Page_Create Account/Password Field' located by 'id("password")[count(. | //input[@type = 'text' and @class = 'form-control ' and @id = 'password' and @name = 'password' and @placeholder = 'Password']) = count(//input[@type = 'text' and @class = 'form-control ' and @id = 'password' and @name = 'password' and @placeholder = 'Password'])]' not found
	at com.kms.katalon.core.webui.common.WebUiCommonHelper.findWebElement(WebUiCommonHelper.java:1379)
	at com.kms.katalon.core.webui.keyword.internal.WebUIAbstractKeyword.findWebElement(WebUIAbstractKeyword.groovy:27)
	at com.kms.katalon.core.webui.keyword.internal.WebUIAbstractKeyword.findWebElement(WebUIAbstractKeyword.groovy:26)
	at com.kms.katalon.core.webui.keyword.builtin.ClearTextKeyword$_clearText_closure1.doCall(ClearTextKeyword.groovy:44)
	at com.kms.katalon.core.webui.keyword.builtin.ClearTextKeyword$_clearText_closure1.call(ClearTextKeyword.groovy)
	at com.kms.katalon.core.webui.keyword.internal.WebUIKeywordMain.runKeyword(WebUIKeywordMain.groovy:33)
	... 23 more


19-01-2024T11:43:30 - [TEST_STEP][PASSED] - failureHandling = STOP_ON_FAILURE: null

19-01-2024T11:43:30 - [TEST_STEP][PASSED] - baseUrl = offline_pssi_dashboard_url: null

19-01-2024T11:43:30 - [TEST_STEP][PASSED] - callTestCase(findTestCase("Offline PSSI Dashboard Function/Create BE Account Management/View Account Management/PSSIViewAccountManagement"), [:], failureHandling): Call Test Case 'Test Cases/Offline PSSI Dashboard Function/Create BE Account Management/View Account Management/PSSIViewAccountManagement' successfully

19-01-2024T11:43:30 - [TEST_CASE][PASSED] - Test Cases/Offline PSSI Dashboard Function/Create BE Account Management/View Account Management/PSSIViewAccountManagement: Test Cases/Offline PSSI Dashboard Function/Create BE Account Management/View Account Management/PSSIViewAccountManagement

19-01-2024T11:43:30 - [TEST_STEP][PASSED] - failureHandling = STOP_ON_FAILURE: null

19-01-2024T11:43:30 - [TEST_STEP][PASSED] - baseUrl = offline_pssi_dashboard_url: null

19-01-2024T11:43:30 - [TEST_STEP][PASSED] - callTestCase(findTestCase("Offline PSSI Dashboard Function/Sign In/PSSISignInValidData"), [:], failureHandling): Call Test Case 'Test Cases/Offline PSSI Dashboard Function/Sign In/PSSISignInValidData' successfully

19-01-2024T11:43:31 - [TEST_CASE][PASSED] - Test Cases/Offline PSSI Dashboard Function/Sign In/PSSISignInValidData: Test Cases/Offline PSSI Dashboard Function/Sign In/PSSISignInValidData

19-01-2024T11:43:31 - [TEST_STEP][PASSED] - failureHandling = STOP_ON_FAILURE: null

19-01-2024T11:43:31 - [TEST_STEP][PASSED] - baseUrl = offline_pssi_dashboard_url: null

19-01-2024T11:43:31 - [TEST_STEP][PASSED] - openBrowser(""): Browser is opened with url: ''

19-01-2024T11:43:31 - [MESSAGE][WARNING] - A browser is already opened. Closing browser and opening a new one

19-01-2024T11:43:31 - [MESSAGE][INFO] - Starting 'Chrome' driver

19-01-2024T11:43:31 - [MESSAGE][INFO] - User set preference: ['unhandledPromptBehaviour', 'ignore']

19-01-2024T11:43:31 - [MESSAGE][INFO] - User set preference: ['unexpectedAlertBehaviour', 'ignore']

19-01-2024T11:43:31 - [MESSAGE][INFO] - Action delay is set to 0 milliseconds

19-01-2024T11:43:32 - [MESSAGE][PASSED] - Browser is opened with url: ''

19-01-2024T11:43:32 - [TEST_STEP][PASSED] - navigateToUrl(baseUrl): Navigate to 'https://monitoring.pssi-dev.kecilin.id' successfully

19-01-2024T11:43:44 - [MESSAGE][PASSED] - Navigate to 'https://monitoring.pssi-dev.kecilin.id' successfully

19-01-2024T11:43:44 - [TEST_STEP][PASSED] - maximizeWindow(): Current window maximized

19-01-2024T11:43:49 - [MESSAGE][PASSED] - Current window maximized

19-01-2024T11:43:49 - [TEST_STEP][PASSED] - setText(findTestObject("Object Repository/Page_Login/input_email"), "superadmin@app.com"): Text 'superadmin@app.com' is set on object 'Object Repository/Page_Login/input_email'

19-01-2024T11:43:50 - [MESSAGE][PASSED] - Text 'superadmin@app.com' is set on object 'Object Repository/Page_Login/input_email'

19-01-2024T11:43:50 - [TEST_STEP][PASSED] - setEncryptedText(findTestObject("Object Repository/Page_Login/input_password"), "8SQVv/p9jVScEs4/2CZsLw=="): Text ****** has been set on object 'Object Repository/Page_Login/input_password'

19-01-2024T11:43:50 - [MESSAGE][PASSED] - Text ****** has been set on object 'Object Repository/Page_Login/input_password'

19-01-2024T11:43:50 - [TEST_STEP][PASSED] - click(findTestObject("Object Repository/Page_Login/button_Sign In")): Object: 'Object Repository/Page_Login/button_Sign In' is clicked on

19-01-2024T11:44:03 - [MESSAGE][PASSED] - Object: 'Object Repository/Page_Login/button_Sign In' is clicked on

19-01-2024T11:44:03 - [MESSAGE][PASSED] - Call Test Case 'Test Cases/Offline PSSI Dashboard Function/Sign In/PSSISignInValidData' successfully

19-01-2024T11:44:03 - [TEST_STEP][PASSED] - scrollToElement(findTestObject("Page_Dashboard/Account Management Sidebar"), 0): Scroll to object 'Object Repository/Page_Dashboard/Account Management Sidebar' successfully

19-01-2024T11:44:04 - [MESSAGE][WARNING] - Timeout '0' is invalid. Using default page load timeout: '1'

19-01-2024T11:44:06 - [MESSAGE][INFO] - Unable to find the element located by 'By.xpath: id("sidenav-collapse-main")/ul[@class="navbar-nav"]/li[@class="nav-item"]/a[@class="nav-link"][count(. | //a[@class = 'nav-link  ' and @href = '/accounts' and (text() = '
            
              
                
              
            
            Account Management
          ' or . = '
            
              
                
              
            
            Account Management
          ')]) = count(//a[@class = 'nav-link  ' and @href = '/accounts' and (text() = '
            
              
                
              
            
            Account Management
          ' or . = '
            
              
                
              
            
            Account Management
          ')])]'. Please recheck the objects properties to make sure the desired element is located. 

19-01-2024T11:44:06 - [MESSAGE][WARNING] - [SELF-HEALING] Failed to find element with id 'Object Repository/Page_Dashboard/Account Management Sidebar'. Try using Self-healing.

19-01-2024T11:44:06 - [MESSAGE][WARNING] - [SELF-HEALING] The current locator of test object 'Object Repository/Page_Dashboard/Account Management Sidebar' was broken. Propose an alternative one: '//div[@id='sidenav-collapse-main']/ul/li[12]/a'.

19-01-2024T11:44:06 - [MESSAGE][PASSED] - Scroll to object 'Object Repository/Page_Dashboard/Account Management Sidebar' successfully

19-01-2024T11:44:06 - [TEST_STEP][PASSED] - navigateToUrl(baseUrl + "/accounts", failureHandling): Navigate to 'https://monitoring.pssi-dev.kecilin.id/accounts' successfully

19-01-2024T11:44:07 - [MESSAGE][PASSED] - Navigate to 'https://monitoring.pssi-dev.kecilin.id/accounts' successfully

19-01-2024T11:44:07 - [MESSAGE][INFO] - 

19-01-2024T11:44:07 - [MESSAGE][INFO] - ===================== Self-healing Report ====================

19-01-2024T11:44:07 - [MESSAGE][INFO] - One of the failed test object locators has been recovered by Self-healing. Please refer to the Self-healing Insights tab for more details.

19-01-2024T11:44:07 - [MESSAGE][INFO] - To learn more about Self-healing, please read https://docs.katalon.com/katalon-studio/docs/self-healing.html

19-01-2024T11:44:07 - [MESSAGE][INFO] - ==============================================================

19-01-2024T11:44:07 - [MESSAGE][PASSED] - Call Test Case 'Test Cases/Offline PSSI Dashboard Function/Create BE Account Management/View Account Management/PSSIViewAccountManagement' successfully

19-01-2024T11:44:07 - [TEST_STEP][PASSED] - navigateToUrl(baseUrl + "/accounts/edit/652c095d63d9d69bc80121ca", failureHandling): Navigate to 'https://monitoring.pssi-dev.kecilin.id/accounts/edit/652c095d63d9d69bc80121ca' successfully

19-01-2024T11:44:08 - [MESSAGE][PASSED] - Navigate to 'https://monitoring.pssi-dev.kecilin.id/accounts/edit/652c095d63d9d69bc80121ca' successfully

19-01-2024T11:44:08 - [TEST_STEP][PASSED] - clearText(findTestObject("Page_Create Account/Name Field")): Text of object 'Object Repository/Page_Create Account/Name Field' is cleared

19-01-2024T11:44:10 - [MESSAGE][INFO] - Unable to find the element located by 'By.xpath: id("name")[count(. | //input[@type = 'text' and @class = 'form-control ' and @id = 'name' and @name = 'name' and @placeholder = 'Nama']) = count(//input[@type = 'text' and @class = 'form-control ' and @id = 'name' and @name = 'name' and @placeholder = 'Nama'])]'. Please recheck the objects properties to make sure the desired element is located. 

19-01-2024T11:44:10 - [MESSAGE][WARNING] - [SELF-HEALING] Failed to find element with id 'Object Repository/Page_Create Account/Name Field'. Try using Self-healing.

19-01-2024T11:44:10 - [MESSAGE][WARNING] - [SELF-HEALING] The current locator of test object 'Object Repository/Page_Create Account/Name Field' was broken. Propose an alternative one: '//input[@id='name']'.

19-01-2024T11:44:10 - [MESSAGE][PASSED] - Text of object 'Object Repository/Page_Create Account/Name Field' is cleared

19-01-2024T11:44:10 - [TEST_STEP][PASSED] - clearText(findTestObject("Page_Create Account/Email Field")): Text of object 'Object Repository/Page_Create Account/Email Field' is cleared

19-01-2024T11:44:13 - [MESSAGE][INFO] - Unable to find the element located by 'By.xpath: id("email")[count(. | //input[@type = 'email' and @class = 'form-control ' and @id = 'email' and @name = 'email' and @placeholder = 'Email']) = count(//input[@type = 'email' and @class = 'form-control ' and @id = 'email' and @name = 'email' and @placeholder = 'Email'])]'. Please recheck the objects properties to make sure the desired element is located. 

19-01-2024T11:44:13 - [MESSAGE][WARNING] - [SELF-HEALING] Failed to find element with id 'Object Repository/Page_Create Account/Email Field'. Try using Self-healing.

19-01-2024T11:44:13 - [MESSAGE][WARNING] - [SELF-HEALING] The current locator of test object 'Object Repository/Page_Create Account/Email Field' was broken. Propose an alternative one: '//input[@id='email']'.

19-01-2024T11:44:13 - [MESSAGE][PASSED] - Text of object 'Object Repository/Page_Create Account/Email Field' is cleared

19-01-2024T11:44:13 - [TEST_STEP][FAILED] - clearText(findTestObject("Page_Create Account/Password Field")): Unable to clear text of object 'Object Repository/Page_Create Account/Password Field' (Root cause: com.kms.katalon.core.exception.StepFailedException: Unable to clear text of object 'Object Repository/Page_Create Account/Password Field'
	at com.kms.katalon.core.webui.keyword.internal.WebUIKeywordMain.stepFailed(WebUIKeywordMain.groovy:64)
	at com.kms.katalon.core.webui.keyword.internal.WebUIKeywordMain.runKeyword(WebUIKeywordMain.groovy:42)
	at com.kms.katalon.core.webui.keyword.builtin.ClearTextKeyword.clearText(ClearTextKeyword.groovy:61)
	at com.kms.katalon.core.webui.keyword.builtin.ClearTextKeyword.execute(ClearTextKeyword.groovy:34)
	at com.kms.katalon.core.keyword.internal.KeywordExecutor.executeKeywordForPlatform(KeywordExecutor.groovy:74)
	at com.kms.katalon.core.webui.keyword.WebUiBuiltInKeywords.clearText(WebUiBuiltInKeywords.groovy:4989)
	at PSSIEditAccountValidData.run(PSSIEditAccountValidData:35)
	at com.kms.katalon.core.main.ScriptEngine.run(ScriptEngine.java:194)
	at com.kms.katalon.core.main.ScriptEngine.runScriptAsRawText(ScriptEngine.java:119)
	at com.kms.katalon.core.main.TestCaseExecutor.runScript(TestCaseExecutor.java:448)
	at com.kms.katalon.core.main.TestCaseExecutor.doExecute(TestCaseExecutor.java:439)
	at com.kms.katalon.core.main.TestCaseExecutor.processExecutionPhase(TestCaseExecutor.java:418)
	at com.kms.katalon.core.main.TestCaseExecutor.accessMainPhase(TestCaseExecutor.java:410)
	at com.kms.katalon.core.main.TestCaseExecutor.execute(TestCaseExecutor.java:285)
	at com.kms.katalon.core.main.TestCaseExecutor.execute(TestCaseExecutor.java:369)
	at com.kms.katalon.core.main.TestCaseExecutor.execute(TestCaseExecutor.java:369)
	at com.kms.katalon.core.main.TestCaseExecutor.execute(TestCaseExecutor.java:369)
	at com.kms.katalon.core.common.CommonExecutor.accessTestCaseMainPhase(CommonExecutor.java:65)
	at com.kms.katalon.core.main.TestSuiteExecutor.accessTestSuiteMainPhase(TestSuiteExecutor.java:148)
	at com.kms.katalon.core.main.TestSuiteExecutor.execute(TestSuiteExecutor.java:106)
	at com.kms.katalon.core.main.TestCaseMain.startTestSuite(TestCaseMain.java:180)
	at TempTestSuite1705637915236.run(TempTestSuite1705637915236.groovy:36)
	at java.base/jdk.internal.reflect.NativeMethodAccessorImpl.invoke0(Native Method)
	at java.base/jdk.internal.reflect.NativeMethodAccessorImpl.invoke(NativeMethodAccessorImpl.java:77)
	at java.base/jdk.internal.reflect.DelegatingMethodAccessorImpl.invoke(DelegatingMethodAccessorImpl.java:43)
Caused by: com.kms.katalon.core.webui.exception.WebElementNotFoundException: Web element with id: 'Object Repository/Page_Create Account/Password Field' located by 'id("password")[count(. | //input[@type = 'text' and @class = 'form-control ' and @id = 'password' and @name = 'password' and @placeholder = 'Password']) = count(//input[@type = 'text' and @class = 'form-control ' and @id = 'password' and @name = 'password' and @placeholder = 'Password'])]' not found
	at com.kms.katalon.core.webui.common.WebUiCommonHelper.findWebElement(WebUiCommonHelper.java:1379)
	at com.kms.katalon.core.webui.keyword.internal.WebUIAbstractKeyword.findWebElement(WebUIAbstractKeyword.groovy:27)
	at com.kms.katalon.core.webui.keyword.internal.WebUIAbstractKeyword.findWebElement(WebUIAbstractKeyword.groovy:26)
	at com.kms.katalon.core.webui.keyword.builtin.ClearTextKeyword$_clearText_closure1.doCall(ClearTextKeyword.groovy:44)
	at com.kms.katalon.core.webui.keyword.builtin.ClearTextKeyword$_clearText_closure1.call(ClearTextKeyword.groovy)
	at com.kms.katalon.core.webui.keyword.internal.WebUIKeywordMain.runKeyword(WebUIKeywordMain.groovy:33)
	at com.kms.katalon.core.webui.keyword.builtin.ClearTextKeyword.clearText(ClearTextKeyword.groovy:61)
	at com.kms.katalon.core.webui.keyword.builtin.ClearTextKeyword.execute(ClearTextKeyword.groovy:34)
	at com.kms.katalon.core.keyword.internal.KeywordExecutor.executeKeywordForPlatform(KeywordExecutor.groovy:74)
	at com.kms.katalon.core.webui.keyword.WebUiBuiltInKeywords.clearText(WebUiBuiltInKeywords.groovy:4989)
	at Script1705568024681.run(Script1705568024681.groovy:35)
	... 18 more
)

19-01-2024T11:44:15 - [MESSAGE][INFO] - Unable to find the element located by 'By.xpath: id("password")[count(. | //input[@type = 'text' and @class = 'form-control ' and @id = 'password' and @name = 'password' and @placeholder = 'Password']) = count(//input[@type = 'text' and @class = 'form-control ' and @id = 'password' and @name = 'password' and @placeholder = 'Password'])]'. Please recheck the objects properties to make sure the desired element is located. 

19-01-2024T11:44:15 - [MESSAGE][WARNING] - [SELF-HEALING] Failed to find element with id 'Object Repository/Page_Create Account/Password Field'. Try using Self-healing.

19-01-2024T11:44:16 - [MESSAGE][INFO] - Unable to find the element located by 'By.xpath: //input[@id='password']'. Please recheck the objects properties to make sure the desired element is located. 

19-01-2024T11:44:17 - [MESSAGE][INFO] - [SELF-HEALING] Failed Locator: '//input[@id='password']'.

19-01-2024T11:44:17 - [MESSAGE][INFO] - [SELF-HEALING] Failed Locator: '//div[3]/input'.

19-01-2024T11:44:17 - [MESSAGE][INFO] - [SELF-HEALING] Failed Locator: '//input[@type = 'text' and @id = 'password' and @name = 'password' and @placeholder = 'Password']'.

19-01-2024T11:44:17 - [MESSAGE][INFO] - [SELF-HEALING] Failed Locator: '//input[@id='password']'.

19-01-2024T11:44:18 - [MESSAGE][INFO] - [SELF-HEALING] Failed Locator: '//div[3]/input'.

19-01-2024T11:44:18 - [MESSAGE][INFO] - [SELF-HEALING] Failed Locator: '//input[@type = 'text' and @id = 'password' and @name = 'password' and @placeholder = 'Password']'.

19-01-2024T11:44:19 - [MESSAGE][INFO] - Unable to find the element located by 'By.cssSelector: #password'. Please recheck the objects properties to make sure the desired element is located. 

19-01-2024T11:44:19 - [MESSAGE][FAILED] - Unable to clear text of object 'Object Repository/Page_Create Account/Password Field' (Root cause: com.kms.katalon.core.exception.StepFailedException: Unable to clear text of object 'Object Repository/Page_Create Account/Password Field'
	at com.kms.katalon.core.webui.keyword.internal.WebUIKeywordMain.stepFailed(WebUIKeywordMain.groovy:64)
	at com.kms.katalon.core.webui.keyword.internal.WebUIKeywordMain.runKeyword(WebUIKeywordMain.groovy:42)
	at com.kms.katalon.core.webui.keyword.builtin.ClearTextKeyword.clearText(ClearTextKeyword.groovy:61)
	at com.kms.katalon.core.webui.keyword.builtin.ClearTextKeyword.execute(ClearTextKeyword.groovy:34)
	at com.kms.katalon.core.keyword.internal.KeywordExecutor.executeKeywordForPlatform(KeywordExecutor.groovy:74)
	at com.kms.katalon.core.webui.keyword.WebUiBuiltInKeywords.clearText(WebUiBuiltInKeywords.groovy:4989)
	at PSSIEditAccountValidData.run(PSSIEditAccountValidData:35)
	at com.kms.katalon.core.main.ScriptEngine.run(ScriptEngine.java:194)
	at com.kms.katalon.core.main.ScriptEngine.runScriptAsRawText(ScriptEngine.java:119)
	at com.kms.katalon.core.main.TestCaseExecutor.runScript(TestCaseExecutor.java:448)
	at com.kms.katalon.core.main.TestCaseExecutor.doExecute(TestCaseExecutor.java:439)
	at com.kms.katalon.core.main.TestCaseExecutor.processExecutionPhase(TestCaseExecutor.java:418)
	at com.kms.katalon.core.main.TestCaseExecutor.accessMainPhase(TestCaseExecutor.java:410)
	at com.kms.katalon.core.main.TestCaseExecutor.execute(TestCaseExecutor.java:285)
	at com.kms.katalon.core.main.TestCaseExecutor.execute(TestCaseExecutor.java:369)
	at com.kms.katalon.core.main.TestCaseExecutor.execute(TestCaseExecutor.java:369)
	at com.kms.katalon.core.main.TestCaseExecutor.execute(TestCaseExecutor.java:369)
	at com.kms.katalon.core.common.CommonExecutor.accessTestCaseMainPhase(CommonExecutor.java:65)
	at com.kms.katalon.core.main.TestSuiteExecutor.accessTestSuiteMainPhase(TestSuiteExecutor.java:148)
	at com.kms.katalon.core.main.TestSuiteExecutor.execute(TestSuiteExecutor.java:106)
	at com.kms.katalon.core.main.TestCaseMain.startTestSuite(TestCaseMain.java:180)
	at TempTestSuite1705637915236.run(TempTestSuite1705637915236.groovy:36)
	at java.base/jdk.internal.reflect.NativeMethodAccessorImpl.invoke0(Native Method)
	at java.base/jdk.internal.reflect.NativeMethodAccessorImpl.invoke(NativeMethodAccessorImpl.java:77)
	at java.base/jdk.internal.reflect.DelegatingMethodAccessorImpl.invoke(DelegatingMethodAccessorImpl.java:43)
Caused by: com.kms.katalon.core.webui.exception.WebElementNotFoundException: Web element with id: 'Object Repository/Page_Create Account/Password Field' located by 'id("password")[count(. | //input[@type = 'text' and @class = 'form-control ' and @id = 'password' and @name = 'password' and @placeholder = 'Password']) = count(//input[@type = 'text' and @class = 'form-control ' and @id = 'password' and @name = 'password' and @placeholder = 'Password'])]' not found
	at com.kms.katalon.core.webui.common.WebUiCommonHelper.findWebElement(WebUiCommonHelper.java:1379)
	at com.kms.katalon.core.webui.keyword.internal.WebUIAbstractKeyword.findWebElement(WebUIAbstractKeyword.groovy:27)
	at com.kms.katalon.core.webui.keyword.internal.WebUIAbstractKeyword.findWebElement(WebUIAbstractKeyword.groovy:26)
	at com.kms.katalon.core.webui.keyword.builtin.ClearTextKeyword$_clearText_closure1.doCall(ClearTextKeyword.groovy:44)
	at com.kms.katalon.core.webui.keyword.builtin.ClearTextKeyword$_clearText_closure1.call(ClearTextKeyword.groovy)
	at com.kms.katalon.core.webui.keyword.internal.WebUIKeywordMain.runKeyword(WebUIKeywordMain.groovy:33)
	at com.kms.katalon.core.webui.keyword.builtin.ClearTextKeyword.clearText(ClearTextKeyword.groovy:61)
	at com.kms.katalon.core.webui.keyword.builtin.ClearTextKeyword.execute(ClearTextKeyword.groovy:34)
	at com.kms.katalon.core.keyword.internal.KeywordExecutor.executeKeywordForPlatform(KeywordExecutor.groovy:74)
	at com.kms.katalon.core.webui.keyword.WebUiBuiltInKeywords.clearText(WebUiBuiltInKeywords.groovy:4989)
	at Script1705568024681.run(Script1705568024681.groovy:35)
	... 18 more
)
[[ATTACHMENT|C:\\Users\\USER\\git\\Kecilin-Automation-Test\\Reports\\20240119_111826\\Create BE Account Management\\Edit Account Test Suite\\20240119_111835\\1705639459562.png]]]]></system-out>
         <system-err><![CDATA[19-01-2024T11:43:30 - [TEST_CASE][FAILED] - Test Cases/Offline PSSI Dashboard Function/Create BE Account Management/Edit Account/Positive Test Case/PSSIEditAccountValidData: Test Cases/Offline PSSI Dashboard Function/Create BE Account Management/Edit Account/Positive Test Case/PSSIEditAccountValidData FAILED.
Reason:
com.kms.katalon.core.exception.StepFailedException: Unable to clear text of object 'Object Repository/Page_Create Account/Password Field'
	at com.kms.katalon.core.webui.keyword.internal.WebUIKeywordMain.stepFailed(WebUIKeywordMain.groovy:64)
	at com.kms.katalon.core.webui.keyword.internal.WebUIKeywordMain.runKeyword(WebUIKeywordMain.groovy:42)
	at com.kms.katalon.core.webui.keyword.builtin.ClearTextKeyword.clearText(ClearTextKeyword.groovy:61)
	at com.kms.katalon.core.webui.keyword.builtin.ClearTextKeyword.execute(ClearTextKeyword.groovy:34)
	at com.kms.katalon.core.keyword.internal.KeywordExecutor.executeKeywordForPlatform(KeywordExecutor.groovy:74)
	at com.kms.katalon.core.webui.keyword.WebUiBuiltInKeywords.clearText(WebUiBuiltInKeywords.groovy:4989)
	at PSSIEditAccountValidData.run(PSSIEditAccountValidData:35)
	at com.kms.katalon.core.main.ScriptEngine.run(ScriptEngine.java:194)
	at com.kms.katalon.core.main.ScriptEngine.runScriptAsRawText(ScriptEngine.java:119)
	at com.kms.katalon.core.main.TestCaseExecutor.runScript(TestCaseExecutor.java:448)
	at com.kms.katalon.core.main.TestCaseExecutor.doExecute(TestCaseExecutor.java:439)
	at com.kms.katalon.core.main.TestCaseExecutor.processExecutionPhase(TestCaseExecutor.java:418)
	at com.kms.katalon.core.main.TestCaseExecutor.accessMainPhase(TestCaseExecutor.java:410)
	at com.kms.katalon.core.main.TestCaseExecutor.execute(TestCaseExecutor.java:285)
	at com.kms.katalon.core.main.TestCaseExecutor.execute(TestCaseExecutor.java:369)
	at com.kms.katalon.core.main.TestCaseExecutor.execute(TestCaseExecutor.java:369)
	at com.kms.katalon.core.main.TestCaseExecutor.execute(TestCaseExecutor.java:369)
	at com.kms.katalon.core.common.CommonExecutor.accessTestCaseMainPhase(CommonExecutor.java:65)
	at com.kms.katalon.core.main.TestSuiteExecutor.accessTestSuiteMainPhase(TestSuiteExecutor.java:148)
	at com.kms.katalon.core.main.TestSuiteExecutor.execute(TestSuiteExecutor.java:106)
	at com.kms.katalon.core.main.TestCaseMain.startTestSuite(TestCaseMain.java:180)
	at TempTestSuite1705637915236.run(TempTestSuite1705637915236.groovy:36)
	at java.base/jdk.internal.reflect.NativeMethodAccessorImpl.invoke0(Native Method)
	at java.base/jdk.internal.reflect.NativeMethodAccessorImpl.invoke(NativeMethodAccessorImpl.java:77)
	at java.base/jdk.internal.reflect.DelegatingMethodAccessorImpl.invoke(DelegatingMethodAccessorImpl.java:43)
Caused by: com.kms.katalon.core.webui.exception.WebElementNotFoundException: Web element with id: 'Object Repository/Page_Create Account/Password Field' located by 'id("password")[count(. | //input[@type = 'text' and @class = 'form-control ' and @id = 'password' and @name = 'password' and @placeholder = 'Password']) = count(//input[@type = 'text' and @class = 'form-control ' and @id = 'password' and @name = 'password' and @placeholder = 'Password'])]' not found
	at com.kms.katalon.core.webui.common.WebUiCommonHelper.findWebElement(WebUiCommonHelper.java:1379)
	at com.kms.katalon.core.webui.keyword.internal.WebUIAbstractKeyword.findWebElement(WebUIAbstractKeyword.groovy:27)
	at com.kms.katalon.core.webui.keyword.internal.WebUIAbstractKeyword.findWebElement(WebUIAbstractKeyword.groovy:26)
	at com.kms.katalon.core.webui.keyword.builtin.ClearTextKeyword$_clearText_closure1.doCall(ClearTextKeyword.groovy:44)
	at com.kms.katalon.core.webui.keyword.builtin.ClearTextKeyword$_clearText_closure1.call(ClearTextKeyword.groovy)
	at com.kms.katalon.core.webui.keyword.internal.WebUIKeywordMain.runKeyword(WebUIKeywordMain.groovy:33)
	... 23 more]]></system-err>
      </testcase>
      <system-out><![CDATA[19-01-2024T11:32:58 - [TEST_SUITE][FAILED] - Edit Account Test Suite: Test Cases/Offline PSSI Dashboard Function/Create BE Account Management/Edit Account/Negative Test Case/PSSIEditAccountDuplicateEmail FAILED.
Reason:
com.kms.katalon.core.exception.StepFailedException: Unable to verify object 'Object Repository/Page_Create Account/Password Field' to be clickable
	at com.kms.katalon.core.webui.keyword.internal.WebUIKeywordMain.stepFailed(WebUIKeywordMain.groovy:64)
	at com.kms.katalon.core.webui.keyword.internal.WebUIKeywordMain.runKeyword(WebUIKeywordMain.groovy:26)
	at com.kms.katalon.core.webui.keyword.builtin.VerifyElementClickableKeyword.verifyElementClickable(VerifyElementClickableKeyword.groovy:96)
	at com.kms.katalon.core.webui.keyword.builtin.VerifyElementClickableKeyword.execute(VerifyElementClickableKeyword.groovy:67)
	at com.kms.katalon.core.keyword.internal.KeywordExecutor.executeKeywordForPlatform(KeywordExecutor.groovy:74)
	at com.kms.katalon.core.webui.keyword.WebUiBuiltInKeywords.verifyElementClickable(WebUiBuiltInKeywords.groovy:605)
	at PSSIEditAccountDuplicateEmail.run(PSSIEditAccountDuplicateEmail:37)
	at com.kms.katalon.core.main.ScriptEngine.run(ScriptEngine.java:194)
	at com.kms.katalon.core.main.ScriptEngine.runScriptAsRawText(ScriptEngine.java:119)
	at com.kms.katalon.core.main.TestCaseExecutor.runScript(TestCaseExecutor.java:448)
	at com.kms.katalon.core.main.TestCaseExecutor.doExecute(TestCaseExecutor.java:439)
	at com.kms.katalon.core.main.TestCaseExecutor.processExecutionPhase(TestCaseExecutor.java:418)
	at com.kms.katalon.core.main.TestCaseExecutor.accessMainPhase(TestCaseExecutor.java:410)
	at com.kms.katalon.core.main.TestCaseExecutor.execute(TestCaseExecutor.java:285)
	at com.kms.katalon.core.common.CommonExecutor.accessTestCaseMainPhase(CommonExecutor.java:65)
	at com.kms.katalon.core.main.TestSuiteExecutor.accessTestSuiteMainPhase(TestSuiteExecutor.java:148)
	at com.kms.katalon.core.main.TestSuiteExecutor.execute(TestSuiteExecutor.java:106)
	at com.kms.katalon.core.main.TestCaseMain.startTestSuite(TestCaseMain.java:180)
	at TempTestSuite1705637915236.run(TempTestSuite1705637915236.groovy:36)
	at java.base/jdk.internal.reflect.NativeMethodAccessorImpl.invoke0(Native Method)
	at java.base/jdk.internal.reflect.NativeMethodAccessorImpl.invoke(NativeMethodAccessorImpl.java:77)
	at java.base/jdk.internal.reflect.DelegatingMethodAccessorImpl.invoke(DelegatingMethodAccessorImpl.java:43)
Caused by: com.kms.katalon.core.exception.StepFailedException: Web element with id: 'Object Repository/Page_Create Account/Password Field' located by 'id("password")[count(. | //input[@type = 'text' and @class = 'form-control ' and @id = 'password' and @name = 'password' and @placeholder = 'Password']) = count(//input[@type = 'text' and @class = 'form-control ' and @id = 'password' and @name = 'password' and @placeholder = 'Password'])]' not found
	at com.kms.katalon.core.webui.keyword.internal.WebUIKeywordMain.stepFailed(WebUIKeywordMain.groovy:64)
	at com.kms.katalon.core.webui.keyword.builtin.VerifyElementClickableKeyword$_verifyElementClickable_closure1.doCall(VerifyElementClickableKeyword.groovy:88)
	at com.kms.katalon.core.webui.keyword.builtin.VerifyElementClickableKeyword$_verifyElementClickable_closure1.call(VerifyElementClickableKeyword.groovy)
	at com.kms.katalon.core.webui.keyword.internal.WebUIKeywordMain.runKeyword(WebUIKeywordMain.groovy:20)
	... 20 more]]></system-out>
      <system-err><![CDATA[19-01-2024T11:32:58 - [TEST_SUITE][FAILED] - Edit Account Test Suite: Test Cases/Offline PSSI Dashboard Function/Create BE Account Management/Edit Account/Negative Test Case/PSSIEditAccountDuplicateEmail FAILED.
Reason:
com.kms.katalon.core.exception.StepFailedException: Unable to verify object 'Object Repository/Page_Create Account/Password Field' to be clickable
	at com.kms.katalon.core.webui.keyword.internal.WebUIKeywordMain.stepFailed(WebUIKeywordMain.groovy:64)
	at com.kms.katalon.core.webui.keyword.internal.WebUIKeywordMain.runKeyword(WebUIKeywordMain.groovy:26)
	at com.kms.katalon.core.webui.keyword.builtin.VerifyElementClickableKeyword.verifyElementClickable(VerifyElementClickableKeyword.groovy:96)
	at com.kms.katalon.core.webui.keyword.builtin.VerifyElementClickableKeyword.execute(VerifyElementClickableKeyword.groovy:67)
	at com.kms.katalon.core.keyword.internal.KeywordExecutor.executeKeywordForPlatform(KeywordExecutor.groovy:74)
	at com.kms.katalon.core.webui.keyword.WebUiBuiltInKeywords.verifyElementClickable(WebUiBuiltInKeywords.groovy:605)
	at PSSIEditAccountDuplicateEmail.run(PSSIEditAccountDuplicateEmail:37)
	at com.kms.katalon.core.main.ScriptEngine.run(ScriptEngine.java:194)
	at com.kms.katalon.core.main.ScriptEngine.runScriptAsRawText(ScriptEngine.java:119)
	at com.kms.katalon.core.main.TestCaseExecutor.runScript(TestCaseExecutor.java:448)
	at com.kms.katalon.core.main.TestCaseExecutor.doExecute(TestCaseExecutor.java:439)
	at com.kms.katalon.core.main.TestCaseExecutor.processExecutionPhase(TestCaseExecutor.java:418)
	at com.kms.katalon.core.main.TestCaseExecutor.accessMainPhase(TestCaseExecutor.java:410)
	at com.kms.katalon.core.main.TestCaseExecutor.execute(TestCaseExecutor.java:285)
	at com.kms.katalon.core.common.CommonExecutor.accessTestCaseMainPhase(CommonExecutor.java:65)
	at com.kms.katalon.core.main.TestSuiteExecutor.accessTestSuiteMainPhase(TestSuiteExecutor.java:148)
	at com.kms.katalon.core.main.TestSuiteExecutor.execute(TestSuiteExecutor.java:106)
	at com.kms.katalon.core.main.TestCaseMain.startTestSuite(TestCaseMain.java:180)
	at TempTestSuite1705637915236.run(TempTestSuite1705637915236.groovy:36)
	at java.base/jdk.internal.reflect.NativeMethodAccessorImpl.invoke0(Native Method)
	at java.base/jdk.internal.reflect.NativeMethodAccessorImpl.invoke(NativeMethodAccessorImpl.java:77)
	at java.base/jdk.internal.reflect.DelegatingMethodAccessorImpl.invoke(DelegatingMethodAccessorImpl.java:43)
Caused by: com.kms.katalon.core.exception.StepFailedException: Web element with id: 'Object Repository/Page_Create Account/Password Field' located by 'id("password")[count(. | //input[@type = 'text' and @class = 'form-control ' and @id = 'password' and @name = 'password' and @placeholder = 'Password']) = count(//input[@type = 'text' and @class = 'form-control ' and @id = 'password' and @name = 'password' and @placeholder = 'Password'])]' not found
	at com.kms.katalon.core.webui.keyword.internal.WebUIKeywordMain.stepFailed(WebUIKeywordMain.groovy:64)
	at com.kms.katalon.core.webui.keyword.builtin.VerifyElementClickableKeyword$_verifyElementClickable_closure1.doCall(VerifyElementClickableKeyword.groovy:88)
	at com.kms.katalon.core.webui.keyword.builtin.VerifyElementClickableKeyword$_verifyElementClickable_closure1.call(VerifyElementClickableKeyword.groovy)
	at com.kms.katalon.core.webui.keyword.internal.WebUIKeywordMain.runKeyword(WebUIKeywordMain.groovy:20)
	... 20 more]]></system-err>
   </testsuite>
   <testsuite name="View Account Management Test Suite" tests="1" failures="0" errors="0" time="12.654" skipped="0" timestamp="19-01-2024T11:44:46" hostname="USER - DESKTOP-HLRVE9S" id="Test Suites/Create BE Account Management/View Account Management Test Suite">
      <properties>
         <property name="deviceName" value=""/>
         <property name="devicePlatform" value=""/>
         <property name="logFolder" value="C:\\Users\\USER\\git\\Kecilin-Automation-Test\\Reports\\20240119_111826\\Create BE Account Management\\View Account Management Test Suite\\20240119_111837"/>
         <property name="logFiles" value="C:\\Users\\USER\\git\\Kecilin-Automation-Test\\Reports\\20240119_111826\\Create BE Account Management\\View Account Management Test Suite\\20240119_111837\\execution0.log"/>
         <property name="attachments" value=""/>
         <property name="hostName" value="USER - DESKTOP-HLRVE9S"/>
         <property name="os" value="Windows 10 64bit"/>
         <property name="katalonVersion" value="9.2.0.212"/>
         <property name="browser" value="Chrome 120.0.0.0"/>
         <property name="hostAddress" value="192.168.100.189"/>
         <property name="sessionId" value="653ccd28e6a19b242bcc3bde0ca72e5e"/>
         <property name="seleniumVersion" value="3.141.59"/>
         <property name="proxyInformation" value="ProxyInformation { proxyOption=NO_PROXY, proxyServerType=HTTP, username=, password=********, proxyServerAddress=, proxyServerPort=0, executionList=&quot;&quot;, isApplyToDesiredCapabilities=true }"/>
         <property name="platform" value="Windows 10"/>
      </properties>
      <testcase name="Test Cases/Offline PSSI Dashboard Function/Create BE Account Management/View Account Management/PSSIViewAccountManagement" time="12.378" classname="Test Cases/Offline PSSI Dashboard Function/Create BE Account Management/View Account Management/PSSIViewAccountManagement" status="PASSED">
         <system-out><![CDATA[19-01-2024T11:44:46 - [TEST_CASE][PASSED] - Test Cases/Offline PSSI Dashboard Function/Create BE Account Management/View Account Management/PSSIViewAccountManagement: Test Cases/Offline PSSI Dashboard Function/Create BE Account Management/View Account Management/PSSIViewAccountManagement

19-01-2024T11:44:46 - [TEST_STEP][PASSED] - failureHandling = STOP_ON_FAILURE: null

19-01-2024T11:44:46 - [TEST_STEP][PASSED] - baseUrl = offline_pssi_dashboard_url: null

19-01-2024T11:44:47 - [TEST_STEP][PASSED] - callTestCase(findTestCase("Offline PSSI Dashboard Function/Sign In/PSSISignInValidData"), [:], failureHandling): Call Test Case 'Test Cases/Offline PSSI Dashboard Function/Sign In/PSSISignInValidData' successfully

19-01-2024T11:44:47 - [TEST_CASE][PASSED] - Test Cases/Offline PSSI Dashboard Function/Sign In/PSSISignInValidData: Test Cases/Offline PSSI Dashboard Function/Sign In/PSSISignInValidData

19-01-2024T11:44:47 - [TEST_STEP][PASSED] - failureHandling = STOP_ON_FAILURE: null

19-01-2024T11:44:47 - [TEST_STEP][PASSED] - baseUrl = offline_pssi_dashboard_url: null

19-01-2024T11:44:47 - [TEST_STEP][PASSED] - openBrowser(""): Browser is opened with url: ''

19-01-2024T11:44:48 - [MESSAGE][INFO] - Starting 'Chrome' driver

19-01-2024T11:44:48 - [MESSAGE][INFO] - User set preference: ['unhandledPromptBehaviour', 'ignore']

19-01-2024T11:44:48 - [MESSAGE][INFO] - User set preference: ['unexpectedAlertBehaviour', 'ignore']

19-01-2024T11:44:48 - [MESSAGE][INFO] - Action delay is set to 0 milliseconds

19-01-2024T11:44:50 - [MESSAGE][PASSED] - Browser is opened with url: ''

19-01-2024T11:44:50 - [TEST_STEP][PASSED] - navigateToUrl(baseUrl): Navigate to 'https://monitoring.pssi-dev.kecilin.id' successfully

19-01-2024T11:44:51 - [MESSAGE][PASSED] - Navigate to 'https://monitoring.pssi-dev.kecilin.id' successfully

19-01-2024T11:44:51 - [TEST_STEP][PASSED] - maximizeWindow(): Current window maximized

19-01-2024T11:44:51 - [MESSAGE][PASSED] - Current window maximized

19-01-2024T11:44:51 - [TEST_STEP][PASSED] - setText(findTestObject("Object Repository/Page_Login/input_email"), "superadmin@app.com"): Text 'superadmin@app.com' is set on object 'Object Repository/Page_Login/input_email'

19-01-2024T11:44:52 - [MESSAGE][PASSED] - Text 'superadmin@app.com' is set on object 'Object Repository/Page_Login/input_email'

19-01-2024T11:44:52 - [TEST_STEP][PASSED] - setEncryptedText(findTestObject("Object Repository/Page_Login/input_password"), "8SQVv/p9jVScEs4/2CZsLw=="): Text ****** has been set on object 'Object Repository/Page_Login/input_password'

19-01-2024T11:44:53 - [MESSAGE][PASSED] - Text ****** has been set on object 'Object Repository/Page_Login/input_password'

19-01-2024T11:44:53 - [TEST_STEP][PASSED] - click(findTestObject("Object Repository/Page_Login/button_Sign In")): Object: 'Object Repository/Page_Login/button_Sign In' is clicked on

19-01-2024T11:44:55 - [MESSAGE][PASSED] - Object: 'Object Repository/Page_Login/button_Sign In' is clicked on

19-01-2024T11:44:55 - [MESSAGE][PASSED] - Call Test Case 'Test Cases/Offline PSSI Dashboard Function/Sign In/PSSISignInValidData' successfully

19-01-2024T11:44:55 - [TEST_STEP][PASSED] - scrollToElement(findTestObject("Page_Dashboard/Account Management Sidebar"), 0): Scroll to object 'Object Repository/Page_Dashboard/Account Management Sidebar' successfully

19-01-2024T11:44:55 - [MESSAGE][WARNING] - Timeout '0' is invalid. Using default page load timeout: '1'

19-01-2024T11:44:57 - [MESSAGE][INFO] - Unable to find the element located by 'By.xpath: id("sidenav-collapse-main")/ul[@class="navbar-nav"]/li[@class="nav-item"]/a[@class="nav-link"][count(. | //a[@class = 'nav-link  ' and @href = '/accounts' and (text() = '
            
              
                
              
            
            Account Management
          ' or . = '
            
              
                
              
            
            Account Management
          ')]) = count(//a[@class = 'nav-link  ' and @href = '/accounts' and (text() = '
            
              
                
              
            
            Account Management
          ' or . = '
            
              
                
              
            
            Account Management
          ')])]'. Please recheck the objects properties to make sure the desired element is located. 

19-01-2024T11:44:57 - [MESSAGE][WARNING] - [SELF-HEALING] Failed to find element with id 'Object Repository/Page_Dashboard/Account Management Sidebar'. Try using Self-healing.

19-01-2024T11:44:58 - [MESSAGE][WARNING] - [SELF-HEALING] The current locator of test object 'Object Repository/Page_Dashboard/Account Management Sidebar' was broken. Propose an alternative one: '//div[@id='sidenav-collapse-main']/ul/li[12]/a'.

19-01-2024T11:44:58 - [MESSAGE][PASSED] - Scroll to object 'Object Repository/Page_Dashboard/Account Management Sidebar' successfully

19-01-2024T11:44:58 - [TEST_STEP][PASSED] - navigateToUrl(baseUrl + "/accounts", failureHandling): Navigate to 'https://monitoring.pssi-dev.kecilin.id/accounts' successfully

19-01-2024T11:44:58 - [MESSAGE][PASSED] - Navigate to 'https://monitoring.pssi-dev.kecilin.id/accounts' successfully]]></system-out>
         <system-err><![CDATA[]]></system-err>
      </testcase>
      <system-out><![CDATA[19-01-2024T11:44:46 - [TEST_SUITE][PASSED] - View Account Management Test Suite: Test Cases/Offline PSSI Dashboard Function/Create BE Account Management/View Account Management/PSSIViewAccountManagement]]></system-out>
      <system-err><![CDATA[]]></system-err>
   </testsuite>
</testsuites>
