<?xml version="1.0" encoding="UTF-8"?>
<testsuites name="View Monitoring Data Test Suite" time="13.224" tests="1" failures="0" errors="0">
   <testsuite name="View Monitoring Data Test Suite" tests="1" failures="0" errors="0" time="13.224" skipped="0" timestamp="08-01-2024T12:22:57" hostname="USER - DESKTOP-HLRVE9S" id="Test Suites/Create BE Monitoring Data/View Monitoring Data Test Suite">
      <properties>
         <property name="deviceName" value=""/>
         <property name="devicePlatform" value=""/>
         <property name="logFolder" value="C:\\Users\\USER\\git\\Kecilin-Automation-Test\\Reports\\20240108_120718\\Create BE Monitoring Data\\View Monitoring Data Test Suite\\20240108_120726"/>
         <property name="logFiles" value="C:\\Users\\USER\\git\\Kecilin-Automation-Test\\Reports\\20240108_120718\\Create BE Monitoring Data\\View Monitoring Data Test Suite\\20240108_120726\\execution0.log"/>
         <property name="attachments" value=""/>
         <property name="hostName" value="USER - DESKTOP-HLRVE9S"/>
         <property name="os" value="Windows 10 64bit"/>
         <property name="katalonVersion" value="9.2.0.212"/>
         <property name="browser" value="Chrome 120.0.0.0"/>
         <property name="hostAddress" value="192.168.100.183"/>
         <property name="sessionId" value="6cabf0e58785119e063fd92401ade8fd"/>
         <property name="seleniumVersion" value="3.141.59"/>
         <property name="proxyInformation" value="ProxyInformation { proxyOption=NO_PROXY, proxyServerType=HTTP, username=, password=********, proxyServerAddress=, proxyServerPort=0, executionList=&quot;&quot;, isApplyToDesiredCapabilities=true }"/>
         <property name="platform" value="Windows 10"/>
      </properties>
      <testcase name="Test Cases/Offline PSSI Dashboard Function/Create BE Monitoring Data/View Monitoring Data/PSSIViewMonitoringData" time="12.648" classname="Test Cases/Offline PSSI Dashboard Function/Create BE Monitoring Data/View Monitoring Data/PSSIViewMonitoringData" status="PASSED">
         <system-out><![CDATA[08-01-2024T12:22:57 - [TEST_CASE][PASSED] - Test Cases/Offline PSSI Dashboard Function/Create BE Monitoring Data/View Monitoring Data/PSSIViewMonitoringData: Test Cases/Offline PSSI Dashboard Function/Create BE Monitoring Data/View Monitoring Data/PSSIViewMonitoringData

08-01-2024T12:22:58 - [TEST_STEP][PASSED] - baseUrl = offline_pssi_dashboard_url: null

08-01-2024T12:22:59 - [TEST_STEP][PASSED] - callTestCase(findTestCase("Offline PSSI Dashboard Function/Sign In/PSSISignInValidData"), [:]): Call Test Case 'Test Cases/Offline PSSI Dashboard Function/Sign In/PSSISignInValidData' successfully

08-01-2024T12:23:00 - [TEST_CASE][PASSED] - Test Cases/Offline PSSI Dashboard Function/Sign In/PSSISignInValidData: Test Cases/Offline PSSI Dashboard Function/Sign In/PSSISignInValidData

08-01-2024T12:23:00 - [TEST_STEP][PASSED] - failureHandling = STOP_ON_FAILURE: null

08-01-2024T12:23:01 - [TEST_STEP][PASSED] - baseUrl = offline_pssi_dashboard_url: null

08-01-2024T12:23:01 - [TEST_STEP][PASSED] - openBrowser(""): Browser is opened with url: ''

08-01-2024T12:23:01 - [MESSAGE][INFO] - Starting 'Chrome' driver

08-01-2024T12:23:01 - [MESSAGE][INFO] - Action delay is set to 0 milliseconds

08-01-2024T12:23:04 - [MESSAGE][PASSED] - Browser is opened with url: ''

08-01-2024T12:23:04 - [TEST_STEP][PASSED] - navigateToUrl(baseUrl): Navigate to 'https://monitoring.pssi-dev.kecilin.id' successfully

08-01-2024T12:23:05 - [MESSAGE][PASSED] - Navigate to 'https://monitoring.pssi-dev.kecilin.id' successfully

08-01-2024T12:23:05 - [TEST_STEP][PASSED] - maximizeWindow(): Current window maximized

08-01-2024T12:23:06 - [MESSAGE][PASSED] - Current window maximized

08-01-2024T12:23:06 - [TEST_STEP][PASSED] - setText(findTestObject("Object Repository/Page_Login/input_email"), "superadmin@app.com"): Text 'superadmin@app.com' is set on object 'Object Repository/Page_Login/input_email'

08-01-2024T12:23:07 - [MESSAGE][PASSED] - Text 'superadmin@app.com' is set on object 'Object Repository/Page_Login/input_email'

08-01-2024T12:23:07 - [TEST_STEP][PASSED] - setEncryptedText(findTestObject("Object Repository/Page_Login/input_password"), "8SQVv/p9jVScEs4/2CZsLw=="): Text ****** has been set on object 'Object Repository/Page_Login/input_password'

08-01-2024T12:23:07 - [MESSAGE][PASSED] - Text ****** has been set on object 'Object Repository/Page_Login/input_password'

08-01-2024T12:23:07 - [TEST_STEP][PASSED] - click(findTestObject("Object Repository/Page_Login/button_Sign In")): Object: 'Object Repository/Page_Login/button_Sign In' is clicked on

08-01-2024T12:23:09 - [MESSAGE][PASSED] - Object: 'Object Repository/Page_Login/button_Sign In' is clicked on

08-01-2024T12:23:09 - [MESSAGE][PASSED] - Call Test Case 'Test Cases/Offline PSSI Dashboard Function/Sign In/PSSISignInValidData' successfully

08-01-2024T12:23:09 - [TEST_STEP][PASSED] - navigateToUrl(baseUrl + "/monitoring"): Navigate to 'https://monitoring.pssi-dev.kecilin.id/monitoring' successfully

08-01-2024T12:23:10 - [MESSAGE][PASSED] - Navigate to 'https://monitoring.pssi-dev.kecilin.id/monitoring' successfully]]></system-out>
         <system-err><![CDATA[]]></system-err>
      </testcase>
      <system-out><![CDATA[08-01-2024T12:22:57 - [TEST_SUITE][PASSED] - View Monitoring Data Test Suite: Test Cases/Offline PSSI Dashboard Function/Create BE Monitoring Data/View Monitoring Data/PSSIViewMonitoringData]]></system-out>
      <system-err><![CDATA[]]></system-err>
   </testsuite>
</testsuites>
