<?xml version="1.0" encoding="UTF-8"?>
<testsuites name="Create BE Monitoring Data Test Suite Collection" time="954.083" tests="12" failures="5" errors="0">
   <testsuite name="Breadcrumb Navigation Test Suite" tests="1" failures="1" errors="0" time="150.833" skipped="0" timestamp="08-01-2024T12:07:43" hostname="USER - DESKTOP-HLRVE9S" id="Test Suites/Create BE Monitoring Data/Breadcrumb Navigation Test Suite">
      <properties>
         <property name="deviceName" value=""/>
         <property name="devicePlatform" value=""/>
         <property name="logFolder" value="C:\\Users\\USER\\git\\Kecilin-Automation-Test\\Reports\\20240108_120718\\Create BE Monitoring Data\\Breadcrumb Navigation Test Suite\\20240108_120720"/>
         <property name="logFiles" value="C:\\Users\\USER\\git\\Kecilin-Automation-Test\\Reports\\20240108_120718\\Create BE Monitoring Data\\Breadcrumb Navigation Test Suite\\20240108_120720\\execution0.log"/>
         <property name="attachments" value="C:\\Users\\USER\\git\\Kecilin-Automation-Test\\Reports\\20240108_120718\\Create BE Monitoring Data\\Breadcrumb Navigation Test Suite\\20240108_120720\\1704690486156.png, C:\\Users\\USER\\git\\Kecilin-Automation-Test\\Reports\\20240108_120718\\Create BE Monitoring Data\\Breadcrumb Navigation Test Suite\\20240108_120720\\1704690493529.png, C:\\Users\\USER\\git\\Kecilin-Automation-Test\\Reports\\20240108_120718\\Create BE Monitoring Data\\Breadcrumb Navigation Test Suite\\20240108_120720\\1704690499160.png, C:\\Users\\USER\\git\\Kecilin-Automation-Test\\Reports\\20240108_120718\\Create BE Monitoring Data\\Breadcrumb Navigation Test Suite\\20240108_120720\\1704690514124.png, C:\\Users\\USER\\git\\Kecilin-Automation-Test\\Reports\\20240108_120718\\Create BE Monitoring Data\\Breadcrumb Navigation Test Suite\\20240108_120720\\1704690520346.png, C:\\Users\\USER\\git\\Kecilin-Automation-Test\\Reports\\20240108_120718\\Create BE Monitoring Data\\Breadcrumb Navigation Test Suite\\20240108_120720\\1704690525689.png, C:\\Users\\USER\\git\\Kecilin-Automation-Test\\Reports\\20240108_120718\\Create BE Monitoring Data\\Breadcrumb Navigation Test Suite\\20240108_120720\\1704690540808.png, C:\\Users\\USER\\git\\Kecilin-Automation-Test\\Reports\\20240108_120718\\Create BE Monitoring Data\\Breadcrumb Navigation Test Suite\\20240108_120720\\1704690546719.png, C:\\Users\\USER\\git\\Kecilin-Automation-Test\\Reports\\20240108_120718\\Create BE Monitoring Data\\Breadcrumb Navigation Test Suite\\20240108_120720\\1704690586419.png, C:\\Users\\USER\\git\\Kecilin-Automation-Test\\Reports\\20240108_120718\\Create BE Monitoring Data\\Breadcrumb Navigation Test Suite\\20240108_120720\\1704690602776.png, C:\\Users\\USER\\git\\Kecilin-Automation-Test\\Reports\\20240108_120718\\Create BE Monitoring Data\\Breadcrumb Navigation Test Suite\\20240108_120720\\1704690608939.png, C:\\Users\\USER\\git\\Kecilin-Automation-Test\\Reports\\20240108_120718\\Create BE Monitoring Data\\Breadcrumb Navigation Test Suite\\20240108_120720\\1704690613959.png"/>
         <property name="hostName" value="USER - DESKTOP-HLRVE9S"/>
         <property name="os" value="Windows 10 64bit"/>
         <property name="katalonVersion" value="9.2.0.212"/>
         <property name="browser" value="Chrome 120.0.0.0"/>
         <property name="hostAddress" value="192.168.100.183"/>
         <property name="sessionId" value="6a50f9ef8d7e9bd73a8f8c4e6f9ee20f"/>
         <property name="seleniumVersion" value="3.141.59"/>
         <property name="proxyInformation" value="ProxyInformation { proxyOption=NO_PROXY, proxyServerType=HTTP, username=, password=********, proxyServerAddress=, proxyServerPort=0, executionList=&quot;&quot;, isApplyToDesiredCapabilities=true }"/>
         <property name="platform" value="Windows 10"/>
      </properties>
      <testcase name="Test Cases/Offline PSSI Dashboard Function/Create BE Monitoring Data/Breadcrumb Navigation/PSSIBreadcrumbInMonitoringResult" time="27.503" classname="Test Cases/Offline PSSI Dashboard Function/Create BE Monitoring Data/Breadcrumb Navigation/PSSIBreadcrumbInMonitoringResult" status="FAILED">
         <failure type="FAILED" message="Test Cases/Offline PSSI Dashboard Function/Create BE Monitoring Data/Breadcrumb Navigation/PSSIBreadcrumbInMonitoringResult FAILED.&#xa;Reason:&#xa;com.kms.katalon.core.exception.StepFailedException: Unable to verify object to be clickable&#xa;	at com.kms.katalon.core.webui.keyword.internal.WebUIKeywordMain.stepFailed(WebUIKeywordMain.groovy:64)&#xa;	at com.kms.katalon.core.webui.keyword.internal.WebUIKeywordMain.runKeyword(WebUIKeywordMain.groovy:26)&#xa;	at com.kms.katalon.core.webui.keyword.builtin.VerifyElementClickableKeyword.verifyElementClickable(VerifyElementClickableKeyword.groovy:96)&#xa;	at com.kms.katalon.core.webui.keyword.builtin.VerifyElementClickableKeyword.execute(VerifyElementClickableKeyword.groovy:67)&#xa;	at com.kms.katalon.core.keyword.internal.KeywordExecutor.executeKeywordForPlatform(KeywordExecutor.groovy:74)&#xa;	at com.kms.katalon.core.webui.keyword.WebUiBuiltInKeywords.verifyElementClickable(WebUiBuiltInKeywords.groovy:605)&#xa;	at PSSIBreadcrumbInMonitoringResult.run(PSSIBreadcrumbInMonitoringResult:79)&#xa;	at com.kms.katalon.core.main.ScriptEngine.run(ScriptEngine.java:194)&#xa;	at com.kms.katalon.core.main.ScriptEngine.runScriptAsRawText(ScriptEngine.java:119)&#xa;	at com.kms.katalon.core.main.TestCaseExecutor.runScript(TestCaseExecutor.java:448)&#xa;	at com.kms.katalon.core.main.TestCaseExecutor.doExecute(TestCaseExecutor.java:439)&#xa;	at com.kms.katalon.core.main.TestCaseExecutor.processExecutionPhase(TestCaseExecutor.java:418)&#xa;	at com.kms.katalon.core.main.TestCaseExecutor.accessMainPhase(TestCaseExecutor.java:410)&#xa;	at com.kms.katalon.core.main.TestCaseExecutor.execute(TestCaseExecutor.java:285)&#xa;	at com.kms.katalon.core.main.TestCaseExecutor.execute(TestCaseExecutor.java:369)&#xa;	at com.kms.katalon.core.main.TestCaseExecutor.execute(TestCaseExecutor.java:369)&#xa;	at com.kms.katalon.core.main.TestCaseExecutor.execute(TestCaseExecutor.java:369)&#xa;	at com.kms.katalon.core.common.CommonExecutor.accessTestCaseMainPhase(CommonExecutor.java:65)&#xa;	at com.kms.katalon.core.main.TestSuiteExecutor.accessTestSuiteMainPhase(TestSuiteExecutor.java:148)&#xa;	at com.kms.katalon.core.main.TestSuiteExecutor.execute(TestSuiteExecutor.java:106)&#xa;	at com.kms.katalon.core.main.TestCaseMain.startTestSuite(TestCaseMain.java:180)&#xa;	at TempTestSuite1704690440418.run(TempTestSuite1704690440418.groovy:36)&#xa;	at java.base/jdk.internal.reflect.NativeMethodAccessorImpl.invoke0(Native Method)&#xa;	at java.base/jdk.internal.reflect.NativeMethodAccessorImpl.invoke(NativeMethodAccessorImpl.java:77)&#xa;	at java.base/jdk.internal.reflect.DelegatingMethodAccessorImpl.invoke(DelegatingMethodAccessorImpl.java:43)&#xa;Caused by: java.lang.IllegalArgumentException: Object is null&#xa;	at com.kms.katalon.core.helper.KeywordHelper.checkTestObjectParameter(KeywordHelper.java:33)&#xa;	at com.kms.katalon.core.webui.keyword.builtin.VerifyElementClickableKeyword$_verifyElementClickable_closure1.doCall(VerifyElementClickableKeyword.groovy:75)&#xa;	at com.kms.katalon.core.webui.keyword.builtin.VerifyElementClickableKeyword$_verifyElementClickable_closure1.call(VerifyElementClickableKeyword.groovy)&#xa;	at com.kms.katalon.core.webui.keyword.internal.WebUIKeywordMain.runKeyword(WebUIKeywordMain.groovy:20)&#xa;	... 23 more&#xa;"/>
         <system-out><![CDATA[08-01-2024T12:09:46 - [TEST_CASE][FAILED] - Test Cases/Offline PSSI Dashboard Function/Create BE Monitoring Data/Breadcrumb Navigation/PSSIBreadcrumbInMonitoringResult: Test Cases/Offline PSSI Dashboard Function/Create BE Monitoring Data/Breadcrumb Navigation/PSSIBreadcrumbInMonitoringResult FAILED.
Reason:
com.kms.katalon.core.exception.StepFailedException: Unable to verify object to be clickable
	at com.kms.katalon.core.webui.keyword.internal.WebUIKeywordMain.stepFailed(WebUIKeywordMain.groovy:64)
	at com.kms.katalon.core.webui.keyword.internal.WebUIKeywordMain.runKeyword(WebUIKeywordMain.groovy:26)
	at com.kms.katalon.core.webui.keyword.builtin.VerifyElementClickableKeyword.verifyElementClickable(VerifyElementClickableKeyword.groovy:96)
	at com.kms.katalon.core.webui.keyword.builtin.VerifyElementClickableKeyword.execute(VerifyElementClickableKeyword.groovy:67)
	at com.kms.katalon.core.keyword.internal.KeywordExecutor.executeKeywordForPlatform(KeywordExecutor.groovy:74)
	at com.kms.katalon.core.webui.keyword.WebUiBuiltInKeywords.verifyElementClickable(WebUiBuiltInKeywords.groovy:605)
	at PSSIBreadcrumbInMonitoringResult.run(PSSIBreadcrumbInMonitoringResult:79)
	at com.kms.katalon.core.main.ScriptEngine.run(ScriptEngine.java:194)
	at com.kms.katalon.core.main.ScriptEngine.runScriptAsRawText(ScriptEngine.java:119)
	at com.kms.katalon.core.main.TestCaseExecutor.runScript(TestCaseExecutor.java:448)
	at com.kms.katalon.core.main.TestCaseExecutor.doExecute(TestCaseExecutor.java:439)
	at com.kms.katalon.core.main.TestCaseExecutor.processExecutionPhase(TestCaseExecutor.java:418)
	at com.kms.katalon.core.main.TestCaseExecutor.accessMainPhase(TestCaseExecutor.java:410)
	at com.kms.katalon.core.main.TestCaseExecutor.execute(TestCaseExecutor.java:285)
	at com.kms.katalon.core.main.TestCaseExecutor.execute(TestCaseExecutor.java:369)
	at com.kms.katalon.core.main.TestCaseExecutor.execute(TestCaseExecutor.java:369)
	at com.kms.katalon.core.main.TestCaseExecutor.execute(TestCaseExecutor.java:369)
	at com.kms.katalon.core.common.CommonExecutor.accessTestCaseMainPhase(CommonExecutor.java:65)
	at com.kms.katalon.core.main.TestSuiteExecutor.accessTestSuiteMainPhase(TestSuiteExecutor.java:148)
	at com.kms.katalon.core.main.TestSuiteExecutor.execute(TestSuiteExecutor.java:106)
	at com.kms.katalon.core.main.TestCaseMain.startTestSuite(TestCaseMain.java:180)
	at TempTestSuite1704690440418.run(TempTestSuite1704690440418.groovy:36)
	at java.base/jdk.internal.reflect.NativeMethodAccessorImpl.invoke0(Native Method)
	at java.base/jdk.internal.reflect.NativeMethodAccessorImpl.invoke(NativeMethodAccessorImpl.java:77)
	at java.base/jdk.internal.reflect.DelegatingMethodAccessorImpl.invoke(DelegatingMethodAccessorImpl.java:43)
Caused by: java.lang.IllegalArgumentException: Object is null
	at com.kms.katalon.core.helper.KeywordHelper.checkTestObjectParameter(KeywordHelper.java:33)
	at com.kms.katalon.core.webui.keyword.builtin.VerifyElementClickableKeyword$_verifyElementClickable_closure1.doCall(VerifyElementClickableKeyword.groovy:75)
	at com.kms.katalon.core.webui.keyword.builtin.VerifyElementClickableKeyword$_verifyElementClickable_closure1.call(VerifyElementClickableKeyword.groovy)
	at com.kms.katalon.core.webui.keyword.internal.WebUIKeywordMain.runKeyword(WebUIKeywordMain.groovy:20)
	... 23 more


08-01-2024T12:09:46 - [TEST_STEP][PASSED] - baseUrl = offline_pssi_dashboard_url: null

08-01-2024T12:09:46 - [TEST_STEP][PASSED] - callTestCase(findTestCase("Offline PSSI Dashboard Function/Create BE Monitoring Data/View Monitoring Data/PSSIViewMonitoringData"), [:]): Call Test Case 'Test Cases/Offline PSSI Dashboard Function/Create BE Monitoring Data/View Monitoring Data/PSSIViewMonitoringData' successfully

08-01-2024T12:09:46 - [TEST_CASE][PASSED] - Test Cases/Offline PSSI Dashboard Function/Create BE Monitoring Data/View Monitoring Data/PSSIViewMonitoringData: Test Cases/Offline PSSI Dashboard Function/Create BE Monitoring Data/View Monitoring Data/PSSIViewMonitoringData

08-01-2024T12:09:46 - [TEST_STEP][PASSED] - baseUrl = offline_pssi_dashboard_url: null

08-01-2024T12:09:46 - [TEST_STEP][PASSED] - callTestCase(findTestCase("Offline PSSI Dashboard Function/Sign In/PSSISignInValidData"), [:]): Call Test Case 'Test Cases/Offline PSSI Dashboard Function/Sign In/PSSISignInValidData' successfully

08-01-2024T12:09:46 - [TEST_CASE][PASSED] - Test Cases/Offline PSSI Dashboard Function/Sign In/PSSISignInValidData: Test Cases/Offline PSSI Dashboard Function/Sign In/PSSISignInValidData

08-01-2024T12:09:46 - [TEST_STEP][PASSED] - failureHandling = STOP_ON_FAILURE: null

08-01-2024T12:09:46 - [TEST_STEP][PASSED] - baseUrl = offline_pssi_dashboard_url: null

08-01-2024T12:09:46 - [TEST_STEP][PASSED] - openBrowser(""): Browser is opened with url: ''

08-01-2024T12:09:47 - [MESSAGE][WARNING] - A browser is already opened. Closing browser and opening a new one

08-01-2024T12:09:47 - [MESSAGE][INFO] - Starting 'Chrome' driver

08-01-2024T12:09:47 - [MESSAGE][INFO] - Action delay is set to 0 milliseconds

08-01-2024T12:09:49 - [MESSAGE][PASSED] - Browser is opened with url: ''

08-01-2024T12:09:49 - [TEST_STEP][PASSED] - navigateToUrl(baseUrl): Navigate to 'https://monitoring.pssi-dev.kecilin.id' successfully

08-01-2024T12:09:50 - [MESSAGE][PASSED] - Navigate to 'https://monitoring.pssi-dev.kecilin.id' successfully

08-01-2024T12:09:50 - [TEST_STEP][PASSED] - maximizeWindow(): Current window maximized

08-01-2024T12:09:51 - [MESSAGE][PASSED] - Current window maximized

08-01-2024T12:09:51 - [TEST_STEP][PASSED] - setText(findTestObject("Object Repository/Page_Login/input_email"), "superadmin@app.com"): Text 'superadmin@app.com' is set on object 'Object Repository/Page_Login/input_email'

08-01-2024T12:09:51 - [MESSAGE][PASSED] - Text 'superadmin@app.com' is set on object 'Object Repository/Page_Login/input_email'

08-01-2024T12:09:51 - [TEST_STEP][PASSED] - setEncryptedText(findTestObject("Object Repository/Page_Login/input_password"), "8SQVv/p9jVScEs4/2CZsLw=="): Text ****** has been set on object 'Object Repository/Page_Login/input_password'

08-01-2024T12:09:52 - [MESSAGE][PASSED] - Text ****** has been set on object 'Object Repository/Page_Login/input_password'

08-01-2024T12:09:52 - [TEST_STEP][PASSED] - click(findTestObject("Object Repository/Page_Login/button_Sign In")): Object: 'Object Repository/Page_Login/button_Sign In' is clicked on

08-01-2024T12:09:54 - [MESSAGE][PASSED] - Object: 'Object Repository/Page_Login/button_Sign In' is clicked on

08-01-2024T12:09:54 - [MESSAGE][PASSED] - Call Test Case 'Test Cases/Offline PSSI Dashboard Function/Sign In/PSSISignInValidData' successfully

08-01-2024T12:09:54 - [TEST_STEP][PASSED] - navigateToUrl(baseUrl + "/monitoring"): Navigate to 'https://monitoring.pssi-dev.kecilin.id/monitoring' successfully

08-01-2024T12:09:55 - [MESSAGE][PASSED] - Navigate to 'https://monitoring.pssi-dev.kecilin.id/monitoring' successfully

08-01-2024T12:09:55 - [MESSAGE][PASSED] - Call Test Case 'Test Cases/Offline PSSI Dashboard Function/Create BE Monitoring Data/View Monitoring Data/PSSIViewMonitoringData' successfully

08-01-2024T12:09:55 - [TEST_STEP][PASSED] - verifyElementClickable(findTestObject("Page_Monitoring/Left Camera Selection")): Object 'Object Repository/Page_Monitoring/Left Camera Selection' is clickable

08-01-2024T12:09:55 - [MESSAGE][PASSED] - Object 'Object Repository/Page_Monitoring/Left Camera Selection' is clickable

08-01-2024T12:09:55 - [TEST_STEP][PASSED] - click(findTestObject("Page_Monitoring/Left Camera Selection")): Object: 'Object Repository/Page_Monitoring/Left Camera Selection' is clicked on

08-01-2024T12:09:56 - [MESSAGE][PASSED] - Object: 'Object Repository/Page_Monitoring/Left Camera Selection' is clicked on

08-01-2024T12:09:56 - [TEST_STEP][PASSED] - verifyElementClickable(findTestObject("Page_Monitoring/Left search field")): Object 'Object Repository/Page_Monitoring/Left search field' is clickable

08-01-2024T12:09:56 - [MESSAGE][PASSED] - Object 'Object Repository/Page_Monitoring/Left search field' is clickable

08-01-2024T12:09:56 - [TEST_STEP][PASSED] - setText(findTestObject("Page_Monitoring/Left search field"), "CCTV"): Text 'CCTV' is set on object 'Object Repository/Page_Monitoring/Left search field'

08-01-2024T12:09:57 - [MESSAGE][PASSED] - Text 'CCTV' is set on object 'Object Repository/Page_Monitoring/Left search field'

08-01-2024T12:09:57 - [TEST_STEP][PASSED] - expectedPattern = ".*CCTV.*": null

08-01-2024T12:09:57 - [TEST_STEP][PASSED] - elementText = getText(findTestObject("Page_Monitoring/Left Search Box")): Text of object 'Object Repository/Page_Monitoring/Left Search Box' is: 'Stadion Utama Gelora Bung Karno - CCTV 1'

08-01-2024T12:10:00 - [MESSAGE][INFO] - Unable to find the element located by 'By.xpath: id("select2-select_camera_first-results")[count(. | //ul[@class = 'select2-results__options' and @role = 'listbox' and @id = 'select2-select_camera_first-results' and @aria-expanded = 'true' and @aria-hidden = 'false' and (text() = 'Searching…Stadion Utama Gelora Bung Karno - Testing 1Stadion Utama Gelora Bung Karno - CCTV 1Stadion Gelora Bandung Lautan Api - Stadion GBLAStadion Gelora Bandung Lautan Api - Stadion GBLA - KompresiStadion Gelora Bangkalan - aStadion Gelora Bangkalan - aStadion Gelora Bangkalan - aStadion Gelora Bangkalan - aStadion Gelora Bangkalan - aStadion Gelora Bangkalan - aStadion Gelora Bangkalan - aStadion Gelora Bangkalan - aStadion Gelora Bangkalan - aStadion Gelora Bangkalan - aStadion Gelora Bangkalan - a' or . = 'Searching…Stadion Utama Gelora Bung Karno - Testing 1Stadion Utama Gelora Bung Karno - CCTV 1Stadion Gelora Bandung Lautan Api - Stadion GBLAStadion Gelora Bandung Lautan Api - Stadion GBLA - KompresiStadion Gelora Bangkalan - aStadion Gelora Bangkalan - aStadion Gelora Bangkalan - aStadion Gelora Bangkalan - aStadion Gelora Bangkalan - aStadion Gelora Bangkalan - aStadion Gelora Bangkalan - aStadion Gelora Bangkalan - aStadion Gelora Bangkalan - aStadion Gelora Bangkalan - aStadion Gelora Bangkalan - a')]) = count(//ul[@class = 'select2-results__options' and @role = 'listbox' and @id = 'select2-select_camera_first-results' and @aria-expanded = 'true' and @aria-hidden = 'false' and (text() = 'Searching…Stadion Utama Gelora Bung Karno - Testing 1Stadion Utama Gelora Bung Karno - CCTV 1Stadion Gelora Bandung Lautan Api - Stadion GBLAStadion Gelora Bandung Lautan Api - Stadion GBLA - KompresiStadion Gelora Bangkalan - aStadion Gelora Bangkalan - aStadion Gelora Bangkalan - aStadion Gelora Bangkalan - aStadion Gelora Bangkalan - aStadion Gelora Bangkalan - aStadion Gelora Bangkalan - aStadion Gelora Bangkalan - aStadion Gelora Bangkalan - aStadion Gelora Bangkalan - aStadion Gelora Bangkalan - a' or . = 'Searching…Stadion Utama Gelora Bung Karno - Testing 1Stadion Utama Gelora Bung Karno - CCTV 1Stadion Gelora Bandung Lautan Api - Stadion GBLAStadion Gelora Bandung Lautan Api - Stadion GBLA - KompresiStadion Gelora Bangkalan - aStadion Gelora Bangkalan - aStadion Gelora Bangkalan - aStadion Gelora Bangkalan - aStadion Gelora Bangkalan - aStadion Gelora Bangkalan - aStadion Gelora Bangkalan - aStadion Gelora Bangkalan - aStadion Gelora Bangkalan - aStadion Gelora Bangkalan - aStadion Gelora Bangkalan - a')])]'. Please recheck the objects properties to make sure the desired element is located. 

08-01-2024T12:10:00 - [MESSAGE][WARNING] - [SELF-HEALING] Failed to find element with id 'Object Repository/Page_Monitoring/Left Search Box'. Try using Self-healing.

08-01-2024T12:10:00 - [MESSAGE][WARNING] - [SELF-HEALING] The current locator of test object 'Object Repository/Page_Monitoring/Left Search Box' was broken. Propose an alternative one: '//ul[@id='select2-select_camera_first-results']'.

08-01-2024T12:10:00 - [MESSAGE][PASSED] - Text of object 'Object Repository/Page_Monitoring/Left Search Box' is: 'Stadion Utama Gelora Bung Karno - CCTV 1'

08-01-2024T12:10:00 - [TEST_STEP][PASSED] - isTextMatched = Pattern.matches(expectedPattern, elementText): null

08-01-2024T12:10:00 - [TEST_STEP][PASSED] - sendKeys(findTestObject("Page_Monitoring/Left search field"), Keys.chord(ENTER)): Keys 'ENTER + ' sent to object: 'Object Repository/Page_Monitoring/Left search field'

08-01-2024T12:10:00 - [MESSAGE][PASSED] - Keys 'ENTER + ' sent to object: 'Object Repository/Page_Monitoring/Left search field'

08-01-2024T12:10:00 - [TEST_STEP][PASSED] - waitForElementVisible(findTestObject("Page_Monitoring/Left Loading CCTV stream"), 5): Object 'Object Repository/Page_Monitoring/Left Loading CCTV stream' is visible

08-01-2024T12:10:01 - [MESSAGE][PASSED] - Object 'Object Repository/Page_Monitoring/Left Loading CCTV stream' is visible

08-01-2024T12:10:01 - [TEST_STEP][PASSED] - verifyElementVisible(findTestObject("Page_Monitoring/Left Loading CCTV stream")): Object 'Object Repository/Page_Monitoring/Left Loading CCTV stream' is visible

08-01-2024T12:10:01 - [MESSAGE][PASSED] - Object 'Object Repository/Page_Monitoring/Left Loading CCTV stream' is visible

08-01-2024T12:10:01 - [TEST_STEP][PASSED] - waitForElementVisible(findTestObject("Page_Monitoring/Left Camera Playing"), 5): Object 'Object Repository/Page_Monitoring/Left Camera Playing' is visible

08-01-2024T12:10:02 - [MESSAGE][WARNING] - [SELF-HEALING] Failed to find element with id 'Object Repository/Page_Monitoring/Left Camera Playing'. Try using Self-healing.

08-01-2024T12:10:02 - [MESSAGE][WARNING] - [SELF-HEALING] The current locator of test object 'Object Repository/Page_Monitoring/Left Camera Playing' was broken. Propose an alternative one: '//canvas[@id='stream_first']'.

08-01-2024T12:10:02 - [MESSAGE][PASSED] - Object 'Object Repository/Page_Monitoring/Left Camera Playing' is visible

08-01-2024T12:10:02 - [TEST_STEP][PASSED] - verifyElementVisible(findTestObject("Page_Monitoring/Left Camera Playing")): Object 'Object Repository/Page_Monitoring/Left Camera Playing' is visible

08-01-2024T12:10:02 - [MESSAGE][WARNING] - [SELF-HEALING] Failed to find element with id 'Object Repository/Page_Monitoring/Left Camera Playing'. Try using Self-healing.

08-01-2024T12:10:02 - [MESSAGE][WARNING] - [SELF-HEALING] The current locator of test object 'Object Repository/Page_Monitoring/Left Camera Playing' was broken. Propose an alternative one: '//canvas[@id='stream_first']'.

08-01-2024T12:10:02 - [MESSAGE][PASSED] - Object 'Object Repository/Page_Monitoring/Left Camera Playing' is visible

08-01-2024T12:10:02 - [TEST_STEP][PASSED] - screenshot1 = takeFullPageScreenshot(): Taking screenshot successfully

08-01-2024T12:10:03 - [MESSAGE][INFO] - 0 hidden object(s)

08-01-2024T12:10:03 - [MESSAGE][PASSED] - Taking screenshot successfully
[[ATTACHMENT|C:\\Users\\USER\\git\\Kecilin-Automation-Test\\Reports\\20240108_120718\\Create BE Monitoring Data\\Breadcrumb Navigation Test Suite\\20240108_120720\\1704690602776.png]]

08-01-2024T12:10:03 - [TEST_STEP][PASSED] - Thread.sleep(5000): null

08-01-2024T12:10:08 - [TEST_STEP][PASSED] - screenshot2 = takeFullPageScreenshot(): Taking screenshot successfully

08-01-2024T12:10:09 - [MESSAGE][INFO] - 0 hidden object(s)

08-01-2024T12:10:09 - [MESSAGE][PASSED] - Taking screenshot successfully
[[ATTACHMENT|C:\\Users\\USER\\git\\Kecilin-Automation-Test\\Reports\\20240108_120718\\Create BE Monitoring Data\\Breadcrumb Navigation Test Suite\\20240108_120720\\1704690608939.png]]

08-01-2024T12:10:09 - [TEST_STEP][PASSED] - verifyNotEqual(screenshot1, screenshot2): Actual object '[B@23938caa' and expected object '[B@643bef2a' are not equal

08-01-2024T12:10:09 - [MESSAGE][PASSED] - Actual object '[B@23938caa' and expected object '[B@643bef2a' are not equal

08-01-2024T12:10:09 - [TEST_STEP][PASSED] - scrollToElement(findTestObject("Page_Monitoring/Left Search Identity"), 1): Scroll to object 'Object Repository/Page_Monitoring/Left Search Identity' successfully

08-01-2024T12:10:10 - [MESSAGE][PASSED] - Scroll to object 'Object Repository/Page_Monitoring/Left Search Identity' successfully

08-01-2024T12:10:10 - [TEST_STEP][PASSED] - verifyElementClickable(findTestObject("Page_Monitoring/Left Search Identity")): Object 'Object Repository/Page_Monitoring/Left Search Identity' is clickable

08-01-2024T12:10:10 - [MESSAGE][PASSED] - Object 'Object Repository/Page_Monitoring/Left Search Identity' is clickable

08-01-2024T12:10:10 - [TEST_STEP][PASSED] - click(findTestObject("Page_Monitoring/Left Search Identity")): Object: 'Object Repository/Page_Monitoring/Left Search Identity' is clicked on

08-01-2024T12:10:10 - [MESSAGE][PASSED] - Object: 'Object Repository/Page_Monitoring/Left Search Identity' is clicked on

08-01-2024T12:10:10 - [TEST_STEP][PASSED] - scrollToElement(findTestObject("Page_Monitoring/button_Identify Now Pop Up"), 1): Scroll to object 'Object Repository/Page_Monitoring/button_Identify Now Pop Up' successfully

08-01-2024T12:10:11 - [MESSAGE][PASSED] - Scroll to object 'Object Repository/Page_Monitoring/button_Identify Now Pop Up' successfully

08-01-2024T12:10:11 - [TEST_STEP][PASSED] - waitForElementPresent(findTestObject("Page_Monitoring/button_Identify Now Pop Up"), 5): Object 'Object Repository/Page_Monitoring/button_Identify Now Pop Up' is present

08-01-2024T12:10:11 - [MESSAGE][PASSED] - Object 'Object Repository/Page_Monitoring/button_Identify Now Pop Up' is present

08-01-2024T12:10:11 - [TEST_STEP][PASSED] - verifyElementClickable(findTestObject("Page_Monitoring/button_Identify Now Pop Up")): Object 'Object Repository/Page_Monitoring/button_Identify Now Pop Up' is clickable

08-01-2024T12:10:12 - [MESSAGE][PASSED] - Object 'Object Repository/Page_Monitoring/button_Identify Now Pop Up' is clickable

08-01-2024T12:10:12 - [TEST_STEP][PASSED] - click(findTestObject("Page_Monitoring/button_Identify Now Pop Up")): Object: 'Object Repository/Page_Monitoring/button_Identify Now Pop Up' is clicked on

08-01-2024T12:10:12 - [MESSAGE][PASSED] - Object: 'Object Repository/Page_Monitoring/button_Identify Now Pop Up' is clicked on

08-01-2024T12:10:12 - [TEST_STEP][PASSED] - waitForElementPresent(findTestObject("Page_Result Monitoring/Result Monitoring Title"), 15): Object 'Object Repository/Page_Result Monitoring/Result Monitoring Title' is present

08-01-2024T12:10:13 - [MESSAGE][PASSED] - Object 'Object Repository/Page_Result Monitoring/Result Monitoring Title' is present

08-01-2024T12:10:13 - [TEST_STEP][FAILED] - verifyElementClickable(findTestObject("Page_Result Monitoring/Monitoring Breadcrumb")): Unable to verify object to be clickable (Root cause: com.kms.katalon.core.exception.StepFailedException: Unable to verify object to be clickable
	at com.kms.katalon.core.webui.keyword.internal.WebUIKeywordMain.stepFailed(WebUIKeywordMain.groovy:64)
	at com.kms.katalon.core.webui.keyword.internal.WebUIKeywordMain.runKeyword(WebUIKeywordMain.groovy:26)
	at com.kms.katalon.core.webui.keyword.builtin.VerifyElementClickableKeyword.verifyElementClickable(VerifyElementClickableKeyword.groovy:96)
	at com.kms.katalon.core.webui.keyword.builtin.VerifyElementClickableKeyword.execute(VerifyElementClickableKeyword.groovy:67)
	at com.kms.katalon.core.keyword.internal.KeywordExecutor.executeKeywordForPlatform(KeywordExecutor.groovy:74)
	at com.kms.katalon.core.webui.keyword.WebUiBuiltInKeywords.verifyElementClickable(WebUiBuiltInKeywords.groovy:605)
	at PSSIBreadcrumbInMonitoringResult.run(PSSIBreadcrumbInMonitoringResult:79)
	at com.kms.katalon.core.main.ScriptEngine.run(ScriptEngine.java:194)
	at com.kms.katalon.core.main.ScriptEngine.runScriptAsRawText(ScriptEngine.java:119)
	at com.kms.katalon.core.main.TestCaseExecutor.runScript(TestCaseExecutor.java:448)
	at com.kms.katalon.core.main.TestCaseExecutor.doExecute(TestCaseExecutor.java:439)
	at com.kms.katalon.core.main.TestCaseExecutor.processExecutionPhase(TestCaseExecutor.java:418)
	at com.kms.katalon.core.main.TestCaseExecutor.accessMainPhase(TestCaseExecutor.java:410)
	at com.kms.katalon.core.main.TestCaseExecutor.execute(TestCaseExecutor.java:285)
	at com.kms.katalon.core.main.TestCaseExecutor.execute(TestCaseExecutor.java:369)
	at com.kms.katalon.core.main.TestCaseExecutor.execute(TestCaseExecutor.java:369)
	at com.kms.katalon.core.main.TestCaseExecutor.execute(TestCaseExecutor.java:369)
	at com.kms.katalon.core.common.CommonExecutor.accessTestCaseMainPhase(CommonExecutor.java:65)
	at com.kms.katalon.core.main.TestSuiteExecutor.accessTestSuiteMainPhase(TestSuiteExecutor.java:148)
	at com.kms.katalon.core.main.TestSuiteExecutor.execute(TestSuiteExecutor.java:106)
	at com.kms.katalon.core.main.TestCaseMain.startTestSuite(TestCaseMain.java:180)
	at TempTestSuite1704690440418.run(TempTestSuite1704690440418.groovy:36)
	at java.base/jdk.internal.reflect.NativeMethodAccessorImpl.invoke0(Native Method)
	at java.base/jdk.internal.reflect.NativeMethodAccessorImpl.invoke(NativeMethodAccessorImpl.java:77)
	at java.base/jdk.internal.reflect.DelegatingMethodAccessorImpl.invoke(DelegatingMethodAccessorImpl.java:43)
Caused by: java.lang.IllegalArgumentException: Object is null
	at com.kms.katalon.core.helper.KeywordHelper.checkTestObjectParameter(KeywordHelper.java:33)
	at com.kms.katalon.core.webui.keyword.builtin.VerifyElementClickableKeyword$_verifyElementClickable_closure1.doCall(VerifyElementClickableKeyword.groovy:75)
	at com.kms.katalon.core.webui.keyword.builtin.VerifyElementClickableKeyword$_verifyElementClickable_closure1.call(VerifyElementClickableKeyword.groovy)
	at com.kms.katalon.core.webui.keyword.internal.WebUIKeywordMain.runKeyword(WebUIKeywordMain.groovy:20)
	at com.kms.katalon.core.webui.keyword.builtin.VerifyElementClickableKeyword.verifyElementClickable(VerifyElementClickableKeyword.groovy:96)
	at com.kms.katalon.core.webui.keyword.builtin.VerifyElementClickableKeyword.execute(VerifyElementClickableKeyword.groovy:67)
	at com.kms.katalon.core.keyword.internal.KeywordExecutor.executeKeywordForPlatform(KeywordExecutor.groovy:74)
	at com.kms.katalon.core.webui.keyword.WebUiBuiltInKeywords.verifyElementClickable(WebUiBuiltInKeywords.groovy:605)
	at Script1704686495624.run(Script1704686495624.groovy:79)
	... 18 more
)

08-01-2024T12:10:13 - [MESSAGE][WARNING] - Test object with id 'Object Repository/Page_Result Monitoring/Monitoring Breadcrumb' does not exist

08-01-2024T12:10:13 - [MESSAGE][WARNING] - Test object with id 'Object Repository/' does not exist

08-01-2024T12:10:14 - [MESSAGE][FAILED] - Unable to verify object to be clickable (Root cause: com.kms.katalon.core.exception.StepFailedException: Unable to verify object to be clickable
	at com.kms.katalon.core.webui.keyword.internal.WebUIKeywordMain.stepFailed(WebUIKeywordMain.groovy:64)
	at com.kms.katalon.core.webui.keyword.internal.WebUIKeywordMain.runKeyword(WebUIKeywordMain.groovy:26)
	at com.kms.katalon.core.webui.keyword.builtin.VerifyElementClickableKeyword.verifyElementClickable(VerifyElementClickableKeyword.groovy:96)
	at com.kms.katalon.core.webui.keyword.builtin.VerifyElementClickableKeyword.execute(VerifyElementClickableKeyword.groovy:67)
	at com.kms.katalon.core.keyword.internal.KeywordExecutor.executeKeywordForPlatform(KeywordExecutor.groovy:74)
	at com.kms.katalon.core.webui.keyword.WebUiBuiltInKeywords.verifyElementClickable(WebUiBuiltInKeywords.groovy:605)
	at PSSIBreadcrumbInMonitoringResult.run(PSSIBreadcrumbInMonitoringResult:79)
	at com.kms.katalon.core.main.ScriptEngine.run(ScriptEngine.java:194)
	at com.kms.katalon.core.main.ScriptEngine.runScriptAsRawText(ScriptEngine.java:119)
	at com.kms.katalon.core.main.TestCaseExecutor.runScript(TestCaseExecutor.java:448)
	at com.kms.katalon.core.main.TestCaseExecutor.doExecute(TestCaseExecutor.java:439)
	at com.kms.katalon.core.main.TestCaseExecutor.processExecutionPhase(TestCaseExecutor.java:418)
	at com.kms.katalon.core.main.TestCaseExecutor.accessMainPhase(TestCaseExecutor.java:410)
	at com.kms.katalon.core.main.TestCaseExecutor.execute(TestCaseExecutor.java:285)
	at com.kms.katalon.core.main.TestCaseExecutor.execute(TestCaseExecutor.java:369)
	at com.kms.katalon.core.main.TestCaseExecutor.execute(TestCaseExecutor.java:369)
	at com.kms.katalon.core.main.TestCaseExecutor.execute(TestCaseExecutor.java:369)
	at com.kms.katalon.core.common.CommonExecutor.accessTestCaseMainPhase(CommonExecutor.java:65)
	at com.kms.katalon.core.main.TestSuiteExecutor.accessTestSuiteMainPhase(TestSuiteExecutor.java:148)
	at com.kms.katalon.core.main.TestSuiteExecutor.execute(TestSuiteExecutor.java:106)
	at com.kms.katalon.core.main.TestCaseMain.startTestSuite(TestCaseMain.java:180)
	at TempTestSuite1704690440418.run(TempTestSuite1704690440418.groovy:36)
	at java.base/jdk.internal.reflect.NativeMethodAccessorImpl.invoke0(Native Method)
	at java.base/jdk.internal.reflect.NativeMethodAccessorImpl.invoke(NativeMethodAccessorImpl.java:77)
	at java.base/jdk.internal.reflect.DelegatingMethodAccessorImpl.invoke(DelegatingMethodAccessorImpl.java:43)
Caused by: java.lang.IllegalArgumentException: Object is null
	at com.kms.katalon.core.helper.KeywordHelper.checkTestObjectParameter(KeywordHelper.java:33)
	at com.kms.katalon.core.webui.keyword.builtin.VerifyElementClickableKeyword$_verifyElementClickable_closure1.doCall(VerifyElementClickableKeyword.groovy:75)
	at com.kms.katalon.core.webui.keyword.builtin.VerifyElementClickableKeyword$_verifyElementClickable_closure1.call(VerifyElementClickableKeyword.groovy)
	at com.kms.katalon.core.webui.keyword.internal.WebUIKeywordMain.runKeyword(WebUIKeywordMain.groovy:20)
	at com.kms.katalon.core.webui.keyword.builtin.VerifyElementClickableKeyword.verifyElementClickable(VerifyElementClickableKeyword.groovy:96)
	at com.kms.katalon.core.webui.keyword.builtin.VerifyElementClickableKeyword.execute(VerifyElementClickableKeyword.groovy:67)
	at com.kms.katalon.core.keyword.internal.KeywordExecutor.executeKeywordForPlatform(KeywordExecutor.groovy:74)
	at com.kms.katalon.core.webui.keyword.WebUiBuiltInKeywords.verifyElementClickable(WebUiBuiltInKeywords.groovy:605)
	at Script1704686495624.run(Script1704686495624.groovy:79)
	... 18 more
)
[[ATTACHMENT|C:\\Users\\USER\\git\\Kecilin-Automation-Test\\Reports\\20240108_120718\\Create BE Monitoring Data\\Breadcrumb Navigation Test Suite\\20240108_120720\\1704690613959.png]]]]></system-out>
         <system-err><![CDATA[08-01-2024T12:09:46 - [TEST_CASE][FAILED] - Test Cases/Offline PSSI Dashboard Function/Create BE Monitoring Data/Breadcrumb Navigation/PSSIBreadcrumbInMonitoringResult: Test Cases/Offline PSSI Dashboard Function/Create BE Monitoring Data/Breadcrumb Navigation/PSSIBreadcrumbInMonitoringResult FAILED.
Reason:
com.kms.katalon.core.exception.StepFailedException: Unable to verify object to be clickable
	at com.kms.katalon.core.webui.keyword.internal.WebUIKeywordMain.stepFailed(WebUIKeywordMain.groovy:64)
	at com.kms.katalon.core.webui.keyword.internal.WebUIKeywordMain.runKeyword(WebUIKeywordMain.groovy:26)
	at com.kms.katalon.core.webui.keyword.builtin.VerifyElementClickableKeyword.verifyElementClickable(VerifyElementClickableKeyword.groovy:96)
	at com.kms.katalon.core.webui.keyword.builtin.VerifyElementClickableKeyword.execute(VerifyElementClickableKeyword.groovy:67)
	at com.kms.katalon.core.keyword.internal.KeywordExecutor.executeKeywordForPlatform(KeywordExecutor.groovy:74)
	at com.kms.katalon.core.webui.keyword.WebUiBuiltInKeywords.verifyElementClickable(WebUiBuiltInKeywords.groovy:605)
	at PSSIBreadcrumbInMonitoringResult.run(PSSIBreadcrumbInMonitoringResult:79)
	at com.kms.katalon.core.main.ScriptEngine.run(ScriptEngine.java:194)
	at com.kms.katalon.core.main.ScriptEngine.runScriptAsRawText(ScriptEngine.java:119)
	at com.kms.katalon.core.main.TestCaseExecutor.runScript(TestCaseExecutor.java:448)
	at com.kms.katalon.core.main.TestCaseExecutor.doExecute(TestCaseExecutor.java:439)
	at com.kms.katalon.core.main.TestCaseExecutor.processExecutionPhase(TestCaseExecutor.java:418)
	at com.kms.katalon.core.main.TestCaseExecutor.accessMainPhase(TestCaseExecutor.java:410)
	at com.kms.katalon.core.main.TestCaseExecutor.execute(TestCaseExecutor.java:285)
	at com.kms.katalon.core.main.TestCaseExecutor.execute(TestCaseExecutor.java:369)
	at com.kms.katalon.core.main.TestCaseExecutor.execute(TestCaseExecutor.java:369)
	at com.kms.katalon.core.main.TestCaseExecutor.execute(TestCaseExecutor.java:369)
	at com.kms.katalon.core.common.CommonExecutor.accessTestCaseMainPhase(CommonExecutor.java:65)
	at com.kms.katalon.core.main.TestSuiteExecutor.accessTestSuiteMainPhase(TestSuiteExecutor.java:148)
	at com.kms.katalon.core.main.TestSuiteExecutor.execute(TestSuiteExecutor.java:106)
	at com.kms.katalon.core.main.TestCaseMain.startTestSuite(TestCaseMain.java:180)
	at TempTestSuite1704690440418.run(TempTestSuite1704690440418.groovy:36)
	at java.base/jdk.internal.reflect.NativeMethodAccessorImpl.invoke0(Native Method)
	at java.base/jdk.internal.reflect.NativeMethodAccessorImpl.invoke(NativeMethodAccessorImpl.java:77)
	at java.base/jdk.internal.reflect.DelegatingMethodAccessorImpl.invoke(DelegatingMethodAccessorImpl.java:43)
Caused by: java.lang.IllegalArgumentException: Object is null
	at com.kms.katalon.core.helper.KeywordHelper.checkTestObjectParameter(KeywordHelper.java:33)
	at com.kms.katalon.core.webui.keyword.builtin.VerifyElementClickableKeyword$_verifyElementClickable_closure1.doCall(VerifyElementClickableKeyword.groovy:75)
	at com.kms.katalon.core.webui.keyword.builtin.VerifyElementClickableKeyword$_verifyElementClickable_closure1.call(VerifyElementClickableKeyword.groovy)
	at com.kms.katalon.core.webui.keyword.internal.WebUIKeywordMain.runKeyword(WebUIKeywordMain.groovy:20)
	... 23 more]]></system-err>
      </testcase>
      <system-out><![CDATA[08-01-2024T12:07:43 - [TEST_SUITE][FAILED] - Breadcrumb Navigation Test Suite: Test Cases/Offline PSSI Dashboard Function/Create BE Monitoring Data/Breadcrumb Navigation/PSSIBreadcrumbInMonitoringResult FAILED.
Reason:
com.kms.katalon.core.exception.StepFailedException: Unable to verify object to be clickable
	at com.kms.katalon.core.webui.keyword.internal.WebUIKeywordMain.stepFailed(WebUIKeywordMain.groovy:64)
	at com.kms.katalon.core.webui.keyword.internal.WebUIKeywordMain.runKeyword(WebUIKeywordMain.groovy:26)
	at com.kms.katalon.core.webui.keyword.builtin.VerifyElementClickableKeyword.verifyElementClickable(VerifyElementClickableKeyword.groovy:96)
	at com.kms.katalon.core.webui.keyword.builtin.VerifyElementClickableKeyword.execute(VerifyElementClickableKeyword.groovy:67)
	at com.kms.katalon.core.keyword.internal.KeywordExecutor.executeKeywordForPlatform(KeywordExecutor.groovy:74)
	at com.kms.katalon.core.webui.keyword.WebUiBuiltInKeywords.verifyElementClickable(WebUiBuiltInKeywords.groovy:605)
	at PSSIBreadcrumbInMonitoringResult.run(PSSIBreadcrumbInMonitoringResult:79)
	at com.kms.katalon.core.main.ScriptEngine.run(ScriptEngine.java:194)
	at com.kms.katalon.core.main.ScriptEngine.runScriptAsRawText(ScriptEngine.java:119)
	at com.kms.katalon.core.main.TestCaseExecutor.runScript(TestCaseExecutor.java:448)
	at com.kms.katalon.core.main.TestCaseExecutor.doExecute(TestCaseExecutor.java:439)
	at com.kms.katalon.core.main.TestCaseExecutor.processExecutionPhase(TestCaseExecutor.java:418)
	at com.kms.katalon.core.main.TestCaseExecutor.accessMainPhase(TestCaseExecutor.java:410)
	at com.kms.katalon.core.main.TestCaseExecutor.execute(TestCaseExecutor.java:285)
	at com.kms.katalon.core.common.CommonExecutor.accessTestCaseMainPhase(CommonExecutor.java:65)
	at com.kms.katalon.core.main.TestSuiteExecutor.accessTestSuiteMainPhase(TestSuiteExecutor.java:148)
	at com.kms.katalon.core.main.TestSuiteExecutor.execute(TestSuiteExecutor.java:106)
	at com.kms.katalon.core.main.TestCaseMain.startTestSuite(TestCaseMain.java:180)
	at TempTestSuite1704690440418.run(TempTestSuite1704690440418.groovy:36)
	at java.base/jdk.internal.reflect.NativeMethodAccessorImpl.invoke0(Native Method)
	at java.base/jdk.internal.reflect.NativeMethodAccessorImpl.invoke(NativeMethodAccessorImpl.java:77)
	at java.base/jdk.internal.reflect.DelegatingMethodAccessorImpl.invoke(DelegatingMethodAccessorImpl.java:43)
Caused by: java.lang.IllegalArgumentException: Object is null
	at com.kms.katalon.core.helper.KeywordHelper.checkTestObjectParameter(KeywordHelper.java:33)
	at com.kms.katalon.core.webui.keyword.builtin.VerifyElementClickableKeyword$_verifyElementClickable_closure1.doCall(VerifyElementClickableKeyword.groovy:75)
	at com.kms.katalon.core.webui.keyword.builtin.VerifyElementClickableKeyword$_verifyElementClickable_closure1.call(VerifyElementClickableKeyword.groovy)
	at com.kms.katalon.core.webui.keyword.internal.WebUIKeywordMain.runKeyword(WebUIKeywordMain.groovy:20)
	... 20 more]]></system-out>
      <system-err><![CDATA[08-01-2024T12:07:43 - [TEST_SUITE][FAILED] - Breadcrumb Navigation Test Suite: Test Cases/Offline PSSI Dashboard Function/Create BE Monitoring Data/Breadcrumb Navigation/PSSIBreadcrumbInMonitoringResult FAILED.
Reason:
com.kms.katalon.core.exception.StepFailedException: Unable to verify object to be clickable
	at com.kms.katalon.core.webui.keyword.internal.WebUIKeywordMain.stepFailed(WebUIKeywordMain.groovy:64)
	at com.kms.katalon.core.webui.keyword.internal.WebUIKeywordMain.runKeyword(WebUIKeywordMain.groovy:26)
	at com.kms.katalon.core.webui.keyword.builtin.VerifyElementClickableKeyword.verifyElementClickable(VerifyElementClickableKeyword.groovy:96)
	at com.kms.katalon.core.webui.keyword.builtin.VerifyElementClickableKeyword.execute(VerifyElementClickableKeyword.groovy:67)
	at com.kms.katalon.core.keyword.internal.KeywordExecutor.executeKeywordForPlatform(KeywordExecutor.groovy:74)
	at com.kms.katalon.core.webui.keyword.WebUiBuiltInKeywords.verifyElementClickable(WebUiBuiltInKeywords.groovy:605)
	at PSSIBreadcrumbInMonitoringResult.run(PSSIBreadcrumbInMonitoringResult:79)
	at com.kms.katalon.core.main.ScriptEngine.run(ScriptEngine.java:194)
	at com.kms.katalon.core.main.ScriptEngine.runScriptAsRawText(ScriptEngine.java:119)
	at com.kms.katalon.core.main.TestCaseExecutor.runScript(TestCaseExecutor.java:448)
	at com.kms.katalon.core.main.TestCaseExecutor.doExecute(TestCaseExecutor.java:439)
	at com.kms.katalon.core.main.TestCaseExecutor.processExecutionPhase(TestCaseExecutor.java:418)
	at com.kms.katalon.core.main.TestCaseExecutor.accessMainPhase(TestCaseExecutor.java:410)
	at com.kms.katalon.core.main.TestCaseExecutor.execute(TestCaseExecutor.java:285)
	at com.kms.katalon.core.common.CommonExecutor.accessTestCaseMainPhase(CommonExecutor.java:65)
	at com.kms.katalon.core.main.TestSuiteExecutor.accessTestSuiteMainPhase(TestSuiteExecutor.java:148)
	at com.kms.katalon.core.main.TestSuiteExecutor.execute(TestSuiteExecutor.java:106)
	at com.kms.katalon.core.main.TestCaseMain.startTestSuite(TestCaseMain.java:180)
	at TempTestSuite1704690440418.run(TempTestSuite1704690440418.groovy:36)
	at java.base/jdk.internal.reflect.NativeMethodAccessorImpl.invoke0(Native Method)
	at java.base/jdk.internal.reflect.NativeMethodAccessorImpl.invoke(NativeMethodAccessorImpl.java:77)
	at java.base/jdk.internal.reflect.DelegatingMethodAccessorImpl.invoke(DelegatingMethodAccessorImpl.java:43)
Caused by: java.lang.IllegalArgumentException: Object is null
	at com.kms.katalon.core.helper.KeywordHelper.checkTestObjectParameter(KeywordHelper.java:33)
	at com.kms.katalon.core.webui.keyword.builtin.VerifyElementClickableKeyword$_verifyElementClickable_closure1.doCall(VerifyElementClickableKeyword.groovy:75)
	at com.kms.katalon.core.webui.keyword.builtin.VerifyElementClickableKeyword$_verifyElementClickable_closure1.call(VerifyElementClickableKeyword.groovy)
	at com.kms.katalon.core.webui.keyword.internal.WebUIKeywordMain.runKeyword(WebUIKeywordMain.groovy:20)
	... 20 more]]></system-err>
   </testsuite>
   <testsuite name="Search Person Identity Test Suite" tests="5" failures="2" errors="0" time="295.521" skipped="0" timestamp="08-01-2024T12:10:46" hostname="USER - DESKTOP-HLRVE9S" id="Test Suites/Create BE Monitoring Data/Search Person Identity Test Suite">
      <properties>
         <property name="deviceName" value=""/>
         <property name="devicePlatform" value=""/>
         <property name="logFolder" value="C:\\Users\\USER\\git\\Kecilin-Automation-Test\\Reports\\20240108_120718\\Create BE Monitoring Data\\Search Person Identity Test Suite\\20240108_120722"/>
         <property name="logFiles" value="C:\\Users\\USER\\git\\Kecilin-Automation-Test\\Reports\\20240108_120718\\Create BE Monitoring Data\\Search Person Identity Test Suite\\20240108_120722\\execution0.log"/>
         <property name="attachments" value="C:\\Users\\USER\\git\\Kecilin-Automation-Test\\Reports\\20240108_120718\\Create BE Monitoring Data\\Search Person Identity Test Suite\\20240108_120722\\1704690668647.png, C:\\Users\\USER\\git\\Kecilin-Automation-Test\\Reports\\20240108_120718\\Create BE Monitoring Data\\Search Person Identity Test Suite\\20240108_120722\\1704690676930.png, C:\\Users\\USER\\git\\Kecilin-Automation-Test\\Reports\\20240108_120718\\Create BE Monitoring Data\\Search Person Identity Test Suite\\20240108_120722\\1704690696457.png, C:\\Users\\USER\\git\\Kecilin-Automation-Test\\Reports\\20240108_120718\\Create BE Monitoring Data\\Search Person Identity Test Suite\\20240108_120722\\1704690702308.png, C:\\Users\\USER\\git\\Kecilin-Automation-Test\\Reports\\20240108_120718\\Create BE Monitoring Data\\Search Person Identity Test Suite\\20240108_120722\\1704690723985.png, C:\\Users\\USER\\git\\Kecilin-Automation-Test\\Reports\\20240108_120718\\Create BE Monitoring Data\\Search Person Identity Test Suite\\20240108_120722\\1704690729874.png, C:\\Users\\USER\\git\\Kecilin-Automation-Test\\Reports\\20240108_120718\\Create BE Monitoring Data\\Search Person Identity Test Suite\\20240108_120722\\1704690736329.png, C:\\Users\\USER\\git\\Kecilin-Automation-Test\\Reports\\20240108_120718\\Create BE Monitoring Data\\Search Person Identity Test Suite\\20240108_120722\\1704690750574.png, C:\\Users\\USER\\git\\Kecilin-Automation-Test\\Reports\\20240108_120718\\Create BE Monitoring Data\\Search Person Identity Test Suite\\20240108_120722\\1704690756429.png, C:\\Users\\USER\\git\\Kecilin-Automation-Test\\Reports\\20240108_120718\\Create BE Monitoring Data\\Search Person Identity Test Suite\\20240108_120722\\1704690761928.png, C:\\Users\\USER\\git\\Kecilin-Automation-Test\\Reports\\20240108_120718\\Create BE Monitoring Data\\Search Person Identity Test Suite\\20240108_120722\\1704690776267.png, C:\\Users\\USER\\git\\Kecilin-Automation-Test\\Reports\\20240108_120718\\Create BE Monitoring Data\\Search Person Identity Test Suite\\20240108_120722\\1704690782156.png, C:\\Users\\USER\\git\\Kecilin-Automation-Test\\Reports\\20240108_120718\\Create BE Monitoring Data\\Search Person Identity Test Suite\\20240108_120722\\1704690787495.png, C:\\Users\\USER\\git\\Kecilin-Automation-Test\\Reports\\20240108_120718\\Create BE Monitoring Data\\Search Person Identity Test Suite\\20240108_120722\\1704690802218.png, C:\\Users\\USER\\git\\Kecilin-Automation-Test\\Reports\\20240108_120718\\Create BE Monitoring Data\\Search Person Identity Test Suite\\20240108_120722\\1704690808007.png, C:\\Users\\USER\\git\\Kecilin-Automation-Test\\Reports\\20240108_120718\\Create BE Monitoring Data\\Search Person Identity Test Suite\\20240108_120722\\1704690813317.png, C:\\Users\\USER\\git\\Kecilin-Automation-Test\\Reports\\20240108_120718\\Create BE Monitoring Data\\Search Person Identity Test Suite\\20240108_120722\\1704690828091.png, C:\\Users\\USER\\git\\Kecilin-Automation-Test\\Reports\\20240108_120718\\Create BE Monitoring Data\\Search Person Identity Test Suite\\20240108_120722\\1704690833938.png, C:\\Users\\USER\\git\\Kecilin-Automation-Test\\Reports\\20240108_120718\\Create BE Monitoring Data\\Search Person Identity Test Suite\\20240108_120722\\1704690854731.png, C:\\Users\\USER\\git\\Kecilin-Automation-Test\\Reports\\20240108_120718\\Create BE Monitoring Data\\Search Person Identity Test Suite\\20240108_120722\\1704690860592.png, C:\\Users\\USER\\git\\Kecilin-Automation-Test\\Reports\\20240108_120718\\Create BE Monitoring Data\\Search Person Identity Test Suite\\20240108_120722\\1704690865831.png, C:\\Users\\USER\\git\\Kecilin-Automation-Test\\Reports\\20240108_120718\\Create BE Monitoring Data\\Search Person Identity Test Suite\\20240108_120722\\1704690879823.png, C:\\Users\\USER\\git\\Kecilin-Automation-Test\\Reports\\20240108_120718\\Create BE Monitoring Data\\Search Person Identity Test Suite\\20240108_120722\\1704690885689.png, C:\\Users\\USER\\git\\Kecilin-Automation-Test\\Reports\\20240108_120718\\Create BE Monitoring Data\\Search Person Identity Test Suite\\20240108_120722\\1704690891318.png, C:\\Users\\USER\\git\\Kecilin-Automation-Test\\Reports\\20240108_120718\\Create BE Monitoring Data\\Search Person Identity Test Suite\\20240108_120722\\1704690905476.png, C:\\Users\\USER\\git\\Kecilin-Automation-Test\\Reports\\20240108_120718\\Create BE Monitoring Data\\Search Person Identity Test Suite\\20240108_120722\\1704690911372.png, C:\\Users\\USER\\git\\Kecilin-Automation-Test\\Reports\\20240108_120718\\Create BE Monitoring Data\\Search Person Identity Test Suite\\20240108_120722\\1704690917078.png, C:\\Users\\USER\\git\\Kecilin-Automation-Test\\Reports\\20240108_120718\\Create BE Monitoring Data\\Search Person Identity Test Suite\\20240108_120722\\1704690931174.png, C:\\Users\\USER\\git\\Kecilin-Automation-Test\\Reports\\20240108_120718\\Create BE Monitoring Data\\Search Person Identity Test Suite\\20240108_120722\\1704690936967.png, C:\\Users\\USER\\git\\Kecilin-Automation-Test\\Reports\\20240108_120718\\Create BE Monitoring Data\\Search Person Identity Test Suite\\20240108_120722\\1704690942256.png"/>
         <property name="hostName" value="USER - DESKTOP-HLRVE9S"/>
         <property name="os" value="Windows 10 64bit"/>
         <property name="katalonVersion" value="9.2.0.212"/>
         <property name="browser" value="Chrome 120.0.0.0"/>
         <property name="hostAddress" value="192.168.100.183"/>
         <property name="sessionId" value="b252bd0480cf45b22630ff6b2bc3e042"/>
         <property name="seleniumVersion" value="3.141.59"/>
         <property name="proxyInformation" value="ProxyInformation { proxyOption=NO_PROXY, proxyServerType=HTTP, username=, password=********, proxyServerAddress=, proxyServerPort=0, executionList=&quot;&quot;, isApplyToDesiredCapabilities=true }"/>
         <property name="platform" value="Windows 10"/>
      </properties>
      <testcase name="Test Cases/Offline PSSI Dashboard Function/Create BE Monitoring Data/Search Person Identity/Negative Test Case/PSSISearchPersonIdentityInvalidCancel" time="34.408" classname="Test Cases/Offline PSSI Dashboard Function/Create BE Monitoring Data/Search Person Identity/Negative Test Case/PSSISearchPersonIdentityInvalidCancel" status="PASSED">
         <system-out><![CDATA[08-01-2024T12:10:47 - [TEST_CASE][PASSED] - Test Cases/Offline PSSI Dashboard Function/Create BE Monitoring Data/Search Person Identity/Negative Test Case/PSSISearchPersonIdentityInvalidCancel: Test Cases/Offline PSSI Dashboard Function/Create BE Monitoring Data/Search Person Identity/Negative Test Case/PSSISearchPersonIdentityInvalidCancel

08-01-2024T12:10:48 - [TEST_STEP][PASSED] - baseUrl = offline_pssi_dashboard_url: null

08-01-2024T12:10:49 - [TEST_STEP][PASSED] - callTestCase(findTestCase("Offline PSSI Dashboard Function/Create BE Monitoring Data/View Monitoring Data/PSSIViewMonitoringData"), [:]): Call Test Case 'Test Cases/Offline PSSI Dashboard Function/Create BE Monitoring Data/View Monitoring Data/PSSIViewMonitoringData' successfully

08-01-2024T12:10:50 - [TEST_CASE][PASSED] - Test Cases/Offline PSSI Dashboard Function/Create BE Monitoring Data/View Monitoring Data/PSSIViewMonitoringData: Test Cases/Offline PSSI Dashboard Function/Create BE Monitoring Data/View Monitoring Data/PSSIViewMonitoringData

08-01-2024T12:10:50 - [TEST_STEP][PASSED] - baseUrl = offline_pssi_dashboard_url: null

08-01-2024T12:10:50 - [TEST_STEP][PASSED] - callTestCase(findTestCase("Offline PSSI Dashboard Function/Sign In/PSSISignInValidData"), [:]): Call Test Case 'Test Cases/Offline PSSI Dashboard Function/Sign In/PSSISignInValidData' successfully

08-01-2024T12:10:50 - [TEST_CASE][PASSED] - Test Cases/Offline PSSI Dashboard Function/Sign In/PSSISignInValidData: Test Cases/Offline PSSI Dashboard Function/Sign In/PSSISignInValidData

08-01-2024T12:10:50 - [TEST_STEP][PASSED] - failureHandling = STOP_ON_FAILURE: null

08-01-2024T12:10:50 - [TEST_STEP][PASSED] - baseUrl = offline_pssi_dashboard_url: null

08-01-2024T12:10:50 - [TEST_STEP][PASSED] - openBrowser(""): Browser is opened with url: ''

08-01-2024T12:10:51 - [MESSAGE][INFO] - Starting 'Chrome' driver

08-01-2024T12:10:51 - [MESSAGE][INFO] - Action delay is set to 0 milliseconds

08-01-2024T12:10:54 - [MESSAGE][PASSED] - Browser is opened with url: ''

08-01-2024T12:10:54 - [TEST_STEP][PASSED] - navigateToUrl(baseUrl): Navigate to 'https://monitoring.pssi-dev.kecilin.id' successfully

08-01-2024T12:10:55 - [MESSAGE][PASSED] - Navigate to 'https://monitoring.pssi-dev.kecilin.id' successfully

08-01-2024T12:10:55 - [TEST_STEP][PASSED] - maximizeWindow(): Current window maximized

08-01-2024T12:10:56 - [MESSAGE][PASSED] - Current window maximized

08-01-2024T12:10:56 - [TEST_STEP][PASSED] - setText(findTestObject("Object Repository/Page_Login/input_email"), "superadmin@app.com"): Text 'superadmin@app.com' is set on object 'Object Repository/Page_Login/input_email'

08-01-2024T12:10:57 - [MESSAGE][PASSED] - Text 'superadmin@app.com' is set on object 'Object Repository/Page_Login/input_email'

08-01-2024T12:10:57 - [TEST_STEP][PASSED] - setEncryptedText(findTestObject("Object Repository/Page_Login/input_password"), "8SQVv/p9jVScEs4/2CZsLw=="): Text ****** has been set on object 'Object Repository/Page_Login/input_password'

08-01-2024T12:10:58 - [MESSAGE][PASSED] - Text ****** has been set on object 'Object Repository/Page_Login/input_password'

08-01-2024T12:10:58 - [TEST_STEP][PASSED] - click(findTestObject("Object Repository/Page_Login/button_Sign In")): Object: 'Object Repository/Page_Login/button_Sign In' is clicked on

08-01-2024T12:11:00 - [MESSAGE][PASSED] - Object: 'Object Repository/Page_Login/button_Sign In' is clicked on

08-01-2024T12:11:00 - [MESSAGE][PASSED] - Call Test Case 'Test Cases/Offline PSSI Dashboard Function/Sign In/PSSISignInValidData' successfully

08-01-2024T12:11:00 - [TEST_STEP][PASSED] - navigateToUrl(baseUrl + "/monitoring"): Navigate to 'https://monitoring.pssi-dev.kecilin.id/monitoring' successfully

08-01-2024T12:11:00 - [MESSAGE][PASSED] - Navigate to 'https://monitoring.pssi-dev.kecilin.id/monitoring' successfully

08-01-2024T12:11:00 - [MESSAGE][PASSED] - Call Test Case 'Test Cases/Offline PSSI Dashboard Function/Create BE Monitoring Data/View Monitoring Data/PSSIViewMonitoringData' successfully

08-01-2024T12:11:00 - [TEST_STEP][PASSED] - verifyElementClickable(findTestObject("Page_Monitoring/Left Camera Selection")): Object 'Object Repository/Page_Monitoring/Left Camera Selection' is clickable

08-01-2024T12:11:01 - [MESSAGE][PASSED] - Object 'Object Repository/Page_Monitoring/Left Camera Selection' is clickable

08-01-2024T12:11:01 - [TEST_STEP][PASSED] - click(findTestObject("Page_Monitoring/Left Camera Selection")): Object: 'Object Repository/Page_Monitoring/Left Camera Selection' is clicked on

08-01-2024T12:11:01 - [MESSAGE][PASSED] - Object: 'Object Repository/Page_Monitoring/Left Camera Selection' is clicked on

08-01-2024T12:11:01 - [TEST_STEP][PASSED] - verifyElementClickable(findTestObject("Page_Monitoring/Left search field")): Object 'Object Repository/Page_Monitoring/Left search field' is clickable

08-01-2024T12:11:02 - [MESSAGE][PASSED] - Object 'Object Repository/Page_Monitoring/Left search field' is clickable

08-01-2024T12:11:02 - [TEST_STEP][PASSED] - setText(findTestObject("Page_Monitoring/Left search field"), "CCTV"): Text 'CCTV' is set on object 'Object Repository/Page_Monitoring/Left search field'

08-01-2024T12:11:03 - [MESSAGE][PASSED] - Text 'CCTV' is set on object 'Object Repository/Page_Monitoring/Left search field'

08-01-2024T12:11:03 - [TEST_STEP][PASSED] - expectedPattern = ".*CCTV.*": null

08-01-2024T12:11:03 - [TEST_STEP][PASSED] - elementText = getText(findTestObject("Page_Monitoring/Left Search Box")): Text of object 'Object Repository/Page_Monitoring/Left Search Box' is: 'Stadion Utama Gelora Bung Karno - CCTV 1'

08-01-2024T12:11:05 - [MESSAGE][INFO] - Unable to find the element located by 'By.xpath: id("select2-select_camera_first-results")[count(. | //ul[@class = 'select2-results__options' and @role = 'listbox' and @id = 'select2-select_camera_first-results' and @aria-expanded = 'true' and @aria-hidden = 'false' and (text() = 'Searching…Stadion Utama Gelora Bung Karno - Testing 1Stadion Utama Gelora Bung Karno - CCTV 1Stadion Gelora Bandung Lautan Api - Stadion GBLAStadion Gelora Bandung Lautan Api - Stadion GBLA - KompresiStadion Gelora Bangkalan - aStadion Gelora Bangkalan - aStadion Gelora Bangkalan - aStadion Gelora Bangkalan - aStadion Gelora Bangkalan - aStadion Gelora Bangkalan - aStadion Gelora Bangkalan - aStadion Gelora Bangkalan - aStadion Gelora Bangkalan - aStadion Gelora Bangkalan - aStadion Gelora Bangkalan - a' or . = 'Searching…Stadion Utama Gelora Bung Karno - Testing 1Stadion Utama Gelora Bung Karno - CCTV 1Stadion Gelora Bandung Lautan Api - Stadion GBLAStadion Gelora Bandung Lautan Api - Stadion GBLA - KompresiStadion Gelora Bangkalan - aStadion Gelora Bangkalan - aStadion Gelora Bangkalan - aStadion Gelora Bangkalan - aStadion Gelora Bangkalan - aStadion Gelora Bangkalan - aStadion Gelora Bangkalan - aStadion Gelora Bangkalan - aStadion Gelora Bangkalan - aStadion Gelora Bangkalan - aStadion Gelora Bangkalan - a')]) = count(//ul[@class = 'select2-results__options' and @role = 'listbox' and @id = 'select2-select_camera_first-results' and @aria-expanded = 'true' and @aria-hidden = 'false' and (text() = 'Searching…Stadion Utama Gelora Bung Karno - Testing 1Stadion Utama Gelora Bung Karno - CCTV 1Stadion Gelora Bandung Lautan Api - Stadion GBLAStadion Gelora Bandung Lautan Api - Stadion GBLA - KompresiStadion Gelora Bangkalan - aStadion Gelora Bangkalan - aStadion Gelora Bangkalan - aStadion Gelora Bangkalan - aStadion Gelora Bangkalan - aStadion Gelora Bangkalan - aStadion Gelora Bangkalan - aStadion Gelora Bangkalan - aStadion Gelora Bangkalan - aStadion Gelora Bangkalan - aStadion Gelora Bangkalan - a' or . = 'Searching…Stadion Utama Gelora Bung Karno - Testing 1Stadion Utama Gelora Bung Karno - CCTV 1Stadion Gelora Bandung Lautan Api - Stadion GBLAStadion Gelora Bandung Lautan Api - Stadion GBLA - KompresiStadion Gelora Bangkalan - aStadion Gelora Bangkalan - aStadion Gelora Bangkalan - aStadion Gelora Bangkalan - aStadion Gelora Bangkalan - aStadion Gelora Bangkalan - aStadion Gelora Bangkalan - aStadion Gelora Bangkalan - aStadion Gelora Bangkalan - aStadion Gelora Bangkalan - aStadion Gelora Bangkalan - a')])]'. Please recheck the objects properties to make sure the desired element is located. 

08-01-2024T12:11:05 - [MESSAGE][WARNING] - [SELF-HEALING] Failed to find element with id 'Object Repository/Page_Monitoring/Left Search Box'. Try using Self-healing.

08-01-2024T12:11:05 - [MESSAGE][WARNING] - [SELF-HEALING] The current locator of test object 'Object Repository/Page_Monitoring/Left Search Box' was broken. Propose an alternative one: '//ul[@id='select2-select_camera_first-results']'.

08-01-2024T12:11:05 - [MESSAGE][PASSED] - Text of object 'Object Repository/Page_Monitoring/Left Search Box' is: 'Stadion Utama Gelora Bung Karno - CCTV 1'

08-01-2024T12:11:05 - [TEST_STEP][PASSED] - isTextMatched = Pattern.matches(expectedPattern, elementText): null

08-01-2024T12:11:05 - [TEST_STEP][PASSED] - sendKeys(findTestObject("Page_Monitoring/Left search field"), Keys.chord(ENTER)): Keys 'ENTER + ' sent to object: 'Object Repository/Page_Monitoring/Left search field'

08-01-2024T12:11:06 - [MESSAGE][PASSED] - Keys 'ENTER + ' sent to object: 'Object Repository/Page_Monitoring/Left search field'

08-01-2024T12:11:06 - [TEST_STEP][PASSED] - waitForElementVisible(findTestObject("Page_Monitoring/Left Loading CCTV stream"), 5): Object 'Object Repository/Page_Monitoring/Left Loading CCTV stream' is visible

08-01-2024T12:11:07 - [MESSAGE][PASSED] - Object 'Object Repository/Page_Monitoring/Left Loading CCTV stream' is visible

08-01-2024T12:11:07 - [TEST_STEP][PASSED] - verifyElementVisible(findTestObject("Page_Monitoring/Left Loading CCTV stream")): Object 'Object Repository/Page_Monitoring/Left Loading CCTV stream' is visible

08-01-2024T12:11:07 - [MESSAGE][PASSED] - Object 'Object Repository/Page_Monitoring/Left Loading CCTV stream' is visible

08-01-2024T12:11:07 - [TEST_STEP][PASSED] - waitForElementVisible(findTestObject("Page_Monitoring/Left Camera Playing"), 5): Object 'Object Repository/Page_Monitoring/Left Camera Playing' is visible

08-01-2024T12:11:07 - [MESSAGE][WARNING] - [SELF-HEALING] Failed to find element with id 'Object Repository/Page_Monitoring/Left Camera Playing'. Try using Self-healing.

08-01-2024T12:11:07 - [MESSAGE][WARNING] - [SELF-HEALING] The current locator of test object 'Object Repository/Page_Monitoring/Left Camera Playing' was broken. Propose an alternative one: '//canvas[@id='stream_first']'.

08-01-2024T12:11:07 - [MESSAGE][PASSED] - Object 'Object Repository/Page_Monitoring/Left Camera Playing' is visible

08-01-2024T12:11:07 - [TEST_STEP][PASSED] - verifyElementVisible(findTestObject("Page_Monitoring/Left Camera Playing")): Object 'Object Repository/Page_Monitoring/Left Camera Playing' is visible

08-01-2024T12:11:08 - [MESSAGE][WARNING] - [SELF-HEALING] Failed to find element with id 'Object Repository/Page_Monitoring/Left Camera Playing'. Try using Self-healing.

08-01-2024T12:11:08 - [MESSAGE][WARNING] - [SELF-HEALING] The current locator of test object 'Object Repository/Page_Monitoring/Left Camera Playing' was broken. Propose an alternative one: '//canvas[@id='stream_first']'.

08-01-2024T12:11:08 - [MESSAGE][PASSED] - Object 'Object Repository/Page_Monitoring/Left Camera Playing' is visible

08-01-2024T12:11:08 - [TEST_STEP][PASSED] - screenshot1 = takeFullPageScreenshot(): Taking screenshot successfully

08-01-2024T12:11:11 - [MESSAGE][INFO] - 0 hidden object(s)

08-01-2024T12:11:11 - [MESSAGE][PASSED] - Taking screenshot successfully
[[ATTACHMENT|C:\\Users\\USER\\git\\Kecilin-Automation-Test\\Reports\\20240108_120718\\Create BE Monitoring Data\\Search Person Identity Test Suite\\20240108_120722\\1704690668647.png]]

08-01-2024T12:11:11 - [TEST_STEP][PASSED] - Thread.sleep(5000): null

08-01-2024T12:11:16 - [TEST_STEP][PASSED] - screenshot2 = takeFullPageScreenshot(): Taking screenshot successfully

08-01-2024T12:11:17 - [MESSAGE][INFO] - 0 hidden object(s)

08-01-2024T12:11:17 - [MESSAGE][PASSED] - Taking screenshot successfully
[[ATTACHMENT|C:\\Users\\USER\\git\\Kecilin-Automation-Test\\Reports\\20240108_120718\\Create BE Monitoring Data\\Search Person Identity Test Suite\\20240108_120722\\1704690676930.png]]

08-01-2024T12:11:17 - [TEST_STEP][PASSED] - verifyNotEqual(screenshot1, screenshot2): Actual object '[B@3e61cffd' and expected object '[B@3134b261' are not equal

08-01-2024T12:11:17 - [MESSAGE][PASSED] - Actual object '[B@3e61cffd' and expected object '[B@3134b261' are not equal

08-01-2024T12:11:17 - [TEST_STEP][PASSED] - scrollToElement(findTestObject("Page_Monitoring/Left Search Identity"), 1): Scroll to object 'Object Repository/Page_Monitoring/Left Search Identity' successfully

08-01-2024T12:11:18 - [MESSAGE][PASSED] - Scroll to object 'Object Repository/Page_Monitoring/Left Search Identity' successfully

08-01-2024T12:11:18 - [TEST_STEP][PASSED] - verifyElementClickable(findTestObject("Page_Monitoring/Left Search Identity")): Object 'Object Repository/Page_Monitoring/Left Search Identity' is clickable

08-01-2024T12:11:18 - [MESSAGE][PASSED] - Object 'Object Repository/Page_Monitoring/Left Search Identity' is clickable

08-01-2024T12:11:18 - [TEST_STEP][PASSED] - click(findTestObject("Page_Monitoring/Left Search Identity")): Object: 'Object Repository/Page_Monitoring/Left Search Identity' is clicked on

08-01-2024T12:11:19 - [MESSAGE][PASSED] - Object: 'Object Repository/Page_Monitoring/Left Search Identity' is clicked on

08-01-2024T12:11:19 - [TEST_STEP][PASSED] - sendKeys(findTestObject("Page_Monitoring/button_Cancel Pop Up"), Keys.chord(ESCAPE)): Keys 'ESCAPE + ' sent to object: 'Object Repository/Page_Monitoring/button_Cancel Pop Up'

08-01-2024T12:11:19 - [MESSAGE][PASSED] - Keys 'ESCAPE + ' sent to object: 'Object Repository/Page_Monitoring/button_Cancel Pop Up'

08-01-2024T12:11:20 - [TEST_STEP][PASSED] - verifyTextPresent("Identify Now", false): Text 'Identify Now' is present on page 

08-01-2024T12:11:20 - [MESSAGE][PASSED] - Text 'Identify Now' is present on page 

08-01-2024T12:11:20 - [TEST_STEP][PASSED] - clickOffset(findTestObject("Page_Monitoring/button_Cancel Pop Up"), 50, 0): Object: 'Object Repository/Page_Monitoring/button_Cancel Pop Up' is clicked on using offset x=50 and y=0

08-01-2024T12:11:21 - [MESSAGE][PASSED] - Object: 'Object Repository/Page_Monitoring/button_Cancel Pop Up' is clicked on using offset x=50 and y=0

08-01-2024T12:11:21 - [TEST_STEP][PASSED] - verifyTextPresent("Identify Now", false): Text 'Identify Now' is present on page 

08-01-2024T12:11:21 - [MESSAGE][PASSED] - Text 'Identify Now' is present on page 

08-01-2024T12:11:21 - [TEST_STEP][PASSED] - closeBrowser(): Browser is closed

08-01-2024T12:11:21 - [MESSAGE][PASSED] - Browser is closed]]></system-out>
         <system-err><![CDATA[]]></system-err>
      </testcase>
      <testcase name="Test Cases/Offline PSSI Dashboard Function/Create BE Monitoring Data/Search Person Identity/Negative Test Case/PSSISearchPersonIdentityNoResult" time="27.217" classname="Test Cases/Offline PSSI Dashboard Function/Create BE Monitoring Data/Search Person Identity/Negative Test Case/PSSISearchPersonIdentityNoResult" status="PASSED">
         <system-out><![CDATA[08-01-2024T12:11:22 - [TEST_CASE][PASSED] - Test Cases/Offline PSSI Dashboard Function/Create BE Monitoring Data/Search Person Identity/Negative Test Case/PSSISearchPersonIdentityNoResult: Test Cases/Offline PSSI Dashboard Function/Create BE Monitoring Data/Search Person Identity/Negative Test Case/PSSISearchPersonIdentityNoResult

08-01-2024T12:11:22 - [TEST_STEP][PASSED] - baseUrl = offline_pssi_dashboard_url: null

08-01-2024T12:11:22 - [TEST_STEP][PASSED] - callTestCase(findTestCase("Offline PSSI Dashboard Function/Create BE Monitoring Data/View Monitoring Data/PSSIViewMonitoringData"), [:]): Call Test Case 'Test Cases/Offline PSSI Dashboard Function/Create BE Monitoring Data/View Monitoring Data/PSSIViewMonitoringData' successfully

08-01-2024T12:11:22 - [TEST_CASE][PASSED] - Test Cases/Offline PSSI Dashboard Function/Create BE Monitoring Data/View Monitoring Data/PSSIViewMonitoringData: Test Cases/Offline PSSI Dashboard Function/Create BE Monitoring Data/View Monitoring Data/PSSIViewMonitoringData

08-01-2024T12:11:22 - [TEST_STEP][PASSED] - baseUrl = offline_pssi_dashboard_url: null

08-01-2024T12:11:22 - [TEST_STEP][PASSED] - callTestCase(findTestCase("Offline PSSI Dashboard Function/Sign In/PSSISignInValidData"), [:]): Call Test Case 'Test Cases/Offline PSSI Dashboard Function/Sign In/PSSISignInValidData' successfully

08-01-2024T12:11:22 - [TEST_CASE][PASSED] - Test Cases/Offline PSSI Dashboard Function/Sign In/PSSISignInValidData: Test Cases/Offline PSSI Dashboard Function/Sign In/PSSISignInValidData

08-01-2024T12:11:22 - [TEST_STEP][PASSED] - failureHandling = STOP_ON_FAILURE: null

08-01-2024T12:11:22 - [TEST_STEP][PASSED] - baseUrl = offline_pssi_dashboard_url: null

08-01-2024T12:11:22 - [TEST_STEP][PASSED] - openBrowser(""): Browser is opened with url: ''

08-01-2024T12:11:22 - [MESSAGE][INFO] - Starting 'Chrome' driver

08-01-2024T12:11:22 - [MESSAGE][INFO] - Action delay is set to 0 milliseconds

08-01-2024T12:11:24 - [MESSAGE][PASSED] - Browser is opened with url: ''

08-01-2024T12:11:24 - [TEST_STEP][PASSED] - navigateToUrl(baseUrl): Navigate to 'https://monitoring.pssi-dev.kecilin.id' successfully

08-01-2024T12:11:25 - [MESSAGE][PASSED] - Navigate to 'https://monitoring.pssi-dev.kecilin.id' successfully

08-01-2024T12:11:25 - [TEST_STEP][PASSED] - maximizeWindow(): Current window maximized

08-01-2024T12:11:25 - [MESSAGE][PASSED] - Current window maximized

08-01-2024T12:11:25 - [TEST_STEP][PASSED] - setText(findTestObject("Object Repository/Page_Login/input_email"), "superadmin@app.com"): Text 'superadmin@app.com' is set on object 'Object Repository/Page_Login/input_email'

08-01-2024T12:11:26 - [MESSAGE][PASSED] - Text 'superadmin@app.com' is set on object 'Object Repository/Page_Login/input_email'

08-01-2024T12:11:26 - [TEST_STEP][PASSED] - setEncryptedText(findTestObject("Object Repository/Page_Login/input_password"), "8SQVv/p9jVScEs4/2CZsLw=="): Text ****** has been set on object 'Object Repository/Page_Login/input_password'

08-01-2024T12:11:27 - [MESSAGE][PASSED] - Text ****** has been set on object 'Object Repository/Page_Login/input_password'

08-01-2024T12:11:27 - [TEST_STEP][PASSED] - click(findTestObject("Object Repository/Page_Login/button_Sign In")): Object: 'Object Repository/Page_Login/button_Sign In' is clicked on

08-01-2024T12:11:28 - [MESSAGE][PASSED] - Object: 'Object Repository/Page_Login/button_Sign In' is clicked on

08-01-2024T12:11:28 - [MESSAGE][PASSED] - Call Test Case 'Test Cases/Offline PSSI Dashboard Function/Sign In/PSSISignInValidData' successfully

08-01-2024T12:11:28 - [TEST_STEP][PASSED] - navigateToUrl(baseUrl + "/monitoring"): Navigate to 'https://monitoring.pssi-dev.kecilin.id/monitoring' successfully

08-01-2024T12:11:29 - [MESSAGE][PASSED] - Navigate to 'https://monitoring.pssi-dev.kecilin.id/monitoring' successfully

08-01-2024T12:11:29 - [MESSAGE][PASSED] - Call Test Case 'Test Cases/Offline PSSI Dashboard Function/Create BE Monitoring Data/View Monitoring Data/PSSIViewMonitoringData' successfully

08-01-2024T12:11:29 - [TEST_STEP][PASSED] - verifyElementClickable(findTestObject("Page_Monitoring/Left Camera Selection")): Object 'Object Repository/Page_Monitoring/Left Camera Selection' is clickable

08-01-2024T12:11:30 - [MESSAGE][PASSED] - Object 'Object Repository/Page_Monitoring/Left Camera Selection' is clickable

08-01-2024T12:11:30 - [TEST_STEP][PASSED] - click(findTestObject("Page_Monitoring/Left Camera Selection")): Object: 'Object Repository/Page_Monitoring/Left Camera Selection' is clicked on

08-01-2024T12:11:30 - [MESSAGE][PASSED] - Object: 'Object Repository/Page_Monitoring/Left Camera Selection' is clicked on

08-01-2024T12:11:30 - [TEST_STEP][PASSED] - verifyElementClickable(findTestObject("Page_Monitoring/Left search field")): Object 'Object Repository/Page_Monitoring/Left search field' is clickable

08-01-2024T12:11:31 - [MESSAGE][PASSED] - Object 'Object Repository/Page_Monitoring/Left search field' is clickable

08-01-2024T12:11:31 - [TEST_STEP][PASSED] - setText(findTestObject("Page_Monitoring/Left search field"), "CCTV"): Text 'CCTV' is set on object 'Object Repository/Page_Monitoring/Left search field'

08-01-2024T12:11:31 - [MESSAGE][PASSED] - Text 'CCTV' is set on object 'Object Repository/Page_Monitoring/Left search field'

08-01-2024T12:11:31 - [TEST_STEP][PASSED] - expectedPattern = ".*CCTV.*": null

08-01-2024T12:11:31 - [TEST_STEP][PASSED] - elementText = getText(findTestObject("Page_Monitoring/Left Search Box")): Text of object 'Object Repository/Page_Monitoring/Left Search Box' is: 'Stadion Utama Gelora Bung Karno - CCTV 1'

08-01-2024T12:11:33 - [MESSAGE][INFO] - Unable to find the element located by 'By.xpath: id("select2-select_camera_first-results")[count(. | //ul[@class = 'select2-results__options' and @role = 'listbox' and @id = 'select2-select_camera_first-results' and @aria-expanded = 'true' and @aria-hidden = 'false' and (text() = 'Searching…Stadion Utama Gelora Bung Karno - Testing 1Stadion Utama Gelora Bung Karno - CCTV 1Stadion Gelora Bandung Lautan Api - Stadion GBLAStadion Gelora Bandung Lautan Api - Stadion GBLA - KompresiStadion Gelora Bangkalan - aStadion Gelora Bangkalan - aStadion Gelora Bangkalan - aStadion Gelora Bangkalan - aStadion Gelora Bangkalan - aStadion Gelora Bangkalan - aStadion Gelora Bangkalan - aStadion Gelora Bangkalan - aStadion Gelora Bangkalan - aStadion Gelora Bangkalan - aStadion Gelora Bangkalan - a' or . = 'Searching…Stadion Utama Gelora Bung Karno - Testing 1Stadion Utama Gelora Bung Karno - CCTV 1Stadion Gelora Bandung Lautan Api - Stadion GBLAStadion Gelora Bandung Lautan Api - Stadion GBLA - KompresiStadion Gelora Bangkalan - aStadion Gelora Bangkalan - aStadion Gelora Bangkalan - aStadion Gelora Bangkalan - aStadion Gelora Bangkalan - aStadion Gelora Bangkalan - aStadion Gelora Bangkalan - aStadion Gelora Bangkalan - aStadion Gelora Bangkalan - aStadion Gelora Bangkalan - aStadion Gelora Bangkalan - a')]) = count(//ul[@class = 'select2-results__options' and @role = 'listbox' and @id = 'select2-select_camera_first-results' and @aria-expanded = 'true' and @aria-hidden = 'false' and (text() = 'Searching…Stadion Utama Gelora Bung Karno - Testing 1Stadion Utama Gelora Bung Karno - CCTV 1Stadion Gelora Bandung Lautan Api - Stadion GBLAStadion Gelora Bandung Lautan Api - Stadion GBLA - KompresiStadion Gelora Bangkalan - aStadion Gelora Bangkalan - aStadion Gelora Bangkalan - aStadion Gelora Bangkalan - aStadion Gelora Bangkalan - aStadion Gelora Bangkalan - aStadion Gelora Bangkalan - aStadion Gelora Bangkalan - aStadion Gelora Bangkalan - aStadion Gelora Bangkalan - aStadion Gelora Bangkalan - a' or . = 'Searching…Stadion Utama Gelora Bung Karno - Testing 1Stadion Utama Gelora Bung Karno - CCTV 1Stadion Gelora Bandung Lautan Api - Stadion GBLAStadion Gelora Bandung Lautan Api - Stadion GBLA - KompresiStadion Gelora Bangkalan - aStadion Gelora Bangkalan - aStadion Gelora Bangkalan - aStadion Gelora Bangkalan - aStadion Gelora Bangkalan - aStadion Gelora Bangkalan - aStadion Gelora Bangkalan - aStadion Gelora Bangkalan - aStadion Gelora Bangkalan - aStadion Gelora Bangkalan - aStadion Gelora Bangkalan - a')])]'. Please recheck the objects properties to make sure the desired element is located. 

08-01-2024T12:11:34 - [MESSAGE][WARNING] - [SELF-HEALING] Failed to find element with id 'Object Repository/Page_Monitoring/Left Search Box'. Try using Self-healing.

08-01-2024T12:11:34 - [MESSAGE][WARNING] - [SELF-HEALING] The current locator of test object 'Object Repository/Page_Monitoring/Left Search Box' was broken. Propose an alternative one: '//ul[@id='select2-select_camera_first-results']'.

08-01-2024T12:11:34 - [MESSAGE][PASSED] - Text of object 'Object Repository/Page_Monitoring/Left Search Box' is: 'Stadion Utama Gelora Bung Karno - CCTV 1'

08-01-2024T12:11:34 - [TEST_STEP][PASSED] - isTextMatched = Pattern.matches(expectedPattern, elementText): null

08-01-2024T12:11:34 - [TEST_STEP][PASSED] - sendKeys(findTestObject("Page_Monitoring/Left search field"), Keys.chord(ENTER)): Keys 'ENTER + ' sent to object: 'Object Repository/Page_Monitoring/Left search field'

08-01-2024T12:11:34 - [MESSAGE][PASSED] - Keys 'ENTER + ' sent to object: 'Object Repository/Page_Monitoring/Left search field'

08-01-2024T12:11:34 - [TEST_STEP][PASSED] - waitForElementVisible(findTestObject("Page_Monitoring/Left Loading CCTV stream"), 5): Object 'Object Repository/Page_Monitoring/Left Loading CCTV stream' is visible

08-01-2024T12:11:35 - [MESSAGE][PASSED] - Object 'Object Repository/Page_Monitoring/Left Loading CCTV stream' is visible

08-01-2024T12:11:35 - [TEST_STEP][PASSED] - verifyElementVisible(findTestObject("Page_Monitoring/Left Loading CCTV stream")): Object 'Object Repository/Page_Monitoring/Left Loading CCTV stream' is visible

08-01-2024T12:11:35 - [MESSAGE][PASSED] - Object 'Object Repository/Page_Monitoring/Left Loading CCTV stream' is visible

08-01-2024T12:11:35 - [TEST_STEP][PASSED] - waitForElementVisible(findTestObject("Page_Monitoring/Left Camera Playing"), 5): Object 'Object Repository/Page_Monitoring/Left Camera Playing' is visible

08-01-2024T12:11:35 - [MESSAGE][WARNING] - [SELF-HEALING] Failed to find element with id 'Object Repository/Page_Monitoring/Left Camera Playing'. Try using Self-healing.

08-01-2024T12:11:36 - [MESSAGE][WARNING] - [SELF-HEALING] The current locator of test object 'Object Repository/Page_Monitoring/Left Camera Playing' was broken. Propose an alternative one: '//canvas[@id='stream_first']'.

08-01-2024T12:11:36 - [MESSAGE][PASSED] - Object 'Object Repository/Page_Monitoring/Left Camera Playing' is visible

08-01-2024T12:11:36 - [TEST_STEP][PASSED] - verifyElementVisible(findTestObject("Page_Monitoring/Left Camera Playing")): Object 'Object Repository/Page_Monitoring/Left Camera Playing' is visible

08-01-2024T12:11:36 - [MESSAGE][WARNING] - [SELF-HEALING] Failed to find element with id 'Object Repository/Page_Monitoring/Left Camera Playing'. Try using Self-healing.

08-01-2024T12:11:36 - [MESSAGE][WARNING] - [SELF-HEALING] The current locator of test object 'Object Repository/Page_Monitoring/Left Camera Playing' was broken. Propose an alternative one: '//canvas[@id='stream_first']'.

08-01-2024T12:11:36 - [MESSAGE][PASSED] - Object 'Object Repository/Page_Monitoring/Left Camera Playing' is visible

08-01-2024T12:11:36 - [TEST_STEP][PASSED] - screenshot1 = takeFullPageScreenshot(): Taking screenshot successfully

08-01-2024T12:11:37 - [MESSAGE][INFO] - 0 hidden object(s)

08-01-2024T12:11:37 - [MESSAGE][PASSED] - Taking screenshot successfully
[[ATTACHMENT|C:\\Users\\USER\\git\\Kecilin-Automation-Test\\Reports\\20240108_120718\\Create BE Monitoring Data\\Search Person Identity Test Suite\\20240108_120722\\1704690696457.png]]

08-01-2024T12:11:37 - [TEST_STEP][PASSED] - Thread.sleep(5000): null

08-01-2024T12:11:42 - [TEST_STEP][PASSED] - screenshot2 = takeFullPageScreenshot(): Taking screenshot successfully

08-01-2024T12:11:43 - [MESSAGE][INFO] - 0 hidden object(s)

08-01-2024T12:11:43 - [MESSAGE][PASSED] - Taking screenshot successfully
[[ATTACHMENT|C:\\Users\\USER\\git\\Kecilin-Automation-Test\\Reports\\20240108_120718\\Create BE Monitoring Data\\Search Person Identity Test Suite\\20240108_120722\\1704690702308.png]]

08-01-2024T12:11:43 - [TEST_STEP][PASSED] - verifyNotEqual(screenshot1, screenshot2): Actual object '[B@84eafc2' and expected object '[B@4440750' are not equal

08-01-2024T12:11:43 - [MESSAGE][PASSED] - Actual object '[B@84eafc2' and expected object '[B@4440750' are not equal

08-01-2024T12:11:43 - [TEST_STEP][PASSED] - scrollToElement(findTestObject("Page_Monitoring/Left Search Identity"), 1): Scroll to object 'Object Repository/Page_Monitoring/Left Search Identity' successfully

08-01-2024T12:11:43 - [MESSAGE][PASSED] - Scroll to object 'Object Repository/Page_Monitoring/Left Search Identity' successfully

08-01-2024T12:11:43 - [TEST_STEP][PASSED] - verifyElementClickable(findTestObject("Page_Monitoring/Left Search Identity")): Object 'Object Repository/Page_Monitoring/Left Search Identity' is clickable

08-01-2024T12:11:43 - [MESSAGE][PASSED] - Object 'Object Repository/Page_Monitoring/Left Search Identity' is clickable

08-01-2024T12:11:43 - [TEST_STEP][PASSED] - click(findTestObject("Page_Monitoring/Left Search Identity")): Object: 'Object Repository/Page_Monitoring/Left Search Identity' is clicked on

08-01-2024T12:11:44 - [MESSAGE][PASSED] - Object: 'Object Repository/Page_Monitoring/Left Search Identity' is clicked on

08-01-2024T12:11:44 - [TEST_STEP][PASSED] - scrollToElement(findTestObject("Page_Monitoring/button_Identify Now Pop Up"), 1): Scroll to object 'Object Repository/Page_Monitoring/button_Identify Now Pop Up' successfully

08-01-2024T12:11:45 - [MESSAGE][PASSED] - Scroll to object 'Object Repository/Page_Monitoring/button_Identify Now Pop Up' successfully

08-01-2024T12:11:45 - [TEST_STEP][PASSED] - waitForElementPresent(findTestObject("Page_Monitoring/button_Identify Now Pop Up"), 5): Object 'Object Repository/Page_Monitoring/button_Identify Now Pop Up' is present

08-01-2024T12:11:45 - [MESSAGE][PASSED] - Object 'Object Repository/Page_Monitoring/button_Identify Now Pop Up' is present

08-01-2024T12:11:45 - [TEST_STEP][PASSED] - verifyElementClickable(findTestObject("Page_Monitoring/button_Identify Now Pop Up")): Object 'Object Repository/Page_Monitoring/button_Identify Now Pop Up' is clickable

08-01-2024T12:11:46 - [MESSAGE][PASSED] - Object 'Object Repository/Page_Monitoring/button_Identify Now Pop Up' is clickable

08-01-2024T12:11:46 - [TEST_STEP][PASSED] - click(findTestObject("Page_Monitoring/button_Identify Now Pop Up")): Object: 'Object Repository/Page_Monitoring/button_Identify Now Pop Up' is clicked on

08-01-2024T12:11:46 - [MESSAGE][PASSED] - Object: 'Object Repository/Page_Monitoring/button_Identify Now Pop Up' is clicked on

08-01-2024T12:11:46 - [TEST_STEP][PASSED] - waitForElementPresent(findTestObject("Page_Result Monitoring/Result Monitoring Title"), 15): Object 'Object Repository/Page_Result Monitoring/Result Monitoring Title' is present

08-01-2024T12:11:48 - [MESSAGE][PASSED] - Object 'Object Repository/Page_Result Monitoring/Result Monitoring Title' is present

08-01-2024T12:11:48 - [TEST_STEP][PASSED] - verifyTextNotPresent("Name", false): Text 'Name' is not present on page

08-01-2024T12:11:48 - [MESSAGE][PASSED] - Text 'Name' is not present on page

08-01-2024T12:11:48 - [TEST_STEP][PASSED] - closeBrowser(): Browser is closed

08-01-2024T12:11:49 - [MESSAGE][PASSED] - Browser is closed]]></system-out>
         <system-err><![CDATA[]]></system-err>
      </testcase>
      <testcase name="Test Cases/Offline PSSI Dashboard Function/Create BE Monitoring Data/Search Person Identity/Positive Test Case/PSSISaveSearchedPersonIdentity" time="25.826" classname="Test Cases/Offline PSSI Dashboard Function/Create BE Monitoring Data/Search Person Identity/Positive Test Case/PSSISaveSearchedPersonIdentity" status="FAILED">
         <failure type="FAILED" message="Test Cases/Offline PSSI Dashboard Function/Create BE Monitoring Data/Search Person Identity/Positive Test Case/PSSISaveSearchedPersonIdentity FAILED.&#xa;Reason:&#xa;com.kms.katalon.core.exception.StepFailedException: Call Test Case 'Test Cases/Offline PSSI Dashboard Function/Create BE Monitoring Data/Search Person Identity/Positive Test Case/PSSISearchPersonIdentityValidData' failed&#xa;	at com.kms.katalon.core.keyword.builtin.CallTestCaseKeyword$_callTestCase_closure1.doCall(CallTestCaseKeyword.groovy:63)&#xa;	at com.kms.katalon.core.keyword.builtin.CallTestCaseKeyword$_callTestCase_closure1.call(CallTestCaseKeyword.groovy)&#xa;	at com.kms.katalon.core.keyword.internal.KeywordMain.runKeyword(KeywordMain.groovy:75)&#xa;	at com.kms.katalon.core.keyword.builtin.CallTestCaseKeyword.callTestCase(CallTestCaseKeyword.groovy:81)&#xa;	at com.kms.katalon.core.keyword.builtin.CallTestCaseKeyword.execute(CallTestCaseKeyword.groovy:44)&#xa;	at com.kms.katalon.core.keyword.internal.KeywordExecutor.executeKeywordForPlatform(KeywordExecutor.groovy:74)&#xa;	at com.kms.katalon.core.keyword.BuiltinKeywords.callTestCase(BuiltinKeywords.groovy:326)&#xa;	at java.base/jdk.internal.reflect.NativeMethodAccessorImpl.invoke0(Native Method)&#xa;	at java.base/jdk.internal.reflect.NativeMethodAccessorImpl.invoke(NativeMethodAccessorImpl.java:77)&#xa;	at java.base/jdk.internal.reflect.DelegatingMethodAccessorImpl.invoke(DelegatingMethodAccessorImpl.java:43)&#xa;	at PSSISaveSearchedPersonIdentity.run(PSSISaveSearchedPersonIdentity:26)&#xa;	at com.kms.katalon.core.main.ScriptEngine.run(ScriptEngine.java:194)&#xa;	at com.kms.katalon.core.main.ScriptEngine.runScriptAsRawText(ScriptEngine.java:119)&#xa;	at com.kms.katalon.core.main.TestCaseExecutor.runScript(TestCaseExecutor.java:448)&#xa;	at com.kms.katalon.core.main.TestCaseExecutor.doExecute(TestCaseExecutor.java:439)&#xa;	at com.kms.katalon.core.main.TestCaseExecutor.processExecutionPhase(TestCaseExecutor.java:418)&#xa;	at com.kms.katalon.core.main.TestCaseExecutor.accessMainPhase(TestCaseExecutor.java:410)&#xa;	at com.kms.katalon.core.main.TestCaseExecutor.execute(TestCaseExecutor.java:285)&#xa;	at com.kms.katalon.core.main.TestCaseExecutor.execute(TestCaseExecutor.java:369)&#xa;	at com.kms.katalon.core.main.TestCaseExecutor.execute(TestCaseExecutor.java:369)&#xa;	at com.kms.katalon.core.main.TestCaseExecutor.execute(TestCaseExecutor.java:369)&#xa;	at com.kms.katalon.core.common.CommonExecutor.accessTestCaseMainPhase(CommonExecutor.java:65)&#xa;	at com.kms.katalon.core.main.TestSuiteExecutor.accessTestSuiteMainPhase(TestSuiteExecutor.java:148)&#xa;	at com.kms.katalon.core.main.TestSuiteExecutor.execute(TestSuiteExecutor.java:106)&#xa;	at com.kms.katalon.core.main.TestCaseMain.startTestSuite(TestCaseMain.java:180)&#xa;	at TempTestSuite1704690442913.run(TempTestSuite1704690442913.groovy:36)&#xa;	at java.base/jdk.internal.reflect.NativeMethodAccessorImpl.invoke0(Native Method)&#xa;	at java.base/jdk.internal.reflect.NativeMethodAccessorImpl.invoke(NativeMethodAccessorImpl.java:77)&#xa;	at java.base/jdk.internal.reflect.DelegatingMethodAccessorImpl.invoke(DelegatingMethodAccessorImpl.java:43)&#xa;Caused by: com.kms.katalon.core.exception.StepFailedException: Unable to verify text 'Name' is present &#xa;	at com.kms.katalon.core.webui.keyword.internal.WebUIKeywordMain.stepFailed(WebUIKeywordMain.groovy:64)&#xa;	at com.kms.katalon.core.webui.keyword.internal.WebUIKeywordMain.runKeyword(WebUIKeywordMain.groovy:26)&#xa;	at com.kms.katalon.core.webui.keyword.builtin.VerifyTextPresentKeyword.verifyTextPresent(VerifyTextPresentKeyword.groovy:83)&#xa;	at com.kms.katalon.core.webui.keyword.builtin.VerifyTextPresentKeyword.execute(VerifyTextPresentKeyword.groovy:68)&#xa;	at com.kms.katalon.core.keyword.internal.KeywordExecutor.executeKeywordForPlatform(KeywordExecutor.groovy:74)&#xa;	at com.kms.katalon.core.webui.keyword.WebUiBuiltInKeywords.verifyTextPresent(WebUiBuiltInKeywords.groovy:1762)&#xa;	at PSSISearchPersonIdentityValidData.run(PSSISearchPersonIdentityValidData:79)&#xa;	at com.kms.katalon.core.main.ScriptEngine.run(ScriptEngine.java:194)&#xa;	at com.kms.katalon.core.main.ScriptEngine.runScriptAsRawText(ScriptEngine.java:119)&#xa;	at com.kms.katalon.core.main.TestCaseExecutor.runScript(TestCaseExecutor.java:448)&#xa;	at com.kms.katalon.core.main.TestCaseExecutor.doExecute(TestCaseExecutor.java:439)&#xa;	at com.kms.katalon.core.main.TestCaseExecutor.processExecutionPhase(TestCaseExecutor.java:418)&#xa;	at com.kms.katalon.core.main.TestCaseExecutor.accessMainPhase(TestCaseExecutor.java:410)&#xa;	at com.kms.katalon.core.main.TestCaseExecutor.execute(TestCaseExecutor.java:285)&#xa;	at com.kms.katalon.core.main.TestCaseMain.runTestCase(TestCaseMain.java:137)&#xa;	at com.kms.katalon.core.keyword.builtin.CallTestCaseKeyword$_callTestCase_closure1.doCall(CallTestCaseKeyword.groovy:59)&#xa;	... 28 more&#xa;Caused by: com.kms.katalon.core.exception.StepFailedException: Text 'Name' is not present on page &#xa;	at com.kms.katalon.core.webui.keyword.internal.WebUIKeywordMain.stepFailed(WebUIKeywordMain.groovy:64)&#xa;	at com.kms.katalon.core.webui.keyword.builtin.VerifyTextPresentKeyword$_verifyTextPresent_closure1.doCall(VerifyTextPresentKeyword.groovy:79)&#xa;	at com.kms.katalon.core.webui.keyword.builtin.VerifyTextPresentKeyword$_verifyTextPresent_closure1.call(VerifyTextPresentKeyword.groovy)&#xa;	at com.kms.katalon.core.webui.keyword.internal.WebUIKeywordMain.runKeyword(WebUIKeywordMain.groovy:20)&#xa;	... 42 more&#xa;"/>
         <system-out><![CDATA[08-01-2024T12:13:07 - [TEST_CASE][FAILED] - Test Cases/Offline PSSI Dashboard Function/Create BE Monitoring Data/Search Person Identity/Positive Test Case/PSSISaveSearchedPersonIdentity: Test Cases/Offline PSSI Dashboard Function/Create BE Monitoring Data/Search Person Identity/Positive Test Case/PSSISaveSearchedPersonIdentity FAILED.
Reason:
com.kms.katalon.core.exception.StepFailedException: Call Test Case 'Test Cases/Offline PSSI Dashboard Function/Create BE Monitoring Data/Search Person Identity/Positive Test Case/PSSISearchPersonIdentityValidData' failed
	at com.kms.katalon.core.keyword.builtin.CallTestCaseKeyword$_callTestCase_closure1.doCall(CallTestCaseKeyword.groovy:63)
	at com.kms.katalon.core.keyword.builtin.CallTestCaseKeyword$_callTestCase_closure1.call(CallTestCaseKeyword.groovy)
	at com.kms.katalon.core.keyword.internal.KeywordMain.runKeyword(KeywordMain.groovy:75)
	at com.kms.katalon.core.keyword.builtin.CallTestCaseKeyword.callTestCase(CallTestCaseKeyword.groovy:81)
	at com.kms.katalon.core.keyword.builtin.CallTestCaseKeyword.execute(CallTestCaseKeyword.groovy:44)
	at com.kms.katalon.core.keyword.internal.KeywordExecutor.executeKeywordForPlatform(KeywordExecutor.groovy:74)
	at com.kms.katalon.core.keyword.BuiltinKeywords.callTestCase(BuiltinKeywords.groovy:326)
	at java.base/jdk.internal.reflect.NativeMethodAccessorImpl.invoke0(Native Method)
	at java.base/jdk.internal.reflect.NativeMethodAccessorImpl.invoke(NativeMethodAccessorImpl.java:77)
	at java.base/jdk.internal.reflect.DelegatingMethodAccessorImpl.invoke(DelegatingMethodAccessorImpl.java:43)
	at PSSISaveSearchedPersonIdentity.run(PSSISaveSearchedPersonIdentity:26)
	at com.kms.katalon.core.main.ScriptEngine.run(ScriptEngine.java:194)
	at com.kms.katalon.core.main.ScriptEngine.runScriptAsRawText(ScriptEngine.java:119)
	at com.kms.katalon.core.main.TestCaseExecutor.runScript(TestCaseExecutor.java:448)
	at com.kms.katalon.core.main.TestCaseExecutor.doExecute(TestCaseExecutor.java:439)
	at com.kms.katalon.core.main.TestCaseExecutor.processExecutionPhase(TestCaseExecutor.java:418)
	at com.kms.katalon.core.main.TestCaseExecutor.accessMainPhase(TestCaseExecutor.java:410)
	at com.kms.katalon.core.main.TestCaseExecutor.execute(TestCaseExecutor.java:285)
	at com.kms.katalon.core.main.TestCaseExecutor.execute(TestCaseExecutor.java:369)
	at com.kms.katalon.core.main.TestCaseExecutor.execute(TestCaseExecutor.java:369)
	at com.kms.katalon.core.main.TestCaseExecutor.execute(TestCaseExecutor.java:369)
	at com.kms.katalon.core.common.CommonExecutor.accessTestCaseMainPhase(CommonExecutor.java:65)
	at com.kms.katalon.core.main.TestSuiteExecutor.accessTestSuiteMainPhase(TestSuiteExecutor.java:148)
	at com.kms.katalon.core.main.TestSuiteExecutor.execute(TestSuiteExecutor.java:106)
	at com.kms.katalon.core.main.TestCaseMain.startTestSuite(TestCaseMain.java:180)
	at TempTestSuite1704690442913.run(TempTestSuite1704690442913.groovy:36)
	at java.base/jdk.internal.reflect.NativeMethodAccessorImpl.invoke0(Native Method)
	at java.base/jdk.internal.reflect.NativeMethodAccessorImpl.invoke(NativeMethodAccessorImpl.java:77)
	at java.base/jdk.internal.reflect.DelegatingMethodAccessorImpl.invoke(DelegatingMethodAccessorImpl.java:43)
Caused by: com.kms.katalon.core.exception.StepFailedException: Unable to verify text 'Name' is present 
	at com.kms.katalon.core.webui.keyword.internal.WebUIKeywordMain.stepFailed(WebUIKeywordMain.groovy:64)
	at com.kms.katalon.core.webui.keyword.internal.WebUIKeywordMain.runKeyword(WebUIKeywordMain.groovy:26)
	at com.kms.katalon.core.webui.keyword.builtin.VerifyTextPresentKeyword.verifyTextPresent(VerifyTextPresentKeyword.groovy:83)
	at com.kms.katalon.core.webui.keyword.builtin.VerifyTextPresentKeyword.execute(VerifyTextPresentKeyword.groovy:68)
	at com.kms.katalon.core.keyword.internal.KeywordExecutor.executeKeywordForPlatform(KeywordExecutor.groovy:74)
	at com.kms.katalon.core.webui.keyword.WebUiBuiltInKeywords.verifyTextPresent(WebUiBuiltInKeywords.groovy:1762)
	at PSSISearchPersonIdentityValidData.run(PSSISearchPersonIdentityValidData:79)
	at com.kms.katalon.core.main.ScriptEngine.run(ScriptEngine.java:194)
	at com.kms.katalon.core.main.ScriptEngine.runScriptAsRawText(ScriptEngine.java:119)
	at com.kms.katalon.core.main.TestCaseExecutor.runScript(TestCaseExecutor.java:448)
	at com.kms.katalon.core.main.TestCaseExecutor.doExecute(TestCaseExecutor.java:439)
	at com.kms.katalon.core.main.TestCaseExecutor.processExecutionPhase(TestCaseExecutor.java:418)
	at com.kms.katalon.core.main.TestCaseExecutor.accessMainPhase(TestCaseExecutor.java:410)
	at com.kms.katalon.core.main.TestCaseExecutor.execute(TestCaseExecutor.java:285)
	at com.kms.katalon.core.main.TestCaseMain.runTestCase(TestCaseMain.java:137)
	at com.kms.katalon.core.keyword.builtin.CallTestCaseKeyword$_callTestCase_closure1.doCall(CallTestCaseKeyword.groovy:59)
	... 28 more
Caused by: com.kms.katalon.core.exception.StepFailedException: Text 'Name' is not present on page 
	at com.kms.katalon.core.webui.keyword.internal.WebUIKeywordMain.stepFailed(WebUIKeywordMain.groovy:64)
	at com.kms.katalon.core.webui.keyword.builtin.VerifyTextPresentKeyword$_verifyTextPresent_closure1.doCall(VerifyTextPresentKeyword.groovy:79)
	at com.kms.katalon.core.webui.keyword.builtin.VerifyTextPresentKeyword$_verifyTextPresent_closure1.call(VerifyTextPresentKeyword.groovy)
	at com.kms.katalon.core.webui.keyword.internal.WebUIKeywordMain.runKeyword(WebUIKeywordMain.groovy:20)
	... 42 more


08-01-2024T12:13:07 - [TEST_STEP][PASSED] - baseUrl = offline_pssi_dashboard_url: null

08-01-2024T12:13:07 - [TEST_STEP][FAILED] - callTestCase(findTestCase("Offline PSSI Dashboard Function/Create BE Monitoring Data/Search Person Identity/Positive Test Case/PSSISearchPersonIdentityValidData"), [:]): Unable to call Test Case 'Test Cases/Offline PSSI Dashboard Function/Create BE Monitoring Data/Search Person Identity/Positive Test Case/PSSISearchPersonIdentityValidData' (Root cause: com.kms.katalon.core.exception.StepFailedException: Call Test Case 'Test Cases/Offline PSSI Dashboard Function/Create BE Monitoring Data/Search Person Identity/Positive Test Case/PSSISearchPersonIdentityValidData' failed
	at com.kms.katalon.core.keyword.builtin.CallTestCaseKeyword$_callTestCase_closure1.doCall(CallTestCaseKeyword.groovy:63)
	at com.kms.katalon.core.keyword.builtin.CallTestCaseKeyword$_callTestCase_closure1.call(CallTestCaseKeyword.groovy)
	at com.kms.katalon.core.keyword.internal.KeywordMain.runKeyword(KeywordMain.groovy:75)
	at com.kms.katalon.core.keyword.builtin.CallTestCaseKeyword.callTestCase(CallTestCaseKeyword.groovy:81)
	at com.kms.katalon.core.keyword.builtin.CallTestCaseKeyword.execute(CallTestCaseKeyword.groovy:44)
	at com.kms.katalon.core.keyword.internal.KeywordExecutor.executeKeywordForPlatform(KeywordExecutor.groovy:74)
	at com.kms.katalon.core.keyword.BuiltinKeywords.callTestCase(BuiltinKeywords.groovy:326)
	at java.base/jdk.internal.reflect.NativeMethodAccessorImpl.invoke0(Native Method)
	at java.base/jdk.internal.reflect.NativeMethodAccessorImpl.invoke(NativeMethodAccessorImpl.java:77)
	at java.base/jdk.internal.reflect.DelegatingMethodAccessorImpl.invoke(DelegatingMethodAccessorImpl.java:43)
	at PSSISaveSearchedPersonIdentity.run(PSSISaveSearchedPersonIdentity:26)
	at com.kms.katalon.core.main.ScriptEngine.run(ScriptEngine.java:194)
	at com.kms.katalon.core.main.ScriptEngine.runScriptAsRawText(ScriptEngine.java:119)
	at com.kms.katalon.core.main.TestCaseExecutor.runScript(TestCaseExecutor.java:448)
	at com.kms.katalon.core.main.TestCaseExecutor.doExecute(TestCaseExecutor.java:439)
	at com.kms.katalon.core.main.TestCaseExecutor.processExecutionPhase(TestCaseExecutor.java:418)
	at com.kms.katalon.core.main.TestCaseExecutor.accessMainPhase(TestCaseExecutor.java:410)
	at com.kms.katalon.core.main.TestCaseExecutor.execute(TestCaseExecutor.java:285)
	at com.kms.katalon.core.main.TestCaseExecutor.execute(TestCaseExecutor.java:369)
	at com.kms.katalon.core.main.TestCaseExecutor.execute(TestCaseExecutor.java:369)
	at com.kms.katalon.core.main.TestCaseExecutor.execute(TestCaseExecutor.java:369)
	at com.kms.katalon.core.common.CommonExecutor.accessTestCaseMainPhase(CommonExecutor.java:65)
	at com.kms.katalon.core.main.TestSuiteExecutor.accessTestSuiteMainPhase(TestSuiteExecutor.java:148)
	at com.kms.katalon.core.main.TestSuiteExecutor.execute(TestSuiteExecutor.java:106)
	at com.kms.katalon.core.main.TestCaseMain.startTestSuite(TestCaseMain.java:180)
	at TempTestSuite1704690442913.run(TempTestSuite1704690442913.groovy:36)
	at java.base/jdk.internal.reflect.NativeMethodAccessorImpl.invoke0(Native Method)
	at java.base/jdk.internal.reflect.NativeMethodAccessorImpl.invoke(NativeMethodAccessorImpl.java:77)
	at java.base/jdk.internal.reflect.DelegatingMethodAccessorImpl.invoke(DelegatingMethodAccessorImpl.java:43)
Caused by: com.kms.katalon.core.exception.StepFailedException: Unable to verify text 'Name' is present 
	at com.kms.katalon.core.webui.keyword.internal.WebUIKeywordMain.stepFailed(WebUIKeywordMain.groovy:64)
	at com.kms.katalon.core.webui.keyword.internal.WebUIKeywordMain.runKeyword(WebUIKeywordMain.groovy:26)
	at com.kms.katalon.core.webui.keyword.builtin.VerifyTextPresentKeyword.verifyTextPresent(VerifyTextPresentKeyword.groovy:83)
	at com.kms.katalon.core.webui.keyword.builtin.VerifyTextPresentKeyword.execute(VerifyTextPresentKeyword.groovy:68)
	at com.kms.katalon.core.keyword.internal.KeywordExecutor.executeKeywordForPlatform(KeywordExecutor.groovy:74)
	at com.kms.katalon.core.webui.keyword.WebUiBuiltInKeywords.verifyTextPresent(WebUiBuiltInKeywords.groovy:1762)
	at PSSISearchPersonIdentityValidData.run(PSSISearchPersonIdentityValidData:79)
	at com.kms.katalon.core.main.ScriptEngine.run(ScriptEngine.java:194)
	at com.kms.katalon.core.main.ScriptEngine.runScriptAsRawText(ScriptEngine.java:119)
	at com.kms.katalon.core.main.TestCaseExecutor.runScript(TestCaseExecutor.java:448)
	at com.kms.katalon.core.main.TestCaseExecutor.doExecute(TestCaseExecutor.java:439)
	at com.kms.katalon.core.main.TestCaseExecutor.processExecutionPhase(TestCaseExecutor.java:418)
	at com.kms.katalon.core.main.TestCaseExecutor.accessMainPhase(TestCaseExecutor.java:410)
	at com.kms.katalon.core.main.TestCaseExecutor.execute(TestCaseExecutor.java:285)
	at com.kms.katalon.core.main.TestCaseMain.runTestCase(TestCaseMain.java:137)
	at com.kms.katalon.core.keyword.builtin.CallTestCaseKeyword$_callTestCase_closure1.doCall(CallTestCaseKeyword.groovy:59)
	... 28 more
Caused by: com.kms.katalon.core.exception.StepFailedException: Text 'Name' is not present on page 
	at com.kms.katalon.core.webui.keyword.internal.WebUIKeywordMain.stepFailed(WebUIKeywordMain.groovy:64)
	at com.kms.katalon.core.webui.keyword.builtin.VerifyTextPresentKeyword$_verifyTextPresent_closure1.doCall(VerifyTextPresentKeyword.groovy:79)
	at com.kms.katalon.core.webui.keyword.builtin.VerifyTextPresentKeyword$_verifyTextPresent_closure1.call(VerifyTextPresentKeyword.groovy)
	at com.kms.katalon.core.webui.keyword.internal.WebUIKeywordMain.runKeyword(WebUIKeywordMain.groovy:20)
	... 42 more
)

08-01-2024T12:13:07 - [TEST_CASE][FAILED] - Test Cases/Offline PSSI Dashboard Function/Create BE Monitoring Data/Search Person Identity/Positive Test Case/PSSISearchPersonIdentityValidData: Test Cases/Offline PSSI Dashboard Function/Create BE Monitoring Data/Search Person Identity/Positive Test Case/PSSISearchPersonIdentityValidData FAILED.
Reason:
com.kms.katalon.core.exception.StepFailedException: Unable to verify text 'Name' is present 
	at com.kms.katalon.core.webui.keyword.internal.WebUIKeywordMain.stepFailed(WebUIKeywordMain.groovy:64)
	at com.kms.katalon.core.webui.keyword.internal.WebUIKeywordMain.runKeyword(WebUIKeywordMain.groovy:26)
	at com.kms.katalon.core.webui.keyword.builtin.VerifyTextPresentKeyword.verifyTextPresent(VerifyTextPresentKeyword.groovy:83)
	at com.kms.katalon.core.webui.keyword.builtin.VerifyTextPresentKeyword.execute(VerifyTextPresentKeyword.groovy:68)
	at com.kms.katalon.core.keyword.internal.KeywordExecutor.executeKeywordForPlatform(KeywordExecutor.groovy:74)
	at com.kms.katalon.core.webui.keyword.WebUiBuiltInKeywords.verifyTextPresent(WebUiBuiltInKeywords.groovy:1762)
	at PSSISearchPersonIdentityValidData.run(PSSISearchPersonIdentityValidData:79)
	at com.kms.katalon.core.main.ScriptEngine.run(ScriptEngine.java:194)
	at com.kms.katalon.core.main.ScriptEngine.runScriptAsRawText(ScriptEngine.java:119)
	at com.kms.katalon.core.main.TestCaseExecutor.runScript(TestCaseExecutor.java:448)
	at com.kms.katalon.core.main.TestCaseExecutor.doExecute(TestCaseExecutor.java:439)
	at com.kms.katalon.core.main.TestCaseExecutor.processExecutionPhase(TestCaseExecutor.java:418)
	at com.kms.katalon.core.main.TestCaseExecutor.accessMainPhase(TestCaseExecutor.java:410)
	at com.kms.katalon.core.main.TestCaseExecutor.execute(TestCaseExecutor.java:285)
	at com.kms.katalon.core.main.TestCaseMain.runTestCase(TestCaseMain.java:137)
	at com.kms.katalon.core.keyword.builtin.CallTestCaseKeyword$_callTestCase_closure1.doCall(CallTestCaseKeyword.groovy:59)
	at com.kms.katalon.core.keyword.builtin.CallTestCaseKeyword$_callTestCase_closure1.call(CallTestCaseKeyword.groovy)
	at com.kms.katalon.core.keyword.internal.KeywordMain.runKeyword(KeywordMain.groovy:75)
	at com.kms.katalon.core.keyword.builtin.CallTestCaseKeyword.callTestCase(CallTestCaseKeyword.groovy:81)
	at com.kms.katalon.core.keyword.builtin.CallTestCaseKeyword.execute(CallTestCaseKeyword.groovy:44)
	at com.kms.katalon.core.keyword.internal.KeywordExecutor.executeKeywordForPlatform(KeywordExecutor.groovy:74)
	at com.kms.katalon.core.keyword.BuiltinKeywords.callTestCase(BuiltinKeywords.groovy:326)
	at java.base/jdk.internal.reflect.NativeMethodAccessorImpl.invoke0(Native Method)
	at java.base/jdk.internal.reflect.NativeMethodAccessorImpl.invoke(NativeMethodAccessorImpl.java:77)
	at java.base/jdk.internal.reflect.DelegatingMethodAccessorImpl.invoke(DelegatingMethodAccessorImpl.java:43)
	at PSSISaveSearchedPersonIdentity.run(PSSISaveSearchedPersonIdentity:26)
	at com.kms.katalon.core.main.ScriptEngine.run(ScriptEngine.java:194)
	at com.kms.katalon.core.main.ScriptEngine.runScriptAsRawText(ScriptEngine.java:119)
	at com.kms.katalon.core.main.TestCaseExecutor.runScript(TestCaseExecutor.java:448)
	at com.kms.katalon.core.main.TestCaseExecutor.doExecute(TestCaseExecutor.java:439)
	at com.kms.katalon.core.main.TestCaseExecutor.processExecutionPhase(TestCaseExecutor.java:418)
	at com.kms.katalon.core.main.TestCaseExecutor.accessMainPhase(TestCaseExecutor.java:410)
	at com.kms.katalon.core.main.TestCaseExecutor.execute(TestCaseExecutor.java:285)
	at com.kms.katalon.core.main.TestCaseExecutor.execute(TestCaseExecutor.java:369)
	at com.kms.katalon.core.main.TestCaseExecutor.execute(TestCaseExecutor.java:369)
	at com.kms.katalon.core.main.TestCaseExecutor.execute(TestCaseExecutor.java:369)
	at com.kms.katalon.core.common.CommonExecutor.accessTestCaseMainPhase(CommonExecutor.java:65)
	at com.kms.katalon.core.main.TestSuiteExecutor.accessTestSuiteMainPhase(TestSuiteExecutor.java:148)
	at com.kms.katalon.core.main.TestSuiteExecutor.execute(TestSuiteExecutor.java:106)
	at com.kms.katalon.core.main.TestCaseMain.startTestSuite(TestCaseMain.java:180)
	at TempTestSuite1704690442913.run(TempTestSuite1704690442913.groovy:36)
	at java.base/jdk.internal.reflect.NativeMethodAccessorImpl.invoke0(Native Method)
	at java.base/jdk.internal.reflect.NativeMethodAccessorImpl.invoke(NativeMethodAccessorImpl.java:77)
	at java.base/jdk.internal.reflect.DelegatingMethodAccessorImpl.invoke(DelegatingMethodAccessorImpl.java:43)
Caused by: com.kms.katalon.core.exception.StepFailedException: Text 'Name' is not present on page 
	at com.kms.katalon.core.webui.keyword.internal.WebUIKeywordMain.stepFailed(WebUIKeywordMain.groovy:64)
	at com.kms.katalon.core.webui.keyword.builtin.VerifyTextPresentKeyword$_verifyTextPresent_closure1.doCall(VerifyTextPresentKeyword.groovy:79)
	at com.kms.katalon.core.webui.keyword.builtin.VerifyTextPresentKeyword$_verifyTextPresent_closure1.call(VerifyTextPresentKeyword.groovy)
	at com.kms.katalon.core.webui.keyword.internal.WebUIKeywordMain.runKeyword(WebUIKeywordMain.groovy:20)
	... 42 more


08-01-2024T12:13:07 - [TEST_STEP][PASSED] - baseUrl = offline_pssi_dashboard_url: null

08-01-2024T12:13:07 - [TEST_STEP][PASSED] - callTestCase(findTestCase("Offline PSSI Dashboard Function/Create BE Monitoring Data/View Monitoring Data/PSSIViewMonitoringData"), [:]): Call Test Case 'Test Cases/Offline PSSI Dashboard Function/Create BE Monitoring Data/View Monitoring Data/PSSIViewMonitoringData' successfully

08-01-2024T12:13:07 - [TEST_CASE][PASSED] - Test Cases/Offline PSSI Dashboard Function/Create BE Monitoring Data/View Monitoring Data/PSSIViewMonitoringData: Test Cases/Offline PSSI Dashboard Function/Create BE Monitoring Data/View Monitoring Data/PSSIViewMonitoringData

08-01-2024T12:13:07 - [TEST_STEP][PASSED] - baseUrl = offline_pssi_dashboard_url: null

08-01-2024T12:13:07 - [TEST_STEP][PASSED] - callTestCase(findTestCase("Offline PSSI Dashboard Function/Sign In/PSSISignInValidData"), [:]): Call Test Case 'Test Cases/Offline PSSI Dashboard Function/Sign In/PSSISignInValidData' successfully

08-01-2024T12:13:08 - [TEST_CASE][PASSED] - Test Cases/Offline PSSI Dashboard Function/Sign In/PSSISignInValidData: Test Cases/Offline PSSI Dashboard Function/Sign In/PSSISignInValidData

08-01-2024T12:13:08 - [TEST_STEP][PASSED] - failureHandling = STOP_ON_FAILURE: null

08-01-2024T12:13:08 - [TEST_STEP][PASSED] - baseUrl = offline_pssi_dashboard_url: null

08-01-2024T12:13:08 - [TEST_STEP][PASSED] - openBrowser(""): Browser is opened with url: ''

08-01-2024T12:13:08 - [MESSAGE][WARNING] - A browser is already opened. Closing browser and opening a new one

08-01-2024T12:13:08 - [MESSAGE][INFO] - Starting 'Chrome' driver

08-01-2024T12:13:08 - [MESSAGE][INFO] - Action delay is set to 0 milliseconds

08-01-2024T12:13:10 - [MESSAGE][PASSED] - Browser is opened with url: ''

08-01-2024T12:13:10 - [TEST_STEP][PASSED] - navigateToUrl(baseUrl): Navigate to 'https://monitoring.pssi-dev.kecilin.id' successfully

08-01-2024T12:13:11 - [MESSAGE][PASSED] - Navigate to 'https://monitoring.pssi-dev.kecilin.id' successfully

08-01-2024T12:13:11 - [TEST_STEP][PASSED] - maximizeWindow(): Current window maximized

08-01-2024T12:13:11 - [MESSAGE][PASSED] - Current window maximized

08-01-2024T12:13:11 - [TEST_STEP][PASSED] - setText(findTestObject("Object Repository/Page_Login/input_email"), "superadmin@app.com"): Text 'superadmin@app.com' is set on object 'Object Repository/Page_Login/input_email'

08-01-2024T12:13:12 - [MESSAGE][PASSED] - Text 'superadmin@app.com' is set on object 'Object Repository/Page_Login/input_email'

08-01-2024T12:13:12 - [TEST_STEP][PASSED] - setEncryptedText(findTestObject("Object Repository/Page_Login/input_password"), "8SQVv/p9jVScEs4/2CZsLw=="): Text ****** has been set on object 'Object Repository/Page_Login/input_password'

08-01-2024T12:13:12 - [MESSAGE][PASSED] - Text ****** has been set on object 'Object Repository/Page_Login/input_password'

08-01-2024T12:13:12 - [TEST_STEP][PASSED] - click(findTestObject("Object Repository/Page_Login/button_Sign In")): Object: 'Object Repository/Page_Login/button_Sign In' is clicked on

08-01-2024T12:13:14 - [MESSAGE][PASSED] - Object: 'Object Repository/Page_Login/button_Sign In' is clicked on

08-01-2024T12:13:14 - [MESSAGE][PASSED] - Call Test Case 'Test Cases/Offline PSSI Dashboard Function/Sign In/PSSISignInValidData' successfully

08-01-2024T12:13:14 - [TEST_STEP][PASSED] - navigateToUrl(baseUrl + "/monitoring"): Navigate to 'https://monitoring.pssi-dev.kecilin.id/monitoring' successfully

08-01-2024T12:13:15 - [MESSAGE][PASSED] - Navigate to 'https://monitoring.pssi-dev.kecilin.id/monitoring' successfully

08-01-2024T12:13:15 - [MESSAGE][PASSED] - Call Test Case 'Test Cases/Offline PSSI Dashboard Function/Create BE Monitoring Data/View Monitoring Data/PSSIViewMonitoringData' successfully

08-01-2024T12:13:15 - [TEST_STEP][PASSED] - verifyElementClickable(findTestObject("Page_Monitoring/Left Camera Selection")): Object 'Object Repository/Page_Monitoring/Left Camera Selection' is clickable

08-01-2024T12:13:15 - [MESSAGE][PASSED] - Object 'Object Repository/Page_Monitoring/Left Camera Selection' is clickable

08-01-2024T12:13:15 - [TEST_STEP][PASSED] - click(findTestObject("Page_Monitoring/Left Camera Selection")): Object: 'Object Repository/Page_Monitoring/Left Camera Selection' is clicked on

08-01-2024T12:13:16 - [MESSAGE][PASSED] - Object: 'Object Repository/Page_Monitoring/Left Camera Selection' is clicked on

08-01-2024T12:13:16 - [TEST_STEP][PASSED] - verifyElementClickable(findTestObject("Page_Monitoring/Left search field")): Object 'Object Repository/Page_Monitoring/Left search field' is clickable

08-01-2024T12:13:17 - [MESSAGE][PASSED] - Object 'Object Repository/Page_Monitoring/Left search field' is clickable

08-01-2024T12:13:17 - [TEST_STEP][PASSED] - setText(findTestObject("Page_Monitoring/Left search field"), "CCTV"): Text 'CCTV' is set on object 'Object Repository/Page_Monitoring/Left search field'

08-01-2024T12:13:17 - [MESSAGE][PASSED] - Text 'CCTV' is set on object 'Object Repository/Page_Monitoring/Left search field'

08-01-2024T12:13:17 - [TEST_STEP][PASSED] - expectedPattern = ".*CCTV.*": null

08-01-2024T12:13:17 - [TEST_STEP][PASSED] - elementText = getText(findTestObject("Page_Monitoring/Left Search Box")): Text of object 'Object Repository/Page_Monitoring/Left Search Box' is: 'Stadion Utama Gelora Bung Karno - CCTV 1'

08-01-2024T12:13:19 - [MESSAGE][INFO] - Unable to find the element located by 'By.xpath: id("select2-select_camera_first-results")[count(. | //ul[@class = 'select2-results__options' and @role = 'listbox' and @id = 'select2-select_camera_first-results' and @aria-expanded = 'true' and @aria-hidden = 'false' and (text() = 'Searching…Stadion Utama Gelora Bung Karno - Testing 1Stadion Utama Gelora Bung Karno - CCTV 1Stadion Gelora Bandung Lautan Api - Stadion GBLAStadion Gelora Bandung Lautan Api - Stadion GBLA - KompresiStadion Gelora Bangkalan - aStadion Gelora Bangkalan - aStadion Gelora Bangkalan - aStadion Gelora Bangkalan - aStadion Gelora Bangkalan - aStadion Gelora Bangkalan - aStadion Gelora Bangkalan - aStadion Gelora Bangkalan - aStadion Gelora Bangkalan - aStadion Gelora Bangkalan - aStadion Gelora Bangkalan - a' or . = 'Searching…Stadion Utama Gelora Bung Karno - Testing 1Stadion Utama Gelora Bung Karno - CCTV 1Stadion Gelora Bandung Lautan Api - Stadion GBLAStadion Gelora Bandung Lautan Api - Stadion GBLA - KompresiStadion Gelora Bangkalan - aStadion Gelora Bangkalan - aStadion Gelora Bangkalan - aStadion Gelora Bangkalan - aStadion Gelora Bangkalan - aStadion Gelora Bangkalan - aStadion Gelora Bangkalan - aStadion Gelora Bangkalan - aStadion Gelora Bangkalan - aStadion Gelora Bangkalan - aStadion Gelora Bangkalan - a')]) = count(//ul[@class = 'select2-results__options' and @role = 'listbox' and @id = 'select2-select_camera_first-results' and @aria-expanded = 'true' and @aria-hidden = 'false' and (text() = 'Searching…Stadion Utama Gelora Bung Karno - Testing 1Stadion Utama Gelora Bung Karno - CCTV 1Stadion Gelora Bandung Lautan Api - Stadion GBLAStadion Gelora Bandung Lautan Api - Stadion GBLA - KompresiStadion Gelora Bangkalan - aStadion Gelora Bangkalan - aStadion Gelora Bangkalan - aStadion Gelora Bangkalan - aStadion Gelora Bangkalan - aStadion Gelora Bangkalan - aStadion Gelora Bangkalan - aStadion Gelora Bangkalan - aStadion Gelora Bangkalan - aStadion Gelora Bangkalan - aStadion Gelora Bangkalan - a' or . = 'Searching…Stadion Utama Gelora Bung Karno - Testing 1Stadion Utama Gelora Bung Karno - CCTV 1Stadion Gelora Bandung Lautan Api - Stadion GBLAStadion Gelora Bandung Lautan Api - Stadion GBLA - KompresiStadion Gelora Bangkalan - aStadion Gelora Bangkalan - aStadion Gelora Bangkalan - aStadion Gelora Bangkalan - aStadion Gelora Bangkalan - aStadion Gelora Bangkalan - aStadion Gelora Bangkalan - aStadion Gelora Bangkalan - aStadion Gelora Bangkalan - aStadion Gelora Bangkalan - aStadion Gelora Bangkalan - a')])]'. Please recheck the objects properties to make sure the desired element is located. 

08-01-2024T12:13:19 - [MESSAGE][WARNING] - [SELF-HEALING] Failed to find element with id 'Object Repository/Page_Monitoring/Left Search Box'. Try using Self-healing.

08-01-2024T12:13:20 - [MESSAGE][WARNING] - [SELF-HEALING] The current locator of test object 'Object Repository/Page_Monitoring/Left Search Box' was broken. Propose an alternative one: '//ul[@id='select2-select_camera_first-results']'.

08-01-2024T12:13:20 - [MESSAGE][PASSED] - Text of object 'Object Repository/Page_Monitoring/Left Search Box' is: 'Stadion Utama Gelora Bung Karno - CCTV 1'

08-01-2024T12:13:20 - [TEST_STEP][PASSED] - isTextMatched = Pattern.matches(expectedPattern, elementText): null

08-01-2024T12:13:20 - [TEST_STEP][PASSED] - sendKeys(findTestObject("Page_Monitoring/Left search field"), Keys.chord(ENTER)): Keys 'ENTER + ' sent to object: 'Object Repository/Page_Monitoring/Left search field'

08-01-2024T12:13:20 - [MESSAGE][PASSED] - Keys 'ENTER + ' sent to object: 'Object Repository/Page_Monitoring/Left search field'

08-01-2024T12:13:20 - [TEST_STEP][PASSED] - waitForElementVisible(findTestObject("Page_Monitoring/Left Loading CCTV stream"), 5): Object 'Object Repository/Page_Monitoring/Left Loading CCTV stream' is visible

08-01-2024T12:13:21 - [MESSAGE][PASSED] - Object 'Object Repository/Page_Monitoring/Left Loading CCTV stream' is visible

08-01-2024T12:13:21 - [TEST_STEP][PASSED] - verifyElementVisible(findTestObject("Page_Monitoring/Left Loading CCTV stream")): Object 'Object Repository/Page_Monitoring/Left Loading CCTV stream' is visible

08-01-2024T12:13:21 - [MESSAGE][PASSED] - Object 'Object Repository/Page_Monitoring/Left Loading CCTV stream' is visible

08-01-2024T12:13:21 - [TEST_STEP][PASSED] - waitForElementVisible(findTestObject("Page_Monitoring/Left Camera Playing"), 5): Object 'Object Repository/Page_Monitoring/Left Camera Playing' is visible

08-01-2024T12:13:21 - [MESSAGE][WARNING] - [SELF-HEALING] Failed to find element with id 'Object Repository/Page_Monitoring/Left Camera Playing'. Try using Self-healing.

08-01-2024T12:13:21 - [MESSAGE][WARNING] - [SELF-HEALING] The current locator of test object 'Object Repository/Page_Monitoring/Left Camera Playing' was broken. Propose an alternative one: '//canvas[@id='stream_first']'.

08-01-2024T12:13:21 - [MESSAGE][PASSED] - Object 'Object Repository/Page_Monitoring/Left Camera Playing' is visible

08-01-2024T12:13:21 - [TEST_STEP][PASSED] - verifyElementVisible(findTestObject("Page_Monitoring/Left Camera Playing")): Object 'Object Repository/Page_Monitoring/Left Camera Playing' is visible

08-01-2024T12:13:21 - [MESSAGE][WARNING] - [SELF-HEALING] Failed to find element with id 'Object Repository/Page_Monitoring/Left Camera Playing'. Try using Self-healing.

08-01-2024T12:13:22 - [MESSAGE][WARNING] - [SELF-HEALING] The current locator of test object 'Object Repository/Page_Monitoring/Left Camera Playing' was broken. Propose an alternative one: '//canvas[@id='stream_first']'.

08-01-2024T12:13:22 - [MESSAGE][PASSED] - Object 'Object Repository/Page_Monitoring/Left Camera Playing' is visible

08-01-2024T12:13:22 - [TEST_STEP][PASSED] - screenshot1 = takeFullPageScreenshot(): Taking screenshot successfully

08-01-2024T12:13:22 - [MESSAGE][INFO] - 0 hidden object(s)

08-01-2024T12:13:22 - [MESSAGE][PASSED] - Taking screenshot successfully
[[ATTACHMENT|C:\\Users\\USER\\git\\Kecilin-Automation-Test\\Reports\\20240108_120718\\Create BE Monitoring Data\\Search Person Identity Test Suite\\20240108_120722\\1704690802218.png]]

08-01-2024T12:13:22 - [TEST_STEP][PASSED] - Thread.sleep(5000): null

08-01-2024T12:13:27 - [TEST_STEP][PASSED] - screenshot2 = takeFullPageScreenshot(): Taking screenshot successfully

08-01-2024T12:13:28 - [MESSAGE][INFO] - 0 hidden object(s)

08-01-2024T12:13:28 - [MESSAGE][PASSED] - Taking screenshot successfully
[[ATTACHMENT|C:\\Users\\USER\\git\\Kecilin-Automation-Test\\Reports\\20240108_120718\\Create BE Monitoring Data\\Search Person Identity Test Suite\\20240108_120722\\1704690808007.png]]

08-01-2024T12:13:28 - [TEST_STEP][PASSED] - verifyNotEqual(screenshot1, screenshot2): Actual object '[B@258227dd' and expected object '[B@225fb905' are not equal

08-01-2024T12:13:28 - [MESSAGE][PASSED] - Actual object '[B@258227dd' and expected object '[B@225fb905' are not equal

08-01-2024T12:13:28 - [TEST_STEP][PASSED] - scrollToElement(findTestObject("Page_Monitoring/Left Search Identity"), 1): Scroll to object 'Object Repository/Page_Monitoring/Left Search Identity' successfully

08-01-2024T12:13:29 - [MESSAGE][PASSED] - Scroll to object 'Object Repository/Page_Monitoring/Left Search Identity' successfully

08-01-2024T12:13:29 - [TEST_STEP][PASSED] - verifyElementClickable(findTestObject("Page_Monitoring/Left Search Identity")): Object 'Object Repository/Page_Monitoring/Left Search Identity' is clickable

08-01-2024T12:13:29 - [MESSAGE][PASSED] - Object 'Object Repository/Page_Monitoring/Left Search Identity' is clickable

08-01-2024T12:13:29 - [TEST_STEP][PASSED] - click(findTestObject("Page_Monitoring/Left Search Identity")): Object: 'Object Repository/Page_Monitoring/Left Search Identity' is clicked on

08-01-2024T12:13:30 - [MESSAGE][PASSED] - Object: 'Object Repository/Page_Monitoring/Left Search Identity' is clicked on

08-01-2024T12:13:30 - [TEST_STEP][PASSED] - scrollToElement(findTestObject("Page_Monitoring/button_Identify Now Pop Up"), 1): Scroll to object 'Object Repository/Page_Monitoring/button_Identify Now Pop Up' successfully

08-01-2024T12:13:30 - [MESSAGE][PASSED] - Scroll to object 'Object Repository/Page_Monitoring/button_Identify Now Pop Up' successfully

08-01-2024T12:13:30 - [TEST_STEP][PASSED] - waitForElementPresent(findTestObject("Page_Monitoring/button_Identify Now Pop Up"), 5): Object 'Object Repository/Page_Monitoring/button_Identify Now Pop Up' is present

08-01-2024T12:13:31 - [MESSAGE][PASSED] - Object 'Object Repository/Page_Monitoring/button_Identify Now Pop Up' is present

08-01-2024T12:13:31 - [TEST_STEP][PASSED] - verifyElementClickable(findTestObject("Page_Monitoring/button_Identify Now Pop Up")): Object 'Object Repository/Page_Monitoring/button_Identify Now Pop Up' is clickable

08-01-2024T12:13:31 - [MESSAGE][PASSED] - Object 'Object Repository/Page_Monitoring/button_Identify Now Pop Up' is clickable

08-01-2024T12:13:31 - [TEST_STEP][PASSED] - click(findTestObject("Page_Monitoring/button_Identify Now Pop Up")): Object: 'Object Repository/Page_Monitoring/button_Identify Now Pop Up' is clicked on

08-01-2024T12:13:31 - [MESSAGE][PASSED] - Object: 'Object Repository/Page_Monitoring/button_Identify Now Pop Up' is clicked on

08-01-2024T12:13:31 - [TEST_STEP][PASSED] - waitForElementPresent(findTestObject("Page_Result Monitoring/Result Monitoring Title"), 15): Object 'Object Repository/Page_Result Monitoring/Result Monitoring Title' is present

08-01-2024T12:13:32 - [MESSAGE][PASSED] - Object 'Object Repository/Page_Result Monitoring/Result Monitoring Title' is present

08-01-2024T12:13:32 - [TEST_STEP][FAILED] - verifyTextPresent("Name", false): Unable to verify text 'Name' is present  (Root cause: com.kms.katalon.core.exception.StepFailedException: Unable to verify text 'Name' is present 
	at com.kms.katalon.core.webui.keyword.internal.WebUIKeywordMain.stepFailed(WebUIKeywordMain.groovy:64)
	at com.kms.katalon.core.webui.keyword.internal.WebUIKeywordMain.runKeyword(WebUIKeywordMain.groovy:26)
	at com.kms.katalon.core.webui.keyword.builtin.VerifyTextPresentKeyword.verifyTextPresent(VerifyTextPresentKeyword.groovy:83)
	at com.kms.katalon.core.webui.keyword.builtin.VerifyTextPresentKeyword.execute(VerifyTextPresentKeyword.groovy:68)
	at com.kms.katalon.core.keyword.internal.KeywordExecutor.executeKeywordForPlatform(KeywordExecutor.groovy:74)
	at com.kms.katalon.core.webui.keyword.WebUiBuiltInKeywords.verifyTextPresent(WebUiBuiltInKeywords.groovy:1762)
	at PSSISearchPersonIdentityValidData.run(PSSISearchPersonIdentityValidData:79)
	at com.kms.katalon.core.main.ScriptEngine.run(ScriptEngine.java:194)
	at com.kms.katalon.core.main.ScriptEngine.runScriptAsRawText(ScriptEngine.java:119)
	at com.kms.katalon.core.main.TestCaseExecutor.runScript(TestCaseExecutor.java:448)
	at com.kms.katalon.core.main.TestCaseExecutor.doExecute(TestCaseExecutor.java:439)
	at com.kms.katalon.core.main.TestCaseExecutor.processExecutionPhase(TestCaseExecutor.java:418)
	at com.kms.katalon.core.main.TestCaseExecutor.accessMainPhase(TestCaseExecutor.java:410)
	at com.kms.katalon.core.main.TestCaseExecutor.execute(TestCaseExecutor.java:285)
	at com.kms.katalon.core.main.TestCaseMain.runTestCase(TestCaseMain.java:137)
	at com.kms.katalon.core.keyword.builtin.CallTestCaseKeyword$_callTestCase_closure1.doCall(CallTestCaseKeyword.groovy:59)
	at com.kms.katalon.core.keyword.builtin.CallTestCaseKeyword$_callTestCase_closure1.call(CallTestCaseKeyword.groovy)
	at com.kms.katalon.core.keyword.internal.KeywordMain.runKeyword(KeywordMain.groovy:75)
	at com.kms.katalon.core.keyword.builtin.CallTestCaseKeyword.callTestCase(CallTestCaseKeyword.groovy:81)
	at com.kms.katalon.core.keyword.builtin.CallTestCaseKeyword.execute(CallTestCaseKeyword.groovy:44)
	at com.kms.katalon.core.keyword.internal.KeywordExecutor.executeKeywordForPlatform(KeywordExecutor.groovy:74)
	at com.kms.katalon.core.keyword.BuiltinKeywords.callTestCase(BuiltinKeywords.groovy:326)
	at java.base/jdk.internal.reflect.NativeMethodAccessorImpl.invoke0(Native Method)
	at java.base/jdk.internal.reflect.NativeMethodAccessorImpl.invoke(NativeMethodAccessorImpl.java:77)
	at java.base/jdk.internal.reflect.DelegatingMethodAccessorImpl.invoke(DelegatingMethodAccessorImpl.java:43)
	at PSSISaveSearchedPersonIdentity.run(PSSISaveSearchedPersonIdentity:26)
	at com.kms.katalon.core.main.ScriptEngine.run(ScriptEngine.java:194)
	at com.kms.katalon.core.main.ScriptEngine.runScriptAsRawText(ScriptEngine.java:119)
	at com.kms.katalon.core.main.TestCaseExecutor.runScript(TestCaseExecutor.java:448)
	at com.kms.katalon.core.main.TestCaseExecutor.doExecute(TestCaseExecutor.java:439)
	at com.kms.katalon.core.main.TestCaseExecutor.processExecutionPhase(TestCaseExecutor.java:418)
	at com.kms.katalon.core.main.TestCaseExecutor.accessMainPhase(TestCaseExecutor.java:410)
	at com.kms.katalon.core.main.TestCaseExecutor.execute(TestCaseExecutor.java:285)
	at com.kms.katalon.core.main.TestCaseExecutor.execute(TestCaseExecutor.java:369)
	at com.kms.katalon.core.main.TestCaseExecutor.execute(TestCaseExecutor.java:369)
	at com.kms.katalon.core.main.TestCaseExecutor.execute(TestCaseExecutor.java:369)
	at com.kms.katalon.core.common.CommonExecutor.accessTestCaseMainPhase(CommonExecutor.java:65)
	at com.kms.katalon.core.main.TestSuiteExecutor.accessTestSuiteMainPhase(TestSuiteExecutor.java:148)
	at com.kms.katalon.core.main.TestSuiteExecutor.execute(TestSuiteExecutor.java:106)
	at com.kms.katalon.core.main.TestCaseMain.startTestSuite(TestCaseMain.java:180)
	at TempTestSuite1704690442913.run(TempTestSuite1704690442913.groovy:36)
	at java.base/jdk.internal.reflect.NativeMethodAccessorImpl.invoke0(Native Method)
	at java.base/jdk.internal.reflect.NativeMethodAccessorImpl.invoke(NativeMethodAccessorImpl.java:77)
	at java.base/jdk.internal.reflect.DelegatingMethodAccessorImpl.invoke(DelegatingMethodAccessorImpl.java:43)
Caused by: com.kms.katalon.core.exception.StepFailedException: Text 'Name' is not present on page 
	at com.kms.katalon.core.webui.keyword.internal.WebUIKeywordMain.stepFailed(WebUIKeywordMain.groovy:64)
	at com.kms.katalon.core.webui.keyword.builtin.VerifyTextPresentKeyword$_verifyTextPresent_closure1.doCall(VerifyTextPresentKeyword.groovy:79)
	at com.kms.katalon.core.webui.keyword.builtin.VerifyTextPresentKeyword$_verifyTextPresent_closure1.call(VerifyTextPresentKeyword.groovy)
	at com.kms.katalon.core.webui.keyword.internal.WebUIKeywordMain.runKeyword(WebUIKeywordMain.groovy:20)
	... 42 more
)

08-01-2024T12:13:33 - [MESSAGE][FAILED] - Text 'Name' is not present on page  (Root cause: com.kms.katalon.core.exception.StepFailedException: Text 'Name' is not present on page 
	at com.kms.katalon.core.webui.keyword.internal.WebUIKeywordMain.stepFailed(WebUIKeywordMain.groovy:64)
	at com.kms.katalon.core.webui.keyword.builtin.VerifyTextPresentKeyword$_verifyTextPresent_closure1.doCall(VerifyTextPresentKeyword.groovy:79)
	at com.kms.katalon.core.webui.keyword.builtin.VerifyTextPresentKeyword$_verifyTextPresent_closure1.call(VerifyTextPresentKeyword.groovy)
	at com.kms.katalon.core.webui.keyword.internal.WebUIKeywordMain.runKeyword(WebUIKeywordMain.groovy:20)
	at com.kms.katalon.core.webui.keyword.builtin.VerifyTextPresentKeyword.verifyTextPresent(VerifyTextPresentKeyword.groovy:83)
	at com.kms.katalon.core.webui.keyword.builtin.VerifyTextPresentKeyword.execute(VerifyTextPresentKeyword.groovy:68)
	at com.kms.katalon.core.keyword.internal.KeywordExecutor.executeKeywordForPlatform(KeywordExecutor.groovy:74)
	at com.kms.katalon.core.webui.keyword.WebUiBuiltInKeywords.verifyTextPresent(WebUiBuiltInKeywords.groovy:1762)
	at PSSISearchPersonIdentityValidData.run(PSSISearchPersonIdentityValidData:79)
	at com.kms.katalon.core.main.ScriptEngine.run(ScriptEngine.java:194)
	at com.kms.katalon.core.main.ScriptEngine.runScriptAsRawText(ScriptEngine.java:119)
	at com.kms.katalon.core.main.TestCaseExecutor.runScript(TestCaseExecutor.java:448)
	at com.kms.katalon.core.main.TestCaseExecutor.doExecute(TestCaseExecutor.java:439)
	at com.kms.katalon.core.main.TestCaseExecutor.processExecutionPhase(TestCaseExecutor.java:418)
	at com.kms.katalon.core.main.TestCaseExecutor.accessMainPhase(TestCaseExecutor.java:410)
	at com.kms.katalon.core.main.TestCaseExecutor.execute(TestCaseExecutor.java:285)
	at com.kms.katalon.core.main.TestCaseMain.runTestCase(TestCaseMain.java:137)
	at com.kms.katalon.core.keyword.builtin.CallTestCaseKeyword$_callTestCase_closure1.doCall(CallTestCaseKeyword.groovy:59)
	at com.kms.katalon.core.keyword.builtin.CallTestCaseKeyword$_callTestCase_closure1.call(CallTestCaseKeyword.groovy)
	at com.kms.katalon.core.keyword.internal.KeywordMain.runKeyword(KeywordMain.groovy:75)
	at com.kms.katalon.core.keyword.builtin.CallTestCaseKeyword.callTestCase(CallTestCaseKeyword.groovy:81)
	at com.kms.katalon.core.keyword.builtin.CallTestCaseKeyword.execute(CallTestCaseKeyword.groovy:44)
	at com.kms.katalon.core.keyword.internal.KeywordExecutor.executeKeywordForPlatform(KeywordExecutor.groovy:74)
	at com.kms.katalon.core.keyword.BuiltinKeywords.callTestCase(BuiltinKeywords.groovy:326)
	at java.base/jdk.internal.reflect.NativeMethodAccessorImpl.invoke0(Native Method)
	at java.base/jdk.internal.reflect.NativeMethodAccessorImpl.invoke(NativeMethodAccessorImpl.java:77)
	at java.base/jdk.internal.reflect.DelegatingMethodAccessorImpl.invoke(DelegatingMethodAccessorImpl.java:43)
	at PSSISaveSearchedPersonIdentity.run(PSSISaveSearchedPersonIdentity:26)
	at com.kms.katalon.core.main.ScriptEngine.run(ScriptEngine.java:194)
	at com.kms.katalon.core.main.ScriptEngine.runScriptAsRawText(ScriptEngine.java:119)
	at com.kms.katalon.core.main.TestCaseExecutor.runScript(TestCaseExecutor.java:448)
	at com.kms.katalon.core.main.TestCaseExecutor.doExecute(TestCaseExecutor.java:439)
	at com.kms.katalon.core.main.TestCaseExecutor.processExecutionPhase(TestCaseExecutor.java:418)
	at com.kms.katalon.core.main.TestCaseExecutor.accessMainPhase(TestCaseExecutor.java:410)
	at com.kms.katalon.core.main.TestCaseExecutor.execute(TestCaseExecutor.java:285)
	at com.kms.katalon.core.main.TestCaseExecutor.execute(TestCaseExecutor.java:369)
	at com.kms.katalon.core.main.TestCaseExecutor.execute(TestCaseExecutor.java:369)
	at com.kms.katalon.core.main.TestCaseExecutor.execute(TestCaseExecutor.java:369)
	at com.kms.katalon.core.common.CommonExecutor.accessTestCaseMainPhase(CommonExecutor.java:65)
	at com.kms.katalon.core.main.TestSuiteExecutor.accessTestSuiteMainPhase(TestSuiteExecutor.java:148)
	at com.kms.katalon.core.main.TestSuiteExecutor.execute(TestSuiteExecutor.java:106)
	at com.kms.katalon.core.main.TestCaseMain.startTestSuite(TestCaseMain.java:180)
	at TempTestSuite1704690442913.run(TempTestSuite1704690442913.groovy:36)
	at java.base/jdk.internal.reflect.NativeMethodAccessorImpl.invoke0(Native Method)
	at java.base/jdk.internal.reflect.NativeMethodAccessorImpl.invoke(NativeMethodAccessorImpl.java:77)
	at java.base/jdk.internal.reflect.DelegatingMethodAccessorImpl.invoke(DelegatingMethodAccessorImpl.java:43)
)

08-01-2024T12:13:33 - [MESSAGE][FAILED] - Unable to verify text 'Name' is present  (Root cause: com.kms.katalon.core.exception.StepFailedException: Unable to verify text 'Name' is present 
	at com.kms.katalon.core.webui.keyword.internal.WebUIKeywordMain.stepFailed(WebUIKeywordMain.groovy:64)
	at com.kms.katalon.core.webui.keyword.internal.WebUIKeywordMain.runKeyword(WebUIKeywordMain.groovy:26)
	at com.kms.katalon.core.webui.keyword.builtin.VerifyTextPresentKeyword.verifyTextPresent(VerifyTextPresentKeyword.groovy:83)
	at com.kms.katalon.core.webui.keyword.builtin.VerifyTextPresentKeyword.execute(VerifyTextPresentKeyword.groovy:68)
	at com.kms.katalon.core.keyword.internal.KeywordExecutor.executeKeywordForPlatform(KeywordExecutor.groovy:74)
	at com.kms.katalon.core.webui.keyword.WebUiBuiltInKeywords.verifyTextPresent(WebUiBuiltInKeywords.groovy:1762)
	at PSSISearchPersonIdentityValidData.run(PSSISearchPersonIdentityValidData:79)
	at com.kms.katalon.core.main.ScriptEngine.run(ScriptEngine.java:194)
	at com.kms.katalon.core.main.ScriptEngine.runScriptAsRawText(ScriptEngine.java:119)
	at com.kms.katalon.core.main.TestCaseExecutor.runScript(TestCaseExecutor.java:448)
	at com.kms.katalon.core.main.TestCaseExecutor.doExecute(TestCaseExecutor.java:439)
	at com.kms.katalon.core.main.TestCaseExecutor.processExecutionPhase(TestCaseExecutor.java:418)
	at com.kms.katalon.core.main.TestCaseExecutor.accessMainPhase(TestCaseExecutor.java:410)
	at com.kms.katalon.core.main.TestCaseExecutor.execute(TestCaseExecutor.java:285)
	at com.kms.katalon.core.main.TestCaseMain.runTestCase(TestCaseMain.java:137)
	at com.kms.katalon.core.keyword.builtin.CallTestCaseKeyword$_callTestCase_closure1.doCall(CallTestCaseKeyword.groovy:59)
	at com.kms.katalon.core.keyword.builtin.CallTestCaseKeyword$_callTestCase_closure1.call(CallTestCaseKeyword.groovy)
	at com.kms.katalon.core.keyword.internal.KeywordMain.runKeyword(KeywordMain.groovy:75)
	at com.kms.katalon.core.keyword.builtin.CallTestCaseKeyword.callTestCase(CallTestCaseKeyword.groovy:81)
	at com.kms.katalon.core.keyword.builtin.CallTestCaseKeyword.execute(CallTestCaseKeyword.groovy:44)
	at com.kms.katalon.core.keyword.internal.KeywordExecutor.executeKeywordForPlatform(KeywordExecutor.groovy:74)
	at com.kms.katalon.core.keyword.BuiltinKeywords.callTestCase(BuiltinKeywords.groovy:326)
	at java.base/jdk.internal.reflect.NativeMethodAccessorImpl.invoke0(Native Method)
	at java.base/jdk.internal.reflect.NativeMethodAccessorImpl.invoke(NativeMethodAccessorImpl.java:77)
	at java.base/jdk.internal.reflect.DelegatingMethodAccessorImpl.invoke(DelegatingMethodAccessorImpl.java:43)
	at PSSISaveSearchedPersonIdentity.run(PSSISaveSearchedPersonIdentity:26)
	at com.kms.katalon.core.main.ScriptEngine.run(ScriptEngine.java:194)
	at com.kms.katalon.core.main.ScriptEngine.runScriptAsRawText(ScriptEngine.java:119)
	at com.kms.katalon.core.main.TestCaseExecutor.runScript(TestCaseExecutor.java:448)
	at com.kms.katalon.core.main.TestCaseExecutor.doExecute(TestCaseExecutor.java:439)
	at com.kms.katalon.core.main.TestCaseExecutor.processExecutionPhase(TestCaseExecutor.java:418)
	at com.kms.katalon.core.main.TestCaseExecutor.accessMainPhase(TestCaseExecutor.java:410)
	at com.kms.katalon.core.main.TestCaseExecutor.execute(TestCaseExecutor.java:285)
	at com.kms.katalon.core.main.TestCaseExecutor.execute(TestCaseExecutor.java:369)
	at com.kms.katalon.core.main.TestCaseExecutor.execute(TestCaseExecutor.java:369)
	at com.kms.katalon.core.main.TestCaseExecutor.execute(TestCaseExecutor.java:369)
	at com.kms.katalon.core.common.CommonExecutor.accessTestCaseMainPhase(CommonExecutor.java:65)
	at com.kms.katalon.core.main.TestSuiteExecutor.accessTestSuiteMainPhase(TestSuiteExecutor.java:148)
	at com.kms.katalon.core.main.TestSuiteExecutor.execute(TestSuiteExecutor.java:106)
	at com.kms.katalon.core.main.TestCaseMain.startTestSuite(TestCaseMain.java:180)
	at TempTestSuite1704690442913.run(TempTestSuite1704690442913.groovy:36)
	at java.base/jdk.internal.reflect.NativeMethodAccessorImpl.invoke0(Native Method)
	at java.base/jdk.internal.reflect.NativeMethodAccessorImpl.invoke(NativeMethodAccessorImpl.java:77)
	at java.base/jdk.internal.reflect.DelegatingMethodAccessorImpl.invoke(DelegatingMethodAccessorImpl.java:43)
Caused by: com.kms.katalon.core.exception.StepFailedException: Text 'Name' is not present on page 
	at com.kms.katalon.core.webui.keyword.internal.WebUIKeywordMain.stepFailed(WebUIKeywordMain.groovy:64)
	at com.kms.katalon.core.webui.keyword.builtin.VerifyTextPresentKeyword$_verifyTextPresent_closure1.doCall(VerifyTextPresentKeyword.groovy:79)
	at com.kms.katalon.core.webui.keyword.builtin.VerifyTextPresentKeyword$_verifyTextPresent_closure1.call(VerifyTextPresentKeyword.groovy)
	at com.kms.katalon.core.webui.keyword.internal.WebUIKeywordMain.runKeyword(WebUIKeywordMain.groovy:20)
	... 42 more
)
[[ATTACHMENT|C:\\Users\\USER\\git\\Kecilin-Automation-Test\\Reports\\20240108_120718\\Create BE Monitoring Data\\Search Person Identity Test Suite\\20240108_120722\\1704690813317.png]]

08-01-2024T12:13:33 - [MESSAGE][INFO] - 

08-01-2024T12:13:33 - [MESSAGE][INFO] - ===================== Self-healing Report ====================

08-01-2024T12:13:33 - [MESSAGE][INFO] - One of the failed test object locators has been recovered by Self-healing. Please refer to the Self-healing Insights tab for more details.

08-01-2024T12:13:33 - [MESSAGE][INFO] - To learn more about Self-healing, please read https://docs.katalon.com/katalon-studio/docs/self-healing.html

08-01-2024T12:13:33 - [MESSAGE][INFO] - ==============================================================

08-01-2024T12:13:33 - [MESSAGE][FAILED] - Unable to call Test Case 'Test Cases/Offline PSSI Dashboard Function/Create BE Monitoring Data/Search Person Identity/Positive Test Case/PSSISearchPersonIdentityValidData' (Root cause: com.kms.katalon.core.exception.StepFailedException: Call Test Case 'Test Cases/Offline PSSI Dashboard Function/Create BE Monitoring Data/Search Person Identity/Positive Test Case/PSSISearchPersonIdentityValidData' failed
	at com.kms.katalon.core.keyword.builtin.CallTestCaseKeyword$_callTestCase_closure1.doCall(CallTestCaseKeyword.groovy:63)
	at com.kms.katalon.core.keyword.builtin.CallTestCaseKeyword$_callTestCase_closure1.call(CallTestCaseKeyword.groovy)
	at com.kms.katalon.core.keyword.internal.KeywordMain.runKeyword(KeywordMain.groovy:75)
	at com.kms.katalon.core.keyword.builtin.CallTestCaseKeyword.callTestCase(CallTestCaseKeyword.groovy:81)
	at com.kms.katalon.core.keyword.builtin.CallTestCaseKeyword.execute(CallTestCaseKeyword.groovy:44)
	at com.kms.katalon.core.keyword.internal.KeywordExecutor.executeKeywordForPlatform(KeywordExecutor.groovy:74)
	at com.kms.katalon.core.keyword.BuiltinKeywords.callTestCase(BuiltinKeywords.groovy:326)
	at java.base/jdk.internal.reflect.NativeMethodAccessorImpl.invoke0(Native Method)
	at java.base/jdk.internal.reflect.NativeMethodAccessorImpl.invoke(NativeMethodAccessorImpl.java:77)
	at java.base/jdk.internal.reflect.DelegatingMethodAccessorImpl.invoke(DelegatingMethodAccessorImpl.java:43)
	at PSSISaveSearchedPersonIdentity.run(PSSISaveSearchedPersonIdentity:26)
	at com.kms.katalon.core.main.ScriptEngine.run(ScriptEngine.java:194)
	at com.kms.katalon.core.main.ScriptEngine.runScriptAsRawText(ScriptEngine.java:119)
	at com.kms.katalon.core.main.TestCaseExecutor.runScript(TestCaseExecutor.java:448)
	at com.kms.katalon.core.main.TestCaseExecutor.doExecute(TestCaseExecutor.java:439)
	at com.kms.katalon.core.main.TestCaseExecutor.processExecutionPhase(TestCaseExecutor.java:418)
	at com.kms.katalon.core.main.TestCaseExecutor.accessMainPhase(TestCaseExecutor.java:410)
	at com.kms.katalon.core.main.TestCaseExecutor.execute(TestCaseExecutor.java:285)
	at com.kms.katalon.core.main.TestCaseExecutor.execute(TestCaseExecutor.java:369)
	at com.kms.katalon.core.main.TestCaseExecutor.execute(TestCaseExecutor.java:369)
	at com.kms.katalon.core.main.TestCaseExecutor.execute(TestCaseExecutor.java:369)
	at com.kms.katalon.core.common.CommonExecutor.accessTestCaseMainPhase(CommonExecutor.java:65)
	at com.kms.katalon.core.main.TestSuiteExecutor.accessTestSuiteMainPhase(TestSuiteExecutor.java:148)
	at com.kms.katalon.core.main.TestSuiteExecutor.execute(TestSuiteExecutor.java:106)
	at com.kms.katalon.core.main.TestCaseMain.startTestSuite(TestCaseMain.java:180)
	at TempTestSuite1704690442913.run(TempTestSuite1704690442913.groovy:36)
	at java.base/jdk.internal.reflect.NativeMethodAccessorImpl.invoke0(Native Method)
	at java.base/jdk.internal.reflect.NativeMethodAccessorImpl.invoke(NativeMethodAccessorImpl.java:77)
	at java.base/jdk.internal.reflect.DelegatingMethodAccessorImpl.invoke(DelegatingMethodAccessorImpl.java:43)
Caused by: com.kms.katalon.core.exception.StepFailedException: Unable to verify text 'Name' is present 
	at com.kms.katalon.core.webui.keyword.internal.WebUIKeywordMain.stepFailed(WebUIKeywordMain.groovy:64)
	at com.kms.katalon.core.webui.keyword.internal.WebUIKeywordMain.runKeyword(WebUIKeywordMain.groovy:26)
	at com.kms.katalon.core.webui.keyword.builtin.VerifyTextPresentKeyword.verifyTextPresent(VerifyTextPresentKeyword.groovy:83)
	at com.kms.katalon.core.webui.keyword.builtin.VerifyTextPresentKeyword.execute(VerifyTextPresentKeyword.groovy:68)
	at com.kms.katalon.core.keyword.internal.KeywordExecutor.executeKeywordForPlatform(KeywordExecutor.groovy:74)
	at com.kms.katalon.core.webui.keyword.WebUiBuiltInKeywords.verifyTextPresent(WebUiBuiltInKeywords.groovy:1762)
	at PSSISearchPersonIdentityValidData.run(PSSISearchPersonIdentityValidData:79)
	at com.kms.katalon.core.main.ScriptEngine.run(ScriptEngine.java:194)
	at com.kms.katalon.core.main.ScriptEngine.runScriptAsRawText(ScriptEngine.java:119)
	at com.kms.katalon.core.main.TestCaseExecutor.runScript(TestCaseExecutor.java:448)
	at com.kms.katalon.core.main.TestCaseExecutor.doExecute(TestCaseExecutor.java:439)
	at com.kms.katalon.core.main.TestCaseExecutor.processExecutionPhase(TestCaseExecutor.java:418)
	at com.kms.katalon.core.main.TestCaseExecutor.accessMainPhase(TestCaseExecutor.java:410)
	at com.kms.katalon.core.main.TestCaseExecutor.execute(TestCaseExecutor.java:285)
	at com.kms.katalon.core.main.TestCaseMain.runTestCase(TestCaseMain.java:137)
	at com.kms.katalon.core.keyword.builtin.CallTestCaseKeyword$_callTestCase_closure1.doCall(CallTestCaseKeyword.groovy:59)
	... 28 more
Caused by: com.kms.katalon.core.exception.StepFailedException: Text 'Name' is not present on page 
	at com.kms.katalon.core.webui.keyword.internal.WebUIKeywordMain.stepFailed(WebUIKeywordMain.groovy:64)
	at com.kms.katalon.core.webui.keyword.builtin.VerifyTextPresentKeyword$_verifyTextPresent_closure1.doCall(VerifyTextPresentKeyword.groovy:79)
	at com.kms.katalon.core.webui.keyword.builtin.VerifyTextPresentKeyword$_verifyTextPresent_closure1.call(VerifyTextPresentKeyword.groovy)
	at com.kms.katalon.core.webui.keyword.internal.WebUIKeywordMain.runKeyword(WebUIKeywordMain.groovy:20)
	... 42 more
)]]></system-out>
         <system-err><![CDATA[08-01-2024T12:13:07 - [TEST_CASE][FAILED] - Test Cases/Offline PSSI Dashboard Function/Create BE Monitoring Data/Search Person Identity/Positive Test Case/PSSISaveSearchedPersonIdentity: Test Cases/Offline PSSI Dashboard Function/Create BE Monitoring Data/Search Person Identity/Positive Test Case/PSSISaveSearchedPersonIdentity FAILED.
Reason:
com.kms.katalon.core.exception.StepFailedException: Call Test Case 'Test Cases/Offline PSSI Dashboard Function/Create BE Monitoring Data/Search Person Identity/Positive Test Case/PSSISearchPersonIdentityValidData' failed
	at com.kms.katalon.core.keyword.builtin.CallTestCaseKeyword$_callTestCase_closure1.doCall(CallTestCaseKeyword.groovy:63)
	at com.kms.katalon.core.keyword.builtin.CallTestCaseKeyword$_callTestCase_closure1.call(CallTestCaseKeyword.groovy)
	at com.kms.katalon.core.keyword.internal.KeywordMain.runKeyword(KeywordMain.groovy:75)
	at com.kms.katalon.core.keyword.builtin.CallTestCaseKeyword.callTestCase(CallTestCaseKeyword.groovy:81)
	at com.kms.katalon.core.keyword.builtin.CallTestCaseKeyword.execute(CallTestCaseKeyword.groovy:44)
	at com.kms.katalon.core.keyword.internal.KeywordExecutor.executeKeywordForPlatform(KeywordExecutor.groovy:74)
	at com.kms.katalon.core.keyword.BuiltinKeywords.callTestCase(BuiltinKeywords.groovy:326)
	at java.base/jdk.internal.reflect.NativeMethodAccessorImpl.invoke0(Native Method)
	at java.base/jdk.internal.reflect.NativeMethodAccessorImpl.invoke(NativeMethodAccessorImpl.java:77)
	at java.base/jdk.internal.reflect.DelegatingMethodAccessorImpl.invoke(DelegatingMethodAccessorImpl.java:43)
	at PSSISaveSearchedPersonIdentity.run(PSSISaveSearchedPersonIdentity:26)
	at com.kms.katalon.core.main.ScriptEngine.run(ScriptEngine.java:194)
	at com.kms.katalon.core.main.ScriptEngine.runScriptAsRawText(ScriptEngine.java:119)
	at com.kms.katalon.core.main.TestCaseExecutor.runScript(TestCaseExecutor.java:448)
	at com.kms.katalon.core.main.TestCaseExecutor.doExecute(TestCaseExecutor.java:439)
	at com.kms.katalon.core.main.TestCaseExecutor.processExecutionPhase(TestCaseExecutor.java:418)
	at com.kms.katalon.core.main.TestCaseExecutor.accessMainPhase(TestCaseExecutor.java:410)
	at com.kms.katalon.core.main.TestCaseExecutor.execute(TestCaseExecutor.java:285)
	at com.kms.katalon.core.main.TestCaseExecutor.execute(TestCaseExecutor.java:369)
	at com.kms.katalon.core.main.TestCaseExecutor.execute(TestCaseExecutor.java:369)
	at com.kms.katalon.core.main.TestCaseExecutor.execute(TestCaseExecutor.java:369)
	at com.kms.katalon.core.common.CommonExecutor.accessTestCaseMainPhase(CommonExecutor.java:65)
	at com.kms.katalon.core.main.TestSuiteExecutor.accessTestSuiteMainPhase(TestSuiteExecutor.java:148)
	at com.kms.katalon.core.main.TestSuiteExecutor.execute(TestSuiteExecutor.java:106)
	at com.kms.katalon.core.main.TestCaseMain.startTestSuite(TestCaseMain.java:180)
	at TempTestSuite1704690442913.run(TempTestSuite1704690442913.groovy:36)
	at java.base/jdk.internal.reflect.NativeMethodAccessorImpl.invoke0(Native Method)
	at java.base/jdk.internal.reflect.NativeMethodAccessorImpl.invoke(NativeMethodAccessorImpl.java:77)
	at java.base/jdk.internal.reflect.DelegatingMethodAccessorImpl.invoke(DelegatingMethodAccessorImpl.java:43)
Caused by: com.kms.katalon.core.exception.StepFailedException: Unable to verify text 'Name' is present 
	at com.kms.katalon.core.webui.keyword.internal.WebUIKeywordMain.stepFailed(WebUIKeywordMain.groovy:64)
	at com.kms.katalon.core.webui.keyword.internal.WebUIKeywordMain.runKeyword(WebUIKeywordMain.groovy:26)
	at com.kms.katalon.core.webui.keyword.builtin.VerifyTextPresentKeyword.verifyTextPresent(VerifyTextPresentKeyword.groovy:83)
	at com.kms.katalon.core.webui.keyword.builtin.VerifyTextPresentKeyword.execute(VerifyTextPresentKeyword.groovy:68)
	at com.kms.katalon.core.keyword.internal.KeywordExecutor.executeKeywordForPlatform(KeywordExecutor.groovy:74)
	at com.kms.katalon.core.webui.keyword.WebUiBuiltInKeywords.verifyTextPresent(WebUiBuiltInKeywords.groovy:1762)
	at PSSISearchPersonIdentityValidData.run(PSSISearchPersonIdentityValidData:79)
	at com.kms.katalon.core.main.ScriptEngine.run(ScriptEngine.java:194)
	at com.kms.katalon.core.main.ScriptEngine.runScriptAsRawText(ScriptEngine.java:119)
	at com.kms.katalon.core.main.TestCaseExecutor.runScript(TestCaseExecutor.java:448)
	at com.kms.katalon.core.main.TestCaseExecutor.doExecute(TestCaseExecutor.java:439)
	at com.kms.katalon.core.main.TestCaseExecutor.processExecutionPhase(TestCaseExecutor.java:418)
	at com.kms.katalon.core.main.TestCaseExecutor.accessMainPhase(TestCaseExecutor.java:410)
	at com.kms.katalon.core.main.TestCaseExecutor.execute(TestCaseExecutor.java:285)
	at com.kms.katalon.core.main.TestCaseMain.runTestCase(TestCaseMain.java:137)
	at com.kms.katalon.core.keyword.builtin.CallTestCaseKeyword$_callTestCase_closure1.doCall(CallTestCaseKeyword.groovy:59)
	... 28 more
Caused by: com.kms.katalon.core.exception.StepFailedException: Text 'Name' is not present on page 
	at com.kms.katalon.core.webui.keyword.internal.WebUIKeywordMain.stepFailed(WebUIKeywordMain.groovy:64)
	at com.kms.katalon.core.webui.keyword.builtin.VerifyTextPresentKeyword$_verifyTextPresent_closure1.doCall(VerifyTextPresentKeyword.groovy:79)
	at com.kms.katalon.core.webui.keyword.builtin.VerifyTextPresentKeyword$_verifyTextPresent_closure1.call(VerifyTextPresentKeyword.groovy)
	at com.kms.katalon.core.webui.keyword.internal.WebUIKeywordMain.runKeyword(WebUIKeywordMain.groovy:20)
	... 42 more]]></system-err>
      </testcase>
      <testcase name="Test Cases/Offline PSSI Dashboard Function/Create BE Monitoring Data/Search Person Identity/Positive Test Case/PSSISearchPersonIdentityCancel" time="27.204" classname="Test Cases/Offline PSSI Dashboard Function/Create BE Monitoring Data/Search Person Identity/Positive Test Case/PSSISearchPersonIdentityCancel" status="PASSED">
         <system-out><![CDATA[08-01-2024T12:13:33 - [TEST_CASE][PASSED] - Test Cases/Offline PSSI Dashboard Function/Create BE Monitoring Data/Search Person Identity/Positive Test Case/PSSISearchPersonIdentityCancel: Test Cases/Offline PSSI Dashboard Function/Create BE Monitoring Data/Search Person Identity/Positive Test Case/PSSISearchPersonIdentityCancel

08-01-2024T12:13:33 - [TEST_STEP][PASSED] - baseUrl = offline_pssi_dashboard_url: null

08-01-2024T12:13:33 - [TEST_STEP][PASSED] - callTestCase(findTestCase("Offline PSSI Dashboard Function/Create BE Monitoring Data/View Monitoring Data/PSSIViewMonitoringData"), [:]): Call Test Case 'Test Cases/Offline PSSI Dashboard Function/Create BE Monitoring Data/View Monitoring Data/PSSIViewMonitoringData' successfully

08-01-2024T12:13:34 - [TEST_CASE][PASSED] - Test Cases/Offline PSSI Dashboard Function/Create BE Monitoring Data/View Monitoring Data/PSSIViewMonitoringData: Test Cases/Offline PSSI Dashboard Function/Create BE Monitoring Data/View Monitoring Data/PSSIViewMonitoringData

08-01-2024T12:13:34 - [TEST_STEP][PASSED] - baseUrl = offline_pssi_dashboard_url: null

08-01-2024T12:13:34 - [TEST_STEP][PASSED] - callTestCase(findTestCase("Offline PSSI Dashboard Function/Sign In/PSSISignInValidData"), [:]): Call Test Case 'Test Cases/Offline PSSI Dashboard Function/Sign In/PSSISignInValidData' successfully

08-01-2024T12:13:34 - [TEST_CASE][PASSED] - Test Cases/Offline PSSI Dashboard Function/Sign In/PSSISignInValidData: Test Cases/Offline PSSI Dashboard Function/Sign In/PSSISignInValidData

08-01-2024T12:13:34 - [TEST_STEP][PASSED] - failureHandling = STOP_ON_FAILURE: null

08-01-2024T12:13:34 - [TEST_STEP][PASSED] - baseUrl = offline_pssi_dashboard_url: null

08-01-2024T12:13:34 - [TEST_STEP][PASSED] - openBrowser(""): Browser is opened with url: ''

08-01-2024T12:13:34 - [MESSAGE][WARNING] - A browser is already opened. Closing browser and opening a new one

08-01-2024T12:13:34 - [MESSAGE][INFO] - Starting 'Chrome' driver

08-01-2024T12:13:34 - [MESSAGE][INFO] - Action delay is set to 0 milliseconds

08-01-2024T12:13:35 - [MESSAGE][PASSED] - Browser is opened with url: ''

08-01-2024T12:13:35 - [TEST_STEP][PASSED] - navigateToUrl(baseUrl): Navigate to 'https://monitoring.pssi-dev.kecilin.id' successfully

08-01-2024T12:13:36 - [MESSAGE][PASSED] - Navigate to 'https://monitoring.pssi-dev.kecilin.id' successfully

08-01-2024T12:13:36 - [TEST_STEP][PASSED] - maximizeWindow(): Current window maximized

08-01-2024T12:13:36 - [MESSAGE][PASSED] - Current window maximized

08-01-2024T12:13:36 - [TEST_STEP][PASSED] - setText(findTestObject("Object Repository/Page_Login/input_email"), "superadmin@app.com"): Text 'superadmin@app.com' is set on object 'Object Repository/Page_Login/input_email'

08-01-2024T12:13:37 - [MESSAGE][PASSED] - Text 'superadmin@app.com' is set on object 'Object Repository/Page_Login/input_email'

08-01-2024T12:13:37 - [TEST_STEP][PASSED] - setEncryptedText(findTestObject("Object Repository/Page_Login/input_password"), "8SQVv/p9jVScEs4/2CZsLw=="): Text ****** has been set on object 'Object Repository/Page_Login/input_password'

08-01-2024T12:13:38 - [MESSAGE][PASSED] - Text ****** has been set on object 'Object Repository/Page_Login/input_password'

08-01-2024T12:13:38 - [TEST_STEP][PASSED] - click(findTestObject("Object Repository/Page_Login/button_Sign In")): Object: 'Object Repository/Page_Login/button_Sign In' is clicked on

08-01-2024T12:13:40 - [MESSAGE][PASSED] - Object: 'Object Repository/Page_Login/button_Sign In' is clicked on

08-01-2024T12:13:40 - [MESSAGE][PASSED] - Call Test Case 'Test Cases/Offline PSSI Dashboard Function/Sign In/PSSISignInValidData' successfully

08-01-2024T12:13:40 - [TEST_STEP][PASSED] - navigateToUrl(baseUrl + "/monitoring"): Navigate to 'https://monitoring.pssi-dev.kecilin.id/monitoring' successfully

08-01-2024T12:13:40 - [MESSAGE][PASSED] - Navigate to 'https://monitoring.pssi-dev.kecilin.id/monitoring' successfully

08-01-2024T12:13:40 - [MESSAGE][PASSED] - Call Test Case 'Test Cases/Offline PSSI Dashboard Function/Create BE Monitoring Data/View Monitoring Data/PSSIViewMonitoringData' successfully

08-01-2024T12:13:40 - [TEST_STEP][PASSED] - verifyElementClickable(findTestObject("Page_Monitoring/Left Camera Selection")): Object 'Object Repository/Page_Monitoring/Left Camera Selection' is clickable

08-01-2024T12:13:41 - [MESSAGE][PASSED] - Object 'Object Repository/Page_Monitoring/Left Camera Selection' is clickable

08-01-2024T12:13:41 - [TEST_STEP][PASSED] - click(findTestObject("Page_Monitoring/Left Camera Selection")): Object: 'Object Repository/Page_Monitoring/Left Camera Selection' is clicked on

08-01-2024T12:13:42 - [MESSAGE][PASSED] - Object: 'Object Repository/Page_Monitoring/Left Camera Selection' is clicked on

08-01-2024T12:13:42 - [TEST_STEP][PASSED] - verifyElementClickable(findTestObject("Page_Monitoring/Left search field")): Object 'Object Repository/Page_Monitoring/Left search field' is clickable

08-01-2024T12:13:42 - [MESSAGE][PASSED] - Object 'Object Repository/Page_Monitoring/Left search field' is clickable

08-01-2024T12:13:42 - [TEST_STEP][PASSED] - setText(findTestObject("Page_Monitoring/Left search field"), "CCTV"): Text 'CCTV' is set on object 'Object Repository/Page_Monitoring/Left search field'

08-01-2024T12:13:43 - [MESSAGE][PASSED] - Text 'CCTV' is set on object 'Object Repository/Page_Monitoring/Left search field'

08-01-2024T12:13:43 - [TEST_STEP][PASSED] - expectedPattern = ".*CCTV.*": null

08-01-2024T12:13:43 - [TEST_STEP][PASSED] - elementText = getText(findTestObject("Page_Monitoring/Left Search Box")): Text of object 'Object Repository/Page_Monitoring/Left Search Box' is: 'Stadion Utama Gelora Bung Karno - CCTV 1'

08-01-2024T12:13:45 - [MESSAGE][INFO] - Unable to find the element located by 'By.xpath: id("select2-select_camera_first-results")[count(. | //ul[@class = 'select2-results__options' and @role = 'listbox' and @id = 'select2-select_camera_first-results' and @aria-expanded = 'true' and @aria-hidden = 'false' and (text() = 'Searching…Stadion Utama Gelora Bung Karno - Testing 1Stadion Utama Gelora Bung Karno - CCTV 1Stadion Gelora Bandung Lautan Api - Stadion GBLAStadion Gelora Bandung Lautan Api - Stadion GBLA - KompresiStadion Gelora Bangkalan - aStadion Gelora Bangkalan - aStadion Gelora Bangkalan - aStadion Gelora Bangkalan - aStadion Gelora Bangkalan - aStadion Gelora Bangkalan - aStadion Gelora Bangkalan - aStadion Gelora Bangkalan - aStadion Gelora Bangkalan - aStadion Gelora Bangkalan - aStadion Gelora Bangkalan - a' or . = 'Searching…Stadion Utama Gelora Bung Karno - Testing 1Stadion Utama Gelora Bung Karno - CCTV 1Stadion Gelora Bandung Lautan Api - Stadion GBLAStadion Gelora Bandung Lautan Api - Stadion GBLA - KompresiStadion Gelora Bangkalan - aStadion Gelora Bangkalan - aStadion Gelora Bangkalan - aStadion Gelora Bangkalan - aStadion Gelora Bangkalan - aStadion Gelora Bangkalan - aStadion Gelora Bangkalan - aStadion Gelora Bangkalan - aStadion Gelora Bangkalan - aStadion Gelora Bangkalan - aStadion Gelora Bangkalan - a')]) = count(//ul[@class = 'select2-results__options' and @role = 'listbox' and @id = 'select2-select_camera_first-results' and @aria-expanded = 'true' and @aria-hidden = 'false' and (text() = 'Searching…Stadion Utama Gelora Bung Karno - Testing 1Stadion Utama Gelora Bung Karno - CCTV 1Stadion Gelora Bandung Lautan Api - Stadion GBLAStadion Gelora Bandung Lautan Api - Stadion GBLA - KompresiStadion Gelora Bangkalan - aStadion Gelora Bangkalan - aStadion Gelora Bangkalan - aStadion Gelora Bangkalan - aStadion Gelora Bangkalan - aStadion Gelora Bangkalan - aStadion Gelora Bangkalan - aStadion Gelora Bangkalan - aStadion Gelora Bangkalan - aStadion Gelora Bangkalan - aStadion Gelora Bangkalan - a' or . = 'Searching…Stadion Utama Gelora Bung Karno - Testing 1Stadion Utama Gelora Bung Karno - CCTV 1Stadion Gelora Bandung Lautan Api - Stadion GBLAStadion Gelora Bandung Lautan Api - Stadion GBLA - KompresiStadion Gelora Bangkalan - aStadion Gelora Bangkalan - aStadion Gelora Bangkalan - aStadion Gelora Bangkalan - aStadion Gelora Bangkalan - aStadion Gelora Bangkalan - aStadion Gelora Bangkalan - aStadion Gelora Bangkalan - aStadion Gelora Bangkalan - aStadion Gelora Bangkalan - aStadion Gelora Bangkalan - a')])]'. Please recheck the objects properties to make sure the desired element is located. 

08-01-2024T12:13:45 - [MESSAGE][WARNING] - [SELF-HEALING] Failed to find element with id 'Object Repository/Page_Monitoring/Left Search Box'. Try using Self-healing.

08-01-2024T12:13:45 - [MESSAGE][WARNING] - [SELF-HEALING] The current locator of test object 'Object Repository/Page_Monitoring/Left Search Box' was broken. Propose an alternative one: '//ul[@id='select2-select_camera_first-results']'.

08-01-2024T12:13:46 - [MESSAGE][PASSED] - Text of object 'Object Repository/Page_Monitoring/Left Search Box' is: 'Stadion Utama Gelora Bung Karno - CCTV 1'

08-01-2024T12:13:46 - [TEST_STEP][PASSED] - isTextMatched = Pattern.matches(expectedPattern, elementText): null

08-01-2024T12:13:46 - [TEST_STEP][PASSED] - sendKeys(findTestObject("Page_Monitoring/Left search field"), Keys.chord(ENTER)): Keys 'ENTER + ' sent to object: 'Object Repository/Page_Monitoring/Left search field'

08-01-2024T12:13:46 - [MESSAGE][PASSED] - Keys 'ENTER + ' sent to object: 'Object Repository/Page_Monitoring/Left search field'

08-01-2024T12:13:46 - [TEST_STEP][PASSED] - waitForElementVisible(findTestObject("Page_Monitoring/Left Loading CCTV stream"), 5): Object 'Object Repository/Page_Monitoring/Left Loading CCTV stream' is visible

08-01-2024T12:13:46 - [MESSAGE][PASSED] - Object 'Object Repository/Page_Monitoring/Left Loading CCTV stream' is visible

08-01-2024T12:13:47 - [TEST_STEP][PASSED] - verifyElementVisible(findTestObject("Page_Monitoring/Left Loading CCTV stream")): Object 'Object Repository/Page_Monitoring/Left Loading CCTV stream' is visible

08-01-2024T12:13:47 - [MESSAGE][PASSED] - Object 'Object Repository/Page_Monitoring/Left Loading CCTV stream' is visible

08-01-2024T12:13:47 - [TEST_STEP][PASSED] - waitForElementVisible(findTestObject("Page_Monitoring/Left Camera Playing"), 5): Object 'Object Repository/Page_Monitoring/Left Camera Playing' is visible

08-01-2024T12:13:47 - [MESSAGE][WARNING] - [SELF-HEALING] Failed to find element with id 'Object Repository/Page_Monitoring/Left Camera Playing'. Try using Self-healing.

08-01-2024T12:13:47 - [MESSAGE][WARNING] - [SELF-HEALING] The current locator of test object 'Object Repository/Page_Monitoring/Left Camera Playing' was broken. Propose an alternative one: '//canvas[@id='stream_first']'.

08-01-2024T12:13:47 - [MESSAGE][PASSED] - Object 'Object Repository/Page_Monitoring/Left Camera Playing' is visible

08-01-2024T12:13:47 - [TEST_STEP][PASSED] - verifyElementVisible(findTestObject("Page_Monitoring/Left Camera Playing")): Object 'Object Repository/Page_Monitoring/Left Camera Playing' is visible

08-01-2024T12:13:47 - [MESSAGE][WARNING] - [SELF-HEALING] Failed to find element with id 'Object Repository/Page_Monitoring/Left Camera Playing'. Try using Self-healing.

08-01-2024T12:13:48 - [MESSAGE][WARNING] - [SELF-HEALING] The current locator of test object 'Object Repository/Page_Monitoring/Left Camera Playing' was broken. Propose an alternative one: '//canvas[@id='stream_first']'.

08-01-2024T12:13:48 - [MESSAGE][PASSED] - Object 'Object Repository/Page_Monitoring/Left Camera Playing' is visible

08-01-2024T12:13:48 - [TEST_STEP][PASSED] - screenshot1 = takeFullPageScreenshot(): Taking screenshot successfully

08-01-2024T12:13:48 - [MESSAGE][INFO] - 0 hidden object(s)

08-01-2024T12:13:48 - [MESSAGE][PASSED] - Taking screenshot successfully
[[ATTACHMENT|C:\\Users\\USER\\git\\Kecilin-Automation-Test\\Reports\\20240108_120718\\Create BE Monitoring Data\\Search Person Identity Test Suite\\20240108_120722\\1704690828091.png]]

08-01-2024T12:13:48 - [TEST_STEP][PASSED] - Thread.sleep(5000): null

08-01-2024T12:13:53 - [TEST_STEP][PASSED] - screenshot2 = takeFullPageScreenshot(): Taking screenshot successfully

08-01-2024T12:13:54 - [MESSAGE][INFO] - 0 hidden object(s)

08-01-2024T12:13:54 - [MESSAGE][PASSED] - Taking screenshot successfully
[[ATTACHMENT|C:\\Users\\USER\\git\\Kecilin-Automation-Test\\Reports\\20240108_120718\\Create BE Monitoring Data\\Search Person Identity Test Suite\\20240108_120722\\1704690833938.png]]

08-01-2024T12:13:54 - [TEST_STEP][PASSED] - verifyNotEqual(screenshot1, screenshot2): Actual object '[B@78a5c127' and expected object '[B@102ee705' are not equal

08-01-2024T12:13:54 - [MESSAGE][PASSED] - Actual object '[B@78a5c127' and expected object '[B@102ee705' are not equal

08-01-2024T12:13:54 - [TEST_STEP][PASSED] - scrollToElement(findTestObject("Page_Monitoring/Left Search Identity"), 1): Scroll to object 'Object Repository/Page_Monitoring/Left Search Identity' successfully

08-01-2024T12:13:55 - [MESSAGE][PASSED] - Scroll to object 'Object Repository/Page_Monitoring/Left Search Identity' successfully

08-01-2024T12:13:55 - [TEST_STEP][PASSED] - verifyElementClickable(findTestObject("Page_Monitoring/Left Search Identity")): Object 'Object Repository/Page_Monitoring/Left Search Identity' is clickable

08-01-2024T12:13:55 - [MESSAGE][PASSED] - Object 'Object Repository/Page_Monitoring/Left Search Identity' is clickable

08-01-2024T12:13:55 - [TEST_STEP][PASSED] - click(findTestObject("Page_Monitoring/Left Search Identity")): Object: 'Object Repository/Page_Monitoring/Left Search Identity' is clicked on

08-01-2024T12:13:55 - [MESSAGE][PASSED] - Object: 'Object Repository/Page_Monitoring/Left Search Identity' is clicked on

08-01-2024T12:13:55 - [TEST_STEP][PASSED] - scrollToElement(findTestObject("Page_Monitoring/button_Cancel Pop Up"), 1): Scroll to object 'Object Repository/Page_Monitoring/button_Cancel Pop Up' successfully

08-01-2024T12:13:56 - [MESSAGE][PASSED] - Scroll to object 'Object Repository/Page_Monitoring/button_Cancel Pop Up' successfully

08-01-2024T12:13:56 - [TEST_STEP][PASSED] - waitForElementPresent(findTestObject("Page_Monitoring/button_Cancel Pop Up"), 5): Object 'Object Repository/Page_Monitoring/button_Cancel Pop Up' is present

08-01-2024T12:13:56 - [MESSAGE][PASSED] - Object 'Object Repository/Page_Monitoring/button_Cancel Pop Up' is present

08-01-2024T12:13:56 - [TEST_STEP][PASSED] - verifyElementClickable(findTestObject("Page_Monitoring/button_Cancel Pop Up")): Object 'Object Repository/Page_Monitoring/button_Cancel Pop Up' is clickable

08-01-2024T12:13:57 - [MESSAGE][PASSED] - Object 'Object Repository/Page_Monitoring/button_Cancel Pop Up' is clickable

08-01-2024T12:13:57 - [TEST_STEP][PASSED] - click(findTestObject("Page_Monitoring/button_Cancel Pop Up")): Object: 'Object Repository/Page_Monitoring/button_Cancel Pop Up' is clicked on

08-01-2024T12:13:58 - [MESSAGE][PASSED] - Object: 'Object Repository/Page_Monitoring/button_Cancel Pop Up' is clicked on

08-01-2024T12:13:58 - [TEST_STEP][PASSED] - verifyTextNotPresent("Identify Now", false): Text 'Identify Now' is not present on page

08-01-2024T12:13:59 - [MESSAGE][PASSED] - Text 'Identify Now' is not present on page

08-01-2024T12:13:59 - [TEST_STEP][PASSED] - verifyTextPresent("Select Camera", false): Text 'Select Camera' is present on page 

08-01-2024T12:14:00 - [MESSAGE][PASSED] - Text 'Select Camera' is present on page 

08-01-2024T12:14:00 - [TEST_STEP][PASSED] - closeBrowser(): Browser is closed

08-01-2024T12:14:00 - [MESSAGE][PASSED] - Browser is closed]]></system-out>
         <system-err><![CDATA[]]></system-err>
      </testcase>
      <testcase name="Test Cases/Offline PSSI Dashboard Function/Create BE Monitoring Data/Search Person Identity/Positive Test Case/PSSISearchPersonIdentityValidData" time="25.191" classname="Test Cases/Offline PSSI Dashboard Function/Create BE Monitoring Data/Search Person Identity/Positive Test Case/PSSISearchPersonIdentityValidData" status="FAILED">
         <failure type="FAILED" message="Test Cases/Offline PSSI Dashboard Function/Create BE Monitoring Data/Search Person Identity/Positive Test Case/PSSISearchPersonIdentityValidData FAILED.&#xa;Reason:&#xa;com.kms.katalon.core.exception.StepFailedException: Unable to verify text 'Name' is present &#xa;	at com.kms.katalon.core.webui.keyword.internal.WebUIKeywordMain.stepFailed(WebUIKeywordMain.groovy:64)&#xa;	at com.kms.katalon.core.webui.keyword.internal.WebUIKeywordMain.runKeyword(WebUIKeywordMain.groovy:26)&#xa;	at com.kms.katalon.core.webui.keyword.builtin.VerifyTextPresentKeyword.verifyTextPresent(VerifyTextPresentKeyword.groovy:83)&#xa;	at com.kms.katalon.core.webui.keyword.builtin.VerifyTextPresentKeyword.execute(VerifyTextPresentKeyword.groovy:68)&#xa;	at com.kms.katalon.core.keyword.internal.KeywordExecutor.executeKeywordForPlatform(KeywordExecutor.groovy:74)&#xa;	at com.kms.katalon.core.webui.keyword.WebUiBuiltInKeywords.verifyTextPresent(WebUiBuiltInKeywords.groovy:1762)&#xa;	at PSSISearchPersonIdentityValidData.run(PSSISearchPersonIdentityValidData:79)&#xa;	at com.kms.katalon.core.main.ScriptEngine.run(ScriptEngine.java:194)&#xa;	at com.kms.katalon.core.main.ScriptEngine.runScriptAsRawText(ScriptEngine.java:119)&#xa;	at com.kms.katalon.core.main.TestCaseExecutor.runScript(TestCaseExecutor.java:448)&#xa;	at com.kms.katalon.core.main.TestCaseExecutor.doExecute(TestCaseExecutor.java:439)&#xa;	at com.kms.katalon.core.main.TestCaseExecutor.processExecutionPhase(TestCaseExecutor.java:418)&#xa;	at com.kms.katalon.core.main.TestCaseExecutor.accessMainPhase(TestCaseExecutor.java:410)&#xa;	at com.kms.katalon.core.main.TestCaseExecutor.execute(TestCaseExecutor.java:285)&#xa;	at com.kms.katalon.core.main.TestCaseExecutor.execute(TestCaseExecutor.java:369)&#xa;	at com.kms.katalon.core.main.TestCaseExecutor.execute(TestCaseExecutor.java:369)&#xa;	at com.kms.katalon.core.main.TestCaseExecutor.execute(TestCaseExecutor.java:369)&#xa;	at com.kms.katalon.core.common.CommonExecutor.accessTestCaseMainPhase(CommonExecutor.java:65)&#xa;	at com.kms.katalon.core.main.TestSuiteExecutor.accessTestSuiteMainPhase(TestSuiteExecutor.java:148)&#xa;	at com.kms.katalon.core.main.TestSuiteExecutor.execute(TestSuiteExecutor.java:106)&#xa;	at com.kms.katalon.core.main.TestCaseMain.startTestSuite(TestCaseMain.java:180)&#xa;	at TempTestSuite1704690442913.run(TempTestSuite1704690442913.groovy:36)&#xa;	at java.base/jdk.internal.reflect.NativeMethodAccessorImpl.invoke0(Native Method)&#xa;	at java.base/jdk.internal.reflect.NativeMethodAccessorImpl.invoke(NativeMethodAccessorImpl.java:77)&#xa;	at java.base/jdk.internal.reflect.DelegatingMethodAccessorImpl.invoke(DelegatingMethodAccessorImpl.java:43)&#xa;Caused by: com.kms.katalon.core.exception.StepFailedException: Text 'Name' is not present on page &#xa;	at com.kms.katalon.core.webui.keyword.internal.WebUIKeywordMain.stepFailed(WebUIKeywordMain.groovy:64)&#xa;	at com.kms.katalon.core.webui.keyword.builtin.VerifyTextPresentKeyword$_verifyTextPresent_closure1.doCall(VerifyTextPresentKeyword.groovy:79)&#xa;	at com.kms.katalon.core.webui.keyword.builtin.VerifyTextPresentKeyword$_verifyTextPresent_closure1.call(VerifyTextPresentKeyword.groovy)&#xa;	at com.kms.katalon.core.webui.keyword.internal.WebUIKeywordMain.runKeyword(WebUIKeywordMain.groovy:20)&#xa;	... 23 more&#xa;"/>
         <system-out><![CDATA[08-01-2024T12:15:17 - [TEST_CASE][FAILED] - Test Cases/Offline PSSI Dashboard Function/Create BE Monitoring Data/Search Person Identity/Positive Test Case/PSSISearchPersonIdentityValidData: Test Cases/Offline PSSI Dashboard Function/Create BE Monitoring Data/Search Person Identity/Positive Test Case/PSSISearchPersonIdentityValidData FAILED.
Reason:
com.kms.katalon.core.exception.StepFailedException: Unable to verify text 'Name' is present 
	at com.kms.katalon.core.webui.keyword.internal.WebUIKeywordMain.stepFailed(WebUIKeywordMain.groovy:64)
	at com.kms.katalon.core.webui.keyword.internal.WebUIKeywordMain.runKeyword(WebUIKeywordMain.groovy:26)
	at com.kms.katalon.core.webui.keyword.builtin.VerifyTextPresentKeyword.verifyTextPresent(VerifyTextPresentKeyword.groovy:83)
	at com.kms.katalon.core.webui.keyword.builtin.VerifyTextPresentKeyword.execute(VerifyTextPresentKeyword.groovy:68)
	at com.kms.katalon.core.keyword.internal.KeywordExecutor.executeKeywordForPlatform(KeywordExecutor.groovy:74)
	at com.kms.katalon.core.webui.keyword.WebUiBuiltInKeywords.verifyTextPresent(WebUiBuiltInKeywords.groovy:1762)
	at PSSISearchPersonIdentityValidData.run(PSSISearchPersonIdentityValidData:79)
	at com.kms.katalon.core.main.ScriptEngine.run(ScriptEngine.java:194)
	at com.kms.katalon.core.main.ScriptEngine.runScriptAsRawText(ScriptEngine.java:119)
	at com.kms.katalon.core.main.TestCaseExecutor.runScript(TestCaseExecutor.java:448)
	at com.kms.katalon.core.main.TestCaseExecutor.doExecute(TestCaseExecutor.java:439)
	at com.kms.katalon.core.main.TestCaseExecutor.processExecutionPhase(TestCaseExecutor.java:418)
	at com.kms.katalon.core.main.TestCaseExecutor.accessMainPhase(TestCaseExecutor.java:410)
	at com.kms.katalon.core.main.TestCaseExecutor.execute(TestCaseExecutor.java:285)
	at com.kms.katalon.core.main.TestCaseExecutor.execute(TestCaseExecutor.java:369)
	at com.kms.katalon.core.main.TestCaseExecutor.execute(TestCaseExecutor.java:369)
	at com.kms.katalon.core.main.TestCaseExecutor.execute(TestCaseExecutor.java:369)
	at com.kms.katalon.core.common.CommonExecutor.accessTestCaseMainPhase(CommonExecutor.java:65)
	at com.kms.katalon.core.main.TestSuiteExecutor.accessTestSuiteMainPhase(TestSuiteExecutor.java:148)
	at com.kms.katalon.core.main.TestSuiteExecutor.execute(TestSuiteExecutor.java:106)
	at com.kms.katalon.core.main.TestCaseMain.startTestSuite(TestCaseMain.java:180)
	at TempTestSuite1704690442913.run(TempTestSuite1704690442913.groovy:36)
	at java.base/jdk.internal.reflect.NativeMethodAccessorImpl.invoke0(Native Method)
	at java.base/jdk.internal.reflect.NativeMethodAccessorImpl.invoke(NativeMethodAccessorImpl.java:77)
	at java.base/jdk.internal.reflect.DelegatingMethodAccessorImpl.invoke(DelegatingMethodAccessorImpl.java:43)
Caused by: com.kms.katalon.core.exception.StepFailedException: Text 'Name' is not present on page 
	at com.kms.katalon.core.webui.keyword.internal.WebUIKeywordMain.stepFailed(WebUIKeywordMain.groovy:64)
	at com.kms.katalon.core.webui.keyword.builtin.VerifyTextPresentKeyword$_verifyTextPresent_closure1.doCall(VerifyTextPresentKeyword.groovy:79)
	at com.kms.katalon.core.webui.keyword.builtin.VerifyTextPresentKeyword$_verifyTextPresent_closure1.call(VerifyTextPresentKeyword.groovy)
	at com.kms.katalon.core.webui.keyword.internal.WebUIKeywordMain.runKeyword(WebUIKeywordMain.groovy:20)
	... 23 more


08-01-2024T12:15:17 - [TEST_STEP][PASSED] - baseUrl = offline_pssi_dashboard_url: null

08-01-2024T12:15:17 - [TEST_STEP][PASSED] - callTestCase(findTestCase("Offline PSSI Dashboard Function/Create BE Monitoring Data/View Monitoring Data/PSSIViewMonitoringData"), [:]): Call Test Case 'Test Cases/Offline PSSI Dashboard Function/Create BE Monitoring Data/View Monitoring Data/PSSIViewMonitoringData' successfully

08-01-2024T12:15:17 - [TEST_CASE][PASSED] - Test Cases/Offline PSSI Dashboard Function/Create BE Monitoring Data/View Monitoring Data/PSSIViewMonitoringData: Test Cases/Offline PSSI Dashboard Function/Create BE Monitoring Data/View Monitoring Data/PSSIViewMonitoringData

08-01-2024T12:15:17 - [TEST_STEP][PASSED] - baseUrl = offline_pssi_dashboard_url: null

08-01-2024T12:15:17 - [TEST_STEP][PASSED] - callTestCase(findTestCase("Offline PSSI Dashboard Function/Sign In/PSSISignInValidData"), [:]): Call Test Case 'Test Cases/Offline PSSI Dashboard Function/Sign In/PSSISignInValidData' successfully

08-01-2024T12:15:17 - [TEST_CASE][PASSED] - Test Cases/Offline PSSI Dashboard Function/Sign In/PSSISignInValidData: Test Cases/Offline PSSI Dashboard Function/Sign In/PSSISignInValidData

08-01-2024T12:15:17 - [TEST_STEP][PASSED] - failureHandling = STOP_ON_FAILURE: null

08-01-2024T12:15:17 - [TEST_STEP][PASSED] - baseUrl = offline_pssi_dashboard_url: null

08-01-2024T12:15:17 - [TEST_STEP][PASSED] - openBrowser(""): Browser is opened with url: ''

08-01-2024T12:15:17 - [MESSAGE][WARNING] - A browser is already opened. Closing browser and opening a new one

08-01-2024T12:15:18 - [MESSAGE][INFO] - Starting 'Chrome' driver

08-01-2024T12:15:18 - [MESSAGE][INFO] - Action delay is set to 0 milliseconds

08-01-2024T12:15:19 - [MESSAGE][PASSED] - Browser is opened with url: ''

08-01-2024T12:15:19 - [TEST_STEP][PASSED] - navigateToUrl(baseUrl): Navigate to 'https://monitoring.pssi-dev.kecilin.id' successfully

08-01-2024T12:15:20 - [MESSAGE][PASSED] - Navigate to 'https://monitoring.pssi-dev.kecilin.id' successfully

08-01-2024T12:15:20 - [TEST_STEP][PASSED] - maximizeWindow(): Current window maximized

08-01-2024T12:15:20 - [MESSAGE][PASSED] - Current window maximized

08-01-2024T12:15:20 - [TEST_STEP][PASSED] - setText(findTestObject("Object Repository/Page_Login/input_email"), "superadmin@app.com"): Text 'superadmin@app.com' is set on object 'Object Repository/Page_Login/input_email'

08-01-2024T12:15:21 - [MESSAGE][PASSED] - Text 'superadmin@app.com' is set on object 'Object Repository/Page_Login/input_email'

08-01-2024T12:15:21 - [TEST_STEP][PASSED] - setEncryptedText(findTestObject("Object Repository/Page_Login/input_password"), "8SQVv/p9jVScEs4/2CZsLw=="): Text ****** has been set on object 'Object Repository/Page_Login/input_password'

08-01-2024T12:15:22 - [MESSAGE][PASSED] - Text ****** has been set on object 'Object Repository/Page_Login/input_password'

08-01-2024T12:15:22 - [TEST_STEP][PASSED] - click(findTestObject("Object Repository/Page_Login/button_Sign In")): Object: 'Object Repository/Page_Login/button_Sign In' is clicked on

08-01-2024T12:15:23 - [MESSAGE][PASSED] - Object: 'Object Repository/Page_Login/button_Sign In' is clicked on

08-01-2024T12:15:23 - [MESSAGE][PASSED] - Call Test Case 'Test Cases/Offline PSSI Dashboard Function/Sign In/PSSISignInValidData' successfully

08-01-2024T12:15:23 - [TEST_STEP][PASSED] - navigateToUrl(baseUrl + "/monitoring"): Navigate to 'https://monitoring.pssi-dev.kecilin.id/monitoring' successfully

08-01-2024T12:15:24 - [MESSAGE][PASSED] - Navigate to 'https://monitoring.pssi-dev.kecilin.id/monitoring' successfully

08-01-2024T12:15:24 - [MESSAGE][PASSED] - Call Test Case 'Test Cases/Offline PSSI Dashboard Function/Create BE Monitoring Data/View Monitoring Data/PSSIViewMonitoringData' successfully

08-01-2024T12:15:24 - [TEST_STEP][PASSED] - verifyElementClickable(findTestObject("Page_Monitoring/Left Camera Selection")): Object 'Object Repository/Page_Monitoring/Left Camera Selection' is clickable

08-01-2024T12:15:24 - [MESSAGE][PASSED] - Object 'Object Repository/Page_Monitoring/Left Camera Selection' is clickable

08-01-2024T12:15:24 - [TEST_STEP][PASSED] - click(findTestObject("Page_Monitoring/Left Camera Selection")): Object: 'Object Repository/Page_Monitoring/Left Camera Selection' is clicked on

08-01-2024T12:15:25 - [MESSAGE][PASSED] - Object: 'Object Repository/Page_Monitoring/Left Camera Selection' is clicked on

08-01-2024T12:15:25 - [TEST_STEP][PASSED] - verifyElementClickable(findTestObject("Page_Monitoring/Left search field")): Object 'Object Repository/Page_Monitoring/Left search field' is clickable

08-01-2024T12:15:25 - [MESSAGE][PASSED] - Object 'Object Repository/Page_Monitoring/Left search field' is clickable

08-01-2024T12:15:25 - [TEST_STEP][PASSED] - setText(findTestObject("Page_Monitoring/Left search field"), "CCTV"): Text 'CCTV' is set on object 'Object Repository/Page_Monitoring/Left search field'

08-01-2024T12:15:26 - [MESSAGE][PASSED] - Text 'CCTV' is set on object 'Object Repository/Page_Monitoring/Left search field'

08-01-2024T12:15:26 - [TEST_STEP][PASSED] - expectedPattern = ".*CCTV.*": null

08-01-2024T12:15:26 - [TEST_STEP][PASSED] - elementText = getText(findTestObject("Page_Monitoring/Left Search Box")): Text of object 'Object Repository/Page_Monitoring/Left Search Box' is: 'Stadion Utama Gelora Bung Karno - CCTV 1'

08-01-2024T12:15:28 - [MESSAGE][INFO] - Unable to find the element located by 'By.xpath: id("select2-select_camera_first-results")[count(. | //ul[@class = 'select2-results__options' and @role = 'listbox' and @id = 'select2-select_camera_first-results' and @aria-expanded = 'true' and @aria-hidden = 'false' and (text() = 'Searching…Stadion Utama Gelora Bung Karno - Testing 1Stadion Utama Gelora Bung Karno - CCTV 1Stadion Gelora Bandung Lautan Api - Stadion GBLAStadion Gelora Bandung Lautan Api - Stadion GBLA - KompresiStadion Gelora Bangkalan - aStadion Gelora Bangkalan - aStadion Gelora Bangkalan - aStadion Gelora Bangkalan - aStadion Gelora Bangkalan - aStadion Gelora Bangkalan - aStadion Gelora Bangkalan - aStadion Gelora Bangkalan - aStadion Gelora Bangkalan - aStadion Gelora Bangkalan - aStadion Gelora Bangkalan - a' or . = 'Searching…Stadion Utama Gelora Bung Karno - Testing 1Stadion Utama Gelora Bung Karno - CCTV 1Stadion Gelora Bandung Lautan Api - Stadion GBLAStadion Gelora Bandung Lautan Api - Stadion GBLA - KompresiStadion Gelora Bangkalan - aStadion Gelora Bangkalan - aStadion Gelora Bangkalan - aStadion Gelora Bangkalan - aStadion Gelora Bangkalan - aStadion Gelora Bangkalan - aStadion Gelora Bangkalan - aStadion Gelora Bangkalan - aStadion Gelora Bangkalan - aStadion Gelora Bangkalan - aStadion Gelora Bangkalan - a')]) = count(//ul[@class = 'select2-results__options' and @role = 'listbox' and @id = 'select2-select_camera_first-results' and @aria-expanded = 'true' and @aria-hidden = 'false' and (text() = 'Searching…Stadion Utama Gelora Bung Karno - Testing 1Stadion Utama Gelora Bung Karno - CCTV 1Stadion Gelora Bandung Lautan Api - Stadion GBLAStadion Gelora Bandung Lautan Api - Stadion GBLA - KompresiStadion Gelora Bangkalan - aStadion Gelora Bangkalan - aStadion Gelora Bangkalan - aStadion Gelora Bangkalan - aStadion Gelora Bangkalan - aStadion Gelora Bangkalan - aStadion Gelora Bangkalan - aStadion Gelora Bangkalan - aStadion Gelora Bangkalan - aStadion Gelora Bangkalan - aStadion Gelora Bangkalan - a' or . = 'Searching…Stadion Utama Gelora Bung Karno - Testing 1Stadion Utama Gelora Bung Karno - CCTV 1Stadion Gelora Bandung Lautan Api - Stadion GBLAStadion Gelora Bandung Lautan Api - Stadion GBLA - KompresiStadion Gelora Bangkalan - aStadion Gelora Bangkalan - aStadion Gelora Bangkalan - aStadion Gelora Bangkalan - aStadion Gelora Bangkalan - aStadion Gelora Bangkalan - aStadion Gelora Bangkalan - aStadion Gelora Bangkalan - aStadion Gelora Bangkalan - aStadion Gelora Bangkalan - aStadion Gelora Bangkalan - a')])]'. Please recheck the objects properties to make sure the desired element is located. 

08-01-2024T12:15:28 - [MESSAGE][WARNING] - [SELF-HEALING] Failed to find element with id 'Object Repository/Page_Monitoring/Left Search Box'. Try using Self-healing.

08-01-2024T12:15:29 - [MESSAGE][WARNING] - [SELF-HEALING] The current locator of test object 'Object Repository/Page_Monitoring/Left Search Box' was broken. Propose an alternative one: '//ul[@id='select2-select_camera_first-results']'.

08-01-2024T12:15:29 - [MESSAGE][PASSED] - Text of object 'Object Repository/Page_Monitoring/Left Search Box' is: 'Stadion Utama Gelora Bung Karno - CCTV 1'

08-01-2024T12:15:29 - [TEST_STEP][PASSED] - isTextMatched = Pattern.matches(expectedPattern, elementText): null

08-01-2024T12:15:29 - [TEST_STEP][PASSED] - sendKeys(findTestObject("Page_Monitoring/Left search field"), Keys.chord(ENTER)): Keys 'ENTER + ' sent to object: 'Object Repository/Page_Monitoring/Left search field'

08-01-2024T12:15:29 - [MESSAGE][PASSED] - Keys 'ENTER + ' sent to object: 'Object Repository/Page_Monitoring/Left search field'

08-01-2024T12:15:29 - [TEST_STEP][PASSED] - waitForElementVisible(findTestObject("Page_Monitoring/Left Loading CCTV stream"), 5): Object 'Object Repository/Page_Monitoring/Left Loading CCTV stream' is visible

08-01-2024T12:15:30 - [MESSAGE][PASSED] - Object 'Object Repository/Page_Monitoring/Left Loading CCTV stream' is visible

08-01-2024T12:15:30 - [TEST_STEP][PASSED] - verifyElementVisible(findTestObject("Page_Monitoring/Left Loading CCTV stream")): Object 'Object Repository/Page_Monitoring/Left Loading CCTV stream' is visible

08-01-2024T12:15:30 - [MESSAGE][PASSED] - Object 'Object Repository/Page_Monitoring/Left Loading CCTV stream' is visible

08-01-2024T12:15:30 - [TEST_STEP][PASSED] - waitForElementVisible(findTestObject("Page_Monitoring/Left Camera Playing"), 5): Object 'Object Repository/Page_Monitoring/Left Camera Playing' is visible

08-01-2024T12:15:30 - [MESSAGE][WARNING] - [SELF-HEALING] Failed to find element with id 'Object Repository/Page_Monitoring/Left Camera Playing'. Try using Self-healing.

08-01-2024T12:15:30 - [MESSAGE][WARNING] - [SELF-HEALING] The current locator of test object 'Object Repository/Page_Monitoring/Left Camera Playing' was broken. Propose an alternative one: '//canvas[@id='stream_first']'.

08-01-2024T12:15:30 - [MESSAGE][PASSED] - Object 'Object Repository/Page_Monitoring/Left Camera Playing' is visible

08-01-2024T12:15:30 - [TEST_STEP][PASSED] - verifyElementVisible(findTestObject("Page_Monitoring/Left Camera Playing")): Object 'Object Repository/Page_Monitoring/Left Camera Playing' is visible

08-01-2024T12:15:30 - [MESSAGE][WARNING] - [SELF-HEALING] Failed to find element with id 'Object Repository/Page_Monitoring/Left Camera Playing'. Try using Self-healing.

08-01-2024T12:15:31 - [MESSAGE][WARNING] - [SELF-HEALING] The current locator of test object 'Object Repository/Page_Monitoring/Left Camera Playing' was broken. Propose an alternative one: '//canvas[@id='stream_first']'.

08-01-2024T12:15:31 - [MESSAGE][PASSED] - Object 'Object Repository/Page_Monitoring/Left Camera Playing' is visible

08-01-2024T12:15:31 - [TEST_STEP][PASSED] - screenshot1 = takeFullPageScreenshot(): Taking screenshot successfully

08-01-2024T12:15:31 - [MESSAGE][INFO] - 0 hidden object(s)

08-01-2024T12:15:31 - [MESSAGE][PASSED] - Taking screenshot successfully
[[ATTACHMENT|C:\\Users\\USER\\git\\Kecilin-Automation-Test\\Reports\\20240108_120718\\Create BE Monitoring Data\\Search Person Identity Test Suite\\20240108_120722\\1704690931174.png]]

08-01-2024T12:15:31 - [TEST_STEP][PASSED] - Thread.sleep(5000): null

08-01-2024T12:15:36 - [TEST_STEP][PASSED] - screenshot2 = takeFullPageScreenshot(): Taking screenshot successfully

08-01-2024T12:15:37 - [MESSAGE][INFO] - 0 hidden object(s)

08-01-2024T12:15:37 - [MESSAGE][PASSED] - Taking screenshot successfully
[[ATTACHMENT|C:\\Users\\USER\\git\\Kecilin-Automation-Test\\Reports\\20240108_120718\\Create BE Monitoring Data\\Search Person Identity Test Suite\\20240108_120722\\1704690936967.png]]

08-01-2024T12:15:37 - [TEST_STEP][PASSED] - verifyNotEqual(screenshot1, screenshot2): Actual object '[B@a4822d0' and expected object '[B@2e088452' are not equal

08-01-2024T12:15:37 - [MESSAGE][PASSED] - Actual object '[B@a4822d0' and expected object '[B@2e088452' are not equal

08-01-2024T12:15:37 - [TEST_STEP][PASSED] - scrollToElement(findTestObject("Page_Monitoring/Left Search Identity"), 1): Scroll to object 'Object Repository/Page_Monitoring/Left Search Identity' successfully

08-01-2024T12:15:38 - [MESSAGE][PASSED] - Scroll to object 'Object Repository/Page_Monitoring/Left Search Identity' successfully

08-01-2024T12:15:38 - [TEST_STEP][PASSED] - verifyElementClickable(findTestObject("Page_Monitoring/Left Search Identity")): Object 'Object Repository/Page_Monitoring/Left Search Identity' is clickable

08-01-2024T12:15:38 - [MESSAGE][PASSED] - Object 'Object Repository/Page_Monitoring/Left Search Identity' is clickable

08-01-2024T12:15:38 - [TEST_STEP][PASSED] - click(findTestObject("Page_Monitoring/Left Search Identity")): Object: 'Object Repository/Page_Monitoring/Left Search Identity' is clicked on

08-01-2024T12:15:39 - [MESSAGE][PASSED] - Object: 'Object Repository/Page_Monitoring/Left Search Identity' is clicked on

08-01-2024T12:15:39 - [TEST_STEP][PASSED] - scrollToElement(findTestObject("Page_Monitoring/button_Identify Now Pop Up"), 1): Scroll to object 'Object Repository/Page_Monitoring/button_Identify Now Pop Up' successfully

08-01-2024T12:15:39 - [MESSAGE][PASSED] - Scroll to object 'Object Repository/Page_Monitoring/button_Identify Now Pop Up' successfully

08-01-2024T12:15:39 - [TEST_STEP][PASSED] - waitForElementPresent(findTestObject("Page_Monitoring/button_Identify Now Pop Up"), 5): Object 'Object Repository/Page_Monitoring/button_Identify Now Pop Up' is present

08-01-2024T12:15:40 - [MESSAGE][PASSED] - Object 'Object Repository/Page_Monitoring/button_Identify Now Pop Up' is present

08-01-2024T12:15:40 - [TEST_STEP][PASSED] - verifyElementClickable(findTestObject("Page_Monitoring/button_Identify Now Pop Up")): Object 'Object Repository/Page_Monitoring/button_Identify Now Pop Up' is clickable

08-01-2024T12:15:40 - [MESSAGE][PASSED] - Object 'Object Repository/Page_Monitoring/button_Identify Now Pop Up' is clickable

08-01-2024T12:15:40 - [TEST_STEP][PASSED] - click(findTestObject("Page_Monitoring/button_Identify Now Pop Up")): Object: 'Object Repository/Page_Monitoring/button_Identify Now Pop Up' is clicked on

08-01-2024T12:15:40 - [MESSAGE][PASSED] - Object: 'Object Repository/Page_Monitoring/button_Identify Now Pop Up' is clicked on

08-01-2024T12:15:40 - [TEST_STEP][PASSED] - waitForElementPresent(findTestObject("Page_Result Monitoring/Result Monitoring Title"), 15): Object 'Object Repository/Page_Result Monitoring/Result Monitoring Title' is present

08-01-2024T12:15:41 - [MESSAGE][PASSED] - Object 'Object Repository/Page_Result Monitoring/Result Monitoring Title' is present

08-01-2024T12:15:41 - [TEST_STEP][FAILED] - verifyTextPresent("Name", false): Unable to verify text 'Name' is present  (Root cause: com.kms.katalon.core.exception.StepFailedException: Unable to verify text 'Name' is present 
	at com.kms.katalon.core.webui.keyword.internal.WebUIKeywordMain.stepFailed(WebUIKeywordMain.groovy:64)
	at com.kms.katalon.core.webui.keyword.internal.WebUIKeywordMain.runKeyword(WebUIKeywordMain.groovy:26)
	at com.kms.katalon.core.webui.keyword.builtin.VerifyTextPresentKeyword.verifyTextPresent(VerifyTextPresentKeyword.groovy:83)
	at com.kms.katalon.core.webui.keyword.builtin.VerifyTextPresentKeyword.execute(VerifyTextPresentKeyword.groovy:68)
	at com.kms.katalon.core.keyword.internal.KeywordExecutor.executeKeywordForPlatform(KeywordExecutor.groovy:74)
	at com.kms.katalon.core.webui.keyword.WebUiBuiltInKeywords.verifyTextPresent(WebUiBuiltInKeywords.groovy:1762)
	at PSSISearchPersonIdentityValidData.run(PSSISearchPersonIdentityValidData:79)
	at com.kms.katalon.core.main.ScriptEngine.run(ScriptEngine.java:194)
	at com.kms.katalon.core.main.ScriptEngine.runScriptAsRawText(ScriptEngine.java:119)
	at com.kms.katalon.core.main.TestCaseExecutor.runScript(TestCaseExecutor.java:448)
	at com.kms.katalon.core.main.TestCaseExecutor.doExecute(TestCaseExecutor.java:439)
	at com.kms.katalon.core.main.TestCaseExecutor.processExecutionPhase(TestCaseExecutor.java:418)
	at com.kms.katalon.core.main.TestCaseExecutor.accessMainPhase(TestCaseExecutor.java:410)
	at com.kms.katalon.core.main.TestCaseExecutor.execute(TestCaseExecutor.java:285)
	at com.kms.katalon.core.main.TestCaseExecutor.execute(TestCaseExecutor.java:369)
	at com.kms.katalon.core.main.TestCaseExecutor.execute(TestCaseExecutor.java:369)
	at com.kms.katalon.core.main.TestCaseExecutor.execute(TestCaseExecutor.java:369)
	at com.kms.katalon.core.common.CommonExecutor.accessTestCaseMainPhase(CommonExecutor.java:65)
	at com.kms.katalon.core.main.TestSuiteExecutor.accessTestSuiteMainPhase(TestSuiteExecutor.java:148)
	at com.kms.katalon.core.main.TestSuiteExecutor.execute(TestSuiteExecutor.java:106)
	at com.kms.katalon.core.main.TestCaseMain.startTestSuite(TestCaseMain.java:180)
	at TempTestSuite1704690442913.run(TempTestSuite1704690442913.groovy:36)
	at java.base/jdk.internal.reflect.NativeMethodAccessorImpl.invoke0(Native Method)
	at java.base/jdk.internal.reflect.NativeMethodAccessorImpl.invoke(NativeMethodAccessorImpl.java:77)
	at java.base/jdk.internal.reflect.DelegatingMethodAccessorImpl.invoke(DelegatingMethodAccessorImpl.java:43)
Caused by: com.kms.katalon.core.exception.StepFailedException: Text 'Name' is not present on page 
	at com.kms.katalon.core.webui.keyword.internal.WebUIKeywordMain.stepFailed(WebUIKeywordMain.groovy:64)
	at com.kms.katalon.core.webui.keyword.builtin.VerifyTextPresentKeyword$_verifyTextPresent_closure1.doCall(VerifyTextPresentKeyword.groovy:79)
	at com.kms.katalon.core.webui.keyword.builtin.VerifyTextPresentKeyword$_verifyTextPresent_closure1.call(VerifyTextPresentKeyword.groovy)
	at com.kms.katalon.core.webui.keyword.internal.WebUIKeywordMain.runKeyword(WebUIKeywordMain.groovy:20)
	... 23 more
)

08-01-2024T12:15:42 - [MESSAGE][FAILED] - Text 'Name' is not present on page  (Root cause: com.kms.katalon.core.exception.StepFailedException: Text 'Name' is not present on page 
	at com.kms.katalon.core.webui.keyword.internal.WebUIKeywordMain.stepFailed(WebUIKeywordMain.groovy:64)
	at com.kms.katalon.core.webui.keyword.builtin.VerifyTextPresentKeyword$_verifyTextPresent_closure1.doCall(VerifyTextPresentKeyword.groovy:79)
	at com.kms.katalon.core.webui.keyword.builtin.VerifyTextPresentKeyword$_verifyTextPresent_closure1.call(VerifyTextPresentKeyword.groovy)
	at com.kms.katalon.core.webui.keyword.internal.WebUIKeywordMain.runKeyword(WebUIKeywordMain.groovy:20)
	at com.kms.katalon.core.webui.keyword.builtin.VerifyTextPresentKeyword.verifyTextPresent(VerifyTextPresentKeyword.groovy:83)
	at com.kms.katalon.core.webui.keyword.builtin.VerifyTextPresentKeyword.execute(VerifyTextPresentKeyword.groovy:68)
	at com.kms.katalon.core.keyword.internal.KeywordExecutor.executeKeywordForPlatform(KeywordExecutor.groovy:74)
	at com.kms.katalon.core.webui.keyword.WebUiBuiltInKeywords.verifyTextPresent(WebUiBuiltInKeywords.groovy:1762)
	at PSSISearchPersonIdentityValidData.run(PSSISearchPersonIdentityValidData:79)
	at com.kms.katalon.core.main.ScriptEngine.run(ScriptEngine.java:194)
	at com.kms.katalon.core.main.ScriptEngine.runScriptAsRawText(ScriptEngine.java:119)
	at com.kms.katalon.core.main.TestCaseExecutor.runScript(TestCaseExecutor.java:448)
	at com.kms.katalon.core.main.TestCaseExecutor.doExecute(TestCaseExecutor.java:439)
	at com.kms.katalon.core.main.TestCaseExecutor.processExecutionPhase(TestCaseExecutor.java:418)
	at com.kms.katalon.core.main.TestCaseExecutor.accessMainPhase(TestCaseExecutor.java:410)
	at com.kms.katalon.core.main.TestCaseExecutor.execute(TestCaseExecutor.java:285)
	at com.kms.katalon.core.main.TestCaseExecutor.execute(TestCaseExecutor.java:369)
	at com.kms.katalon.core.main.TestCaseExecutor.execute(TestCaseExecutor.java:369)
	at com.kms.katalon.core.main.TestCaseExecutor.execute(TestCaseExecutor.java:369)
	at com.kms.katalon.core.common.CommonExecutor.accessTestCaseMainPhase(CommonExecutor.java:65)
	at com.kms.katalon.core.main.TestSuiteExecutor.accessTestSuiteMainPhase(TestSuiteExecutor.java:148)
	at com.kms.katalon.core.main.TestSuiteExecutor.execute(TestSuiteExecutor.java:106)
	at com.kms.katalon.core.main.TestCaseMain.startTestSuite(TestCaseMain.java:180)
	at TempTestSuite1704690442913.run(TempTestSuite1704690442913.groovy:36)
	at java.base/jdk.internal.reflect.NativeMethodAccessorImpl.invoke0(Native Method)
	at java.base/jdk.internal.reflect.NativeMethodAccessorImpl.invoke(NativeMethodAccessorImpl.java:77)
	at java.base/jdk.internal.reflect.DelegatingMethodAccessorImpl.invoke(DelegatingMethodAccessorImpl.java:43)
)

08-01-2024T12:15:42 - [MESSAGE][FAILED] - Unable to verify text 'Name' is present  (Root cause: com.kms.katalon.core.exception.StepFailedException: Unable to verify text 'Name' is present 
	at com.kms.katalon.core.webui.keyword.internal.WebUIKeywordMain.stepFailed(WebUIKeywordMain.groovy:64)
	at com.kms.katalon.core.webui.keyword.internal.WebUIKeywordMain.runKeyword(WebUIKeywordMain.groovy:26)
	at com.kms.katalon.core.webui.keyword.builtin.VerifyTextPresentKeyword.verifyTextPresent(VerifyTextPresentKeyword.groovy:83)
	at com.kms.katalon.core.webui.keyword.builtin.VerifyTextPresentKeyword.execute(VerifyTextPresentKeyword.groovy:68)
	at com.kms.katalon.core.keyword.internal.KeywordExecutor.executeKeywordForPlatform(KeywordExecutor.groovy:74)
	at com.kms.katalon.core.webui.keyword.WebUiBuiltInKeywords.verifyTextPresent(WebUiBuiltInKeywords.groovy:1762)
	at PSSISearchPersonIdentityValidData.run(PSSISearchPersonIdentityValidData:79)
	at com.kms.katalon.core.main.ScriptEngine.run(ScriptEngine.java:194)
	at com.kms.katalon.core.main.ScriptEngine.runScriptAsRawText(ScriptEngine.java:119)
	at com.kms.katalon.core.main.TestCaseExecutor.runScript(TestCaseExecutor.java:448)
	at com.kms.katalon.core.main.TestCaseExecutor.doExecute(TestCaseExecutor.java:439)
	at com.kms.katalon.core.main.TestCaseExecutor.processExecutionPhase(TestCaseExecutor.java:418)
	at com.kms.katalon.core.main.TestCaseExecutor.accessMainPhase(TestCaseExecutor.java:410)
	at com.kms.katalon.core.main.TestCaseExecutor.execute(TestCaseExecutor.java:285)
	at com.kms.katalon.core.main.TestCaseExecutor.execute(TestCaseExecutor.java:369)
	at com.kms.katalon.core.main.TestCaseExecutor.execute(TestCaseExecutor.java:369)
	at com.kms.katalon.core.main.TestCaseExecutor.execute(TestCaseExecutor.java:369)
	at com.kms.katalon.core.common.CommonExecutor.accessTestCaseMainPhase(CommonExecutor.java:65)
	at com.kms.katalon.core.main.TestSuiteExecutor.accessTestSuiteMainPhase(TestSuiteExecutor.java:148)
	at com.kms.katalon.core.main.TestSuiteExecutor.execute(TestSuiteExecutor.java:106)
	at com.kms.katalon.core.main.TestCaseMain.startTestSuite(TestCaseMain.java:180)
	at TempTestSuite1704690442913.run(TempTestSuite1704690442913.groovy:36)
	at java.base/jdk.internal.reflect.NativeMethodAccessorImpl.invoke0(Native Method)
	at java.base/jdk.internal.reflect.NativeMethodAccessorImpl.invoke(NativeMethodAccessorImpl.java:77)
	at java.base/jdk.internal.reflect.DelegatingMethodAccessorImpl.invoke(DelegatingMethodAccessorImpl.java:43)
Caused by: com.kms.katalon.core.exception.StepFailedException: Text 'Name' is not present on page 
	at com.kms.katalon.core.webui.keyword.internal.WebUIKeywordMain.stepFailed(WebUIKeywordMain.groovy:64)
	at com.kms.katalon.core.webui.keyword.builtin.VerifyTextPresentKeyword$_verifyTextPresent_closure1.doCall(VerifyTextPresentKeyword.groovy:79)
	at com.kms.katalon.core.webui.keyword.builtin.VerifyTextPresentKeyword$_verifyTextPresent_closure1.call(VerifyTextPresentKeyword.groovy)
	at com.kms.katalon.core.webui.keyword.internal.WebUIKeywordMain.runKeyword(WebUIKeywordMain.groovy:20)
	... 23 more
)
[[ATTACHMENT|C:\\Users\\USER\\git\\Kecilin-Automation-Test\\Reports\\20240108_120718\\Create BE Monitoring Data\\Search Person Identity Test Suite\\20240108_120722\\1704690942256.png]]]]></system-out>
         <system-err><![CDATA[08-01-2024T12:15:17 - [TEST_CASE][FAILED] - Test Cases/Offline PSSI Dashboard Function/Create BE Monitoring Data/Search Person Identity/Positive Test Case/PSSISearchPersonIdentityValidData: Test Cases/Offline PSSI Dashboard Function/Create BE Monitoring Data/Search Person Identity/Positive Test Case/PSSISearchPersonIdentityValidData FAILED.
Reason:
com.kms.katalon.core.exception.StepFailedException: Unable to verify text 'Name' is present 
	at com.kms.katalon.core.webui.keyword.internal.WebUIKeywordMain.stepFailed(WebUIKeywordMain.groovy:64)
	at com.kms.katalon.core.webui.keyword.internal.WebUIKeywordMain.runKeyword(WebUIKeywordMain.groovy:26)
	at com.kms.katalon.core.webui.keyword.builtin.VerifyTextPresentKeyword.verifyTextPresent(VerifyTextPresentKeyword.groovy:83)
	at com.kms.katalon.core.webui.keyword.builtin.VerifyTextPresentKeyword.execute(VerifyTextPresentKeyword.groovy:68)
	at com.kms.katalon.core.keyword.internal.KeywordExecutor.executeKeywordForPlatform(KeywordExecutor.groovy:74)
	at com.kms.katalon.core.webui.keyword.WebUiBuiltInKeywords.verifyTextPresent(WebUiBuiltInKeywords.groovy:1762)
	at PSSISearchPersonIdentityValidData.run(PSSISearchPersonIdentityValidData:79)
	at com.kms.katalon.core.main.ScriptEngine.run(ScriptEngine.java:194)
	at com.kms.katalon.core.main.ScriptEngine.runScriptAsRawText(ScriptEngine.java:119)
	at com.kms.katalon.core.main.TestCaseExecutor.runScript(TestCaseExecutor.java:448)
	at com.kms.katalon.core.main.TestCaseExecutor.doExecute(TestCaseExecutor.java:439)
	at com.kms.katalon.core.main.TestCaseExecutor.processExecutionPhase(TestCaseExecutor.java:418)
	at com.kms.katalon.core.main.TestCaseExecutor.accessMainPhase(TestCaseExecutor.java:410)
	at com.kms.katalon.core.main.TestCaseExecutor.execute(TestCaseExecutor.java:285)
	at com.kms.katalon.core.main.TestCaseExecutor.execute(TestCaseExecutor.java:369)
	at com.kms.katalon.core.main.TestCaseExecutor.execute(TestCaseExecutor.java:369)
	at com.kms.katalon.core.main.TestCaseExecutor.execute(TestCaseExecutor.java:369)
	at com.kms.katalon.core.common.CommonExecutor.accessTestCaseMainPhase(CommonExecutor.java:65)
	at com.kms.katalon.core.main.TestSuiteExecutor.accessTestSuiteMainPhase(TestSuiteExecutor.java:148)
	at com.kms.katalon.core.main.TestSuiteExecutor.execute(TestSuiteExecutor.java:106)
	at com.kms.katalon.core.main.TestCaseMain.startTestSuite(TestCaseMain.java:180)
	at TempTestSuite1704690442913.run(TempTestSuite1704690442913.groovy:36)
	at java.base/jdk.internal.reflect.NativeMethodAccessorImpl.invoke0(Native Method)
	at java.base/jdk.internal.reflect.NativeMethodAccessorImpl.invoke(NativeMethodAccessorImpl.java:77)
	at java.base/jdk.internal.reflect.DelegatingMethodAccessorImpl.invoke(DelegatingMethodAccessorImpl.java:43)
Caused by: com.kms.katalon.core.exception.StepFailedException: Text 'Name' is not present on page 
	at com.kms.katalon.core.webui.keyword.internal.WebUIKeywordMain.stepFailed(WebUIKeywordMain.groovy:64)
	at com.kms.katalon.core.webui.keyword.builtin.VerifyTextPresentKeyword$_verifyTextPresent_closure1.doCall(VerifyTextPresentKeyword.groovy:79)
	at com.kms.katalon.core.webui.keyword.builtin.VerifyTextPresentKeyword$_verifyTextPresent_closure1.call(VerifyTextPresentKeyword.groovy)
	at com.kms.katalon.core.webui.keyword.internal.WebUIKeywordMain.runKeyword(WebUIKeywordMain.groovy:20)
	... 23 more]]></system-err>
      </testcase>
      <system-out><![CDATA[08-01-2024T12:10:46 - [TEST_SUITE][FAILED] - Search Person Identity Test Suite: Test Cases/Offline PSSI Dashboard Function/Create BE Monitoring Data/Search Person Identity/Positive Test Case/PSSISaveSearchedPersonIdentity FAILED.
Reason:
com.kms.katalon.core.exception.StepFailedException: Call Test Case 'Test Cases/Offline PSSI Dashboard Function/Create BE Monitoring Data/Search Person Identity/Positive Test Case/PSSISearchPersonIdentityValidData' failed
	at com.kms.katalon.core.keyword.builtin.CallTestCaseKeyword$_callTestCase_closure1.doCall(CallTestCaseKeyword.groovy:63)
	at com.kms.katalon.core.keyword.builtin.CallTestCaseKeyword$_callTestCase_closure1.call(CallTestCaseKeyword.groovy)
	at com.kms.katalon.core.keyword.internal.KeywordMain.runKeyword(KeywordMain.groovy:75)
	at com.kms.katalon.core.keyword.builtin.CallTestCaseKeyword.callTestCase(CallTestCaseKeyword.groovy:81)
	at com.kms.katalon.core.keyword.builtin.CallTestCaseKeyword.execute(CallTestCaseKeyword.groovy:44)
	at com.kms.katalon.core.keyword.internal.KeywordExecutor.executeKeywordForPlatform(KeywordExecutor.groovy:74)
	at com.kms.katalon.core.keyword.BuiltinKeywords.callTestCase(BuiltinKeywords.groovy:326)
	at java.base/jdk.internal.reflect.NativeMethodAccessorImpl.invoke0(Native Method)
	at java.base/jdk.internal.reflect.NativeMethodAccessorImpl.invoke(NativeMethodAccessorImpl.java:77)
	at java.base/jdk.internal.reflect.DelegatingMethodAccessorImpl.invoke(DelegatingMethodAccessorImpl.java:43)
	at PSSISaveSearchedPersonIdentity.run(PSSISaveSearchedPersonIdentity:26)
	at com.kms.katalon.core.main.ScriptEngine.run(ScriptEngine.java:194)
	at com.kms.katalon.core.main.ScriptEngine.runScriptAsRawText(ScriptEngine.java:119)
	at com.kms.katalon.core.main.TestCaseExecutor.runScript(TestCaseExecutor.java:448)
	at com.kms.katalon.core.main.TestCaseExecutor.doExecute(TestCaseExecutor.java:439)
	at com.kms.katalon.core.main.TestCaseExecutor.processExecutionPhase(TestCaseExecutor.java:418)
	at com.kms.katalon.core.main.TestCaseExecutor.accessMainPhase(TestCaseExecutor.java:410)
	at com.kms.katalon.core.main.TestCaseExecutor.execute(TestCaseExecutor.java:285)
	at com.kms.katalon.core.common.CommonExecutor.accessTestCaseMainPhase(CommonExecutor.java:65)
	at com.kms.katalon.core.main.TestSuiteExecutor.accessTestSuiteMainPhase(TestSuiteExecutor.java:148)
	at com.kms.katalon.core.main.TestSuiteExecutor.execute(TestSuiteExecutor.java:106)
	at com.kms.katalon.core.main.TestCaseMain.startTestSuite(TestCaseMain.java:180)
	at TempTestSuite1704690442913.run(TempTestSuite1704690442913.groovy:36)
	at java.base/jdk.internal.reflect.NativeMethodAccessorImpl.invoke0(Native Method)
	at java.base/jdk.internal.reflect.NativeMethodAccessorImpl.invoke(NativeMethodAccessorImpl.java:77)
	at java.base/jdk.internal.reflect.DelegatingMethodAccessorImpl.invoke(DelegatingMethodAccessorImpl.java:43)
Caused by: com.kms.katalon.core.exception.StepFailedException: Unable to verify text 'Name' is present 
	at com.kms.katalon.core.webui.keyword.internal.WebUIKeywordMain.stepFailed(WebUIKeywordMain.groovy:64)
	at com.kms.katalon.core.webui.keyword.internal.WebUIKeywordMain.runKeyword(WebUIKeywordMain.groovy:26)
	at com.kms.katalon.core.webui.keyword.builtin.VerifyTextPresentKeyword.verifyTextPresent(VerifyTextPresentKeyword.groovy:83)
	at com.kms.katalon.core.webui.keyword.builtin.VerifyTextPresentKeyword.execute(VerifyTextPresentKeyword.groovy:68)
	at com.kms.katalon.core.keyword.internal.KeywordExecutor.executeKeywordForPlatform(KeywordExecutor.groovy:74)
	at com.kms.katalon.core.webui.keyword.WebUiBuiltInKeywords.verifyTextPresent(WebUiBuiltInKeywords.groovy:1762)
	at PSSISearchPersonIdentityValidData.run(PSSISearchPersonIdentityValidData:79)
	at com.kms.katalon.core.main.ScriptEngine.run(ScriptEngine.java:194)
	at com.kms.katalon.core.main.ScriptEngine.runScriptAsRawText(ScriptEngine.java:119)
	at com.kms.katalon.core.main.TestCaseExecutor.runScript(TestCaseExecutor.java:448)
	at com.kms.katalon.core.main.TestCaseExecutor.doExecute(TestCaseExecutor.java:439)
	at com.kms.katalon.core.main.TestCaseExecutor.processExecutionPhase(TestCaseExecutor.java:418)
	at com.kms.katalon.core.main.TestCaseExecutor.accessMainPhase(TestCaseExecutor.java:410)
	at com.kms.katalon.core.main.TestCaseExecutor.execute(TestCaseExecutor.java:285)
	at com.kms.katalon.core.main.TestCaseMain.runTestCase(TestCaseMain.java:137)
	at com.kms.katalon.core.keyword.builtin.CallTestCaseKeyword$_callTestCase_closure1.doCall(CallTestCaseKeyword.groovy:59)
	... 25 more
Caused by: com.kms.katalon.core.exception.StepFailedException: Text 'Name' is not present on page 
	at com.kms.katalon.core.webui.keyword.internal.WebUIKeywordMain.stepFailed(WebUIKeywordMain.groovy:64)
	at com.kms.katalon.core.webui.keyword.builtin.VerifyTextPresentKeyword$_verifyTextPresent_closure1.doCall(VerifyTextPresentKeyword.groovy:79)
	at com.kms.katalon.core.webui.keyword.builtin.VerifyTextPresentKeyword$_verifyTextPresent_closure1.call(VerifyTextPresentKeyword.groovy)
	at com.kms.katalon.core.webui.keyword.internal.WebUIKeywordMain.runKeyword(WebUIKeywordMain.groovy:20)
	... 39 more]]></system-out>
      <system-err><![CDATA[08-01-2024T12:10:46 - [TEST_SUITE][FAILED] - Search Person Identity Test Suite: Test Cases/Offline PSSI Dashboard Function/Create BE Monitoring Data/Search Person Identity/Positive Test Case/PSSISaveSearchedPersonIdentity FAILED.
Reason:
com.kms.katalon.core.exception.StepFailedException: Call Test Case 'Test Cases/Offline PSSI Dashboard Function/Create BE Monitoring Data/Search Person Identity/Positive Test Case/PSSISearchPersonIdentityValidData' failed
	at com.kms.katalon.core.keyword.builtin.CallTestCaseKeyword$_callTestCase_closure1.doCall(CallTestCaseKeyword.groovy:63)
	at com.kms.katalon.core.keyword.builtin.CallTestCaseKeyword$_callTestCase_closure1.call(CallTestCaseKeyword.groovy)
	at com.kms.katalon.core.keyword.internal.KeywordMain.runKeyword(KeywordMain.groovy:75)
	at com.kms.katalon.core.keyword.builtin.CallTestCaseKeyword.callTestCase(CallTestCaseKeyword.groovy:81)
	at com.kms.katalon.core.keyword.builtin.CallTestCaseKeyword.execute(CallTestCaseKeyword.groovy:44)
	at com.kms.katalon.core.keyword.internal.KeywordExecutor.executeKeywordForPlatform(KeywordExecutor.groovy:74)
	at com.kms.katalon.core.keyword.BuiltinKeywords.callTestCase(BuiltinKeywords.groovy:326)
	at java.base/jdk.internal.reflect.NativeMethodAccessorImpl.invoke0(Native Method)
	at java.base/jdk.internal.reflect.NativeMethodAccessorImpl.invoke(NativeMethodAccessorImpl.java:77)
	at java.base/jdk.internal.reflect.DelegatingMethodAccessorImpl.invoke(DelegatingMethodAccessorImpl.java:43)
	at PSSISaveSearchedPersonIdentity.run(PSSISaveSearchedPersonIdentity:26)
	at com.kms.katalon.core.main.ScriptEngine.run(ScriptEngine.java:194)
	at com.kms.katalon.core.main.ScriptEngine.runScriptAsRawText(ScriptEngine.java:119)
	at com.kms.katalon.core.main.TestCaseExecutor.runScript(TestCaseExecutor.java:448)
	at com.kms.katalon.core.main.TestCaseExecutor.doExecute(TestCaseExecutor.java:439)
	at com.kms.katalon.core.main.TestCaseExecutor.processExecutionPhase(TestCaseExecutor.java:418)
	at com.kms.katalon.core.main.TestCaseExecutor.accessMainPhase(TestCaseExecutor.java:410)
	at com.kms.katalon.core.main.TestCaseExecutor.execute(TestCaseExecutor.java:285)
	at com.kms.katalon.core.common.CommonExecutor.accessTestCaseMainPhase(CommonExecutor.java:65)
	at com.kms.katalon.core.main.TestSuiteExecutor.accessTestSuiteMainPhase(TestSuiteExecutor.java:148)
	at com.kms.katalon.core.main.TestSuiteExecutor.execute(TestSuiteExecutor.java:106)
	at com.kms.katalon.core.main.TestCaseMain.startTestSuite(TestCaseMain.java:180)
	at TempTestSuite1704690442913.run(TempTestSuite1704690442913.groovy:36)
	at java.base/jdk.internal.reflect.NativeMethodAccessorImpl.invoke0(Native Method)
	at java.base/jdk.internal.reflect.NativeMethodAccessorImpl.invoke(NativeMethodAccessorImpl.java:77)
	at java.base/jdk.internal.reflect.DelegatingMethodAccessorImpl.invoke(DelegatingMethodAccessorImpl.java:43)
Caused by: com.kms.katalon.core.exception.StepFailedException: Unable to verify text 'Name' is present 
	at com.kms.katalon.core.webui.keyword.internal.WebUIKeywordMain.stepFailed(WebUIKeywordMain.groovy:64)
	at com.kms.katalon.core.webui.keyword.internal.WebUIKeywordMain.runKeyword(WebUIKeywordMain.groovy:26)
	at com.kms.katalon.core.webui.keyword.builtin.VerifyTextPresentKeyword.verifyTextPresent(VerifyTextPresentKeyword.groovy:83)
	at com.kms.katalon.core.webui.keyword.builtin.VerifyTextPresentKeyword.execute(VerifyTextPresentKeyword.groovy:68)
	at com.kms.katalon.core.keyword.internal.KeywordExecutor.executeKeywordForPlatform(KeywordExecutor.groovy:74)
	at com.kms.katalon.core.webui.keyword.WebUiBuiltInKeywords.verifyTextPresent(WebUiBuiltInKeywords.groovy:1762)
	at PSSISearchPersonIdentityValidData.run(PSSISearchPersonIdentityValidData:79)
	at com.kms.katalon.core.main.ScriptEngine.run(ScriptEngine.java:194)
	at com.kms.katalon.core.main.ScriptEngine.runScriptAsRawText(ScriptEngine.java:119)
	at com.kms.katalon.core.main.TestCaseExecutor.runScript(TestCaseExecutor.java:448)
	at com.kms.katalon.core.main.TestCaseExecutor.doExecute(TestCaseExecutor.java:439)
	at com.kms.katalon.core.main.TestCaseExecutor.processExecutionPhase(TestCaseExecutor.java:418)
	at com.kms.katalon.core.main.TestCaseExecutor.accessMainPhase(TestCaseExecutor.java:410)
	at com.kms.katalon.core.main.TestCaseExecutor.execute(TestCaseExecutor.java:285)
	at com.kms.katalon.core.main.TestCaseMain.runTestCase(TestCaseMain.java:137)
	at com.kms.katalon.core.keyword.builtin.CallTestCaseKeyword$_callTestCase_closure1.doCall(CallTestCaseKeyword.groovy:59)
	... 25 more
Caused by: com.kms.katalon.core.exception.StepFailedException: Text 'Name' is not present on page 
	at com.kms.katalon.core.webui.keyword.internal.WebUIKeywordMain.stepFailed(WebUIKeywordMain.groovy:64)
	at com.kms.katalon.core.webui.keyword.builtin.VerifyTextPresentKeyword$_verifyTextPresent_closure1.doCall(VerifyTextPresentKeyword.groovy:79)
	at com.kms.katalon.core.webui.keyword.builtin.VerifyTextPresentKeyword$_verifyTextPresent_closure1.call(VerifyTextPresentKeyword.groovy)
	at com.kms.katalon.core.webui.keyword.internal.WebUIKeywordMain.runKeyword(WebUIKeywordMain.groovy:20)
	... 39 more]]></system-err>
   </testsuite>
   <testsuite name="Select CCTV Test Suite" tests="5" failures="2" errors="0" time="351.33" skipped="0" timestamp="08-01-2024T12:16:22" hostname="USER - DESKTOP-HLRVE9S" id="Test Suites/Create BE Monitoring Data/Select CCTV Test Suite">
      <properties>
         <property name="deviceName" value=""/>
         <property name="devicePlatform" value=""/>
         <property name="logFolder" value="C:\\Users\\USER\\git\\Kecilin-Automation-Test\\Reports\\20240108_120718\\Create BE Monitoring Data\\Select CCTV Test Suite\\20240108_120724"/>
         <property name="logFiles" value="C:\\Users\\USER\\git\\Kecilin-Automation-Test\\Reports\\20240108_120718\\Create BE Monitoring Data\\Select CCTV Test Suite\\20240108_120724\\execution0.log"/>
         <property name="attachments" value="C:\\Users\\USER\\git\\Kecilin-Automation-Test\\Reports\\20240108_120718\\Create BE Monitoring Data\\Select CCTV Test Suite\\20240108_120724\\1704691005888.png, C:\\Users\\USER\\git\\Kecilin-Automation-Test\\Reports\\20240108_120718\\Create BE Monitoring Data\\Select CCTV Test Suite\\20240108_120724\\1704691013889.png, C:\\Users\\USER\\git\\Kecilin-Automation-Test\\Reports\\20240108_120718\\Create BE Monitoring Data\\Select CCTV Test Suite\\20240108_120724\\1704691017514.png, C:\\Users\\USER\\git\\Kecilin-Automation-Test\\Reports\\20240108_120718\\Create BE Monitoring Data\\Select CCTV Test Suite\\20240108_120724\\1704691017839.png, C:\\Users\\USER\\git\\Kecilin-Automation-Test\\Reports\\20240108_120718\\Create BE Monitoring Data\\Select CCTV Test Suite\\20240108_120724\\1704691032359.png, C:\\Users\\USER\\git\\Kecilin-Automation-Test\\Reports\\20240108_120718\\Create BE Monitoring Data\\Select CCTV Test Suite\\20240108_120724\\1704691038358.png, C:\\Users\\USER\\git\\Kecilin-Automation-Test\\Reports\\20240108_120718\\Create BE Monitoring Data\\Select CCTV Test Suite\\20240108_120724\\1704691042591.png, C:\\Users\\USER\\git\\Kecilin-Automation-Test\\Reports\\20240108_120718\\Create BE Monitoring Data\\Select CCTV Test Suite\\20240108_120724\\1704691042866.png, C:\\Users\\USER\\git\\Kecilin-Automation-Test\\Reports\\20240108_120718\\Create BE Monitoring Data\\Select CCTV Test Suite\\20240108_120724\\1704691057155.png, C:\\Users\\USER\\git\\Kecilin-Automation-Test\\Reports\\20240108_120718\\Create BE Monitoring Data\\Select CCTV Test Suite\\20240108_120724\\1704691062985.png, C:\\Users\\USER\\git\\Kecilin-Automation-Test\\Reports\\20240108_120718\\Create BE Monitoring Data\\Select CCTV Test Suite\\20240108_120724\\1704691066684.png, C:\\Users\\USER\\git\\Kecilin-Automation-Test\\Reports\\20240108_120718\\Create BE Monitoring Data\\Select CCTV Test Suite\\20240108_120724\\1704691066997.png, C:\\Users\\USER\\git\\Kecilin-Automation-Test\\Reports\\20240108_120718\\Create BE Monitoring Data\\Select CCTV Test Suite\\20240108_120724\\1704691081696.png, C:\\Users\\USER\\git\\Kecilin-Automation-Test\\Reports\\20240108_120718\\Create BE Monitoring Data\\Select CCTV Test Suite\\20240108_120724\\1704691087533.png, C:\\Users\\USER\\git\\Kecilin-Automation-Test\\Reports\\20240108_120718\\Create BE Monitoring Data\\Select CCTV Test Suite\\20240108_120724\\1704691091143.png, C:\\Users\\USER\\git\\Kecilin-Automation-Test\\Reports\\20240108_120718\\Create BE Monitoring Data\\Select CCTV Test Suite\\20240108_120724\\1704691091437.png, C:\\Users\\USER\\git\\Kecilin-Automation-Test\\Reports\\20240108_120718\\Create BE Monitoring Data\\Select CCTV Test Suite\\20240108_120724\\1704691161988.png, C:\\Users\\USER\\git\\Kecilin-Automation-Test\\Reports\\20240108_120718\\Create BE Monitoring Data\\Select CCTV Test Suite\\20240108_120724\\1704691167848.png, C:\\Users\\USER\\git\\Kecilin-Automation-Test\\Reports\\20240108_120718\\Create BE Monitoring Data\\Select CCTV Test Suite\\20240108_120724\\1704691172810.png, C:\\Users\\USER\\git\\Kecilin-Automation-Test\\Reports\\20240108_120718\\Create BE Monitoring Data\\Select CCTV Test Suite\\20240108_120724\\1704691185354.png, C:\\Users\\USER\\git\\Kecilin-Automation-Test\\Reports\\20240108_120718\\Create BE Monitoring Data\\Select CCTV Test Suite\\20240108_120724\\1704691191293.png, C:\\Users\\USER\\git\\Kecilin-Automation-Test\\Reports\\20240108_120718\\Create BE Monitoring Data\\Select CCTV Test Suite\\20240108_120724\\1704691196607.png, C:\\Users\\USER\\git\\Kecilin-Automation-Test\\Reports\\20240108_120718\\Create BE Monitoring Data\\Select CCTV Test Suite\\20240108_120724\\1704691208421.png, C:\\Users\\USER\\git\\Kecilin-Automation-Test\\Reports\\20240108_120718\\Create BE Monitoring Data\\Select CCTV Test Suite\\20240108_120724\\1704691215918.png, C:\\Users\\USER\\git\\Kecilin-Automation-Test\\Reports\\20240108_120718\\Create BE Monitoring Data\\Select CCTV Test Suite\\20240108_120724\\1704691223043.png, C:\\Users\\USER\\git\\Kecilin-Automation-Test\\Reports\\20240108_120718\\Create BE Monitoring Data\\Select CCTV Test Suite\\20240108_120724\\1704691236575.png, C:\\Users\\USER\\git\\Kecilin-Automation-Test\\Reports\\20240108_120718\\Create BE Monitoring Data\\Select CCTV Test Suite\\20240108_120724\\1704691246204.png, C:\\Users\\USER\\git\\Kecilin-Automation-Test\\Reports\\20240108_120718\\Create BE Monitoring Data\\Select CCTV Test Suite\\20240108_120724\\1704691265562.png, C:\\Users\\USER\\git\\Kecilin-Automation-Test\\Reports\\20240108_120718\\Create BE Monitoring Data\\Select CCTV Test Suite\\20240108_120724\\1704691280556.png, C:\\Users\\USER\\git\\Kecilin-Automation-Test\\Reports\\20240108_120718\\Create BE Monitoring Data\\Select CCTV Test Suite\\20240108_120724\\1704691286414.png, C:\\Users\\USER\\git\\Kecilin-Automation-Test\\Reports\\20240108_120718\\Create BE Monitoring Data\\Select CCTV Test Suite\\20240108_120724\\1704691304834.png, C:\\Users\\USER\\git\\Kecilin-Automation-Test\\Reports\\20240108_120718\\Create BE Monitoring Data\\Select CCTV Test Suite\\20240108_120724\\1704691311050.png, C:\\Users\\USER\\git\\Kecilin-Automation-Test\\Reports\\20240108_120718\\Create BE Monitoring Data\\Select CCTV Test Suite\\20240108_120724\\1704691327479.png, C:\\Users\\USER\\git\\Kecilin-Automation-Test\\Reports\\20240108_120718\\Create BE Monitoring Data\\Select CCTV Test Suite\\20240108_120724\\1704691333345.png"/>
         <property name="hostName" value="USER - DESKTOP-HLRVE9S"/>
         <property name="os" value="Windows 10 64bit"/>
         <property name="katalonVersion" value="9.2.0.212"/>
         <property name="browser" value="Chrome 120.0.0.0"/>
         <property name="hostAddress" value="192.168.100.183"/>
         <property name="sessionId" value="4f252651bbc71422f850f71a977ab191"/>
         <property name="seleniumVersion" value="3.141.59"/>
         <property name="proxyInformation" value="ProxyInformation { proxyOption=NO_PROXY, proxyServerType=HTTP, username=, password=********, proxyServerAddress=, proxyServerPort=0, executionList=&quot;&quot;, isApplyToDesiredCapabilities=true }"/>
         <property name="platform" value="Windows 10"/>
      </properties>
      <testcase name="Test Cases/Offline PSSI Dashboard Function/Create BE Monitoring Data/Select CCTV/Negative Test Case/PSSIMonitoringClearCCTVSelection" time="24.415" classname="Test Cases/Offline PSSI Dashboard Function/Create BE Monitoring Data/Select CCTV/Negative Test Case/PSSIMonitoringClearCCTVSelection" status="FAILED">
         <failure type="FAILED" message="Test Cases/Offline PSSI Dashboard Function/Create BE Monitoring Data/Select CCTV/Negative Test Case/PSSIMonitoringClearCCTVSelection FAILED.&#xa;Reason:&#xa;com.kms.katalon.core.exception.StepFailedException: Unable to verify object 'Object Repository/Page_Monitoring/Left Loading CCTV stream' is not present&#xa;	at com.kms.katalon.core.webui.keyword.internal.WebUIKeywordMain.stepFailed(WebUIKeywordMain.groovy:64)&#xa;	at com.kms.katalon.core.webui.keyword.internal.WebUIKeywordMain.runKeyword(WebUIKeywordMain.groovy:26)&#xa;	at com.kms.katalon.core.webui.keyword.internal.WebUIKeywordMain$runKeyword.call(Unknown Source)&#xa;	at com.kms.katalon.core.webui.keyword.builtin.VerifyElementNotPresentKeyword.verifyElementNotPresent(VerifyElementNotPresentKeyword.groovy:122)&#xa;	at com.kms.katalon.core.webui.keyword.builtin.VerifyElementNotPresentKeyword.execute(VerifyElementNotPresentKeyword.groovy:68)&#xa;	at com.kms.katalon.core.keyword.internal.KeywordExecutor.executeKeywordForPlatform(KeywordExecutor.groovy:74)&#xa;	at com.kms.katalon.core.webui.keyword.WebUiBuiltInKeywords.verifyElementNotPresent(WebUiBuiltInKeywords.groovy:1536)&#xa;	at PSSIMonitoringClearCCTVSelection.run(PSSIMonitoringClearCCTVSelection:70)&#xa;	at com.kms.katalon.core.main.ScriptEngine.run(ScriptEngine.java:194)&#xa;	at com.kms.katalon.core.main.ScriptEngine.runScriptAsRawText(ScriptEngine.java:119)&#xa;	at com.kms.katalon.core.main.TestCaseExecutor.runScript(TestCaseExecutor.java:448)&#xa;	at com.kms.katalon.core.main.TestCaseExecutor.doExecute(TestCaseExecutor.java:439)&#xa;	at com.kms.katalon.core.main.TestCaseExecutor.processExecutionPhase(TestCaseExecutor.java:418)&#xa;	at com.kms.katalon.core.main.TestCaseExecutor.accessMainPhase(TestCaseExecutor.java:410)&#xa;	at com.kms.katalon.core.main.TestCaseExecutor.execute(TestCaseExecutor.java:285)&#xa;	at com.kms.katalon.core.main.TestCaseExecutor.execute(TestCaseExecutor.java:369)&#xa;	at com.kms.katalon.core.main.TestCaseExecutor.execute(TestCaseExecutor.java:369)&#xa;	at com.kms.katalon.core.main.TestCaseExecutor.execute(TestCaseExecutor.java:369)&#xa;	at com.kms.katalon.core.common.CommonExecutor.accessTestCaseMainPhase(CommonExecutor.java:65)&#xa;	at com.kms.katalon.core.main.TestSuiteExecutor.accessTestSuiteMainPhase(TestSuiteExecutor.java:148)&#xa;	at com.kms.katalon.core.main.TestSuiteExecutor.execute(TestSuiteExecutor.java:106)&#xa;	at com.kms.katalon.core.main.TestCaseMain.startTestSuite(TestCaseMain.java:180)&#xa;	at TempTestSuite1704690444534.run(TempTestSuite1704690444534.groovy:36)&#xa;	at java.base/jdk.internal.reflect.NativeMethodAccessorImpl.invoke0(Native Method)&#xa;	at java.base/jdk.internal.reflect.NativeMethodAccessorImpl.invoke(NativeMethodAccessorImpl.java:77)&#xa;	at java.base/jdk.internal.reflect.DelegatingMethodAccessorImpl.invoke(DelegatingMethodAccessorImpl.java:43)&#xa;Caused by: com.kms.katalon.core.exception.StepFailedException: Web element with id: 'Object Repository/Page_Monitoring/Left Loading CCTV stream' located by 'By.xpath: id(&quot;stream_first&quot;)[count(. | //canvas[@id = 'stream_first' and @width = '100%']) = count(//canvas[@id = 'stream_first' and @width = '100%'])]' is present after '1' second(s)&#xa;	at com.kms.katalon.core.webui.keyword.internal.WebUIKeywordMain.stepFailed(WebUIKeywordMain.groovy:64)&#xa;	at com.kms.katalon.core.webui.keyword.internal.WebUIKeywordMain$stepFailed$0.call(Unknown Source)&#xa;	at com.kms.katalon.core.webui.keyword.builtin.VerifyElementNotPresentKeyword$_verifyElementNotPresent_closure1.doCall(VerifyElementNotPresentKeyword.groovy:113)&#xa;	at com.kms.katalon.core.webui.keyword.builtin.VerifyElementNotPresentKeyword$_verifyElementNotPresent_closure1.doCall(VerifyElementNotPresentKeyword.groovy)&#xa;	at java.base/jdk.internal.reflect.NativeMethodAccessorImpl.invoke0(Native Method)&#xa;	at java.base/jdk.internal.reflect.NativeMethodAccessorImpl.invoke(NativeMethodAccessorImpl.java:77)&#xa;	at java.base/jdk.internal.reflect.DelegatingMethodAccessorImpl.invoke(DelegatingMethodAccessorImpl.java:43)&#xa;	at com.kms.katalon.core.webui.keyword.internal.WebUIKeywordMain.runKeyword(WebUIKeywordMain.groovy:20)&#xa;	... 24 more&#xa;"/>
         <system-out><![CDATA[08-01-2024T12:17:47 - [TEST_CASE][FAILED] - Test Cases/Offline PSSI Dashboard Function/Create BE Monitoring Data/Select CCTV/Negative Test Case/PSSIMonitoringClearCCTVSelection: Test Cases/Offline PSSI Dashboard Function/Create BE Monitoring Data/Select CCTV/Negative Test Case/PSSIMonitoringClearCCTVSelection FAILED.
Reason:
com.kms.katalon.core.exception.StepFailedException: Unable to verify object 'Object Repository/Page_Monitoring/Left Loading CCTV stream' is not present
	at com.kms.katalon.core.webui.keyword.internal.WebUIKeywordMain.stepFailed(WebUIKeywordMain.groovy:64)
	at com.kms.katalon.core.webui.keyword.internal.WebUIKeywordMain.runKeyword(WebUIKeywordMain.groovy:26)
	at com.kms.katalon.core.webui.keyword.internal.WebUIKeywordMain$runKeyword.call(Unknown Source)
	at com.kms.katalon.core.webui.keyword.builtin.VerifyElementNotPresentKeyword.verifyElementNotPresent(VerifyElementNotPresentKeyword.groovy:122)
	at com.kms.katalon.core.webui.keyword.builtin.VerifyElementNotPresentKeyword.execute(VerifyElementNotPresentKeyword.groovy:68)
	at com.kms.katalon.core.keyword.internal.KeywordExecutor.executeKeywordForPlatform(KeywordExecutor.groovy:74)
	at com.kms.katalon.core.webui.keyword.WebUiBuiltInKeywords.verifyElementNotPresent(WebUiBuiltInKeywords.groovy:1536)
	at PSSIMonitoringClearCCTVSelection.run(PSSIMonitoringClearCCTVSelection:70)
	at com.kms.katalon.core.main.ScriptEngine.run(ScriptEngine.java:194)
	at com.kms.katalon.core.main.ScriptEngine.runScriptAsRawText(ScriptEngine.java:119)
	at com.kms.katalon.core.main.TestCaseExecutor.runScript(TestCaseExecutor.java:448)
	at com.kms.katalon.core.main.TestCaseExecutor.doExecute(TestCaseExecutor.java:439)
	at com.kms.katalon.core.main.TestCaseExecutor.processExecutionPhase(TestCaseExecutor.java:418)
	at com.kms.katalon.core.main.TestCaseExecutor.accessMainPhase(TestCaseExecutor.java:410)
	at com.kms.katalon.core.main.TestCaseExecutor.execute(TestCaseExecutor.java:285)
	at com.kms.katalon.core.main.TestCaseExecutor.execute(TestCaseExecutor.java:369)
	at com.kms.katalon.core.main.TestCaseExecutor.execute(TestCaseExecutor.java:369)
	at com.kms.katalon.core.main.TestCaseExecutor.execute(TestCaseExecutor.java:369)
	at com.kms.katalon.core.common.CommonExecutor.accessTestCaseMainPhase(CommonExecutor.java:65)
	at com.kms.katalon.core.main.TestSuiteExecutor.accessTestSuiteMainPhase(TestSuiteExecutor.java:148)
	at com.kms.katalon.core.main.TestSuiteExecutor.execute(TestSuiteExecutor.java:106)
	at com.kms.katalon.core.main.TestCaseMain.startTestSuite(TestCaseMain.java:180)
	at TempTestSuite1704690444534.run(TempTestSuite1704690444534.groovy:36)
	at java.base/jdk.internal.reflect.NativeMethodAccessorImpl.invoke0(Native Method)
	at java.base/jdk.internal.reflect.NativeMethodAccessorImpl.invoke(NativeMethodAccessorImpl.java:77)
	at java.base/jdk.internal.reflect.DelegatingMethodAccessorImpl.invoke(DelegatingMethodAccessorImpl.java:43)
Caused by: com.kms.katalon.core.exception.StepFailedException: Web element with id: 'Object Repository/Page_Monitoring/Left Loading CCTV stream' located by 'By.xpath: id("stream_first")[count(. | //canvas[@id = 'stream_first' and @width = '100%']) = count(//canvas[@id = 'stream_first' and @width = '100%'])]' is present after '1' second(s)
	at com.kms.katalon.core.webui.keyword.internal.WebUIKeywordMain.stepFailed(WebUIKeywordMain.groovy:64)
	at com.kms.katalon.core.webui.keyword.internal.WebUIKeywordMain$stepFailed$0.call(Unknown Source)
	at com.kms.katalon.core.webui.keyword.builtin.VerifyElementNotPresentKeyword$_verifyElementNotPresent_closure1.doCall(VerifyElementNotPresentKeyword.groovy:113)
	at com.kms.katalon.core.webui.keyword.builtin.VerifyElementNotPresentKeyword$_verifyElementNotPresent_closure1.doCall(VerifyElementNotPresentKeyword.groovy)
	at java.base/jdk.internal.reflect.NativeMethodAccessorImpl.invoke0(Native Method)
	at java.base/jdk.internal.reflect.NativeMethodAccessorImpl.invoke(NativeMethodAccessorImpl.java:77)
	at java.base/jdk.internal.reflect.DelegatingMethodAccessorImpl.invoke(DelegatingMethodAccessorImpl.java:43)
	at com.kms.katalon.core.webui.keyword.internal.WebUIKeywordMain.runKeyword(WebUIKeywordMain.groovy:20)
	... 24 more


08-01-2024T12:17:47 - [TEST_STEP][PASSED] - baseUrl = offline_pssi_dashboard_url: null

08-01-2024T12:17:47 - [TEST_STEP][PASSED] - callTestCase(findTestCase("Offline PSSI Dashboard Function/Create BE Monitoring Data/View Monitoring Data/PSSIViewMonitoringData"), [:]): Call Test Case 'Test Cases/Offline PSSI Dashboard Function/Create BE Monitoring Data/View Monitoring Data/PSSIViewMonitoringData' successfully

08-01-2024T12:17:47 - [TEST_CASE][PASSED] - Test Cases/Offline PSSI Dashboard Function/Create BE Monitoring Data/View Monitoring Data/PSSIViewMonitoringData: Test Cases/Offline PSSI Dashboard Function/Create BE Monitoring Data/View Monitoring Data/PSSIViewMonitoringData

08-01-2024T12:17:47 - [TEST_STEP][PASSED] - baseUrl = offline_pssi_dashboard_url: null

08-01-2024T12:17:47 - [TEST_STEP][PASSED] - callTestCase(findTestCase("Offline PSSI Dashboard Function/Sign In/PSSISignInValidData"), [:]): Call Test Case 'Test Cases/Offline PSSI Dashboard Function/Sign In/PSSISignInValidData' successfully

08-01-2024T12:17:47 - [TEST_CASE][PASSED] - Test Cases/Offline PSSI Dashboard Function/Sign In/PSSISignInValidData: Test Cases/Offline PSSI Dashboard Function/Sign In/PSSISignInValidData

08-01-2024T12:17:47 - [TEST_STEP][PASSED] - failureHandling = STOP_ON_FAILURE: null

08-01-2024T12:17:47 - [TEST_STEP][PASSED] - baseUrl = offline_pssi_dashboard_url: null

08-01-2024T12:17:47 - [TEST_STEP][PASSED] - openBrowser(""): Browser is opened with url: ''

08-01-2024T12:17:47 - [MESSAGE][WARNING] - A browser is already opened. Closing browser and opening a new one

08-01-2024T12:17:48 - [MESSAGE][INFO] - Starting 'Chrome' driver

08-01-2024T12:17:48 - [MESSAGE][INFO] - Action delay is set to 0 milliseconds

08-01-2024T12:17:49 - [MESSAGE][PASSED] - Browser is opened with url: ''

08-01-2024T12:17:49 - [TEST_STEP][PASSED] - navigateToUrl(baseUrl): Navigate to 'https://monitoring.pssi-dev.kecilin.id' successfully

08-01-2024T12:17:50 - [MESSAGE][PASSED] - Navigate to 'https://monitoring.pssi-dev.kecilin.id' successfully

08-01-2024T12:17:50 - [TEST_STEP][PASSED] - maximizeWindow(): Current window maximized

08-01-2024T12:17:50 - [MESSAGE][PASSED] - Current window maximized

08-01-2024T12:17:50 - [TEST_STEP][PASSED] - setText(findTestObject("Object Repository/Page_Login/input_email"), "superadmin@app.com"): Text 'superadmin@app.com' is set on object 'Object Repository/Page_Login/input_email'

08-01-2024T12:17:51 - [MESSAGE][PASSED] - Text 'superadmin@app.com' is set on object 'Object Repository/Page_Login/input_email'

08-01-2024T12:17:51 - [TEST_STEP][PASSED] - setEncryptedText(findTestObject("Object Repository/Page_Login/input_password"), "8SQVv/p9jVScEs4/2CZsLw=="): Text ****** has been set on object 'Object Repository/Page_Login/input_password'

08-01-2024T12:17:52 - [MESSAGE][PASSED] - Text ****** has been set on object 'Object Repository/Page_Login/input_password'

08-01-2024T12:17:52 - [TEST_STEP][PASSED] - click(findTestObject("Object Repository/Page_Login/button_Sign In")): Object: 'Object Repository/Page_Login/button_Sign In' is clicked on

08-01-2024T12:17:54 - [MESSAGE][PASSED] - Object: 'Object Repository/Page_Login/button_Sign In' is clicked on

08-01-2024T12:17:54 - [MESSAGE][PASSED] - Call Test Case 'Test Cases/Offline PSSI Dashboard Function/Sign In/PSSISignInValidData' successfully

08-01-2024T12:17:54 - [TEST_STEP][PASSED] - navigateToUrl(baseUrl + "/monitoring"): Navigate to 'https://monitoring.pssi-dev.kecilin.id/monitoring' successfully

08-01-2024T12:17:54 - [MESSAGE][PASSED] - Navigate to 'https://monitoring.pssi-dev.kecilin.id/monitoring' successfully

08-01-2024T12:17:54 - [MESSAGE][PASSED] - Call Test Case 'Test Cases/Offline PSSI Dashboard Function/Create BE Monitoring Data/View Monitoring Data/PSSIViewMonitoringData' successfully

08-01-2024T12:17:54 - [TEST_STEP][PASSED] - verifyElementClickable(findTestObject("Page_Monitoring/Left Camera Selection")): Object 'Object Repository/Page_Monitoring/Left Camera Selection' is clickable

08-01-2024T12:17:55 - [MESSAGE][PASSED] - Object 'Object Repository/Page_Monitoring/Left Camera Selection' is clickable

08-01-2024T12:17:55 - [TEST_STEP][PASSED] - click(findTestObject("Page_Monitoring/Left Camera Selection")): Object: 'Object Repository/Page_Monitoring/Left Camera Selection' is clicked on

08-01-2024T12:17:55 - [MESSAGE][PASSED] - Object: 'Object Repository/Page_Monitoring/Left Camera Selection' is clicked on

08-01-2024T12:17:55 - [TEST_STEP][PASSED] - verifyElementClickable(findTestObject("Page_Monitoring/Left search field")): Object 'Object Repository/Page_Monitoring/Left search field' is clickable

08-01-2024T12:17:56 - [MESSAGE][PASSED] - Object 'Object Repository/Page_Monitoring/Left search field' is clickable

08-01-2024T12:17:56 - [TEST_STEP][PASSED] - setText(findTestObject("Page_Monitoring/Left search field"), "CCTV"): Text 'CCTV' is set on object 'Object Repository/Page_Monitoring/Left search field'

08-01-2024T12:17:57 - [MESSAGE][PASSED] - Text 'CCTV' is set on object 'Object Repository/Page_Monitoring/Left search field'

08-01-2024T12:17:57 - [TEST_STEP][PASSED] - expectedPattern = ".*CCTV.*": null

08-01-2024T12:17:57 - [TEST_STEP][PASSED] - elementText = getText(findTestObject("Page_Monitoring/Left Search Box")): Text of object 'Object Repository/Page_Monitoring/Left Search Box' is: 'Stadion Utama Gelora Bung Karno - CCTV 1'

08-01-2024T12:17:59 - [MESSAGE][INFO] - Unable to find the element located by 'By.xpath: id("select2-select_camera_first-results")[count(. | //ul[@class = 'select2-results__options' and @role = 'listbox' and @id = 'select2-select_camera_first-results' and @aria-expanded = 'true' and @aria-hidden = 'false' and (text() = 'Searching…Stadion Utama Gelora Bung Karno - Testing 1Stadion Utama Gelora Bung Karno - CCTV 1Stadion Gelora Bandung Lautan Api - Stadion GBLAStadion Gelora Bandung Lautan Api - Stadion GBLA - KompresiStadion Gelora Bangkalan - aStadion Gelora Bangkalan - aStadion Gelora Bangkalan - aStadion Gelora Bangkalan - aStadion Gelora Bangkalan - aStadion Gelora Bangkalan - aStadion Gelora Bangkalan - aStadion Gelora Bangkalan - aStadion Gelora Bangkalan - aStadion Gelora Bangkalan - aStadion Gelora Bangkalan - a' or . = 'Searching…Stadion Utama Gelora Bung Karno - Testing 1Stadion Utama Gelora Bung Karno - CCTV 1Stadion Gelora Bandung Lautan Api - Stadion GBLAStadion Gelora Bandung Lautan Api - Stadion GBLA - KompresiStadion Gelora Bangkalan - aStadion Gelora Bangkalan - aStadion Gelora Bangkalan - aStadion Gelora Bangkalan - aStadion Gelora Bangkalan - aStadion Gelora Bangkalan - aStadion Gelora Bangkalan - aStadion Gelora Bangkalan - aStadion Gelora Bangkalan - aStadion Gelora Bangkalan - aStadion Gelora Bangkalan - a')]) = count(//ul[@class = 'select2-results__options' and @role = 'listbox' and @id = 'select2-select_camera_first-results' and @aria-expanded = 'true' and @aria-hidden = 'false' and (text() = 'Searching…Stadion Utama Gelora Bung Karno - Testing 1Stadion Utama Gelora Bung Karno - CCTV 1Stadion Gelora Bandung Lautan Api - Stadion GBLAStadion Gelora Bandung Lautan Api - Stadion GBLA - KompresiStadion Gelora Bangkalan - aStadion Gelora Bangkalan - aStadion Gelora Bangkalan - aStadion Gelora Bangkalan - aStadion Gelora Bangkalan - aStadion Gelora Bangkalan - aStadion Gelora Bangkalan - aStadion Gelora Bangkalan - aStadion Gelora Bangkalan - aStadion Gelora Bangkalan - aStadion Gelora Bangkalan - a' or . = 'Searching…Stadion Utama Gelora Bung Karno - Testing 1Stadion Utama Gelora Bung Karno - CCTV 1Stadion Gelora Bandung Lautan Api - Stadion GBLAStadion Gelora Bandung Lautan Api - Stadion GBLA - KompresiStadion Gelora Bangkalan - aStadion Gelora Bangkalan - aStadion Gelora Bangkalan - aStadion Gelora Bangkalan - aStadion Gelora Bangkalan - aStadion Gelora Bangkalan - aStadion Gelora Bangkalan - aStadion Gelora Bangkalan - aStadion Gelora Bangkalan - aStadion Gelora Bangkalan - aStadion Gelora Bangkalan - a')])]'. Please recheck the objects properties to make sure the desired element is located. 

08-01-2024T12:17:59 - [MESSAGE][WARNING] - [SELF-HEALING] Failed to find element with id 'Object Repository/Page_Monitoring/Left Search Box'. Try using Self-healing.

08-01-2024T12:17:59 - [MESSAGE][WARNING] - [SELF-HEALING] The current locator of test object 'Object Repository/Page_Monitoring/Left Search Box' was broken. Propose an alternative one: '//ul[@id='select2-select_camera_first-results']'.

08-01-2024T12:17:59 - [MESSAGE][PASSED] - Text of object 'Object Repository/Page_Monitoring/Left Search Box' is: 'Stadion Utama Gelora Bung Karno - CCTV 1'

08-01-2024T12:17:59 - [TEST_STEP][PASSED] - isTextMatched = Pattern.matches(expectedPattern, elementText): null

08-01-2024T12:17:59 - [TEST_STEP][PASSED] - sendKeys(findTestObject("Page_Monitoring/Left search field"), Keys.chord(ENTER)): Keys 'ENTER + ' sent to object: 'Object Repository/Page_Monitoring/Left search field'

08-01-2024T12:18:00 - [MESSAGE][PASSED] - Keys 'ENTER + ' sent to object: 'Object Repository/Page_Monitoring/Left search field'

08-01-2024T12:18:00 - [TEST_STEP][PASSED] - waitForElementVisible(findTestObject("Page_Monitoring/Left Loading CCTV stream"), 5): Object 'Object Repository/Page_Monitoring/Left Loading CCTV stream' is visible

08-01-2024T12:18:00 - [MESSAGE][PASSED] - Object 'Object Repository/Page_Monitoring/Left Loading CCTV stream' is visible

08-01-2024T12:18:00 - [TEST_STEP][PASSED] - verifyElementVisible(findTestObject("Page_Monitoring/Left Loading CCTV stream")): Object 'Object Repository/Page_Monitoring/Left Loading CCTV stream' is visible

08-01-2024T12:18:00 - [MESSAGE][PASSED] - Object 'Object Repository/Page_Monitoring/Left Loading CCTV stream' is visible

08-01-2024T12:18:00 - [TEST_STEP][PASSED] - waitForElementVisible(findTestObject("Page_Monitoring/Left Camera Playing"), 5): Object 'Object Repository/Page_Monitoring/Left Camera Playing' is visible

08-01-2024T12:18:01 - [MESSAGE][WARNING] - [SELF-HEALING] Failed to find element with id 'Object Repository/Page_Monitoring/Left Camera Playing'. Try using Self-healing.

08-01-2024T12:18:01 - [MESSAGE][WARNING] - [SELF-HEALING] The current locator of test object 'Object Repository/Page_Monitoring/Left Camera Playing' was broken. Propose an alternative one: '//canvas[@id='stream_first']'.

08-01-2024T12:18:01 - [MESSAGE][PASSED] - Object 'Object Repository/Page_Monitoring/Left Camera Playing' is visible

08-01-2024T12:18:01 - [TEST_STEP][PASSED] - verifyElementVisible(findTestObject("Page_Monitoring/Left Camera Playing")): Object 'Object Repository/Page_Monitoring/Left Camera Playing' is visible

08-01-2024T12:18:01 - [MESSAGE][WARNING] - [SELF-HEALING] Failed to find element with id 'Object Repository/Page_Monitoring/Left Camera Playing'. Try using Self-healing.

08-01-2024T12:18:01 - [MESSAGE][WARNING] - [SELF-HEALING] The current locator of test object 'Object Repository/Page_Monitoring/Left Camera Playing' was broken. Propose an alternative one: '//canvas[@id='stream_first']'.

08-01-2024T12:18:01 - [MESSAGE][PASSED] - Object 'Object Repository/Page_Monitoring/Left Camera Playing' is visible

08-01-2024T12:18:01 - [TEST_STEP][PASSED] - screenshot1 = takeFullPageScreenshot(): Taking screenshot successfully

08-01-2024T12:18:02 - [MESSAGE][INFO] - 0 hidden object(s)

08-01-2024T12:18:02 - [MESSAGE][PASSED] - Taking screenshot successfully
[[ATTACHMENT|C:\\Users\\USER\\git\\Kecilin-Automation-Test\\Reports\\20240108_120718\\Create BE Monitoring Data\\Select CCTV Test Suite\\20240108_120724\\1704691081696.png]]

08-01-2024T12:18:02 - [TEST_STEP][PASSED] - Thread.sleep(5000): null

08-01-2024T12:18:07 - [TEST_STEP][PASSED] - screenshot2 = takeFullPageScreenshot(): Taking screenshot successfully

08-01-2024T12:18:08 - [MESSAGE][INFO] - 0 hidden object(s)

08-01-2024T12:18:08 - [MESSAGE][PASSED] - Taking screenshot successfully
[[ATTACHMENT|C:\\Users\\USER\\git\\Kecilin-Automation-Test\\Reports\\20240108_120718\\Create BE Monitoring Data\\Select CCTV Test Suite\\20240108_120724\\1704691087533.png]]

08-01-2024T12:18:08 - [TEST_STEP][PASSED] - verifyNotEqual(screenshot1, screenshot2): Actual object '[B@460a4935' and expected object '[B@28c38eeb' are not equal

08-01-2024T12:18:08 - [MESSAGE][PASSED] - Actual object '[B@460a4935' and expected object '[B@28c38eeb' are not equal

08-01-2024T12:18:08 - [TEST_STEP][PASSED] - verifyElementClickable(findTestObject("Page_Monitoring/Left remove selection bar")): Object 'Object Repository/Page_Monitoring/Left remove selection bar' is clickable

08-01-2024T12:18:08 - [MESSAGE][PASSED] - Object 'Object Repository/Page_Monitoring/Left remove selection bar' is clickable

08-01-2024T12:18:08 - [TEST_STEP][PASSED] - click(findTestObject("Page_Monitoring/Left remove selection bar")): Object: 'Object Repository/Page_Monitoring/Left remove selection bar' is clicked on

08-01-2024T12:18:09 - [MESSAGE][PASSED] - Object: 'Object Repository/Page_Monitoring/Left remove selection bar' is clicked on

08-01-2024T12:18:09 - [TEST_STEP][PASSED] - verifyElementText(findTestObject("Page_Monitoring/Left Camera Selection"), "-- Search --"): Actual text and expected text of test object 'Object Repository/Page_Monitoring/Left Camera Selection' are matched.

08-01-2024T12:18:09 - [MESSAGE][PASSED] - Actual text and expected text of test object 'Object Repository/Page_Monitoring/Left Camera Selection' are matched.

08-01-2024T12:18:09 - [TEST_STEP][FAILED] - verifyElementNotPresent(findTestObject("Page_Monitoring/Left Loading CCTV stream"), 0): Unable to verify object 'Object Repository/Page_Monitoring/Left Loading CCTV stream' is not present (Root cause: com.kms.katalon.core.exception.StepFailedException: Unable to verify object 'Object Repository/Page_Monitoring/Left Loading CCTV stream' is not present
	at com.kms.katalon.core.webui.keyword.internal.WebUIKeywordMain.stepFailed(WebUIKeywordMain.groovy:64)
	at com.kms.katalon.core.webui.keyword.internal.WebUIKeywordMain.runKeyword(WebUIKeywordMain.groovy:26)
	at com.kms.katalon.core.webui.keyword.internal.WebUIKeywordMain$runKeyword.call(Unknown Source)
	at com.kms.katalon.core.webui.keyword.builtin.VerifyElementNotPresentKeyword.verifyElementNotPresent(VerifyElementNotPresentKeyword.groovy:122)
	at com.kms.katalon.core.webui.keyword.builtin.VerifyElementNotPresentKeyword.execute(VerifyElementNotPresentKeyword.groovy:68)
	at com.kms.katalon.core.keyword.internal.KeywordExecutor.executeKeywordForPlatform(KeywordExecutor.groovy:74)
	at com.kms.katalon.core.webui.keyword.WebUiBuiltInKeywords.verifyElementNotPresent(WebUiBuiltInKeywords.groovy:1536)
	at PSSIMonitoringClearCCTVSelection.run(PSSIMonitoringClearCCTVSelection:70)
	at com.kms.katalon.core.main.ScriptEngine.run(ScriptEngine.java:194)
	at com.kms.katalon.core.main.ScriptEngine.runScriptAsRawText(ScriptEngine.java:119)
	at com.kms.katalon.core.main.TestCaseExecutor.runScript(TestCaseExecutor.java:448)
	at com.kms.katalon.core.main.TestCaseExecutor.doExecute(TestCaseExecutor.java:439)
	at com.kms.katalon.core.main.TestCaseExecutor.processExecutionPhase(TestCaseExecutor.java:418)
	at com.kms.katalon.core.main.TestCaseExecutor.accessMainPhase(TestCaseExecutor.java:410)
	at com.kms.katalon.core.main.TestCaseExecutor.execute(TestCaseExecutor.java:285)
	at com.kms.katalon.core.main.TestCaseExecutor.execute(TestCaseExecutor.java:369)
	at com.kms.katalon.core.main.TestCaseExecutor.execute(TestCaseExecutor.java:369)
	at com.kms.katalon.core.main.TestCaseExecutor.execute(TestCaseExecutor.java:369)
	at com.kms.katalon.core.common.CommonExecutor.accessTestCaseMainPhase(CommonExecutor.java:65)
	at com.kms.katalon.core.main.TestSuiteExecutor.accessTestSuiteMainPhase(TestSuiteExecutor.java:148)
	at com.kms.katalon.core.main.TestSuiteExecutor.execute(TestSuiteExecutor.java:106)
	at com.kms.katalon.core.main.TestCaseMain.startTestSuite(TestCaseMain.java:180)
	at TempTestSuite1704690444534.run(TempTestSuite1704690444534.groovy:36)
	at java.base/jdk.internal.reflect.NativeMethodAccessorImpl.invoke0(Native Method)
	at java.base/jdk.internal.reflect.NativeMethodAccessorImpl.invoke(NativeMethodAccessorImpl.java:77)
	at java.base/jdk.internal.reflect.DelegatingMethodAccessorImpl.invoke(DelegatingMethodAccessorImpl.java:43)
Caused by: com.kms.katalon.core.exception.StepFailedException: Web element with id: 'Object Repository/Page_Monitoring/Left Loading CCTV stream' located by 'By.xpath: id("stream_first")[count(. | //canvas[@id = 'stream_first' and @width = '100%']) = count(//canvas[@id = 'stream_first' and @width = '100%'])]' is present after '1' second(s)
	at com.kms.katalon.core.webui.keyword.internal.WebUIKeywordMain.stepFailed(WebUIKeywordMain.groovy:64)
	at com.kms.katalon.core.webui.keyword.internal.WebUIKeywordMain$stepFailed$0.call(Unknown Source)
	at com.kms.katalon.core.webui.keyword.builtin.VerifyElementNotPresentKeyword$_verifyElementNotPresent_closure1.doCall(VerifyElementNotPresentKeyword.groovy:113)
	at com.kms.katalon.core.webui.keyword.builtin.VerifyElementNotPresentKeyword$_verifyElementNotPresent_closure1.doCall(VerifyElementNotPresentKeyword.groovy)
	at java.base/jdk.internal.reflect.NativeMethodAccessorImpl.invoke0(Native Method)
	at java.base/jdk.internal.reflect.NativeMethodAccessorImpl.invoke(NativeMethodAccessorImpl.java:77)
	at java.base/jdk.internal.reflect.DelegatingMethodAccessorImpl.invoke(DelegatingMethodAccessorImpl.java:43)
	at com.kms.katalon.core.webui.keyword.internal.WebUIKeywordMain.runKeyword(WebUIKeywordMain.groovy:20)
	... 24 more
)

08-01-2024T12:18:10 - [MESSAGE][WARNING] - Timeout '0' is invalid. Using default page load timeout: '1'

08-01-2024T12:18:11 - [MESSAGE][FAILED] - Web element with id: 'Object Repository/Page_Monitoring/Left Loading CCTV stream' located by 'By.xpath: id("stream_first")[count(. | //canvas[@id = 'stream_first' and @width = '100%']) = count(//canvas[@id = 'stream_first' and @width = '100%'])]' is present after '1' second(s) (Root cause: com.kms.katalon.core.exception.StepFailedException: Web element with id: 'Object Repository/Page_Monitoring/Left Loading CCTV stream' located by 'By.xpath: id("stream_first")[count(. | //canvas[@id = 'stream_first' and @width = '100%']) = count(//canvas[@id = 'stream_first' and @width = '100%'])]' is present after '1' second(s)
	at com.kms.katalon.core.webui.keyword.internal.WebUIKeywordMain.stepFailed(WebUIKeywordMain.groovy:64)
	at com.kms.katalon.core.webui.keyword.internal.WebUIKeywordMain$stepFailed$0.call(Unknown Source)
	at com.kms.katalon.core.webui.keyword.builtin.VerifyElementNotPresentKeyword$_verifyElementNotPresent_closure1.doCall(VerifyElementNotPresentKeyword.groovy:113)
	at com.kms.katalon.core.webui.keyword.builtin.VerifyElementNotPresentKeyword$_verifyElementNotPresent_closure1.doCall(VerifyElementNotPresentKeyword.groovy)
	at java.base/jdk.internal.reflect.NativeMethodAccessorImpl.invoke0(Native Method)
	at java.base/jdk.internal.reflect.NativeMethodAccessorImpl.invoke(NativeMethodAccessorImpl.java:77)
	at java.base/jdk.internal.reflect.DelegatingMethodAccessorImpl.invoke(DelegatingMethodAccessorImpl.java:43)
	at com.kms.katalon.core.webui.keyword.internal.WebUIKeywordMain.runKeyword(WebUIKeywordMain.groovy:20)
	at com.kms.katalon.core.webui.keyword.internal.WebUIKeywordMain$runKeyword.call(Unknown Source)
	at com.kms.katalon.core.webui.keyword.builtin.VerifyElementNotPresentKeyword.verifyElementNotPresent(VerifyElementNotPresentKeyword.groovy:122)
	at com.kms.katalon.core.webui.keyword.builtin.VerifyElementNotPresentKeyword.execute(VerifyElementNotPresentKeyword.groovy:68)
	at com.kms.katalon.core.keyword.internal.KeywordExecutor.executeKeywordForPlatform(KeywordExecutor.groovy:74)
	at com.kms.katalon.core.webui.keyword.WebUiBuiltInKeywords.verifyElementNotPresent(WebUiBuiltInKeywords.groovy:1536)
	at PSSIMonitoringClearCCTVSelection.run(PSSIMonitoringClearCCTVSelection:70)
	at com.kms.katalon.core.main.ScriptEngine.run(ScriptEngine.java:194)
	at com.kms.katalon.core.main.ScriptEngine.runScriptAsRawText(ScriptEngine.java:119)
	at com.kms.katalon.core.main.TestCaseExecutor.runScript(TestCaseExecutor.java:448)
	at com.kms.katalon.core.main.TestCaseExecutor.doExecute(TestCaseExecutor.java:439)
	at com.kms.katalon.core.main.TestCaseExecutor.processExecutionPhase(TestCaseExecutor.java:418)
	at com.kms.katalon.core.main.TestCaseExecutor.accessMainPhase(TestCaseExecutor.java:410)
	at com.kms.katalon.core.main.TestCaseExecutor.execute(TestCaseExecutor.java:285)
	at com.kms.katalon.core.main.TestCaseExecutor.execute(TestCaseExecutor.java:369)
	at com.kms.katalon.core.main.TestCaseExecutor.execute(TestCaseExecutor.java:369)
	at com.kms.katalon.core.main.TestCaseExecutor.execute(TestCaseExecutor.java:369)
	at com.kms.katalon.core.common.CommonExecutor.accessTestCaseMainPhase(CommonExecutor.java:65)
	at com.kms.katalon.core.main.TestSuiteExecutor.accessTestSuiteMainPhase(TestSuiteExecutor.java:148)
	at com.kms.katalon.core.main.TestSuiteExecutor.execute(TestSuiteExecutor.java:106)
	at com.kms.katalon.core.main.TestCaseMain.startTestSuite(TestCaseMain.java:180)
	at TempTestSuite1704690444534.run(TempTestSuite1704690444534.groovy:36)
	at java.base/jdk.internal.reflect.NativeMethodAccessorImpl.invoke0(Native Method)
	at java.base/jdk.internal.reflect.NativeMethodAccessorImpl.invoke(NativeMethodAccessorImpl.java:77)
	at java.base/jdk.internal.reflect.DelegatingMethodAccessorImpl.invoke(DelegatingMethodAccessorImpl.java:43)
)
[[ATTACHMENT|C:\\Users\\USER\\git\\Kecilin-Automation-Test\\Reports\\20240108_120718\\Create BE Monitoring Data\\Select CCTV Test Suite\\20240108_120724\\1704691091143.png]]

08-01-2024T12:18:11 - [MESSAGE][FAILED] - Unable to verify object 'Object Repository/Page_Monitoring/Left Loading CCTV stream' is not present (Root cause: com.kms.katalon.core.exception.StepFailedException: Unable to verify object 'Object Repository/Page_Monitoring/Left Loading CCTV stream' is not present
	at com.kms.katalon.core.webui.keyword.internal.WebUIKeywordMain.stepFailed(WebUIKeywordMain.groovy:64)
	at com.kms.katalon.core.webui.keyword.internal.WebUIKeywordMain.runKeyword(WebUIKeywordMain.groovy:26)
	at com.kms.katalon.core.webui.keyword.internal.WebUIKeywordMain$runKeyword.call(Unknown Source)
	at com.kms.katalon.core.webui.keyword.builtin.VerifyElementNotPresentKeyword.verifyElementNotPresent(VerifyElementNotPresentKeyword.groovy:122)
	at com.kms.katalon.core.webui.keyword.builtin.VerifyElementNotPresentKeyword.execute(VerifyElementNotPresentKeyword.groovy:68)
	at com.kms.katalon.core.keyword.internal.KeywordExecutor.executeKeywordForPlatform(KeywordExecutor.groovy:74)
	at com.kms.katalon.core.webui.keyword.WebUiBuiltInKeywords.verifyElementNotPresent(WebUiBuiltInKeywords.groovy:1536)
	at PSSIMonitoringClearCCTVSelection.run(PSSIMonitoringClearCCTVSelection:70)
	at com.kms.katalon.core.main.ScriptEngine.run(ScriptEngine.java:194)
	at com.kms.katalon.core.main.ScriptEngine.runScriptAsRawText(ScriptEngine.java:119)
	at com.kms.katalon.core.main.TestCaseExecutor.runScript(TestCaseExecutor.java:448)
	at com.kms.katalon.core.main.TestCaseExecutor.doExecute(TestCaseExecutor.java:439)
	at com.kms.katalon.core.main.TestCaseExecutor.processExecutionPhase(TestCaseExecutor.java:418)
	at com.kms.katalon.core.main.TestCaseExecutor.accessMainPhase(TestCaseExecutor.java:410)
	at com.kms.katalon.core.main.TestCaseExecutor.execute(TestCaseExecutor.java:285)
	at com.kms.katalon.core.main.TestCaseExecutor.execute(TestCaseExecutor.java:369)
	at com.kms.katalon.core.main.TestCaseExecutor.execute(TestCaseExecutor.java:369)
	at com.kms.katalon.core.main.TestCaseExecutor.execute(TestCaseExecutor.java:369)
	at com.kms.katalon.core.common.CommonExecutor.accessTestCaseMainPhase(CommonExecutor.java:65)
	at com.kms.katalon.core.main.TestSuiteExecutor.accessTestSuiteMainPhase(TestSuiteExecutor.java:148)
	at com.kms.katalon.core.main.TestSuiteExecutor.execute(TestSuiteExecutor.java:106)
	at com.kms.katalon.core.main.TestCaseMain.startTestSuite(TestCaseMain.java:180)
	at TempTestSuite1704690444534.run(TempTestSuite1704690444534.groovy:36)
	at java.base/jdk.internal.reflect.NativeMethodAccessorImpl.invoke0(Native Method)
	at java.base/jdk.internal.reflect.NativeMethodAccessorImpl.invoke(NativeMethodAccessorImpl.java:77)
	at java.base/jdk.internal.reflect.DelegatingMethodAccessorImpl.invoke(DelegatingMethodAccessorImpl.java:43)
Caused by: com.kms.katalon.core.exception.StepFailedException: Web element with id: 'Object Repository/Page_Monitoring/Left Loading CCTV stream' located by 'By.xpath: id("stream_first")[count(. | //canvas[@id = 'stream_first' and @width = '100%']) = count(//canvas[@id = 'stream_first' and @width = '100%'])]' is present after '1' second(s)
	at com.kms.katalon.core.webui.keyword.internal.WebUIKeywordMain.stepFailed(WebUIKeywordMain.groovy:64)
	at com.kms.katalon.core.webui.keyword.internal.WebUIKeywordMain$stepFailed$0.call(Unknown Source)
	at com.kms.katalon.core.webui.keyword.builtin.VerifyElementNotPresentKeyword$_verifyElementNotPresent_closure1.doCall(VerifyElementNotPresentKeyword.groovy:113)
	at com.kms.katalon.core.webui.keyword.builtin.VerifyElementNotPresentKeyword$_verifyElementNotPresent_closure1.doCall(VerifyElementNotPresentKeyword.groovy)
	at java.base/jdk.internal.reflect.NativeMethodAccessorImpl.invoke0(Native Method)
	at java.base/jdk.internal.reflect.NativeMethodAccessorImpl.invoke(NativeMethodAccessorImpl.java:77)
	at java.base/jdk.internal.reflect.DelegatingMethodAccessorImpl.invoke(DelegatingMethodAccessorImpl.java:43)
	at com.kms.katalon.core.webui.keyword.internal.WebUIKeywordMain.runKeyword(WebUIKeywordMain.groovy:20)
	... 24 more
)
[[ATTACHMENT|C:\\Users\\USER\\git\\Kecilin-Automation-Test\\Reports\\20240108_120718\\Create BE Monitoring Data\\Select CCTV Test Suite\\20240108_120724\\1704691091437.png]]]]></system-out>
         <system-err><![CDATA[08-01-2024T12:17:47 - [TEST_CASE][FAILED] - Test Cases/Offline PSSI Dashboard Function/Create BE Monitoring Data/Select CCTV/Negative Test Case/PSSIMonitoringClearCCTVSelection: Test Cases/Offline PSSI Dashboard Function/Create BE Monitoring Data/Select CCTV/Negative Test Case/PSSIMonitoringClearCCTVSelection FAILED.
Reason:
com.kms.katalon.core.exception.StepFailedException: Unable to verify object 'Object Repository/Page_Monitoring/Left Loading CCTV stream' is not present
	at com.kms.katalon.core.webui.keyword.internal.WebUIKeywordMain.stepFailed(WebUIKeywordMain.groovy:64)
	at com.kms.katalon.core.webui.keyword.internal.WebUIKeywordMain.runKeyword(WebUIKeywordMain.groovy:26)
	at com.kms.katalon.core.webui.keyword.internal.WebUIKeywordMain$runKeyword.call(Unknown Source)
	at com.kms.katalon.core.webui.keyword.builtin.VerifyElementNotPresentKeyword.verifyElementNotPresent(VerifyElementNotPresentKeyword.groovy:122)
	at com.kms.katalon.core.webui.keyword.builtin.VerifyElementNotPresentKeyword.execute(VerifyElementNotPresentKeyword.groovy:68)
	at com.kms.katalon.core.keyword.internal.KeywordExecutor.executeKeywordForPlatform(KeywordExecutor.groovy:74)
	at com.kms.katalon.core.webui.keyword.WebUiBuiltInKeywords.verifyElementNotPresent(WebUiBuiltInKeywords.groovy:1536)
	at PSSIMonitoringClearCCTVSelection.run(PSSIMonitoringClearCCTVSelection:70)
	at com.kms.katalon.core.main.ScriptEngine.run(ScriptEngine.java:194)
	at com.kms.katalon.core.main.ScriptEngine.runScriptAsRawText(ScriptEngine.java:119)
	at com.kms.katalon.core.main.TestCaseExecutor.runScript(TestCaseExecutor.java:448)
	at com.kms.katalon.core.main.TestCaseExecutor.doExecute(TestCaseExecutor.java:439)
	at com.kms.katalon.core.main.TestCaseExecutor.processExecutionPhase(TestCaseExecutor.java:418)
	at com.kms.katalon.core.main.TestCaseExecutor.accessMainPhase(TestCaseExecutor.java:410)
	at com.kms.katalon.core.main.TestCaseExecutor.execute(TestCaseExecutor.java:285)
	at com.kms.katalon.core.main.TestCaseExecutor.execute(TestCaseExecutor.java:369)
	at com.kms.katalon.core.main.TestCaseExecutor.execute(TestCaseExecutor.java:369)
	at com.kms.katalon.core.main.TestCaseExecutor.execute(TestCaseExecutor.java:369)
	at com.kms.katalon.core.common.CommonExecutor.accessTestCaseMainPhase(CommonExecutor.java:65)
	at com.kms.katalon.core.main.TestSuiteExecutor.accessTestSuiteMainPhase(TestSuiteExecutor.java:148)
	at com.kms.katalon.core.main.TestSuiteExecutor.execute(TestSuiteExecutor.java:106)
	at com.kms.katalon.core.main.TestCaseMain.startTestSuite(TestCaseMain.java:180)
	at TempTestSuite1704690444534.run(TempTestSuite1704690444534.groovy:36)
	at java.base/jdk.internal.reflect.NativeMethodAccessorImpl.invoke0(Native Method)
	at java.base/jdk.internal.reflect.NativeMethodAccessorImpl.invoke(NativeMethodAccessorImpl.java:77)
	at java.base/jdk.internal.reflect.DelegatingMethodAccessorImpl.invoke(DelegatingMethodAccessorImpl.java:43)
Caused by: com.kms.katalon.core.exception.StepFailedException: Web element with id: 'Object Repository/Page_Monitoring/Left Loading CCTV stream' located by 'By.xpath: id("stream_first")[count(. | //canvas[@id = 'stream_first' and @width = '100%']) = count(//canvas[@id = 'stream_first' and @width = '100%'])]' is present after '1' second(s)
	at com.kms.katalon.core.webui.keyword.internal.WebUIKeywordMain.stepFailed(WebUIKeywordMain.groovy:64)
	at com.kms.katalon.core.webui.keyword.internal.WebUIKeywordMain$stepFailed$0.call(Unknown Source)
	at com.kms.katalon.core.webui.keyword.builtin.VerifyElementNotPresentKeyword$_verifyElementNotPresent_closure1.doCall(VerifyElementNotPresentKeyword.groovy:113)
	at com.kms.katalon.core.webui.keyword.builtin.VerifyElementNotPresentKeyword$_verifyElementNotPresent_closure1.doCall(VerifyElementNotPresentKeyword.groovy)
	at java.base/jdk.internal.reflect.NativeMethodAccessorImpl.invoke0(Native Method)
	at java.base/jdk.internal.reflect.NativeMethodAccessorImpl.invoke(NativeMethodAccessorImpl.java:77)
	at java.base/jdk.internal.reflect.DelegatingMethodAccessorImpl.invoke(DelegatingMethodAccessorImpl.java:43)
	at com.kms.katalon.core.webui.keyword.internal.WebUIKeywordMain.runKeyword(WebUIKeywordMain.groovy:20)
	... 24 more]]></system-err>
      </testcase>
      <testcase name="Test Cases/Offline PSSI Dashboard Function/Create BE Monitoring Data/Select CCTV/Negative Test Case/PSSIMonitoringCloseCCTVSelection" time="42.016" classname="Test Cases/Offline PSSI Dashboard Function/Create BE Monitoring Data/Select CCTV/Negative Test Case/PSSIMonitoringCloseCCTVSelection" status="PASSED">
         <system-out><![CDATA[08-01-2024T12:18:11 - [TEST_CASE][PASSED] - Test Cases/Offline PSSI Dashboard Function/Create BE Monitoring Data/Select CCTV/Negative Test Case/PSSIMonitoringCloseCCTVSelection: Test Cases/Offline PSSI Dashboard Function/Create BE Monitoring Data/Select CCTV/Negative Test Case/PSSIMonitoringCloseCCTVSelection

08-01-2024T12:18:11 - [TEST_STEP][PASSED] - baseUrl = offline_pssi_dashboard_url: null

08-01-2024T12:18:11 - [TEST_STEP][PASSED] - callTestCase(findTestCase("Offline PSSI Dashboard Function/Create BE Monitoring Data/View Monitoring Data/PSSIViewMonitoringData"), [:]): Call Test Case 'Test Cases/Offline PSSI Dashboard Function/Create BE Monitoring Data/View Monitoring Data/PSSIViewMonitoringData' successfully

08-01-2024T12:18:12 - [TEST_CASE][PASSED] - Test Cases/Offline PSSI Dashboard Function/Create BE Monitoring Data/View Monitoring Data/PSSIViewMonitoringData: Test Cases/Offline PSSI Dashboard Function/Create BE Monitoring Data/View Monitoring Data/PSSIViewMonitoringData

08-01-2024T12:18:12 - [TEST_STEP][PASSED] - baseUrl = offline_pssi_dashboard_url: null

08-01-2024T12:18:12 - [TEST_STEP][PASSED] - callTestCase(findTestCase("Offline PSSI Dashboard Function/Sign In/PSSISignInValidData"), [:]): Call Test Case 'Test Cases/Offline PSSI Dashboard Function/Sign In/PSSISignInValidData' successfully

08-01-2024T12:18:12 - [TEST_CASE][PASSED] - Test Cases/Offline PSSI Dashboard Function/Sign In/PSSISignInValidData: Test Cases/Offline PSSI Dashboard Function/Sign In/PSSISignInValidData

08-01-2024T12:18:12 - [TEST_STEP][PASSED] - failureHandling = STOP_ON_FAILURE: null

08-01-2024T12:18:12 - [TEST_STEP][PASSED] - baseUrl = offline_pssi_dashboard_url: null

08-01-2024T12:18:12 - [TEST_STEP][PASSED] - openBrowser(""): Browser is opened with url: ''

08-01-2024T12:18:12 - [MESSAGE][WARNING] - A browser is already opened. Closing browser and opening a new one

08-01-2024T12:18:12 - [MESSAGE][INFO] - Starting 'Chrome' driver

08-01-2024T12:18:12 - [MESSAGE][INFO] - Action delay is set to 0 milliseconds

08-01-2024T12:18:14 - [MESSAGE][PASSED] - Browser is opened with url: ''

08-01-2024T12:18:14 - [TEST_STEP][PASSED] - navigateToUrl(baseUrl): Navigate to 'https://monitoring.pssi-dev.kecilin.id' successfully

08-01-2024T12:18:15 - [MESSAGE][PASSED] - Navigate to 'https://monitoring.pssi-dev.kecilin.id' successfully

08-01-2024T12:18:15 - [TEST_STEP][PASSED] - maximizeWindow(): Current window maximized

08-01-2024T12:18:15 - [MESSAGE][PASSED] - Current window maximized

08-01-2024T12:18:15 - [TEST_STEP][PASSED] - setText(findTestObject("Object Repository/Page_Login/input_email"), "superadmin@app.com"): Text 'superadmin@app.com' is set on object 'Object Repository/Page_Login/input_email'

08-01-2024T12:18:16 - [MESSAGE][PASSED] - Text 'superadmin@app.com' is set on object 'Object Repository/Page_Login/input_email'

08-01-2024T12:18:16 - [TEST_STEP][PASSED] - setEncryptedText(findTestObject("Object Repository/Page_Login/input_password"), "8SQVv/p9jVScEs4/2CZsLw=="): Text ****** has been set on object 'Object Repository/Page_Login/input_password'

08-01-2024T12:18:16 - [MESSAGE][PASSED] - Text ****** has been set on object 'Object Repository/Page_Login/input_password'

08-01-2024T12:18:16 - [TEST_STEP][PASSED] - click(findTestObject("Object Repository/Page_Login/button_Sign In")): Object: 'Object Repository/Page_Login/button_Sign In' is clicked on

08-01-2024T12:18:18 - [MESSAGE][PASSED] - Object: 'Object Repository/Page_Login/button_Sign In' is clicked on

08-01-2024T12:18:18 - [MESSAGE][PASSED] - Call Test Case 'Test Cases/Offline PSSI Dashboard Function/Sign In/PSSISignInValidData' successfully

08-01-2024T12:18:18 - [TEST_STEP][PASSED] - navigateToUrl(baseUrl + "/monitoring"): Navigate to 'https://monitoring.pssi-dev.kecilin.id/monitoring' successfully

08-01-2024T12:18:19 - [MESSAGE][PASSED] - Navigate to 'https://monitoring.pssi-dev.kecilin.id/monitoring' successfully

08-01-2024T12:18:19 - [MESSAGE][PASSED] - Call Test Case 'Test Cases/Offline PSSI Dashboard Function/Create BE Monitoring Data/View Monitoring Data/PSSIViewMonitoringData' successfully

08-01-2024T12:18:19 - [TEST_STEP][PASSED] - verifyElementClickable(findTestObject("Page_Monitoring/Left Camera Selection")): Object 'Object Repository/Page_Monitoring/Left Camera Selection' is clickable

08-01-2024T12:18:19 - [MESSAGE][PASSED] - Object 'Object Repository/Page_Monitoring/Left Camera Selection' is clickable

08-01-2024T12:18:19 - [TEST_STEP][PASSED] - click(findTestObject("Page_Monitoring/Left Camera Selection")): Object: 'Object Repository/Page_Monitoring/Left Camera Selection' is clicked on

08-01-2024T12:18:20 - [MESSAGE][PASSED] - Object: 'Object Repository/Page_Monitoring/Left Camera Selection' is clicked on

08-01-2024T12:18:20 - [TEST_STEP][PASSED] - verifyElementClickable(findTestObject("Page_Monitoring/Left Camera Selection")): Object 'Object Repository/Page_Monitoring/Left Camera Selection' is clickable

08-01-2024T12:18:20 - [MESSAGE][PASSED] - Object 'Object Repository/Page_Monitoring/Left Camera Selection' is clickable

08-01-2024T12:18:20 - [TEST_STEP][PASSED] - click(findTestObject("Page_Monitoring/Left Camera Selection")): Object: 'Object Repository/Page_Monitoring/Left Camera Selection' is clicked on

08-01-2024T12:18:21 - [MESSAGE][PASSED] - Object: 'Object Repository/Page_Monitoring/Left Camera Selection' is clicked on

08-01-2024T12:18:21 - [TEST_STEP][PASSED] - verifyElementNotPresent(findTestObject("Page_Monitoring/Left search field"), 0): Web element with id: 'Object Repository/Page_Monitoring/Left search field' located by 'By.xpath: //*[@type = 'search']' is not present after '1' second(s)

08-01-2024T12:18:21 - [MESSAGE][WARNING] - Timeout '0' is invalid. Using default page load timeout: '1'

08-01-2024T12:18:21 - [MESSAGE][PASSED] - Web element with id: 'Object Repository/Page_Monitoring/Left search field' located by 'By.xpath: //*[@type = 'search']' is not present after '1' second(s)

08-01-2024T12:18:21 - [TEST_STEP][PASSED] - verifyElementClickable(findTestObject("Page_Monitoring/Left Camera Selection")): Object 'Object Repository/Page_Monitoring/Left Camera Selection' is clickable

08-01-2024T12:18:23 - [MESSAGE][INFO] - Unable to find the element located by 'By.xpath: id("select2-select_camera_first-container")[count(. | //span[@class = 'select2-selection__rendered' and @id = 'select2-select_camera_first-container' and @role = 'textbox' and @aria-readonly = 'true' and @title = '-- Search --' and (text() = '-- Search --' or . = '-- Search --')]) = count(//span[@class = 'select2-selection__rendered' and @id = 'select2-select_camera_first-container' and @role = 'textbox' and @aria-readonly = 'true' and @title = '-- Search --' and (text() = '-- Search --' or . = '-- Search --')])]'. Please recheck the objects properties to make sure the desired element is located. 

08-01-2024T12:18:23 - [MESSAGE][WARNING] - [SELF-HEALING] Failed to find element with id 'Object Repository/Page_Monitoring/Left Camera Selection'. Try using Self-healing.

08-01-2024T12:18:24 - [MESSAGE][WARNING] - [SELF-HEALING] The current locator of test object 'Object Repository/Page_Monitoring/Left Camera Selection' was broken. Propose an alternative one: '//span[@id='select2-select_camera_first-container']'.

08-01-2024T12:18:24 - [MESSAGE][PASSED] - Object 'Object Repository/Page_Monitoring/Left Camera Selection' is clickable

08-01-2024T12:18:24 - [TEST_STEP][PASSED] - click(findTestObject("Page_Monitoring/Left Camera Selection")): Object: 'Object Repository/Page_Monitoring/Left Camera Selection' is clicked on

08-01-2024T12:18:26 - [MESSAGE][INFO] - Unable to find the element located by 'By.xpath: id("select2-select_camera_first-container")[count(. | //span[@class = 'select2-selection__rendered' and @id = 'select2-select_camera_first-container' and @role = 'textbox' and @aria-readonly = 'true' and @title = '-- Search --' and (text() = '-- Search --' or . = '-- Search --')]) = count(//span[@class = 'select2-selection__rendered' and @id = 'select2-select_camera_first-container' and @role = 'textbox' and @aria-readonly = 'true' and @title = '-- Search --' and (text() = '-- Search --' or . = '-- Search --')])]'. Please recheck the objects properties to make sure the desired element is located. 

08-01-2024T12:18:26 - [MESSAGE][WARNING] - [SELF-HEALING] Failed to find element with id 'Object Repository/Page_Monitoring/Left Camera Selection'. Try using Self-healing.

08-01-2024T12:18:26 - [MESSAGE][WARNING] - [SELF-HEALING] The current locator of test object 'Object Repository/Page_Monitoring/Left Camera Selection' was broken. Propose an alternative one: '//span[@id='select2-select_camera_first-container']'.

08-01-2024T12:18:26 - [MESSAGE][PASSED] - Object: 'Object Repository/Page_Monitoring/Left Camera Selection' is clicked on

08-01-2024T12:18:26 - [TEST_STEP][PASSED] - clickOffset(findTestObject("Page_Monitoring/Left Camera Selection"), 50, 100): Object: 'Object Repository/Page_Monitoring/Left Camera Selection' is clicked on using offset x=50 and y=100

08-01-2024T12:18:29 - [MESSAGE][INFO] - Unable to find the element located by 'By.xpath: id("select2-select_camera_first-container")[count(. | //span[@class = 'select2-selection__rendered' and @id = 'select2-select_camera_first-container' and @role = 'textbox' and @aria-readonly = 'true' and @title = '-- Search --' and (text() = '-- Search --' or . = '-- Search --')]) = count(//span[@class = 'select2-selection__rendered' and @id = 'select2-select_camera_first-container' and @role = 'textbox' and @aria-readonly = 'true' and @title = '-- Search --' and (text() = '-- Search --' or . = '-- Search --')])]'. Please recheck the objects properties to make sure the desired element is located. 

08-01-2024T12:18:29 - [MESSAGE][WARNING] - [SELF-HEALING] Failed to find element with id 'Object Repository/Page_Monitoring/Left Camera Selection'. Try using Self-healing.

08-01-2024T12:18:29 - [MESSAGE][WARNING] - [SELF-HEALING] The current locator of test object 'Object Repository/Page_Monitoring/Left Camera Selection' was broken. Propose an alternative one: '//span[@id='select2-select_camera_first-container']'.

08-01-2024T12:18:30 - [MESSAGE][PASSED] - Object: 'Object Repository/Page_Monitoring/Left Camera Selection' is clicked on using offset x=50 and y=100

08-01-2024T12:18:30 - [TEST_STEP][PASSED] - verifyElementNotPresent(findTestObject("Page_Monitoring/Left search field"), 0): Web element with id: 'Object Repository/Page_Monitoring/Left search field' located by 'By.xpath: //*[@type = 'search']' is not present after '1' second(s)

08-01-2024T12:18:30 - [MESSAGE][WARNING] - Timeout '0' is invalid. Using default page load timeout: '1'

08-01-2024T12:18:31 - [MESSAGE][PASSED] - Web element with id: 'Object Repository/Page_Monitoring/Left search field' located by 'By.xpath: //*[@type = 'search']' is not present after '1' second(s)

08-01-2024T12:18:31 - [TEST_STEP][PASSED] - scrollToElement(findTestObject("Page_Monitoring/Right Camera Selection"), 1): Scroll to object 'Object Repository/Page_Monitoring/Right Camera Selection' successfully

08-01-2024T12:18:31 - [MESSAGE][PASSED] - Scroll to object 'Object Repository/Page_Monitoring/Right Camera Selection' successfully

08-01-2024T12:18:31 - [TEST_STEP][PASSED] - verifyElementClickable(findTestObject("Page_Monitoring/Right Camera Selection")): Object 'Object Repository/Page_Monitoring/Right Camera Selection' is clickable

08-01-2024T12:18:32 - [MESSAGE][PASSED] - Object 'Object Repository/Page_Monitoring/Right Camera Selection' is clickable

08-01-2024T12:18:32 - [TEST_STEP][PASSED] - click(findTestObject("Page_Monitoring/Right Camera Selection")): Object: 'Object Repository/Page_Monitoring/Right Camera Selection' is clicked on

08-01-2024T12:18:32 - [MESSAGE][PASSED] - Object: 'Object Repository/Page_Monitoring/Right Camera Selection' is clicked on

08-01-2024T12:18:32 - [TEST_STEP][PASSED] - verifyElementClickable(findTestObject("Page_Monitoring/Right Camera Selection")): Object 'Object Repository/Page_Monitoring/Right Camera Selection' is clickable

08-01-2024T12:18:33 - [MESSAGE][PASSED] - Object 'Object Repository/Page_Monitoring/Right Camera Selection' is clickable

08-01-2024T12:18:33 - [TEST_STEP][PASSED] - click(findTestObject("Page_Monitoring/Right Camera Selection")): Object: 'Object Repository/Page_Monitoring/Right Camera Selection' is clicked on

08-01-2024T12:18:33 - [MESSAGE][PASSED] - Object: 'Object Repository/Page_Monitoring/Right Camera Selection' is clicked on

08-01-2024T12:18:33 - [TEST_STEP][PASSED] - verifyElementNotPresent(findTestObject("Page_Monitoring/Right search field"), 0): Web element with id: 'Object Repository/Page_Monitoring/Right search field' located by 'By.xpath: id("select2-select_camera_secondary-results")[count(. | //ul[@class = 'select2-results__options' and @role = 'listbox' and @id = 'select2-select_camera_secondary-results' and @aria-expanded = 'true' and @aria-hidden = 'false' and (text() = 'Stadion Utama Gelora Bung Karno - Testing 1Stadion Utama Gelora Bung Karno - CCTV 1Stadion Gelora Bandung Lautan Api - Stadion GBLAStadion Gelora Bandung Lautan Api - Stadion GBLA - KompresiStadion Gelora Bangkalan - aStadion Gelora Bangkalan - aStadion Gelora Bangkalan - aStadion Gelora Bangkalan - aStadion Gelora Bangkalan - aStadion Gelora Bangkalan - aStadion Gelora Bangkalan - aStadion Gelora Bangkalan - aStadion Gelora Bangkalan - aStadion Gelora Bangkalan - aStadion Gelora Bangkalan - a' or . = 'Stadion Utama Gelora Bung Karno - Testing 1Stadion Utama Gelora Bung Karno - CCTV 1Stadion Gelora Bandung Lautan Api - Stadion GBLAStadion Gelora Bandung Lautan Api - Stadion GBLA - KompresiStadion Gelora Bangkalan - aStadion Gelora Bangkalan - aStadion Gelora Bangkalan - aStadion Gelora Bangkalan - aStadion Gelora Bangkalan - aStadion Gelora Bangkalan - aStadion Gelora Bangkalan - aStadion Gelora Bangkalan - aStadion Gelora Bangkalan - aStadion Gelora Bangkalan - aStadion Gelora Bangkalan - a')]) = count(//ul[@class = 'select2-results__options' and @role = 'listbox' and @id = 'select2-select_camera_secondary-results' and @aria-expanded = 'true' and @aria-hidden = 'false' and (text() = 'Stadion Utama Gelora Bung Karno - Testing 1Stadion Utama Gelora Bung Karno - CCTV 1Stadion Gelora Bandung Lautan Api - Stadion GBLAStadion Gelora Bandung Lautan Api - Stadion GBLA - KompresiStadion Gelora Bangkalan - aStadion Gelora Bangkalan - aStadion Gelora Bangkalan - aStadion Gelora Bangkalan - aStadion Gelora Bangkalan - aStadion Gelora Bangkalan - aStadion Gelora Bangkalan - aStadion Gelora Bangkalan - aStadion Gelora Bangkalan - aStadion Gelora Bangkalan - aStadion Gelora Bangkalan - a' or . = 'Stadion Utama Gelora Bung Karno - Testing 1Stadion Utama Gelora Bung Karno - CCTV 1Stadion Gelora Bandung Lautan Api - Stadion GBLAStadion Gelora Bandung Lautan Api - Stadion GBLA - KompresiStadion Gelora Bangkalan - aStadion Gelora Bangkalan - aStadion Gelora Bangkalan - aStadion Gelora Bangkalan - aStadion Gelora Bangkalan - aStadion Gelora Bangkalan - aStadion Gelora Bangkalan - aStadion Gelora Bangkalan - aStadion Gelora Bangkalan - aStadion Gelora Bangkalan - aStadion Gelora Bangkalan - a')])]' is not present after '1' second(s)

08-01-2024T12:18:33 - [MESSAGE][WARNING] - Timeout '0' is invalid. Using default page load timeout: '1'

08-01-2024T12:18:34 - [MESSAGE][PASSED] - Web element with id: 'Object Repository/Page_Monitoring/Right search field' located by 'By.xpath: id("select2-select_camera_secondary-results")[count(. | //ul[@class = 'select2-results__options' and @role = 'listbox' and @id = 'select2-select_camera_secondary-results' and @aria-expanded = 'true' and @aria-hidden = 'false' and (text() = 'Stadion Utama Gelora Bung Karno - Testing 1Stadion Utama Gelora Bung Karno - CCTV 1Stadion Gelora Bandung Lautan Api - Stadion GBLAStadion Gelora Bandung Lautan Api - Stadion GBLA - KompresiStadion Gelora Bangkalan - aStadion Gelora Bangkalan - aStadion Gelora Bangkalan - aStadion Gelora Bangkalan - aStadion Gelora Bangkalan - aStadion Gelora Bangkalan - aStadion Gelora Bangkalan - aStadion Gelora Bangkalan - aStadion Gelora Bangkalan - aStadion Gelora Bangkalan - aStadion Gelora Bangkalan - a' or . = 'Stadion Utama Gelora Bung Karno - Testing 1Stadion Utama Gelora Bung Karno - CCTV 1Stadion Gelora Bandung Lautan Api - Stadion GBLAStadion Gelora Bandung Lautan Api - Stadion GBLA - KompresiStadion Gelora Bangkalan - aStadion Gelora Bangkalan - aStadion Gelora Bangkalan - aStadion Gelora Bangkalan - aStadion Gelora Bangkalan - aStadion Gelora Bangkalan - aStadion Gelora Bangkalan - aStadion Gelora Bangkalan - aStadion Gelora Bangkalan - aStadion Gelora Bangkalan - aStadion Gelora Bangkalan - a')]) = count(//ul[@class = 'select2-results__options' and @role = 'listbox' and @id = 'select2-select_camera_secondary-results' and @aria-expanded = 'true' and @aria-hidden = 'false' and (text() = 'Stadion Utama Gelora Bung Karno - Testing 1Stadion Utama Gelora Bung Karno - CCTV 1Stadion Gelora Bandung Lautan Api - Stadion GBLAStadion Gelora Bandung Lautan Api - Stadion GBLA - KompresiStadion Gelora Bangkalan - aStadion Gelora Bangkalan - aStadion Gelora Bangkalan - aStadion Gelora Bangkalan - aStadion Gelora Bangkalan - aStadion Gelora Bangkalan - aStadion Gelora Bangkalan - aStadion Gelora Bangkalan - aStadion Gelora Bangkalan - aStadion Gelora Bangkalan - aStadion Gelora Bangkalan - a' or . = 'Stadion Utama Gelora Bung Karno - Testing 1Stadion Utama Gelora Bung Karno - CCTV 1Stadion Gelora Bandung Lautan Api - Stadion GBLAStadion Gelora Bandung Lautan Api - Stadion GBLA - KompresiStadion Gelora Bangkalan - aStadion Gelora Bangkalan - aStadion Gelora Bangkalan - aStadion Gelora Bangkalan - aStadion Gelora Bangkalan - aStadion Gelora Bangkalan - aStadion Gelora Bangkalan - aStadion Gelora Bangkalan - aStadion Gelora Bangkalan - aStadion Gelora Bangkalan - aStadion Gelora Bangkalan - a')])]' is not present after '1' second(s)

08-01-2024T12:18:34 - [TEST_STEP][PASSED] - verifyElementClickable(findTestObject("Page_Monitoring/Right Camera Selection")): Object 'Object Repository/Page_Monitoring/Right Camera Selection' is clickable

08-01-2024T12:18:36 - [MESSAGE][INFO] - Unable to find the element located by 'By.xpath: id("select2-select_camera_secondary-container")[count(. | //span[@class = 'select2-selection__rendered' and @id = 'select2-select_camera_secondary-container' and @role = 'textbox' and @aria-readonly = 'true' and @title = '-- Search --' and (text() = '-- Search --' or . = '-- Search --')]) = count(//span[@class = 'select2-selection__rendered' and @id = 'select2-select_camera_secondary-container' and @role = 'textbox' and @aria-readonly = 'true' and @title = '-- Search --' and (text() = '-- Search --' or . = '-- Search --')])]'. Please recheck the objects properties to make sure the desired element is located. 

08-01-2024T12:18:36 - [MESSAGE][WARNING] - [SELF-HEALING] Failed to find element with id 'Object Repository/Page_Monitoring/Right Camera Selection'. Try using Self-healing.

08-01-2024T12:18:36 - [MESSAGE][WARNING] - [SELF-HEALING] The current locator of test object 'Object Repository/Page_Monitoring/Right Camera Selection' was broken. Propose an alternative one: '//span[@id='select2-select_camera_secondary-container']'.

08-01-2024T12:18:36 - [MESSAGE][PASSED] - Object 'Object Repository/Page_Monitoring/Right Camera Selection' is clickable

08-01-2024T12:18:36 - [TEST_STEP][PASSED] - click(findTestObject("Page_Monitoring/Right Camera Selection")): Object: 'Object Repository/Page_Monitoring/Right Camera Selection' is clicked on

08-01-2024T12:18:38 - [MESSAGE][INFO] - Unable to find the element located by 'By.xpath: id("select2-select_camera_secondary-container")[count(. | //span[@class = 'select2-selection__rendered' and @id = 'select2-select_camera_secondary-container' and @role = 'textbox' and @aria-readonly = 'true' and @title = '-- Search --' and (text() = '-- Search --' or . = '-- Search --')]) = count(//span[@class = 'select2-selection__rendered' and @id = 'select2-select_camera_secondary-container' and @role = 'textbox' and @aria-readonly = 'true' and @title = '-- Search --' and (text() = '-- Search --' or . = '-- Search --')])]'. Please recheck the objects properties to make sure the desired element is located. 

08-01-2024T12:18:38 - [MESSAGE][WARNING] - [SELF-HEALING] Failed to find element with id 'Object Repository/Page_Monitoring/Right Camera Selection'. Try using Self-healing.

08-01-2024T12:18:39 - [MESSAGE][WARNING] - [SELF-HEALING] The current locator of test object 'Object Repository/Page_Monitoring/Right Camera Selection' was broken. Propose an alternative one: '//span[@id='select2-select_camera_secondary-container']'.

08-01-2024T12:18:39 - [MESSAGE][PASSED] - Object: 'Object Repository/Page_Monitoring/Right Camera Selection' is clicked on

08-01-2024T12:18:39 - [TEST_STEP][PASSED] - clickOffset(findTestObject("Page_Monitoring/Right Camera Selection"), 50, 100): Object: 'Object Repository/Page_Monitoring/Right Camera Selection' is clicked on using offset x=50 and y=100

08-01-2024T12:18:41 - [MESSAGE][INFO] - Unable to find the element located by 'By.xpath: id("select2-select_camera_secondary-container")[count(. | //span[@class = 'select2-selection__rendered' and @id = 'select2-select_camera_secondary-container' and @role = 'textbox' and @aria-readonly = 'true' and @title = '-- Search --' and (text() = '-- Search --' or . = '-- Search --')]) = count(//span[@class = 'select2-selection__rendered' and @id = 'select2-select_camera_secondary-container' and @role = 'textbox' and @aria-readonly = 'true' and @title = '-- Search --' and (text() = '-- Search --' or . = '-- Search --')])]'. Please recheck the objects properties to make sure the desired element is located. 

08-01-2024T12:18:41 - [MESSAGE][WARNING] - [SELF-HEALING] Failed to find element with id 'Object Repository/Page_Monitoring/Right Camera Selection'. Try using Self-healing.

08-01-2024T12:18:41 - [MESSAGE][WARNING] - [SELF-HEALING] The current locator of test object 'Object Repository/Page_Monitoring/Right Camera Selection' was broken. Propose an alternative one: '//span[@id='select2-select_camera_secondary-container']'.

08-01-2024T12:18:41 - [MESSAGE][PASSED] - Object: 'Object Repository/Page_Monitoring/Right Camera Selection' is clicked on using offset x=50 and y=100

08-01-2024T12:18:41 - [TEST_STEP][PASSED] - verifyElementNotPresent(findTestObject("Page_Monitoring/Right search field"), 0): Web element with id: 'Object Repository/Page_Monitoring/Right search field' located by 'By.xpath: id("select2-select_camera_secondary-results")[count(. | //ul[@class = 'select2-results__options' and @role = 'listbox' and @id = 'select2-select_camera_secondary-results' and @aria-expanded = 'true' and @aria-hidden = 'false' and (text() = 'Stadion Utama Gelora Bung Karno - Testing 1Stadion Utama Gelora Bung Karno - CCTV 1Stadion Gelora Bandung Lautan Api - Stadion GBLAStadion Gelora Bandung Lautan Api - Stadion GBLA - KompresiStadion Gelora Bangkalan - aStadion Gelora Bangkalan - aStadion Gelora Bangkalan - aStadion Gelora Bangkalan - aStadion Gelora Bangkalan - aStadion Gelora Bangkalan - aStadion Gelora Bangkalan - aStadion Gelora Bangkalan - aStadion Gelora Bangkalan - aStadion Gelora Bangkalan - aStadion Gelora Bangkalan - a' or . = 'Stadion Utama Gelora Bung Karno - Testing 1Stadion Utama Gelora Bung Karno - CCTV 1Stadion Gelora Bandung Lautan Api - Stadion GBLAStadion Gelora Bandung Lautan Api - Stadion GBLA - KompresiStadion Gelora Bangkalan - aStadion Gelora Bangkalan - aStadion Gelora Bangkalan - aStadion Gelora Bangkalan - aStadion Gelora Bangkalan - aStadion Gelora Bangkalan - aStadion Gelora Bangkalan - aStadion Gelora Bangkalan - aStadion Gelora Bangkalan - aStadion Gelora Bangkalan - aStadion Gelora Bangkalan - a')]) = count(//ul[@class = 'select2-results__options' and @role = 'listbox' and @id = 'select2-select_camera_secondary-results' and @aria-expanded = 'true' and @aria-hidden = 'false' and (text() = 'Stadion Utama Gelora Bung Karno - Testing 1Stadion Utama Gelora Bung Karno - CCTV 1Stadion Gelora Bandung Lautan Api - Stadion GBLAStadion Gelora Bandung Lautan Api - Stadion GBLA - KompresiStadion Gelora Bangkalan - aStadion Gelora Bangkalan - aStadion Gelora Bangkalan - aStadion Gelora Bangkalan - aStadion Gelora Bangkalan - aStadion Gelora Bangkalan - aStadion Gelora Bangkalan - aStadion Gelora Bangkalan - aStadion Gelora Bangkalan - aStadion Gelora Bangkalan - aStadion Gelora Bangkalan - a' or . = 'Stadion Utama Gelora Bung Karno - Testing 1Stadion Utama Gelora Bung Karno - CCTV 1Stadion Gelora Bandung Lautan Api - Stadion GBLAStadion Gelora Bandung Lautan Api - Stadion GBLA - KompresiStadion Gelora Bangkalan - aStadion Gelora Bangkalan - aStadion Gelora Bangkalan - aStadion Gelora Bangkalan - aStadion Gelora Bangkalan - aStadion Gelora Bangkalan - aStadion Gelora Bangkalan - aStadion Gelora Bangkalan - aStadion Gelora Bangkalan - aStadion Gelora Bangkalan - aStadion Gelora Bangkalan - a')])]' is not present after '1' second(s)

08-01-2024T12:18:42 - [MESSAGE][WARNING] - Timeout '0' is invalid. Using default page load timeout: '1'

08-01-2024T12:18:42 - [MESSAGE][PASSED] - Web element with id: 'Object Repository/Page_Monitoring/Right search field' located by 'By.xpath: id("select2-select_camera_secondary-results")[count(. | //ul[@class = 'select2-results__options' and @role = 'listbox' and @id = 'select2-select_camera_secondary-results' and @aria-expanded = 'true' and @aria-hidden = 'false' and (text() = 'Stadion Utama Gelora Bung Karno - Testing 1Stadion Utama Gelora Bung Karno - CCTV 1Stadion Gelora Bandung Lautan Api - Stadion GBLAStadion Gelora Bandung Lautan Api - Stadion GBLA - KompresiStadion Gelora Bangkalan - aStadion Gelora Bangkalan - aStadion Gelora Bangkalan - aStadion Gelora Bangkalan - aStadion Gelora Bangkalan - aStadion Gelora Bangkalan - aStadion Gelora Bangkalan - aStadion Gelora Bangkalan - aStadion Gelora Bangkalan - aStadion Gelora Bangkalan - aStadion Gelora Bangkalan - a' or . = 'Stadion Utama Gelora Bung Karno - Testing 1Stadion Utama Gelora Bung Karno - CCTV 1Stadion Gelora Bandung Lautan Api - Stadion GBLAStadion Gelora Bandung Lautan Api - Stadion GBLA - KompresiStadion Gelora Bangkalan - aStadion Gelora Bangkalan - aStadion Gelora Bangkalan - aStadion Gelora Bangkalan - aStadion Gelora Bangkalan - aStadion Gelora Bangkalan - aStadion Gelora Bangkalan - aStadion Gelora Bangkalan - aStadion Gelora Bangkalan - aStadion Gelora Bangkalan - aStadion Gelora Bangkalan - a')]) = count(//ul[@class = 'select2-results__options' and @role = 'listbox' and @id = 'select2-select_camera_secondary-results' and @aria-expanded = 'true' and @aria-hidden = 'false' and (text() = 'Stadion Utama Gelora Bung Karno - Testing 1Stadion Utama Gelora Bung Karno - CCTV 1Stadion Gelora Bandung Lautan Api - Stadion GBLAStadion Gelora Bandung Lautan Api - Stadion GBLA - KompresiStadion Gelora Bangkalan - aStadion Gelora Bangkalan - aStadion Gelora Bangkalan - aStadion Gelora Bangkalan - aStadion Gelora Bangkalan - aStadion Gelora Bangkalan - aStadion Gelora Bangkalan - aStadion Gelora Bangkalan - aStadion Gelora Bangkalan - aStadion Gelora Bangkalan - aStadion Gelora Bangkalan - a' or . = 'Stadion Utama Gelora Bung Karno - Testing 1Stadion Utama Gelora Bung Karno - CCTV 1Stadion Gelora Bandung Lautan Api - Stadion GBLAStadion Gelora Bandung Lautan Api - Stadion GBLA - KompresiStadion Gelora Bangkalan - aStadion Gelora Bangkalan - aStadion Gelora Bangkalan - aStadion Gelora Bangkalan - aStadion Gelora Bangkalan - aStadion Gelora Bangkalan - aStadion Gelora Bangkalan - aStadion Gelora Bangkalan - aStadion Gelora Bangkalan - aStadion Gelora Bangkalan - aStadion Gelora Bangkalan - a')])]' is not present after '1' second(s)

08-01-2024T12:18:42 - [TEST_STEP][PASSED] - scrollToElement(findTestObject("Page_Monitoring/Bottom Camera Selection"), 1): Scroll to object 'Object Repository/Page_Monitoring/Bottom Camera Selection' successfully

08-01-2024T12:18:42 - [MESSAGE][PASSED] - Scroll to object 'Object Repository/Page_Monitoring/Bottom Camera Selection' successfully

08-01-2024T12:18:42 - [TEST_STEP][PASSED] - verifyElementClickable(findTestObject("Page_Monitoring/Bottom Camera Selection")): Object 'Object Repository/Page_Monitoring/Bottom Camera Selection' is clickable

08-01-2024T12:18:43 - [MESSAGE][PASSED] - Object 'Object Repository/Page_Monitoring/Bottom Camera Selection' is clickable

08-01-2024T12:18:43 - [TEST_STEP][PASSED] - click(findTestObject("Page_Monitoring/Bottom Camera Selection")): Object: 'Object Repository/Page_Monitoring/Bottom Camera Selection' is clicked on

08-01-2024T12:18:43 - [MESSAGE][PASSED] - Object: 'Object Repository/Page_Monitoring/Bottom Camera Selection' is clicked on

08-01-2024T12:18:43 - [TEST_STEP][PASSED] - verifyElementClickable(findTestObject("Page_Monitoring/Bottom Camera Selection")): Object 'Object Repository/Page_Monitoring/Bottom Camera Selection' is clickable

08-01-2024T12:18:44 - [MESSAGE][PASSED] - Object 'Object Repository/Page_Monitoring/Bottom Camera Selection' is clickable

08-01-2024T12:18:44 - [TEST_STEP][PASSED] - click(findTestObject("Page_Monitoring/Bottom Camera Selection")): Object: 'Object Repository/Page_Monitoring/Bottom Camera Selection' is clicked on

08-01-2024T12:18:44 - [MESSAGE][PASSED] - Object: 'Object Repository/Page_Monitoring/Bottom Camera Selection' is clicked on

08-01-2024T12:18:44 - [TEST_STEP][PASSED] - verifyElementNotPresent(findTestObject("Page_Monitoring/Bottom search field"), 0): Web element with id: 'Object Repository/Page_Monitoring/Bottom search field' located by 'By.xpath: id("select2-select_camera_primary-results")[count(. | //ul[@class = 'select2-results__options' and @role = 'listbox' and @id = 'select2-select_camera_primary-results' and @aria-expanded = 'true' and @aria-hidden = 'false' and (text() = 'Searching…Stadion Utama Gelora Bung Karno - Testing 1Stadion Utama Gelora Bung Karno - CCTV 1Stadion Gelora Bandung Lautan Api - Stadion GBLAStadion Gelora Bandung Lautan Api - Stadion GBLA - KompresiStadion Gelora Bangkalan - aStadion Gelora Bangkalan - aStadion Gelora Bangkalan - aStadion Gelora Bangkalan - aStadion Gelora Bangkalan - aStadion Gelora Bangkalan - aStadion Gelora Bangkalan - aStadion Gelora Bangkalan - aStadion Gelora Bangkalan - aStadion Gelora Bangkalan - aStadion Gelora Bangkalan - a' or . = 'Searching…Stadion Utama Gelora Bung Karno - Testing 1Stadion Utama Gelora Bung Karno - CCTV 1Stadion Gelora Bandung Lautan Api - Stadion GBLAStadion Gelora Bandung Lautan Api - Stadion GBLA - KompresiStadion Gelora Bangkalan - aStadion Gelora Bangkalan - aStadion Gelora Bangkalan - aStadion Gelora Bangkalan - aStadion Gelora Bangkalan - aStadion Gelora Bangkalan - aStadion Gelora Bangkalan - aStadion Gelora Bangkalan - aStadion Gelora Bangkalan - aStadion Gelora Bangkalan - aStadion Gelora Bangkalan - a')]) = count(//ul[@class = 'select2-results__options' and @role = 'listbox' and @id = 'select2-select_camera_primary-results' and @aria-expanded = 'true' and @aria-hidden = 'false' and (text() = 'Searching…Stadion Utama Gelora Bung Karno - Testing 1Stadion Utama Gelora Bung Karno - CCTV 1Stadion Gelora Bandung Lautan Api - Stadion GBLAStadion Gelora Bandung Lautan Api - Stadion GBLA - KompresiStadion Gelora Bangkalan - aStadion Gelora Bangkalan - aStadion Gelora Bangkalan - aStadion Gelora Bangkalan - aStadion Gelora Bangkalan - aStadion Gelora Bangkalan - aStadion Gelora Bangkalan - aStadion Gelora Bangkalan - aStadion Gelora Bangkalan - aStadion Gelora Bangkalan - aStadion Gelora Bangkalan - a' or . = 'Searching…Stadion Utama Gelora Bung Karno - Testing 1Stadion Utama Gelora Bung Karno - CCTV 1Stadion Gelora Bandung Lautan Api - Stadion GBLAStadion Gelora Bandung Lautan Api - Stadion GBLA - KompresiStadion Gelora Bangkalan - aStadion Gelora Bangkalan - aStadion Gelora Bangkalan - aStadion Gelora Bangkalan - aStadion Gelora Bangkalan - aStadion Gelora Bangkalan - aStadion Gelora Bangkalan - aStadion Gelora Bangkalan - aStadion Gelora Bangkalan - aStadion Gelora Bangkalan - aStadion Gelora Bangkalan - a')])]' is not present after '1' second(s)

08-01-2024T12:18:44 - [MESSAGE][WARNING] - Timeout '0' is invalid. Using default page load timeout: '1'

08-01-2024T12:18:45 - [MESSAGE][PASSED] - Web element with id: 'Object Repository/Page_Monitoring/Bottom search field' located by 'By.xpath: id("select2-select_camera_primary-results")[count(. | //ul[@class = 'select2-results__options' and @role = 'listbox' and @id = 'select2-select_camera_primary-results' and @aria-expanded = 'true' and @aria-hidden = 'false' and (text() = 'Searching…Stadion Utama Gelora Bung Karno - Testing 1Stadion Utama Gelora Bung Karno - CCTV 1Stadion Gelora Bandung Lautan Api - Stadion GBLAStadion Gelora Bandung Lautan Api - Stadion GBLA - KompresiStadion Gelora Bangkalan - aStadion Gelora Bangkalan - aStadion Gelora Bangkalan - aStadion Gelora Bangkalan - aStadion Gelora Bangkalan - aStadion Gelora Bangkalan - aStadion Gelora Bangkalan - aStadion Gelora Bangkalan - aStadion Gelora Bangkalan - aStadion Gelora Bangkalan - aStadion Gelora Bangkalan - a' or . = 'Searching…Stadion Utama Gelora Bung Karno - Testing 1Stadion Utama Gelora Bung Karno - CCTV 1Stadion Gelora Bandung Lautan Api - Stadion GBLAStadion Gelora Bandung Lautan Api - Stadion GBLA - KompresiStadion Gelora Bangkalan - aStadion Gelora Bangkalan - aStadion Gelora Bangkalan - aStadion Gelora Bangkalan - aStadion Gelora Bangkalan - aStadion Gelora Bangkalan - aStadion Gelora Bangkalan - aStadion Gelora Bangkalan - aStadion Gelora Bangkalan - aStadion Gelora Bangkalan - aStadion Gelora Bangkalan - a')]) = count(//ul[@class = 'select2-results__options' and @role = 'listbox' and @id = 'select2-select_camera_primary-results' and @aria-expanded = 'true' and @aria-hidden = 'false' and (text() = 'Searching…Stadion Utama Gelora Bung Karno - Testing 1Stadion Utama Gelora Bung Karno - CCTV 1Stadion Gelora Bandung Lautan Api - Stadion GBLAStadion Gelora Bandung Lautan Api - Stadion GBLA - KompresiStadion Gelora Bangkalan - aStadion Gelora Bangkalan - aStadion Gelora Bangkalan - aStadion Gelora Bangkalan - aStadion Gelora Bangkalan - aStadion Gelora Bangkalan - aStadion Gelora Bangkalan - aStadion Gelora Bangkalan - aStadion Gelora Bangkalan - aStadion Gelora Bangkalan - aStadion Gelora Bangkalan - a' or . = 'Searching…Stadion Utama Gelora Bung Karno - Testing 1Stadion Utama Gelora Bung Karno - CCTV 1Stadion Gelora Bandung Lautan Api - Stadion GBLAStadion Gelora Bandung Lautan Api - Stadion GBLA - KompresiStadion Gelora Bangkalan - aStadion Gelora Bangkalan - aStadion Gelora Bangkalan - aStadion Gelora Bangkalan - aStadion Gelora Bangkalan - aStadion Gelora Bangkalan - aStadion Gelora Bangkalan - aStadion Gelora Bangkalan - aStadion Gelora Bangkalan - aStadion Gelora Bangkalan - aStadion Gelora Bangkalan - a')])]' is not present after '1' second(s)

08-01-2024T12:18:45 - [TEST_STEP][PASSED] - verifyElementClickable(findTestObject("Page_Monitoring/Bottom Camera Selection")): Object 'Object Repository/Page_Monitoring/Bottom Camera Selection' is clickable

08-01-2024T12:18:47 - [MESSAGE][INFO] - Unable to find the element located by 'By.xpath: id("select2-select_camera_primary-container")[count(. | //span[@class = 'select2-selection__rendered' and @id = 'select2-select_camera_primary-container' and @role = 'textbox' and @aria-readonly = 'true' and @title = '-- Search --' and (text() = '-- Search --' or . = '-- Search --')]) = count(//span[@class = 'select2-selection__rendered' and @id = 'select2-select_camera_primary-container' and @role = 'textbox' and @aria-readonly = 'true' and @title = '-- Search --' and (text() = '-- Search --' or . = '-- Search --')])]'. Please recheck the objects properties to make sure the desired element is located. 

08-01-2024T12:18:47 - [MESSAGE][WARNING] - [SELF-HEALING] Failed to find element with id 'Object Repository/Page_Monitoring/Bottom Camera Selection'. Try using Self-healing.

08-01-2024T12:18:47 - [MESSAGE][WARNING] - [SELF-HEALING] The current locator of test object 'Object Repository/Page_Monitoring/Bottom Camera Selection' was broken. Propose an alternative one: '//span[@id='select2-select_camera_primary-container']'.

08-01-2024T12:18:47 - [MESSAGE][PASSED] - Object 'Object Repository/Page_Monitoring/Bottom Camera Selection' is clickable

08-01-2024T12:18:47 - [TEST_STEP][PASSED] - click(findTestObject("Page_Monitoring/Bottom Camera Selection")): Object: 'Object Repository/Page_Monitoring/Bottom Camera Selection' is clicked on

08-01-2024T12:18:49 - [MESSAGE][INFO] - Unable to find the element located by 'By.xpath: id("select2-select_camera_primary-container")[count(. | //span[@class = 'select2-selection__rendered' and @id = 'select2-select_camera_primary-container' and @role = 'textbox' and @aria-readonly = 'true' and @title = '-- Search --' and (text() = '-- Search --' or . = '-- Search --')]) = count(//span[@class = 'select2-selection__rendered' and @id = 'select2-select_camera_primary-container' and @role = 'textbox' and @aria-readonly = 'true' and @title = '-- Search --' and (text() = '-- Search --' or . = '-- Search --')])]'. Please recheck the objects properties to make sure the desired element is located. 

08-01-2024T12:18:49 - [MESSAGE][WARNING] - [SELF-HEALING] Failed to find element with id 'Object Repository/Page_Monitoring/Bottom Camera Selection'. Try using Self-healing.

08-01-2024T12:18:50 - [MESSAGE][WARNING] - [SELF-HEALING] The current locator of test object 'Object Repository/Page_Monitoring/Bottom Camera Selection' was broken. Propose an alternative one: '//span[@id='select2-select_camera_primary-container']'.

08-01-2024T12:18:50 - [MESSAGE][PASSED] - Object: 'Object Repository/Page_Monitoring/Bottom Camera Selection' is clicked on

08-01-2024T12:18:50 - [TEST_STEP][PASSED] - clickOffset(findTestObject("Page_Monitoring/Bottom Camera Selection"), 50, 100): Object: 'Object Repository/Page_Monitoring/Bottom Camera Selection' is clicked on using offset x=50 and y=100

08-01-2024T12:18:52 - [MESSAGE][INFO] - Unable to find the element located by 'By.xpath: id("select2-select_camera_primary-container")[count(. | //span[@class = 'select2-selection__rendered' and @id = 'select2-select_camera_primary-container' and @role = 'textbox' and @aria-readonly = 'true' and @title = '-- Search --' and (text() = '-- Search --' or . = '-- Search --')]) = count(//span[@class = 'select2-selection__rendered' and @id = 'select2-select_camera_primary-container' and @role = 'textbox' and @aria-readonly = 'true' and @title = '-- Search --' and (text() = '-- Search --' or . = '-- Search --')])]'. Please recheck the objects properties to make sure the desired element is located. 

08-01-2024T12:18:52 - [MESSAGE][WARNING] - [SELF-HEALING] Failed to find element with id 'Object Repository/Page_Monitoring/Bottom Camera Selection'. Try using Self-healing.

08-01-2024T12:18:52 - [MESSAGE][WARNING] - [SELF-HEALING] The current locator of test object 'Object Repository/Page_Monitoring/Bottom Camera Selection' was broken. Propose an alternative one: '//span[@id='select2-select_camera_primary-container']'.

08-01-2024T12:18:52 - [MESSAGE][PASSED] - Object: 'Object Repository/Page_Monitoring/Bottom Camera Selection' is clicked on using offset x=50 and y=100

08-01-2024T12:18:52 - [TEST_STEP][PASSED] - verifyElementNotPresent(findTestObject("Page_Monitoring/Bottom search field"), 0): Web element with id: 'Object Repository/Page_Monitoring/Bottom search field' located by 'By.xpath: id("select2-select_camera_primary-results")[count(. | //ul[@class = 'select2-results__options' and @role = 'listbox' and @id = 'select2-select_camera_primary-results' and @aria-expanded = 'true' and @aria-hidden = 'false' and (text() = 'Searching…Stadion Utama Gelora Bung Karno - Testing 1Stadion Utama Gelora Bung Karno - CCTV 1Stadion Gelora Bandung Lautan Api - Stadion GBLAStadion Gelora Bandung Lautan Api - Stadion GBLA - KompresiStadion Gelora Bangkalan - aStadion Gelora Bangkalan - aStadion Gelora Bangkalan - aStadion Gelora Bangkalan - aStadion Gelora Bangkalan - aStadion Gelora Bangkalan - aStadion Gelora Bangkalan - aStadion Gelora Bangkalan - aStadion Gelora Bangkalan - aStadion Gelora Bangkalan - aStadion Gelora Bangkalan - a' or . = 'Searching…Stadion Utama Gelora Bung Karno - Testing 1Stadion Utama Gelora Bung Karno - CCTV 1Stadion Gelora Bandung Lautan Api - Stadion GBLAStadion Gelora Bandung Lautan Api - Stadion GBLA - KompresiStadion Gelora Bangkalan - aStadion Gelora Bangkalan - aStadion Gelora Bangkalan - aStadion Gelora Bangkalan - aStadion Gelora Bangkalan - aStadion Gelora Bangkalan - aStadion Gelora Bangkalan - aStadion Gelora Bangkalan - aStadion Gelora Bangkalan - aStadion Gelora Bangkalan - aStadion Gelora Bangkalan - a')]) = count(//ul[@class = 'select2-results__options' and @role = 'listbox' and @id = 'select2-select_camera_primary-results' and @aria-expanded = 'true' and @aria-hidden = 'false' and (text() = 'Searching…Stadion Utama Gelora Bung Karno - Testing 1Stadion Utama Gelora Bung Karno - CCTV 1Stadion Gelora Bandung Lautan Api - Stadion GBLAStadion Gelora Bandung Lautan Api - Stadion GBLA - KompresiStadion Gelora Bangkalan - aStadion Gelora Bangkalan - aStadion Gelora Bangkalan - aStadion Gelora Bangkalan - aStadion Gelora Bangkalan - aStadion Gelora Bangkalan - aStadion Gelora Bangkalan - aStadion Gelora Bangkalan - aStadion Gelora Bangkalan - aStadion Gelora Bangkalan - aStadion Gelora Bangkalan - a' or . = 'Searching…Stadion Utama Gelora Bung Karno - Testing 1Stadion Utama Gelora Bung Karno - CCTV 1Stadion Gelora Bandung Lautan Api - Stadion GBLAStadion Gelora Bandung Lautan Api - Stadion GBLA - KompresiStadion Gelora Bangkalan - aStadion Gelora Bangkalan - aStadion Gelora Bangkalan - aStadion Gelora Bangkalan - aStadion Gelora Bangkalan - aStadion Gelora Bangkalan - aStadion Gelora Bangkalan - aStadion Gelora Bangkalan - aStadion Gelora Bangkalan - aStadion Gelora Bangkalan - aStadion Gelora Bangkalan - a')])]' is not present after '1' second(s)

08-01-2024T12:18:52 - [MESSAGE][WARNING] - Timeout '0' is invalid. Using default page load timeout: '1'

08-01-2024T12:18:53 - [MESSAGE][PASSED] - Web element with id: 'Object Repository/Page_Monitoring/Bottom search field' located by 'By.xpath: id("select2-select_camera_primary-results")[count(. | //ul[@class = 'select2-results__options' and @role = 'listbox' and @id = 'select2-select_camera_primary-results' and @aria-expanded = 'true' and @aria-hidden = 'false' and (text() = 'Searching…Stadion Utama Gelora Bung Karno - Testing 1Stadion Utama Gelora Bung Karno - CCTV 1Stadion Gelora Bandung Lautan Api - Stadion GBLAStadion Gelora Bandung Lautan Api - Stadion GBLA - KompresiStadion Gelora Bangkalan - aStadion Gelora Bangkalan - aStadion Gelora Bangkalan - aStadion Gelora Bangkalan - aStadion Gelora Bangkalan - aStadion Gelora Bangkalan - aStadion Gelora Bangkalan - aStadion Gelora Bangkalan - aStadion Gelora Bangkalan - aStadion Gelora Bangkalan - aStadion Gelora Bangkalan - a' or . = 'Searching…Stadion Utama Gelora Bung Karno - Testing 1Stadion Utama Gelora Bung Karno - CCTV 1Stadion Gelora Bandung Lautan Api - Stadion GBLAStadion Gelora Bandung Lautan Api - Stadion GBLA - KompresiStadion Gelora Bangkalan - aStadion Gelora Bangkalan - aStadion Gelora Bangkalan - aStadion Gelora Bangkalan - aStadion Gelora Bangkalan - aStadion Gelora Bangkalan - aStadion Gelora Bangkalan - aStadion Gelora Bangkalan - aStadion Gelora Bangkalan - aStadion Gelora Bangkalan - aStadion Gelora Bangkalan - a')]) = count(//ul[@class = 'select2-results__options' and @role = 'listbox' and @id = 'select2-select_camera_primary-results' and @aria-expanded = 'true' and @aria-hidden = 'false' and (text() = 'Searching…Stadion Utama Gelora Bung Karno - Testing 1Stadion Utama Gelora Bung Karno - CCTV 1Stadion Gelora Bandung Lautan Api - Stadion GBLAStadion Gelora Bandung Lautan Api - Stadion GBLA - KompresiStadion Gelora Bangkalan - aStadion Gelora Bangkalan - aStadion Gelora Bangkalan - aStadion Gelora Bangkalan - aStadion Gelora Bangkalan - aStadion Gelora Bangkalan - aStadion Gelora Bangkalan - aStadion Gelora Bangkalan - aStadion Gelora Bangkalan - aStadion Gelora Bangkalan - aStadion Gelora Bangkalan - a' or . = 'Searching…Stadion Utama Gelora Bung Karno - Testing 1Stadion Utama Gelora Bung Karno - CCTV 1Stadion Gelora Bandung Lautan Api - Stadion GBLAStadion Gelora Bandung Lautan Api - Stadion GBLA - KompresiStadion Gelora Bangkalan - aStadion Gelora Bangkalan - aStadion Gelora Bangkalan - aStadion Gelora Bangkalan - aStadion Gelora Bangkalan - aStadion Gelora Bangkalan - aStadion Gelora Bangkalan - aStadion Gelora Bangkalan - aStadion Gelora Bangkalan - aStadion Gelora Bangkalan - aStadion Gelora Bangkalan - a')])]' is not present after '1' second(s)

08-01-2024T12:18:53 - [TEST_STEP][PASSED] - closeBrowser(): Browser is closed

08-01-2024T12:18:53 - [MESSAGE][PASSED] - Browser is closed]]></system-out>
         <system-err><![CDATA[]]></system-err>
      </testcase>
      <testcase name="Test Cases/Offline PSSI Dashboard Function/Create BE Monitoring Data/Select CCTV/Negative Test Case/PSSIMonitoringSelectCCTVSearchNoResult" time="16.518" classname="Test Cases/Offline PSSI Dashboard Function/Create BE Monitoring Data/Select CCTV/Negative Test Case/PSSIMonitoringSelectCCTVSearchNoResult" status="PASSED">
         <system-out><![CDATA[08-01-2024T12:18:53 - [TEST_CASE][PASSED] - Test Cases/Offline PSSI Dashboard Function/Create BE Monitoring Data/Select CCTV/Negative Test Case/PSSIMonitoringSelectCCTVSearchNoResult: Test Cases/Offline PSSI Dashboard Function/Create BE Monitoring Data/Select CCTV/Negative Test Case/PSSIMonitoringSelectCCTVSearchNoResult

08-01-2024T12:18:54 - [TEST_STEP][PASSED] - baseUrl = offline_pssi_dashboard_url: null

08-01-2024T12:18:54 - [TEST_STEP][PASSED] - callTestCase(findTestCase("Offline PSSI Dashboard Function/Create BE Monitoring Data/View Monitoring Data/PSSIViewMonitoringData"), [:]): Call Test Case 'Test Cases/Offline PSSI Dashboard Function/Create BE Monitoring Data/View Monitoring Data/PSSIViewMonitoringData' successfully

08-01-2024T12:18:54 - [TEST_CASE][PASSED] - Test Cases/Offline PSSI Dashboard Function/Create BE Monitoring Data/View Monitoring Data/PSSIViewMonitoringData: Test Cases/Offline PSSI Dashboard Function/Create BE Monitoring Data/View Monitoring Data/PSSIViewMonitoringData

08-01-2024T12:18:54 - [TEST_STEP][PASSED] - baseUrl = offline_pssi_dashboard_url: null

08-01-2024T12:18:54 - [TEST_STEP][PASSED] - callTestCase(findTestCase("Offline PSSI Dashboard Function/Sign In/PSSISignInValidData"), [:]): Call Test Case 'Test Cases/Offline PSSI Dashboard Function/Sign In/PSSISignInValidData' successfully

08-01-2024T12:18:54 - [TEST_CASE][PASSED] - Test Cases/Offline PSSI Dashboard Function/Sign In/PSSISignInValidData: Test Cases/Offline PSSI Dashboard Function/Sign In/PSSISignInValidData

08-01-2024T12:18:54 - [TEST_STEP][PASSED] - failureHandling = STOP_ON_FAILURE: null

08-01-2024T12:18:54 - [TEST_STEP][PASSED] - baseUrl = offline_pssi_dashboard_url: null

08-01-2024T12:18:54 - [TEST_STEP][PASSED] - openBrowser(""): Browser is opened with url: ''

08-01-2024T12:18:54 - [MESSAGE][INFO] - Starting 'Chrome' driver

08-01-2024T12:18:54 - [MESSAGE][INFO] - Action delay is set to 0 milliseconds

08-01-2024T12:18:55 - [MESSAGE][PASSED] - Browser is opened with url: ''

08-01-2024T12:18:55 - [TEST_STEP][PASSED] - navigateToUrl(baseUrl): Navigate to 'https://monitoring.pssi-dev.kecilin.id' successfully

08-01-2024T12:18:56 - [MESSAGE][PASSED] - Navigate to 'https://monitoring.pssi-dev.kecilin.id' successfully

08-01-2024T12:18:56 - [TEST_STEP][PASSED] - maximizeWindow(): Current window maximized

08-01-2024T12:18:56 - [MESSAGE][PASSED] - Current window maximized

08-01-2024T12:18:56 - [TEST_STEP][PASSED] - setText(findTestObject("Object Repository/Page_Login/input_email"), "superadmin@app.com"): Text 'superadmin@app.com' is set on object 'Object Repository/Page_Login/input_email'

08-01-2024T12:18:57 - [MESSAGE][PASSED] - Text 'superadmin@app.com' is set on object 'Object Repository/Page_Login/input_email'

08-01-2024T12:18:57 - [TEST_STEP][PASSED] - setEncryptedText(findTestObject("Object Repository/Page_Login/input_password"), "8SQVv/p9jVScEs4/2CZsLw=="): Text ****** has been set on object 'Object Repository/Page_Login/input_password'

08-01-2024T12:18:58 - [MESSAGE][PASSED] - Text ****** has been set on object 'Object Repository/Page_Login/input_password'

08-01-2024T12:18:58 - [TEST_STEP][PASSED] - click(findTestObject("Object Repository/Page_Login/button_Sign In")): Object: 'Object Repository/Page_Login/button_Sign In' is clicked on

08-01-2024T12:19:00 - [MESSAGE][PASSED] - Object: 'Object Repository/Page_Login/button_Sign In' is clicked on

08-01-2024T12:19:00 - [MESSAGE][PASSED] - Call Test Case 'Test Cases/Offline PSSI Dashboard Function/Sign In/PSSISignInValidData' successfully

08-01-2024T12:19:00 - [TEST_STEP][PASSED] - navigateToUrl(baseUrl + "/monitoring"): Navigate to 'https://monitoring.pssi-dev.kecilin.id/monitoring' successfully

08-01-2024T12:19:00 - [MESSAGE][PASSED] - Navigate to 'https://monitoring.pssi-dev.kecilin.id/monitoring' successfully

08-01-2024T12:19:00 - [MESSAGE][PASSED] - Call Test Case 'Test Cases/Offline PSSI Dashboard Function/Create BE Monitoring Data/View Monitoring Data/PSSIViewMonitoringData' successfully

08-01-2024T12:19:00 - [TEST_STEP][PASSED] - verifyElementClickable(findTestObject("Page_Monitoring/Left Camera Selection")): Object 'Object Repository/Page_Monitoring/Left Camera Selection' is clickable

08-01-2024T12:19:01 - [MESSAGE][PASSED] - Object 'Object Repository/Page_Monitoring/Left Camera Selection' is clickable

08-01-2024T12:19:01 - [TEST_STEP][PASSED] - click(findTestObject("Page_Monitoring/Left Camera Selection")): Object: 'Object Repository/Page_Monitoring/Left Camera Selection' is clicked on

08-01-2024T12:19:01 - [MESSAGE][PASSED] - Object: 'Object Repository/Page_Monitoring/Left Camera Selection' is clicked on

08-01-2024T12:19:01 - [TEST_STEP][PASSED] - verifyElementClickable(findTestObject("Page_Monitoring/Left search field")): Object 'Object Repository/Page_Monitoring/Left search field' is clickable

08-01-2024T12:19:02 - [MESSAGE][PASSED] - Object 'Object Repository/Page_Monitoring/Left search field' is clickable

08-01-2024T12:19:02 - [TEST_STEP][PASSED] - setText(findTestObject("Page_Monitoring/Left search field"), "heheheh"): Text 'heheheh' is set on object 'Object Repository/Page_Monitoring/Left search field'

08-01-2024T12:19:02 - [MESSAGE][PASSED] - Text 'heheheh' is set on object 'Object Repository/Page_Monitoring/Left search field'

08-01-2024T12:19:02 - [TEST_STEP][PASSED] - verifyTextPresent("No results found", false): Text 'No results found' is present on page 

08-01-2024T12:19:03 - [MESSAGE][PASSED] - Text 'No results found' is present on page 

08-01-2024T12:19:03 - [TEST_STEP][PASSED] - scrollToElement(findTestObject("Page_Monitoring/Right Camera Selection"), 1): Scroll to object 'Object Repository/Page_Monitoring/Right Camera Selection' successfully

08-01-2024T12:19:04 - [MESSAGE][PASSED] - Scroll to object 'Object Repository/Page_Monitoring/Right Camera Selection' successfully

08-01-2024T12:19:04 - [TEST_STEP][PASSED] - verifyElementClickable(findTestObject("Page_Monitoring/Right Camera Selection")): Object 'Object Repository/Page_Monitoring/Right Camera Selection' is clickable

08-01-2024T12:19:04 - [MESSAGE][PASSED] - Object 'Object Repository/Page_Monitoring/Right Camera Selection' is clickable

08-01-2024T12:19:04 - [TEST_STEP][PASSED] - click(findTestObject("Page_Monitoring/Right Camera Selection")): Object: 'Object Repository/Page_Monitoring/Right Camera Selection' is clicked on

08-01-2024T12:19:04 - [MESSAGE][PASSED] - Object: 'Object Repository/Page_Monitoring/Right Camera Selection' is clicked on

08-01-2024T12:19:04 - [TEST_STEP][PASSED] - verifyElementClickable(findTestObject("Page_Monitoring/Right Search Box")): Object 'Object Repository/Page_Monitoring/Right Search Box' is clickable

08-01-2024T12:19:05 - [MESSAGE][PASSED] - Object 'Object Repository/Page_Monitoring/Right Search Box' is clickable

08-01-2024T12:19:05 - [TEST_STEP][PASSED] - setText(findTestObject("Page_Monitoring/Right Search Box"), "hehehhe"): Text 'hehehhe' is set on object 'Object Repository/Page_Monitoring/Right Search Box'

08-01-2024T12:19:06 - [MESSAGE][PASSED] - Text 'hehehhe' is set on object 'Object Repository/Page_Monitoring/Right Search Box'

08-01-2024T12:19:06 - [TEST_STEP][PASSED] - verifyTextPresent("No results found", false): Text 'No results found' is present on page 

08-01-2024T12:19:06 - [MESSAGE][PASSED] - Text 'No results found' is present on page 

08-01-2024T12:19:06 - [TEST_STEP][PASSED] - scrollToElement(findTestObject("Page_Monitoring/Bottom Camera Selection"), 1): Scroll to object 'Object Repository/Page_Monitoring/Bottom Camera Selection' successfully

08-01-2024T12:19:07 - [MESSAGE][PASSED] - Scroll to object 'Object Repository/Page_Monitoring/Bottom Camera Selection' successfully

08-01-2024T12:19:07 - [TEST_STEP][PASSED] - verifyElementClickable(findTestObject("Page_Monitoring/Bottom Camera Selection")): Object 'Object Repository/Page_Monitoring/Bottom Camera Selection' is clickable

08-01-2024T12:19:07 - [MESSAGE][PASSED] - Object 'Object Repository/Page_Monitoring/Bottom Camera Selection' is clickable

08-01-2024T12:19:07 - [TEST_STEP][PASSED] - click(findTestObject("Page_Monitoring/Bottom Camera Selection")): Object: 'Object Repository/Page_Monitoring/Bottom Camera Selection' is clicked on

08-01-2024T12:19:08 - [MESSAGE][PASSED] - Object: 'Object Repository/Page_Monitoring/Bottom Camera Selection' is clicked on

08-01-2024T12:19:08 - [TEST_STEP][PASSED] - verifyElementClickable(findTestObject("Page_Monitoring/Bottom Search Box")): Object 'Object Repository/Page_Monitoring/Bottom Search Box' is clickable

08-01-2024T12:19:08 - [MESSAGE][PASSED] - Object 'Object Repository/Page_Monitoring/Bottom Search Box' is clickable

08-01-2024T12:19:08 - [TEST_STEP][PASSED] - setText(findTestObject("Page_Monitoring/Bottom Search Box"), "ehehehhe"): Text 'ehehehhe' is set on object 'Object Repository/Page_Monitoring/Bottom Search Box'

08-01-2024T12:19:09 - [MESSAGE][PASSED] - Text 'ehehehhe' is set on object 'Object Repository/Page_Monitoring/Bottom Search Box'

08-01-2024T12:19:09 - [TEST_STEP][PASSED] - verifyTextPresent("No results found", false): Text 'No results found' is present on page 

08-01-2024T12:19:10 - [MESSAGE][PASSED] - Text 'No results found' is present on page]]></system-out>
         <system-err><![CDATA[]]></system-err>
      </testcase>
      <testcase name="Test Cases/Offline PSSI Dashboard Function/Create BE Monitoring Data/Select CCTV/Positive Test Case/PSSIMonitoringSelectCCTVArrowKeys" time="42.509" classname="Test Cases/Offline PSSI Dashboard Function/Create BE Monitoring Data/Select CCTV/Positive Test Case/PSSIMonitoringSelectCCTVArrowKeys" status="FAILED">
         <failure type="FAILED" message="Test Cases/Offline PSSI Dashboard Function/Create BE Monitoring Data/Select CCTV/Positive Test Case/PSSIMonitoringSelectCCTVArrowKeys FAILED.&#xa;Reason:&#xa;com.kms.katalon.core.exception.StepFailedException: Unable to send keys '' to object 'Object Repository/Page_Monitoring/Right search field'&#xa;	at com.kms.katalon.core.webui.keyword.internal.WebUIKeywordMain.stepFailed(WebUIKeywordMain.groovy:64)&#xa;	at com.kms.katalon.core.webui.keyword.internal.WebUIKeywordMain.runKeyword(WebUIKeywordMain.groovy:26)&#xa;	at com.kms.katalon.core.webui.keyword.builtin.SendKeysKeyword.sendKeys(SendKeysKeyword.groovy:60)&#xa;	at com.kms.katalon.core.webui.keyword.builtin.SendKeysKeyword.execute(SendKeysKeyword.groovy:38)&#xa;	at com.kms.katalon.core.keyword.internal.KeywordExecutor.executeKeywordForPlatform(KeywordExecutor.groovy:74)&#xa;	at com.kms.katalon.core.webui.keyword.WebUiBuiltInKeywords.sendKeys(WebUiBuiltInKeywords.groovy:903)&#xa;	at PSSIMonitoringSelectCCTVArrowKeys.run(PSSIMonitoringSelectCCTVArrowKeys:62)&#xa;	at com.kms.katalon.core.main.ScriptEngine.run(ScriptEngine.java:194)&#xa;	at com.kms.katalon.core.main.ScriptEngine.runScriptAsRawText(ScriptEngine.java:119)&#xa;	at com.kms.katalon.core.main.TestCaseExecutor.runScript(TestCaseExecutor.java:448)&#xa;	at com.kms.katalon.core.main.TestCaseExecutor.doExecute(TestCaseExecutor.java:439)&#xa;	at com.kms.katalon.core.main.TestCaseExecutor.processExecutionPhase(TestCaseExecutor.java:418)&#xa;	at com.kms.katalon.core.main.TestCaseExecutor.accessMainPhase(TestCaseExecutor.java:410)&#xa;	at com.kms.katalon.core.main.TestCaseExecutor.execute(TestCaseExecutor.java:285)&#xa;	at com.kms.katalon.core.main.TestCaseExecutor.execute(TestCaseExecutor.java:369)&#xa;	at com.kms.katalon.core.main.TestCaseExecutor.execute(TestCaseExecutor.java:369)&#xa;	at com.kms.katalon.core.main.TestCaseExecutor.execute(TestCaseExecutor.java:369)&#xa;	at com.kms.katalon.core.common.CommonExecutor.accessTestCaseMainPhase(CommonExecutor.java:65)&#xa;	at com.kms.katalon.core.main.TestSuiteExecutor.accessTestSuiteMainPhase(TestSuiteExecutor.java:148)&#xa;	at com.kms.katalon.core.main.TestSuiteExecutor.execute(TestSuiteExecutor.java:106)&#xa;	at com.kms.katalon.core.main.TestCaseMain.startTestSuite(TestCaseMain.java:180)&#xa;	at TempTestSuite1704690444534.run(TempTestSuite1704690444534.groovy:36)&#xa;	at java.base/jdk.internal.reflect.NativeMethodAccessorImpl.invoke0(Native Method)&#xa;	at java.base/jdk.internal.reflect.NativeMethodAccessorImpl.invoke(NativeMethodAccessorImpl.java:77)&#xa;	at java.base/jdk.internal.reflect.DelegatingMethodAccessorImpl.invoke(DelegatingMethodAccessorImpl.java:43)&#xa;Caused by: org.openqa.selenium.ElementNotInteractableException: element not interactable&#xa;  (Session info: chrome=120.0.6099.199)&#xa;Build info: version: '3.141.59', revision: 'e82be7d358', time: '2018-11-14T08:25:53'&#xa;System info: host: 'DESKTOP-HLRVE9S', ip: '192.168.100.183', os.name: 'Windows 10', os.arch: 'amd64', os.version: '10.0', java.version: '17.0.7'&#xa;Driver info: com.kms.katalon.selenium.driver.CChromeDriver&#xa;Capabilities {acceptInsecureCerts: false, browserName: chrome, browserVersion: 120.0.6099.199, chrome: {chromedriverVersion: 120.0.6099.71 (9729082fe617..., userDataDir: C:\Users\USER\AppData\Local...}, fedcm:accounts: true, goog:chromeOptions: {debuggerAddress: localhost:57056}, javascriptEnabled: true, networkConnectionEnabled: false, pageLoadStrategy: normal, platform: WINDOWS, platformName: WINDOWS, proxy: Proxy(), setWindowRect: true, strictFileInteractability: false, timeouts: {implicit: 0, pageLoad: 300000, script: 30000}, unhandledPromptBehavior: dismiss and notify, webauthn:extension:credBlob: true, webauthn:extension:largeBlob: true, webauthn:extension:minPinLength: true, webauthn:extension:prf: true, webauthn:virtualAuthenticators: true}&#xa;Session ID: af8af6f51e6006f7103cebb74b1b78b9&#xa;	at java.base/jdk.internal.reflect.NativeConstructorAccessorImpl.newInstance0(Native Method)&#xa;	at java.base/jdk.internal.reflect.NativeConstructorAccessorImpl.newInstance(NativeConstructorAccessorImpl.java:77)&#xa;	at java.base/jdk.internal.reflect.DelegatingConstructorAccessorImpl.newInstance(DelegatingConstructorAccessorImpl.java:45)&#xa;	at org.openqa.selenium.remote.http.W3CHttpResponseCodec.createException(W3CHttpResponseCodec.java:187)&#xa;	at org.openqa.selenium.remote.http.W3CHttpResponseCodec.decode(W3CHttpResponseCodec.java:122)&#xa;	at org.openqa.selenium.remote.http.W3CHttpResponseCodec.decode(W3CHttpResponseCodec.java:49)&#xa;	at org.openqa.selenium.remote.HttpCommandExecutor.execute(HttpCommandExecutor.java:158)&#xa;	at org.openqa.selenium.remote.service.DriverCommandExecutor.execute(DriverCommandExecutor.java:83)&#xa;	at org.openqa.selenium.remote.RemoteWebDriver.execute(RemoteWebDriver.java:552)&#xa;	at com.kms.katalon.selenium.driver.CChromeDriver.execute(CChromeDriver.java:19)&#xa;	at org.openqa.selenium.remote.RemoteWebElement.execute(RemoteWebElement.java:285)&#xa;	at org.openqa.selenium.remote.RemoteWebElement.sendKeys(RemoteWebElement.java:106)&#xa;	at jdk.internal.reflect.GeneratedMethodAccessor19.invoke(Unknown Source)&#xa;	at java.base/jdk.internal.reflect.DelegatingMethodAccessorImpl.invoke(DelegatingMethodAccessorImpl.java:43)&#xa;	at org.openqa.selenium.support.events.EventFiringWebDriver$EventFiringWebElement.lambda$new$0(EventFiringWebDriver.java:404)&#xa;	at jdk.proxy2/jdk.proxy2.$Proxy24.sendKeys(Unknown Source)&#xa;	at org.openqa.selenium.support.events.EventFiringWebDriver$EventFiringWebElement.sendKeys(EventFiringWebDriver.java:429)&#xa;	at com.kms.katalon.core.webui.keyword.builtin.SendKeysKeyword$_sendKeys_closure1.doCall(SendKeysKeyword.groovy:53)&#xa;	at com.kms.katalon.core.webui.keyword.builtin.SendKeysKeyword$_sendKeys_closure1.call(SendKeysKeyword.groovy)&#xa;	at com.kms.katalon.core.webui.keyword.internal.WebUIKeywordMain.runKeyword(WebUIKeywordMain.groovy:20)&#xa;	... 23 more&#xa;"/>
         <system-out><![CDATA[08-01-2024T12:20:23 - [TEST_CASE][FAILED] - Test Cases/Offline PSSI Dashboard Function/Create BE Monitoring Data/Select CCTV/Positive Test Case/PSSIMonitoringSelectCCTVArrowKeys: Test Cases/Offline PSSI Dashboard Function/Create BE Monitoring Data/Select CCTV/Positive Test Case/PSSIMonitoringSelectCCTVArrowKeys FAILED.
Reason:
com.kms.katalon.core.exception.StepFailedException: Unable to send keys '' to object 'Object Repository/Page_Monitoring/Right search field'
	at com.kms.katalon.core.webui.keyword.internal.WebUIKeywordMain.stepFailed(WebUIKeywordMain.groovy:64)
	at com.kms.katalon.core.webui.keyword.internal.WebUIKeywordMain.runKeyword(WebUIKeywordMain.groovy:26)
	at com.kms.katalon.core.webui.keyword.builtin.SendKeysKeyword.sendKeys(SendKeysKeyword.groovy:60)
	at com.kms.katalon.core.webui.keyword.builtin.SendKeysKeyword.execute(SendKeysKeyword.groovy:38)
	at com.kms.katalon.core.keyword.internal.KeywordExecutor.executeKeywordForPlatform(KeywordExecutor.groovy:74)
	at com.kms.katalon.core.webui.keyword.WebUiBuiltInKeywords.sendKeys(WebUiBuiltInKeywords.groovy:903)
	at PSSIMonitoringSelectCCTVArrowKeys.run(PSSIMonitoringSelectCCTVArrowKeys:62)
	at com.kms.katalon.core.main.ScriptEngine.run(ScriptEngine.java:194)
	at com.kms.katalon.core.main.ScriptEngine.runScriptAsRawText(ScriptEngine.java:119)
	at com.kms.katalon.core.main.TestCaseExecutor.runScript(TestCaseExecutor.java:448)
	at com.kms.katalon.core.main.TestCaseExecutor.doExecute(TestCaseExecutor.java:439)
	at com.kms.katalon.core.main.TestCaseExecutor.processExecutionPhase(TestCaseExecutor.java:418)
	at com.kms.katalon.core.main.TestCaseExecutor.accessMainPhase(TestCaseExecutor.java:410)
	at com.kms.katalon.core.main.TestCaseExecutor.execute(TestCaseExecutor.java:285)
	at com.kms.katalon.core.main.TestCaseExecutor.execute(TestCaseExecutor.java:369)
	at com.kms.katalon.core.main.TestCaseExecutor.execute(TestCaseExecutor.java:369)
	at com.kms.katalon.core.main.TestCaseExecutor.execute(TestCaseExecutor.java:369)
	at com.kms.katalon.core.common.CommonExecutor.accessTestCaseMainPhase(CommonExecutor.java:65)
	at com.kms.katalon.core.main.TestSuiteExecutor.accessTestSuiteMainPhase(TestSuiteExecutor.java:148)
	at com.kms.katalon.core.main.TestSuiteExecutor.execute(TestSuiteExecutor.java:106)
	at com.kms.katalon.core.main.TestCaseMain.startTestSuite(TestCaseMain.java:180)
	at TempTestSuite1704690444534.run(TempTestSuite1704690444534.groovy:36)
	at java.base/jdk.internal.reflect.NativeMethodAccessorImpl.invoke0(Native Method)
	at java.base/jdk.internal.reflect.NativeMethodAccessorImpl.invoke(NativeMethodAccessorImpl.java:77)
	at java.base/jdk.internal.reflect.DelegatingMethodAccessorImpl.invoke(DelegatingMethodAccessorImpl.java:43)
Caused by: org.openqa.selenium.ElementNotInteractableException: element not interactable
  (Session info: chrome=120.0.6099.199)
Build info: version: '3.141.59', revision: 'e82be7d358', time: '2018-11-14T08:25:53'
System info: host: 'DESKTOP-HLRVE9S', ip: '192.168.100.183', os.name: 'Windows 10', os.arch: 'amd64', os.version: '10.0', java.version: '17.0.7'
Driver info: com.kms.katalon.selenium.driver.CChromeDriver
Capabilities {acceptInsecureCerts: false, browserName: chrome, browserVersion: 120.0.6099.199, chrome: {chromedriverVersion: 120.0.6099.71 (9729082fe617..., userDataDir: C:\Users\USER\AppData\Local...}, fedcm:accounts: true, goog:chromeOptions: {debuggerAddress: localhost:57056}, javascriptEnabled: true, networkConnectionEnabled: false, pageLoadStrategy: normal, platform: WINDOWS, platformName: WINDOWS, proxy: Proxy(), setWindowRect: true, strictFileInteractability: false, timeouts: {implicit: 0, pageLoad: 300000, script: 30000}, unhandledPromptBehavior: dismiss and notify, webauthn:extension:credBlob: true, webauthn:extension:largeBlob: true, webauthn:extension:minPinLength: true, webauthn:extension:prf: true, webauthn:virtualAuthenticators: true}
Session ID: af8af6f51e6006f7103cebb74b1b78b9
	at java.base/jdk.internal.reflect.NativeConstructorAccessorImpl.newInstance0(Native Method)
	at java.base/jdk.internal.reflect.NativeConstructorAccessorImpl.newInstance(NativeConstructorAccessorImpl.java:77)
	at java.base/jdk.internal.reflect.DelegatingConstructorAccessorImpl.newInstance(DelegatingConstructorAccessorImpl.java:45)
	at org.openqa.selenium.remote.http.W3CHttpResponseCodec.createException(W3CHttpResponseCodec.java:187)
	at org.openqa.selenium.remote.http.W3CHttpResponseCodec.decode(W3CHttpResponseCodec.java:122)
	at org.openqa.selenium.remote.http.W3CHttpResponseCodec.decode(W3CHttpResponseCodec.java:49)
	at org.openqa.selenium.remote.HttpCommandExecutor.execute(HttpCommandExecutor.java:158)
	at org.openqa.selenium.remote.service.DriverCommandExecutor.execute(DriverCommandExecutor.java:83)
	at org.openqa.selenium.remote.RemoteWebDriver.execute(RemoteWebDriver.java:552)
	at com.kms.katalon.selenium.driver.CChromeDriver.execute(CChromeDriver.java:19)
	at org.openqa.selenium.remote.RemoteWebElement.execute(RemoteWebElement.java:285)
	at org.openqa.selenium.remote.RemoteWebElement.sendKeys(RemoteWebElement.java:106)
	at jdk.internal.reflect.GeneratedMethodAccessor19.invoke(Unknown Source)
	at java.base/jdk.internal.reflect.DelegatingMethodAccessorImpl.invoke(DelegatingMethodAccessorImpl.java:43)
	at org.openqa.selenium.support.events.EventFiringWebDriver$EventFiringWebElement.lambda$new$0(EventFiringWebDriver.java:404)
	at jdk.proxy2/jdk.proxy2.$Proxy24.sendKeys(Unknown Source)
	at org.openqa.selenium.support.events.EventFiringWebDriver$EventFiringWebElement.sendKeys(EventFiringWebDriver.java:429)
	at com.kms.katalon.core.webui.keyword.builtin.SendKeysKeyword$_sendKeys_closure1.doCall(SendKeysKeyword.groovy:53)
	at com.kms.katalon.core.webui.keyword.builtin.SendKeysKeyword$_sendKeys_closure1.call(SendKeysKeyword.groovy)
	at com.kms.katalon.core.webui.keyword.internal.WebUIKeywordMain.runKeyword(WebUIKeywordMain.groovy:20)
	... 23 more


08-01-2024T12:20:23 - [TEST_STEP][PASSED] - baseUrl = offline_pssi_dashboard_url: null

08-01-2024T12:20:23 - [TEST_STEP][PASSED] - callTestCase(findTestCase("Offline PSSI Dashboard Function/Create BE Monitoring Data/View Monitoring Data/PSSIViewMonitoringData"), [:]): Call Test Case 'Test Cases/Offline PSSI Dashboard Function/Create BE Monitoring Data/View Monitoring Data/PSSIViewMonitoringData' successfully

08-01-2024T12:20:24 - [TEST_CASE][PASSED] - Test Cases/Offline PSSI Dashboard Function/Create BE Monitoring Data/View Monitoring Data/PSSIViewMonitoringData: Test Cases/Offline PSSI Dashboard Function/Create BE Monitoring Data/View Monitoring Data/PSSIViewMonitoringData

08-01-2024T12:20:24 - [TEST_STEP][PASSED] - baseUrl = offline_pssi_dashboard_url: null

08-01-2024T12:20:24 - [TEST_STEP][PASSED] - callTestCase(findTestCase("Offline PSSI Dashboard Function/Sign In/PSSISignInValidData"), [:]): Call Test Case 'Test Cases/Offline PSSI Dashboard Function/Sign In/PSSISignInValidData' successfully

08-01-2024T12:20:24 - [TEST_CASE][PASSED] - Test Cases/Offline PSSI Dashboard Function/Sign In/PSSISignInValidData: Test Cases/Offline PSSI Dashboard Function/Sign In/PSSISignInValidData

08-01-2024T12:20:24 - [TEST_STEP][PASSED] - failureHandling = STOP_ON_FAILURE: null

08-01-2024T12:20:24 - [TEST_STEP][PASSED] - baseUrl = offline_pssi_dashboard_url: null

08-01-2024T12:20:24 - [TEST_STEP][PASSED] - openBrowser(""): Browser is opened with url: ''

08-01-2024T12:20:24 - [MESSAGE][WARNING] - A browser is already opened. Closing browser and opening a new one

08-01-2024T12:20:25 - [MESSAGE][INFO] - Starting 'Chrome' driver

08-01-2024T12:20:25 - [MESSAGE][INFO] - Action delay is set to 0 milliseconds

08-01-2024T12:20:26 - [MESSAGE][PASSED] - Browser is opened with url: ''

08-01-2024T12:20:26 - [TEST_STEP][PASSED] - navigateToUrl(baseUrl): Navigate to 'https://monitoring.pssi-dev.kecilin.id' successfully

08-01-2024T12:20:27 - [MESSAGE][PASSED] - Navigate to 'https://monitoring.pssi-dev.kecilin.id' successfully

08-01-2024T12:20:27 - [TEST_STEP][PASSED] - maximizeWindow(): Current window maximized

08-01-2024T12:20:27 - [MESSAGE][PASSED] - Current window maximized

08-01-2024T12:20:27 - [TEST_STEP][PASSED] - setText(findTestObject("Object Repository/Page_Login/input_email"), "superadmin@app.com"): Text 'superadmin@app.com' is set on object 'Object Repository/Page_Login/input_email'

08-01-2024T12:20:28 - [MESSAGE][PASSED] - Text 'superadmin@app.com' is set on object 'Object Repository/Page_Login/input_email'

08-01-2024T12:20:28 - [TEST_STEP][PASSED] - setEncryptedText(findTestObject("Object Repository/Page_Login/input_password"), "8SQVv/p9jVScEs4/2CZsLw=="): Text ****** has been set on object 'Object Repository/Page_Login/input_password'

08-01-2024T12:20:29 - [MESSAGE][PASSED] - Text ****** has been set on object 'Object Repository/Page_Login/input_password'

08-01-2024T12:20:29 - [TEST_STEP][PASSED] - click(findTestObject("Object Repository/Page_Login/button_Sign In")): Object: 'Object Repository/Page_Login/button_Sign In' is clicked on

08-01-2024T12:20:31 - [MESSAGE][PASSED] - Object: 'Object Repository/Page_Login/button_Sign In' is clicked on

08-01-2024T12:20:31 - [MESSAGE][PASSED] - Call Test Case 'Test Cases/Offline PSSI Dashboard Function/Sign In/PSSISignInValidData' successfully

08-01-2024T12:20:31 - [TEST_STEP][PASSED] - navigateToUrl(baseUrl + "/monitoring"): Navigate to 'https://monitoring.pssi-dev.kecilin.id/monitoring' successfully

08-01-2024T12:20:31 - [MESSAGE][PASSED] - Navigate to 'https://monitoring.pssi-dev.kecilin.id/monitoring' successfully

08-01-2024T12:20:31 - [MESSAGE][PASSED] - Call Test Case 'Test Cases/Offline PSSI Dashboard Function/Create BE Monitoring Data/View Monitoring Data/PSSIViewMonitoringData' successfully

08-01-2024T12:20:31 - [TEST_STEP][PASSED] - verifyElementClickable(findTestObject("Page_Monitoring/Left Camera Selection")): Object 'Object Repository/Page_Monitoring/Left Camera Selection' is clickable

08-01-2024T12:20:32 - [MESSAGE][PASSED] - Object 'Object Repository/Page_Monitoring/Left Camera Selection' is clickable

08-01-2024T12:20:32 - [TEST_STEP][PASSED] - click(findTestObject("Page_Monitoring/Left Camera Selection")): Object: 'Object Repository/Page_Monitoring/Left Camera Selection' is clicked on

08-01-2024T12:20:33 - [MESSAGE][PASSED] - Object: 'Object Repository/Page_Monitoring/Left Camera Selection' is clicked on

08-01-2024T12:20:33 - [TEST_STEP][PASSED] - sendKeys(findTestObject("Page_Monitoring/Left search field"), Keys.chord(ARROW_DOWN)): Keys 'DOWN + ' sent to object: 'Object Repository/Page_Monitoring/Left search field'

08-01-2024T12:20:33 - [MESSAGE][PASSED] - Keys 'DOWN + ' sent to object: 'Object Repository/Page_Monitoring/Left search field'

08-01-2024T12:20:33 - [TEST_STEP][PASSED] - sendKeys(findTestObject("Page_Monitoring/Left search field"), Keys.chord(ARROW_DOWN)): Keys 'DOWN + ' sent to object: 'Object Repository/Page_Monitoring/Left search field'

08-01-2024T12:20:34 - [MESSAGE][PASSED] - Keys 'DOWN + ' sent to object: 'Object Repository/Page_Monitoring/Left search field'

08-01-2024T12:20:34 - [TEST_STEP][PASSED] - sendKeys(findTestObject("Page_Monitoring/Left search field"), Keys.chord(ENTER)): Keys 'ENTER + ' sent to object: 'Object Repository/Page_Monitoring/Left search field'

08-01-2024T12:20:34 - [MESSAGE][PASSED] - Keys 'ENTER + ' sent to object: 'Object Repository/Page_Monitoring/Left search field'

08-01-2024T12:20:34 - [TEST_STEP][PASSED] - waitForElementVisible(findTestObject("Page_Monitoring/Left Loading CCTV stream"), 5): Object 'Object Repository/Page_Monitoring/Left Loading CCTV stream' is visible

08-01-2024T12:20:35 - [MESSAGE][PASSED] - Object 'Object Repository/Page_Monitoring/Left Loading CCTV stream' is visible

08-01-2024T12:20:35 - [TEST_STEP][PASSED] - verifyElementVisible(findTestObject("Page_Monitoring/Left Loading CCTV stream")): Object 'Object Repository/Page_Monitoring/Left Loading CCTV stream' is visible

08-01-2024T12:20:35 - [MESSAGE][PASSED] - Object 'Object Repository/Page_Monitoring/Left Loading CCTV stream' is visible

08-01-2024T12:20:35 - [TEST_STEP][PASSED] - waitForElementVisible(findTestObject("Page_Monitoring/Left Camera Playing"), 5): Object 'Object Repository/Page_Monitoring/Left Camera Playing' is visible

08-01-2024T12:20:35 - [MESSAGE][WARNING] - [SELF-HEALING] Failed to find element with id 'Object Repository/Page_Monitoring/Left Camera Playing'. Try using Self-healing.

08-01-2024T12:20:36 - [MESSAGE][WARNING] - [SELF-HEALING] The current locator of test object 'Object Repository/Page_Monitoring/Left Camera Playing' was broken. Propose an alternative one: '//canvas[@id='stream_first']'.

08-01-2024T12:20:36 - [MESSAGE][PASSED] - Object 'Object Repository/Page_Monitoring/Left Camera Playing' is visible

08-01-2024T12:20:36 - [TEST_STEP][PASSED] - verifyElementVisible(findTestObject("Page_Monitoring/Left Camera Playing")): Object 'Object Repository/Page_Monitoring/Left Camera Playing' is visible

08-01-2024T12:20:36 - [MESSAGE][WARNING] - [SELF-HEALING] Failed to find element with id 'Object Repository/Page_Monitoring/Left Camera Playing'. Try using Self-healing.

08-01-2024T12:20:36 - [MESSAGE][WARNING] - [SELF-HEALING] The current locator of test object 'Object Repository/Page_Monitoring/Left Camera Playing' was broken. Propose an alternative one: '//canvas[@id='stream_first']'.

08-01-2024T12:20:36 - [MESSAGE][PASSED] - Object 'Object Repository/Page_Monitoring/Left Camera Playing' is visible

08-01-2024T12:20:36 - [TEST_STEP][PASSED] - screenshot1 = takeFullPageScreenshot(): Taking screenshot successfully

08-01-2024T12:20:40 - [MESSAGE][INFO] - 0 hidden object(s)

08-01-2024T12:20:41 - [MESSAGE][PASSED] - Taking screenshot successfully
[[ATTACHMENT|C:\\Users\\USER\\git\\Kecilin-Automation-Test\\Reports\\20240108_120718\\Create BE Monitoring Data\\Select CCTV Test Suite\\20240108_120724\\1704691236575.png]]

08-01-2024T12:20:41 - [TEST_STEP][PASSED] - Thread.sleep(5000): null

08-01-2024T12:20:46 - [TEST_STEP][PASSED] - screenshot2 = takeFullPageScreenshot(): Taking screenshot successfully

08-01-2024T12:20:53 - [MESSAGE][INFO] - 0 hidden object(s)

08-01-2024T12:20:54 - [MESSAGE][PASSED] - Taking screenshot successfully
[[ATTACHMENT|C:\\Users\\USER\\git\\Kecilin-Automation-Test\\Reports\\20240108_120718\\Create BE Monitoring Data\\Select CCTV Test Suite\\20240108_120724\\1704691246204.png]]

08-01-2024T12:20:54 - [TEST_STEP][PASSED] - verifyNotEqual(screenshot1, screenshot2): Actual object '[B@7ba5e21c' and expected object '[B@2e3622a6' are not equal

08-01-2024T12:20:54 - [MESSAGE][PASSED] - Actual object '[B@7ba5e21c' and expected object '[B@2e3622a6' are not equal

08-01-2024T12:20:54 - [TEST_STEP][PASSED] - scrollToElement(findTestObject("Page_Monitoring/Right Camera Selection"), 1): Scroll to object 'Object Repository/Page_Monitoring/Right Camera Selection' successfully

08-01-2024T12:20:57 - [MESSAGE][PASSED] - Scroll to object 'Object Repository/Page_Monitoring/Right Camera Selection' successfully

08-01-2024T12:20:57 - [TEST_STEP][PASSED] - verifyElementClickable(findTestObject("Page_Monitoring/Right Camera Selection")): Object 'Object Repository/Page_Monitoring/Right Camera Selection' is clickable

08-01-2024T12:20:59 - [MESSAGE][PASSED] - Object 'Object Repository/Page_Monitoring/Right Camera Selection' is clickable

08-01-2024T12:20:59 - [TEST_STEP][PASSED] - click(findTestObject("Page_Monitoring/Right Camera Selection")): Object: 'Object Repository/Page_Monitoring/Right Camera Selection' is clicked on

08-01-2024T12:21:02 - [MESSAGE][PASSED] - Object: 'Object Repository/Page_Monitoring/Right Camera Selection' is clicked on

08-01-2024T12:21:02 - [TEST_STEP][FAILED] - sendKeys(findTestObject("Page_Monitoring/Right search field"), Keys.chord(ARROW_DOWN)): Unable to send keys '' to object 'Object Repository/Page_Monitoring/Right search field' (Root cause: com.kms.katalon.core.exception.StepFailedException: Unable to send keys '' to object 'Object Repository/Page_Monitoring/Right search field'
	at com.kms.katalon.core.webui.keyword.internal.WebUIKeywordMain.stepFailed(WebUIKeywordMain.groovy:64)
	at com.kms.katalon.core.webui.keyword.internal.WebUIKeywordMain.runKeyword(WebUIKeywordMain.groovy:26)
	at com.kms.katalon.core.webui.keyword.builtin.SendKeysKeyword.sendKeys(SendKeysKeyword.groovy:60)
	at com.kms.katalon.core.webui.keyword.builtin.SendKeysKeyword.execute(SendKeysKeyword.groovy:38)
	at com.kms.katalon.core.keyword.internal.KeywordExecutor.executeKeywordForPlatform(KeywordExecutor.groovy:74)
	at com.kms.katalon.core.webui.keyword.WebUiBuiltInKeywords.sendKeys(WebUiBuiltInKeywords.groovy:903)
	at PSSIMonitoringSelectCCTVArrowKeys.run(PSSIMonitoringSelectCCTVArrowKeys:62)
	at com.kms.katalon.core.main.ScriptEngine.run(ScriptEngine.java:194)
	at com.kms.katalon.core.main.ScriptEngine.runScriptAsRawText(ScriptEngine.java:119)
	at com.kms.katalon.core.main.TestCaseExecutor.runScript(TestCaseExecutor.java:448)
	at com.kms.katalon.core.main.TestCaseExecutor.doExecute(TestCaseExecutor.java:439)
	at com.kms.katalon.core.main.TestCaseExecutor.processExecutionPhase(TestCaseExecutor.java:418)
	at com.kms.katalon.core.main.TestCaseExecutor.accessMainPhase(TestCaseExecutor.java:410)
	at com.kms.katalon.core.main.TestCaseExecutor.execute(TestCaseExecutor.java:285)
	at com.kms.katalon.core.main.TestCaseExecutor.execute(TestCaseExecutor.java:369)
	at com.kms.katalon.core.main.TestCaseExecutor.execute(TestCaseExecutor.java:369)
	at com.kms.katalon.core.main.TestCaseExecutor.execute(TestCaseExecutor.java:369)
	at com.kms.katalon.core.common.CommonExecutor.accessTestCaseMainPhase(CommonExecutor.java:65)
	at com.kms.katalon.core.main.TestSuiteExecutor.accessTestSuiteMainPhase(TestSuiteExecutor.java:148)
	at com.kms.katalon.core.main.TestSuiteExecutor.execute(TestSuiteExecutor.java:106)
	at com.kms.katalon.core.main.TestCaseMain.startTestSuite(TestCaseMain.java:180)
	at TempTestSuite1704690444534.run(TempTestSuite1704690444534.groovy:36)
	at java.base/jdk.internal.reflect.NativeMethodAccessorImpl.invoke0(Native Method)
	at java.base/jdk.internal.reflect.NativeMethodAccessorImpl.invoke(NativeMethodAccessorImpl.java:77)
	at java.base/jdk.internal.reflect.DelegatingMethodAccessorImpl.invoke(DelegatingMethodAccessorImpl.java:43)
Caused by: org.openqa.selenium.ElementNotInteractableException: element not interactable
  (Session info: chrome=120.0.6099.199)
Build info: version: '3.141.59', revision: 'e82be7d358', time: '2018-11-14T08:25:53'
System info: host: 'DESKTOP-HLRVE9S', ip: '192.168.100.183', os.name: 'Windows 10', os.arch: 'amd64', os.version: '10.0', java.version: '17.0.7'
Driver info: com.kms.katalon.selenium.driver.CChromeDriver
Capabilities {acceptInsecureCerts: false, browserName: chrome, browserVersion: 120.0.6099.199, chrome: {chromedriverVersion: 120.0.6099.71 (9729082fe617..., userDataDir: C:\Users\USER\AppData\Local...}, fedcm:accounts: true, goog:chromeOptions: {debuggerAddress: localhost:57056}, javascriptEnabled: true, networkConnectionEnabled: false, pageLoadStrategy: normal, platform: WINDOWS, platformName: WINDOWS, proxy: Proxy(), setWindowRect: true, strictFileInteractability: false, timeouts: {implicit: 0, pageLoad: 300000, script: 30000}, unhandledPromptBehavior: dismiss and notify, webauthn:extension:credBlob: true, webauthn:extension:largeBlob: true, webauthn:extension:minPinLength: true, webauthn:extension:prf: true, webauthn:virtualAuthenticators: true}
Session ID: af8af6f51e6006f7103cebb74b1b78b9
	at java.base/jdk.internal.reflect.NativeConstructorAccessorImpl.newInstance0(Native Method)
	at java.base/jdk.internal.reflect.NativeConstructorAccessorImpl.newInstance(NativeConstructorAccessorImpl.java:77)
	at java.base/jdk.internal.reflect.DelegatingConstructorAccessorImpl.newInstance(DelegatingConstructorAccessorImpl.java:45)
	at org.openqa.selenium.remote.http.W3CHttpResponseCodec.createException(W3CHttpResponseCodec.java:187)
	at org.openqa.selenium.remote.http.W3CHttpResponseCodec.decode(W3CHttpResponseCodec.java:122)
	at org.openqa.selenium.remote.http.W3CHttpResponseCodec.decode(W3CHttpResponseCodec.java:49)
	at org.openqa.selenium.remote.HttpCommandExecutor.execute(HttpCommandExecutor.java:158)
	at org.openqa.selenium.remote.service.DriverCommandExecutor.execute(DriverCommandExecutor.java:83)
	at org.openqa.selenium.remote.RemoteWebDriver.execute(RemoteWebDriver.java:552)
	at com.kms.katalon.selenium.driver.CChromeDriver.execute(CChromeDriver.java:19)
	at org.openqa.selenium.remote.RemoteWebElement.execute(RemoteWebElement.java:285)
	at org.openqa.selenium.remote.RemoteWebElement.sendKeys(RemoteWebElement.java:106)
	at jdk.internal.reflect.GeneratedMethodAccessor19.invoke(Unknown Source)
	at java.base/jdk.internal.reflect.DelegatingMethodAccessorImpl.invoke(DelegatingMethodAccessorImpl.java:43)
	at org.openqa.selenium.support.events.EventFiringWebDriver$EventFiringWebElement.lambda$new$0(EventFiringWebDriver.java:404)
	at jdk.proxy2/jdk.proxy2.$Proxy24.sendKeys(Unknown Source)
	at org.openqa.selenium.support.events.EventFiringWebDriver$EventFiringWebElement.sendKeys(EventFiringWebDriver.java:429)
	at com.kms.katalon.core.webui.keyword.builtin.SendKeysKeyword$_sendKeys_closure1.doCall(SendKeysKeyword.groovy:53)
	at com.kms.katalon.core.webui.keyword.builtin.SendKeysKeyword$_sendKeys_closure1.call(SendKeysKeyword.groovy)
	at com.kms.katalon.core.webui.keyword.internal.WebUIKeywordMain.runKeyword(WebUIKeywordMain.groovy:20)
	at com.kms.katalon.core.webui.keyword.builtin.SendKeysKeyword.sendKeys(SendKeysKeyword.groovy:60)
	at com.kms.katalon.core.webui.keyword.builtin.SendKeysKeyword.execute(SendKeysKeyword.groovy:38)
	at com.kms.katalon.core.keyword.internal.KeywordExecutor.executeKeywordForPlatform(KeywordExecutor.groovy:74)
	at com.kms.katalon.core.webui.keyword.WebUiBuiltInKeywords.sendKeys(WebUiBuiltInKeywords.groovy:903)
	at Script1704451655997.run(Script1704451655997.groovy:62)
	... 18 more
)

08-01-2024T12:21:06 - [MESSAGE][FAILED] - Unable to send keys '' to object 'Object Repository/Page_Monitoring/Right search field' (Root cause: com.kms.katalon.core.exception.StepFailedException: Unable to send keys '' to object 'Object Repository/Page_Monitoring/Right search field'
	at com.kms.katalon.core.webui.keyword.internal.WebUIKeywordMain.stepFailed(WebUIKeywordMain.groovy:64)
	at com.kms.katalon.core.webui.keyword.internal.WebUIKeywordMain.runKeyword(WebUIKeywordMain.groovy:26)
	at com.kms.katalon.core.webui.keyword.builtin.SendKeysKeyword.sendKeys(SendKeysKeyword.groovy:60)
	at com.kms.katalon.core.webui.keyword.builtin.SendKeysKeyword.execute(SendKeysKeyword.groovy:38)
	at com.kms.katalon.core.keyword.internal.KeywordExecutor.executeKeywordForPlatform(KeywordExecutor.groovy:74)
	at com.kms.katalon.core.webui.keyword.WebUiBuiltInKeywords.sendKeys(WebUiBuiltInKeywords.groovy:903)
	at PSSIMonitoringSelectCCTVArrowKeys.run(PSSIMonitoringSelectCCTVArrowKeys:62)
	at com.kms.katalon.core.main.ScriptEngine.run(ScriptEngine.java:194)
	at com.kms.katalon.core.main.ScriptEngine.runScriptAsRawText(ScriptEngine.java:119)
	at com.kms.katalon.core.main.TestCaseExecutor.runScript(TestCaseExecutor.java:448)
	at com.kms.katalon.core.main.TestCaseExecutor.doExecute(TestCaseExecutor.java:439)
	at com.kms.katalon.core.main.TestCaseExecutor.processExecutionPhase(TestCaseExecutor.java:418)
	at com.kms.katalon.core.main.TestCaseExecutor.accessMainPhase(TestCaseExecutor.java:410)
	at com.kms.katalon.core.main.TestCaseExecutor.execute(TestCaseExecutor.java:285)
	at com.kms.katalon.core.main.TestCaseExecutor.execute(TestCaseExecutor.java:369)
	at com.kms.katalon.core.main.TestCaseExecutor.execute(TestCaseExecutor.java:369)
	at com.kms.katalon.core.main.TestCaseExecutor.execute(TestCaseExecutor.java:369)
	at com.kms.katalon.core.common.CommonExecutor.accessTestCaseMainPhase(CommonExecutor.java:65)
	at com.kms.katalon.core.main.TestSuiteExecutor.accessTestSuiteMainPhase(TestSuiteExecutor.java:148)
	at com.kms.katalon.core.main.TestSuiteExecutor.execute(TestSuiteExecutor.java:106)
	at com.kms.katalon.core.main.TestCaseMain.startTestSuite(TestCaseMain.java:180)
	at TempTestSuite1704690444534.run(TempTestSuite1704690444534.groovy:36)
	at java.base/jdk.internal.reflect.NativeMethodAccessorImpl.invoke0(Native Method)
	at java.base/jdk.internal.reflect.NativeMethodAccessorImpl.invoke(NativeMethodAccessorImpl.java:77)
	at java.base/jdk.internal.reflect.DelegatingMethodAccessorImpl.invoke(DelegatingMethodAccessorImpl.java:43)
Caused by: org.openqa.selenium.ElementNotInteractableException: element not interactable
  (Session info: chrome=120.0.6099.199)
Build info: version: '3.141.59', revision: 'e82be7d358', time: '2018-11-14T08:25:53'
System info: host: 'DESKTOP-HLRVE9S', ip: '192.168.100.183', os.name: 'Windows 10', os.arch: 'amd64', os.version: '10.0', java.version: '17.0.7'
Driver info: com.kms.katalon.selenium.driver.CChromeDriver
Capabilities {acceptInsecureCerts: false, browserName: chrome, browserVersion: 120.0.6099.199, chrome: {chromedriverVersion: 120.0.6099.71 (9729082fe617..., userDataDir: C:\Users\USER\AppData\Local...}, fedcm:accounts: true, goog:chromeOptions: {debuggerAddress: localhost:57056}, javascriptEnabled: true, networkConnectionEnabled: false, pageLoadStrategy: normal, platform: WINDOWS, platformName: WINDOWS, proxy: Proxy(), setWindowRect: true, strictFileInteractability: false, timeouts: {implicit: 0, pageLoad: 300000, script: 30000}, unhandledPromptBehavior: dismiss and notify, webauthn:extension:credBlob: true, webauthn:extension:largeBlob: true, webauthn:extension:minPinLength: true, webauthn:extension:prf: true, webauthn:virtualAuthenticators: true}
Session ID: af8af6f51e6006f7103cebb74b1b78b9
	at java.base/jdk.internal.reflect.NativeConstructorAccessorImpl.newInstance0(Native Method)
	at java.base/jdk.internal.reflect.NativeConstructorAccessorImpl.newInstance(NativeConstructorAccessorImpl.java:77)
	at java.base/jdk.internal.reflect.DelegatingConstructorAccessorImpl.newInstance(DelegatingConstructorAccessorImpl.java:45)
	at org.openqa.selenium.remote.http.W3CHttpResponseCodec.createException(W3CHttpResponseCodec.java:187)
	at org.openqa.selenium.remote.http.W3CHttpResponseCodec.decode(W3CHttpResponseCodec.java:122)
	at org.openqa.selenium.remote.http.W3CHttpResponseCodec.decode(W3CHttpResponseCodec.java:49)
	at org.openqa.selenium.remote.HttpCommandExecutor.execute(HttpCommandExecutor.java:158)
	at org.openqa.selenium.remote.service.DriverCommandExecutor.execute(DriverCommandExecutor.java:83)
	at org.openqa.selenium.remote.RemoteWebDriver.execute(RemoteWebDriver.java:552)
	at com.kms.katalon.selenium.driver.CChromeDriver.execute(CChromeDriver.java:19)
	at org.openqa.selenium.remote.RemoteWebElement.execute(RemoteWebElement.java:285)
	at org.openqa.selenium.remote.RemoteWebElement.sendKeys(RemoteWebElement.java:106)
	at jdk.internal.reflect.GeneratedMethodAccessor19.invoke(Unknown Source)
	at java.base/jdk.internal.reflect.DelegatingMethodAccessorImpl.invoke(DelegatingMethodAccessorImpl.java:43)
	at org.openqa.selenium.support.events.EventFiringWebDriver$EventFiringWebElement.lambda$new$0(EventFiringWebDriver.java:404)
	at jdk.proxy2/jdk.proxy2.$Proxy24.sendKeys(Unknown Source)
	at org.openqa.selenium.support.events.EventFiringWebDriver$EventFiringWebElement.sendKeys(EventFiringWebDriver.java:429)
	at com.kms.katalon.core.webui.keyword.builtin.SendKeysKeyword$_sendKeys_closure1.doCall(SendKeysKeyword.groovy:53)
	at com.kms.katalon.core.webui.keyword.builtin.SendKeysKeyword$_sendKeys_closure1.call(SendKeysKeyword.groovy)
	at com.kms.katalon.core.webui.keyword.internal.WebUIKeywordMain.runKeyword(WebUIKeywordMain.groovy:20)
	at com.kms.katalon.core.webui.keyword.builtin.SendKeysKeyword.sendKeys(SendKeysKeyword.groovy:60)
	at com.kms.katalon.core.webui.keyword.builtin.SendKeysKeyword.execute(SendKeysKeyword.groovy:38)
	at com.kms.katalon.core.keyword.internal.KeywordExecutor.executeKeywordForPlatform(KeywordExecutor.groovy:74)
	at com.kms.katalon.core.webui.keyword.WebUiBuiltInKeywords.sendKeys(WebUiBuiltInKeywords.groovy:903)
	at Script1704451655997.run(Script1704451655997.groovy:62)
	... 18 more
)
[[ATTACHMENT|C:\\Users\\USER\\git\\Kecilin-Automation-Test\\Reports\\20240108_120718\\Create BE Monitoring Data\\Select CCTV Test Suite\\20240108_120724\\1704691265562.png]]]]></system-out>
         <system-err><![CDATA[08-01-2024T12:20:23 - [TEST_CASE][FAILED] - Test Cases/Offline PSSI Dashboard Function/Create BE Monitoring Data/Select CCTV/Positive Test Case/PSSIMonitoringSelectCCTVArrowKeys: Test Cases/Offline PSSI Dashboard Function/Create BE Monitoring Data/Select CCTV/Positive Test Case/PSSIMonitoringSelectCCTVArrowKeys FAILED.
Reason:
com.kms.katalon.core.exception.StepFailedException: Unable to send keys '' to object 'Object Repository/Page_Monitoring/Right search field'
	at com.kms.katalon.core.webui.keyword.internal.WebUIKeywordMain.stepFailed(WebUIKeywordMain.groovy:64)
	at com.kms.katalon.core.webui.keyword.internal.WebUIKeywordMain.runKeyword(WebUIKeywordMain.groovy:26)
	at com.kms.katalon.core.webui.keyword.builtin.SendKeysKeyword.sendKeys(SendKeysKeyword.groovy:60)
	at com.kms.katalon.core.webui.keyword.builtin.SendKeysKeyword.execute(SendKeysKeyword.groovy:38)
	at com.kms.katalon.core.keyword.internal.KeywordExecutor.executeKeywordForPlatform(KeywordExecutor.groovy:74)
	at com.kms.katalon.core.webui.keyword.WebUiBuiltInKeywords.sendKeys(WebUiBuiltInKeywords.groovy:903)
	at PSSIMonitoringSelectCCTVArrowKeys.run(PSSIMonitoringSelectCCTVArrowKeys:62)
	at com.kms.katalon.core.main.ScriptEngine.run(ScriptEngine.java:194)
	at com.kms.katalon.core.main.ScriptEngine.runScriptAsRawText(ScriptEngine.java:119)
	at com.kms.katalon.core.main.TestCaseExecutor.runScript(TestCaseExecutor.java:448)
	at com.kms.katalon.core.main.TestCaseExecutor.doExecute(TestCaseExecutor.java:439)
	at com.kms.katalon.core.main.TestCaseExecutor.processExecutionPhase(TestCaseExecutor.java:418)
	at com.kms.katalon.core.main.TestCaseExecutor.accessMainPhase(TestCaseExecutor.java:410)
	at com.kms.katalon.core.main.TestCaseExecutor.execute(TestCaseExecutor.java:285)
	at com.kms.katalon.core.main.TestCaseExecutor.execute(TestCaseExecutor.java:369)
	at com.kms.katalon.core.main.TestCaseExecutor.execute(TestCaseExecutor.java:369)
	at com.kms.katalon.core.main.TestCaseExecutor.execute(TestCaseExecutor.java:369)
	at com.kms.katalon.core.common.CommonExecutor.accessTestCaseMainPhase(CommonExecutor.java:65)
	at com.kms.katalon.core.main.TestSuiteExecutor.accessTestSuiteMainPhase(TestSuiteExecutor.java:148)
	at com.kms.katalon.core.main.TestSuiteExecutor.execute(TestSuiteExecutor.java:106)
	at com.kms.katalon.core.main.TestCaseMain.startTestSuite(TestCaseMain.java:180)
	at TempTestSuite1704690444534.run(TempTestSuite1704690444534.groovy:36)
	at java.base/jdk.internal.reflect.NativeMethodAccessorImpl.invoke0(Native Method)
	at java.base/jdk.internal.reflect.NativeMethodAccessorImpl.invoke(NativeMethodAccessorImpl.java:77)
	at java.base/jdk.internal.reflect.DelegatingMethodAccessorImpl.invoke(DelegatingMethodAccessorImpl.java:43)
Caused by: org.openqa.selenium.ElementNotInteractableException: element not interactable
  (Session info: chrome=120.0.6099.199)
Build info: version: '3.141.59', revision: 'e82be7d358', time: '2018-11-14T08:25:53'
System info: host: 'DESKTOP-HLRVE9S', ip: '192.168.100.183', os.name: 'Windows 10', os.arch: 'amd64', os.version: '10.0', java.version: '17.0.7'
Driver info: com.kms.katalon.selenium.driver.CChromeDriver
Capabilities {acceptInsecureCerts: false, browserName: chrome, browserVersion: 120.0.6099.199, chrome: {chromedriverVersion: 120.0.6099.71 (9729082fe617..., userDataDir: C:\Users\USER\AppData\Local...}, fedcm:accounts: true, goog:chromeOptions: {debuggerAddress: localhost:57056}, javascriptEnabled: true, networkConnectionEnabled: false, pageLoadStrategy: normal, platform: WINDOWS, platformName: WINDOWS, proxy: Proxy(), setWindowRect: true, strictFileInteractability: false, timeouts: {implicit: 0, pageLoad: 300000, script: 30000}, unhandledPromptBehavior: dismiss and notify, webauthn:extension:credBlob: true, webauthn:extension:largeBlob: true, webauthn:extension:minPinLength: true, webauthn:extension:prf: true, webauthn:virtualAuthenticators: true}
Session ID: af8af6f51e6006f7103cebb74b1b78b9
	at java.base/jdk.internal.reflect.NativeConstructorAccessorImpl.newInstance0(Native Method)
	at java.base/jdk.internal.reflect.NativeConstructorAccessorImpl.newInstance(NativeConstructorAccessorImpl.java:77)
	at java.base/jdk.internal.reflect.DelegatingConstructorAccessorImpl.newInstance(DelegatingConstructorAccessorImpl.java:45)
	at org.openqa.selenium.remote.http.W3CHttpResponseCodec.createException(W3CHttpResponseCodec.java:187)
	at org.openqa.selenium.remote.http.W3CHttpResponseCodec.decode(W3CHttpResponseCodec.java:122)
	at org.openqa.selenium.remote.http.W3CHttpResponseCodec.decode(W3CHttpResponseCodec.java:49)
	at org.openqa.selenium.remote.HttpCommandExecutor.execute(HttpCommandExecutor.java:158)
	at org.openqa.selenium.remote.service.DriverCommandExecutor.execute(DriverCommandExecutor.java:83)
	at org.openqa.selenium.remote.RemoteWebDriver.execute(RemoteWebDriver.java:552)
	at com.kms.katalon.selenium.driver.CChromeDriver.execute(CChromeDriver.java:19)
	at org.openqa.selenium.remote.RemoteWebElement.execute(RemoteWebElement.java:285)
	at org.openqa.selenium.remote.RemoteWebElement.sendKeys(RemoteWebElement.java:106)
	at jdk.internal.reflect.GeneratedMethodAccessor19.invoke(Unknown Source)
	at java.base/jdk.internal.reflect.DelegatingMethodAccessorImpl.invoke(DelegatingMethodAccessorImpl.java:43)
	at org.openqa.selenium.support.events.EventFiringWebDriver$EventFiringWebElement.lambda$new$0(EventFiringWebDriver.java:404)
	at jdk.proxy2/jdk.proxy2.$Proxy24.sendKeys(Unknown Source)
	at org.openqa.selenium.support.events.EventFiringWebDriver$EventFiringWebElement.sendKeys(EventFiringWebDriver.java:429)
	at com.kms.katalon.core.webui.keyword.builtin.SendKeysKeyword$_sendKeys_closure1.doCall(SendKeysKeyword.groovy:53)
	at com.kms.katalon.core.webui.keyword.builtin.SendKeysKeyword$_sendKeys_closure1.call(SendKeysKeyword.groovy)
	at com.kms.katalon.core.webui.keyword.internal.WebUIKeywordMain.runKeyword(WebUIKeywordMain.groovy:20)
	... 23 more]]></system-err>
      </testcase>
      <testcase name="Test Cases/Offline PSSI Dashboard Function/Create BE Monitoring Data/Select CCTV/Positive Test Case/PSSIMonitoringSelectCCTVSearch" time="67.758" classname="Test Cases/Offline PSSI Dashboard Function/Create BE Monitoring Data/Select CCTV/Positive Test Case/PSSIMonitoringSelectCCTVSearch" status="PASSED">
         <system-out><![CDATA[08-01-2024T12:21:06 - [TEST_CASE][PASSED] - Test Cases/Offline PSSI Dashboard Function/Create BE Monitoring Data/Select CCTV/Positive Test Case/PSSIMonitoringSelectCCTVSearch: Test Cases/Offline PSSI Dashboard Function/Create BE Monitoring Data/Select CCTV/Positive Test Case/PSSIMonitoringSelectCCTVSearch

08-01-2024T12:21:06 - [TEST_STEP][PASSED] - baseUrl = offline_pssi_dashboard_url: null

08-01-2024T12:21:06 - [TEST_STEP][PASSED] - callTestCase(findTestCase("Offline PSSI Dashboard Function/Create BE Monitoring Data/View Monitoring Data/PSSIViewMonitoringData"), [:]): Call Test Case 'Test Cases/Offline PSSI Dashboard Function/Create BE Monitoring Data/View Monitoring Data/PSSIViewMonitoringData' successfully

08-01-2024T12:21:06 - [TEST_CASE][PASSED] - Test Cases/Offline PSSI Dashboard Function/Create BE Monitoring Data/View Monitoring Data/PSSIViewMonitoringData: Test Cases/Offline PSSI Dashboard Function/Create BE Monitoring Data/View Monitoring Data/PSSIViewMonitoringData

08-01-2024T12:21:07 - [TEST_STEP][PASSED] - baseUrl = offline_pssi_dashboard_url: null

08-01-2024T12:21:07 - [TEST_STEP][PASSED] - callTestCase(findTestCase("Offline PSSI Dashboard Function/Sign In/PSSISignInValidData"), [:]): Call Test Case 'Test Cases/Offline PSSI Dashboard Function/Sign In/PSSISignInValidData' successfully

08-01-2024T12:21:07 - [TEST_CASE][PASSED] - Test Cases/Offline PSSI Dashboard Function/Sign In/PSSISignInValidData: Test Cases/Offline PSSI Dashboard Function/Sign In/PSSISignInValidData

08-01-2024T12:21:07 - [TEST_STEP][PASSED] - failureHandling = STOP_ON_FAILURE: null

08-01-2024T12:21:07 - [TEST_STEP][PASSED] - baseUrl = offline_pssi_dashboard_url: null

08-01-2024T12:21:07 - [TEST_STEP][PASSED] - openBrowser(""): Browser is opened with url: ''

08-01-2024T12:21:07 - [MESSAGE][WARNING] - A browser is already opened. Closing browser and opening a new one

08-01-2024T12:21:07 - [MESSAGE][INFO] - Starting 'Chrome' driver

08-01-2024T12:21:07 - [MESSAGE][INFO] - Action delay is set to 0 milliseconds

08-01-2024T12:21:08 - [MESSAGE][PASSED] - Browser is opened with url: ''

08-01-2024T12:21:08 - [TEST_STEP][PASSED] - navigateToUrl(baseUrl): Navigate to 'https://monitoring.pssi-dev.kecilin.id' successfully

08-01-2024T12:21:09 - [MESSAGE][PASSED] - Navigate to 'https://monitoring.pssi-dev.kecilin.id' successfully

08-01-2024T12:21:09 - [TEST_STEP][PASSED] - maximizeWindow(): Current window maximized

08-01-2024T12:21:09 - [MESSAGE][PASSED] - Current window maximized

08-01-2024T12:21:09 - [TEST_STEP][PASSED] - setText(findTestObject("Object Repository/Page_Login/input_email"), "superadmin@app.com"): Text 'superadmin@app.com' is set on object 'Object Repository/Page_Login/input_email'

08-01-2024T12:21:10 - [MESSAGE][PASSED] - Text 'superadmin@app.com' is set on object 'Object Repository/Page_Login/input_email'

08-01-2024T12:21:10 - [TEST_STEP][PASSED] - setEncryptedText(findTestObject("Object Repository/Page_Login/input_password"), "8SQVv/p9jVScEs4/2CZsLw=="): Text ****** has been set on object 'Object Repository/Page_Login/input_password'

08-01-2024T12:21:11 - [MESSAGE][PASSED] - Text ****** has been set on object 'Object Repository/Page_Login/input_password'

08-01-2024T12:21:11 - [TEST_STEP][PASSED] - click(findTestObject("Object Repository/Page_Login/button_Sign In")): Object: 'Object Repository/Page_Login/button_Sign In' is clicked on

08-01-2024T12:21:13 - [MESSAGE][PASSED] - Object: 'Object Repository/Page_Login/button_Sign In' is clicked on

08-01-2024T12:21:13 - [MESSAGE][PASSED] - Call Test Case 'Test Cases/Offline PSSI Dashboard Function/Sign In/PSSISignInValidData' successfully

08-01-2024T12:21:13 - [TEST_STEP][PASSED] - navigateToUrl(baseUrl + "/monitoring"): Navigate to 'https://monitoring.pssi-dev.kecilin.id/monitoring' successfully

08-01-2024T12:21:13 - [MESSAGE][PASSED] - Navigate to 'https://monitoring.pssi-dev.kecilin.id/monitoring' successfully

08-01-2024T12:21:13 - [MESSAGE][PASSED] - Call Test Case 'Test Cases/Offline PSSI Dashboard Function/Create BE Monitoring Data/View Monitoring Data/PSSIViewMonitoringData' successfully

08-01-2024T12:21:13 - [TEST_STEP][PASSED] - verifyElementClickable(findTestObject("Page_Monitoring/Left Camera Selection")): Object 'Object Repository/Page_Monitoring/Left Camera Selection' is clickable

08-01-2024T12:21:14 - [MESSAGE][PASSED] - Object 'Object Repository/Page_Monitoring/Left Camera Selection' is clickable

08-01-2024T12:21:14 - [TEST_STEP][PASSED] - click(findTestObject("Page_Monitoring/Left Camera Selection")): Object: 'Object Repository/Page_Monitoring/Left Camera Selection' is clicked on

08-01-2024T12:21:14 - [MESSAGE][PASSED] - Object: 'Object Repository/Page_Monitoring/Left Camera Selection' is clicked on

08-01-2024T12:21:14 - [TEST_STEP][PASSED] - verifyElementClickable(findTestObject("Page_Monitoring/Left search field")): Object 'Object Repository/Page_Monitoring/Left search field' is clickable

08-01-2024T12:21:15 - [MESSAGE][PASSED] - Object 'Object Repository/Page_Monitoring/Left search field' is clickable

08-01-2024T12:21:15 - [TEST_STEP][PASSED] - setText(findTestObject("Page_Monitoring/Left search field"), "CCTV"): Text 'CCTV' is set on object 'Object Repository/Page_Monitoring/Left search field'

08-01-2024T12:21:16 - [MESSAGE][PASSED] - Text 'CCTV' is set on object 'Object Repository/Page_Monitoring/Left search field'

08-01-2024T12:21:16 - [TEST_STEP][PASSED] - expectedPattern = ".*CCTV.*": null

08-01-2024T12:21:16 - [TEST_STEP][PASSED] - elementText = getText(findTestObject("Page_Monitoring/Left Search Box")): Text of object 'Object Repository/Page_Monitoring/Left Search Box' is: 'Stadion Utama Gelora Bung Karno - CCTV 1'

08-01-2024T12:21:18 - [MESSAGE][INFO] - Unable to find the element located by 'By.xpath: id("select2-select_camera_first-results")[count(. | //ul[@class = 'select2-results__options' and @role = 'listbox' and @id = 'select2-select_camera_first-results' and @aria-expanded = 'true' and @aria-hidden = 'false' and (text() = 'Searching…Stadion Utama Gelora Bung Karno - Testing 1Stadion Utama Gelora Bung Karno - CCTV 1Stadion Gelora Bandung Lautan Api - Stadion GBLAStadion Gelora Bandung Lautan Api - Stadion GBLA - KompresiStadion Gelora Bangkalan - aStadion Gelora Bangkalan - aStadion Gelora Bangkalan - aStadion Gelora Bangkalan - aStadion Gelora Bangkalan - aStadion Gelora Bangkalan - aStadion Gelora Bangkalan - aStadion Gelora Bangkalan - aStadion Gelora Bangkalan - aStadion Gelora Bangkalan - aStadion Gelora Bangkalan - a' or . = 'Searching…Stadion Utama Gelora Bung Karno - Testing 1Stadion Utama Gelora Bung Karno - CCTV 1Stadion Gelora Bandung Lautan Api - Stadion GBLAStadion Gelora Bandung Lautan Api - Stadion GBLA - KompresiStadion Gelora Bangkalan - aStadion Gelora Bangkalan - aStadion Gelora Bangkalan - aStadion Gelora Bangkalan - aStadion Gelora Bangkalan - aStadion Gelora Bangkalan - aStadion Gelora Bangkalan - aStadion Gelora Bangkalan - aStadion Gelora Bangkalan - aStadion Gelora Bangkalan - aStadion Gelora Bangkalan - a')]) = count(//ul[@class = 'select2-results__options' and @role = 'listbox' and @id = 'select2-select_camera_first-results' and @aria-expanded = 'true' and @aria-hidden = 'false' and (text() = 'Searching…Stadion Utama Gelora Bung Karno - Testing 1Stadion Utama Gelora Bung Karno - CCTV 1Stadion Gelora Bandung Lautan Api - Stadion GBLAStadion Gelora Bandung Lautan Api - Stadion GBLA - KompresiStadion Gelora Bangkalan - aStadion Gelora Bangkalan - aStadion Gelora Bangkalan - aStadion Gelora Bangkalan - aStadion Gelora Bangkalan - aStadion Gelora Bangkalan - aStadion Gelora Bangkalan - aStadion Gelora Bangkalan - aStadion Gelora Bangkalan - aStadion Gelora Bangkalan - aStadion Gelora Bangkalan - a' or . = 'Searching…Stadion Utama Gelora Bung Karno - Testing 1Stadion Utama Gelora Bung Karno - CCTV 1Stadion Gelora Bandung Lautan Api - Stadion GBLAStadion Gelora Bandung Lautan Api - Stadion GBLA - KompresiStadion Gelora Bangkalan - aStadion Gelora Bangkalan - aStadion Gelora Bangkalan - aStadion Gelora Bangkalan - aStadion Gelora Bangkalan - aStadion Gelora Bangkalan - aStadion Gelora Bangkalan - aStadion Gelora Bangkalan - aStadion Gelora Bangkalan - aStadion Gelora Bangkalan - aStadion Gelora Bangkalan - a')])]'. Please recheck the objects properties to make sure the desired element is located. 

08-01-2024T12:21:18 - [MESSAGE][WARNING] - [SELF-HEALING] Failed to find element with id 'Object Repository/Page_Monitoring/Left Search Box'. Try using Self-healing.

08-01-2024T12:21:18 - [MESSAGE][WARNING] - [SELF-HEALING] The current locator of test object 'Object Repository/Page_Monitoring/Left Search Box' was broken. Propose an alternative one: '//ul[@id='select2-select_camera_first-results']'.

08-01-2024T12:21:18 - [MESSAGE][PASSED] - Text of object 'Object Repository/Page_Monitoring/Left Search Box' is: 'Stadion Utama Gelora Bung Karno - CCTV 1'

08-01-2024T12:21:18 - [TEST_STEP][PASSED] - isTextMatched = Pattern.matches(expectedPattern, elementText): null

08-01-2024T12:21:18 - [TEST_STEP][PASSED] - sendKeys(findTestObject("Page_Monitoring/Left search field"), Keys.chord(ENTER)): Keys 'ENTER + ' sent to object: 'Object Repository/Page_Monitoring/Left search field'

08-01-2024T12:21:18 - [MESSAGE][PASSED] - Keys 'ENTER + ' sent to object: 'Object Repository/Page_Monitoring/Left search field'

08-01-2024T12:21:18 - [TEST_STEP][PASSED] - waitForElementVisible(findTestObject("Page_Monitoring/Left Loading CCTV stream"), 5): Object 'Object Repository/Page_Monitoring/Left Loading CCTV stream' is visible

08-01-2024T12:21:19 - [MESSAGE][PASSED] - Object 'Object Repository/Page_Monitoring/Left Loading CCTV stream' is visible

08-01-2024T12:21:19 - [TEST_STEP][PASSED] - verifyElementVisible(findTestObject("Page_Monitoring/Left Loading CCTV stream")): Object 'Object Repository/Page_Monitoring/Left Loading CCTV stream' is visible

08-01-2024T12:21:19 - [MESSAGE][PASSED] - Object 'Object Repository/Page_Monitoring/Left Loading CCTV stream' is visible

08-01-2024T12:21:19 - [TEST_STEP][PASSED] - waitForElementVisible(findTestObject("Page_Monitoring/Left Camera Playing"), 5): Object 'Object Repository/Page_Monitoring/Left Camera Playing' is visible

08-01-2024T12:21:19 - [MESSAGE][WARNING] - [SELF-HEALING] Failed to find element with id 'Object Repository/Page_Monitoring/Left Camera Playing'. Try using Self-healing.

08-01-2024T12:21:20 - [MESSAGE][WARNING] - [SELF-HEALING] The current locator of test object 'Object Repository/Page_Monitoring/Left Camera Playing' was broken. Propose an alternative one: '//canvas[@id='stream_first']'.

08-01-2024T12:21:20 - [MESSAGE][PASSED] - Object 'Object Repository/Page_Monitoring/Left Camera Playing' is visible

08-01-2024T12:21:20 - [TEST_STEP][PASSED] - verifyElementVisible(findTestObject("Page_Monitoring/Left Camera Playing")): Object 'Object Repository/Page_Monitoring/Left Camera Playing' is visible

08-01-2024T12:21:20 - [MESSAGE][WARNING] - [SELF-HEALING] Failed to find element with id 'Object Repository/Page_Monitoring/Left Camera Playing'. Try using Self-healing.

08-01-2024T12:21:20 - [MESSAGE][WARNING] - [SELF-HEALING] The current locator of test object 'Object Repository/Page_Monitoring/Left Camera Playing' was broken. Propose an alternative one: '//canvas[@id='stream_first']'.

08-01-2024T12:21:20 - [MESSAGE][PASSED] - Object 'Object Repository/Page_Monitoring/Left Camera Playing' is visible

08-01-2024T12:21:20 - [TEST_STEP][PASSED] - screenshot1 = takeFullPageScreenshot(): Taking screenshot successfully

08-01-2024T12:21:21 - [MESSAGE][INFO] - 0 hidden object(s)

08-01-2024T12:21:21 - [MESSAGE][PASSED] - Taking screenshot successfully
[[ATTACHMENT|C:\\Users\\USER\\git\\Kecilin-Automation-Test\\Reports\\20240108_120718\\Create BE Monitoring Data\\Select CCTV Test Suite\\20240108_120724\\1704691280556.png]]

08-01-2024T12:21:21 - [TEST_STEP][PASSED] - Thread.sleep(5000): null

08-01-2024T12:21:26 - [TEST_STEP][PASSED] - screenshot2 = takeFullPageScreenshot(): Taking screenshot successfully

08-01-2024T12:21:27 - [MESSAGE][INFO] - 0 hidden object(s)

08-01-2024T12:21:27 - [MESSAGE][PASSED] - Taking screenshot successfully
[[ATTACHMENT|C:\\Users\\USER\\git\\Kecilin-Automation-Test\\Reports\\20240108_120718\\Create BE Monitoring Data\\Select CCTV Test Suite\\20240108_120724\\1704691286414.png]]

08-01-2024T12:21:27 - [TEST_STEP][PASSED] - verifyNotEqual(screenshot1, screenshot2): Actual object '[B@18bbcce8' and expected object '[B@36bc1a23' are not equal

08-01-2024T12:21:27 - [MESSAGE][PASSED] - Actual object '[B@18bbcce8' and expected object '[B@36bc1a23' are not equal

08-01-2024T12:21:27 - [TEST_STEP][PASSED] - scrollToElement(findTestObject("Page_Monitoring/Right Camera Selection"), 1): Scroll to object 'Object Repository/Page_Monitoring/Right Camera Selection' successfully

08-01-2024T12:21:28 - [MESSAGE][PASSED] - Scroll to object 'Object Repository/Page_Monitoring/Right Camera Selection' successfully

08-01-2024T12:21:28 - [TEST_STEP][PASSED] - verifyElementClickable(findTestObject("Page_Monitoring/Right Camera Selection")): Object 'Object Repository/Page_Monitoring/Right Camera Selection' is clickable

08-01-2024T12:21:29 - [MESSAGE][PASSED] - Object 'Object Repository/Page_Monitoring/Right Camera Selection' is clickable

08-01-2024T12:21:29 - [TEST_STEP][PASSED] - click(findTestObject("Page_Monitoring/Right Camera Selection")): Object: 'Object Repository/Page_Monitoring/Right Camera Selection' is clicked on

08-01-2024T12:21:29 - [MESSAGE][PASSED] - Object: 'Object Repository/Page_Monitoring/Right Camera Selection' is clicked on

08-01-2024T12:21:29 - [TEST_STEP][PASSED] - verifyElementClickable(findTestObject("Page_Monitoring/Right Search Box")): Object 'Object Repository/Page_Monitoring/Right Search Box' is clickable

08-01-2024T12:21:30 - [MESSAGE][PASSED] - Object 'Object Repository/Page_Monitoring/Right Search Box' is clickable

08-01-2024T12:21:30 - [TEST_STEP][PASSED] - setText(findTestObject("Page_Monitoring/Right Search Box"), "CCTV"): Text 'CCTV' is set on object 'Object Repository/Page_Monitoring/Right Search Box'

08-01-2024T12:21:31 - [MESSAGE][PASSED] - Text 'CCTV' is set on object 'Object Repository/Page_Monitoring/Right Search Box'

08-01-2024T12:21:31 - [TEST_STEP][PASSED] - elementText2 = getText(findTestObject("Page_Monitoring/Right search field")): Text of object 'Object Repository/Page_Monitoring/Right search field' is: 'Stadion Utama Gelora Bung Karno - CCTV 1'

08-01-2024T12:21:33 - [MESSAGE][INFO] - Unable to find the element located by 'By.xpath: id("select2-select_camera_secondary-results")[count(. | //ul[@class = 'select2-results__options' and @role = 'listbox' and @id = 'select2-select_camera_secondary-results' and @aria-expanded = 'true' and @aria-hidden = 'false' and (text() = 'Stadion Utama Gelora Bung Karno - Testing 1Stadion Utama Gelora Bung Karno - CCTV 1Stadion Gelora Bandung Lautan Api - Stadion GBLAStadion Gelora Bandung Lautan Api - Stadion GBLA - KompresiStadion Gelora Bangkalan - aStadion Gelora Bangkalan - aStadion Gelora Bangkalan - aStadion Gelora Bangkalan - aStadion Gelora Bangkalan - aStadion Gelora Bangkalan - aStadion Gelora Bangkalan - aStadion Gelora Bangkalan - aStadion Gelora Bangkalan - aStadion Gelora Bangkalan - aStadion Gelora Bangkalan - a' or . = 'Stadion Utama Gelora Bung Karno - Testing 1Stadion Utama Gelora Bung Karno - CCTV 1Stadion Gelora Bandung Lautan Api - Stadion GBLAStadion Gelora Bandung Lautan Api - Stadion GBLA - KompresiStadion Gelora Bangkalan - aStadion Gelora Bangkalan - aStadion Gelora Bangkalan - aStadion Gelora Bangkalan - aStadion Gelora Bangkalan - aStadion Gelora Bangkalan - aStadion Gelora Bangkalan - aStadion Gelora Bangkalan - aStadion Gelora Bangkalan - aStadion Gelora Bangkalan - aStadion Gelora Bangkalan - a')]) = count(//ul[@class = 'select2-results__options' and @role = 'listbox' and @id = 'select2-select_camera_secondary-results' and @aria-expanded = 'true' and @aria-hidden = 'false' and (text() = 'Stadion Utama Gelora Bung Karno - Testing 1Stadion Utama Gelora Bung Karno - CCTV 1Stadion Gelora Bandung Lautan Api - Stadion GBLAStadion Gelora Bandung Lautan Api - Stadion GBLA - KompresiStadion Gelora Bangkalan - aStadion Gelora Bangkalan - aStadion Gelora Bangkalan - aStadion Gelora Bangkalan - aStadion Gelora Bangkalan - aStadion Gelora Bangkalan - aStadion Gelora Bangkalan - aStadion Gelora Bangkalan - aStadion Gelora Bangkalan - aStadion Gelora Bangkalan - aStadion Gelora Bangkalan - a' or . = 'Stadion Utama Gelora Bung Karno - Testing 1Stadion Utama Gelora Bung Karno - CCTV 1Stadion Gelora Bandung Lautan Api - Stadion GBLAStadion Gelora Bandung Lautan Api - Stadion GBLA - KompresiStadion Gelora Bangkalan - aStadion Gelora Bangkalan - aStadion Gelora Bangkalan - aStadion Gelora Bangkalan - aStadion Gelora Bangkalan - aStadion Gelora Bangkalan - aStadion Gelora Bangkalan - aStadion Gelora Bangkalan - aStadion Gelora Bangkalan - aStadion Gelora Bangkalan - aStadion Gelora Bangkalan - a')])]'. Please recheck the objects properties to make sure the desired element is located. 

08-01-2024T12:21:33 - [MESSAGE][WARNING] - [SELF-HEALING] Failed to find element with id 'Object Repository/Page_Monitoring/Right search field'. Try using Self-healing.

08-01-2024T12:21:33 - [MESSAGE][WARNING] - [SELF-HEALING] The current locator of test object 'Object Repository/Page_Monitoring/Right search field' was broken. Propose an alternative one: '//ul[@id='select2-select_camera_secondary-results']'.

08-01-2024T12:21:33 - [MESSAGE][PASSED] - Text of object 'Object Repository/Page_Monitoring/Right search field' is: 'Stadion Utama Gelora Bung Karno - CCTV 1'

08-01-2024T12:21:33 - [TEST_STEP][PASSED] - isTextMatched2 = Pattern.matches(expectedPattern, elementText): null

08-01-2024T12:21:33 - [TEST_STEP][PASSED] - sendKeys(findTestObject("Page_Monitoring/Right Search Box"), Keys.chord(ENTER)): Keys 'ENTER + ' sent to object: 'Object Repository/Page_Monitoring/Right Search Box'

08-01-2024T12:21:34 - [MESSAGE][PASSED] - Keys 'ENTER + ' sent to object: 'Object Repository/Page_Monitoring/Right Search Box'

08-01-2024T12:21:34 - [TEST_STEP][PASSED] - waitForElementVisible(findTestObject("Page_Monitoring/Right Loading CCTV stream"), 5): Object 'Object Repository/Page_Monitoring/Right Loading CCTV stream' is visible

08-01-2024T12:21:34 - [MESSAGE][PASSED] - Object 'Object Repository/Page_Monitoring/Right Loading CCTV stream' is visible

08-01-2024T12:21:34 - [TEST_STEP][PASSED] - verifyElementVisible(findTestObject("Page_Monitoring/Right Loading CCTV stream")): Object 'Object Repository/Page_Monitoring/Right Loading CCTV stream' is visible

08-01-2024T12:21:35 - [MESSAGE][PASSED] - Object 'Object Repository/Page_Monitoring/Right Loading CCTV stream' is visible

08-01-2024T12:21:35 - [TEST_STEP][PASSED] - waitForElementVisible(findTestObject("Page_Monitoring/Right Camera Playing"), 5): Object 'Object Repository/Page_Monitoring/Right Camera Playing' is visible

08-01-2024T12:21:41 - [MESSAGE][INFO] - Unable to find the element located by 'By.xpath: id("stream_secondary")[count(. | //canvas[@id = 'stream_secondary' and @width = '1920' and @height = '1080']) = count(//canvas[@id = 'stream_secondary' and @width = '1920' and @height = '1080'])]'. Please recheck the objects properties to make sure the desired element is located. 

08-01-2024T12:21:41 - [MESSAGE][WARNING] - [SELF-HEALING] Failed to find element with id 'Object Repository/Page_Monitoring/Right Camera Playing'. Try using Self-healing.

08-01-2024T12:21:42 - [MESSAGE][INFO] - [SELF-HEALING] Screenshot: C:/Users/USER/git/Kecilin-Automation-Test/Reports/Self-healing/Object Repository/Page_Monitoring/Right Camera Playing_XPATH.png

08-01-2024T12:21:42 - [MESSAGE][WARNING] - [SELF-HEALING] The current locator of test object 'Object Repository/Page_Monitoring/Right Camera Playing' was broken. Propose an alternative one: '//canvas[@id='stream_secondary']'.

08-01-2024T12:21:42 - [MESSAGE][PASSED] - Object 'Object Repository/Page_Monitoring/Right Camera Playing' is visible

08-01-2024T12:21:42 - [TEST_STEP][PASSED] - verifyElementVisible(findTestObject("Page_Monitoring/Right Camera Playing")): Object 'Object Repository/Page_Monitoring/Right Camera Playing' is visible

08-01-2024T12:21:44 - [MESSAGE][INFO] - Unable to find the element located by 'By.xpath: id("stream_secondary")[count(. | //canvas[@id = 'stream_secondary' and @width = '1920' and @height = '1080']) = count(//canvas[@id = 'stream_secondary' and @width = '1920' and @height = '1080'])]'. Please recheck the objects properties to make sure the desired element is located. 

08-01-2024T12:21:44 - [MESSAGE][WARNING] - [SELF-HEALING] Failed to find element with id 'Object Repository/Page_Monitoring/Right Camera Playing'. Try using Self-healing.

08-01-2024T12:21:44 - [MESSAGE][WARNING] - [SELF-HEALING] The current locator of test object 'Object Repository/Page_Monitoring/Right Camera Playing' was broken. Propose an alternative one: '//canvas[@id='stream_secondary']'.

08-01-2024T12:21:44 - [MESSAGE][PASSED] - Object 'Object Repository/Page_Monitoring/Right Camera Playing' is visible

08-01-2024T12:21:44 - [TEST_STEP][PASSED] - screenshot3 = takeFullPageScreenshot(): Taking screenshot successfully

08-01-2024T12:21:45 - [MESSAGE][INFO] - 0 hidden object(s)

08-01-2024T12:21:46 - [MESSAGE][PASSED] - Taking screenshot successfully
[[ATTACHMENT|C:\\Users\\USER\\git\\Kecilin-Automation-Test\\Reports\\20240108_120718\\Create BE Monitoring Data\\Select CCTV Test Suite\\20240108_120724\\1704691304834.png]]

08-01-2024T12:21:46 - [TEST_STEP][PASSED] - Thread.sleep(5000): null

08-01-2024T12:21:51 - [TEST_STEP][PASSED] - screenshot4 = takeFullPageScreenshot(): Taking screenshot successfully

08-01-2024T12:21:51 - [MESSAGE][INFO] - 0 hidden object(s)

08-01-2024T12:21:52 - [MESSAGE][PASSED] - Taking screenshot successfully
[[ATTACHMENT|C:\\Users\\USER\\git\\Kecilin-Automation-Test\\Reports\\20240108_120718\\Create BE Monitoring Data\\Select CCTV Test Suite\\20240108_120724\\1704691311050.png]]

08-01-2024T12:21:52 - [TEST_STEP][PASSED] - verifyNotEqual(screenshot1, screenshot2): Actual object '[B@18bbcce8' and expected object '[B@36bc1a23' are not equal

08-01-2024T12:21:52 - [MESSAGE][PASSED] - Actual object '[B@18bbcce8' and expected object '[B@36bc1a23' are not equal

08-01-2024T12:21:52 - [TEST_STEP][PASSED] - scrollToElement(findTestObject("Page_Monitoring/Bottom Camera Selection"), 1): Scroll to object 'Object Repository/Page_Monitoring/Bottom Camera Selection' successfully

08-01-2024T12:21:52 - [MESSAGE][PASSED] - Scroll to object 'Object Repository/Page_Monitoring/Bottom Camera Selection' successfully

08-01-2024T12:21:52 - [TEST_STEP][PASSED] - verifyElementClickable(findTestObject("Page_Monitoring/Bottom Camera Selection")): Object 'Object Repository/Page_Monitoring/Bottom Camera Selection' is clickable

08-01-2024T12:21:52 - [MESSAGE][PASSED] - Object 'Object Repository/Page_Monitoring/Bottom Camera Selection' is clickable

08-01-2024T12:21:52 - [TEST_STEP][PASSED] - click(findTestObject("Page_Monitoring/Bottom Camera Selection")): Object: 'Object Repository/Page_Monitoring/Bottom Camera Selection' is clicked on

08-01-2024T12:21:53 - [MESSAGE][PASSED] - Object: 'Object Repository/Page_Monitoring/Bottom Camera Selection' is clicked on

08-01-2024T12:21:53 - [TEST_STEP][PASSED] - verifyElementClickable(findTestObject("Page_Monitoring/Bottom Search Box")): Object 'Object Repository/Page_Monitoring/Bottom Search Box' is clickable

08-01-2024T12:21:55 - [MESSAGE][INFO] - Unable to find the element located by 'By.xpath: /html[@class="fontawesome-i2svg-active fontawesome-i2svg-complete"]/body[@class="g-sidenav-show  bg-gray-100"]/span[@class="select2-container select2-container--default select2-container--open"]/span[@class="select2-dropdown select2-dropdown--below"]/span[@class="select2-search select2-search--dropdown"]/input[@class="select2-search__field"][count(. | //input[@class = 'select2-search__field' and @type = 'search' and @tabindex = '0' and @autocorrect = 'off' and @autocapitalize = 'none' and @spellcheck = 'false' and @role = 'searchbox' and @aria-autocomplete = 'list' and @autocomplete = 'off' and @aria-label = 'Search' and @aria-controls = 'select2-select_camera_primary-results']) = count(//input[@class = 'select2-search__field' and @type = 'search' and @tabindex = '0' and @autocorrect = 'off' and @autocapitalize = 'none' and @spellcheck = 'false' and @role = 'searchbox' and @aria-autocomplete = 'list' and @autocomplete = 'off' and @aria-label = 'Search' and @aria-controls = 'select2-select_camera_primary-results'])]'. Please recheck the objects properties to make sure the desired element is located. 

08-01-2024T12:21:55 - [MESSAGE][WARNING] - [SELF-HEALING] Failed to find element with id 'Object Repository/Page_Monitoring/Bottom Search Box'. Try using Self-healing.

08-01-2024T12:21:55 - [MESSAGE][WARNING] - [SELF-HEALING] The current locator of test object 'Object Repository/Page_Monitoring/Bottom Search Box' was broken. Propose an alternative one: '//input[@type='search']'.

08-01-2024T12:21:55 - [MESSAGE][PASSED] - Object 'Object Repository/Page_Monitoring/Bottom Search Box' is clickable

08-01-2024T12:21:55 - [TEST_STEP][PASSED] - setText(findTestObject("Page_Monitoring/Bottom Search Box"), "CCTV"): Text 'CCTV' is set on object 'Object Repository/Page_Monitoring/Bottom Search Box'

08-01-2024T12:21:57 - [MESSAGE][INFO] - Unable to find the element located by 'By.xpath: /html[@class="fontawesome-i2svg-active fontawesome-i2svg-complete"]/body[@class="g-sidenav-show  bg-gray-100"]/span[@class="select2-container select2-container--default select2-container--open"]/span[@class="select2-dropdown select2-dropdown--below"]/span[@class="select2-search select2-search--dropdown"]/input[@class="select2-search__field"][count(. | //input[@class = 'select2-search__field' and @type = 'search' and @tabindex = '0' and @autocorrect = 'off' and @autocapitalize = 'none' and @spellcheck = 'false' and @role = 'searchbox' and @aria-autocomplete = 'list' and @autocomplete = 'off' and @aria-label = 'Search' and @aria-controls = 'select2-select_camera_primary-results']) = count(//input[@class = 'select2-search__field' and @type = 'search' and @tabindex = '0' and @autocorrect = 'off' and @autocapitalize = 'none' and @spellcheck = 'false' and @role = 'searchbox' and @aria-autocomplete = 'list' and @autocomplete = 'off' and @aria-label = 'Search' and @aria-controls = 'select2-select_camera_primary-results'])]'. Please recheck the objects properties to make sure the desired element is located. 

08-01-2024T12:21:57 - [MESSAGE][WARNING] - [SELF-HEALING] Failed to find element with id 'Object Repository/Page_Monitoring/Bottom Search Box'. Try using Self-healing.

08-01-2024T12:21:58 - [MESSAGE][WARNING] - [SELF-HEALING] The current locator of test object 'Object Repository/Page_Monitoring/Bottom Search Box' was broken. Propose an alternative one: '//input[@type='search']'.

08-01-2024T12:22:00 - [MESSAGE][INFO] - Unable to find the element located by 'By.xpath: /html[@class="fontawesome-i2svg-active fontawesome-i2svg-complete"]/body[@class="g-sidenav-show  bg-gray-100"]/span[@class="select2-container select2-container--default select2-container--open"]/span[@class="select2-dropdown select2-dropdown--below"]/span[@class="select2-search select2-search--dropdown"]/input[@class="select2-search__field"][count(. | //input[@class = 'select2-search__field' and @type = 'search' and @tabindex = '0' and @autocorrect = 'off' and @autocapitalize = 'none' and @spellcheck = 'false' and @role = 'searchbox' and @aria-autocomplete = 'list' and @autocomplete = 'off' and @aria-label = 'Search' and @aria-controls = 'select2-select_camera_primary-results']) = count(//input[@class = 'select2-search__field' and @type = 'search' and @tabindex = '0' and @autocorrect = 'off' and @autocapitalize = 'none' and @spellcheck = 'false' and @role = 'searchbox' and @aria-autocomplete = 'list' and @autocomplete = 'off' and @aria-label = 'Search' and @aria-controls = 'select2-select_camera_primary-results'])]'. Please recheck the objects properties to make sure the desired element is located. 

08-01-2024T12:22:00 - [MESSAGE][WARNING] - [SELF-HEALING] Failed to find element with id 'Object Repository/Page_Monitoring/Bottom Search Box'. Try using Self-healing.

08-01-2024T12:22:00 - [MESSAGE][WARNING] - [SELF-HEALING] The current locator of test object 'Object Repository/Page_Monitoring/Bottom Search Box' was broken. Propose an alternative one: '//input[@type='search']'.

08-01-2024T12:22:00 - [MESSAGE][PASSED] - Text 'CCTV' is set on object 'Object Repository/Page_Monitoring/Bottom Search Box'

08-01-2024T12:22:00 - [TEST_STEP][PASSED] - elementText3 = getText(findTestObject("Page_Monitoring/Bottom search field")): Text of object 'Object Repository/Page_Monitoring/Bottom search field' is: 'Stadion Utama Gelora Bung Karno - CCTV 1'

08-01-2024T12:22:02 - [MESSAGE][INFO] - Unable to find the element located by 'By.xpath: id("select2-select_camera_primary-results")[count(. | //ul[@class = 'select2-results__options' and @role = 'listbox' and @id = 'select2-select_camera_primary-results' and @aria-expanded = 'true' and @aria-hidden = 'false' and (text() = 'Searching…Stadion Utama Gelora Bung Karno - Testing 1Stadion Utama Gelora Bung Karno - CCTV 1Stadion Gelora Bandung Lautan Api - Stadion GBLAStadion Gelora Bandung Lautan Api - Stadion GBLA - KompresiStadion Gelora Bangkalan - aStadion Gelora Bangkalan - aStadion Gelora Bangkalan - aStadion Gelora Bangkalan - aStadion Gelora Bangkalan - aStadion Gelora Bangkalan - aStadion Gelora Bangkalan - aStadion Gelora Bangkalan - aStadion Gelora Bangkalan - aStadion Gelora Bangkalan - aStadion Gelora Bangkalan - a' or . = 'Searching…Stadion Utama Gelora Bung Karno - Testing 1Stadion Utama Gelora Bung Karno - CCTV 1Stadion Gelora Bandung Lautan Api - Stadion GBLAStadion Gelora Bandung Lautan Api - Stadion GBLA - KompresiStadion Gelora Bangkalan - aStadion Gelora Bangkalan - aStadion Gelora Bangkalan - aStadion Gelora Bangkalan - aStadion Gelora Bangkalan - aStadion Gelora Bangkalan - aStadion Gelora Bangkalan - aStadion Gelora Bangkalan - aStadion Gelora Bangkalan - aStadion Gelora Bangkalan - aStadion Gelora Bangkalan - a')]) = count(//ul[@class = 'select2-results__options' and @role = 'listbox' and @id = 'select2-select_camera_primary-results' and @aria-expanded = 'true' and @aria-hidden = 'false' and (text() = 'Searching…Stadion Utama Gelora Bung Karno - Testing 1Stadion Utama Gelora Bung Karno - CCTV 1Stadion Gelora Bandung Lautan Api - Stadion GBLAStadion Gelora Bandung Lautan Api - Stadion GBLA - KompresiStadion Gelora Bangkalan - aStadion Gelora Bangkalan - aStadion Gelora Bangkalan - aStadion Gelora Bangkalan - aStadion Gelora Bangkalan - aStadion Gelora Bangkalan - aStadion Gelora Bangkalan - aStadion Gelora Bangkalan - aStadion Gelora Bangkalan - aStadion Gelora Bangkalan - aStadion Gelora Bangkalan - a' or . = 'Searching…Stadion Utama Gelora Bung Karno - Testing 1Stadion Utama Gelora Bung Karno - CCTV 1Stadion Gelora Bandung Lautan Api - Stadion GBLAStadion Gelora Bandung Lautan Api - Stadion GBLA - KompresiStadion Gelora Bangkalan - aStadion Gelora Bangkalan - aStadion Gelora Bangkalan - aStadion Gelora Bangkalan - aStadion Gelora Bangkalan - aStadion Gelora Bangkalan - aStadion Gelora Bangkalan - aStadion Gelora Bangkalan - aStadion Gelora Bangkalan - aStadion Gelora Bangkalan - aStadion Gelora Bangkalan - a')])]'. Please recheck the objects properties to make sure the desired element is located. 

08-01-2024T12:22:02 - [MESSAGE][WARNING] - [SELF-HEALING] Failed to find element with id 'Object Repository/Page_Monitoring/Bottom search field'. Try using Self-healing.

08-01-2024T12:22:03 - [MESSAGE][WARNING] - [SELF-HEALING] The current locator of test object 'Object Repository/Page_Monitoring/Bottom search field' was broken. Propose an alternative one: '//ul[@id='select2-select_camera_primary-results']'.

08-01-2024T12:22:03 - [MESSAGE][PASSED] - Text of object 'Object Repository/Page_Monitoring/Bottom search field' is: 'Stadion Utama Gelora Bung Karno - CCTV 1'

08-01-2024T12:22:03 - [TEST_STEP][PASSED] - isTextMatched3 = Pattern.matches(expectedPattern, elementText): null

08-01-2024T12:22:03 - [TEST_STEP][PASSED] - sendKeys(findTestObject("Page_Monitoring/Bottom Search Box"), Keys.chord(ENTER)): Keys 'ENTER + ' sent to object: 'Object Repository/Page_Monitoring/Bottom Search Box'

08-01-2024T12:22:05 - [MESSAGE][INFO] - Unable to find the element located by 'By.xpath: /html[@class="fontawesome-i2svg-active fontawesome-i2svg-complete"]/body[@class="g-sidenav-show  bg-gray-100"]/span[@class="select2-container select2-container--default select2-container--open"]/span[@class="select2-dropdown select2-dropdown--below"]/span[@class="select2-search select2-search--dropdown"]/input[@class="select2-search__field"][count(. | //input[@class = 'select2-search__field' and @type = 'search' and @tabindex = '0' and @autocorrect = 'off' and @autocapitalize = 'none' and @spellcheck = 'false' and @role = 'searchbox' and @aria-autocomplete = 'list' and @autocomplete = 'off' and @aria-label = 'Search' and @aria-controls = 'select2-select_camera_primary-results']) = count(//input[@class = 'select2-search__field' and @type = 'search' and @tabindex = '0' and @autocorrect = 'off' and @autocapitalize = 'none' and @spellcheck = 'false' and @role = 'searchbox' and @aria-autocomplete = 'list' and @autocomplete = 'off' and @aria-label = 'Search' and @aria-controls = 'select2-select_camera_primary-results'])]'. Please recheck the objects properties to make sure the desired element is located. 

08-01-2024T12:22:05 - [MESSAGE][WARNING] - [SELF-HEALING] Failed to find element with id 'Object Repository/Page_Monitoring/Bottom Search Box'. Try using Self-healing.

08-01-2024T12:22:05 - [MESSAGE][WARNING] - [SELF-HEALING] The current locator of test object 'Object Repository/Page_Monitoring/Bottom Search Box' was broken. Propose an alternative one: '//input[@type='search']'.

08-01-2024T12:22:05 - [MESSAGE][PASSED] - Keys 'ENTER + ' sent to object: 'Object Repository/Page_Monitoring/Bottom Search Box'

08-01-2024T12:22:05 - [TEST_STEP][PASSED] - waitForElementVisible(findTestObject("Page_Monitoring/Bottom Loading CCTV stream"), 5): Object 'Object Repository/Page_Monitoring/Bottom Loading CCTV stream' is visible

08-01-2024T12:22:06 - [MESSAGE][PASSED] - Object 'Object Repository/Page_Monitoring/Bottom Loading CCTV stream' is visible

08-01-2024T12:22:06 - [TEST_STEP][PASSED] - verifyElementVisible(findTestObject("Page_Monitoring/Bottom Loading CCTV stream")): Object 'Object Repository/Page_Monitoring/Bottom Loading CCTV stream' is visible

08-01-2024T12:22:06 - [MESSAGE][PASSED] - Object 'Object Repository/Page_Monitoring/Bottom Loading CCTV stream' is visible

08-01-2024T12:22:06 - [TEST_STEP][PASSED] - waitForElementVisible(findTestObject("Page_Monitoring/Bottom Camera Playing"), 5): Object 'Object Repository/Page_Monitoring/Bottom Camera Playing' is visible

08-01-2024T12:22:07 - [MESSAGE][PASSED] - Object 'Object Repository/Page_Monitoring/Bottom Camera Playing' is visible

08-01-2024T12:22:07 - [TEST_STEP][PASSED] - verifyElementVisible(findTestObject("Page_Monitoring/Bottom Camera Playing")): Object 'Object Repository/Page_Monitoring/Bottom Camera Playing' is visible

08-01-2024T12:22:07 - [MESSAGE][PASSED] - Object 'Object Repository/Page_Monitoring/Bottom Camera Playing' is visible

08-01-2024T12:22:07 - [TEST_STEP][PASSED] - screenshot5 = takeFullPageScreenshot(): Taking screenshot successfully

08-01-2024T12:22:08 - [MESSAGE][INFO] - 0 hidden object(s)

08-01-2024T12:22:08 - [MESSAGE][PASSED] - Taking screenshot successfully
[[ATTACHMENT|C:\\Users\\USER\\git\\Kecilin-Automation-Test\\Reports\\20240108_120718\\Create BE Monitoring Data\\Select CCTV Test Suite\\20240108_120724\\1704691327479.png]]

08-01-2024T12:22:08 - [TEST_STEP][PASSED] - Thread.sleep(5000): null

08-01-2024T12:22:13 - [TEST_STEP][PASSED] - screenshot6 = takeFullPageScreenshot(): Taking screenshot successfully

08-01-2024T12:22:14 - [MESSAGE][INFO] - 0 hidden object(s)

08-01-2024T12:22:14 - [MESSAGE][PASSED] - Taking screenshot successfully
[[ATTACHMENT|C:\\Users\\USER\\git\\Kecilin-Automation-Test\\Reports\\20240108_120718\\Create BE Monitoring Data\\Select CCTV Test Suite\\20240108_120724\\1704691333345.png]]

08-01-2024T12:22:14 - [TEST_STEP][PASSED] - verifyNotEqual(screenshot1, screenshot2): Actual object '[B@18bbcce8' and expected object '[B@36bc1a23' are not equal

08-01-2024T12:22:14 - [MESSAGE][PASSED] - Actual object '[B@18bbcce8' and expected object '[B@36bc1a23' are not equal]]></system-out>
         <system-err><![CDATA[]]></system-err>
      </testcase>
      <system-out><![CDATA[08-01-2024T12:16:22 - [TEST_SUITE][FAILED] - Select CCTV Test Suite: Test Cases/Offline PSSI Dashboard Function/Create BE Monitoring Data/Select CCTV/Negative Test Case/PSSIMonitoringClearCCTVSelection FAILED.
Reason:
com.kms.katalon.core.exception.StepFailedException: Unable to verify object 'Object Repository/Page_Monitoring/Left Loading CCTV stream' is not present
	at com.kms.katalon.core.webui.keyword.internal.WebUIKeywordMain.stepFailed(WebUIKeywordMain.groovy:64)
	at com.kms.katalon.core.webui.keyword.internal.WebUIKeywordMain.runKeyword(WebUIKeywordMain.groovy:26)
	at com.kms.katalon.core.webui.keyword.internal.WebUIKeywordMain$runKeyword.call(Unknown Source)
	at com.kms.katalon.core.webui.keyword.builtin.VerifyElementNotPresentKeyword.verifyElementNotPresent(VerifyElementNotPresentKeyword.groovy:122)
	at com.kms.katalon.core.webui.keyword.builtin.VerifyElementNotPresentKeyword.execute(VerifyElementNotPresentKeyword.groovy:68)
	at com.kms.katalon.core.keyword.internal.KeywordExecutor.executeKeywordForPlatform(KeywordExecutor.groovy:74)
	at com.kms.katalon.core.webui.keyword.WebUiBuiltInKeywords.verifyElementNotPresent(WebUiBuiltInKeywords.groovy:1536)
	at PSSIMonitoringClearCCTVSelection.run(PSSIMonitoringClearCCTVSelection:70)
	at com.kms.katalon.core.main.ScriptEngine.run(ScriptEngine.java:194)
	at com.kms.katalon.core.main.ScriptEngine.runScriptAsRawText(ScriptEngine.java:119)
	at com.kms.katalon.core.main.TestCaseExecutor.runScript(TestCaseExecutor.java:448)
	at com.kms.katalon.core.main.TestCaseExecutor.doExecute(TestCaseExecutor.java:439)
	at com.kms.katalon.core.main.TestCaseExecutor.processExecutionPhase(TestCaseExecutor.java:418)
	at com.kms.katalon.core.main.TestCaseExecutor.accessMainPhase(TestCaseExecutor.java:410)
	at com.kms.katalon.core.main.TestCaseExecutor.execute(TestCaseExecutor.java:285)
	at com.kms.katalon.core.common.CommonExecutor.accessTestCaseMainPhase(CommonExecutor.java:65)
	at com.kms.katalon.core.main.TestSuiteExecutor.accessTestSuiteMainPhase(TestSuiteExecutor.java:148)
	at com.kms.katalon.core.main.TestSuiteExecutor.execute(TestSuiteExecutor.java:106)
	at com.kms.katalon.core.main.TestCaseMain.startTestSuite(TestCaseMain.java:180)
	at TempTestSuite1704690444534.run(TempTestSuite1704690444534.groovy:36)
	at java.base/jdk.internal.reflect.NativeMethodAccessorImpl.invoke0(Native Method)
	at java.base/jdk.internal.reflect.NativeMethodAccessorImpl.invoke(NativeMethodAccessorImpl.java:77)
	at java.base/jdk.internal.reflect.DelegatingMethodAccessorImpl.invoke(DelegatingMethodAccessorImpl.java:43)
Caused by: com.kms.katalon.core.exception.StepFailedException: Web element with id: 'Object Repository/Page_Monitoring/Left Loading CCTV stream' located by 'By.xpath: id("stream_first")[count(. | //canvas[@id = 'stream_first' and @width = '100%']) = count(//canvas[@id = 'stream_first' and @width = '100%'])]' is present after '1' second(s)
	at com.kms.katalon.core.webui.keyword.internal.WebUIKeywordMain.stepFailed(WebUIKeywordMain.groovy:64)
	at com.kms.katalon.core.webui.keyword.internal.WebUIKeywordMain$stepFailed$0.call(Unknown Source)
	at com.kms.katalon.core.webui.keyword.builtin.VerifyElementNotPresentKeyword$_verifyElementNotPresent_closure1.doCall(VerifyElementNotPresentKeyword.groovy:113)
	at com.kms.katalon.core.webui.keyword.builtin.VerifyElementNotPresentKeyword$_verifyElementNotPresent_closure1.doCall(VerifyElementNotPresentKeyword.groovy)
	at java.base/jdk.internal.reflect.NativeMethodAccessorImpl.invoke0(Native Method)
	at java.base/jdk.internal.reflect.NativeMethodAccessorImpl.invoke(NativeMethodAccessorImpl.java:77)
	at java.base/jdk.internal.reflect.DelegatingMethodAccessorImpl.invoke(DelegatingMethodAccessorImpl.java:43)
	at com.kms.katalon.core.webui.keyword.internal.WebUIKeywordMain.runKeyword(WebUIKeywordMain.groovy:20)
	... 21 more]]></system-out>
      <system-err><![CDATA[08-01-2024T12:16:22 - [TEST_SUITE][FAILED] - Select CCTV Test Suite: Test Cases/Offline PSSI Dashboard Function/Create BE Monitoring Data/Select CCTV/Negative Test Case/PSSIMonitoringClearCCTVSelection FAILED.
Reason:
com.kms.katalon.core.exception.StepFailedException: Unable to verify object 'Object Repository/Page_Monitoring/Left Loading CCTV stream' is not present
	at com.kms.katalon.core.webui.keyword.internal.WebUIKeywordMain.stepFailed(WebUIKeywordMain.groovy:64)
	at com.kms.katalon.core.webui.keyword.internal.WebUIKeywordMain.runKeyword(WebUIKeywordMain.groovy:26)
	at com.kms.katalon.core.webui.keyword.internal.WebUIKeywordMain$runKeyword.call(Unknown Source)
	at com.kms.katalon.core.webui.keyword.builtin.VerifyElementNotPresentKeyword.verifyElementNotPresent(VerifyElementNotPresentKeyword.groovy:122)
	at com.kms.katalon.core.webui.keyword.builtin.VerifyElementNotPresentKeyword.execute(VerifyElementNotPresentKeyword.groovy:68)
	at com.kms.katalon.core.keyword.internal.KeywordExecutor.executeKeywordForPlatform(KeywordExecutor.groovy:74)
	at com.kms.katalon.core.webui.keyword.WebUiBuiltInKeywords.verifyElementNotPresent(WebUiBuiltInKeywords.groovy:1536)
	at PSSIMonitoringClearCCTVSelection.run(PSSIMonitoringClearCCTVSelection:70)
	at com.kms.katalon.core.main.ScriptEngine.run(ScriptEngine.java:194)
	at com.kms.katalon.core.main.ScriptEngine.runScriptAsRawText(ScriptEngine.java:119)
	at com.kms.katalon.core.main.TestCaseExecutor.runScript(TestCaseExecutor.java:448)
	at com.kms.katalon.core.main.TestCaseExecutor.doExecute(TestCaseExecutor.java:439)
	at com.kms.katalon.core.main.TestCaseExecutor.processExecutionPhase(TestCaseExecutor.java:418)
	at com.kms.katalon.core.main.TestCaseExecutor.accessMainPhase(TestCaseExecutor.java:410)
	at com.kms.katalon.core.main.TestCaseExecutor.execute(TestCaseExecutor.java:285)
	at com.kms.katalon.core.common.CommonExecutor.accessTestCaseMainPhase(CommonExecutor.java:65)
	at com.kms.katalon.core.main.TestSuiteExecutor.accessTestSuiteMainPhase(TestSuiteExecutor.java:148)
	at com.kms.katalon.core.main.TestSuiteExecutor.execute(TestSuiteExecutor.java:106)
	at com.kms.katalon.core.main.TestCaseMain.startTestSuite(TestCaseMain.java:180)
	at TempTestSuite1704690444534.run(TempTestSuite1704690444534.groovy:36)
	at java.base/jdk.internal.reflect.NativeMethodAccessorImpl.invoke0(Native Method)
	at java.base/jdk.internal.reflect.NativeMethodAccessorImpl.invoke(NativeMethodAccessorImpl.java:77)
	at java.base/jdk.internal.reflect.DelegatingMethodAccessorImpl.invoke(DelegatingMethodAccessorImpl.java:43)
Caused by: com.kms.katalon.core.exception.StepFailedException: Web element with id: 'Object Repository/Page_Monitoring/Left Loading CCTV stream' located by 'By.xpath: id("stream_first")[count(. | //canvas[@id = 'stream_first' and @width = '100%']) = count(//canvas[@id = 'stream_first' and @width = '100%'])]' is present after '1' second(s)
	at com.kms.katalon.core.webui.keyword.internal.WebUIKeywordMain.stepFailed(WebUIKeywordMain.groovy:64)
	at com.kms.katalon.core.webui.keyword.internal.WebUIKeywordMain$stepFailed$0.call(Unknown Source)
	at com.kms.katalon.core.webui.keyword.builtin.VerifyElementNotPresentKeyword$_verifyElementNotPresent_closure1.doCall(VerifyElementNotPresentKeyword.groovy:113)
	at com.kms.katalon.core.webui.keyword.builtin.VerifyElementNotPresentKeyword$_verifyElementNotPresent_closure1.doCall(VerifyElementNotPresentKeyword.groovy)
	at java.base/jdk.internal.reflect.NativeMethodAccessorImpl.invoke0(Native Method)
	at java.base/jdk.internal.reflect.NativeMethodAccessorImpl.invoke(NativeMethodAccessorImpl.java:77)
	at java.base/jdk.internal.reflect.DelegatingMethodAccessorImpl.invoke(DelegatingMethodAccessorImpl.java:43)
	at com.kms.katalon.core.webui.keyword.internal.WebUIKeywordMain.runKeyword(WebUIKeywordMain.groovy:20)
	... 21 more]]></system-err>
   </testsuite>
   <testsuite name="View Monitoring Data Test Suite" tests="1" failures="0" errors="0" time="13.224" skipped="0" timestamp="08-01-2024T12:22:57" hostname="USER - DESKTOP-HLRVE9S" id="Test Suites/Create BE Monitoring Data/View Monitoring Data Test Suite">
      <properties>
         <property name="deviceName" value=""/>
         <property name="devicePlatform" value=""/>
         <property name="logFolder" value="C:\\Users\\USER\\git\\Kecilin-Automation-Test\\Reports\\20240108_120718\\Create BE Monitoring Data\\View Monitoring Data Test Suite\\20240108_120726"/>
         <property name="logFiles" value="C:\\Users\\USER\\git\\Kecilin-Automation-Test\\Reports\\20240108_120718\\Create BE Monitoring Data\\View Monitoring Data Test Suite\\20240108_120726\\execution0.log"/>
         <property name="attachments" value=""/>
         <property name="hostName" value="USER - DESKTOP-HLRVE9S"/>
         <property name="os" value="Windows 10 64bit"/>
         <property name="katalonVersion" value="9.2.0.212"/>
         <property name="browser" value="Chrome 120.0.0.0"/>
         <property name="hostAddress" value="192.168.100.183"/>
         <property name="sessionId" value="6cabf0e58785119e063fd92401ade8fd"/>
         <property name="seleniumVersion" value="3.141.59"/>
         <property name="proxyInformation" value="ProxyInformation { proxyOption=NO_PROXY, proxyServerType=HTTP, username=, password=********, proxyServerAddress=, proxyServerPort=0, executionList=&quot;&quot;, isApplyToDesiredCapabilities=true }"/>
         <property name="platform" value="Windows 10"/>
      </properties>
      <testcase name="Test Cases/Offline PSSI Dashboard Function/Create BE Monitoring Data/View Monitoring Data/PSSIViewMonitoringData" time="12.648" classname="Test Cases/Offline PSSI Dashboard Function/Create BE Monitoring Data/View Monitoring Data/PSSIViewMonitoringData" status="PASSED">
         <system-out><![CDATA[08-01-2024T12:22:57 - [TEST_CASE][PASSED] - Test Cases/Offline PSSI Dashboard Function/Create BE Monitoring Data/View Monitoring Data/PSSIViewMonitoringData: Test Cases/Offline PSSI Dashboard Function/Create BE Monitoring Data/View Monitoring Data/PSSIViewMonitoringData

08-01-2024T12:22:58 - [TEST_STEP][PASSED] - baseUrl = offline_pssi_dashboard_url: null

08-01-2024T12:22:59 - [TEST_STEP][PASSED] - callTestCase(findTestCase("Offline PSSI Dashboard Function/Sign In/PSSISignInValidData"), [:]): Call Test Case 'Test Cases/Offline PSSI Dashboard Function/Sign In/PSSISignInValidData' successfully

08-01-2024T12:23:00 - [TEST_CASE][PASSED] - Test Cases/Offline PSSI Dashboard Function/Sign In/PSSISignInValidData: Test Cases/Offline PSSI Dashboard Function/Sign In/PSSISignInValidData

08-01-2024T12:23:00 - [TEST_STEP][PASSED] - failureHandling = STOP_ON_FAILURE: null

08-01-2024T12:23:01 - [TEST_STEP][PASSED] - baseUrl = offline_pssi_dashboard_url: null

08-01-2024T12:23:01 - [TEST_STEP][PASSED] - openBrowser(""): Browser is opened with url: ''

08-01-2024T12:23:01 - [MESSAGE][INFO] - Starting 'Chrome' driver

08-01-2024T12:23:01 - [MESSAGE][INFO] - Action delay is set to 0 milliseconds

08-01-2024T12:23:04 - [MESSAGE][PASSED] - Browser is opened with url: ''

08-01-2024T12:23:04 - [TEST_STEP][PASSED] - navigateToUrl(baseUrl): Navigate to 'https://monitoring.pssi-dev.kecilin.id' successfully

08-01-2024T12:23:05 - [MESSAGE][PASSED] - Navigate to 'https://monitoring.pssi-dev.kecilin.id' successfully

08-01-2024T12:23:05 - [TEST_STEP][PASSED] - maximizeWindow(): Current window maximized

08-01-2024T12:23:06 - [MESSAGE][PASSED] - Current window maximized

08-01-2024T12:23:06 - [TEST_STEP][PASSED] - setText(findTestObject("Object Repository/Page_Login/input_email"), "superadmin@app.com"): Text 'superadmin@app.com' is set on object 'Object Repository/Page_Login/input_email'

08-01-2024T12:23:07 - [MESSAGE][PASSED] - Text 'superadmin@app.com' is set on object 'Object Repository/Page_Login/input_email'

08-01-2024T12:23:07 - [TEST_STEP][PASSED] - setEncryptedText(findTestObject("Object Repository/Page_Login/input_password"), "8SQVv/p9jVScEs4/2CZsLw=="): Text ****** has been set on object 'Object Repository/Page_Login/input_password'

08-01-2024T12:23:07 - [MESSAGE][PASSED] - Text ****** has been set on object 'Object Repository/Page_Login/input_password'

08-01-2024T12:23:07 - [TEST_STEP][PASSED] - click(findTestObject("Object Repository/Page_Login/button_Sign In")): Object: 'Object Repository/Page_Login/button_Sign In' is clicked on

08-01-2024T12:23:09 - [MESSAGE][PASSED] - Object: 'Object Repository/Page_Login/button_Sign In' is clicked on

08-01-2024T12:23:09 - [MESSAGE][PASSED] - Call Test Case 'Test Cases/Offline PSSI Dashboard Function/Sign In/PSSISignInValidData' successfully

08-01-2024T12:23:09 - [TEST_STEP][PASSED] - navigateToUrl(baseUrl + "/monitoring"): Navigate to 'https://monitoring.pssi-dev.kecilin.id/monitoring' successfully

08-01-2024T12:23:10 - [MESSAGE][PASSED] - Navigate to 'https://monitoring.pssi-dev.kecilin.id/monitoring' successfully]]></system-out>
         <system-err><![CDATA[]]></system-err>
      </testcase>
      <system-out><![CDATA[08-01-2024T12:22:57 - [TEST_SUITE][PASSED] - View Monitoring Data Test Suite: Test Cases/Offline PSSI Dashboard Function/Create BE Monitoring Data/View Monitoring Data/PSSIViewMonitoringData]]></system-out>
      <system-err><![CDATA[]]></system-err>
   </testsuite>
</testsuites>
